
Numb samples of each label:
 [6903, 7877, 6990, 7141, 6824, 6313, 6876, 7293, 6825, 6958]
idx: [30 30 30 30 30 30 30 30 30 30]
props = [[[2.57565954e+01 2.94194894e-01 3.47724943e-01]
  [1.16958367e-01 5.64525438e+00 1.00209498e-02]
  [3.27736071e+01 2.18184596e-01 1.89283971e+00]
  [6.07294914e-01 1.86196202e+01 1.62399436e-02]
  [5.24749429e-01 4.63889589e-01 9.65560798e+00]
  [1.10827257e-01 7.08322051e-01 1.72783341e-01]
  [1.08809395e+00 3.20794462e+00 1.10666030e-01]
  [9.86948249e+00 6.06892471e+00 2.73187634e+00]
  [6.06001272e+00 2.54754302e-01 7.82093914e-01]
  [1.53886668e-01 5.85214894e-01 2.88842374e+00]]

 [[2.50744320e-01 4.52255925e-01 2.53005159e-01]
  [1.84443650e-01 2.61193893e-01 9.74988895e-01]
  [1.07032720e-01 1.59812553e+00 2.76494090e+01]
  [4.41094222e+00 6.81355485e-01 1.69439741e-01]
  [2.24401911e-01 2.95153127e+01 1.10695778e+00]
  [2.79712974e-01 1.46496444e+00 6.67203680e+01]
  [1.27165335e+00 3.43633748e+00 1.82273959e+00]
  [4.94355842e-01 1.01770358e-01 4.97238522e-01]
  [6.58501509e-01 3.23246946e+00 5.35465795e+00]
  [6.43791135e+00 1.77034537e+00 5.87251110e+00]]

 [[2.21176140e-01 1.22525773e+01 2.78949239e+00]
  [5.50908982e-01 2.65657126e+00 8.59724383e-01]
  [9.61436924e+00 2.08975856e+01 7.91346485e+01]
  [6.12376752e-02 5.56748026e-02 3.64608273e-01]
  [1.37722987e+00 5.76807177e+00 1.87999646e+00]
  [1.75201710e-02 5.42044041e-01 5.23804997e+00]
  [1.58437415e+00 4.59065337e+00 6.41044575e-01]
  [6.69304518e-01 1.45226264e+00 2.27073438e+00]
  [1.48676027e+00 1.26873113e+00 2.61499065e-01]
  [2.12788297e+00 1.27588817e+00 9.57320276e+00]]

 [[1.09993454e+01 1.44818759e+00 4.72097428e-01]
  [2.78744186e-01 2.33261209e+00 1.16728453e+00]
  [5.02727326e-01 1.09110802e+00 2.89383729e-01]
  [4.03927035e+00 4.08911254e-01 1.15769426e+01]
  [2.24113690e+00 3.27774946e+00 1.11936482e-01]
  [1.40321336e+00 4.39783732e+00 1.48465718e-01]
  [5.87172279e-01 1.06740353e+00 6.41690263e-02]
  [1.87820923e+00 5.43207553e+00 1.79239589e-01]
  [2.01595284e+00 7.24711431e-02 9.25527884e-01]
  [3.94964411e-02 9.42000309e+00 2.26551267e+00]]

 [[9.51958429e-01 2.12179378e-01 1.27752775e+01]
  [5.11214155e+01 2.43319804e-02 1.18500023e+01]
  [2.59274306e+01 1.96604398e+00 9.08508558e-02]
  [5.62201778e+00 6.96393361e-01 2.98841706e-01]
  [8.54250179e-02 3.00739721e+00 4.88228687e+00]
  [2.87347941e-01 2.83248006e+00 1.01399940e-01]
  [4.97150228e+00 1.09760946e+00 6.88569141e-01]
  [8.15876939e-01 5.68466566e+00 4.48538027e+00]
  [2.88328609e+00 1.31706058e+00 1.16840814e+00]
  [3.44443720e+00 1.59199687e+00 3.91612566e+00]]

 [[5.37818817e-01 7.67585548e-03 7.98567414e+00]
  [7.93572090e+01 2.41748776e+00 8.18476604e-01]
  [7.61176902e-01 7.88117274e-01 1.03543209e+00]
  [1.06029549e-01 3.55514616e-01 1.36142431e-01]
  [1.64476633e+00 5.52510796e-01 2.69237216e+00]
  [7.05106574e-01 7.18985048e+00 1.53275658e+00]
  [7.99498416e+01 2.25341837e-02 2.74217586e-01]
  [6.06766458e+00 1.57063693e+02 6.08189021e-01]
  [1.09126545e+00 6.35954356e-01 1.43380125e+01]
  [5.62921143e-01 3.89673756e+00 5.27501696e-01]]

 [[7.84638311e-02 1.87216486e+00 2.73565153e+00]
  [1.32825583e+01 8.01801624e-01 2.90915007e-01]
  [3.08182574e+00 1.61845855e+00 1.75300271e+00]
  [8.63962938e-01 1.01825670e+01 2.09381013e+00]
  [4.51196304e+01 9.22681019e+00 3.73631411e+00]
  [3.85855787e-02 3.33555326e+00 2.31767472e+00]
  [5.06271725e+00 8.07589896e+00 4.48540463e-01]
  [5.19663467e+00 3.24778827e-01 4.98867856e+01]
  [6.96757227e-02 2.95587012e-02 3.68300006e-02]
  [1.68450866e-01 1.06647018e-01 5.00067406e+01]]

 [[5.20482509e-01 6.81972131e-02 9.28839669e+00]
  [3.09422421e-01 8.42719042e-02 5.76426617e+00]
  [3.47892853e+00 4.18987846e-01 1.66945113e+01]
  [1.29460180e+00 2.53784198e+01 2.73322372e+00]
  [2.25923439e+01 1.24458905e+00 8.72054200e-02]
  [1.34120319e+02 3.35696320e-01 6.71879866e-01]
  [2.46400502e-01 6.65784724e-01 1.62472551e+00]
  [1.49729532e+00 3.75106791e+00 3.60287207e+01]
  [7.85897310e-01 8.49033719e-02 9.39834804e-02]
  [2.64078456e-01 3.51408286e-02 5.20729043e+00]]

 [[3.69196178e-01 5.36885754e-01 9.96224181e-01]
  [6.12224792e-02 1.78595337e-01 3.85520064e+00]
  [3.44553180e+00 4.12159915e-01 3.73775340e+01]
  [7.34277136e-02 5.01588899e-01 6.30224303e-01]
  [3.74936045e-03 4.81854750e+01 2.08061605e+00]
  [1.23788754e-01 6.04820657e+01 3.22626138e+00]
  [2.36092214e+00 2.97007824e-01 1.23669865e+00]
  [4.72945301e-02 4.90400486e+00 4.72897490e-01]
  [1.30747317e+00 1.10685718e+01 1.76737646e+00]
  [1.69034879e+00 1.73845817e+00 2.30721665e-01]]

 [[5.32285301e+00 2.19050723e+01 4.56131665e+00]
  [5.86978279e+00 1.72982813e-01 1.76298897e-01]
  [5.60364981e-02 1.17576741e+01 6.01481359e-01]
  [1.64395150e+01 2.09334178e-01 4.16854531e-01]
  [1.21027811e+00 6.31482559e+00 1.12918981e+00]
  [1.52538908e+00 1.03360753e+00 1.42529020e+00]
  [1.07212757e-01 1.17568882e+00 6.88556441e-01]
  [8.92571228e-01 2.67693668e+00 2.56312909e-01]
  [8.44495345e-01 5.51714947e-01 2.30390155e+00]
  [4.80444390e+00 1.47954494e-01 3.22786479e+00]]]
props = [[[1.15413463e+03 1.31826629e+01 1.55813062e+01]
  [5.24082083e+00 2.52959813e+02 4.49031599e-01]
  [1.46856191e+03 9.77669581e+00 8.48167943e+01]
  [2.72124510e+01 8.34331872e+02 7.27700263e-01]
  [2.35136468e+01 2.07865609e+01 4.32660892e+02]
  [4.96609016e+00 3.17394048e+01 7.74229799e+00]
  [4.87567120e+01 1.43745705e+02 4.95886569e+00]
  [4.42244456e+02 2.71944178e+02 1.22413426e+02]
  [2.71544838e+02 1.14153582e+01 3.50450692e+01]
  [6.89555160e+00 2.62230611e+01 1.29428203e+02]]

 [[1.03098095e+01 1.85953262e+01 1.04027680e+01]
  [7.58373664e+00 1.07394627e+01 4.00884444e+01]
  [4.40084525e+00 6.57098420e+01 1.13685582e+03]
  [1.81363924e+02 2.80151719e+01 6.96682358e+00]
  [9.22669335e+00 1.21357584e+03 4.55145853e+01]
  [1.15009085e+01 6.02346815e+01 2.74332946e+03]
  [5.22863439e+01 1.41291275e+02 7.49452586e+01]
  [2.03263409e+01 4.18447365e+00 2.04448676e+01]
  [2.70754890e+01 1.32908870e+02 2.20166516e+02]
  [2.64706452e+02 7.27909746e+01 2.41458991e+02]]

 [[7.72577284e+00 4.27987528e+02 9.74381078e+01]
  [1.92434756e+01 9.27951186e+01 3.00305236e+01]
  [3.35833842e+02 7.29961196e+02 2.76420557e+03]
  [2.13905699e+00 1.94474358e+00 1.27359158e+01]
  [4.81072014e+01 2.01481101e+02 6.56690438e+01]
  [6.11986725e-01 1.89338196e+01 1.82967223e+02]
  [5.53428357e+01 1.60353396e+02 2.23919487e+01]
  [2.33790800e+01 5.07281268e+01 7.93176787e+01]
  [5.19331432e+01 4.43172963e+01 9.13426906e+00]
  [7.43278205e+01 4.45672947e+01 3.34395880e+02]]

 [[9.63110616e+02 1.26804350e+02 4.13371913e+01]
  [2.44070420e+01 2.04245197e+02 1.02208275e+02]
  [4.40191673e+01 9.55382055e+01 2.53386481e+01]
  [3.53681425e+02 3.58045644e+01 1.01368544e+03]
  [1.96235564e+02 2.87002107e+02 9.80123913e+00]
  [1.22866374e+02 3.85077808e+02 1.29997654e+01]
  [5.14132283e+01 9.34626232e+01 5.61868624e+00]
  [1.64457355e+02 4.75636452e+02 1.56943477e+01]
  [1.76518285e+02 6.34562557e+00 8.10398892e+01]
  [3.45833688e+00 8.24822266e+02 1.98369923e+02]]

 [[3.58157466e+01 7.98287258e+00 4.80647146e+02]
  [1.92335254e+03 9.15447583e-01 4.45835307e+02]
  [9.75473567e+02 7.39689159e+01 3.41810223e+00]
  [2.11518442e+02 2.62005644e+01 1.12433889e+01]
  [3.21396471e+00 1.13147983e+02 1.83687380e+02]
  [1.08109564e+01 1.06567036e+02 3.81499280e+00]
  [1.87043951e+02 4.12956081e+01 2.59061920e+01]
  [3.06959220e+01 2.13875457e+02 1.68754473e+02]
  [1.08478523e+02 4.95520671e+01 4.39592827e+01]
  [1.29590837e+02 5.98960569e+01 1.47337279e+02]]

 [[7.64708853e+00 1.09140745e-01 1.13545966e+02]
  [1.12835696e+03 3.43735518e+01 1.16376796e+01]
  [1.08229519e+01 1.12060091e+01 1.47225062e+01]
  [1.50760316e+00 5.05495840e+00 1.93576943e+00]
  [2.33864516e+01 7.85598950e+00 3.82820526e+01]
  [1.00257042e+01 1.02230382e+02 2.17938178e+01]
  [1.13678343e+03 3.20406971e-01 3.89901970e+00]
  [8.62743489e+01 2.23324274e+03 8.64766189e+00]
  [1.55163844e+01 9.04244908e+00 2.03868008e+02]
  [8.00401117e+00 5.54065722e+01 7.50039241e+00]]

 [[2.07828713e+00 4.95884038e+01 7.24597473e+01]
  [3.51817768e+02 2.12374794e+01 7.70552377e+00]
  [8.16289326e+01 4.28684342e+01 4.64321323e+01]
  [2.28839585e+01 2.69707682e+02 5.54591661e+01]
  [1.19509264e+03 2.44392361e+02 9.89644964e+01]
  [1.02202391e+00 8.83494640e+01 6.13887123e+01]
  [1.34097201e+02 2.13907945e+02 1.18805806e+01]
  [1.37644298e+02 8.60248151e+00 1.32136123e+03]
  [1.84551476e+00 7.82927211e-01 9.75523567e-01]
  [4.46179166e+00 2.82478082e+00 1.32453850e+03]]

 [[1.18944844e+01 1.55849749e+00 2.12265902e+02]
  [7.07116970e+00 1.92584924e+00 1.31729641e+02]
  [7.95032692e+01 9.57504680e+00 3.81516382e+02]
  [2.95852802e+01 5.79968033e+02 6.24618239e+01]
  [5.16298388e+02 2.84423486e+01 1.99288830e+00]
  [3.06502525e+03 7.67160195e+00 1.53543384e+01]
  [5.63094219e+00 1.52150473e+01 3.71295323e+01]
  [3.42173952e+01 8.57224168e+01 8.23357265e+02]
  [1.79599566e+01 1.94028005e+00 2.14778598e+00]
  [6.03493300e+00 8.03066442e-01 1.19001183e+02]]

 [[1.13389775e+01 1.64891617e+01 3.05966427e+01]
  [1.88030200e+00 5.48512856e+00 1.18403266e+02]
  [1.05821267e+02 1.26585059e+01 1.14796155e+03]
  [2.25515658e+00 1.54051032e+01 1.93558320e+01]
  [1.15152638e-01 1.47990160e+03 6.39011452e+01]
  [3.80187547e+00 1.85756197e+03 9.90869010e+01]
  [7.25100761e+01 9.12188487e+00 3.79822407e+01]
  [1.45253836e+00 1.50614779e+02 1.45239152e+01]
  [4.01559108e+01 3.39944707e+02 5.42807404e+01]
  [5.19150196e+01 5.33925842e+01 7.08606405e+00]]

 [[3.24251488e+02 1.33438821e+03 2.77861085e+02]
  [3.57568732e+02 1.05375697e+01 1.07395751e+01]
  [3.41356747e+00 7.16240579e+02 3.66403553e+01]
  [1.00144362e+03 1.27519807e+01 2.53934688e+01]
  [7.37263413e+01 3.84679342e+02 6.87866967e+01]
  [9.29219118e+01 6.29641242e+01 8.68242025e+01]
  [6.53106444e+00 7.16192702e+01 4.19446959e+01]
  [5.43726359e+01 1.63070575e+02 1.56137774e+01]
  [5.14440041e+01 3.36087419e+01 1.40346446e+02]
  [2.92671633e+02 9.01292311e+00 1.96631385e+02]]]
idx_powerlaw: [1245  296  554  580   62   48  350   94  257  370]
Num_samples: [974, 173, 347, 307, 103, 107, 162, 171, 103, 441]
Total_samples: 2888
Finish Generating Samples
