xs = [-475.  500. -490. -495. -460. -420.  500. -450.  500.  500.]
ys = [-500.  450. -500.  500.  500.  500.   35. -500.   10.  490.]
update_location
xs = [-471.88873   496.88873  -486.88873  -491.012246 -456.012246 -416.012246  496.012246 -446.88873   496.012246  496.88873 ]
ys = [-496.88873  446.88873 -496.88873  498.14048  498.14048  498.14048   36.85952 -496.88873   11.85952  486.88873]
update_location
xs = [-468.77746   493.77746  -483.77746  -487.024491 -452.024491 -412.024491  492.024491 -443.77746   492.024491  493.77746 ]
ys = [-493.77746   443.77746  -493.77746   496.280959  496.280959  496.280959   38.719041 -493.77746    13.719041  483.77746 ]
update_location
xs = [-465.66619   490.66619  -480.66619  -483.036737 -448.036737 -408.036737  488.036737 -440.66619   488.036737  490.66619 ]
ys = [-490.66619   440.66619  -490.66619   494.421439  494.421439  494.421439   40.578561 -490.66619    15.578561  480.66619 ]
update_location
xs = [-462.554921  487.554921 -477.554921 -479.048983 -444.048983 -404.048983  484.048983 -437.554921  484.048983  487.554921]
ys = [-487.554921  437.554921 -487.554921  492.561919  492.561919  492.561919   42.438081 -487.554921   17.438081  477.554921]
update_location
xs = [-459.443651  484.443651 -474.443651 -475.061229 -440.061229 -400.061229  480.061229 -434.443651  480.061229  484.443651]
ys = [-484.443651  434.443651 -484.443651  490.702398  490.702398  490.702398   44.297602 -484.443651   19.297602  474.443651]
update_location
xs = [-456.332381  481.332381 -471.332381 -471.073474 -436.073474 -396.073474  476.073474 -431.332381  476.073474  481.332381]
ys = [-481.332381  431.332381 -481.332381  488.842878  488.842878  488.842878   46.157122 -481.332381   21.157122  471.332381]
update_location
xs = [-453.221111  478.221111 -468.221111 -467.08572  -432.08572  -392.08572   472.08572  -428.221111  472.08572   478.221111]
ys = [-478.221111  428.221111 -478.221111  486.983358  486.983358  486.983358   48.016642 -478.221111   23.016642  468.221111]
update_location
xs = [-450.109841  475.109841 -465.109841 -463.097966 -428.097966 -388.097966  468.097966 -425.109841  468.097966  475.109841]
ys = [-475.109841  425.109841 -475.109841  485.123837  485.123837  485.123837   49.876163 -475.109841   24.876163  465.109841]
update_location
xs = [-446.998571  471.998571 -461.998571 -459.110212 -424.110212 -384.110212  464.110212 -421.998571  464.110212  471.998571]
ys = [-471.998571  421.998571 -471.998571  483.264317  483.264317  483.264317   51.735683 -471.998571   26.735683  461.998571]
update_location
xs = [-443.887302  468.887302 -458.887302 -455.122457 -420.122457 -380.122457  460.122457 -418.887302  460.122457  468.887302]
ys = [-468.887302  418.887302 -468.887302  481.404796  481.404796  481.404796   53.595204 -468.887302   28.595204  458.887302]
update_location
xs = [-440.776032  465.776032 -455.776032 -451.134703 -416.134703 -376.134703  456.134703 -415.776032  456.134703  465.776032]
ys = [-465.776032  415.776032 -465.776032  479.545276  479.545276  479.545276   55.454724 -465.776032   30.454724  455.776032]
update_location
xs = [-437.664762  462.664762 -452.664762 -447.146949 -412.146949 -372.146949  452.146949 -412.664762  452.146949  462.664762]
ys = [-462.664762  412.664762 -462.664762  477.685756  477.685756  477.685756   57.314244 -462.664762   32.314244  452.664762]
update_location
xs = [-434.553492  459.553492 -449.553492 -443.159195 -408.159195 -368.159195  448.159195 -409.553492  448.159195  459.553492]
ys = [-459.553492  409.553492 -459.553492  475.826235  475.826235  475.826235   59.173765 -459.553492   34.173765  449.553492]
update_location
xs = [-431.442222  456.442222 -446.442222 -439.17144  -404.17144  -364.17144   444.17144  -406.442222  444.17144   456.442222]
ys = [-456.442222  406.442222 -456.442222  473.966715  473.966715  473.966715   61.033285 -456.442222   36.033285  446.442222]
update_location
xs = [-428.330952  453.330952 -443.330952 -435.183686 -400.183686 -360.183686  440.183686 -403.330952  440.183686  453.330952]
ys = [-453.330952  403.330952 -453.330952  472.107195  472.107195  472.107195   62.892805 -453.330952   37.892805  443.330952]
update_location
xs = [-425.219683  450.219683 -440.219683 -431.195932 -396.195932 -356.195932  436.195932 -400.219683  436.195932  450.219683]
ys = [-450.219683  400.219683 -450.219683  470.247674  470.247674  470.247674   64.752326 -450.219683   39.752326  440.219683]
update_location
xs = [-422.108413  447.108413 -437.108413 -427.208178 -392.208178 -352.208178  432.208178 -397.108413  432.208178  447.108413]
ys = [-447.108413  397.108413 -447.108413  468.388154  468.388154  468.388154   66.611846 -447.108413   41.611846  437.108413]
update_location
xs = [-418.997143  443.997143 -433.997143 -423.220423 -388.220423 -348.220423  428.220423 -393.997143  428.220423  443.997143]
ys = [-443.997143  393.997143 -443.997143  466.528634  466.528634  466.528634   68.471366 -443.997143   43.471366  433.997143]
update_location
xs = [-415.885873  440.885873 -430.885873 -419.232669 -384.232669 -344.232669  424.232669 -390.885873  424.232669  440.885873]
ys = [-440.885873  390.885873 -440.885873  464.669113  464.669113  464.669113   70.330887 -440.885873   45.330887  430.885873]
update_location
xs = [-412.774603  437.774603 -427.774603 -415.244915 -380.244915 -340.244915  420.244915 -387.774603  420.244915  437.774603]
ys = [-437.774603  387.774603 -437.774603  462.809593  462.809593  462.809593   72.190407 -437.774603   47.190407  427.774603]
update_location
xs = [-409.663333  434.663333 -424.663333 -411.25716  -376.25716  -336.25716   416.25716  -384.663333  416.25716   434.663333]
ys = [-434.663333  384.663333 -434.663333  460.950073  460.950073  460.950073   74.049927 -434.663333   49.049927  424.663333]
update_location
xs = [-406.552064  431.552064 -421.552064 -407.269406 -372.269406 -332.269406  412.269406 -381.552064  412.269406  431.552064]
ys = [-431.552064  381.552064 -431.552064  459.090552  459.090552  459.090552   75.909448 -431.552064   50.909448  421.552064]
update_location
xs = [-403.440794  428.440794 -418.440794 -403.281652 -368.281652 -328.281652  408.281652 -378.440794  408.281652  428.440794]
ys = [-428.440794  378.440794 -428.440794  457.231032  457.231032  457.231032   77.768968 -428.440794   52.768968  418.440794]
update_location
xs = [-400.329524  425.329524 -415.329524 -399.293898 -364.293898 -324.293898  404.293898 -375.329524  404.293898  425.329524]
ys = [-425.329524  375.329524 -425.329524  455.371512  455.371512  455.371512   79.628488 -425.329524   54.628488  415.329524]
update_location
xs = [-397.218254  422.218254 -412.218254 -395.306143 -360.306143 -320.306143  400.306143 -372.218254  400.306143  422.218254]
ys = [-422.218254  372.218254 -422.218254  453.511991  453.511991  453.511991   81.488009 -422.218254   56.488009  412.218254]
update_location
xs = [-394.106984  419.106984 -409.106984 -391.318389 -356.318389 -316.318389  396.318389 -369.106984  396.318389  419.106984]
ys = [-419.106984  369.106984 -419.106984  451.652471  451.652471  451.652471   83.347529 -419.106984   58.347529  409.106984]
update_location
xs = [-390.995714  415.995714 -405.995714 -387.330635 -352.330635 -312.330635  392.330635 -365.995714  392.330635  415.995714]
ys = [-415.995714  365.995714 -415.995714  449.792951  449.792951  449.792951   85.207049 -415.995714   60.207049  405.995714]
update_location
xs = [-387.884445  412.884445 -402.884445 -383.342881 -348.342881 -308.342881  388.342881 -362.884445  388.342881  412.884445]
ys = [-412.884445  362.884445 -412.884445  447.93343   447.93343   447.93343    87.06657  -412.884445   62.06657   402.884445]
update_location
xs = [-384.773175  409.773175 -399.773175 -379.355126 -344.355126 -304.355126  384.355126 -359.773175  384.355126  409.773175]
ys = [-409.773175  359.773175 -409.773175  446.07391   446.07391   446.07391    88.92609  -409.773175   63.92609   399.773175]
update_location
xs = [-381.661905  406.661905 -396.661905 -375.367372 -340.367372 -300.367372  380.367372 -356.661905  380.367372  406.661905]
ys = [-406.661905  356.661905 -406.661905  444.214389  444.214389  444.214389   90.785611 -406.661905   65.785611  396.661905]
update_location
xs = [-378.550635  403.550635 -393.550635 -371.379618 -336.379618 -296.379618  376.379618 -353.550635  376.379618  403.550635]
ys = [-403.550635  353.550635 -403.550635  442.354869  442.354869  442.354869   92.645131 -403.550635   67.645131  393.550635]
update_location
xs = [-375.439365  400.439365 -390.439365 -367.391864 -332.391864 -292.391864  372.391864 -350.439365  372.391864  400.439365]
ys = [-400.439365  350.439365 -400.439365  440.495349  440.495349  440.495349   94.504651 -400.439365   69.504651  390.439365]
update_location
xs = [-372.328095  397.328095 -387.328095 -363.404109 -328.404109 -288.404109  368.404109 -347.328095  368.404109  397.328095]
ys = [-397.328095  347.328095 -397.328095  438.635828  438.635828  438.635828   96.364172 -397.328095   71.364172  387.328095]
update_location
xs = [-369.216826  394.216826 -384.216826 -359.416355 -324.416355 -284.416355  364.416355 -344.216826  364.416355  394.216826]
ys = [-394.216826  344.216826 -394.216826  436.776308  436.776308  436.776308   98.223692 -394.216826   73.223692  384.216826]
update_location
xs = [-366.105556  391.105556 -381.105556 -355.428601 -320.428601 -280.428601  360.428601 -341.105556  360.428601  391.105556]
ys = [-391.105556  341.105556 -391.105556  434.916788  434.916788  434.916788  100.083212 -391.105556   75.083212  381.105556]
update_location
xs = [-362.994286  387.994286 -377.994286 -351.440847 -316.440847 -276.440847  356.440847 -337.994286  356.440847  387.994286]
ys = [-387.994286  337.994286 -387.994286  433.057267  433.057267  433.057267  101.942733 -387.994286   76.942733  377.994286]
update_location
xs = [-359.883016  384.883016 -374.883016 -347.453092 -312.453092 -272.453092  352.453092 -334.883016  352.453092  384.883016]
ys = [-384.883016  334.883016 -384.883016  431.197747  431.197747  431.197747  103.802253 -384.883016   78.802253  374.883016]
update_location
xs = [-356.771746  381.771746 -371.771746 -343.465338 -308.465338 -268.465338  348.465338 -331.771746  348.465338  381.771746]
ys = [-381.771746  331.771746 -381.771746  429.338227  429.338227  429.338227  105.661773 -381.771746   80.661773  371.771746]
update_location
xs = [-353.660476  378.660476 -368.660476 -339.477584 -304.477584 -264.477584  344.477584 -328.660476  344.477584  378.660476]
ys = [-378.660476  328.660476 -378.660476  427.478706  427.478706  427.478706  107.521294 -378.660476   82.521294  368.660476]
update_location
xs = [-350.549207  375.549207 -365.549207 -335.489829 -300.489829 -260.489829  340.489829 -325.549207  340.489829  375.549207]
ys = [-375.549207  325.549207 -375.549207  425.619186  425.619186  425.619186  109.380814 -375.549207   84.380814  365.549207]
update_location
xs = [-347.437937  372.437937 -362.437937 -331.502075 -296.502075 -256.502075  336.502075 -322.437937  336.502075  372.437937]
ys = [-372.437937  322.437937 -372.437937  423.759666  423.759666  423.759666  111.240334 -372.437937   86.240334  362.437937]
update_location
xs = [-344.326667  369.326667 -359.326667 -327.514321 -292.514321 -252.514321  332.514321 -319.326667  332.514321  369.326667]
ys = [-369.326667  319.326667 -369.326667  421.900145  421.900145  421.900145  113.099855 -369.326667   88.099855  359.326667]
update_location
xs = [-341.215397  366.215397 -356.215397 -323.526567 -288.526567 -248.526567  328.526567 -316.215397  328.526567  366.215397]
ys = [-366.215397  316.215397 -366.215397  420.040625  420.040625  420.040625  114.959375 -366.215397   89.959375  356.215397]
update_location
xs = [-338.104127  363.104127 -353.104127 -319.538812 -284.538812 -244.538812  324.538812 -313.104127  324.538812  363.104127]
ys = [-363.104127  313.104127 -363.104127  418.181105  418.181105  418.181105  116.818895 -363.104127   91.818895  353.104127]
update_location
xs = [-334.992857  359.992857 -349.992857 -315.551058 -280.551058 -240.551058  320.551058 -309.992857  320.551058  359.992857]
ys = [-359.992857  309.992857 -359.992857  416.321584  416.321584  416.321584  118.678416 -359.992857   93.678416  349.992857]
update_location
xs = [-331.881587  356.881587 -346.881587 -311.563304 -276.563304 -236.563304  316.563304 -306.881587  316.563304  356.881587]
ys = [-356.881587  306.881587 -356.881587  414.462064  414.462064  414.462064  120.537936 -356.881587   95.537936  346.881587]
update_location
xs = [-328.770318  353.770318 -343.770318 -307.57555  -272.57555  -232.57555   312.57555  -303.770318  312.57555   353.770318]
ys = [-353.770318  303.770318 -353.770318  412.602543  412.602543  412.602543  122.397457 -353.770318   97.397457  343.770318]
update_location
xs = [-325.659048  350.659048 -340.659048 -303.587795 -268.587795 -228.587795  308.587795 -300.659048  308.587795  350.659048]
ys = [-350.659048  300.659048 -350.659048  410.743023  410.743023  410.743023  124.256977 -350.659048   99.256977  340.659048]
update_location
xs = [-322.547778  347.547778 -337.547778 -299.600041 -264.600041 -224.600041  304.600041 -297.547778  304.600041  347.547778]
ys = [-347.547778  297.547778 -347.547778  408.883503  408.883503  408.883503  126.116497 -347.547778  101.116497  337.547778]
update_location
xs = [-319.436508  344.436508 -334.436508 -295.612287 -260.612287 -220.612287  300.612287 -294.436508  300.612287  344.436508]
ys = [-344.436508  294.436508 -344.436508  407.023982  407.023982  407.023982  127.976018 -344.436508  102.976018  334.436508]
update_location
xs = [-316.325238  341.325238 -331.325238 -291.624533 -256.624533 -216.624533  296.624533 -291.325238  296.624533  341.325238]
ys = [-341.325238  291.325238 -341.325238  405.164462  405.164462  405.164462  129.835538 -341.325238  104.835538  331.325238]
update_location
xs = [-313.213968  338.213968 -328.213968 -287.636778 -252.636778 -212.636778  292.636778 -288.213968  292.636778  338.213968]
ys = [-338.213968  288.213968 -338.213968  403.304942  403.304942  403.304942  131.695058 -338.213968  106.695058  328.213968]
update_location
xs = [-310.102699  335.102699 -325.102699 -283.649024 -248.649024 -208.649024  288.649024 -285.102699  288.649024  335.102699]
ys = [-335.102699  285.102699 -335.102699  401.445421  401.445421  401.445421  133.554579 -335.102699  108.554579  325.102699]
update_location
xs = [-306.991429  331.991429 -321.991429 -279.66127  -244.66127  -204.66127   284.66127  -281.991429  284.66127   331.991429]
ys = [-331.991429  281.991429 -331.991429  399.585901  399.585901  399.585901  135.414099 -331.991429  110.414099  321.991429]
update_location
xs = [-303.880159  328.880159 -318.880159 -275.673516 -240.673516 -200.673516  280.673516 -278.880159  280.673516  328.880159]
ys = [-328.880159  278.880159 -328.880159  397.726381  397.726381  397.726381  137.273619 -328.880159  112.273619  318.880159]
update_location
xs = [-300.768889  325.768889 -315.768889 -271.685761 -236.685761 -196.685761  276.685761 -275.768889  276.685761  325.768889]
ys = [-325.768889  275.768889 -325.768889  395.86686   395.86686   395.86686   139.13314  -325.768889  114.13314   315.768889]
update_location
xs = [-297.657619  322.657619 -312.657619 -267.698007 -232.698007 -192.698007  272.698007 -272.657619  272.698007  322.657619]
ys = [-322.657619  272.657619 -322.657619  394.00734   394.00734   394.00734   140.99266  -322.657619  115.99266   312.657619]
update_location
xs = [-294.546349  319.546349 -309.546349 -263.710253 -228.710253 -188.710253  268.710253 -269.546349  268.710253  319.546349]
ys = [-319.546349  269.546349 -319.546349  392.14782   392.14782   392.14782   142.85218  -319.546349  117.85218   309.546349]
update_location
xs = [-291.43508   316.43508  -306.43508  -259.722498 -224.722498 -184.722498  264.722498 -266.43508   264.722498  316.43508 ]
ys = [-316.43508   266.43508  -316.43508   390.288299  390.288299  390.288299  144.711701 -316.43508   119.711701  306.43508 ]
update_location
xs = [-288.32381   313.32381  -303.32381  -255.734744 -220.734744 -180.734744  260.734744 -263.32381   260.734744  313.32381 ]
ys = [-313.32381   263.32381  -313.32381   388.428779  388.428779  388.428779  146.571221 -313.32381   121.571221  303.32381 ]
update_location
xs = [-285.21254  310.21254 -300.21254 -251.74699 -216.74699 -176.74699  256.74699 -260.21254  256.74699  310.21254]
ys = [-310.21254   260.21254  -310.21254   386.569259  386.569259  386.569259  148.430741 -310.21254   123.430741  300.21254 ]
update_location
xs = [-282.10127   307.10127  -297.10127  -247.759236 -212.759236 -172.759236  252.759236 -257.10127   252.759236  307.10127 ]
ys = [-307.10127   257.10127  -307.10127   384.709738  384.709738  384.709738  150.290262 -307.10127   125.290262  297.10127 ]
update_location
xs = [-278.99      303.99     -293.99     -243.771481 -208.771481 -168.771481  248.771481 -253.99      248.771481  303.99    ]
ys = [-303.99      253.99     -303.99      382.850218  382.850218  382.850218  152.149782 -303.99      127.149782  293.99    ]
update_location
xs = [-275.87873   300.87873  -290.87873  -239.783727 -204.783727 -164.783727  244.783727 -250.87873   244.783727  300.87873 ]
ys = [-300.87873   250.87873  -300.87873   380.990697  380.990697  380.990697  154.009303 -300.87873   129.009303  290.87873 ]
update_location
xs = [-272.767461  297.767461 -287.767461 -235.795973 -200.795973 -160.795973  240.795973 -247.767461  240.795973  297.767461]
ys = [-297.767461  247.767461 -297.767461  379.131177  379.131177  379.131177  155.868823 -297.767461  130.868823  287.767461]
update_location
xs = [-269.656191  294.656191 -284.656191 -231.808219 -196.808219 -156.808219  236.808219 -244.656191  236.808219  294.656191]
ys = [-294.656191  244.656191 -294.656191  377.271657  377.271657  377.271657  157.728343 -294.656191  132.728343  284.656191]
update_location
xs = [-266.544921  291.544921 -281.544921 -227.820464 -192.820464 -152.820464  232.820464 -241.544921  232.820464  291.544921]
ys = [-291.544921  241.544921 -291.544921  375.412136  375.412136  375.412136  159.587864 -291.544921  134.587864  281.544921]
update_location
xs = [-263.433651  288.433651 -278.433651 -223.83271  -188.83271  -148.83271   228.83271  -238.433651  228.83271   288.433651]
ys = [-288.433651  238.433651 -288.433651  373.552616  373.552616  373.552616  161.447384 -288.433651  136.447384  278.433651]
update_location
xs = [-260.322381  285.322381 -275.322381 -219.844956 -184.844956 -144.844956  224.844956 -235.322381  224.844956  285.322381]
ys = [-285.322381  235.322381 -285.322381  371.693096  371.693096  371.693096  163.306904 -285.322381  138.306904  275.322381]
update_location
xs = [-257.211111  282.211111 -272.211111 -215.857202 -180.857202 -140.857202  220.857202 -232.211111  220.857202  282.211111]
ys = [-282.211111  232.211111 -282.211111  369.833575  369.833575  369.833575  165.166425 -282.211111  140.166425  272.211111]
update_location
xs = [-254.099842  279.099842 -269.099842 -211.869447 -176.869447 -136.869447  216.869447 -229.099842  216.869447  279.099842]
ys = [-279.099842  229.099842 -279.099842  367.974055  367.974055  367.974055  167.025945 -279.099842  142.025945  269.099842]
update_location
xs = [-250.988572  275.988572 -265.988572 -207.881693 -172.881693 -132.881693  212.881693 -225.988572  212.881693  275.988572]
ys = [-275.988572  225.988572 -275.988572  366.114535  366.114535  366.114535  168.885465 -275.988572  143.885465  265.988572]
update_location
xs = [-247.877302  272.877302 -262.877302 -203.893939 -168.893939 -128.893939  208.893939 -222.877302  208.893939  272.877302]
ys = [-272.877302  222.877302 -272.877302  364.255014  364.255014  364.255014  170.744986 -272.877302  145.744986  262.877302]
update_location
xs = [-244.766032  269.766032 -259.766032 -199.906185 -164.906185 -124.906185  204.906185 -219.766032  204.906185  269.766032]
ys = [-269.766032  219.766032 -269.766032  362.395494  362.395494  362.395494  172.604506 -269.766032  147.604506  259.766032]
update_location
xs = [-241.654762  266.654762 -256.654762 -195.91843  -160.91843  -120.91843   200.91843  -216.654762  200.91843   266.654762]
ys = [-266.654762  216.654762 -266.654762  360.535974  360.535974  360.535974  174.464026 -266.654762  149.464026  256.654762]
update_location
xs = [-238.543492  263.543492 -253.543492 -191.930676 -156.930676 -116.930676  196.930676 -213.543492  196.930676  263.543492]
ys = [-263.543492  213.543492 -263.543492  358.676453  358.676453  358.676453  176.323547 -263.543492  151.323547  253.543492]
update_location
xs = [-235.432223  260.432223 -250.432223 -187.942922 -152.942922 -112.942922  192.942922 -210.432223  192.942922  260.432223]
ys = [-260.432223  210.432223 -260.432223  356.816933  356.816933  356.816933  178.183067 -260.432223  153.183067  250.432223]
update_location
xs = [-232.320953  257.320953 -247.320953 -183.955167 -148.955167 -108.955167  188.955167 -207.320953  188.955167  257.320953]
ys = [-257.320953  207.320953 -257.320953  354.957413  354.957413  354.957413  180.042587 -257.320953  155.042587  247.320953]
update_location
xs = [-229.209683  254.209683 -244.209683 -179.967413 -144.967413 -104.967413  184.967413 -204.209683  184.967413  254.209683]
ys = [-254.209683  204.209683 -254.209683  353.097892  353.097892  353.097892  181.902108 -254.209683  156.902108  244.209683]
update_location
xs = [-226.098413  251.098413 -241.098413 -175.979659 -140.979659 -100.979659  180.979659 -201.098413  180.979659  251.098413]
ys = [-251.098413  201.098413 -251.098413  351.238372  351.238372  351.238372  183.761628 -251.098413  158.761628  241.098413]
update_location
xs = [-222.987143  247.987143 -237.987143 -171.991905 -136.991905  -96.991905  176.991905 -197.987143  176.991905  247.987143]
ys = [-247.987143  197.987143 -247.987143  349.378852  349.378852  349.378852  185.621148 -247.987143  160.621148  237.987143]
update_location
xs = [-219.875873  244.875873 -234.875873 -168.00415  -133.00415   -93.00415   173.00415  -194.875873  173.00415   244.875873]
ys = [-244.875873  194.875873 -244.875873  347.519331  347.519331  347.519331  187.480669 -244.875873  162.480669  234.875873]
update_location
xs = [-216.764604  241.764604 -231.764604 -164.016396 -129.016396  -89.016396  169.016396 -191.764604  169.016396  241.764604]
ys = [-241.764604  191.764604 -241.764604  345.659811  345.659811  345.659811  189.340189 -241.764604  164.340189  231.764604]
update_location
xs = [-213.653334  238.653334 -228.653334 -160.028642 -125.028642  -85.028642  165.028642 -188.653334  165.028642  238.653334]
ys = [-238.653334  188.653334 -238.653334  343.80029   343.80029   343.80029   191.19971  -238.653334  166.19971   228.653334]
update_location
xs = [-210.542064  235.542064 -225.542064 -156.040888 -121.040888  -81.040888  161.040888 -185.542064  161.040888  235.542064]
ys = [-235.542064  185.542064 -235.542064  341.94077   341.94077   341.94077   193.05923  -235.542064  168.05923   225.542064]
update_location
xs = [-207.430794  232.430794 -222.430794 -152.053133 -117.053133  -77.053133  157.053133 -182.430794  157.053133  232.430794]
ys = [-232.430794  182.430794 -232.430794  340.08125   340.08125   340.08125   194.91875  -232.430794  169.91875   222.430794]
update_location
xs = [-204.319524  229.319524 -219.319524 -148.065379 -113.065379  -73.065379  153.065379 -179.319524  153.065379  229.319524]
ys = [-229.319524  179.319524 -229.319524  338.221729  338.221729  338.221729  196.778271 -229.319524  171.778271  219.319524]
update_location
xs = [-201.208254  226.208254 -216.208254 -144.077625 -109.077625  -69.077625  149.077625 -176.208254  149.077625  226.208254]
ys = [-226.208254  176.208254 -226.208254  336.362209  336.362209  336.362209  198.637791 -226.208254  173.637791  216.208254]
update_location
xs = [-198.096984  223.096984 -213.096984 -140.089871 -105.089871  -65.089871  145.089871 -173.096984  145.089871  223.096984]
ys = [-223.096984  173.096984 -223.096984  334.502689  334.502689  334.502689  200.497311 -223.096984  175.497311  213.096984]
update_location
xs = [-194.985715  219.985715 -209.985715 -136.102116 -101.102116  -61.102116  141.102116 -169.985715  141.102116  219.985715]
ys = [-219.985715  169.985715 -219.985715  332.643168  332.643168  332.643168  202.356832 -219.985715  177.356832  209.985715]
update_location
xs = [-191.874445  216.874445 -206.874445 -132.114362  -97.114362  -57.114362  137.114362 -166.874445  137.114362  216.874445]
ys = [-216.874445  166.874445 -216.874445  330.783648  330.783648  330.783648  204.216352 -216.874445  179.216352  206.874445]
update_location
xs = [-188.763175  213.763175 -203.763175 -128.126608  -93.126608  -53.126608  133.126608 -163.763175  133.126608  213.763175]
ys = [-213.763175  163.763175 -213.763175  328.924128  328.924128  328.924128  206.075872 -213.763175  181.075872  203.763175]
update_location
xs = [-185.651905  210.651905 -200.651905 -124.138854  -89.138854  -49.138854  129.138854 -160.651905  129.138854  210.651905]
ys = [-210.651905  160.651905 -210.651905  327.064607  327.064607  327.064607  207.935393 -210.651905  182.935393  200.651905]
update_location
xs = [-182.540635  207.540635 -197.540635 -120.151099  -85.151099  -45.151099  125.151099 -157.540635  125.151099  207.540635]
ys = [-207.540635  157.540635 -207.540635  325.205087  325.205087  325.205087  209.794913 -207.540635  184.794913  197.540635]
update_location
xs = [-179.429365  204.429365 -194.429365 -116.163345  -81.163345  -41.163345  121.163345 -154.429365  121.163345  204.429365]
ys = [-204.429365  154.429365 -204.429365  323.345567  323.345567  323.345567  211.654433 -204.429365  186.654433  194.429365]
update_location
xs = [-176.318096  201.318096 -191.318096 -112.175591  -77.175591  -37.175591  117.175591 -151.318096  117.175591  201.318096]
ys = [-201.318096  151.318096 -201.318096  321.486046  321.486046  321.486046  213.513954 -201.318096  188.513954  191.318096]
update_location
xs = [-173.206826  198.206826 -188.206826 -108.187836  -73.187836  -33.187836  113.187836 -148.206826  113.187836  197.330341]
ys = [-198.206826  148.206826 -198.206826  319.626526  319.626526  319.626526  215.373474 -198.206826  190.373474  193.177616]
update_location
xs = [-170.095556  195.095556 -185.095556 -104.200082  -69.200082  -29.200082  109.200082 -145.095556  109.200082  193.342587]
ys = [-195.095556  145.095556 -195.095556  317.767006  317.767006  317.767006  217.232994 -195.095556  192.232994  195.037136]
update_location
xs = [-166.984286  191.984286 -181.984286 -100.212328  -65.212328  -25.212328  105.212328 -141.984286  105.212328  189.354833]
ys = [-191.984286  141.984286 -191.984286  315.907485  315.907485  315.907485  219.092515 -191.984286  194.092515  196.896657]
update_location
xs = [-163.873016  188.873016 -178.873016  -96.224574  -61.224574  -21.224574  101.224574 -138.873016  101.224574  185.367079]
ys = [-188.873016  138.873016 -188.873016  314.047965  314.047965  314.047965  220.952035 -188.873016  195.952035  198.756177]
update_location
xs = [-160.761746  185.761746 -175.761746  -92.236819  -57.236819  -17.236819   97.236819 -135.761746   97.236819  181.379324]
ys = [-185.761746  135.761746 -185.761746  312.188444  312.188444  312.188444  222.811556 -185.761746  197.811556  200.615697]
update_location
xs = [-157.650477  182.650477 -172.650477  -88.249065  -53.249065  -13.249065   93.249065 -132.650477   93.249065  177.39157 ]
ys = [-182.650477  132.650477 -182.650477  310.328924  310.328924  310.328924  224.671076 -182.650477  199.671076  202.475218]
update_location
xs = [-154.539207  179.539207 -169.539207  -84.261311  -49.261311   -9.261311   89.261311 -129.539207   89.261311  173.403816]
ys = [-179.539207  129.539207 -179.539207  308.469404  308.469404  308.469404  226.530596 -179.539207  201.530596  204.334738]
update_location
xs = [-151.427937  176.427937 -166.427937  -80.273557  -45.273557   -5.273557   85.273557 -126.427937   85.273557  169.416062]
ys = [-176.427937  126.427937 -176.427937  306.609883  306.609883  306.609883  228.390117 -176.427937  203.390117  206.194258]
update_location
xs = [-148.316667  173.316667 -163.316667  -76.285802  -41.285802   -1.285802   81.285802 -123.316667   81.285802  165.428307]
ys = [-173.316667  123.316667 -173.316667  304.750363  304.750363  304.750363  230.249637 -173.316667  205.249637  208.053779]
update_location
xs = [-145.205397  170.205397 -160.205397  -72.298048  -37.298048    2.701952   77.298048 -120.205397   77.298048  161.440553]
ys = [-170.205397  120.205397 -170.205397  302.890843  302.890843  302.890843  232.109157 -170.205397  207.109157  209.913299]
update_location
xs = [-142.094127  167.094127 -157.094127  -68.310294  -33.310294    6.689706   73.310294 -117.094127   73.310294  157.452799]
ys = [-167.094127  117.094127 -167.094127  301.031322  301.031322  301.031322  233.968678 -167.094127  208.968678  211.772819]
update_location
xs = [-138.982858  163.982858 -153.982858  -64.32254   -29.32254    10.67746    69.32254  -113.982858   69.32254   153.465044]
ys = [-163.982858  113.982858 -163.982858  299.171802  299.171802  299.171802  235.828198 -163.982858  210.828198  213.63234 ]
update_location
xs = [-135.871588  160.871588 -150.871588  -60.334785  -25.334785   14.665215   65.334785 -110.871588   65.334785  149.47729 ]
ys = [-160.871588  110.871588 -160.871588  297.312282  297.312282  297.312282  237.687718 -160.871588  212.687718  215.49186 ]
update_location
xs = [-132.760318  157.760318 -147.760318  -56.347031  -21.347031   18.652969   61.347031 -107.760318   61.347031  145.489536]
ys = [-157.760318  107.760318 -157.760318  295.452761  295.452761  295.452761  239.547239 -157.760318  214.547239  217.351381]
update_location
xs = [-129.649048  154.649048 -144.649048  -52.359277  -17.359277   22.640723   57.359277 -104.649048   57.359277  141.501782]
ys = [-154.649048  104.649048 -154.649048  293.593241  293.593241  293.593241  241.406759 -154.649048  216.406759  219.210901]
update_location
xs = [-126.537778  151.537778 -141.537778  -48.371523  -13.371523   26.628477   53.371523 -101.537778   53.371523  137.514027]
ys = [-151.537778  101.537778 -151.537778  291.733721  291.733721  291.733721  243.266279 -151.537778  218.266279  221.070421]
update_location
xs = [-123.426508  148.426508 -138.426508  -44.383768   -9.383768   30.616232   49.383768  -98.426508   49.383768  133.526273]
ys = [-148.426508   98.426508 -148.426508  289.8742    289.8742    289.8742    245.1258   -148.426508  220.1258    222.929942]
update_location
xs = [-120.315239  145.315239 -135.315239  -40.396014   -5.396014   34.603986   45.396014  -95.315239   45.396014  129.538519]
ys = [-145.315239   95.315239 -145.315239  288.01468   288.01468   288.01468   246.98532  -145.315239  221.98532   224.789462]
update_location
xs = [-117.203969  142.203969 -132.203969  -36.40826    -1.40826    38.59174    41.40826   -92.203969   41.40826   125.550765]
ys = [-142.203969   92.203969 -142.203969  286.15516   286.15516   286.15516   248.84484  -142.203969  223.84484   226.648982]
update_location
xs = [-114.092699  139.092699 -129.092699  -32.420505    2.579495   42.579495   37.420505  -89.092699   37.420505  121.56301 ]
ys = [-139.092699   89.092699 -139.092699  284.295639  284.295639  284.295639  250.704361 -139.092699  225.704361  228.508503]
update_location
xs = [-110.981429  135.981429 -125.981429  -28.432751    6.567249   46.567249   33.432751  -85.981429   33.432751  117.575256]
ys = [-135.981429   85.981429 -135.981429  282.436119  282.436119  282.436119  252.563881 -135.981429  227.563881  230.368023]
update_location
xs = [-107.870159  132.870159 -122.870159  -24.444997   10.555003   50.555003   29.444997  -82.870159   29.444997  113.587502]
ys = [-132.870159   82.870159 -132.870159  280.576599  280.576599  280.576599  254.423401 -132.870159  229.423401  232.227543]
update_location
xs = [-104.758889  129.758889 -119.758889  -20.457243   14.542757   54.542757   25.457243  -79.758889   25.457243  109.599748]
ys = [-129.758889   79.758889 -129.758889  278.717078  278.717078  278.717078  256.282922 -129.758889  231.282922  234.087064]
update_location
xs = [-101.64762   126.64762  -116.64762   -16.469488   18.530512   58.530512   21.469488  -76.64762    21.469488  105.611993]
ys = [-126.64762    76.64762  -126.64762   276.857558  276.857558  276.857558  258.142442 -126.64762   233.142442  235.946584]
update_location
xs = [ -98.53635   123.53635  -113.53635   -12.481734   22.518266   62.518266   17.481734  -73.53635    17.481734  101.624239]
ys = [-123.53635    73.53635  -123.53635   274.998037  274.998037  274.998037  260.001963 -123.53635   235.001963  237.806104]
update_location
xs = [ -95.42508   120.42508  -110.42508    -8.49398    26.50602    66.50602    13.49398   -70.42508    13.49398    97.636485]
ys = [-120.42508    70.42508  -120.42508   273.138517  273.138517  273.138517  261.861483 -120.42508   236.861483  239.665625]
update_location
xs = [ -92.31381   117.31381  -107.31381    -4.506226   30.493774   70.493774    9.506226  -67.31381     9.506226   93.648731]
ys = [-117.31381    67.31381  -117.31381   271.278997  271.278997  271.278997  263.721003 -117.31381   238.721003  241.525145]
update_location
xs = [ -89.20254   114.20254  -104.20254    -0.518471   34.481529   74.481529    5.518471  -64.20254     5.518471   89.660976]
ys = [-114.20254    64.20254  -114.20254   269.419476  269.419476  269.419476  265.580524 -114.20254   240.580524  243.384665]
update_location
xs = [ -86.09127   111.09127  -101.09127     3.469283   38.469283   78.469283    1.530717  -61.09127     1.530717   85.673222]
ys = [-111.09127    61.09127  -111.09127   267.559956  267.559956  267.559956  267.440044 -111.09127   242.440044  245.244186]
update_location
xs = [-82.980001 107.980001 -97.980001   7.457037  42.457037  82.457037  -2.457037 -57.980001  -2.457037  81.685468]
ys = [-107.980001   57.980001 -107.980001  265.700436  265.700436  265.700436  269.299564 -107.980001  244.299564  247.103706]
update_location
xs = [-79.868731 104.868731 -94.868731  11.444791  46.444791  86.444791  -6.444791 -54.868731  -6.444791  77.697713]
ys = [-104.868731   54.868731 -104.868731  263.840915  263.840915  263.840915  271.159085 -104.868731  246.159085  248.963227]
update_location
xs = [-76.757461 101.757461 -91.757461  15.432546  50.432546  90.432546 -10.432546 -51.757461 -10.432546  73.709959]
ys = [-101.757461   51.757461 -101.757461  261.981395  261.981395  261.981395  273.018605 -101.757461  248.018605  250.822747]
update_location
xs = [-73.646191  98.646191 -88.646191  19.4203    54.4203    94.4203   -14.4203   -48.646191 -14.4203    69.722205]
ys = [-98.646191  48.646191 -98.646191 260.121875 260.121875 260.121875 274.878125 -98.646191 249.878125 252.682267]
update_location
xs = [-70.534921  95.534921 -85.534921  23.408054  58.408054  98.408054 -18.408054 -45.534921 -18.408054  65.734451]
ys = [-95.534921  45.534921 -95.534921 258.262354 258.262354 258.262354 276.737646 -95.534921 251.737646 254.541788]
update_location
xs = [-67.423651  92.423651 -82.423651  27.395808  62.395808 102.395808 -22.395808 -42.423651 -22.395808  61.746696]
ys = [-92.423651  42.423651 -92.423651 256.402834 256.402834 256.402834 278.597166 -92.423651 253.597166 256.401308]
update_location
xs = [-64.312381  89.312381 -79.312381  31.383563  66.383563 106.383563 -26.383563 -39.312381 -26.383563  57.758942]
ys = [-89.312381  39.312381 -89.312381 254.543314 254.543314 254.543314 280.456686 -89.312381 255.456686 258.260828]
update_location
xs = [-61.201112  86.201112 -76.201112  35.371317  70.371317 110.371317 -30.371317 -36.201112 -30.371317  53.771188]
ys = [-86.201112  36.201112 -86.201112 252.683793 252.683793 252.683793 282.316207 -86.201112 257.316207 260.120349]
update_location
xs = [-58.089842  83.089842 -73.089842  39.359071  74.359071 114.359071 -34.359071 -33.089842 -34.359071  49.783434]
ys = [-83.089842  33.089842 -83.089842 250.824273 250.824273 250.824273 284.175727 -83.089842 259.175727 261.979869]
update_location
xs = [-54.978572  79.978572 -69.978572  43.346825  78.346825 118.346825 -38.346825 -29.978572 -38.346825  45.795679]
ys = [-79.978572  29.978572 -79.978572 248.964753 248.964753 248.964753 286.035247 -79.978572 261.035247 263.839389]
update_location
xs = [-51.867302  76.867302 -66.867302  47.33458   82.33458  122.33458  -42.33458  -26.867302 -42.33458   41.807925]
ys = [-76.867302  26.867302 -76.867302 247.105232 247.105232 247.105232 287.894768 -76.867302 262.894768 265.69891 ]
update_location
xs = [-48.756032  73.756032 -63.756032  51.322334  86.322334 126.322334 -46.322334 -23.756032 -46.322334  37.820171]
ys = [-73.756032  23.756032 -73.756032 245.245712 245.245712 245.245712 289.754288 -73.756032 264.754288 267.55843 ]
update_location
xs = [-45.644762  70.644762 -60.644762  55.310088  90.310088 130.310088 -50.310088 -20.644762 -50.310088  33.832417]
ys = [-70.644762  20.644762 -70.644762 243.386191 243.386191 243.386191 291.613809 -70.644762 266.613809 269.41795 ]
update_location
xs = [-42.533493  67.533493 -57.533493  59.297843  94.297843 134.297843 -54.297843 -17.533493 -54.297843  29.844662]
ys = [-67.533493  17.533493 -67.533493 241.526671 241.526671 241.526671 293.473329 -67.533493 268.473329 271.277471]
update_location
xs = [-39.422223  64.422223 -54.422223  63.285597  98.285597 138.285597 -58.285597 -14.422223 -58.285597  25.856908]
ys = [-64.422223  14.422223 -64.422223 239.667151 239.667151 239.667151 295.332849 -64.422223 270.332849 273.136991]
update_location
xs = [-36.310953  61.310953 -51.310953  67.273351 102.273351 142.273351 -62.273351 -11.310953 -62.273351  21.869154]
ys = [-61.310953  11.310953 -61.310953 237.80763  237.80763  237.80763  297.19237  -61.310953 272.19237  274.996511]
update_location
xs = [-33.199683  58.199683 -48.199683  71.261105 106.261105 146.261105 -66.261105  -8.199683 -66.261105  17.8814  ]
ys = [-58.199683   8.199683 -58.199683 235.94811  235.94811  235.94811  299.05189  -58.199683 274.05189  276.856032]
update_location
xs = [-30.088413  55.088413 -45.088413  75.24886  110.24886  150.24886  -70.24886   -5.088413 -70.24886   13.893645]
ys = [-55.088413   5.088413 -55.088413 234.08859  234.08859  234.08859  300.91141  -55.088413 275.91141  278.715552]
update_location
xs = [-26.977143  51.977143 -41.977143  79.236614 114.236614 154.236614 -74.236614  -1.977143 -74.236614   9.905891]
ys = [-51.977143   1.977143 -51.977143 232.229069 232.229069 232.229069 302.770931 -51.977143 277.770931 280.575073]
update_location
xs = [-23.865874  48.865874 -38.865874  83.224368 118.224368 158.224368 -78.224368   1.134126 -78.224368   5.918137]
ys = [-48.865874  -1.134126 -48.865874 230.369549 230.369549 230.369549 304.630451 -48.865874 279.630451 282.434593]
update_location
xs = [-20.754604  45.754604 -35.754604  87.212122 122.212122 162.212122 -82.212122   4.245396 -82.212122   1.930382]
ys = [-45.754604  -4.245396 -45.754604 228.510029 228.510029 228.510029 306.489971 -45.754604 281.489971 284.294113]
update_location
xs = [-17.643334  42.643334 -32.643334  91.199877 126.199877 166.199877 -86.199877   7.356666 -86.199877  -2.057372]
ys = [-42.643334  -7.356666 -42.643334 226.650508 226.650508 226.650508 308.349492 -42.643334 283.349492 286.153634]
update_location
xs = [-14.532064  39.532064 -29.532064  95.187631 130.187631 170.187631 -90.187631  10.467936 -90.187631  -6.045126]
ys = [-39.532064 -10.467936 -39.532064 224.790988 224.790988 224.790988 310.209012 -39.532064 285.209012 288.013154]
update_location
xs = [-11.420794  36.420794 -26.420794  99.175385 134.175385 174.175385 -94.175385  13.579206 -94.175385 -10.03288 ]
ys = [-36.420794 -13.579206 -36.420794 222.931468 222.931468 222.931468 312.068532 -36.420794 287.068532 289.872674]
update_location
xs = [ -8.309524  33.309524 -23.309524 103.163139 138.163139 178.163139 -98.163139  16.690476 -98.163139 -14.020635]
ys = [-33.309524 -16.690476 -33.309524 221.071947 221.071947 221.071947 313.928053 -33.309524 288.928053 291.732195]
update_location
xs = [  -5.198255   30.198255  -20.198255  107.150894  142.150894  182.150894 -102.150894   19.801745 -102.150894  -18.008389]
ys = [-30.198255 -19.801745 -30.198255 219.212427 219.212427 219.212427 315.787573 -30.198255 290.787573 293.591715]
update_location
xs = [  -2.086985   27.086985  -17.086985  111.138648  146.138648  186.138648 -106.138648   22.913015 -106.138648  -21.996143]
ys = [-27.086985 -22.913015 -27.086985 217.352907 217.352907 217.352907 317.647093 -27.086985 292.647093 295.451235]
update_location
xs = [   1.024285   23.975715  -13.975715  115.126402  150.126402  190.126402 -110.126402   26.024285 -110.126402  -25.983897]
ys = [-23.975715 -26.024285 -23.975715 215.493386 215.493386 215.493386 319.506614 -23.975715 294.506614 297.310756]
update_location
xs = [   4.135555   20.864445  -10.864445  119.114156  154.114156  194.114156 -114.114156   29.135555 -114.114156  -29.971652]
ys = [-20.864445 -29.135555 -20.864445 213.633866 213.633866 213.633866 321.366134 -20.864445 296.366134 299.170276]
update_location
xs = [   7.246825   17.753175   -7.753175  123.101911  158.101911  198.101911 -118.101911   32.246825 -118.101911  -33.959406]
ys = [-17.753175 -32.246825 -17.753175 211.774345 211.774345 211.774345 323.225655 -17.753175 298.225655 301.029796]
update_location
xs = [  10.358095   14.641905   -4.641905  127.089665  162.089665  202.089665 -122.089665   35.358095 -122.089665  -37.94716 ]
ys = [-14.641905 -35.358095 -14.641905 209.914825 209.914825 209.914825 325.085175 -14.641905 300.085175 302.889317]
update_location
xs = [  13.469364   11.530636   -1.530636  131.077419  166.077419  206.077419 -126.077419   38.469364 -126.077419  -41.934914]
ys = [-11.530636 -38.469364 -11.530636 208.055305 208.055305 208.055305 326.944695 -11.530636 301.944695 304.748837]
update_location
xs = [  16.580634    8.419366    1.580634  135.065174  170.065174  210.065174 -130.065174   41.580634 -130.065174  -45.922669]
ys = [ -8.419366 -41.580634  -8.419366 206.195784 206.195784 206.195784 328.804216  -8.419366 303.804216 306.608357]
update_location
xs = [  19.691904    5.308096    4.691904  139.052928  174.052928  214.052928 -134.052928   44.691904 -134.052928  -49.910423]
ys = [ -5.308096 -44.691904  -5.308096 204.336264 204.336264 204.336264 330.663736  -5.308096 305.663736 308.467878]
update_location
xs = [  22.803174    2.196826    7.803174  143.040682  178.040682  218.040682 -138.040682   47.803174 -138.040682  -53.898177]
ys = [ -2.196826 -47.803174  -2.196826 202.476744 202.476744 202.476744 332.523256  -2.196826 307.523256 310.327398]
update_location
xs = [  25.914444   -0.914444   10.914444  147.028436  182.028436  222.028436 -142.028436   50.914444 -142.028436  -57.885931]
ys = [  0.914444 -50.914444   0.914444 200.617223 200.617223 200.617223 334.382777   0.914444 309.382777 312.186918]
update_location
xs = [  29.025714   -4.025714   14.025714  151.016191  186.016191  226.016191 -146.016191   54.025714 -146.016191  -61.873686]
ys = [  4.025714 -54.025714   4.025714 198.757703 198.757703 198.757703 336.242297   4.025714 311.242297 314.046439]
update_location
xs = [  32.136983   -7.136983   17.136983  155.003945  190.003945  230.003945 -150.003945   57.136983 -150.003945  -65.86144 ]
ys = [  7.136983 -57.136983   7.136983 196.898183 196.898183 196.898183 338.101817   7.136983 313.101817 315.905959]
update_location
xs = [  35.248253  -10.248253   20.248253  158.991699  193.991699  233.991699 -153.991699   60.248253 -153.991699  -69.849194]
ys = [ 10.248253 -60.248253  10.248253 195.038662 195.038662 195.038662 339.961338  10.248253 314.961338 317.76548 ]
update_location
xs = [  38.359523  -13.359523   23.359523  162.979453  197.979453  237.979453 -157.979453   63.359523 -157.979453  -73.836949]
ys = [ 13.359523 -63.359523  13.359523 193.179142 193.179142 193.179142 341.820858  13.359523 316.820858 319.625   ]
update_location
xs = [  41.470793  -16.470793   26.470793  166.967208  201.967208  241.967208 -161.967208   66.470793 -161.967208  -77.824703]
ys = [ 16.470793 -66.470793  16.470793 191.319622 191.319622 191.319622 343.680378  16.470793 318.680378 321.48452 ]
update_location
xs = [  44.582063  -19.582063   29.582063  170.954962  205.954962  245.954962 -165.954962   69.582063 -165.954962  -81.812457]
ys = [ 19.582063 -69.582063  19.582063 189.460101 189.460101 189.460101 345.539899  19.582063 320.539899 323.344041]
update_location
xs = [  47.693333  -22.693333   32.693333  174.942716  209.942716  249.942716 -169.942716   72.693333 -169.942716  -85.800211]
ys = [ 22.693333 -72.693333  22.693333 187.600581 187.600581 187.600581 347.399419  22.693333 322.399419 325.203561]
update_location
xs = [  50.804602  -25.804602   35.804602  178.93047   213.93047   253.93047  -173.93047    75.804602 -173.93047   -89.787966]
ys = [ 25.804602 -75.804602  25.804602 185.741061 185.741061 185.741061 349.258939  25.804602 324.258939 327.063081]
update_location
xs = [  53.915872  -28.915872   38.915872  182.918225  217.918225  257.918225 -177.918225   78.915872 -177.918225  -93.77572 ]
ys = [ 28.915872 -78.915872  28.915872 183.88154  183.88154  183.88154  351.11846   28.915872 326.11846  328.922602]
update_location
xs = [  57.027142  -32.027142   42.027142  186.905979  221.905979  261.905979 -181.905979   82.027142 -181.905979  -97.763474]
ys = [ 32.027142 -82.027142  32.027142 182.02202  182.02202  182.02202  352.97798   32.027142 327.97798  330.782122]
update_location
xs = [  60.138412  -35.138412   45.138412  190.017249  225.893733  265.893733 -185.893733   85.138412 -185.893733 -101.751228]
ys = [ 35.138412 -85.138412  35.138412 185.13329  180.1625   180.1625   354.8375    35.138412 329.8375   332.641642]
update_location
xs = [  63.249682  -38.249682   48.249682  193.128519  229.881487  269.881487 -189.881487   88.249682 -189.881487 -105.738983]
ys = [ 38.249682 -88.249682  38.249682 188.24456  178.302979 178.302979 356.697021  38.249682 331.697021 334.501163]
update_location
xs = [  66.360952  -41.360952   51.360952  196.239788  233.869242  273.869242 -193.869242   91.360952 -193.869242 -109.726737]
ys = [ 41.360952 -91.360952  41.360952 191.355829 176.443459 176.443459 358.556541  41.360952 333.556541 336.360683]
update_location
xs = [  69.472222  -44.472222   54.472222  199.351058  237.856996  277.856996 -197.856996   94.472222 -197.856996 -113.714491]
ys = [ 44.472222 -94.472222  44.472222 194.467099 174.583938 174.583938 360.416062  44.472222 335.416062 338.220203]
update_location
xs = [  72.583491  -47.583491   57.583491  202.462328  241.84475   281.84475  -201.84475    97.583491 -201.84475  -117.702245]
ys = [ 47.583491 -97.583491  47.583491 197.578369 172.724418 172.724418 362.275582  47.583491 337.275582 340.079724]
update_location
xs = [  75.694761  -50.694761   60.694761  205.573598  245.832505  285.832505 -205.832505  100.694761 -205.832505 -121.69    ]
ys = [  50.694761 -100.694761   50.694761  200.689639  170.864898  170.864898  364.135102   50.694761  339.135102  341.939244]
update_location
xs = [  78.806031  -53.806031   63.806031  208.684868  249.820259  289.820259 -209.820259  103.806031 -209.820259 -125.677754]
ys = [  53.806031 -103.806031   53.806031  203.800909  169.005377  169.005377  365.994623   53.806031  340.994623  343.798764]
update_location
xs = [  81.917301  -56.917301   66.917301  211.796138  253.808013  293.808013 -213.808013  106.917301 -213.808013 -129.665508]
ys = [  56.917301 -106.917301   56.917301  206.912179  167.145857  167.145857  367.854143   56.917301  342.854143  345.658285]
update_location
xs = [  85.028571  -60.028571   70.028571  214.907408  257.795767  297.795767 -217.795767  110.028571 -217.795767 -133.653262]
ys = [  60.028571 -110.028571   60.028571  210.023448  165.286337  165.286337  369.713663   60.028571  344.713663  347.517805]
update_location
xs = [  88.139841  -63.139841   73.139841  218.018677  261.783522  301.783522 -221.783522  113.139841 -221.783522 -137.641017]
ys = [  63.139841 -113.139841   63.139841  213.134718  163.426816  163.426816  371.573184   63.139841  346.573184  349.377326]
update_location
xs = [  91.25111   -66.25111    76.25111   221.129947  265.771276  305.771276 -225.771276  116.25111  -225.771276 -141.628771]
ys = [  66.25111  -116.25111    66.25111   216.245988  161.567296  161.567296  373.432704   66.25111   348.432704  351.236846]
update_location
xs = [  94.36238   -69.36238    79.36238   224.241217  269.75903   309.75903  -229.75903   119.36238  -229.75903  -145.616525]
ys = [  69.36238  -119.36238    69.36238   219.357258  159.707776  159.707776  375.292224   69.36238   350.292224  353.096366]
update_location
xs = [  97.47365   -72.47365    82.47365   227.352487  273.746784  313.746784 -233.746784  122.47365  -233.746784 -149.60428 ]
ys = [  72.47365  -122.47365    72.47365   222.468528  157.848255  157.848255  377.151745   72.47365   352.151745  354.955887]
update_location
xs = [ 100.58492   -75.58492    85.58492   230.463757  277.734539  317.734539 -237.734539  125.58492  -237.734539 -153.592034]
ys = [  75.58492  -125.58492    75.58492   225.579798  155.988735  155.988735  379.011265   75.58492   354.011265  356.815407]
update_location
xs = [ 103.69619   -78.69619    88.69619   233.575027  281.722293  321.722293 -241.722293  128.69619  -241.722293 -157.579788]
ys = [  78.69619  -128.69619    78.69619   228.691067  154.129215  154.129215  380.870785   78.69619   355.870785  358.674927]
update_location
xs = [ 106.80746   -81.80746    91.80746   236.686296  285.710047  325.710047 -245.710047  131.80746  -245.710047 -161.567542]
ys = [  81.80746  -131.80746    81.80746   231.802337  152.269694  152.269694  382.730306   81.80746   357.730306  360.534448]
update_location
xs = [ 109.918729  -84.918729   94.918729  239.797566  289.697801  329.697801 -249.697801  134.918729 -249.697801 -165.555297]
ys = [  84.918729 -134.918729   84.918729  234.913607  150.410174  150.410174  384.589826   84.918729  359.589826  362.393968]
update_location
xs = [ 113.029999  -88.029999   98.029999  242.908836  293.685556  333.685556 -253.685556  138.029999 -253.685556 -169.543051]
ys = [  88.029999 -138.029999   88.029999  238.024877  148.550654  148.550654  386.449346   88.029999  361.449346  364.253488]
update_location
xs = [ 116.141269  -91.141269  101.141269  246.020106  297.67331   337.67331  -257.67331   141.141269 -257.67331  -173.530805]
ys = [  91.141269 -141.141269   91.141269  241.136147  146.691133  146.691133  388.308867   91.141269  363.308867  366.113009]
update_location
xs = [ 119.252539  -94.252539  104.252539  249.131376  301.661064  341.661064 -261.661064  144.252539 -261.661064 -177.518559]
ys = [  94.252539 -144.252539   94.252539  244.247417  144.831613  144.831613  390.168387   94.252539  365.168387  367.972529]
update_location
xs = [ 122.363809  -97.363809  107.363809  252.242646  305.648818  345.648818 -265.648818  147.363809 -265.648818 -181.506314]
ys = [  97.363809 -147.363809   97.363809  247.358686  142.972092  142.972092  392.027908   97.363809  367.027908  369.832049]
update_location
xs = [ 125.475079 -100.475079  110.475079  255.353915  309.636573  349.636573 -269.636573  150.475079 -269.636573 -185.494068]
ys = [ 100.475079 -150.475079  100.475079  250.469956  141.112572  141.112572  393.887428  100.475079  368.887428  371.69157 ]
update_location
xs = [ 128.586348 -103.586348  113.586348  258.465185  313.624327  353.624327 -273.624327  153.586348 -273.624327 -189.481822]
ys = [ 103.586348 -153.586348  103.586348  253.581226  139.253052  139.253052  395.746948  103.586348  370.746948  373.55109 ]
update_location
xs = [ 131.697618 -106.697618  116.697618  261.576455  317.612081  357.612081 -277.612081  156.697618 -277.612081 -193.469576]
ys = [ 106.697618 -156.697618  106.697618  256.692496  137.393531  137.393531  397.606469  106.697618  372.606469  375.41061 ]
update_location
xs = [ 134.808888 -109.808888  119.808888  264.687725  321.599836  361.599836 -281.599836  159.808888 -281.599836 -197.457331]
ys = [ 109.808888 -159.808888  109.808888  259.803766  135.534011  135.534011  399.465989  109.808888  374.465989  377.270131]
update_location
xs = [ 137.920158 -112.920158  122.920158  267.798995  325.58759   365.58759  -285.58759   162.920158 -285.58759  -201.445085]
ys = [ 112.920158 -162.920158  112.920158  262.915036  133.674491  133.674491  401.325509  112.920158  376.325509  379.129651]
update_location
xs = [ 141.031428 -116.031428  126.031428  270.910265  329.575344  369.575344 -289.575344  166.031428 -289.575344 -205.432839]
ys = [ 116.031428 -166.031428  116.031428  266.026305  131.81497   131.81497   403.18503   116.031428  378.18503   380.989171]
update_location
xs = [ 144.142698 -119.142698  129.142698  274.021534  333.563098  373.563098 -293.563098  169.142698 -293.563098 -209.420593]
ys = [ 119.142698 -169.142698  119.142698  269.137575  129.95545   129.95545   405.04455   119.142698  380.04455   382.848692]
update_location
