Normalized parameters
a = 0.0348	b = 120	c = 0.1	kappa = 0.09999999999999999	tau = 0.2	self.t_min = 0.5	self.z_min=0.3898712452512801
hessian_dual = 
[[ 7.883017e-04  0.000000e+00 -1.000000e+00  0.000000e+00  3.480000e-02]
 [ 0.000000e+00  6.000000e-02  0.000000e+00 -1.000000e+00  1.000000e-01]
 [ 1.000000e+00  0.000000e+00  6.101288e-01 -0.000000e+00  0.000000e+00]
 [ 0.000000e+00  1.000000e+00 -0.000000e+00  5.000000e-01  0.000000e+00]
 [ 3.480000e-02  1.000000e-01  0.000000e+00  0.000000e+00  0.000000e+00]]
residual_t = 
[[-0.96549 ]
 [-0.92    ]
 [ 0.582376]
 [ 0.472247]
 [-0.0652  ]]
backtracking_line_search x = [1 1]	dir_x = [0.257724 0.562312]
residual_t = 
[[-0.96549 ]
 [-0.92    ]
 [ 0.582376]
 [ 0.472247]
 [-0.0652  ]]
residual_t = 
[[-0.498891]
 [-0.481395]
 [ 0.218027]
 [-0.027753]
 [-0.033689]]
r_dual_new = 0.7280619749519983 r_dual = 1.5313393703488383
backtracking_line_search terminate!
backtracking_line_search step_size = 0.4832977195910641
iter = 0 x = [1.124557 1.271764] dir_x = [0.257724 0.562312]
iter = 0 lambd = [0.334537 0.      ] dir_lambd = [-1.376921 -2.069118]
iter = 0 v = [-4.71672] dir_v = [-11.828567]
norm_rpri = 0.033688988682662624	norm_residual = 0.6932773304126	dual_gap = 0.24577980759345885
hessian_dual = 
[[ 4.961864e-04  0.000000e+00 -1.000000e+00  0.000000e+00  3.480000e-02]
 [ 0.000000e+00  2.293638e-02  0.000000e+00 -1.000000e+00  1.000000e-01]
 [ 3.345372e-01 -0.000000e+00  7.346860e-01 -0.000000e+00  0.000000e+00]
 [-0.000000e+00 -0.000000e+00 -0.000000e+00  7.717642e-01  0.000000e+00]
 [ 3.480000e-02  1.000000e-01  0.000000e+00  0.000000e+00  0.000000e+00]]
residual_t = 
[[-0.498891]
 [-0.481395]
 [ 0.239635]
 [-0.006144]
 [-0.033689]]
backtracking_line_search x = [1.124557 1.271764]	dir_x = [0.011142 0.333012]
residual_t = 
[[-0.498891]
 [-0.481395]
 [ 0.239635]
 [-0.006144]
 [-0.033689]]
residual_t = 
[[-1.047456e-07]
 [-2.754219e-03]
 [-3.690756e-03]
 [ 2.651320e-03]
 [ 0.000000e+00]]
r_dual_new = 0.005313839756871058 r_dual = 0.7343236633763082
backtracking_line_search terminate!
backtracking_line_search step_size = 1
iter = 1 x = [1.135699 1.604777] dir_x = [0.011142 0.333012]
iter = 1 lambd = [0.00329  0.007962] dir_lambd = [-0.331247  0.007962]
iter = 1 v = [0.100467] dir_v = [4.817187]
norm_rpri = 0.0	norm_residual = 0.0027542188313920907	dual_gap = 0.011249554429732814
hessian_dual = 
[[ 4.775411e-04  0.000000e+00 -1.000000e+00  0.000000e+00  3.480000e-02]
 [ 0.000000e+00  9.046755e-03  0.000000e+00 -1.000000e+00  1.000000e-01]
 [ 3.289954e-03 -0.000000e+00  7.458279e-01 -0.000000e+00  0.000000e+00]
 [-0.000000e+00  7.961622e-03 -0.000000e+00  1.104777e+00  0.000000e+00]
 [ 3.480000e-02  1.000000e-01  0.000000e+00  0.000000e+00  0.000000e+00]]
residual_t = 
[[-1.047456e-07]
 [-2.754219e-03]
 [ 2.172501e-03]
 [ 8.514576e-03]
 [ 0.000000e+00]]
backtracking_line_search x = [1.135699 1.604777]	dir_x = [-0.173425  0.060352]
residual_t = 
[[-1.047456e-07]
 [-2.754219e-03]
 [ 2.172501e-03]
 [ 8.514576e-03]
 [ 0.000000e+00]]
residual_t = 
[[-3.123626e-05]
 [-9.799876e-05]
 [ 4.042993e-04]
 [-2.812389e-04]
 [ 0.000000e+00]]
r_dual_new = 0.0005031229479124808 r_dual = 0.009208880697384368
backtracking_line_search terminate!
backtracking_line_search step_size = 0.9778478687837575
iter = 2 x = [0.966116 1.663792] dir_x = [-0.173425  0.060352]
iter = 2 lambd = [0.00119 0.     ] dir_lambd = [-0.002148 -0.008142]
iter = 2 v = [0.042444] dir_v = [-0.059338]
norm_rpri = 0.0	norm_residual = 0.00010285650402460693	dual_gap = 0.00068553818488792
hessian_dual = 
[[ 9.053916e-04  0.000000e+00 -1.000000e+00  0.000000e+00  3.480000e-02]
 [ 0.000000e+00  7.829887e-03  0.000000e+00 -1.000000e+00  1.000000e-01]
 [ 1.189665e-03 -0.000000e+00  5.762447e-01 -0.000000e+00  0.000000e+00]
 [-0.000000e+00 -0.000000e+00 -0.000000e+00  1.163792e+00  0.000000e+00]
 [ 3.480000e-02  1.000000e-01  0.000000e+00  0.000000e+00  0.000000e+00]]
residual_t = 
[[-3.123626e-05]
 [-9.799876e-05]
 [ 6.683997e-04]
 [-1.713845e-05]
 [ 0.000000e+00]]
backtracking_line_search x = [0.966116 1.663792]	dir_x = [-0.298079  0.103732]
residual_t = 
[[-3.123626e-05]
 [-9.799876e-05]
 [ 6.683997e-04]
 [-1.713845e-05]
 [ 0.000000e+00]]
residual_t = 
[[-3.453504e-04]
 [-9.165770e-05]
 [ 1.623145e-04]
 [ 1.527593e-06]
 [ 0.000000e+00]]
r_dual_new = 0.000392449193470407 r_dual = 0.0006764845796219534
backtracking_line_search terminate!
backtracking_line_search step_size = 1
iter = 3 x = [0.668037 1.767523] dir_x = [-0.298079  0.103732]
iter = 3 lambd = [6.451305e-04 1.472639e-05] dir_lambd = [-5.445345e-04  1.472639e-05]
iter = 3 v = [0.03545] dir_v = [-0.006995]
norm_rpri = 0.0	norm_residual = 0.00035730664548212283	dual_gap = 0.00019811900235437813
hessian_dual = 
[[ 4.346134e-03  0.000000e+00 -1.000000e+00  0.000000e+00  3.480000e-02]
 [ 0.000000e+00  6.147389e-03  0.000000e+00 -1.000000e+00  1.000000e-01]
 [ 6.451305e-04 -0.000000e+00  2.781653e-01 -0.000000e+00  0.000000e+00]
 [-0.000000e+00  1.472639e-05 -0.000000e+00  1.267523e+00  0.000000e+00]
 [ 3.480000e-02  1.000000e-01  0.000000e+00  0.000000e+00  0.000000e+00]]
residual_t = 
[[-3.453504e-04]
 [-9.165770e-05]
 [ 1.745000e-04]
 [ 1.371307e-05]
 [ 0.000000e+00]]
backtracking_line_search x = [0.668037 1.767523]	dir_x = [-0.041843  0.014561]
residual_t = 
[[-3.453504e-04]
 [-9.165770e-05]
 [ 1.745000e-04]
 [ 1.371307e-05]
 [ 0.000000e+00]]
residual_t = 
[[-2.911671e-05]
 [-1.454862e-06]
 [ 2.218839e-05]
 [-1.599984e-07]
 [-2.775558e-17]]
r_dual_new = 3.6636723825030586e-05 r_dual = 0.00039787728036966703
backtracking_line_search terminate!
backtracking_line_search step_size = 1
iter = 4 x = [0.626194 1.782085] dir_x = [-0.041843  0.014561]
iter = 4 lambd = [1.148487e-04 3.738425e-06] dir_lambd = [-5.302818e-04 -1.098797e-05]
iter = 4 v = [0.035361] dir_v = [-8.843868e-05]
norm_rpri = 2.7755575615628914e-17	norm_residual = 2.9153031512261706e-05	dual_gap = 3.193434247856124e-05
hessian_dual = 
[[ 5.832002e-03  0.000000e+00 -1.000000e+00  0.000000e+00  3.480000e-02]
 [ 0.000000e+00  5.948919e-03  0.000000e+00 -1.000000e+00  1.000000e-01]
 [ 1.148487e-04 -0.000000e+00  2.363227e-01 -0.000000e+00  0.000000e+00]
 [-0.000000e+00  3.738425e-06 -0.000000e+00  1.282085e+00  0.000000e+00]
 [ 3.480000e-02  1.000000e-01  0.000000e+00  0.000000e+00  0.000000e+00]]
residual_t = 
[[-2.911671e-05]
 [-1.454862e-06]
 [ 2.634301e-05]
 [ 3.994618e-06]
 [-2.775558e-17]]
backtracking_line_search x = [0.626194 1.782085]	dir_x = [-0.011618  0.004043]
residual_t = 
[[-2.911671e-05]
 [-1.454862e-06]
 [ 2.634301e-05]
 [ 3.994618e-06]
 [-2.775558e-17]]
residual_t = 
[[-2.999284e-06]
 [-1.087211e-07]
 [ 1.229457e-06]
 [-1.264462e-08]
 [ 0.000000e+00]]
r_dual_new = 3.243339169761537e-06 r_dual = 3.949443319898384e-05
backtracking_line_search terminate!
backtracking_line_search step_size = 1
iter = 5 x = [0.614576 1.786128] dir_x = [-0.011618  0.004043]
iter = 5 lambd = [9.024355e-06 6.109145e-07] dir_lambd = [-1.058244e-04 -3.127510e-06]
iter = 5 v = [0.035104] dir_v = [-0.000257]
norm_rpri = 0.0	norm_residual = 3.001253694776938e-06	dual_gap = 2.813529843848193e-06
iter = 5 converged! (0.6145760401544523, 1.7861275380262507)
inv_power = 0.6145760401544523	inv_freq = 1.7861275380262507
x_opt = [0.614576 1.786128] obj = 0.0038633707860031784 Ax - b = 0.0
x_opt+tmp = [0.714576 1.886128] obj = 0.0034436230789339282 Ax - b = 0.01348000000000002
x_opt-tmp = [0.514576 1.686128] obj = 0.004410067622922974 Ax - b = -0.013479999999999992
power = 0.042411	freq = 5.599e+08
