Arguments:
	      dataset : mnist
	learning_rate : 0.01
	        model : mclr
	 model_params : (784, 10)
	        optim : 1
	      sce_idx : 3
	          tau : 15.0
['f_00000', 'f_00001', 'f_00002', 'f_00003', 'f_00004', 'f_00005', 'f_00006', 'f_00007', 'f_00008', 'f_00009']
10
dict_keys(['x', 'y'])
id = f_00000, model = <class 'flearn.models.mnist.mclr.Model'>, device = cpu, num_samples = 73
id = f_00001, model = <class 'flearn.models.mnist.mclr.Model'>, device = cpu, num_samples = 81
id = f_00002, model = <class 'flearn.models.mnist.mclr.Model'>, device = cpu, num_samples = 128
id = f_00003, model = <class 'flearn.models.mnist.mclr.Model'>, device = cpu, num_samples = 504
id = f_00004, model = <class 'flearn.models.mnist.mclr.Model'>, device = cpu, num_samples = 113
id = f_00005, model = <class 'flearn.models.mnist.mclr.Model'>, device = cpu, num_samples = 204
id = f_00006, model = <class 'flearn.models.mnist.mclr.Model'>, device = cpu, num_samples = 336
id = f_00007, model = <class 'flearn.models.mnist.mclr.Model'>, device = cpu, num_samples = 89
id = f_00008, model = <class 'flearn.models.mnist.mclr.Model'>, device = cpu, num_samples = 80
id = f_00009, model = <class 'flearn.models.mnist.mclr.Model'>, device = cpu, num_samples = 76
BaseFederated generated!
num_samples = [ 73  81 128 504 113 204 336  89  80  76]
msize = 300240
xs = [-280.  400. -385. -350. -200. -100.  400. -180.  500.  425.]
ys = [-300.  355. -400.  455.  385.  335.   60. -200.   10.  385.]
dists_uav = [714.702735 261.199158 858.268606 606.403331 444.100214 336.489227 274.954542 575.152154 379.605058 296.395007]
uav_gains = [5.494875e-13 1.802536e-11 3.593089e-13 8.081917e-13 1.762643e-12 4.643011e-12 1.366745e-11 9.167988e-13 2.857829e-12 8.947599e-12]
dists_bs = [ 344.093011  943.941206  397.775062 1017.116021  907.317475  840.966706  688.186021  349.857114  714.212853  981.758626]
bs_gains = [3.619341e-11 2.495838e-12 2.464796e-11 2.047806e-12 2.771778e-12 3.389665e-12 5.766337e-12 3.463460e-11 5.226094e-12 2.249096e-12]
v = 9.009009009009008 a_0 = 21.586735246819178
SystemModel __init__!
solve_bound_eta tau = 15.0
af = [0.102407 0.11363  0.179564 0.707032 0.158521 0.28618  0.471355 0.124853 0.112227 0.106616]
bf = [0.659792 0.734913 0.699189 1.135888 1.056372 0.943229 0.769671 0.66408  0.920548 0.829669]
tmp = [-2.244323e-59 -3.975789e-53 -2.156711e-33 -6.465767e-08 -5.958625e-37 -2.440459e-20 -2.461906e-12 -1.632721e-48 -4.381994e-53 -2.667847e-56]
w0 = [-2.244323e-59+0.j -3.975789e-53+0.j -2.156711e-33+0.j -6.465768e-08+0.j -5.958625e-37+0.j -2.440459e-20+0.j -2.461906e-12+0.j -1.632721e-48+0.j -4.381994e-53+0.j -2.667847e-56+0.j]
w_1 = [-139.985657+0.j -125.489005+0.j  -79.593658+0.j  -19.525901+0.j  -87.886859+0.j  -49.052405+0.j  -30.135799+0.j -114.776826+0.j -125.390942+0.j -132.852735+0.j]
xs_min = [-140.030963 -125.539643  -79.641999  -19.608889  -87.960727  -49.118701  -30.19028  -114.822506 -125.454785 -132.910066]
xs_max = [-0.045306 -0.050639 -0.048341 -0.082988 -0.073868 -0.066297 -0.054481 -0.04568  -0.063843 -0.057331]
solve_bound_eta x_min = -19.60888858535652	x_max = -0.08298772649419917
solve_bound_eta eta_min = 3.0476696566598734e-09	eta_max = 0.9203624432245896
af = 1.8899077404697016	bf = 0.8413351320713521	zeta = 1.9088068178743987	eta = 0.9900990099009901
af = 1.8899077404697016	bf = 0.8413351320713521	zeta = 86.87417427646982	eta = 0.02175454047430975
af = 1.8899077404697016	bf = 0.8413351320713521	zeta = 8.255366641679213	eta = 0.22893080616529443
af = 1.8899077404697016	bf = 0.8413351320713521	zeta = 4.704756968876223	eta = 0.40170145938933044
af = 1.8899077404697016	bf = 0.8413351320713521	zeta = 4.2871876675217075	eta = 0.4408269212908516
af = 1.8899077404697016	bf = 0.8413351320713521	zeta = 4.273031422953943	eta = 0.4422873490509485
af = 1.8899077404697016	bf = 0.8413351320713521	zeta = 4.273012908599307	eta = 0.44228926541886177
eta = 0.44228926541886177
opt_as = [0.208111 0.208111 0.208111 0.208111 0.208111 0.208111 0.208111 0.208111 0.208111 0.208111]
opt_bs = [9048.353179  623.959564 6161.990667  511.951403  692.944528  847.416125 1441.584338 8658.649719 1306.523561  562.274031]
opt_cs = [ 7740222.009213  8588465.517072 13571896.125743 53439340.995115 11981439.548508 21630209.450404 35626227.330077  9436709.024931  8482435.07859   8058313.32466 ]
opt_tau = [0.387537 0.387537 0.387537 0.387537 0.387537 0.387537 0.387537 0.387537 0.387537 0.387537]
iter = 17 converged! (z, t) = (1.2944533503735958, 15.26413129277864)
iter = 12 converged! (z, t) = (1.5601703734610202, 7.317868343735229)
iter = 13 converged! (z, t) = (1.100478717468937, 11.679718382561633)
iter = 9 converged! (z, t) = (0.840304475331674, 3.979482433610219)
iter = 10 converged! (z, t) = (1.4511226506702606, 7.1396460109126885)
iter = 10 converged! (z, t) = (1.1908244479002832, 6.4592083121517385)
iter = 10 converged! (z, t) = (0.8689968328569879, 5.8016173224205865)
iter = 15 converged! (z, t) = (1.2156191769025966, 14.258570931325664)
iter = 14 converged! (z, t) = (1.4939178376801476, 9.034800525444671)
iter = 10 converged! (z, t) = (1.5850658368668222, 7.156367596028034)
opt_freqs = [6.551306e+07 1.366518e+08 8.561850e+07 2.512890e+08 1.400630e+08 1.548177e+08 1.723657e+08 7.013326e+07 1.106831e+08 1.397357e+08]
opt_powers = [0.000129 0.00144  0.00024  0.004468 0.001432 0.001553 0.001499 0.000147 0.000729 0.001564]
bs_ene = [0.001471 0.018714 0.002516 0.043302 0.017643 0.016901 0.014588 0.001623 0.00918  0.020575]
opt_as = [0.208111 0.208111 0.208111 0.208111 0.208111 0.208111 0.208111 0.208111 0.208111 0.208111]
opt_bs = [ 137.371869 4506.34093    89.827233  202.04792   440.660857 1160.752682 3416.861729  229.199698  714.457246 2236.899695]
opt_cs = [ 7740222.009213  8588465.517072 13571896.125743 53439340.995115 11981439.548508 21630209.450404 35626227.330077  9436709.024931  8482435.07859   8058313.32466 ]
opt_tau = [0.387537 0.387537 0.387537 0.387537 0.387537 0.387537 0.387537 0.387537 0.387537 0.387537]
iter = 10 converged! (z, t) = (1.6870866599267949, 4.7074420922467874)
iter = 15 converged! (z, t) = (1.345823846663749, 12.511783928632635)
iter = 8 converged! (z, t) = (1.6060770629572345, 3.9269085833248427)
iter = 9 converged! (z, t) = (0.9894420299050507, 3.398691355565454)
iter = 13 converged! (z, t) = (1.499140456884918, 6.305605153340431)
iter = 12 converged! (z, t) = (1.1428166261330783, 6.92110546901699)
iter = 9 converged! (z, t) = (0.7357146432942195, 6.58018486815138)
iter = 12 converged! (z, t) = (1.6174984674284587, 5.395809169318498)
iter = 15 converged! (z, t) = (1.551559906554341, 7.620593377332134)
iter = 16 converged! (z, t) = (1.4532522797782315, 10.560527426798373)
opt_freqs = [2.124296e+08 7.992465e+07 2.546532e+08 2.942309e+08 1.585891e+08 1.444856e+08 1.519714e+08 1.853290e+08 1.312234e+08 9.469224e+07]
opt_powers = [0.005889 0.000245 0.009617 0.008649 0.002152 0.001205 0.000847 0.003733 0.001267 0.000443]
uav_ene = [0.081377 0.002864 0.127818 0.086837 0.027158 0.012842 0.008203 0.049895 0.016398 0.00546 ]
optimize_network iter = 0 obj = 0.10510443276165496
solve_bound_eta tau = 15.0
af = [3.12632  2.843432 4.194506 5.627243 2.263569 3.961359 6.203202 3.560447 2.027903 2.251841]
bf = [5.815236 6.046015 4.94382  3.775006 6.519062 5.13402  3.305144 5.46108  6.711316 6.528629]
tmp = [-0.254186 -0.226283 -0.325241 -0.362646 -0.156358 -0.313771 -0.367031 -0.289103 -0.124149 -0.154792]
w0 = [-0.366828+0.j -0.307861+0.j -0.582132+0.j -0.840131+0.j -0.188861+0.j -0.536612+0.j -0.933576+0.j -0.456244+0.j -0.143274+0.j -0.186535+0.j]
w_1 = [-2.122092+0.j -2.333216+0.j -1.581673+0.j -1.178968+0.j -2.93092 +0.j -1.674764+0.j -1.069502+0.j -1.863344+0.j -3.271528+0.j -2.946184+0.j]
xs_min = [-2.571055 -2.841146 -1.815332 -1.154628 -3.55785  -1.953942 -0.951718 -2.222891 -3.944045 -3.575441]
xs_max = [-0.815791 -0.815791 -0.815791 -0.815791 -0.815791 -0.815791 -0.815791 -0.815791 -0.815791 -0.815791]
solve_bound_eta x_min = -0.9517175649263963	x_max = -0.8157911643122517
solve_bound_eta eta_min = 0.38607734075923394	eta_max = 0.44228926541886154
af = 0.014008639217558108	bf = 0.04718974630551445	zeta = 0.01414872560973369	eta = 0.9900990099009901
af = 0.014008639217558108	bf = 0.04718974630551445	zeta = 4.78024282695371	eta = 0.00293052878790372
af = 0.014008639217558108	bf = 0.04718974630551445	zeta = 0.12927499283513857	eta = 0.1083631018678377
af = 0.014008639217558108	bf = 0.04718974630551445	zeta = 0.08783922248563225	eta = 0.15948045555445897
af = 0.014008639217558108	bf = 0.04718974630551445	zeta = 0.0867407326283032	eta = 0.16150012563978666
af = 0.014008639217558108	bf = 0.04718974630551445	zeta = 0.086739415227677	eta = 0.16150257850814057
eta = 0.16150257850814057
opt_as = [0.208111 0.208111 0.208111 0.208111 0.208111 0.208111 0.208111 0.208111 0.208111 0.208111]
opt_bs = [9048.353179  623.959564 6161.990667  511.951403  692.944528  847.416125 1441.584338 8658.649719 1306.523561  562.274031]
opt_cs = [ 9029890.938827 10019468.028013 15833233.426984 62343356.618748 13977776.384759 25234215.774255 41562237.745832 11009045.1172    9895770.891865  9400982.347271]
opt_tau = [0.426597 0.426597 0.426597 0.426597 0.426597 0.426597 0.426597 0.426597 0.426597 0.426597]
iter = 14 converged! (z, t) = (1.3591262411952612, 15.919206955375538)
iter = 14 converged! (z, t) = (1.676406068005852, 7.756842580213691)
iter = 17 converged! (z, t) = (1.1360511390450847, 12.011000575463747)
iter = 10 converged! (z, t) = (0.8477114267247959, 4.012929585592334)
iter = 12 converged! (z, t) = (1.5450140801970842, 7.516466629935497)
iter = 11 converged! (z, t) = (1.2392776947425008, 6.684988596944349)
iter = 11 converged! (z, t) = (0.8788356570996316, 5.863549077650772)
iter = 18 converged! (z, t) = (1.267558209513768, 14.788291866626261)
iter = 14 converged! (z, t) = (1.5963529912976064, 9.537339116093593)
iter = 17 converged! (z, t) = (1.7065263939837563, 7.6003844285712)
opt_freqs = [6.281720e+07 1.289184e+08 8.325701e+07 2.491945e+08 1.330412e+08 1.495889e+08 1.705452e+08 6.762106e+07 1.048510e+08 1.315723e+08]
opt_powers = [0.00012  0.001307 0.000229 0.004401 0.001314 0.001464 0.001471 0.000139 0.000667 0.001417]
bs_ene = [0.00132  0.016624 0.00229  0.040914 0.015721 0.015266 0.013708 0.001464 0.008169 0.018268]
opt_as = [0.208111 0.208111 0.208111 0.208111 0.208111 0.208111 0.208111 0.208111 0.208111 0.208111]
opt_bs = [ 137.371869 4506.34093    89.827233  202.04792   440.660857 1160.752682 3416.861729  229.199698  714.457246 2236.899695]
opt_cs = [ 9029890.938827 10019468.028013 15833233.426984 62343356.618748 13977776.384759 25234215.774255 41562237.745832 11009045.1172    9895770.891865  9400982.347271]
opt_tau = [0.426597 0.426597 0.426597 0.426597 0.426597 0.426597 0.426597 0.426597 0.426597 0.426597]
iter = 9 converged! (z, t) = (1.8317104870439476, 5.027630429433467)
iter = 14 converged! (z, t) = (1.4198006406389398, 13.08669503128795)
iter = 14 converged! (z, t) = (1.732296673134725, 4.174006164085464)
iter = 11 converged! (z, t) = (1.0113314596689316, 3.466743908949598)
iter = 11 converged! (z, t) = (1.6025234037033416, 6.660229250974547)
iter = 11 converged! (z, t) = (1.1842345963111296, 7.138937606535535)
iter = 12 converged! (z, t) = (0.7357139706658837, 6.580188236137156)
iter = 14 converged! (z, t) = (1.7462066878440294, 5.740115786674467)
iter = 14 converged! (z, t) = (1.665937618721687, 8.073957190194921)
iter = 14 converged! (z, t) = (1.5473582968496726, 11.123904903955532)
opt_freqs = [1.989009e+08 7.641349e+07 2.395780e+08 2.884551e+08 1.501450e+08 1.400769e+08 1.519713e+08 1.742125e+08 1.238550e+08 8.989649e+07]
opt_powers = [0.005287 0.000227 0.008696 0.008354 0.001966 0.001143 0.000847 0.003373 0.001151 0.000406]
uav_ene = [0.072116 0.002563 0.113432 0.080067 0.024164 0.011645 0.007934 0.04427  0.01457  0.004865]
optimize_network iter = 1 obj = 0.09688620477126893
solve_bound_eta tau = 15.0
af = [3.26049  2.974086 4.313479 5.674539 2.383037 4.086037 6.203205 3.692721 2.1407   2.371971]
bf = [6.105775 6.37835  5.103626 3.808281 6.940862 5.320087 3.305141 5.694412 7.171498 6.951393]
tmp = [-0.30068  -0.277812 -0.350644 -0.367803 -0.213909 -0.343507 -0.367031 -0.326837 -0.180854 -0.212485]
w0 = [-0.491583+0.j -0.424893+0.j -0.721339+0.j -0.979726+0.j -0.284229+0.j -0.673953+0.j -0.933576+0.j -0.58905 +0.j -0.226924+0.j -0.281593+0.j]
w_1 = [-1.776163+0.j -1.947207+0.j -1.342573+0.j -1.020552+0.j -2.43016 +0.j -1.417305+0.j -1.069503+0.j -1.568263+0.j -2.705265+0.j -2.441497+0.j]
xs_min = [-2.236297 -2.474031 -1.572951 -0.992543 -3.097648 -1.695069 -0.951718 -1.930932 -3.430059 -3.111622]
xs_max = [-0.951718 -0.951718 -0.951718 -0.951718 -0.951718 -0.951718 -0.81579  -0.951718 -0.951718 -0.951718]
solve_bound_eta x_min = -0.9517175649263975	x_max = -0.9517175649263976
solve_bound_eta eta_min = 0.38607734075923344	eta_max = 0.3860773407592334
Done!
af = 0.013638190780833325	bf = 0.046500930756986504	zeta = 0.013774572688641658	eta = 0.9900990099009901
af = 0.013638190780833325	bf = 0.046500930756986504	zeta = 4.7103001620169325	eta = 0.002895397386945613
af = 0.013638190780833325	bf = 0.046500930756986504	zeta = 0.12657764201137814	eta = 0.10774565368825073
af = 0.013638190780833325	bf = 0.046500930756986504	zeta = 0.08617113843942169	eta = 0.15826866196529332
af = 0.013638190780833325	bf = 0.046500930756986504	zeta = 0.08511315237559736	eta = 0.16023599643741437
af = 0.013638190780833325	bf = 0.046500930756986504	zeta = 0.08511191819467066	eta = 0.16023831996876894
eta = 0.16023831996876894
At round 0 optimal eta: 0.38607734075923344
At round 0 optimal freqs: [6.281720e+07 7.641349e+07 8.325701e+07 2.491945e+08 1.330412e+08 1.400769e+08 1.519713e+08 6.762106e+07 1.048510e+08 8.989649e+07]
At round 0 optimal decs: [0 1 0 0 0 1 1 0 0 1]
At round 0 optimal powers: [0.00012  0.000227 0.000229 0.004401 0.001314 0.001143 0.000847 0.000139 0.000667 0.000406]
At round 0 t_co: [0.282848 0.295475 0.236424 0.176418 0.321534 0.246452 0.15311  0.263792 0.332218 0.322022]
At round 0 e_co: [3.398181e-05 6.704277e-05 5.415601e-05 7.764577e-04 4.223739e-04 2.816740e-04 1.296432e-04 3.658980e-05 2.214531e-04 1.307715e-04]
At round 0 t_cp: [0.143749 0.131122 0.190173 0.25018  0.105063 0.180145 0.273487 0.162805 0.094379 0.104576]
At round 0 e_cp: [3.563195e-06 5.850388e-06 1.097517e-05 3.871392e-04 2.474062e-05 4.951339e-05 9.598918e-05 5.034005e-06 1.087916e-05 7.597290e-06]
At round 0 average t_co: 0.33221783434693436 average t_cp: 0.273487347882659 t: 0.42659715715781665
At round 0 average e_co: 0.0021541437473199406 average e_cp: 0.0006012815542289522 e: 0.002755425301548892
At round 0 a_n: 21.586735246819178
At round 0 local rounds: 12.369713614830934
At round 0 global rounds: 35.16197834026085
At round 0 tau: 15.0
At round 0 accuracy: 0.044186046511627906
At round 0 training accuracy: 0.05463182897862233
At round 0 training loss: 2.5910941173326187
At round 0 test loss: 2.536090832394223
gradient difference: 57.10553741455078
ground = 1 remain_eps = 0.0012444857628539409	remain_tau = 14.573402842842183
update_location
xs = [-276.88873  396.88873 -381.88873 -346.06469 -196.06469  -96.06469  396.06469 -176.88873  496.06469  421.88873]
ys = [-296.88873  351.88873 -396.88873  453.03192  383.03192  333.03192   61.96808 -196.88873   11.96808  381.88873]
dists_uav = [710.349787 257.215492 853.90058  602.071858 439.8257   332.310872 270.952857 570.825129 375.408552 292.30561 ]
uav_gains = [5.573691e-13 1.949518e-11 3.635755e-13 8.220571e-13 1.810530e-12 4.921303e-12 1.482062e-11 9.335520e-13 2.973071e-12 9.675801e-12]
dists_bs = [ 343.397083  939.80587   395.564073 1013.918444  904.536752  838.552685  687.513899  350.950231  712.875509  977.608221]
bs_gains = [3.638811e-11 2.525047e-12 2.501474e-11 2.064964e-12 2.794416e-12 3.415585e-12 5.781288e-12 3.434946e-11 5.252115e-12 2.274488e-12]
At round 1 optimal eta: 0.38607734075923344
At round 1 optimal freqs: [6.281720e+07 7.641349e+07 8.325701e+07 2.491945e+08 1.330412e+08 1.400769e+08 1.519713e+08 6.762106e+07 1.048510e+08 8.989649e+07]
At round 1 optimal decs: [0 1 0 0 0 1 1 0 0 1]
At round 1 optimal powers: [0.00012  0.000227 0.000229 0.004401 0.001314 0.001143 0.000847 0.000139 0.000667 0.000406]
At round 1 t_co: [0.281777 0.279448 0.234118 0.175556 0.319616 0.237019 0.146553 0.265306 0.330995 0.304135]
At round 1 e_co: [3.385307e-05 6.340607e-05 5.362767e-05 7.726675e-04 4.198542e-04 2.708934e-04 1.240911e-04 3.679982e-05 2.206377e-04 1.235079e-04]
At round 1 t_cp: [0.143749 0.131122 0.190173 0.25018  0.105063 0.180145 0.273487 0.162805 0.094379 0.104576]
At round 1 e_cp: [3.563195e-06 5.850388e-06 1.097517e-05 3.871392e-04 2.474062e-05 4.951339e-05 9.598918e-05 5.034005e-06 1.087916e-05 7.597290e-06]
At round 1 average t_co: 0.33099458180991675 average t_cp: 0.273487347882659 t: 0.42811130657306523
At round 1 average e_co: 0.0021193383083980165 average e_cp: 0.0006012815542289522 e: 0.002720619862626968
At round 1 a_n: 21.586735246819178
At round 1 local rounds: 12.369713614830934
At round 1 global rounds: 35.16197834026085
At round 1 tau: 14.573402842842183
At round 1 accuracy: 0.7209302325581395
At round 1 training accuracy: 0.6929928741092637
At round 1 training loss: 1.0701547118306443
At round 1 test loss: 1.100299034735491
gradient difference: 1.3043792247772217
ground = 2 remain_eps = 0.0015487448139461552	remain_tau = 14.145291536269118
update_location
xs = [-273.77746   393.77746  -378.77746  -342.129381 -192.129381  -92.129381  392.129381 -173.77746   492.129381  418.77746 ]
ys = [-293.77746   348.77746  -393.77746   451.063841  381.063841  331.063841   63.936159 -193.77746    13.936159  378.77746 ]
dists_uav = [705.997423 253.245609 849.532883 597.741385 435.553684 328.138312 266.963708 566.499229 371.216758 288.225362]
uav_gains = [5.654156e-13 2.105031e-11 3.679153e-13 8.362774e-13 1.860718e-12 5.227995e-12 1.606337e-11 9.507689e-13 3.097138e-12 1.047733e-11]
dists_bs = [ 342.756231  935.672948  393.389873 1010.729906  901.768923  836.154848  686.869306  352.094944  711.56286   973.460007]
bs_gains = [3.656868e-11 2.554711e-12 2.538278e-11 2.082272e-12 2.817203e-12 3.441603e-12 5.795677e-12 3.405431e-11 5.277830e-12 2.300263e-12]
At round 2 optimal eta: 0.38607734075923344
At round 2 optimal freqs: [6.281720e+07 7.641349e+07 8.325701e+07 2.491945e+08 1.330412e+08 1.400769e+08 1.519713e+08 6.762106e+07 1.048510e+08 8.989649e+07]
At round 2 optimal decs: [0 1 0 0 0 1 1 0 0 1]
At round 2 optimal powers: [0.00012  0.000227 0.000229 0.004401 0.001314 0.001143 0.000847 0.000139 0.000667 0.000406]
At round 2 t_co: [0.280793 0.264853 0.231867 0.174701 0.317715 0.227741 0.140455 0.266899 0.329797 0.287247]
At round 2 e_co: [3.373486e-05 6.009469e-05 5.311220e-05 7.689033e-04 4.173579e-04 2.602889e-04 1.189283e-04 3.702079e-05 2.198396e-04 1.166498e-04]
At round 2 t_cp: [0.143749 0.131122 0.190173 0.25018  0.105063 0.180145 0.273487 0.162805 0.094379 0.104576]
At round 2 e_cp: [3.563195e-06 5.850388e-06 1.097517e-05 3.871392e-04 2.474062e-05 4.951339e-05 9.598918e-05 5.034005e-06 1.087916e-05 7.597290e-06]
At round 2 average t_co: 0.3297973072261442 average t_cp: 0.273487347882659 t: 0.4297043400021711
At round 2 average e_co: 0.0020859302843160817 average e_cp: 0.0006012815542289522 e: 0.002687211838545034
At round 2 a_n: 21.586735246819178
At round 2 local rounds: 12.369713614830934
At round 2 global rounds: 35.16197834026085
At round 2 tau: 14.145291536269118
At round 2 accuracy: 0.7697674418604651
At round 2 training accuracy: 0.752375296912114
At round 2 training loss: 0.7188837420109804
At round 2 test loss: 0.8124845288867174
gradient difference: 1.187096357345581
ground = 3 remain_eps = 0.0019273908712498658	remain_tau = 13.715587196266947
update_location
xs = [-270.66619   390.66619  -375.66619  -338.194071 -188.194071  -88.194071  388.194071 -170.66619   488.194071  415.66619 ]
ys = [-290.66619   345.66619  -390.66619   449.095761  379.095761  329.095761   65.904239 -190.66619    15.904239  375.66619 ]
dists_uav = [701.645652 249.290168 845.165522 593.411936 431.284243 323.97177  262.987665 562.174479 367.029838 284.154656]
uav_gains = [5.736313e-13 2.268636e-11 3.723298e-13 8.508654e-13 1.913387e-12 5.566505e-12 1.739564e-11 9.684679e-13 3.231013e-12 1.135723e-11]
dists_bs = [ 342.170762  931.542473  391.253075 1007.550491  899.014107  833.773335  686.252319  353.29075   710.275042  969.314015]
bs_gains = [3.673473e-11 2.584839e-12 2.575179e-11 2.099730e-12 2.840137e-12 3.467715e-12 5.809495e-12 3.374971e-11 5.303226e-12 2.326428e-12]
At round 3 optimal eta: 0.38607734075923344
At round 3 optimal freqs: [6.281720e+07 7.641349e+07 8.325701e+07 2.491945e+08 1.330412e+08 1.400769e+08 1.519713e+08 6.762106e+07 1.048510e+08 8.989649e+07]
At round 3 optimal decs: [0 1 0 0 0 1 1 0 0 1]
At round 3 optimal powers: [0.00012  0.000227 0.000229 0.004401 0.001314 0.001143 0.000847 0.000139 0.000667 0.000406]
At round 3 t_co: [0.279896 0.251589 0.229673 0.173852 0.315833 0.218636 0.134804 0.268572 0.328626 0.271374]
At round 3 e_co: [3.362715e-05 5.708498e-05 5.260953e-05 7.651652e-04 4.148847e-04 2.498835e-04 1.141428e-04 3.725274e-05 2.190587e-04 1.102039e-04]
At round 3 t_cp: [0.143749 0.131122 0.190173 0.25018  0.105063 0.180145 0.273487 0.162805 0.094379 0.104576]
At round 3 e_cp: [3.563195e-06 5.850388e-06 1.097517e-05 3.871392e-04 2.474062e-05 4.951339e-05 9.598918e-05 5.034005e-06 1.087916e-05 7.597290e-06]
At round 3 average t_co: 0.3286259405694921 average t_cp: 0.273487347882659 t: 0.43137660261609495
At round 3 average e_co: 0.0020539133145820107 average e_cp: 0.0006012815542289522 e: 0.002655194868810963
At round 3 a_n: 21.586735246819178
At round 3 local rounds: 12.369713614830934
At round 3 global rounds: 35.16197834026085
At round 3 tau: 13.715587196266947
At round 3 accuracy: 0.7674418604651163
At round 3 training accuracy: 0.7707838479809976
At round 3 training loss: 0.5953916042382436
At round 3 test loss: 0.7056199219915293
gradient difference: 1.0732853412628174
ground = 4 remain_eps = 0.002398610498725111	remain_tau = 13.284210593650853
update_location
xs = [-267.554921  387.554921 -372.554921 -334.258761 -184.258761  -84.258761  384.258761 -167.554921  484.258761  412.554921]
ys = [-287.554921  342.554921 -387.554921  447.127681  377.127681  327.127681   67.872319 -187.554921   17.872319  372.554921]
dists_uav = [697.294487 245.349866 840.798501 589.083532 427.017451 319.811481 259.025332 557.850906 362.847961 280.093909]
uav_gains = [5.820212e-13 2.439814e-11 3.768209e-13 8.658344e-13 1.968736e-12 5.940609e-12 1.881600e-11 9.866684e-13 3.375805e-12 1.232003e-11]
dists_bs = [ 341.640963  927.414476  389.154294 1004.380288  896.272425  831.408287  685.663012  354.537134  709.012191  965.170271]
bs_gains = [3.688589e-11 2.615440e-12 2.612148e-11 2.117339e-12 2.863218e-12 3.493916e-12 5.822736e-12 3.343620e-11 5.328295e-12 2.352990e-12]
At round 4 optimal eta: 0.38607734075923344
At round 4 optimal freqs: [6.281720e+07 7.641349e+07 8.325701e+07 2.491945e+08 1.330412e+08 1.400769e+08 1.519713e+08 6.762106e+07 1.048510e+08 8.989649e+07]
At round 4 optimal decs: [0 1 0 0 0 1 1 0 0 1]
At round 4 optimal powers: [0.00012  0.000227 0.000229 0.004401 0.001314 0.001143 0.000847 0.000139 0.000667 0.000406]
At round 4 t_co: [0.279087 0.239547 0.227534 0.173008 0.313967 0.209727 0.12958  0.270323 0.32748  0.256523]
At round 4 e_co: [3.352992e-05 5.435265e-05 5.211956e-05 7.614530e-04 4.124347e-04 2.397011e-04 1.097197e-04 3.749573e-05 2.182952e-04 1.041727e-04]
At round 4 t_cp: [0.143749 0.131122 0.190173 0.25018  0.105063 0.180145 0.273487 0.162805 0.094379 0.104576]
At round 4 e_cp: [3.563195e-06 5.850388e-06 1.097517e-05 3.871392e-04 2.474062e-05 4.951339e-05 9.598918e-05 5.034005e-06 1.087916e-05 7.597290e-06]
At round 4 average t_co: 0.3274804131240635 average t_cp: 0.273487347882659 t: 0.43312845544001843
At round 4 average e_co: 0.002023274172873212 average e_cp: 0.0006012815542289522 e: 0.0026245557271021647
At round 4 a_n: 21.586735246819178
At round 4 local rounds: 12.369713614830934
At round 4 global rounds: 35.16197834026085
At round 4 tau: 13.284210593650853
At round 4 accuracy: 0.7837209302325582
At round 4 training accuracy: 0.7885985748218527
At round 4 training loss: 0.5231916560212583
At round 4 test loss: 0.7090065099226758
gradient difference: 1.060305118560791
ground = 5 remain_eps = 0.0029850366162953914	remain_tau = 12.851082138210835
update_location
xs = [-264.443651  384.443651 -369.443651 -330.323452 -180.323452  -80.323452  380.323452 -164.443651  480.323452  409.443651]
ys = [-284.443651  339.443651 -384.443651  445.159601  375.159601  325.159601   69.840399 -184.443651   19.840399  369.443651]
dists_uav = [692.943938 241.425446 836.431825 584.756197 422.753391 315.657693 255.077347 553.528537 358.671303 276.043561]
uav_gains = [5.905903e-13 2.618002e-11 3.813903e-13 8.811984e-13 2.026983e-12 6.354455e-12 2.032173e-11 1.005391e-12 3.532770e-12 1.336956e-11]
dists_bs = [ 341.167091  923.288992  387.09415  1001.219384  893.543997  829.059844  685.101458  355.833562  707.77444   961.028806]
bs_gains = [3.702181e-11 2.646523e-12 2.649150e-11 2.135099e-12 2.886445e-12 3.520205e-12 5.835393e-12 3.311435e-11 5.353023e-12 2.379957e-12]
At round 5 optimal eta: 0.38607734075923344
At round 5 optimal freqs: [6.281720e+07 7.641349e+07 8.325701e+07 2.491945e+08 1.330412e+08 1.400769e+08 1.519713e+08 6.762106e+07 1.048510e+08 8.989649e+07]
At round 5 optimal decs: [0 1 0 0 0 1 1 0 0 1]
At round 5 optimal powers: [0.00012  0.000227 0.000229 0.004401 0.001314 0.001143 0.000847 0.000139 0.000667 0.000406]
At round 5 t_co: [0.278365 0.228619 0.22545  0.172171 0.31212  0.201035 0.124763 0.272155 0.326361 0.242686]
At round 5 e_co: [3.344314e-05 5.187329e-05 5.164222e-05 7.577667e-04 4.100077e-04 2.297666e-04 1.056413e-04 3.774982e-05 2.175487e-04 9.855376e-05]
At round 5 t_cp: [0.143749 0.131122 0.190173 0.25018  0.105063 0.180145 0.273487 0.162805 0.094379 0.104576]
At round 5 e_cp: [3.563195e-06 5.850388e-06 1.097517e-05 3.871392e-04 2.474062e-05 4.951339e-05 9.598918e-05 5.034005e-06 1.087916e-05 7.597290e-06]
At round 5 average t_co: 0.3263606574931862 average t_cp: 0.273487347882659 t: 0.43496027522477154
At round 5 average e_co: 0.0019939933423266465 average e_cp: 0.0006012815542289522 e: 0.002595274896555599
At round 5 a_n: 21.586735246819178
At round 5 local rounds: 12.369713614830934
At round 5 global rounds: 35.16197834026085
At round 5 tau: 12.851082138210835
At round 5 accuracy: 0.7976744186046512
At round 5 training accuracy: 0.7951306413301663
At round 5 training loss: 0.4930327950834473
At round 5 test loss: 0.6429098791984278
gradient difference: 0.9148580431938171
ground = 6 remain_eps = 0.003714835570577317	remain_tau = 12.416121862986063
update_location
xs = [-261.332381  381.332381 -366.332381 -326.388142 -176.388142  -76.388142  376.388142 -161.332381  476.388142  406.332381]
ys = [-281.332381  336.332381 -381.332381  443.191522  373.191522  323.191522   71.808478 -181.332381   21.808478  366.332381]
dists_uav = [688.594018 237.517695 832.065501 580.429954 418.492145 311.510666 251.144388 549.207401 354.500048 272.004076]
uav_gains = [5.993435e-13 2.802638e-11 3.860397e-13 8.969722e-13 2.088374e-12 6.812551e-12 2.190890e-11 1.024657e-12 3.703324e-12 1.450869e-11]
dists_bs = [340.749381 919.166055 385.073262 998.067866 890.828945 826.728147 684.567724 357.179491 706.561922 956.889648]
bs_gains = [3.714220e-11 2.678098e-12 2.686152e-11 2.153011e-12 2.909816e-12 3.546576e-12 5.847457e-12 3.278470e-11 5.377401e-12 2.407336e-12]
At round 6 optimal eta: 0.38607734075923344
At round 6 optimal freqs: [6.281720e+07 7.641349e+07 8.325701e+07 2.491945e+08 1.330412e+08 1.400769e+08 1.519713e+08 6.762106e+07 1.048510e+08 8.989649e+07]
At round 6 optimal decs: [0 1 0 0 0 1 1 0 0 1]
At round 6 optimal powers: [0.00012  0.000227 0.000229 0.004401 0.001314 0.001143 0.000847 0.000139 0.000667 0.000406]
At round 6 t_co: [0.277729 0.218701 0.223421 0.171339 0.31029  0.192582 0.120331 0.274067 0.325267 0.229849]
At round 6 e_co: [3.336679e-05 4.962290e-05 5.117745e-05 7.541062e-04 4.076037e-04 2.201053e-04 1.018882e-04 3.801505e-05 2.168195e-04 9.334060e-05]
At round 6 t_cp: [0.143749 0.131122 0.190173 0.25018  0.105063 0.180145 0.273487 0.162805 0.094379 0.104576]
At round 6 e_cp: [3.563195e-06 5.850388e-06 1.097517e-05 3.871392e-04 2.474062e-05 4.951339e-05 9.598918e-05 5.034005e-06 1.087916e-05 7.597290e-06]
At round 6 average t_co: 0.3252666076082134 average t_cp: 0.273487347882659 t: 0.43687245430863914
At round 6 average e_co: 0.001966045639769061 average e_cp: 0.0006012815542289522 e: 0.002567327193998013
At round 6 a_n: 21.586735246819178
At round 6 local rounds: 12.369713614830934
At round 6 global rounds: 35.16197834026085
At round 6 tau: 12.416121862986063
At round 6 accuracy: 0.8162790697674419
At round 6 training accuracy: 0.8099762470308789
At round 6 training loss: 0.4311968208090804
At round 6 test loss: 0.5867216018411193
gradient difference: 0.884233295917511
ground = 7 remain_eps = 0.004623059978926867	remain_tau = 11.979249408677424
update_location
xs = [-258.221111  378.221111 -363.221111 -322.452832 -172.452832  -72.452832  372.452832 -158.221111  472.452832  403.221111]
ys = [-278.221111  333.221111 -378.221111  441.223442  371.223442  321.223442   73.776558 -178.221111   23.776558  363.221111]
dists_uav = [684.244739 233.627448 827.699534 576.104828 414.233801 307.370674 247.227172 544.887528 350.33439  267.975944]
uav_gains = [6.082864e-13 2.993202e-11 3.907711e-13 9.131713e-13 2.153180e-12 7.319753e-12 2.357265e-11 1.044491e-12 3.889067e-12 1.573914e-11]
dists_bs = [340.38804  915.045698 383.092252 994.925825 888.127392 824.41334  684.061877 358.574362 705.374767 952.752828]
bs_gains = [3.724677e-11 2.710174e-12 2.723119e-11 2.171077e-12 2.933331e-12 3.573027e-12 5.858923e-12 3.244782e-11 5.401418e-12 2.435134e-12]
At round 7 optimal eta: 0.38607734075923344
At round 7 optimal freqs: [6.281720e+07 7.641349e+07 8.325701e+07 2.491945e+08 1.330412e+08 1.400769e+08 1.519713e+08 6.762106e+07 1.048510e+08 8.989649e+07]
At round 7 optimal decs: [0 1 0 0 0 1 1 0 0 1]
At round 7 optimal powers: [0.00012  0.000227 0.000229 0.004401 0.001314 0.001143 0.000847 0.000139 0.000667 0.000406]
At round 7 t_co: [0.277181 0.20969  0.221446 0.170513 0.308477 0.184389 0.116258 0.27606  0.324198 0.217985]
At round 7 e_co: [3.330086e-05 4.757831e-05 5.072515e-05 7.504714e-04 4.052226e-04 2.107420e-04 9.843918e-05 3.829149e-05 2.161073e-04 8.852259e-05]
At round 7 t_cp: [0.143749 0.131122 0.190173 0.25018  0.105063 0.180145 0.273487 0.162805 0.094379 0.104576]
At round 7 e_cp: [3.563195e-06 5.850388e-06 1.097517e-05 3.871392e-04 2.474062e-05 4.951339e-05 9.598918e-05 5.034005e-06 1.087916e-05 7.597290e-06]
At round 7 average t_co: 0.3241981987371284 average t_cp: 0.273487347882659 t: 0.43886540046942035
At round 7 average e_co: 0.0019394008563473697 average e_cp: 0.0006012815542289522 e: 0.0025406824105763215
At round 7 a_n: 21.586735246819178
At round 7 local rounds: 12.369713614830934
At round 7 global rounds: 35.16197834026085
At round 7 tau: 11.979249408677424
At round 7 accuracy: 0.8209302325581396
At round 7 training accuracy: 0.8153206650831354
At round 7 training loss: 0.39740026268993023
At round 7 test loss: 0.6418162423741909
gradient difference: 0.7676559686660767
ground = 8 remain_eps = 0.005753332324594326	remain_tau = 11.540384008208003
update_location
xs = [-255.109841  375.109841 -360.109841 -318.517523 -168.517523  -68.517523  368.517523 -155.109841  468.517523  400.109841]
ys = [-275.109841  330.109841 -375.109841  439.255362  369.255362  319.255362   75.744638 -175.109841   25.744638  360.109841]
dists_uav = [679.896112 229.755596 823.333928 571.780845 409.978448 303.238004 243.326458 540.568947 346.174531 263.959687]
uav_gains = [6.174244e-13 3.189260e-11 3.955862e-13 9.298121e-13 2.221705e-12 7.881217e-12 2.530755e-11 1.064915e-12 4.091804e-12 1.706130e-11]
dists_bs = [340.083247 910.927956 381.151741 991.793349 885.439462 822.115563 683.583976 360.017608 704.213102 948.618376]
bs_gains = [3.733530e-11 2.742760e-12 2.760013e-11 2.189295e-12 2.956988e-12 3.599552e-12 5.869783e-12 3.210426e-11 5.425062e-12 2.463361e-12]
At round 8 optimal eta: 0.38607734075923344
At round 8 optimal freqs: [6.281720e+07 7.641349e+07 8.325701e+07 2.491945e+08 1.330412e+08 1.400769e+08 1.519713e+08 6.762106e+07 1.048510e+08 8.989649e+07]
At round 8 optimal decs: [0 1 0 0 0 1 1 0 0 1]
At round 8 optimal powers: [0.00012  0.000227 0.000229 0.004401 0.001314 0.001143 0.000847 0.000139 0.000667 0.000406]
At round 8 t_co: [0.276718 0.201489 0.219526 0.169693 0.306682 0.176479 0.112517 0.278135 0.323155 0.207058]
At round 8 e_co: [3.324533e-05 4.571752e-05 5.028527e-05 7.468622e-04 4.028643e-04 2.017007e-04 9.527219e-05 3.857919e-05 2.154121e-04 8.408550e-05]
At round 8 t_cp: [0.143749 0.131122 0.190173 0.25018  0.105063 0.180145 0.273487 0.162805 0.094379 0.104576]
At round 8 e_cp: [3.563195e-06 5.850388e-06 1.097517e-05 3.871392e-04 2.474062e-05 4.951339e-05 9.598918e-05 5.034005e-06 1.087916e-05 7.597290e-06]
At round 8 average t_co: 0.32315536749294854 average t_cp: 0.273487347882659 t: 0.4409395367666656
At round 8 average e_co: 0.0019140243882754962 average e_cp: 0.0006012815542289522 e: 0.0025153059425044484
At round 8 a_n: 21.586735246819178
At round 8 local rounds: 12.369713614830934
At round 8 global rounds: 35.16197834026085
At round 8 tau: 11.540384008208003
At round 8 accuracy: 0.8209302325581396
At round 8 training accuracy: 0.8206650831353919
At round 8 training loss: 0.3754600822347455
At round 8 test loss: 0.5447335825458732
gradient difference: 0.8602129817008972
ground = 9 remain_eps = 0.007159940166925007	remain_tau = 11.099444471441338
update_location
xs = [-251.998571  371.998571 -356.998571 -314.582213 -164.582213  -64.582213  364.582213 -151.998571  464.582213  396.998571]
ys = [-271.998571  326.998571 -371.998571  437.287282  367.287282  317.287282   77.712718 -171.998571   27.712718  356.998571]
dists_uav = [675.54815  225.903083 818.968691 567.458031 405.726181 299.11296  239.443053 536.251689 342.020681 259.955853]
uav_gains = [6.267633e-13 3.390495e-11 4.004872e-13 9.469116e-13 2.294290e-12 8.502336e-12 2.710795e-11 1.085957e-12 4.313569e-12 1.847419e-11]
dists_bs = [339.835153 906.812866 379.252351 988.670531 882.765277 819.834962 683.134082 361.508648 703.077055 944.486325]
bs_gains = [3.740757e-11 2.775867e-12 2.796795e-11 2.207668e-12 2.980785e-12 3.626148e-12 5.880033e-12 3.175455e-11 5.448322e-12 2.492023e-12]
At round 9 optimal eta: 0.38607734075923344
At round 9 optimal freqs: [6.281720e+07 7.641349e+07 8.325701e+07 2.491945e+08 1.330412e+08 1.400769e+08 1.519713e+08 6.762106e+07 1.048510e+08 8.989649e+07]
At round 9 optimal decs: [0 1 0 0 0 1 1 0 0 1]
At round 9 optimal powers: [0.00012  0.000227 0.000229 0.004401 0.001314 0.001143 0.000847 0.000139 0.000667 0.000406]
At round 9 t_co: [0.276343 0.194008 0.21766  0.168879 0.304904 0.168869 0.109084 0.28029  0.322138 0.197027]
At round 9 e_co: [3.320018e-05 4.401991e-05 4.985773e-05 7.432787e-04 4.005287e-04 1.930038e-04 9.236470e-05 3.887820e-05 2.147340e-04 8.001197e-05]
At round 9 t_cp: [0.143749 0.131122 0.190173 0.25018  0.105063 0.180145 0.273487 0.162805 0.094379 0.104576]
At round 9 e_cp: [3.563195e-06 5.850388e-06 1.097517e-05 3.871392e-04 2.474062e-05 4.951339e-05 9.598918e-05 5.034005e-06 1.087916e-05 7.597290e-06]
At round 9 average t_co: 0.32213805184193167 average t_cp: 0.273487347882659 t: 0.44309530137406106
At round 9 average e_co: 0.0018898778391102844 average e_cp: 0.0006012815542289522 e: 0.002491159393339237
At round 9 a_n: 21.586735246819178
At round 9 local rounds: 12.369713614830934
At round 9 global rounds: 35.16197834026085
At round 9 tau: 11.099444471441338
At round 9 accuracy: 0.8209302325581396
At round 9 training accuracy: 0.8218527315914489
At round 9 training loss: 0.3666328206522684
At round 9 test loss: 0.5228632855257958
gradient difference: 0.7449520826339722
ground = 10 remain_eps = 0.00891044360062424	remain_tau = 10.656349170067276
update_location
xs = [-248.887302  368.887302 -353.887302 -310.646903 -160.646903  -60.646903  360.646903 -148.887302  460.646903  393.887302]
ys = [-268.887302  323.887302 -368.887302  435.319203  365.319203  315.319203   79.680797 -168.887302   29.680797  353.887302]
dists_uav = [671.200867 222.070917 814.603828 563.136412 401.477097 294.995862 235.577813 531.935788 337.873064 255.965027]
uav_gains = [6.363090e-13 3.596731e-11 4.054759e-13 9.644881e-13 2.371314e-12 9.188644e-12 2.896842e-11 1.107644e-12 4.556644e-12 1.997543e-11]
dists_bs = [339.643884 902.700464 377.394703 985.557461 880.104965 817.571678 682.71225  363.046895 701.966749 940.356704]
bs_gains = [3.746342e-11 2.809505e-12 2.833425e-11 2.226196e-12 3.004721e-12 3.652810e-12 5.889666e-12 3.139925e-11 5.471189e-12 2.521129e-12]
At round 10 optimal eta: 0.38607734075923344
At round 10 optimal freqs: [6.281720e+07 7.641349e+07 8.325701e+07 2.491945e+08 1.330412e+08 1.400769e+08 1.519713e+08 6.762106e+07 1.048510e+08 8.989649e+07]
At round 10 optimal decs: [0 1 0 0 0 1 1 0 0 1]
At round 10 optimal powers: [0.00012  0.000227 0.000229 0.004401 0.001314 0.001143 0.000847 0.000139 0.000667 0.000406]
At round 10 t_co: [0.276053 0.187161 0.215847 0.168071 0.303143 0.161579 0.10593  0.282528 0.321146 0.187843]
At round 10 e_co: [3.316540e-05 4.246648e-05 4.944246e-05 7.397206e-04 3.982157e-04 1.846711e-04 8.969418e-05 3.918861e-05 2.140728e-04 7.628217e-05]
At round 10 t_cp: [0.143749 0.131122 0.190173 0.25018  0.105063 0.180145 0.273487 0.162805 0.094379 0.104576]
At round 10 e_cp: [3.563195e-06 5.850388e-06 1.097517e-05 3.871392e-04 2.474062e-05 4.951339e-05 9.598918e-05 5.034005e-06 1.087916e-05 7.597290e-06]
At round 10 average t_co: 0.32114619111157866 average t_cp: 0.273487347882659 t: 0.44533314740199353
At round 10 average e_co: 0.0018669195831940303 average e_cp: 0.0006012815542289522 e: 0.0024682011374229824
At round 10 a_n: 21.586735246819178
At round 10 local rounds: 12.369713614830934
At round 10 global rounds: 35.16197834026085
At round 10 tau: 10.656349170067276
At round 10 accuracy: 0.8232558139534883
At round 10 training accuracy: 0.8254156769596199
At round 10 training loss: 0.34249402252590005
At round 10 test loss: 0.5241856427148505
gradient difference: 0.9858590364456177
ground = 11 remain_eps = 0.011088920201689874	remain_tau = 10.211016022665282
update_location
xs = [-245.776032  365.776032 -350.776032 -306.711594 -156.711594  -56.711594  356.711594 -145.776032  456.711594  390.776032]
ys = [-265.776032  320.776032 -365.776032  433.351123  363.351123  313.351123   81.648877 -165.776032   31.648877  350.776032]
dists_uav = [666.854275 218.260169 810.239345 558.816017 397.2313   290.887048 231.731648 527.621276 333.73191  251.987827]
uav_gains = [6.460678e-13 3.807952e-11 4.105546e-13 9.825607e-13 2.453205e-12 9.945680e-12 3.088417e-11 1.130005e-12 4.823588e-12 2.156136e-11]
dists_bs = [339.509536 898.590786 375.579417 982.454233 877.458651 815.325858 682.318531 364.631749 700.882307 936.229546]
bs_gains = [3.750272e-11 2.843684e-12 2.869861e-11 2.244879e-12 3.028795e-12 3.679534e-12 5.898676e-12 3.103889e-11 5.493651e-12 2.550688e-12]
At round 11 optimal eta: 0.38607734075923344
At round 11 optimal freqs: [6.281720e+07 7.641349e+07 8.325701e+07 2.491945e+08 1.330412e+08 1.400769e+08 1.519713e+08 6.762106e+07 1.048510e+08 8.989649e+07]
At round 11 optimal decs: [0 1 0 0 0 1 1 0 0 1]
At round 11 optimal powers: [0.00012  0.000227 0.000229 0.004401 0.001314 0.001143 0.000847 0.000139 0.000667 0.000406]
At round 11 t_co: [0.27585  0.180874 0.214087 0.167268 0.3014   0.154622 0.103029 0.284849 0.32018  0.179451]
At round 11 e_co: [3.314099e-05 4.103986e-05 4.903940e-05 7.361880e-04 3.959253e-04 1.767198e-04 8.723850e-05 3.951046e-05 2.134286e-04 7.287435e-05]
At round 11 t_cp: [0.143749 0.131122 0.190173 0.25018  0.105063 0.180145 0.273487 0.162805 0.094379 0.104576]
At round 11 e_cp: [3.563195e-06 5.850388e-06 1.097517e-05 3.871392e-04 2.474062e-05 4.951339e-05 9.598918e-05 5.034005e-06 1.087916e-05 7.597290e-06]
At round 11 average t_co: 0.3201797259984332 average t_cp: 0.273487347882659 t: 0.4476535427103655
At round 11 average e_co: 0.0018451052876126916 average e_cp: 0.0006012815542289522 e: 0.0024463868418416438
At round 11 a_n: 21.586735246819178
At round 11 local rounds: 12.369713614830934
At round 11 global rounds: 35.16197834026085
At round 11 tau: 10.211016022665282
At round 11 accuracy: 0.827906976744186
At round 11 training accuracy: 0.830166270783848
At round 11 training loss: 0.3289528506232081
At round 11 test loss: 0.4963778625520365
gradient difference: 0.6865571737289429
ground = 12 remain_eps = 0.0138000033164265	remain_tau = 9.763362479954916
update_location
xs = [-242.664762  362.664762 -347.664762 -302.776284 -152.776284  -52.776284  352.776284 -142.664762  452.776284  387.664762]
ys = [-262.664762  317.664762 -362.664762  431.383043  361.383043  311.383043   83.616957 -162.664762   33.616957  347.664762]
dists_uav = [662.508388 214.471981 805.875249 554.496873 392.988895 286.786873 227.905523 523.308188 329.597464 248.024907]
uav_gains = [6.560460e-13 4.024299e-11 4.157252e-13 1.001150e-12 2.540443e-12 1.077883e-11 3.285137e-11 1.153071e-12 5.117258e-12 2.322731e-11]
dists_bs = [339.432176 894.483869 373.807108 979.36094  874.826463 813.097644 681.952974 366.262607 699.823849 932.104885]
bs_gains = [3.752538e-11 2.878415e-12 2.906060e-11 2.263717e-12 3.053005e-12 3.706315e-12 5.907059e-12 3.067398e-11 5.515697e-12 2.580708e-12]
At round 12 optimal eta: 0.38607734075923344
At round 12 optimal freqs: [6.281720e+07 7.641349e+07 8.325701e+07 2.491945e+08 1.330412e+08 1.400769e+08 1.519713e+08 6.762106e+07 1.048510e+08 8.989649e+07]
At round 12 optimal decs: [0 1 0 0 0 1 1 0 0 1]
At round 12 optimal powers: [0.00012  0.000227 0.000229 0.004401 0.001314 0.001143 0.000847 0.000139 0.000667 0.000406]
At round 12 t_co: [0.275733 0.175076 0.21238  0.166471 0.299673 0.14801  0.100358 0.287252 0.319239 0.171796]
At round 12 e_co: [3.312694e-05 3.972443e-05 4.864848e-05 7.326808e-04 3.936574e-04 1.691635e-04 8.497627e-05 3.984384e-05 2.128012e-04 6.976549e-05]
At round 12 t_cp: [0.143749 0.131122 0.190173 0.25018  0.105063 0.180145 0.273487 0.162805 0.094379 0.104576]
At round 12 e_cp: [3.563195e-06 5.850388e-06 1.097517e-05 3.871392e-04 2.474062e-05 4.951339e-05 9.598918e-05 5.034005e-06 1.087916e-05 7.597290e-06]
At round 12 average t_co: 0.3192385985756799 average t_cp: 0.273487347882659 t: 0.45005696971179654
At round 12 average e_co: 0.0018243883962184636 average e_cp: 0.0006012815542289522 e: 0.002425669950447416
At round 12 a_n: 21.586735246819178
At round 12 local rounds: 12.369713614830934
At round 12 global rounds: 35.16197834026085
At round 12 tau: 9.763362479954916
At round 12 accuracy: 0.8302325581395349
At round 12 training accuracy: 0.833729216152019
At round 12 training loss: 0.3139669865552669
At round 12 test loss: 0.4918545308919955
gradient difference: 0.6490865349769592
ground = 13 remain_eps = 0.017173907654629946	remain_tau = 9.313305510243119
update_location
xs = [-239.553492  359.553492 -344.553492 -298.840974 -148.840974  -48.840974  348.840974 -139.553492  448.840974  384.553492]
ys = [-259.553492  314.553492 -359.553492  429.414963  359.414963  309.414963   85.585037 -159.553492   35.585037  344.553492]
dists_uav = [658.16322  210.707569 801.511545 550.179011 388.749993 282.695713 224.100464 518.996558 325.469982 244.076963]
uav_gains = [6.662505e-13 4.246075e-11 4.209901e-13 1.020276e-12 2.633567e-12 1.169311e-11 3.486749e-11 1.176877e-12 5.440831e-12 2.496790e-11]
dists_bs = [339.411842 890.379753 372.078393 976.277677 872.208527 810.887183 681.615625 367.938856 698.791494 927.982753]
bs_gains = [3.753134e-11 2.913708e-12 2.941977e-11 2.282712e-12 3.077348e-12 3.733150e-12 5.914810e-12 3.030505e-11 5.537317e-12 2.611198e-12]
At round 13 optimal eta: 0.38607734075923344
At round 13 optimal freqs: [6.281720e+07 7.641349e+07 8.325701e+07 2.491945e+08 1.330412e+08 1.400769e+08 1.519713e+08 6.762106e+07 1.048510e+08 8.989649e+07]
At round 13 optimal decs: [0 1 0 0 0 1 1 0 0 1]
At round 13 optimal powers: [0.00012  0.000227 0.000229 0.004401 0.001314 0.001143 0.000847 0.000139 0.000667 0.000406]
At round 13 t_co: [0.275702 0.169707 0.210727 0.16568  0.297964 0.141753 0.097891 0.289739 0.318323 0.164818]
At round 13 e_co: [3.312325e-05 3.850623e-05 4.826964e-05 7.291988e-04 3.914119e-04 1.620121e-04 8.288717e-05 4.018879e-05 2.121907e-04 6.693193e-05]
At round 13 t_cp: [0.143749 0.131122 0.190173 0.25018  0.105063 0.180145 0.273487 0.162805 0.094379 0.104576]
At round 13 e_cp: [3.563195e-06 5.850388e-06 1.097517e-05 3.871392e-04 2.474062e-05 4.951339e-05 9.598918e-05 5.034005e-06 1.087916e-05 7.597290e-06]
At round 13 average t_co: 0.31832275230053675 average t_cp: 0.273487347882659 t: 0.45254392516538344
At round 13 average e_co: 0.001804720583219298 average e_cp: 0.0006012815542289522 e: 0.0024060021374482502
At round 13 a_n: 21.586735246819178
At round 13 local rounds: 12.369713614830934
At round 13 global rounds: 35.16197834026085
At round 13 tau: 9.313305510243119
At round 13 accuracy: 0.8302325581395349
At round 13 training accuracy: 0.838479809976247
At round 13 training loss: 0.2978264526290758
At round 13 test loss: 0.4854263953915111
gradient difference: 0.5927909016609192
ground = 14 remain_eps = 0.021372683568755282	remain_tau = 8.860761585077736
update_location
xs = [-236.442222  356.442222 -341.442222 -294.905665 -144.905665  -44.905665  344.905665 -136.442222  444.905665  381.442222]
ys = [-256.442222  311.442222 -356.442222  427.446884  357.446884  307.446884   87.553116 -156.442222   37.553116  341.442222]
dists_uav = [653.818786 206.968232 797.148239 545.862461 384.514712 278.613966 220.317563 514.686425 321.349732 240.144734]
uav_gains = [6.766881e-13 4.473726e-11 4.263515e-13 1.039963e-12 2.733186e-12 1.269297e-11 3.693140e-11 1.201456e-12 5.797816e-12 2.677742e-11]
dists_bs = [339.448546 886.278477 370.39388  973.204538 869.604974 808.69462  681.306526 369.65988  697.785356 923.863184]
bs_gains = [3.752058e-11 2.949575e-12 2.977566e-11 2.301864e-12 3.101824e-12 3.760031e-12 5.921923e-12 2.993260e-11 5.558500e-12 2.642167e-12]
At round 14 optimal eta: 0.38607734075923344
At round 14 optimal freqs: [6.281720e+07 7.641349e+07 8.325701e+07 2.491945e+08 1.330412e+08 1.400769e+08 1.519713e+08 6.762106e+07 1.048510e+08 8.989649e+07]
At round 14 optimal decs: [0 1 0 0 0 1 1 0 1 1]
At round 14 optimal powers: [0.00012  0.000227 0.000229 0.004401 0.001314 0.001143 0.000847 0.000139 0.000667 0.000406]
At round 14 t_co: [0.275758 0.164713 0.209125 0.164895 0.296271 0.135855 0.095605 0.29231  0.307811 0.15846 ]
At round 14 e_co: [3.312992e-05 3.737296e-05 4.790281e-05 7.257421e-04 3.891886e-04 1.552713e-04 8.095217e-05 4.054541e-05 2.051837e-04 6.434982e-05]
At round 14 t_cp: [0.143749 0.131122 0.190173 0.25018  0.105063 0.180145 0.273487 0.162805 0.094379 0.104576]
At round 14 e_cp: [3.563195e-06 5.850388e-06 1.097517e-05 3.871392e-04 2.474062e-05 4.951339e-05 9.598918e-05 5.034005e-06 1.087916e-05 7.597290e-06]
At round 14 average t_co: 0.3078109750429633 average t_cp: 0.273487347882659 t: 0.455114919961251
At round 14 average e_co: 0.0017796388187464047 average e_cp: 0.0006012815542289522 e: 0.002380920372975357
At round 14 a_n: 21.586735246819178
At round 14 local rounds: 12.369713614830934
At round 14 global rounds: 35.16197834026085
At round 14 tau: 8.860761585077736
At round 14 accuracy: 0.8302325581395349
At round 14 training accuracy: 0.8408551068883611
At round 14 training loss: 0.2766776943309432
At round 14 test loss: 0.4730726591390811
gradient difference: 0.7136638760566711
ground = 15 remain_eps = 0.026598000415298306	remain_tau = 8.405646665116485
update_location
xs = [-233.330952  353.330952 -338.330952 -290.970355 -140.970355  -40.970355  340.970355 -133.330952  440.970355  378.330952]
ys = [-253.330952  308.330952 -353.330952  425.478804  355.478804  305.478804   89.521196 -153.330952   39.521196  338.330952]
dists_uav = [649.4751   203.255352 792.78534  541.547254 380.28317  274.542051 216.557981 510.377825 317.236995 236.229005]
uav_gains = [6.873662e-13 4.707832e-11 4.318116e-13 1.060235e-12 2.839986e-12 1.378204e-11 3.904353e-11 1.226848e-12 6.192067e-12 2.865035e-11]
dists_bs = [339.542269 882.180078 368.754177 970.141621 867.015931 806.520101 681.025714 371.425055 696.80555  919.746212]
bs_gains = [3.749314e-11 2.986028e-12 3.012781e-11 2.321173e-12 3.126431e-12 3.786956e-12 5.928396e-12 2.955710e-11 5.579237e-12 2.673624e-12]
At round 15 optimal eta: 0.38607734075923344
At round 15 optimal freqs: [6.281720e+07 7.641349e+07 8.325701e+07 2.491945e+08 1.330412e+08 1.400769e+08 1.519713e+08 6.762106e+07 1.048510e+08 8.989649e+07]
At round 15 optimal decs: [0 1 0 0 0 1 1 0 1 1]
At round 15 optimal powers: [0.00012  0.000227 0.000229 0.004401 0.001314 0.001143 0.000847 0.000139 0.000667 0.000406]
At round 15 t_co: [0.275899 0.160045 0.207576 0.164115 0.294596 0.130318 0.093481 0.294966 0.29354  0.152663]
At round 15 e_co: [3.314694e-05 3.631385e-05 4.754795e-05 7.223106e-04 3.869877e-04 1.489424e-04 7.915362e-05 4.091375e-05 1.956710e-04 6.199571e-05]
At round 15 t_cp: [0.143749 0.131122 0.190173 0.25018  0.105063 0.180145 0.273487 0.162805 0.094379 0.104576]
At round 15 e_cp: [3.563195e-06 5.850388e-06 1.097517e-05 3.871392e-04 2.474062e-05 4.951339e-05 9.598918e-05 5.034005e-06 1.087916e-05 7.597290e-06]
At round 15 average t_co: 0.29496550653015574 average t_cp: 0.273487347882659 t: 0.4577704788961591
At round 15 average e_co: 0.0017529834118727855 average e_cp: 0.0006012815542289522 e: 0.002354264966101738
At round 15 a_n: 21.586735246819178
At round 15 local rounds: 12.369713614830934
At round 15 global rounds: 35.16197834026085
At round 15 tau: 8.405646665116485
At round 15 accuracy: 0.8348837209302326
At round 15 training accuracy: 0.8450118764845606
At round 15 training loss: 0.2639890644607899
At round 15 test loss: 0.4652633180228142
gradient difference: 0.7172982096672058
ground = 16 remain_eps = 0.03310083283722195	remain_tau = 7.947876186220326
update_location
xs = [-230.219683  350.219683 -335.219683 -287.035045 -137.035045  -37.035045  337.035045 -130.219683  437.035045  375.219683]
ys = [-250.219683  305.219683 -350.219683  423.510724  353.510724  303.510724   91.489276 -150.219683   41.489276  335.219683]
dists_uav = [645.132177 199.570407 788.422853 537.233423 376.055495 270.480413 212.822954 506.070798 313.132067 232.33061 ]
uav_gains = [6.982923e-13 4.949082e-11 4.373731e-13 1.081116e-12 2.954744e-12 1.496291e-11 4.120582e-11 1.253094e-12 6.627782e-12 3.058171e-11]
dists_bs = [339.692963 878.084599 367.159882 967.089021 864.441531 804.363773 680.773226 373.233755 695.852187 915.631874]
bs_gains = [3.744908e-11 3.023077e-12 3.047574e-11 2.340639e-12 3.151165e-12 3.813919e-12 5.934225e-12 2.917905e-11 5.599516e-12 2.705579e-12]
At round 16 optimal eta: 0.38607734075923344
At round 16 optimal freqs: [6.281720e+07 7.641349e+07 8.325701e+07 2.491945e+08 1.330412e+08 1.400769e+08 1.519713e+08 6.762106e+07 1.048510e+08 8.989649e+07]
At round 16 optimal decs: [0 1 0 0 0 1 1 0 1 1]
At round 16 optimal powers: [0.00012  0.000227 0.000229 0.004401 0.001314 0.001143 0.000847 0.000139 0.000667 0.000406]
At round 16 t_co: [0.276127 0.155663 0.206079 0.163341 0.292937 0.125138 0.091499 0.297706 0.279689 0.147371]
At round 16 e_co: [3.317432e-05 3.531958e-05 4.720498e-05 7.189041e-04 3.848088e-04 1.430228e-04 7.747543e-05 4.129390e-05 1.864376e-04 5.984684e-05]
At round 16 t_cp: [0.143749 0.131122 0.190173 0.25018  0.105063 0.180145 0.273487 0.162805 0.094379 0.104576]
At round 16 e_cp: [3.563195e-06 5.850388e-06 1.097517e-05 3.871392e-04 2.474062e-05 4.951339e-05 9.598918e-05 5.034005e-06 1.087916e-05 7.597290e-06]
At round 16 average t_co: 0.29770616807448746 average t_cp: 0.273487347882659 t: 0.46051114044049085
At round 16 average e_co: 0.0017274883614017188 average e_cp: 0.0006012815542289522 e: 0.0023287699156306707
At round 16 a_n: 21.586735246819178
At round 16 local rounds: 12.369713614830934
At round 16 global rounds: 35.16197834026085
At round 16 tau: 7.947876186220326
At round 16 accuracy: 0.8348837209302326
At round 16 training accuracy: 0.8396674584323041
At round 16 training loss: 0.2674855169265731
At round 16 test loss: 0.4942495643514995
gradient difference: 0.6600398421287537
ground = 17 remain_eps = 0.041193515204530934	remain_tau = 7.4873650457798355
update_location
xs = [-227.108413  347.108413 -332.108413 -283.099736 -133.099736  -33.099736  333.099736 -127.108413  433.099736  372.108413]
ys = [-247.108413  302.108413 -347.108413  421.542645  351.542645  301.542645   93.457355 -147.108413   43.457355  332.108413]
dists_uav = [640.790032 195.914973 784.060785 532.921    371.831818 266.429521 209.113798 501.765384 309.03526  228.450437]
uav_gains = [7.094743e-13 5.198259e-11 4.430382e-13 1.102635e-12 3.078335e-12 1.623692e-11 4.342164e-11 1.280237e-12 7.109486e-12 3.256752e-11]
dists_bs = [339.900553 873.99208  365.611591 964.046838 861.881903 802.225781 680.549092 375.085352 694.925376 911.520204]
bs_gains = [3.738850e-11 3.060735e-12 3.081894e-11 2.360263e-12 3.176025e-12 3.840913e-12 5.939405e-12 2.879889e-11 5.619328e-12 2.738040e-12]
At round 17 optimal eta: 0.38607734075923344
At round 17 optimal freqs: [6.281720e+07 7.641349e+07 8.325701e+07 2.491945e+08 1.330412e+08 1.400769e+08 1.519713e+08 6.762106e+07 1.048510e+08 8.989649e+07]
At round 17 optimal decs: [0 1 0 0 0 1 1 0 1 1]
At round 17 optimal powers: [0.00012  0.000227 0.000229 0.004401 0.001314 0.001143 0.000847 0.000139 0.000667 0.000406]
At round 17 t_co: [0.276442 0.151531 0.204633 0.162573 0.291295 0.120311 0.089642 0.300532 0.266291 0.142532]
At round 17 e_co: [3.321207e-05 3.438215e-05 4.687386e-05 7.155227e-04 3.826521e-04 1.375056e-04 7.590307e-05 4.168593e-05 1.775072e-04 5.788157e-05]
At round 17 t_cp: [0.143749 0.131122 0.190173 0.25018  0.105063 0.180145 0.273487 0.162805 0.094379 0.104576]
At round 17 e_cp: [3.563195e-06 5.850388e-06 1.097517e-05 3.871392e-04 2.474062e-05 4.951339e-05 9.598918e-05 5.034005e-06 1.087916e-05 7.597290e-06]
At round 17 average t_co: 0.3005324841309639 average t_cp: 0.273487347882659 t: 0.4633374564969673
At round 17 average e_co: 0.0017031261147933238 average e_cp: 0.0006012815542289522 e: 0.0023044076690222756
At round 17 a_n: 21.586735246819178
At round 17 local rounds: 12.369713614830934
At round 17 global rounds: 35.16197834026085
At round 17 tau: 7.4873650457798355
At round 17 accuracy: 0.8348837209302326
At round 17 training accuracy: 0.8408551068883611
At round 17 training loss: 0.2652085510516865
At round 17 test loss: 0.49174184796234316
gradient difference: 0.5688343048095703
ground = 18 remain_eps = 0.0512647431939461	remain_tau = 7.024027589282868
update_location
xs = [-223.997143  343.997143 -328.997143 -279.164426 -129.164426  -29.164426  329.164426 -123.997143  429.164426  368.997143]
ys = [-243.997143  298.997143 -343.997143  419.574565  349.574565  299.574565   95.425435 -143.997143   45.425435  328.997143]
dists_uav = [636.448683 192.290732 779.699144 528.610021 367.612278 262.389873 205.431914 497.461625 304.946902 224.589429]
uav_gains = [7.209203e-13 5.456217e-11 4.488097e-13 1.124819e-12 3.211753e-12 1.760402e-11 4.569568e-11 1.308324e-12 7.642000e-12 3.460508e-11]
dists_bs = [340.164935 869.902563 364.109889 961.01517  859.337181 800.106273 680.353341 376.979211 694.025223 907.411238]
bs_gains = [3.731155e-11 3.099013e-12 3.115692e-11 2.380046e-12 3.201010e-12 3.867935e-12 5.943935e-12 2.841708e-11 5.638663e-12 2.771019e-12]
At round 18 optimal eta: 0.38607734075923344
At round 18 optimal freqs: [6.281720e+07 7.641349e+07 8.325701e+07 2.491945e+08 1.330412e+08 1.400769e+08 1.519713e+08 6.762106e+07 1.048510e+08 8.989649e+07]
At round 18 optimal decs: [0 1 0 0 0 1 1 0 1 1]
At round 18 optimal powers: [0.00012  0.000227 0.000229 0.004401 0.001314 0.001143 0.000847 0.000139 0.000667 0.000406]
At round 18 t_co: [0.276842 0.14762  0.203239 0.16181  0.28967  0.115826 0.087895 0.303445 0.253383 0.138094]
At round 18 e_co: [3.326020e-05 3.349473e-05 4.655453e-05 7.121662e-04 3.805173e-04 1.323801e-04 7.442359e-05 4.208992e-05 1.689022e-04 5.607955e-05]
At round 18 t_cp: [0.143749 0.131122 0.190173 0.25018  0.105063 0.180145 0.273487 0.162805 0.094379 0.104576]
At round 18 e_cp: [3.563195e-06 5.850388e-06 1.097517e-05 3.871392e-04 2.474062e-05 4.951339e-05 9.598918e-05 5.034005e-06 1.087916e-05 7.597290e-06]
At round 18 average t_co: 0.3034450197854881 average t_cp: 0.273487347882659 t: 0.4662499921514915
At round 18 average e_co: 0.0016798683400916117 average e_cp: 0.0006012815542289522 e: 0.002281149894320564
At round 18 a_n: 21.586735246819178
At round 18 local rounds: 12.369713614830934
At round 18 global rounds: 35.16197834026085
At round 18 tau: 7.024027589282868
At round 18 accuracy: 0.8348837209302326
At round 18 training accuracy: 0.8485748218527316
At round 18 training loss: 0.23742393538833653
At round 18 test loss: 0.44806517181311584
gradient difference: 0.6405186057090759
ground = 19 remain_eps = 0.06379824304122939	remain_tau = 6.557777597131377
update_location
xs = [-220.885873  340.885873 -325.885873 -275.229116 -125.229116  -25.229116  325.229116 -120.885873  425.229116  365.885873]
ys = [-240.885873  295.885873 -340.885873  417.606485  347.606485  297.606485   97.393515 -140.885873   47.393515  325.885873]
dists_uav = [632.108144 188.699483 775.337935 524.300521 363.397019 258.361997 201.778794 493.159565 300.867335 220.748592]
uav_gains = [7.326390e-13 5.723867e-11 4.546901e-13 1.147700e-12 3.356119e-12 1.906274e-11 4.803377e-11 1.337406e-12 8.230387e-12 3.669319e-11]
dists_bs = [340.485976 865.81609  362.655357 957.994117 856.807496 798.005397 680.185996 378.914701 693.151832 903.305014]
bs_gains = [3.721839e-11 3.137925e-12 3.148917e-11 2.399988e-12 3.226115e-12 3.894979e-12 5.947811e-12 2.803404e-11 5.657510e-12 2.804525e-12]
At round 19 optimal eta: 0.38607734075923344
At round 19 optimal freqs: [6.281720e+07 7.641349e+07 8.325701e+07 2.491945e+08 1.330412e+08 1.400769e+08 1.519713e+08 6.762106e+07 1.048510e+08 8.989649e+07]
At round 19 optimal decs: [0 1 0 0 0 1 1 0 1 1]
At round 19 optimal powers: [0.00012  0.000227 0.000229 0.004401 0.001314 0.001143 0.000847 0.000139 0.000667 0.000406]
At round 19 t_co: [0.277329 0.143904 0.201896 0.161053 0.288062 0.111672 0.086244 0.306444 0.240993 0.134013]
At round 19 e_co: [3.331872e-05 3.265157e-05 4.624694e-05 7.088346e-04 3.784045e-04 1.276323e-04 7.302553e-05 4.250595e-05 1.606436e-04 5.442193e-05]
At round 19 t_cp: [0.143749 0.131122 0.190173 0.25018  0.105063 0.180145 0.273487 0.162805 0.094379 0.104576]
At round 19 e_cp: [3.563195e-06 5.850388e-06 1.097517e-05 3.871392e-04 2.474062e-05 4.951339e-05 9.598918e-05 5.034005e-06 1.087916e-05 7.597290e-06]
At round 19 average t_co: 0.3064443530505392 average t_cp: 0.273487347882659 t: 0.4692493254165426
At round 19 average e_co: 0.001657685651988631 average e_cp: 0.0006012815542289522 e: 0.002258967206217583
At round 19 a_n: 21.586735246819178
At round 19 local rounds: 12.369713614830934
At round 19 global rounds: 35.16197834026085
At round 19 tau: 6.557777597131377
At round 19 accuracy: 0.8395348837209302
At round 19 training accuracy: 0.8491686460807601
At round 19 training loss: 0.24346212390353072
At round 19 test loss: 0.4422261769316684
gradient difference: 0.7682984471321106
ground = 20 remain_eps = 0.07939600515990548	remain_tau = 6.088528271714835
update_location
xs = [-217.774603  337.774603 -322.774603 -271.293807 -121.293807  -21.293807  321.293807 -117.774603  421.293807  362.774603]
ys = [-237.774603  292.774603 -337.774603  415.638405  345.638405  295.638405   99.361595 -137.774603   49.361595  322.774603]
dists_uav = [627.768434 185.143145 770.977168 519.992536 359.18619  254.346451 198.15603  488.859249 296.796924 216.928999]
uav_gains = [7.446392e-13 6.002154e-11 4.606821e-13 1.171309e-12 3.512704e-12 2.061020e-11 5.044265e-11 1.367538e-12 8.879867e-12 3.883230e-11]
dists_bs = [340.863516 861.732705 361.248562 954.983779 854.292983 795.923299 680.04708  380.891186 692.305303 899.201568]
bs_gains = [3.710925e-11 3.177483e-12 3.181517e-11 2.420088e-12 3.251340e-12 3.922038e-12 5.951031e-12 2.765019e-11 5.675861e-12 2.838568e-12]
At round 20 optimal eta: 0.38607734075923344
At round 20 optimal freqs: [6.281720e+07 7.641349e+07 8.325701e+07 2.491945e+08 1.330412e+08 1.400769e+08 1.519713e+08 6.762106e+07 1.048510e+08 8.989649e+07]
At round 20 optimal decs: [0 1 0 0 0 1 1 0 1 1]
At round 20 optimal powers: [0.00012  0.000227 0.000229 0.004401 0.001314 0.001143 0.000847 0.000139 0.000667 0.000406]
At round 20 t_co: [0.277903 0.140362 0.200604 0.160302 0.28647  0.107834 0.084677 0.309531 0.229151 0.130244]
At round 20 e_co: [3.338764e-05 3.184785e-05 4.595104e-05 7.055278e-04 3.763135e-04 1.232453e-04 7.169891e-05 4.293410e-05 1.527497e-04 5.289148e-05]
At round 20 t_cp: [0.143749 0.131122 0.190173 0.25018  0.105063 0.180145 0.273487 0.162805 0.094379 0.104576]
At round 20 e_cp: [3.563195e-06 5.850388e-06 1.097517e-05 3.871392e-04 2.474062e-05 4.951339e-05 9.598918e-05 5.034005e-06 1.087916e-05 7.597290e-06]
At round 20 average t_co: 0.3095310746015759 average t_cp: 0.273487347882659 t: 0.4723360469675793
At round 20 average e_co: 0.0016365473416806917 average e_cp: 0.0006012815542289522 e: 0.0022378288959096445
At round 20 a_n: 21.586735246819178
At round 20 local rounds: 12.369713614830934
At round 20 global rounds: 35.16197834026085
At round 20 tau: 6.088528271714835
At round 20 accuracy: 0.8395348837209302
At round 20 training accuracy: 0.8515439429928741
At round 20 training loss: 0.23809962550049865
At round 20 test loss: 0.6505569209474638
gradient difference: 0.6607110500335693
ground = 21 remain_eps = 0.0988071980489804	remain_tau = 5.616192224747255
update_location
xs = [-214.663333  334.663333 -319.663333 -267.358497 -117.358497  -17.358497  317.358497 -114.663333  417.358497  359.663333]
ys = [-234.663333  289.663333 -334.663333  413.670326  343.670326  293.670326  101.329674 -134.663333   51.329674  319.663333]
dists_uav = [623.429568 181.623769 766.616849 515.686106 354.97995  250.34383  194.565318 484.560722 292.73605  213.13179 ]
uav_gains = [7.569304e-13 6.292042e-11 4.667887e-13 1.195684e-12 3.682948e-12 2.224232e-11 5.292983e-11 1.398779e-12 9.595711e-12 4.102448e-11]
dists_bs = [341.297368 857.652451 359.890067 951.984259 851.793775 793.860128 679.93661  382.908031 691.485737 895.10094 ]
bs_gains = [3.698437e-11 3.217700e-12 3.213442e-11 2.440347e-12 3.276681e-12 3.949108e-12 5.953594e-12 2.726592e-11 5.693705e-12 2.873159e-12]
At round 21 optimal eta: 0.38607734075923344
At round 21 optimal freqs: [6.281720e+07 7.641349e+07 8.325701e+07 2.491945e+08 1.330412e+08 1.400769e+08 1.519713e+08 6.762106e+07 1.048510e+08 8.989649e+07]
At round 21 optimal decs: [0 1 0 0 0 1 1 0 1 1]
At round 21 optimal powers: [0.00012  0.000227 0.000229 0.004401 0.001314 0.001143 0.000847 0.000139 0.000667 0.000406]
At round 21 t_co: [0.278563 0.136976 0.199364 0.159556 0.284895 0.104294 0.083185 0.312706 0.217879 0.12675 ]
At round 21 e_co: [3.346698e-05 3.107954e-05 4.566678e-05 7.022458e-04 3.742443e-04 1.191996e-04 7.043511e-05 4.337445e-05 1.452359e-04 5.147259e-05]
At round 21 t_cp: [0.143749 0.131122 0.190173 0.25018  0.105063 0.180145 0.273487 0.162805 0.094379 0.104576]
At round 21 e_cp: [3.563195e-06 5.850388e-06 1.097517e-05 3.871392e-04 2.474062e-05 4.951339e-05 9.598918e-05 5.034005e-06 1.087916e-05 7.597290e-06]
At round 21 average t_co: 0.3127057875069353 average t_cp: 0.273487347882659 t: 0.47551075987293867
At round 21 average e_co: 0.0016164211417615914 average e_cp: 0.0006012815542289522 e: 0.002217702695990544
At round 21 a_n: 21.586735246819178
At round 21 local rounds: 12.369713614830934
At round 21 global rounds: 35.16197834026085
At round 21 tau: 5.616192224747255
At round 21 accuracy: 0.8418604651162791
At round 21 training accuracy: 0.8545130641330166
At round 21 training loss: 0.23438089338270615
At round 21 test loss: 0.425143071452504
gradient difference: 0.6639808416366577
ground = 22 remain_eps = 0.1229641512394458	remain_tau = 5.140681464874317
update_location
xs = [-211.552064  331.552064 -316.552064 -263.423187 -113.423187  -13.423187  313.423187 -111.552064  413.423187  356.552064]
ys = [-231.552064  286.552064 -331.552064  411.702246  341.702246  291.702246  103.297754 -131.552064   53.297754  316.552064]
dists_uav = [619.091566 178.143545 762.256986 511.381268 350.778464 246.354762 191.008465 480.264033 288.685115 209.358185]
uav_gains = [7.695221e-13 6.594504e-11 4.730126e-13 1.220859e-12 3.868478e-12 2.395405e-11 5.550334e-11 1.431193e-12 1.038309e-11 4.327341e-11]
dists_bs = [341.787317 853.575374 358.580418 948.995659 849.310008 791.816032 679.854598 384.964602 690.693229 891.003169]
bs_gains = [3.684404e-11 3.258589e-12 3.244637e-11 2.460766e-12 3.302136e-12 3.976181e-12 5.955497e-12 2.688162e-11 5.711034e-12 2.908309e-12]
At round 22 optimal eta: 0.38607734075923344
At round 22 optimal freqs: [6.281720e+07 7.641349e+07 8.325701e+07 2.491945e+08 1.330412e+08 1.400769e+08 1.519713e+08 6.762106e+07 1.048510e+08 8.989649e+07]
At round 22 optimal decs: [0 1 0 0 0 1 1 0 1 1]
At round 22 optimal powers: [0.00012  0.000227 0.000229 0.004401 0.001314 0.001143 0.000847 0.000139 0.000667 0.000406]
At round 22 t_co: [0.279311 0.133731 0.198173 0.158816 0.283336 0.101034 0.081757 0.315969 0.207195 0.123496]
At round 22 e_co: [3.355676e-05 3.034335e-05 4.539412e-05 6.989885e-04 3.721968e-04 1.154741e-04 6.922673e-05 4.382710e-05 1.381143e-04 5.015134e-05]
At round 22 t_cp: [0.143749 0.131122 0.190173 0.25018  0.105063 0.180145 0.273487 0.162805 0.094379 0.104576]
At round 22 e_cp: [3.563195e-06 5.850388e-06 1.097517e-05 3.871392e-04 2.474062e-05 4.951339e-05 9.598918e-05 5.034005e-06 1.087916e-05 7.597290e-06]
At round 22 average t_co: 0.31596910695172775 average t_cp: 0.273487347882659 t: 0.47877407931773114
At round 22 average e_co: 0.001597273055675065 average e_cp: 0.0006012815542289522 e: 0.002198554609904017
At round 22 a_n: 21.586735246819178
At round 22 local rounds: 12.369713614830934
At round 22 global rounds: 35.16197834026085
At round 22 tau: 5.140681464874317
At round 22 accuracy: 0.8488372093023255
At round 22 training accuracy: 0.8586698337292161
At round 22 training loss: 0.23161960537600687
At round 22 test loss: 0.4267005402775293
gradient difference: 0.6432570815086365
ground = 23 remain_eps = 0.15302713555890907	remain_tau = 4.661907385556585
update_location
xs = [-208.440794  328.440794 -313.440794 -259.487878 -109.487878   -9.487878  309.487878 -108.440794  409.487878  353.440794]
ys = [-228.440794  283.440794 -328.440794  409.734166  339.734166  289.734166  105.265834 -128.440794   55.265834  313.440794]
dists_uav = [614.754445 174.704813 757.897587 507.078065 346.581905 242.379918 187.487398 475.969232 284.644544 205.609482]
uav_gains = [7.824247e-13 6.910499e-11 4.793568e-13 1.246876e-12 4.071131e-12 2.573981e-11 5.817159e-11 1.464849e-12 1.124691e-11 4.558418e-11]
dists_bs = [342.333123 849.50152  357.320154 946.018082 846.841818 789.791158 679.801056 387.060266 689.927872 886.908293]
bs_gains = [3.668858e-11 3.300164e-12 3.275051e-11 2.481344e-12 3.327702e-12 4.003253e-12 5.956740e-12 2.649764e-11 5.727838e-12 2.944028e-12]
At round 23 optimal eta: 0.38607734075923344
At round 23 optimal freqs: [6.281720e+07 7.641349e+07 8.325701e+07 2.491945e+08 1.330412e+08 1.400769e+08 1.519713e+08 6.762106e+07 1.048510e+08 8.989649e+07]
At round 23 optimal decs: [0 1 0 0 0 1 1 0 1 1]
At round 23 optimal powers: [0.00012  0.000227 0.000229 0.004401 0.001314 0.001143 0.000847 0.000139 0.000667 0.000406]
At round 23 t_co: [0.280145 0.130616 0.197033 0.158082 0.281794 0.098035 0.080388 0.319322 0.197112 0.120453]
At round 23 e_co: [3.365699e-05 2.963656e-05 4.513300e-05 6.957558e-04 3.701709e-04 1.120461e-04 6.806753e-05 4.429212e-05 1.313928e-04 4.891540e-05]
At round 23 t_cp: [0.143749 0.131122 0.190173 0.25018  0.105063 0.180145 0.273487 0.162805 0.094379 0.104576]
At round 23 e_cp: [3.563195e-06 5.850388e-06 1.097517e-05 3.871392e-04 2.474062e-05 4.951339e-05 9.598918e-05 5.034005e-06 1.087916e-05 7.597290e-06]
At round 23 average t_co: 0.31932165995625783 average t_cp: 0.273487347882659 t: 0.4821266323222612
At round 23 average e_co: 0.0015790672762244998 average e_cp: 0.0006012815542289522 e: 0.0021803488304534516
At round 23 a_n: 21.586735246819178
At round 23 local rounds: 12.369713614830934
At round 23 global rounds: 35.16197834026085
At round 23 tau: 4.661907385556585
At round 23 accuracy: 0.8488372093023255
At round 23 training accuracy: 0.8616389548693587
At round 23 training loss: 0.21822989172850066
At round 23 test loss: 0.4339919589049115
gradient difference: 0.47600120306015015
ground = 24 remain_eps = 0.19044009153338237	remain_tau = 4.179780753234324
update_location
xs = [-205.329524  325.329524 -310.329524 -255.552568 -105.552568   -5.552568  305.552568 -105.329524  405.552568  350.329524]
ys = [-225.329524  280.329524 -325.329524  407.766086  337.766086  287.766086  107.233914 -125.329524   57.233914  310.329524]
dists_uav = [610.418224 171.310073 753.53866  502.776536 342.390454 238.420009 184.004171 471.67637  280.614784 201.887069]
uav_gains = [7.956487e-13 7.240964e-11 4.858246e-13 1.273778e-12 4.292985e-12 2.759388e-11 6.094315e-11 1.499822e-12 1.219161e-11 4.796321e-11]
dists_bs = [342.934518 845.430934 356.109799 943.051633 844.389342 787.785655 679.775991 389.194391 689.189756 882.816353]
bs_gains = [3.651833e-11 3.342439e-12 3.304632e-11 2.502082e-12 3.353376e-12 4.030317e-12 5.957323e-12 2.611434e-11 5.744109e-12 2.980328e-12]
At round 24 optimal eta: 0.38607734075923344
At round 24 optimal freqs: [6.281720e+07 7.641349e+07 8.325701e+07 2.491945e+08 1.330412e+08 1.400769e+08 1.519713e+08 6.762106e+07 1.048510e+08 8.989649e+07]
At round 24 optimal decs: [0 1 0 0 0 1 1 0 1 1]
At round 24 optimal powers: [0.00012  0.000227 0.000229 0.004401 0.001314 0.001143 0.000847 0.000139 0.000667 0.000406]
At round 24 t_co: [0.281066 0.127621 0.195944 0.157353 0.280268 0.095276 0.079071 0.322764 0.187635 0.117593]
At round 24 e_co: [3.376771e-05 2.895697e-05 4.488340e-05 6.925477e-04 3.681665e-04 1.088924e-04 6.695229e-05 4.476961e-05 1.250756e-04 4.775395e-05]
At round 24 t_cp: [0.143749 0.131122 0.190173 0.25018  0.105063 0.180145 0.273487 0.162805 0.094379 0.104576]
At round 24 e_cp: [3.563195e-06 5.850388e-06 1.097517e-05 3.871392e-04 2.474062e-05 4.951339e-05 9.598918e-05 5.034005e-06 1.087916e-05 7.597290e-06]
At round 24 average t_co: 0.32276408508951115 average t_cp: 0.273487347882659 t: 0.48556905745551454
At round 24 average e_co: 0.0015617662095927902 average e_cp: 0.0006012815542289522 e: 0.0021630477638217424
At round 24 a_n: 21.586735246819178
At round 24 local rounds: 12.369713614830934
At round 24 global rounds: 35.16197834026085
At round 24 tau: 4.179780753234324
At round 24 accuracy: 0.8488372093023255
At round 24 training accuracy: 0.8622327790973872
At round 24 training loss: 0.2101103506236089
At round 24 test loss: 0.4350682014013756
gradient difference: 0.7113021612167358
ground = 25 remain_eps = 0.23699998258989569	remain_tau = 3.6942116957788094
update_location
xs = [-202.218254  322.218254 -307.218254 -251.617258 -101.617258   -1.617258  301.617258 -102.218254  401.617258  347.218254]
ys = [-222.218254  277.218254 -322.218254  405.798007  335.798007  285.798007  109.201993 -122.218254   59.201993  307.218254]
dists_uav = [606.082922 167.96199  749.180214 498.476727 338.204301 234.475791 180.560974 467.385501 276.596308 198.192427]
uav_gains = [8.092053e-13 7.586796e-11 4.924190e-13 1.301611e-12 4.536376e-12 2.951088e-11 6.382664e-11 1.536193e-12 1.322094e-11 5.041797e-11]
dists_bs = [343.591212 841.363666 354.949862 940.096417 841.952716 785.799671 679.779405 391.366349 688.47897  878.72739 ]
bs_gains = [3.633366e-11 3.385428e-12 3.333327e-11 2.522979e-12 3.379155e-12 4.057366e-12 5.957243e-12 2.573205e-11 5.759838e-12 3.017220e-12]
At round 25 optimal eta: 0.38607734075923344
At round 25 optimal freqs: [6.281720e+07 7.641349e+07 8.325701e+07 2.491945e+08 1.330412e+08 1.400769e+08 1.519713e+08 6.762106e+07 1.048510e+08 8.989649e+07]
At round 25 optimal decs: [0 1 0 0 0 1 1 0 1 1]
At round 25 optimal powers: [0.00012  0.000227 0.000229 0.004401 0.001314 0.001143 0.000847 0.000139 0.000667 0.000406]
At round 25 t_co: [0.282075 0.124738 0.194904 0.156629 0.278759 0.092736 0.077801 0.326297 0.178764 0.114893]
At round 25 e_co: [3.388894e-05 2.830281e-05 4.464527e-05 6.893641e-04 3.661836e-04 1.059894e-04 6.587666e-05 4.525965e-05 1.191625e-04 4.665765e-05]
At round 25 t_cp: [0.143749 0.131122 0.190173 0.25018  0.105063 0.180145 0.273487 0.162805 0.094379 0.104576]
At round 25 e_cp: [3.563195e-06 5.850388e-06 1.097517e-05 3.871392e-04 2.474062e-05 4.951339e-05 9.598918e-05 5.034005e-06 1.087916e-05 7.597290e-06]
At round 25 average t_co: 0.3262970321782531 average t_cp: 0.273487347882659 t: 0.4891020045442565
At round 25 average e_co: 0.0015453306112303664 average e_cp: 0.0006012815542289522 e: 0.0021466121654593186
At round 25 a_n: 21.586735246819178
At round 25 local rounds: 12.369713614830934
At round 25 global rounds: 35.16197834026085
At round 25 tau: 3.6942116957788094
At round 25 accuracy: 0.8441860465116279
At round 25 training accuracy: 0.8640142517814727
At round 25 training loss: 0.200072570898152
At round 25 test loss: 0.4243266274878221
gradient difference: 0.6952308416366577
ground = 26 remain_eps = 0.29494310412975705	remain_tau = 3.205109691234553
update_location
xs = [-199.106984  319.106984 -304.106984 -247.681949  -97.681949    2.318051  297.681949  -99.106984  397.681949  344.106984]
ys = [-219.106984  274.106984 -319.106984  403.829927  333.829927  283.829927  111.170073 -119.106984   61.170073  304.106984]
dists_uav = [601.748559 164.663413 744.822255 494.178681 334.023644 230.54807  177.160143 463.09668  272.589616 194.527139]
uav_gains = [8.231062e-13 7.948833e-11 4.991433e-13 1.330423e-12 4.803928e-12 3.148623e-11 6.683054e-11 1.574053e-12 1.433774e-11 5.295685e-11]
dists_bs = [344.302886 837.299761 353.840841 937.152541 839.532078 783.833355 679.811298 393.575512 687.795597 874.641446]
bs_gains = [3.613498e-11 3.429146e-12 3.361085e-11 2.544036e-12 3.405036e-12 4.084394e-12 5.956503e-12 2.535106e-11 5.775015e-12 3.054716e-12]
At round 26 optimal eta: 0.38607734075923344
At round 26 optimal freqs: [6.281720e+07 7.641349e+07 8.325701e+07 2.491945e+08 1.330412e+08 1.400769e+08 1.519713e+08 6.762106e+07 1.048510e+08 8.989649e+07]
At round 26 optimal decs: [0 1 0 0 0 1 1 0 1 1]
At round 26 optimal powers: [0.00012  0.000227 0.000229 0.004401 0.001314 0.001143 0.000847 0.000139 0.000667 0.000406]
At round 26 t_co: [0.283172 0.121961 0.193914 0.155911 0.277265 0.090395 0.076573 0.329921 0.170493 0.112334]
At round 26 e_co: [3.402071e-05 2.767267e-05 4.441856e-05 6.862049e-04 3.642221e-04 1.033138e-04 6.483712e-05 4.576234e-05 1.136491e-04 4.561843e-05]
At round 26 t_cp: [0.143749 0.131122 0.190173 0.25018  0.105063 0.180145 0.273487 0.162805 0.094379 0.104576]
At round 26 e_cp: [3.563195e-06 5.850388e-06 1.097517e-05 3.871392e-04 2.474062e-05 4.951339e-05 9.598918e-05 5.034005e-06 1.087916e-05 7.597290e-06]
At round 26 average t_co: 0.32992116201230676 average t_cp: 0.273487347882659 t: 0.49272613437831014
At round 26 average e_co: 0.0015297198292813505 average e_cp: 0.0006012815542289522 e: 0.0021310013835103025
At round 26 a_n: 21.586735246819178
At round 26 local rounds: 12.369713614830934
At round 26 global rounds: 35.16197834026085
At round 26 tau: 3.205109691234553
At round 26 accuracy: 0.8488372093023255
At round 26 training accuracy: 0.8640142517814727
At round 26 training loss: 0.19717122083935393
At round 26 test loss: 0.4205221672391728
gradient difference: 0.5219765901565552
ground = 27 remain_eps = 0.36705249394143	remain_tau = 2.712383556856243
update_location
xs = [-195.995714  315.995714 -300.995714 -243.746639  -93.746639    6.253361  293.746639  -95.995714  393.746639  340.995714]
ys = [-215.995714  270.995714 -315.995714  401.861847  331.861847  281.861847  113.138153 -115.995714   63.138153  300.995714]
dists_uav = [597.415156 161.417374 740.464794 489.882446 329.848694 226.637703 173.804162 458.809964 268.595233 190.892895]
uav_gains = [8.373636e-13 8.327839e-11 5.060010e-13 1.360270e-12 5.098579e-12 3.351652e-11 6.996304e-11 1.613498e-12 1.554376e-11 5.558894e-11]
dists_bs = [345.069202 833.239271 352.783216 934.220111 837.127568 781.886854 679.871666 395.821258 687.13972  870.558563]
bs_gains = [3.592271e-11 3.473608e-12 3.387853e-11 2.565253e-12 3.431016e-12 4.111395e-12 5.955101e-12 2.497169e-11 5.789635e-12 3.092829e-12]
At round 27 optimal eta: 0.38607734075923344
At round 27 optimal freqs: [6.281720e+07 7.641349e+07 8.325701e+07 2.491945e+08 1.330412e+08 1.400769e+08 1.519713e+08 6.762106e+07 1.048510e+08 8.989649e+07]
At round 27 optimal decs: [0 1 0 0 0 1 1 0 1 1]
At round 27 optimal powers: [0.00012  0.000227 0.000229 0.004401 0.001314 0.001143 0.000847 0.000139 0.000667 0.000406]
At round 27 t_co: [0.284357 0.119285 0.192974 0.155199 0.275788 0.088233 0.075385 0.333637 0.16281  0.109899]
At round 27 e_co: [3.416305e-05 2.706544e-05 4.420325e-05 6.830701e-04 3.622819e-04 1.008430e-04 6.383081e-05 4.627778e-05 1.085273e-04 4.462945e-05]
At round 27 t_cp: [0.143749 0.131122 0.190173 0.25018  0.105063 0.180145 0.273487 0.162805 0.094379 0.104576]
At round 27 e_cp: [3.563195e-06 5.850388e-06 1.097517e-05 3.871392e-04 2.474062e-05 4.951339e-05 9.598918e-05 5.034005e-06 1.087916e-05 7.597290e-06]
At round 27 average t_co: 0.33363714604656464 average t_cp: 0.273487347882659 t: 0.496442118412568
At round 27 average e_co: 0.0015148921415254926 average e_cp: 0.0006012815542289522 e: 0.0021161736957544448
At round 27 a_n: 21.586735246819178
At round 27 local rounds: 12.369713614830934
At round 27 global rounds: 35.16197834026085
At round 27 tau: 2.712383556856243
At round 27 accuracy: 0.8488372093023255
At round 27 training accuracy: 0.8640142517814727
At round 27 training loss: 0.19863645784344494
At round 27 test loss: 0.44953512903302906
gradient difference: 0.7061575055122375
ground = 28 remain_eps = 0.4567916029301421	remain_tau = 2.215941438443675
update_location
xs = [-192.884445  312.884445 -297.884445 -239.811329  -89.811329   10.188671  289.811329  -92.884445  389.811329  337.884445]
ys = [-212.884445  267.884445 -312.884445  399.893767  329.893767  279.893767  115.106233 -112.884445   65.106233  297.884445]
dists_uav = [593.082734 158.227108 736.10784  485.588069 325.679669 222.745604 170.495681 454.525413 264.613718 187.291502]
uav_gains = [8.519902e-13 8.724479e-11 5.129957e-13 1.391207e-12 5.423604e-12 3.559979e-11 7.323190e-11 1.654635e-12 1.683948e-11 5.832384e-11]
dists_bs = [345.889796 829.182245 351.777449 931.299236 834.739325 779.960318 679.960502 398.102968 686.511418 866.478785]
bs_gains = [3.569731e-11 3.518828e-12 3.413582e-11 2.586628e-12 3.457090e-12 4.138361e-12 5.953040e-12 2.459420e-11 5.803687e-12 3.131569e-12]
At round 28 optimal eta: 0.38607734075923344
At round 28 optimal freqs: [6.281720e+07 7.641349e+07 8.325701e+07 2.491945e+08 1.330412e+08 1.400769e+08 1.519713e+08 6.762106e+07 1.048510e+08 8.989649e+07]
At round 28 optimal decs: [0 1 0 0 0 1 1 0 1 1]
At round 28 optimal powers: [0.00012  0.000227 0.000229 0.004401 0.001314 0.001143 0.000847 0.000139 0.000667 0.000406]
At round 28 t_co: [0.28563  0.116706 0.192084 0.154492 0.274328 0.086231 0.074233 0.337446 0.155696 0.107573]
At round 28 e_co: [3.431598e-05 2.648026e-05 4.399930e-05 6.799596e-04 3.603630e-04 9.855514e-05 6.285549e-05 4.680604e-05 1.037854e-04 4.368492e-05]
At round 28 t_cp: [0.143749 0.131122 0.190173 0.25018  0.105063 0.180145 0.273487 0.162805 0.094379 0.104576]
At round 28 e_cp: [3.563195e-06 5.850388e-06 1.097517e-05 3.871392e-04 2.474062e-05 4.951339e-05 9.598918e-05 5.034005e-06 1.087916e-05 7.597290e-06]
At round 28 average t_co: 0.33744566610030413 average t_cp: 0.273487347882659 t: 0.5002506384663075
At round 28 average e_co: 0.0015008051644540118 average e_cp: 0.0006012815542289522 e: 0.0021020867186829642
At round 28 a_n: 21.586735246819178
At round 28 local rounds: 12.369713614830934
At round 28 global rounds: 35.16197834026085
At round 28 tau: 2.215941438443675
At round 28 accuracy: 0.8511627906976744
At round 28 training accuracy: 0.8622327790973872
At round 28 training loss: 0.20220653734015787
At round 28 test loss: 0.41435592758487955
gradient difference: 0.5599639415740967
ground = 29 remain_eps = 0.5684706464377923	remain_tau = 1.7156907999773676
update_location
xs = [-189.773175  309.773175 -294.773175 -235.87602   -85.87602    14.12398   285.87602   -89.773175  385.87602   334.773175]
ys = [-209.773175  264.773175 -309.773175  397.925688  327.925688  277.925688  117.074312 -109.773175   67.074312  294.773175]
dists_uav = [588.751314 155.096058 731.7514   481.2956   321.5168   218.872748 167.23752  450.243089 260.645661 183.724893]
uav_gains = [8.669996e-13 9.139295e-11 5.201308e-13 1.423299e-12 5.782630e-12 3.773574e-11 7.664425e-11 1.697580e-12 1.822406e-11 6.117150e-11]
dists_bs = [346.764283 825.128735 350.823987 928.390024 832.367488 778.053894 680.077794 400.420027 685.910765 862.402155]
bs_gains = [3.545925e-11 3.564823e-12 3.438222e-11 2.608163e-12 3.483257e-12 4.165287e-12 5.950319e-12 2.421886e-11 5.817165e-12 3.170951e-12]
At round 29 optimal eta: 0.38607734075923344
At round 29 optimal freqs: [6.281720e+07 7.641349e+07 8.325701e+07 2.491945e+08 1.330412e+08 1.400769e+08 1.519713e+08 6.762106e+07 1.048510e+08 8.989649e+07]
At round 29 optimal decs: [0 1 0 0 0 1 1 0 1 1]
At round 29 optimal powers: [0.00012  0.000227 0.000229 0.004401 0.001314 0.001143 0.000847 0.000139 0.000667 0.000406]
At round 29 t_co: [0.286992 0.114221 0.191243 0.153791 0.272883 0.084372 0.073116 0.341347 0.14913  0.105345]
At round 29 e_co: [3.447956e-05 2.591648e-05 4.380668e-05 6.768734e-04 3.584652e-04 9.642993e-05 6.190941e-05 4.734724e-05 9.940836e-05 4.278001e-05]
At round 29 t_cp: [0.143749 0.131122 0.190173 0.25018  0.105063 0.180145 0.273487 0.162805 0.094379 0.104576]
At round 29 e_cp: [3.563195e-06 5.850388e-06 1.097517e-05 3.871392e-04 2.474062e-05 4.951339e-05 9.598918e-05 5.034005e-06 1.087916e-05 7.597290e-06]
At round 29 average t_co: 0.3413474140543636 average t_cp: 0.273487347882659 t: 0.504152386420367
At round 29 average e_co: 0.0014874163088627905 average e_cp: 0.0006012815542289522 e: 0.002088697863091742
At round 29 a_n: 21.586735246819178
At round 29 local rounds: 12.369713614830934
At round 29 global rounds: 35.16197834026085
At round 29 tau: 1.7156907999773676
At round 29 accuracy: 0.8511627906976744
At round 29 training accuracy: 0.8681710213776722
At round 29 training loss: 0.18058429544383064
At round 29 test loss: 0.42117859516725986
gradient difference: 0.6703218221664429
ground = 30 remain_eps = 0.707453626092209	remain_tau = 1.2115384135570006
update_location
xs = [-186.661905  306.661905 -291.661905 -231.94071   -81.94071    18.05929   281.94071   -86.661905  381.94071   331.661905]
ys = [-206.661905  261.661905 -306.661905  395.957608  325.957608  275.957608  119.042392 -106.661905   69.042392  291.661905]
dists_uav = [584.420918 152.02788  727.395484 477.005091 317.360329 215.020175 164.032675 445.963057 256.691685 180.195133]
uav_gains = [8.824059e-13 9.572675e-11 5.274103e-13 1.456612e-12 6.179652e-12 3.992581e-11 8.020645e-11 1.742461e-12 1.969527e-11 6.414206e-11]
dists_bs = [347.692256 821.078791 349.923257 925.492587 830.012199 776.167731 680.223527 402.771825 685.337836 858.32872 ]
bs_gains = [3.520900e-11 3.611609e-12 3.461725e-11 2.629858e-12 3.509512e-12 4.192164e-12 5.946942e-12 2.384591e-11 5.830061e-12 3.210986e-12]
At round 30 optimal eta: 0.38607734075923344
At round 30 optimal freqs: [6.281720e+07 7.641349e+07 8.325701e+07 2.491945e+08 1.330412e+08 1.400769e+08 1.519713e+08 6.762106e+07 1.048510e+08 8.989649e+07]
At round 30 optimal decs: [0 1 0 0 0 1 1 0 1 1]
At round 30 optimal powers: [0.00012  0.000227 0.000229 0.004401 0.001314 0.001143 0.000847 0.000139 0.000667 0.000406]
At round 30 t_co: [0.288442 0.111828 0.190451 0.153096 0.271454 0.082638 0.072031 0.345343 0.143084 0.103204]
At round 30 e_co: [3.465382e-05 2.537361e-05 4.362535e-05 6.738114e-04 3.565886e-04 9.444842e-05 6.099127e-05 4.790147e-05 9.537867e-05 4.191072e-05]
At round 30 t_cp: [0.143749 0.131122 0.190173 0.25018  0.105063 0.180145 0.273487 0.162805 0.094379 0.104576]
At round 30 e_cp: [3.563195e-06 5.850388e-06 1.097517e-05 3.871392e-04 2.474062e-05 4.951339e-05 9.598918e-05 5.034005e-06 1.087916e-05 7.597290e-06]
At round 30 average t_co: 0.34534309154673687 average t_cp: 0.273487347882659 t: 0.5081480639127403
At round 30 average e_co: 0.0014746832553634902 average e_cp: 0.0006012815542289522 e: 0.002075964809592442
At round 30 a_n: 21.586735246819178
At round 30 local rounds: 12.369713614830934
At round 30 global rounds: 35.16197834026085
At round 30 tau: 1.2115384135570006
At round 30 accuracy: 0.8511627906976744
At round 30 training accuracy: 0.8687648456057007
At round 30 training loss: 0.1871343770923472
At round 30 test loss: 0.4080915059238246
gradient difference: 0.4781247079372406
ground = 31 remain_eps = 0.8804159655511493	remain_tau = 0.7033903496442604
update_location
xs = [-183.550635  303.550635 -288.550635 -228.0054    -78.0054     21.9946    278.0054    -83.550635  378.0054    328.550635]
ys = [-203.550635  258.550635 -303.550635  393.989528  323.989528  273.989528  121.010472 -103.550635   71.010472  288.550635]
dists_uav = [580.09157  149.026459 723.040103 472.716594 313.210512 211.188995 160.884335 441.685381 252.752452 176.704429]
uav_gains = [8.982239e-13 1.002482e-10 5.348380e-13 1.491220e-12 6.619031e-12 4.217313e-11 8.392384e-11 1.789420e-12 2.124965e-11 6.724573e-11]
dists_bs = [348.673288 817.032468 349.075668 922.607034 827.673598 774.301977 680.397684 405.157756 684.7927   854.258523]
bs_gains = [3.494709e-11 3.659202e-12 3.484044e-11 2.651711e-12 3.535851e-12 4.218986e-12 5.942909e-12 2.347559e-11 5.842367e-12 3.251688e-12]
At round 31 optimal eta: 0.38607734075923344
At round 31 optimal freqs: [6.281720e+07 7.641349e+07 8.325701e+07 2.491945e+08 1.330412e+08 1.400769e+08 1.519713e+08 6.762106e+07 1.048510e+08 8.989649e+07]
At round 31 optimal decs: [0 1 0 0 0 1 1 0 1 1]
At round 31 optimal powers: [0.00012  0.000227 0.000229 0.004401 0.001314 0.001143 0.000847 0.000139 0.000667 0.000406]
At round 31 t_co: [0.289982 0.109526 0.189709 0.152405 0.270042 0.081015 0.070979 0.349433 0.137531 0.101143]
At round 31 e_co: [3.483879e-05 2.485131e-05 4.345529e-05 6.707735e-04 3.547329e-04 9.259325e-05 6.010014e-05 4.846883e-05 9.167668e-05 4.107376e-05]
At round 31 t_cp: [0.143749 0.131122 0.190173 0.25018  0.105063 0.180145 0.273487 0.162805 0.094379 0.104576]
At round 31 e_cp: [3.563195e-06 5.850388e-06 1.097517e-05 3.871392e-04 2.474062e-05 4.951339e-05 9.598918e-05 5.034005e-06 1.087916e-05 7.597290e-06]
At round 31 average t_co: 0.34943340966713327 average t_cp: 0.273487347882659 t: 0.5122383820331367
At round 31 average e_co: 0.0014625644250130978 average e_cp: 0.0006012815542289522 e: 0.0020638459792420498
At round 31 a_n: 21.586735246819178
At round 31 local rounds: 12.369713614830934
At round 31 global rounds: 35.16197834026085
At round 31 tau: 0.7033903496442604
At round 31 accuracy: 0.8511627906976744
At round 31 training accuracy: 0.8669833729216152
At round 31 training loss: 0.1842976173443494
At round 31 test loss: 0.410417817812413
gradient difference: 0.5162791609764099
ground = 32 remain_eps = 1.095665134517711	remain_tau = 0.19115196761112374
update_location
xs = [-180.439365  300.439365 -285.439365 -224.070091  -74.070091   25.929909  274.070091  -80.439365  374.070091  325.439365]
ys = [-200.439365  255.439365 -300.439365  392.021449  322.021449  272.021449  122.978551 -100.439365   72.978551  285.439365]
dists_uav = [575.763294 146.095909 718.685265 468.430166 309.067615 207.380393 157.79588  437.410133 248.828662 173.255144]
uav_gains = [9.144693e-13 1.049571e-10 5.424179e-13 1.527203e-12 7.105485e-12 4.448250e-11 8.780055e-11 1.838611e-12 2.288271e-11 7.049259e-11]
dists_bs = [349.706932 812.98982  348.281608 919.733478 825.351828 772.45678  680.600243 407.577223 684.275422 850.191612]
bs_gains = [3.467403e-11 3.707618e-12 3.505134e-11 2.673722e-12 3.562270e-12 4.245745e-12 5.938223e-12 2.310810e-11 5.854079e-12 3.293070e-12]
Model saved in /Volumes/Research/code/fedcom-torch/models/mnist/s3
