Arguments:
	      dataset : mnist
	learning_rate : 0.01
	        model : mclr
	 model_params : (784, 10)
	        optim : 1
	      sce_idx : 3
	          tau : 7.0
['f_00000', 'f_00001', 'f_00002', 'f_00003', 'f_00004', 'f_00005', 'f_00006', 'f_00007', 'f_00008', 'f_00009']
10
dict_keys(['x', 'y'])
id = f_00000, model = <class 'flearn.models.mnist.mclr.Model'>, device = cuda, num_samples = 73
id = f_00001, model = <class 'flearn.models.mnist.mclr.Model'>, device = cuda, num_samples = 81
id = f_00002, model = <class 'flearn.models.mnist.mclr.Model'>, device = cuda, num_samples = 128
id = f_00003, model = <class 'flearn.models.mnist.mclr.Model'>, device = cuda, num_samples = 504
id = f_00004, model = <class 'flearn.models.mnist.mclr.Model'>, device = cuda, num_samples = 113
id = f_00005, model = <class 'flearn.models.mnist.mclr.Model'>, device = cuda, num_samples = 204
id = f_00006, model = <class 'flearn.models.mnist.mclr.Model'>, device = cuda, num_samples = 336
id = f_00007, model = <class 'flearn.models.mnist.mclr.Model'>, device = cuda, num_samples = 89
id = f_00008, model = <class 'flearn.models.mnist.mclr.Model'>, device = cuda, num_samples = 80
id = f_00009, model = <class 'flearn.models.mnist.mclr.Model'>, device = cuda, num_samples = 76
BaseFederated generated!
num_samples = [ 73  81 128 504 113 204 336  89  80  76]
msize = 300240
xs = [-280.  400. -385. -350. -200. -100.  400. -180.  500.  425.]
ys = [-300.  355. -400.  455.  385.  335.   60. -200.   10.  385.]
dists_uav = [714.702735 261.199158 858.268606 606.403331 444.100214 336.489227 274.954542 575.152154 379.605058 296.395007]
uav_gains = [5.494875e-13 1.802536e-11 3.593089e-13 8.081917e-13 1.762643e-12 4.643011e-12 1.366745e-11 9.167988e-13 2.857829e-12 8.947599e-12]
dists_bs = [ 344.093011  943.941206  397.775062 1017.116021  907.317475  840.966706  688.186021  349.857114  714.212853  981.758626]
bs_gains = [3.619341e-11 2.495838e-12 2.464796e-11 2.047806e-12 2.771778e-12 3.389665e-12 5.766337e-12 3.463460e-11 5.226094e-12 2.249096e-12]
v = 50.607287449392715 a_0 = 19.894335203468554
SystemModel __init__!
solve_bound_eta tau = 7.0
af = [0.530164 0.588264 0.929602 3.660307 0.820664 1.481553 2.440205 0.646364 0.581001 0.551951]
bf = [0.608064 0.677295 0.644373 1.046835 0.973553 0.86928  0.709329 0.612017 0.848377 0.764623]
tmp = [-7.666573e-05 -2.556788e-04 -8.082734e-03 -3.760443e-01 -5.517521e-03 -7.537971e-02 -2.178172e-01 -5.527247e-04 -3.038256e-04 -1.573926e-04]
w0 = [-7.667161e-05+0.j       -2.557442e-04+0.j       -8.148868e-03+0.j       -9.853584e-01+0.209276j -5.548218e-03+0.j       -8.180543e-02+0.j       -2.915477e-01+0.j       -5.530305e-04+0.j       -3.039179e-04+0.j       -1.574174e-04+0.j      ]
w_1 = [-11.957407+0.j       -10.635816+0.j        -6.723657+0.j        -0.985358-0.209276j  -7.169689+0.j        -3.961955+0.j        -2.399259+0.j        -9.781103+0.j       -10.445199+0.j       -11.169999+0.j      ]
xs_min = [-12.056459 -10.747823  -6.828785  -0.641053  -7.33783   -4.056231  -2.28638   -9.8824   -10.587666 -11.296816]
xs_max = [-0.099129 -0.112263 -0.113277 -0.641053 -0.173689 -0.176082 -0.178668 -0.101851 -0.14277  -0.126974]
solve_bound_eta x_min = -0.6410528873648785	x_max = -0.6410528873648784
solve_bound_eta eta_min = 0.526737536680385	eta_max = 0.5267375366803851
Done!
af = 9.784060023859988	bf = 0.7753744577169581	zeta = 9.881900624098588	eta = 0.9900990099009901
af = 9.784060023859988	bf = 0.7753744577169581	zeta = 88.1456382962036	eta = 0.1109987994072009
af = 9.784060023859988	bf = 0.7753744577169581	zeta = 25.065260176454448	eta = 0.39034344566871243
af = 9.784060023859988	bf = 0.7753744577169581	zeta = 16.36907946837578	eta = 0.5977159584790512
af = 9.784060023859988	bf = 0.7753744577169581	zeta = 14.444121135471567	eta = 0.6773731632471913
af = 9.784060023859988	bf = 0.7753744577169581	zeta = 14.216387989452954	eta = 0.6882240433448158
af = 9.784060023859988	bf = 0.7753744577169581	zeta = 14.212446032473792	eta = 0.6884149288239719
af = 9.784060023859988	bf = 0.7753744577169581	zeta = 14.212444825110442	eta = 0.688414987305603
eta = 0.688414987305603
At round 0 optimal eta: 0.5267375366803851
At round 0 optimal freqs: [2.e+09 2.e+09 2.e+09 2.e+09 2.e+09 2.e+09 2.e+09 2.e+09 2.e+09 2.e+09]
At round 0 optimal decs: [0 1 0 0 0 1 1 0 0 1]
At round 0 optimal powers: [0.1 0.1 0.1 0.1 0.1 0.1 0.1 0.1 0.1 0.1]
At round 0 t_co: [0.030565 0.034045 0.03239  0.05262  0.048936 0.043695 0.035655 0.030763 0.042644 0.038434]
At round 0 e_co: [0.003056 0.003404 0.003239 0.005262 0.004894 0.004369 0.003565 0.003076 0.004264 0.003843]
At round 0 t_cp: [0.017083 0.018956 0.029954 0.117946 0.026444 0.04774  0.07863  0.020828 0.018722 0.017785]
At round 0 e_cp: [0.013667 0.015164 0.023964 0.094357 0.021155 0.038192 0.062904 0.016662 0.014977 0.014228]
At round 0 average t_co: 0.052619738972655275 average t_cp: 0.11794566954975357 t: 0.17056540852240884
At round 0 average e_co: 0.038974635230926064 average e_cp: 0.31527064685997613 e: 0.35424528209090217
At round 0 a_n: 19.894335203468554
At round 0 local rounds: 46.803837122918075
At round 0 global rounds: 42.036579584028914
At round 0 tau: 7.0
At round 0 accuracy: 0.1186046511627907
At round 0 training accuracy: 0.0997624703087886
At round 0 training loss: 2.4121440702124617
At round 0 test loss: 2.3760237233121266
gradient difference: 34.5346794128418
ground = 1 remain_eps = 0.0011966406623517352	remain_tau = 6.829434591477591
update_location
xs = [-276.88873  396.88873 -381.88873 -346.06469 -196.06469  -96.06469  396.06469 -176.88873  496.06469  421.88873]
ys = [-296.88873  351.88873 -396.88873  453.03192  383.03192  333.03192   61.96808 -196.88873   11.96808  381.88873]
dists_uav = [710.349787 257.215492 853.90058  602.071858 439.8257   332.310872 270.952857 570.825129 375.408552 292.30561 ]
uav_gains = [5.573691e-13 1.949518e-11 3.635755e-13 8.220571e-13 1.810530e-12 4.921303e-12 1.482062e-11 9.335520e-13 2.973071e-12 9.675801e-12]
dists_bs = [ 343.397083  939.80587   395.564073 1013.918444  904.536752  838.552685  687.513899  350.950231  712.875509  977.608221]
bs_gains = [3.638811e-11 2.525047e-12 2.501474e-11 2.064964e-12 2.794416e-12 3.415585e-12 5.781288e-12 3.434946e-11 5.252115e-12 2.274488e-12]
At round 1 optimal eta: 0.5267375366803851
At round 1 optimal freqs: [2.e+09 2.e+09 2.e+09 2.e+09 2.e+09 2.e+09 2.e+09 2.e+09 2.e+09 2.e+09]
At round 1 optimal decs: [0 1 0 0 0 1 1 0 0 1]
At round 1 optimal powers: [0.1 0.1 0.1 0.1 0.1 0.1 0.1 0.1 0.1 0.1]
At round 1 t_co: [0.030541 0.033615 0.032316 0.052511 0.048844 0.043172 0.035168 0.030801 0.042601 0.037889]
At round 1 e_co: [0.003054 0.003361 0.003232 0.005251 0.004884 0.004317 0.003517 0.00308  0.00426  0.003789]
At round 1 t_cp: [0.017083 0.018956 0.029954 0.117946 0.026444 0.04774  0.07863  0.020828 0.018722 0.017785]
At round 1 e_cp: [0.013667 0.015164 0.023964 0.094357 0.021155 0.038192 0.062904 0.016662 0.014977 0.014228]
At round 1 average t_co: 0.05251106669987284 average t_cp: 0.11794566954975357 t: 0.1704567362496264
At round 1 average e_co: 0.03874567077276803 average e_cp: 0.31527064685997613 e: 0.3540163176327442
At round 1 a_n: 19.894335203468554
At round 1 local rounds: 46.803837122918075
At round 1 global rounds: 42.036579584028914
At round 1 tau: 6.829434591477591
At round 1 accuracy: 0.7767441860465116
At round 1 training accuracy: 0.7422802850356295
At round 1 training loss: 0.8439876975139171
At round 1 test loss: 0.8603672455072173
gradient difference: 0.11792276054620743
ground = 2 remain_eps = 0.0014319488747935997	remain_tau = 6.658977855227965
update_location
xs = [-273.77746   393.77746  -378.77746  -342.129381 -192.129381  -92.129381  392.129381 -173.77746   492.129381  418.77746 ]
ys = [-293.77746   348.77746  -393.77746   451.063841  381.063841  331.063841   63.936159 -193.77746    13.936159  378.77746 ]
dists_uav = [705.997423 253.245609 849.532883 597.741385 435.553684 328.138312 266.963708 566.499229 371.216758 288.225362]
uav_gains = [5.654156e-13 2.105031e-11 3.679153e-13 8.362774e-13 1.860718e-12 5.227995e-12 1.606337e-11 9.507689e-13 3.097138e-12 1.047733e-11]
dists_bs = [ 342.756231  935.672948  393.389873 1010.729906  901.768923  836.154848  686.869306  352.094944  711.56286   973.460007]
bs_gains = [3.656868e-11 2.554711e-12 2.538278e-11 2.082272e-12 2.817203e-12 3.441603e-12 5.795677e-12 3.405431e-11 5.277830e-12 2.300263e-12]
At round 2 optimal eta: 0.5267375366803851
At round 2 optimal freqs: [2.e+09 2.e+09 2.e+09 2.e+09 2.e+09 2.e+09 2.e+09 2.e+09 2.e+09 2.e+09]
At round 2 optimal decs: [0 1 0 0 0 1 1 0 0 1]
At round 2 optimal powers: [0.1 0.1 0.1 0.1 0.1 0.1 0.1 0.1 0.1 0.1]
At round 2 t_co: [0.030518 0.033204 0.032243 0.052403 0.048752 0.042641 0.034697 0.03084  0.042559 0.03735 ]
At round 2 e_co: [0.003052 0.00332  0.003224 0.00524  0.004875 0.004264 0.00347  0.003084 0.004256 0.003735]
At round 2 t_cp: [0.017083 0.018956 0.029954 0.117946 0.026444 0.04774  0.07863  0.020828 0.018722 0.017785]
At round 2 e_cp: [0.013667 0.015164 0.023964 0.094357 0.021155 0.038192 0.062904 0.016662 0.014977 0.014228]
At round 2 average t_co: 0.052402790828845386 average t_cp: 0.11794566954975357 t: 0.17034846037859896
At round 2 average e_co: 0.03852074388218165 average e_cp: 0.31527064685997613 e: 0.3537913907421578
At round 2 a_n: 19.894335203468554
At round 2 local rounds: 46.803837122918075
At round 2 global rounds: 42.036579584028914
At round 2 tau: 6.658977855227965
At round 2 accuracy: 0.8069767441860465
At round 2 training accuracy: 0.7690023752969121
At round 2 training loss: 0.5780885113791067
At round 2 test loss: 0.6676255941188844
gradient difference: 0.08790435642004013
ground = 3 remain_eps = 0.0017135282499868352	remain_tau = 6.488629394849366
update_location
xs = [-270.66619   390.66619  -375.66619  -338.194071 -188.194071  -88.194071  388.194071 -170.66619   488.194071  415.66619 ]
ys = [-290.66619   345.66619  -390.66619   449.095761  379.095761  329.095761   65.904239 -190.66619    15.904239  375.66619 ]
dists_uav = [701.645652 249.290168 845.165522 593.411936 431.284243 323.97177  262.987665 562.174479 367.029838 284.154656]
uav_gains = [5.736313e-13 2.268636e-11 3.723298e-13 8.508654e-13 1.913387e-12 5.566505e-12 1.739564e-11 9.684679e-13 3.231013e-12 1.135723e-11]
dists_bs = [ 342.170762  931.542473  391.253075 1007.550491  899.014107  833.773335  686.252319  353.29075   710.275042  969.314015]
bs_gains = [3.673473e-11 2.584839e-12 2.575179e-11 2.099730e-12 2.840137e-12 3.467715e-12 5.809495e-12 3.374971e-11 5.303226e-12 2.326428e-12]
At round 3 optimal eta: 0.5267375366803851
At round 3 optimal freqs: [2.e+09 2.e+09 2.e+09 2.e+09 2.e+09 2.e+09 2.e+09 2.e+09 2.e+09 2.e+09]
At round 3 optimal decs: [0 1 0 0 0 1 1 0 0 1]
At round 3 optimal powers: [0.1 0.1 0.1 0.1 0.1 0.1 0.1 0.1 0.1 0.1]
At round 3 t_co: [0.030498 0.032813 0.032171 0.052295 0.048661 0.042104 0.034243 0.030881 0.042517 0.036819]
At round 3 e_co: [0.00305  0.003281 0.003217 0.005229 0.004866 0.00421  0.003424 0.003088 0.004252 0.003682]
At round 3 t_cp: [0.017083 0.018956 0.029954 0.117946 0.026444 0.04774  0.07863  0.020828 0.018722 0.017785]
At round 3 e_cp: [0.013667 0.015164 0.023964 0.094357 0.021155 0.038192 0.062904 0.016662 0.014977 0.014228]
At round 3 average t_co: 0.052294913009452354 average t_cp: 0.11794566954975357 t: 0.17024058255920593
At round 3 average e_co: 0.03830028711730353 average e_cp: 0.31527064685997613 e: 0.3535709339772797
At round 3 a_n: 19.894335203468554
At round 3 local rounds: 46.803837122918075
At round 3 global rounds: 42.036579584028914
At round 3 tau: 6.488629394849366
At round 3 accuracy: 0.8046511627906977
At round 3 training accuracy: 0.7838479809976246
At round 3 training loss: 0.4779681875298917
At round 3 test loss: 0.7194779097629611
gradient difference: 0.11085938662290573
ground = 4 remain_eps = 0.0020504775800226564	remain_tau = 6.31838881229016
update_location
xs = [-267.554921  387.554921 -372.554921 -334.258761 -184.258761  -84.258761  384.258761 -167.554921  484.258761  412.554921]
ys = [-287.554921  342.554921 -387.554921  447.127681  377.127681  327.127681   67.872319 -187.554921   17.872319  372.554921]
dists_uav = [697.294487 245.349866 840.798501 589.083532 427.017451 319.811481 259.025332 557.850906 362.847961 280.093909]
uav_gains = [5.820212e-13 2.439814e-11 3.768209e-13 8.658344e-13 1.968736e-12 5.940609e-12 1.881600e-11 9.866684e-13 3.375805e-12 1.232003e-11]
dists_bs = [ 341.640963  927.414476  389.154294 1004.380288  896.272425  831.408287  685.663012  354.537134  709.012191  965.170271]
bs_gains = [3.688589e-11 2.615440e-12 2.612148e-11 2.117339e-12 2.863218e-12 3.493916e-12 5.822736e-12 3.343620e-11 5.328295e-12 2.352990e-12]
At round 4 optimal eta: 0.5267375366803851
At round 4 optimal freqs: [2.e+09 2.e+09 2.e+09 2.e+09 2.e+09 2.e+09 2.e+09 2.e+09 2.e+09 2.e+09]
At round 4 optimal decs: [0 1 0 0 0 1 1 0 0 1]
At round 4 optimal powers: [0.1 0.1 0.1 0.1 0.1 0.1 0.1 0.1 0.1 0.1]
At round 4 t_co: [0.03048  0.032441 0.0321   0.052187 0.048571 0.041561 0.033808 0.030924 0.042477 0.036298]
At round 4 e_co: [0.003048 0.003244 0.00321  0.005219 0.004857 0.004156 0.003381 0.003092 0.004248 0.00363 ]
At round 4 t_cp: [0.017083 0.018956 0.029954 0.117946 0.026444 0.04774  0.07863  0.020828 0.018722 0.017785]
At round 4 e_cp: [0.013667 0.015164 0.023964 0.094357 0.021155 0.038192 0.062904 0.016662 0.014977 0.014228]
At round 4 average t_co: 0.052187434919176226 average t_cp: 0.11794566954975357 t: 0.1701331044689298
At round 4 average e_co: 0.0380846913576872 average e_cp: 0.31527064685997613 e: 0.3533553382176634
At round 4 a_n: 19.894335203468554
At round 4 local rounds: 46.803837122918075
At round 4 global rounds: 42.036579584028914
At round 4 tau: 6.31838881229016
At round 4 accuracy: 0.8116279069767441
At round 4 training accuracy: 0.7957244655581948
At round 4 training loss: 0.42460263835078943
At round 4 test loss: 0.5675783998181307
gradient difference: 0.12608884274959564
ground = 5 remain_eps = 0.002453684849495695	remain_tau = 6.148255707821231
update_location
xs = [-264.443651  384.443651 -369.443651 -330.323452 -180.323452  -80.323452  380.323452 -164.443651  480.323452  409.443651]
ys = [-284.443651  339.443651 -384.443651  445.159601  375.159601  325.159601   69.840399 -184.443651   19.840399  369.443651]
dists_uav = [692.943938 241.425446 836.431825 584.756197 422.753391 315.657693 255.077347 553.528537 358.671303 276.043561]
uav_gains = [5.905903e-13 2.618002e-11 3.813903e-13 8.811984e-13 2.026983e-12 6.354455e-12 2.032173e-11 1.005391e-12 3.532770e-12 1.336956e-11]
dists_bs = [ 341.167091  923.288992  387.09415  1001.219384  893.543997  829.059844  685.101458  355.833562  707.77444   961.028806]
bs_gains = [3.702181e-11 2.646523e-12 2.649150e-11 2.135099e-12 2.886445e-12 3.520205e-12 5.835393e-12 3.311435e-11 5.353023e-12 2.379957e-12]
At round 5 optimal eta: 0.5267375366803851
At round 5 optimal freqs: [2.e+09 2.e+09 2.e+09 2.e+09 2.e+09 2.e+09 2.e+09 2.e+09 2.e+09 2.e+09]
At round 5 optimal decs: [0 1 0 0 0 1 1 0 0 1]
At round 5 optimal powers: [0.1 0.1 0.1 0.1 0.1 0.1 0.1 0.1 0.1 0.1]
At round 5 t_co: [0.030464 0.032089 0.032031 0.05208  0.048481 0.041013 0.033391 0.030969 0.042437 0.03579 ]
At round 5 e_co: [0.003046 0.003209 0.003203 0.005208 0.004848 0.004101 0.003339 0.003097 0.004244 0.003579]
At round 5 t_cp: [0.017083 0.018956 0.029954 0.117946 0.026444 0.04774  0.07863  0.020828 0.018722 0.017785]
At round 5 e_cp: [0.013667 0.015164 0.023964 0.094357 0.021155 0.038192 0.062904 0.016662 0.014977 0.014228]
At round 5 average t_co: 0.05208035826334704 average t_cp: 0.11794566954975357 t: 0.1700260278131006
At round 5 average e_co: 0.03787430012436062 average e_cp: 0.31527064685997613 e: 0.3531449469843368
At round 5 a_n: 19.894335203468554
At round 5 local rounds: 46.803837122918075
At round 5 global rounds: 42.036579584028914
At round 5 tau: 6.148255707821231
At round 5 accuracy: 0.8232558139534883
At round 5 training accuracy: 0.8052256532066508
At round 5 training loss: 0.3879673429635764
At round 5 test loss: 0.542209752062841
gradient difference: 0.10124555975198746
ground = 6 remain_eps = 0.002936179063502946	remain_tau = 5.9782296800081305
update_location
xs = [-261.332381  381.332381 -366.332381 -326.388142 -176.388142  -76.388142  376.388142 -161.332381  476.388142  406.332381]
ys = [-281.332381  336.332381 -381.332381  443.191522  373.191522  323.191522   71.808478 -181.332381   21.808478  366.332381]
dists_uav = [688.594018 237.517695 832.065501 580.429954 418.492145 311.510666 251.144388 549.207401 354.500048 272.004076]
uav_gains = [5.993435e-13 2.802638e-11 3.860397e-13 8.969722e-13 2.088374e-12 6.812551e-12 2.190890e-11 1.024657e-12 3.703324e-12 1.450869e-11]
dists_bs = [340.749381 919.166055 385.073262 998.067866 890.828945 826.728147 684.567724 357.179491 706.561922 956.889648]
bs_gains = [3.714220e-11 2.678098e-12 2.686152e-11 2.153011e-12 2.909816e-12 3.546576e-12 5.847457e-12 3.278470e-11 5.377401e-12 2.407336e-12]
At round 6 optimal eta: 0.5267375366803851
At round 6 optimal freqs: [2.e+09 2.e+09 2.e+09 2.e+09 2.e+09 2.e+09 2.e+09 2.e+09 2.e+09 2.e+09]
At round 6 optimal decs: [0 1 0 0 0 1 1 0 0 1]
At round 6 optimal powers: [0.1 0.1 0.1 0.1 0.1 0.1 0.1 0.1 0.1 0.1]
At round 6 t_co: [0.030449 0.031756 0.031963 0.051974 0.048391 0.040461 0.032994 0.031015 0.042398 0.035295]
At round 6 e_co: [0.003045 0.003176 0.003196 0.005197 0.004839 0.004046 0.003299 0.003101 0.00424  0.003529]
At round 6 t_cp: [0.017083 0.018956 0.029954 0.117946 0.026444 0.04774  0.07863  0.020828 0.018722 0.017785]
At round 6 e_cp: [0.013667 0.015164 0.023964 0.094357 0.021155 0.038192 0.062904 0.016662 0.014977 0.014228]
At round 6 average t_co: 0.0519736847753858 average t_cp: 0.11794566954975357 t: 0.16991935432513938
At round 6 average e_co: 0.03766940560880766 average e_cp: 0.31527064685997613 e: 0.35294005246878385
At round 6 a_n: 19.894335203468554
At round 6 local rounds: 46.803837122918075
At round 6 global rounds: 42.036579584028914
At round 6 tau: 5.9782296800081305
At round 6 accuracy: 0.8232558139534883
At round 6 training accuracy: 0.8188836104513064
At round 6 training loss: 0.35390908325405135
At round 6 test loss: 0.5109048083171884
gradient difference: 0.07717661559581757
ground = 7 remain_eps = 0.0035135512593334633	remain_tau = 5.808310325682991
update_location
xs = [-258.221111  378.221111 -363.221111 -322.452832 -172.452832  -72.452832  372.452832 -158.221111  472.452832  403.221111]
ys = [-278.221111  333.221111 -378.221111  441.223442  371.223442  321.223442   73.776558 -178.221111   23.776558  363.221111]
dists_uav = [684.244739 233.627448 827.699534 576.104828 414.233801 307.370674 247.227172 544.887528 350.33439  267.975944]
uav_gains = [6.082864e-13 2.993202e-11 3.907711e-13 9.131713e-13 2.153180e-12 7.319753e-12 2.357265e-11 1.044491e-12 3.889067e-12 1.573914e-11]
dists_bs = [340.38804  915.045698 383.092252 994.925825 888.127392 824.41334  684.061877 358.574362 705.374767 952.752828]
bs_gains = [3.724677e-11 2.710174e-12 2.723119e-11 2.171077e-12 2.933331e-12 3.573027e-12 5.858923e-12 3.244782e-11 5.401418e-12 2.435134e-12]
At round 7 optimal eta: 0.5267375366803851
At round 7 optimal freqs: [2.e+09 2.e+09 2.e+09 2.e+09 2.e+09 2.e+09 2.e+09 2.e+09 2.e+09 2.e+09]
At round 7 optimal decs: [0 1 0 0 0 1 1 0 0 1]
At round 7 optimal powers: [0.1 0.1 0.1 0.1 0.1 0.1 0.1 0.1 0.1 0.1]
At round 7 t_co: [0.030437 0.031441 0.031896 0.051867 0.048302 0.039907 0.032616 0.031062 0.04236  0.034815]
At round 7 e_co: [0.003044 0.003144 0.00319  0.005187 0.00483  0.003991 0.003262 0.003106 0.004236 0.003482]
At round 7 t_cp: [0.017083 0.018956 0.029954 0.117946 0.026444 0.04774  0.07863  0.020828 0.018722 0.017785]
At round 7 e_cp: [0.013667 0.015164 0.023964 0.094357 0.021155 0.038192 0.062904 0.016662 0.014977 0.014228]
At round 7 average t_co: 0.05186741621704631 average t_cp: 0.11794566954975357 t: 0.16981308576679988
At round 7 average e_co: 0.03747024646766128 average e_cp: 0.31527064685997613 e: 0.35274089332763736
At round 7 a_n: 19.894335203468554
At round 7 local rounds: 46.803837122918075
At round 7 global rounds: 42.036579584028914
At round 7 tau: 5.808310325682991
At round 7 accuracy: 0.8348837209302326
At round 7 training accuracy: 0.8283847980997625
At round 7 training loss: 0.32394729693901747
At round 7 test loss: 0.49487245579596695
gradient difference: 0.0793168768286705
ground = 8 remain_eps = 0.004204458306175569	remain_tau = 5.638497239916191
update_location
xs = [-255.109841  375.109841 -360.109841 -318.517523 -168.517523  -68.517523  368.517523 -155.109841  468.517523  400.109841]
ys = [-275.109841  330.109841 -375.109841  439.255362  369.255362  319.255362   75.744638 -175.109841   25.744638  360.109841]
dists_uav = [679.896112 229.755596 823.333928 571.780845 409.978448 303.238004 243.326458 540.568947 346.174531 263.959687]
uav_gains = [6.174244e-13 3.189260e-11 3.955862e-13 9.298121e-13 2.221705e-12 7.881217e-12 2.530755e-11 1.064915e-12 4.091804e-12 1.706130e-11]
dists_bs = [340.083247 910.927956 381.151741 991.793349 885.439462 822.115563 683.583976 360.017608 704.213102 948.618376]
bs_gains = [3.733530e-11 2.742760e-12 2.760013e-11 2.189295e-12 2.956988e-12 3.599552e-12 5.869783e-12 3.210426e-11 5.425062e-12 2.463361e-12]
At round 8 optimal eta: 0.5267375366803851
At round 8 optimal freqs: [2.e+09 2.e+09 2.e+09 2.e+09 2.e+09 2.e+09 2.e+09 2.e+09 2.e+09 2.e+09]
At round 8 optimal decs: [0 1 0 0 0 1 1 0 0 1]
At round 8 optimal powers: [0.1 0.1 0.1 0.1 0.1 0.1 0.1 0.1 0.1 0.1]
At round 8 t_co: [0.030426 0.031143 0.03183  0.051762 0.048213 0.039352 0.032257 0.031112 0.042323 0.034353]
At round 8 e_co: [0.003043 0.003114 0.003183 0.005176 0.004821 0.003935 0.003226 0.003111 0.004232 0.003435]
At round 8 t_cp: [0.017083 0.018956 0.029954 0.117946 0.026444 0.04774  0.07863  0.020828 0.018722 0.017785]
At round 8 e_cp: [0.013667 0.015164 0.023964 0.094357 0.021155 0.038192 0.062904 0.016662 0.014977 0.014228]
At round 8 average t_co: 0.05176155437865534 average t_cp: 0.11794566954975357 t: 0.1697072239284089
At round 8 average e_co: 0.03727700731894193 average e_cp: 0.31527064685997613 e: 0.3525476541789181
At round 8 a_n: 19.894335203468554
At round 8 local rounds: 46.803837122918075
At round 8 global rounds: 42.036579584028914
At round 8 tau: 5.638497239916191
At round 8 accuracy: 0.8372093023255814
At round 8 training accuracy: 0.827790973871734
At round 8 training loss: 0.3083990145914156
At round 8 test loss: 0.47206079415334457
gradient difference: 0.08794986456632614
ground = 9 remain_eps = 0.005031225772332187	remain_tau = 5.468790015987782
update_location
xs = [-251.998571  371.998571 -356.998571 -314.582213 -164.582213  -64.582213  364.582213 -151.998571  464.582213  396.998571]
ys = [-271.998571  326.998571 -371.998571  437.287282  367.287282  317.287282   77.712718 -171.998571   27.712718  356.998571]
dists_uav = [675.54815  225.903083 818.968691 567.458031 405.726181 299.11296  239.443053 536.251689 342.020681 259.955853]
uav_gains = [6.267633e-13 3.390495e-11 4.004872e-13 9.469116e-13 2.294290e-12 8.502336e-12 2.710795e-11 1.085957e-12 4.313569e-12 1.847419e-11]
dists_bs = [339.835153 906.812866 379.252351 988.670531 882.765277 819.834962 683.134082 361.508648 703.077055 944.486325]
bs_gains = [3.740757e-11 2.775867e-12 2.796795e-11 2.207668e-12 2.980785e-12 3.626148e-12 5.880033e-12 3.175455e-11 5.448322e-12 2.492023e-12]
At round 9 optimal eta: 0.5267375366803851
At round 9 optimal freqs: [2.e+09 2.e+09 2.e+09 2.e+09 2.e+09 2.e+09 2.e+09 2.e+09 2.e+09 2.e+09]
At round 9 optimal decs: [0 1 0 0 0 1 1 0 0 1]
At round 9 optimal powers: [0.1 0.1 0.1 0.1 0.1 0.1 0.1 0.1 0.1 0.1]
At round 9 t_co: [0.030417 0.03086  0.031766 0.051656 0.048125 0.038798 0.031918 0.031163 0.042286 0.033909]
At round 9 e_co: [0.003042 0.003086 0.003177 0.005166 0.004812 0.00388  0.003192 0.003116 0.004229 0.003391]
At round 9 t_cp: [0.017083 0.018956 0.029954 0.117946 0.026444 0.04774  0.07863  0.020828 0.018722 0.017785]
At round 9 e_cp: [0.013667 0.015164 0.023964 0.094357 0.021155 0.038192 0.062904 0.016662 0.014977 0.014228]
At round 9 average t_co: 0.051656101079350925 average t_cp: 0.11794566954975357 t: 0.16960177062910448
At round 9 average e_co: 0.037089819769029156 average e_cp: 0.31527064685997613 e: 0.35236046662900533
At round 9 a_n: 19.894335203468554
At round 9 local rounds: 46.803837122918075
At round 9 global rounds: 42.036579584028914
At round 9 tau: 5.468790015987782
At round 9 accuracy: 0.8372093023255814
At round 9 training accuracy: 0.8307600950118765
At round 9 training loss: 0.3033604839251849
At round 9 test loss: 0.46627874984443163
gradient difference: 0.07832381129264832
ground = 10 remain_eps = 0.006020569340644709	remain_tau = 5.299188245358677
update_location
xs = [-248.887302  368.887302 -353.887302 -310.646903 -160.646903  -60.646903  360.646903 -148.887302  460.646903  393.887302]
ys = [-268.887302  323.887302 -368.887302  435.319203  365.319203  315.319203   79.680797 -168.887302   29.680797  353.887302]
dists_uav = [671.200867 222.070917 814.603828 563.136412 401.477097 294.995862 235.577813 531.935788 337.873064 255.965027]
uav_gains = [6.363090e-13 3.596731e-11 4.054759e-13 9.644881e-13 2.371314e-12 9.188644e-12 2.896842e-11 1.107644e-12 4.556644e-12 1.997543e-11]
dists_bs = [339.643884 902.700464 377.394703 985.557461 880.104965 817.571678 682.71225  363.046895 701.966749 940.356704]
bs_gains = [3.746342e-11 2.809505e-12 2.833425e-11 2.226196e-12 3.004721e-12 3.652810e-12 5.889666e-12 3.139925e-11 5.471189e-12 2.521129e-12]
At round 10 optimal eta: 0.5267375366803851
At round 10 optimal freqs: [2.e+09 2.e+09 2.e+09 2.e+09 2.e+09 2.e+09 2.e+09 2.e+09 2.e+09 2.e+09]
At round 10 optimal decs: [0 1 0 0 0 1 1 0 0 1]
At round 10 optimal powers: [0.1 0.1 0.1 0.1 0.1 0.1 0.1 0.1 0.1 0.1]
At round 10 t_co: [0.030411 0.030593 0.031703 0.051551 0.048037 0.038247 0.031597 0.031215 0.04225  0.033483]
At round 10 e_co: [0.003041 0.003059 0.00317  0.005155 0.004804 0.003825 0.00316  0.003122 0.004225 0.003348]
At round 10 t_cp: [0.017083 0.018956 0.029954 0.117946 0.026444 0.04774  0.07863  0.020828 0.018722 0.017785]
At round 10 e_cp: [0.013667 0.015164 0.023964 0.094357 0.021155 0.038192 0.062904 0.016662 0.014977 0.014228]
At round 10 average t_co: 0.05155105816731866 average t_cp: 0.11794566954975357 t: 0.16949672771707222
At round 10 average e_co: 0.036908764717948545 average e_cp: 0.31527064685997613 e: 0.35217941157792476
At round 10 a_n: 19.894335203468554
At round 10 local rounds: 46.803837122918075
At round 10 global rounds: 42.036579584028914
At round 10 tau: 5.299188245358677
At round 10 accuracy: 0.8441860465116279
At round 10 training accuracy: 0.8420427553444181
At round 10 training loss: 0.26344962211374434
At round 10 test loss: 0.45993352803589355
gradient difference: 0.10077863186597824
ground = 11 remain_eps = 0.0072044580835236354	remain_tau = 5.129691517641605
update_location
xs = [-245.776032  365.776032 -350.776032 -306.711594 -156.711594  -56.711594  356.711594 -145.776032  456.711594  390.776032]
ys = [-265.776032  320.776032 -365.776032  433.351123  363.351123  313.351123   81.648877 -165.776032   31.648877  350.776032]
dists_uav = [666.854275 218.260169 810.239345 558.816017 397.2313   290.887048 231.731648 527.621276 333.73191  251.987827]
uav_gains = [6.460678e-13 3.807952e-11 4.105546e-13 9.825607e-13 2.453205e-12 9.945680e-12 3.088417e-11 1.130005e-12 4.823588e-12 2.156136e-11]
dists_bs = [339.509536 898.590786 375.579417 982.454233 877.458651 815.325858 682.318531 364.631749 700.882307 936.229546]
bs_gains = [3.750272e-11 2.843684e-12 2.869861e-11 2.244879e-12 3.028795e-12 3.679534e-12 5.898676e-12 3.103889e-11 5.493651e-12 2.550688e-12]
At round 11 optimal eta: 0.5267375366803851
At round 11 optimal freqs: [2.e+09 2.e+09 2.e+09 2.e+09 2.e+09 2.e+09 2.e+09 2.e+09 2.e+09 2.e+09]
At round 11 optimal decs: [0 1 0 0 0 1 1 0 0 1]
At round 11 optimal powers: [0.1 0.1 0.1 0.1 0.1 0.1 0.1 0.1 0.1 0.1]
At round 11 t_co: [0.030406 0.030339 0.031642 0.051446 0.04795  0.037701 0.031293 0.031269 0.042215 0.033077]
At round 11 e_co: [0.003041 0.003034 0.003164 0.005145 0.004795 0.00377  0.003129 0.003127 0.004222 0.003308]
At round 11 t_cp: [0.017083 0.018956 0.029954 0.117946 0.026444 0.04774  0.07863  0.020828 0.018722 0.017785]
At round 11 e_cp: [0.013667 0.015164 0.023964 0.094357 0.021155 0.038192 0.062904 0.016662 0.014977 0.014228]
At round 11 average t_co: 0.05144642752002587 average t_cp: 0.11794566954975357 t: 0.16939209706977942
At round 11 average e_co: 0.0367338756400413 average e_cp: 0.31527064685997613 e: 0.35200452250001746
At round 11 a_n: 19.894335203468554
At round 11 local rounds: 46.803837122918075
At round 11 global rounds: 42.036579584028914
At round 11 tau: 5.129691517641605
At round 11 accuracy: 0.8465116279069768
At round 11 training accuracy: 0.8497624703087886
At round 11 training loss: 0.25008300732207717
At round 11 test loss: 0.6054269262203269
gradient difference: 0.08100634068250656
ground = 12 remain_eps = 0.008621147492953037	remain_tau = 4.960299420571826
update_location
xs = [-242.664762  362.664762 -347.664762 -302.776284 -152.776284  -52.776284  352.776284 -142.664762  452.776284  387.664762]
ys = [-262.664762  317.664762 -362.664762  431.383043  361.383043  311.383043   83.616957 -162.664762   33.616957  347.664762]
dists_uav = [662.508388 214.471981 805.875249 554.496873 392.988895 286.786873 227.905523 523.308188 329.597464 248.024907]
uav_gains = [6.560460e-13 4.024299e-11 4.157252e-13 1.001150e-12 2.540443e-12 1.077883e-11 3.285137e-11 1.153071e-12 5.117258e-12 2.322731e-11]
dists_bs = [339.432176 894.483869 373.807108 979.36094  874.826463 813.097644 681.952974 366.262607 699.823849 932.104885]
bs_gains = [3.752538e-11 2.878415e-12 2.906060e-11 2.263717e-12 3.053005e-12 3.706315e-12 5.907059e-12 3.067398e-11 5.515697e-12 2.580708e-12]
At round 12 optimal eta: 0.5267375366803851
At round 12 optimal freqs: [2.e+09 2.e+09 2.e+09 2.e+09 2.e+09 2.e+09 2.e+09 2.e+09 2.e+09 2.e+09]
At round 12 optimal decs: [0 1 0 0 0 1 1 0 0 1]
At round 12 optimal powers: [0.1 0.1 0.1 0.1 0.1 0.1 0.1 0.1 0.1 0.1]
At round 12 t_co: [0.030403 0.030096 0.031581 0.051342 0.047863 0.037162 0.031005 0.031325 0.042181 0.032691]
At round 12 e_co: [0.00304  0.00301  0.003158 0.005134 0.004786 0.003716 0.003101 0.003132 0.004218 0.003269]
At round 12 t_cp: [0.017083 0.018956 0.029954 0.117946 0.026444 0.04774  0.07863  0.020828 0.018722 0.017785]
At round 12 e_cp: [0.013667 0.015164 0.023964 0.094357 0.021155 0.038192 0.062904 0.016662 0.014977 0.014228]
At round 12 average t_co: 0.05134221104445309 average t_cp: 0.11794566954975357 t: 0.16928788059420666
At round 12 average e_co: 0.03656514251878472 average e_cp: 0.31527064685997613 e: 0.3518357893787609
At round 12 a_n: 19.894335203468554
At round 12 local rounds: 46.803837122918075
At round 12 global rounds: 42.036579584028914
At round 12 tau: 4.960299420571826
At round 12 accuracy: 0.8534883720930233
At round 12 training accuracy: 0.8473871733966746
At round 12 training loss: 0.2453123999923255
At round 12 test loss: 0.6056814746331972
gradient difference: 0.10143818706274033
ground = 13 remain_eps = 0.010316415646199324	remain_tau = 4.791011539977619
update_location
xs = [-239.553492  359.553492 -344.553492 -298.840974 -148.840974  -48.840974  348.840974 -139.553492  448.840974  384.553492]
ys = [-259.553492  314.553492 -359.553492  429.414963  359.414963  309.414963   85.585037 -159.553492   35.585037  344.553492]
dists_uav = [658.16322  210.707569 801.511545 550.179011 388.749993 282.695713 224.100464 518.996558 325.469982 244.076963]
uav_gains = [6.662505e-13 4.246075e-11 4.209901e-13 1.020276e-12 2.633567e-12 1.169311e-11 3.486749e-11 1.176877e-12 5.440831e-12 2.496790e-11]
dists_bs = [339.411842 890.379753 372.078393 976.277677 872.208527 810.887183 681.615625 367.938856 698.791494 927.982753]
bs_gains = [3.753134e-11 2.913708e-12 2.941977e-11 2.282712e-12 3.077348e-12 3.733150e-12 5.914810e-12 3.030505e-11 5.537317e-12 2.611198e-12]
At round 13 optimal eta: 0.5267375366803851
At round 13 optimal freqs: [2.e+09 2.e+09 2.e+09 2.e+09 2.e+09 2.e+09 2.e+09 2.e+09 2.e+09 2.e+09]
At round 13 optimal decs: [0 1 0 0 0 1 1 0 0 1]
At round 13 optimal powers: [0.1 0.1 0.1 0.1 0.1 0.1 0.1 0.1 0.1 0.1]
At round 13 t_co: [0.030403 0.029865 0.031523 0.051238 0.047777 0.036631 0.030733 0.031382 0.042148 0.032325]
At round 13 e_co: [0.00304  0.002986 0.003152 0.005124 0.004778 0.003663 0.003073 0.003138 0.004215 0.003232]
At round 13 t_cp: [0.017083 0.018956 0.029954 0.117946 0.026444 0.04774  0.07863  0.020828 0.018722 0.017785]
At round 13 e_cp: [0.013667 0.015164 0.023964 0.094357 0.021155 0.038192 0.062904 0.016662 0.014977 0.014228]
At round 13 average t_co: 0.05123841067732313 average t_cp: 0.11794566954975357 t: 0.1691840802270767
At round 13 average e_co: 0.036402516125710105 average e_cp: 0.31527064685997613 e: 0.3516731629856863
At round 13 a_n: 19.894335203468554
At round 13 local rounds: 46.803837122918075
At round 13 global rounds: 42.036579584028914
At round 13 tau: 4.791011539977619
At round 13 accuracy: 0.858139534883721
At round 13 training accuracy: 0.8515439429928741
At round 13 training loss: 0.2378544499394163
At round 13 test loss: 0.4464921575104601
gradient difference: 0.08271931856870651
ground = 14 remain_eps = 0.012345042451963764	remain_tau = 4.621827459750542
update_location
xs = [-236.442222  356.442222 -341.442222 -294.905665 -144.905665  -44.905665  344.905665 -136.442222  444.905665  381.442222]
ys = [-256.442222  311.442222 -356.442222  427.446884  357.446884  307.446884   87.553116 -156.442222   37.553116  341.442222]
dists_uav = [653.818786 206.968232 797.148239 545.862461 384.514712 278.613966 220.317563 514.686425 321.349732 240.144734]
uav_gains = [6.766881e-13 4.473726e-11 4.263515e-13 1.039963e-12 2.733186e-12 1.269297e-11 3.693140e-11 1.201456e-12 5.797816e-12 2.677742e-11]
dists_bs = [339.448546 886.278477 370.39388  973.204538 869.604974 808.69462  681.306526 369.65988  697.785356 923.863184]
bs_gains = [3.752058e-11 2.949575e-12 2.977566e-11 2.301864e-12 3.101824e-12 3.760031e-12 5.921923e-12 2.993260e-11 5.558500e-12 2.642167e-12]
At round 14 optimal eta: 0.5267375366803851
At round 14 optimal freqs: [2.e+09 2.e+09 2.e+09 2.e+09 2.e+09 2.e+09 2.e+09 2.e+09 2.e+09 2.e+09]
At round 14 optimal decs: [0 1 0 0 0 1 1 0 1 1]
At round 14 optimal powers: [0.1 0.1 0.1 0.1 0.1 0.1 0.1 0.1 0.1 0.1]
At round 14 t_co: [0.030404 0.029643 0.031466 0.051135 0.047692 0.036111 0.030474 0.031441 0.041762 0.031978]
At round 14 e_co: [0.00304  0.002964 0.003147 0.005114 0.004769 0.003611 0.003047 0.003144 0.004176 0.003198]
At round 14 t_cp: [0.017083 0.018956 0.029954 0.117946 0.026444 0.04774  0.07863  0.020828 0.018722 0.017785]
At round 14 e_cp: [0.013667 0.015164 0.023964 0.094357 0.021155 0.038192 0.062904 0.016662 0.014977 0.014228]
At round 14 average t_co: 0.05113502838532714 average t_cp: 0.11794566954975357 t: 0.1690806979350807
At round 14 average e_co: 0.036210535981863884 average e_cp: 0.31527064685997613 e: 0.3514811828418401
At round 14 a_n: 19.894335203468554
At round 14 local rounds: 46.803837122918075
At round 14 global rounds: 42.036579584028914
At round 14 tau: 4.621827459750542
At round 14 accuracy: 0.8604651162790697
At round 14 training accuracy: 0.8533254156769596
At round 14 training loss: 0.22796450970799134
At round 14 test loss: 0.44338346190548455
gradient difference: 0.08536259829998016
ground = 15 remain_eps = 0.014772579776478209	remain_tau = 4.452746761815462
update_location
xs = [-233.330952  353.330952 -338.330952 -290.970355 -140.970355  -40.970355  340.970355 -133.330952  440.970355  378.330952]
ys = [-253.330952  308.330952 -353.330952  425.478804  355.478804  305.478804   89.521196 -153.330952   39.521196  338.330952]
dists_uav = [649.4751   203.255352 792.78534  541.547254 380.28317  274.542051 216.557981 510.377825 317.236995 236.229005]
uav_gains = [6.873662e-13 4.707832e-11 4.318116e-13 1.060235e-12 2.839986e-12 1.378204e-11 3.904353e-11 1.226848e-12 6.192067e-12 2.865035e-11]
dists_bs = [339.542269 882.180078 368.754177 970.141621 867.015931 806.520101 681.025714 371.425055 696.80555  919.746212]
bs_gains = [3.749314e-11 2.986028e-12 3.012781e-11 2.321173e-12 3.126431e-12 3.786956e-12 5.928396e-12 2.955710e-11 5.579237e-12 2.673624e-12]
At round 15 optimal eta: 0.5267375366803851
At round 15 optimal freqs: [2.e+09 2.e+09 2.e+09 2.e+09 2.e+09 2.e+09 2.e+09 2.e+09 2.e+09 2.e+09]
At round 15 optimal decs: [0 1 0 0 0 1 1 0 1 1]
At round 15 optimal powers: [0.1 0.1 0.1 0.1 0.1 0.1 0.1 0.1 0.1 0.1]
At round 15 t_co: [0.030407 0.029429 0.03141  0.051032 0.047606 0.035604 0.030229 0.031501 0.041222 0.03165 ]
At round 15 e_co: [0.003041 0.002943 0.003141 0.005103 0.004761 0.00356  0.003023 0.00315  0.004122 0.003165]
At round 15 t_cp: [0.017083 0.018956 0.029954 0.117946 0.026444 0.04774  0.07863  0.020828 0.018722 0.017785]
At round 15 e_cp: [0.013667 0.015164 0.023964 0.094357 0.021155 0.038192 0.062904 0.016662 0.014977 0.014228]
At round 15 average t_co: 0.0510320661653477 average t_cp: 0.11794566954975357 t: 0.16897773571510127
At round 15 average e_co: 0.03600892983580344 average e_cp: 0.31527064685997613 e: 0.35127957669577964
At round 15 a_n: 19.894335203468554
At round 15 local rounds: 46.803837122918075
At round 15 global rounds: 42.036579584028914
At round 15 tau: 4.452746761815462
At round 15 accuracy: 0.8627906976744186
At round 15 training accuracy: 0.8527315914489311
At round 15 training loss: 0.2199928115985503
At round 15 test loss: 0.42964865363350985
gradient difference: 0.0780114158987999
ground = 16 remain_eps = 0.017677469648368735	remain_tau = 4.2837690261003605
update_location
xs = [-230.219683  350.219683 -335.219683 -287.035045 -137.035045  -37.035045  337.035045 -130.219683  437.035045  375.219683]
ys = [-250.219683  305.219683 -350.219683  423.510724  353.510724  303.510724   91.489276 -150.219683   41.489276  335.219683]
dists_uav = [645.132177 199.570407 788.422853 537.233423 376.055495 270.480413 212.822954 506.070798 313.132067 232.33061 ]
uav_gains = [6.982923e-13 4.949082e-11 4.373731e-13 1.081116e-12 2.954744e-12 1.496291e-11 4.120582e-11 1.253094e-12 6.627782e-12 3.058171e-11]
dists_bs = [339.692963 878.084599 367.159882 967.089021 864.441531 804.363773 680.773226 373.233755 695.852187 915.631874]
bs_gains = [3.744908e-11 3.023077e-12 3.047574e-11 2.340639e-12 3.151165e-12 3.813919e-12 5.934225e-12 2.917905e-11 5.599516e-12 2.705579e-12]
At round 16 optimal eta: 0.5267375366803851
At round 16 optimal freqs: [2.e+09 2.e+09 2.e+09 2.e+09 2.e+09 2.e+09 2.e+09 2.e+09 2.e+09 2.e+09]
At round 16 optimal decs: [0 1 0 0 0 1 1 0 1 1]
At round 16 optimal powers: [0.1 0.1 0.1 0.1 0.1 0.1 0.1 0.1 0.1 0.1]
At round 16 t_co: [0.030413 0.029223 0.031356 0.05093  0.047522 0.035112 0.029994 0.031562 0.040677 0.031339]
At round 16 e_co: [0.003041 0.002922 0.003136 0.005093 0.004752 0.003511 0.002999 0.003156 0.004068 0.003134]
At round 16 t_cp: [0.017083 0.018956 0.029954 0.117946 0.026444 0.04774  0.07863  0.020828 0.018722 0.017785]
At round 16 e_cp: [0.013667 0.015164 0.023964 0.094357 0.021155 0.038192 0.062904 0.016662 0.014977 0.014228]
At round 16 average t_co: 0.05092952604467847 average t_cp: 0.11794566954975357 t: 0.16887519559443204
At round 16 average e_co: 0.035812614477788544 average e_cp: 0.31527064685997613 e: 0.3510832613377647
At round 16 a_n: 19.894335203468554
At round 16 local rounds: 46.803837122918075
At round 16 global rounds: 42.036579584028914
At round 16 tau: 4.2837690261003605
At round 16 accuracy: 0.8651162790697674
At round 16 training accuracy: 0.8586698337292161
At round 16 training loss: 0.2055262404180597
At round 16 test loss: 0.43154048363826153
gradient difference: 0.07514536380767822
ground = 17 remain_eps = 0.02115357898872666	remain_tau = 4.114893830505928
update_location
xs = [-227.108413  347.108413 -332.108413 -283.099736 -133.099736  -33.099736  333.099736 -127.108413  433.099736  372.108413]
ys = [-247.108413  302.108413 -347.108413  421.542645  351.542645  301.542645   93.457355 -147.108413   43.457355  332.108413]
dists_uav = [640.790032 195.914973 784.060785 532.921    371.831818 266.429521 209.113798 501.765384 309.03526  228.450437]
uav_gains = [7.094743e-13 5.198259e-11 4.430382e-13 1.102635e-12 3.078335e-12 1.623692e-11 4.342164e-11 1.280237e-12 7.109486e-12 3.256752e-11]
dists_bs = [339.900553 873.99208  365.611591 964.046838 861.881903 802.225781 680.549092 375.085352 694.925376 911.520204]
bs_gains = [3.738850e-11 3.060735e-12 3.081894e-11 2.360263e-12 3.176025e-12 3.840913e-12 5.939405e-12 2.879889e-11 5.619328e-12 2.738040e-12]
At round 17 optimal eta: 0.5267375366803851
At round 17 optimal freqs: [2.e+09 2.e+09 2.e+09 2.e+09 2.e+09 2.e+09 2.e+09 2.e+09 2.e+09 2.e+09]
At round 17 optimal decs: [0 1 0 0 0 1 1 0 1 1]
At round 17 optimal powers: [0.1 0.1 0.1 0.1 0.1 0.1 0.1 0.1 0.1 0.1]
At round 17 t_co: [0.03042  0.029023 0.031303 0.050827 0.047438 0.034635 0.029769 0.031625 0.04013  0.031045]
At round 17 e_co: [0.003042 0.002902 0.00313  0.005083 0.004744 0.003464 0.002977 0.003162 0.004013 0.003105]
At round 17 t_cp: [0.017083 0.018956 0.029954 0.117946 0.026444 0.04774  0.07863  0.020828 0.018722 0.017785]
At round 17 e_cp: [0.013667 0.015164 0.023964 0.094357 0.021155 0.038192 0.062904 0.016662 0.014977 0.014228]
At round 17 average t_co: 0.05082741008124032 average t_cp: 0.11794566954975357 t: 0.1687730796309939
At round 17 average e_co: 0.03562155191633733 average e_cp: 0.31527064685997613 e: 0.3508921987763135
At round 17 a_n: 19.894335203468554
At round 17 local rounds: 46.803837122918075
At round 17 global rounds: 42.036579584028914
At round 17 tau: 4.114893830505928
At round 17 accuracy: 0.8651162790697674
At round 17 training accuracy: 0.8586698337292161
At round 17 training loss: 0.20091958831750914
At round 17 test loss: 0.41815545740970517
gradient difference: 0.08463063091039658
ground = 18 remain_eps = 0.02531323277217962	remain_tau = 3.9461207508749343
update_location
xs = [-223.997143  343.997143 -328.997143 -279.164426 -129.164426  -29.164426  329.164426 -123.997143  429.164426  368.997143]
ys = [-243.997143  298.997143 -343.997143  419.574565  349.574565  299.574565   95.425435 -143.997143   45.425435  328.997143]
dists_uav = [636.448683 192.290732 779.699144 528.610021 367.612278 262.389873 205.431914 497.461625 304.946902 224.589429]
uav_gains = [7.209203e-13 5.456217e-11 4.488097e-13 1.124819e-12 3.211753e-12 1.760402e-11 4.569568e-11 1.308324e-12 7.642000e-12 3.460508e-11]
dists_bs = [340.164935 869.902563 364.109889 961.01517  859.337181 800.106273 680.353341 376.979211 694.025223 907.411238]
bs_gains = [3.731155e-11 3.099013e-12 3.115692e-11 2.380046e-12 3.201010e-12 3.867935e-12 5.943935e-12 2.841708e-11 5.638663e-12 2.771019e-12]
At round 18 optimal eta: 0.5267375366803851
At round 18 optimal freqs: [2.e+09 2.e+09 2.e+09 2.e+09 2.e+09 2.e+09 2.e+09 2.e+09 2.e+09 2.e+09]
At round 18 optimal decs: [0 1 0 0 0 1 1 0 1 1]
At round 18 optimal powers: [0.1 0.1 0.1 0.1 0.1 0.1 0.1 0.1 0.1 0.1]
At round 18 t_co: [0.030429 0.028828 0.031252 0.050726 0.047354 0.034177 0.029554 0.031689 0.039582 0.030767]
At round 18 e_co: [0.003043 0.002883 0.003125 0.005073 0.004735 0.003418 0.002955 0.003169 0.003958 0.003077]
At round 18 t_cp: [0.017083 0.018956 0.029954 0.117946 0.026444 0.04774  0.07863  0.020828 0.018722 0.017785]
At round 18 e_cp: [0.013667 0.015164 0.023964 0.094357 0.021155 0.038192 0.062904 0.016662 0.014977 0.014228]
At round 18 average t_co: 0.05072572036379372 average t_cp: 0.11794566954975357 t: 0.1686713899135473
At round 18 average e_co: 0.0354357013352419 average e_cp: 0.31527064685997613 e: 0.35070634819521807
At round 18 a_n: 19.894335203468554
At round 18 local rounds: 46.803837122918075
At round 18 global rounds: 42.036579584028914
At round 18 tau: 3.9461207508749343
At round 18 accuracy: 0.8651162790697674
At round 18 training accuracy: 0.8640142517814727
At round 18 training loss: 0.18183099876319425
At round 18 test loss: 0.4153680825490476
gradient difference: 0.05684114620089531
ground = 19 remain_eps = 0.03029084363076467	remain_tau = 3.777449360961387
update_location
xs = [-220.885873  340.885873 -325.885873 -275.229116 -125.229116  -25.229116  325.229116 -120.885873  425.229116  365.885873]
ys = [-240.885873  295.885873 -340.885873  417.606485  347.606485  297.606485   97.393515 -140.885873   47.393515  325.885873]
dists_uav = [632.108144 188.699483 775.337935 524.300521 363.397019 258.361997 201.778794 493.159565 300.867335 220.748592]
uav_gains = [7.326390e-13 5.723867e-11 4.546901e-13 1.147700e-12 3.356119e-12 1.906274e-11 4.803377e-11 1.337406e-12 8.230387e-12 3.669319e-11]
dists_bs = [340.485976 865.81609  362.655357 957.994117 856.807496 798.005397 680.185996 378.914701 693.151832 903.305014]
bs_gains = [3.721839e-11 3.137925e-12 3.148917e-11 2.399988e-12 3.226115e-12 3.894979e-12 5.947811e-12 2.803404e-11 5.657510e-12 2.804525e-12]
At round 19 optimal eta: 0.5267375366803851
At round 19 optimal freqs: [2.e+09 2.e+09 2.e+09 2.e+09 2.e+09 2.e+09 2.e+09 2.e+09 2.e+09 2.e+09]
At round 19 optimal decs: [0 1 0 0 0 1 1 0 1 1]
At round 19 optimal powers: [0.1 0.1 0.1 0.1 0.1 0.1 0.1 0.1 0.1 0.1]
At round 19 t_co: [0.03044  0.028639 0.031202 0.050624 0.047271 0.033736 0.029346 0.031755 0.039034 0.030503]
At round 19 e_co: [0.003044 0.002864 0.00312  0.005062 0.004727 0.003374 0.002935 0.003175 0.003903 0.00305 ]
At round 19 t_cp: [0.017083 0.018956 0.029954 0.117946 0.026444 0.04774  0.07863  0.020828 0.018722 0.017785]
At round 19 e_cp: [0.013667 0.015164 0.023964 0.094357 0.021155 0.038192 0.062904 0.016662 0.014977 0.014228]
At round 19 average t_co: 0.05062445901214691 average t_cp: 0.11794566954975357 t: 0.16857012856190048
At round 19 average e_co: 0.03525502064631245 average e_cp: 0.31527064685997613 e: 0.3505256675062886
At round 19 a_n: 19.894335203468554
At round 19 local rounds: 46.803837122918075
At round 19 global rounds: 42.036579584028914
At round 19 tau: 3.777449360961387
At round 19 accuracy: 0.8651162790697674
At round 19 training accuracy: 0.8657957244655582
At round 19 training loss: 0.1782367445855908
At round 19 test loss: 0.4164451167791469
gradient difference: 0.08696319162845612
ground = 20 remain_eps = 0.03624725518551108	remain_tau = 3.6088792323994863
update_location
xs = [-217.774603  337.774603 -322.774603 -271.293807 -121.293807  -21.293807  321.293807 -117.774603  421.293807  362.774603]
ys = [-237.774603  292.774603 -337.774603  415.638405  345.638405  295.638405   99.361595 -137.774603   49.361595  322.774603]
dists_uav = [627.768434 185.143145 770.977168 519.992536 359.18619  254.346451 198.15603  488.859249 296.796924 216.928999]
uav_gains = [7.446392e-13 6.002154e-11 4.606821e-13 1.171309e-12 3.512704e-12 2.061020e-11 5.044265e-11 1.367538e-12 8.879867e-12 3.883230e-11]
dists_bs = [340.863516 861.732705 361.248562 954.983779 854.292983 795.923299 680.04708  380.891186 692.305303 899.201568]
bs_gains = [3.710925e-11 3.177483e-12 3.181517e-11 2.420088e-12 3.251340e-12 3.922038e-12 5.951031e-12 2.765019e-11 5.675861e-12 2.838568e-12]
At round 20 optimal eta: 0.5267375366803851
At round 20 optimal freqs: [2.e+09 2.e+09 2.e+09 2.e+09 2.e+09 2.e+09 2.e+09 2.e+09 2.e+09 2.e+09]
At round 20 optimal decs: [0 1 0 0 0 1 1 0 1 1]
At round 20 optimal powers: [0.1 0.1 0.1 0.1 0.1 0.1 0.1 0.1 0.1 0.1]
At round 20 t_co: [0.030453 0.028453 0.031154 0.050524 0.047189 0.033316 0.029145 0.031821 0.038488 0.030252]
At round 20 e_co: [0.003045 0.002845 0.003115 0.005052 0.004719 0.003332 0.002915 0.003182 0.003849 0.003025]
At round 20 t_cp: [0.017083 0.018956 0.029954 0.117946 0.026444 0.04774  0.07863  0.020828 0.018722 0.017785]
At round 20 e_cp: [0.013667 0.015164 0.023964 0.094357 0.021155 0.038192 0.062904 0.016662 0.014977 0.014228]
At round 20 average t_co: 0.05052362817735996 average t_cp: 0.11794566954975357 t: 0.16846929772711353
At round 20 average e_co: 0.03507946715167293 average e_cp: 0.31527064685997613 e: 0.35035011401164906
At round 20 a_n: 19.894335203468554
At round 20 local rounds: 46.803837122918075
At round 20 global rounds: 42.036579584028914
At round 20 tau: 3.6088792323994863
At round 20 accuracy: 0.8651162790697674
At round 20 training accuracy: 0.8669833729216152
At round 20 training loss: 0.17076888085399725
At round 20 test loss: 0.409220488725028
gradient difference: 0.08604072779417038
ground = 21 remain_eps = 0.04337493945362235	remain_tau = 3.4404099346723727
update_location
xs = [-214.663333  334.663333 -319.663333 -267.358497 -117.358497  -17.358497  317.358497 -114.663333  417.358497  359.663333]
ys = [-234.663333  289.663333 -334.663333  413.670326  343.670326  293.670326  101.329674 -134.663333   51.329674  319.663333]
dists_uav = [623.429568 181.623769 766.616849 515.686106 354.97995  250.34383  194.565318 484.560722 292.73605  213.13179 ]
uav_gains = [7.569304e-13 6.292042e-11 4.667887e-13 1.195684e-12 3.682948e-12 2.224232e-11 5.292983e-11 1.398779e-12 9.595711e-12 4.102448e-11]
dists_bs = [341.297368 857.652451 359.890067 951.984259 851.793775 793.860128 679.93661  382.908031 691.485737 895.10094 ]
bs_gains = [3.698437e-11 3.217700e-12 3.213442e-11 2.440347e-12 3.276681e-12 3.949108e-12 5.953594e-12 2.726592e-11 5.693705e-12 2.873159e-12]
At round 21 optimal eta: 0.5267375366803851
At round 21 optimal freqs: [2.e+09 2.e+09 2.e+09 2.e+09 2.e+09 2.e+09 2.e+09 2.e+09 2.e+09 2.e+09]
At round 21 optimal decs: [0 1 0 0 0 1 1 0 1 1]
At round 21 optimal powers: [0.1 0.1 0.1 0.1 0.1 0.1 0.1 0.1 0.1 0.1]
At round 21 t_co: [0.030468 0.028271 0.031107 0.050423 0.047107 0.032915 0.02895  0.03189  0.037946 0.030013]
At round 21 e_co: [0.003047 0.002827 0.003111 0.005042 0.004711 0.003291 0.002895 0.003189 0.003795 0.003001]
At round 21 t_cp: [0.017083 0.018956 0.029954 0.117946 0.026444 0.04774  0.07863  0.020828 0.018722 0.017785]
At round 21 e_cp: [0.013667 0.015164 0.023964 0.094357 0.021155 0.038192 0.062904 0.016662 0.014977 0.014228]
At round 21 average t_co: 0.05042323004194401 average t_cp: 0.11794566954975357 t: 0.16836889959169757
At round 21 average e_co: 0.0349089974565444 average e_cp: 0.31527064685997613 e: 0.3501796443165206
At round 21 a_n: 19.894335203468554
At round 21 local rounds: 46.803837122918075
At round 21 global rounds: 42.036579584028914
At round 21 tau: 3.4404099346723727
At round 21 accuracy: 0.8651162790697674
At round 21 training accuracy: 0.8687648456057007
At round 21 training loss: 0.17214005883143052
At round 21 test loss: 0.4062625084399939
gradient difference: 0.05469820648431778
ground = 22 remain_eps = 0.05190421627724906	remain_tau = 3.272041035080675
update_location
xs = [-211.552064  331.552064 -316.552064 -263.423187 -113.423187  -13.423187  313.423187 -111.552064  413.423187  356.552064]
ys = [-231.552064  286.552064 -331.552064  411.702246  341.702246  291.702246  103.297754 -131.552064   53.297754  316.552064]
dists_uav = [619.091566 178.143545 762.256986 511.381268 350.778464 246.354762 191.008465 480.264033 288.685115 209.358185]
uav_gains = [7.695221e-13 6.594504e-11 4.730126e-13 1.220859e-12 3.868478e-12 2.395405e-11 5.550334e-11 1.431193e-12 1.038309e-11 4.327341e-11]
dists_bs = [341.787317 853.575374 358.580418 948.995659 849.310008 791.816032 679.854598 384.964602 690.693229 891.003169]
bs_gains = [3.684404e-11 3.258589e-12 3.244637e-11 2.460766e-12 3.302136e-12 3.976181e-12 5.955497e-12 2.688162e-11 5.711034e-12 2.908309e-12]
At round 22 optimal eta: 0.5267375366803851
At round 22 optimal freqs: [2.e+09 2.e+09 2.e+09 2.e+09 2.e+09 2.e+09 2.e+09 2.e+09 2.e+09 2.e+09]
At round 22 optimal decs: [0 1 0 0 0 1 1 0 1 1]
At round 22 optimal powers: [0.1 0.1 0.1 0.1 0.1 0.1 0.1 0.1 0.1 0.1]
At round 22 t_co: [0.030485 0.028092 0.031063 0.050323 0.047025 0.032534 0.02876  0.031959 0.03741  0.029784]
At round 22 e_co: [0.003048 0.002809 0.003106 0.005032 0.004703 0.003253 0.002876 0.003196 0.003741 0.002978]
At round 22 t_cp: [0.017083 0.018956 0.029954 0.117946 0.026444 0.04774  0.07863  0.020828 0.018722 0.017785]
At round 22 e_cp: [0.013667 0.015164 0.023964 0.094357 0.021155 0.038192 0.062904 0.016662 0.014977 0.014228]
At round 22 average t_co: 0.05032326682005575 average t_cp: 0.11794566954975357 t: 0.16826893636980933
At round 22 average e_co: 0.034743566809201265 average e_cp: 0.31527064685997613 e: 0.35001421366917745
At round 22 a_n: 19.894335203468554
At round 22 local rounds: 46.803837122918075
At round 22 global rounds: 42.036579584028914
At round 22 tau: 3.272041035080675
At round 22 accuracy: 0.8674418604651163
At round 22 training accuracy: 0.8681710213776722
At round 22 training loss: 0.16314733484000418
At round 22 test loss: 0.3998172692203706
gradient difference: 0.057704079896211624
ground = 23 remain_eps = 0.06211069574485503	remain_tau = 3.1037720987108655
update_location
xs = [-208.440794  328.440794 -313.440794 -259.487878 -109.487878   -9.487878  309.487878 -108.440794  409.487878  353.440794]
ys = [-228.440794  283.440794 -328.440794  409.734166  339.734166  289.734166  105.265834 -128.440794   55.265834  313.440794]
dists_uav = [614.754445 174.704813 757.897587 507.078065 346.581905 242.379918 187.487398 475.969232 284.644544 205.609482]
uav_gains = [7.824247e-13 6.910499e-11 4.793568e-13 1.246876e-12 4.071131e-12 2.573981e-11 5.817159e-11 1.464849e-12 1.124691e-11 4.558418e-11]
dists_bs = [342.333123 849.50152  357.320154 946.018082 846.841818 789.791158 679.801056 387.060266 689.927872 886.908293]
bs_gains = [3.668858e-11 3.300164e-12 3.275051e-11 2.481344e-12 3.327702e-12 4.003253e-12 5.956740e-12 2.649764e-11 5.727838e-12 2.944028e-12]
At round 23 optimal eta: 0.5267375366803851
At round 23 optimal freqs: [2.e+09 2.e+09 2.e+09 2.e+09 2.e+09 2.e+09 2.e+09 2.e+09 2.e+09 2.e+09]
At round 23 optimal decs: [0 1 0 0 0 1 1 0 1 1]
At round 23 optimal powers: [0.1 0.1 0.1 0.1 0.1 0.1 0.1 0.1 0.1 0.1]
At round 23 t_co: [0.030504 0.027915 0.03102  0.050224 0.046945 0.032173 0.028575 0.03203  0.036883 0.029564]
At round 23 e_co: [0.00305  0.002792 0.003102 0.005022 0.004694 0.003217 0.002857 0.003203 0.003688 0.002956]
At round 23 t_cp: [0.017083 0.018956 0.029954 0.117946 0.026444 0.04774  0.07863  0.020828 0.018722 0.017785]
At round 23 e_cp: [0.013667 0.015164 0.023964 0.094357 0.021155 0.038192 0.062904 0.016662 0.014977 0.014228]
At round 23 average t_co: 0.05022374075768681 average t_cp: 0.11794566954975357 t: 0.16816941030744037
At round 23 average e_co: 0.03458312805353544 average e_cp: 0.31527064685997613 e: 0.34985377491351155
At round 23 a_n: 19.894335203468554
At round 23 local rounds: 46.803837122918075
At round 23 global rounds: 42.036579584028914
At round 23 tau: 3.1037720987108655
At round 23 accuracy: 0.8674418604651163
At round 23 training accuracy: 0.8711401425178147
At round 23 training loss: 0.1566890965589718
At round 23 test loss: 0.40703757291464787
gradient difference: 0.05854455381631851
ground = 24 remain_eps = 0.07432418409525043	remain_tau = 2.935602688403425
update_location
xs = [-205.329524  325.329524 -310.329524 -255.552568 -105.552568   -5.552568  305.552568 -105.329524  405.552568  350.329524]
ys = [-225.329524  280.329524 -325.329524  407.766086  337.766086  287.766086  107.233914 -125.329524   57.233914  310.329524]
dists_uav = [610.418224 171.310073 753.53866  502.776536 342.390454 238.420009 184.004171 471.67637  280.614784 201.887069]
uav_gains = [7.956487e-13 7.240964e-11 4.858246e-13 1.273778e-12 4.292985e-12 2.759388e-11 6.094315e-11 1.499822e-12 1.219161e-11 4.796321e-11]
dists_bs = [342.934518 845.430934 356.109799 943.051633 844.389342 787.785655 679.775991 389.194391 689.189756 882.816353]
bs_gains = [3.651833e-11 3.342439e-12 3.304632e-11 2.502082e-12 3.353376e-12 4.030317e-12 5.957323e-12 2.611434e-11 5.744109e-12 2.980328e-12]
At round 24 optimal eta: 0.5267375366803851
At round 24 optimal freqs: [2.e+09 2.e+09 2.e+09 2.e+09 2.e+09 2.e+09 2.e+09 2.e+09 2.e+09 2.e+09]
At round 24 optimal decs: [0 1 0 0 0 1 1 0 1 1]
At round 24 optimal powers: [0.1 0.1 0.1 0.1 0.1 0.1 0.1 0.1 0.1 0.1]
At round 24 t_co: [0.030525 0.027742 0.030978 0.050125 0.046864 0.031831 0.028394 0.032101 0.036365 0.029352]
At round 24 e_co: [0.003052 0.002774 0.003098 0.005012 0.004686 0.003183 0.002839 0.00321  0.003636 0.002935]
At round 24 t_cp: [0.017083 0.018956 0.029954 0.117946 0.026444 0.04774  0.07863  0.020828 0.018722 0.017785]
At round 24 e_cp: [0.013667 0.015164 0.023964 0.094357 0.021155 0.038192 0.062904 0.016662 0.014977 0.014228]
At round 24 average t_co: 0.05012465413284745 average t_cp: 0.11794566954975357 t: 0.16807032368260102
At round 24 average e_co: 0.0344276303655668 average e_cp: 0.31527064685997613 e: 0.34969827722554303
At round 24 a_n: 19.894335203468554
At round 24 local rounds: 46.803837122918075
At round 24 global rounds: 42.036579584028914
At round 24 tau: 2.935602688403425
At round 24 accuracy: 0.8674418604651163
At round 24 training accuracy: 0.8717339667458432
At round 24 training loss: 0.15621598583579016
At round 24 test loss: 0.3864824952954758
gradient difference: 0.0686439499258995
ground = 25 remain_eps = 0.08893934088449279	remain_tau = 2.7675323647208243
update_location
xs = [-202.218254  322.218254 -307.218254 -251.617258 -101.617258   -1.617258  301.617258 -102.218254  401.617258  347.218254]
ys = [-222.218254  277.218254 -322.218254  405.798007  335.798007  285.798007  109.201993 -122.218254   59.201993  307.218254]
dists_uav = [606.082922 167.96199  749.180214 498.476727 338.204301 234.475791 180.560974 467.385501 276.596308 198.192427]
uav_gains = [8.092053e-13 7.586796e-11 4.924190e-13 1.301611e-12 4.536376e-12 2.951088e-11 6.382664e-11 1.536193e-12 1.322094e-11 5.041797e-11]
dists_bs = [343.591212 841.363666 354.949862 940.096417 841.952716 785.799671 679.779405 391.366349 688.47897  878.72739 ]
bs_gains = [3.633366e-11 3.385428e-12 3.333327e-11 2.522979e-12 3.379155e-12 4.057366e-12 5.957243e-12 2.573205e-11 5.759838e-12 3.017220e-12]
At round 25 optimal eta: 0.5267375366803851
At round 25 optimal freqs: [2.e+09 2.e+09 2.e+09 2.e+09 2.e+09 2.e+09 2.e+09 2.e+09 2.e+09 2.e+09]
At round 25 optimal decs: [0 1 0 0 0 1 1 0 1 1]
At round 25 optimal powers: [0.1 0.1 0.1 0.1 0.1 0.1 0.1 0.1 0.1 0.1]
At round 25 t_co: [0.030547 0.02757  0.030938 0.050026 0.046785 0.031508 0.028216 0.032175 0.035858 0.029147]
At round 25 e_co: [0.003055 0.002757 0.003094 0.005003 0.004678 0.003151 0.002822 0.003217 0.003586 0.002915]
At round 25 t_cp: [0.017083 0.018956 0.029954 0.117946 0.026444 0.04774  0.07863  0.020828 0.018722 0.017785]
At round 25 e_cp: [0.013667 0.015164 0.023964 0.094357 0.021155 0.038192 0.062904 0.016662 0.014977 0.014228]
At round 25 average t_co: 0.0500260092557448 average t_cp: 0.11794566954975357 t: 0.16797167880549835
At round 25 average e_co: 0.034277017917514516 average e_cp: 0.31527064685997613 e: 0.34954766477749066
At round 25 a_n: 19.894335203468554
At round 25 local rounds: 46.803837122918075
At round 25 global rounds: 42.036579584028914
At round 25 tau: 2.7675323647208243
At round 25 accuracy: 0.8697674418604651
At round 25 training accuracy: 0.8752969121140143
At round 25 training loss: 0.1453310871042565
At round 25 test loss: 0.39814133595299817
gradient difference: 0.05729277804493904
ground = 26 remain_eps = 0.10642843178514622	remain_tau = 2.5995606859153257
update_location
xs = [-199.106984  319.106984 -304.106984 -247.681949  -97.681949    2.318051  297.681949  -99.106984  397.681949  344.106984]
ys = [-219.106984  274.106984 -319.106984  403.829927  333.829927  283.829927  111.170073 -119.106984   61.170073  304.106984]
dists_uav = [601.748559 164.663413 744.822255 494.178681 334.023644 230.54807  177.160143 463.09668  272.589616 194.527139]
uav_gains = [8.231062e-13 7.948833e-11 4.991433e-13 1.330423e-12 4.803928e-12 3.148623e-11 6.683054e-11 1.574053e-12 1.433774e-11 5.295685e-11]
dists_bs = [344.302886 837.299761 353.840841 937.152541 839.532078 783.833355 679.811298 393.575512 687.795597 874.641446]
bs_gains = [3.613498e-11 3.429146e-12 3.361085e-11 2.544036e-12 3.405036e-12 4.084394e-12 5.956503e-12 2.535106e-11 5.775015e-12 3.054716e-12]
At round 26 optimal eta: 0.5267375366803851
At round 26 optimal freqs: [2.e+09 2.e+09 2.e+09 2.e+09 2.e+09 2.e+09 2.e+09 2.e+09 2.e+09 2.e+09]
At round 26 optimal decs: [0 1 0 0 0 1 1 0 1 1]
At round 26 optimal powers: [0.1 0.1 0.1 0.1 0.1 0.1 0.1 0.1 0.1 0.1]
At round 26 t_co: [0.030572 0.027401 0.0309   0.049928 0.046705 0.031202 0.028041 0.032249 0.035366 0.028948]
At round 26 e_co: [0.003057 0.00274  0.00309  0.004993 0.004671 0.00312  0.002804 0.003225 0.003537 0.002895]
At round 26 t_cp: [0.017083 0.018956 0.029954 0.117946 0.026444 0.04774  0.07863  0.020828 0.018722 0.017785]
At round 26 e_cp: [0.013667 0.015164 0.023964 0.094357 0.021155 0.038192 0.062904 0.016662 0.014977 0.014228]
At round 26 average t_co: 0.049927808468954726 average t_cp: 0.11794566954975357 t: 0.16787347801870828
At round 26 average e_co: 0.034131228583188206 average e_cp: 0.31527064685997613 e: 0.34940187544316437
At round 26 a_n: 19.894335203468554
At round 26 local rounds: 46.803837122918075
At round 26 global rounds: 42.036579584028914
At round 26 tau: 2.5995606859153257
At round 26 accuracy: 0.8697674418604651
At round 26 training accuracy: 0.8782660332541568
At round 26 training loss: 0.14300134508064577
At round 26 test loss: 0.39403592118584596
gradient difference: 0.05084807798266411
ground = 27 remain_eps = 0.12735658910443384	remain_tau = 2.4316872078966174
update_location
xs = [-195.995714  315.995714 -300.995714 -243.746639  -93.746639    6.253361  293.746639  -95.995714  393.746639  340.995714]
ys = [-215.995714  270.995714 -315.995714  401.861847  331.861847  281.861847  113.138153 -115.995714   63.138153  300.995714]
dists_uav = [597.415156 161.417374 740.464794 489.882446 329.848694 226.637703 173.804162 458.809964 268.595233 190.892895]
uav_gains = [8.373636e-13 8.327839e-11 5.060010e-13 1.360270e-12 5.098579e-12 3.351652e-11 6.996304e-11 1.613498e-12 1.554376e-11 5.558894e-11]
dists_bs = [345.069202 833.239271 352.783216 934.220111 837.127568 781.886854 679.871666 395.821258 687.13972  870.558563]
bs_gains = [3.592271e-11 3.473608e-12 3.387853e-11 2.565253e-12 3.431016e-12 4.111395e-12 5.955101e-12 2.497169e-11 5.789635e-12 3.092829e-12]
At round 27 optimal eta: 0.5267375366803851
At round 27 optimal freqs: [2.e+09 2.e+09 2.e+09 2.e+09 2.e+09 2.e+09 2.e+09 2.e+09 2.e+09 2.e+09]
At round 27 optimal decs: [0 1 0 0 0 1 1 0 1 1]
At round 27 optimal powers: [0.1 0.1 0.1 0.1 0.1 0.1 0.1 0.1 0.1 0.1]
At round 27 t_co: [0.030598 0.027234 0.030864 0.04983  0.046627 0.030913 0.027869 0.032324 0.034888 0.028754]
At round 27 e_co: [0.00306  0.002723 0.003086 0.004983 0.004663 0.003091 0.002787 0.003232 0.003489 0.002875]
At round 27 t_cp: [0.017083 0.018956 0.029954 0.117946 0.026444 0.04774  0.07863  0.020828 0.018722 0.017785]
At round 27 e_cp: [0.013667 0.015164 0.023964 0.094357 0.021155 0.038192 0.062904 0.016662 0.014977 0.014228]
At round 27 average t_co: 0.04983005414758757 average t_cp: 0.11794566954975357 t: 0.16777572369734114
At round 27 average e_co: 0.03399019277650234 average e_cp: 0.31527064685997613 e: 0.3492608396364785
At round 27 a_n: 19.894335203468554
At round 27 local rounds: 46.803837122918075
At round 27 global rounds: 42.036579584028914
At round 27 tau: 2.4316872078966174
At round 27 accuracy: 0.872093023255814
At round 27 training accuracy: 0.8830166270783848
At round 27 training loss: 0.13344030239223337
At round 27 test loss: 0.40714504068840096
gradient difference: 0.060409773141145706
ground = 28 remain_eps = 0.15240007314078752	remain_tau = 2.2639114841992765
update_location
xs = [-192.884445  312.884445 -297.884445 -239.811329  -89.811329   10.188671  289.811329  -92.884445  389.811329  337.884445]
ys = [-212.884445  267.884445 -312.884445  399.893767  329.893767  279.893767  115.106233 -112.884445   65.106233  297.884445]
dists_uav = [593.082734 158.227108 736.10784  485.588069 325.679669 222.745604 170.495681 454.525413 264.613718 187.291502]
uav_gains = [8.519902e-13 8.724479e-11 5.129957e-13 1.391207e-12 5.423604e-12 3.559979e-11 7.323190e-11 1.654635e-12 1.683948e-11 5.832384e-11]
dists_bs = [345.889796 829.182245 351.777449 931.299236 834.739325 779.960318 679.960502 398.102968 686.511418 866.478785]
bs_gains = [3.569731e-11 3.518828e-12 3.413582e-11 2.586628e-12 3.457090e-12 4.138361e-12 5.953040e-12 2.459420e-11 5.803687e-12 3.131569e-12]
At round 28 optimal eta: 0.5267375366803851
At round 28 optimal freqs: [2.e+09 2.e+09 2.e+09 2.e+09 2.e+09 2.e+09 2.e+09 2.e+09 2.e+09 2.e+09]
At round 28 optimal decs: [0 1 0 0 0 1 1 0 1 1]
At round 28 optimal powers: [0.1 0.1 0.1 0.1 0.1 0.1 0.1 0.1 0.1 0.1]
At round 28 t_co: [0.030627 0.027069 0.030829 0.049733 0.046549 0.030639 0.0277   0.032401 0.034427 0.028565]
At round 28 e_co: [0.003063 0.002707 0.003083 0.004973 0.004655 0.003064 0.00277  0.00324  0.003443 0.002856]
At round 28 t_cp: [0.017083 0.018956 0.029954 0.117946 0.026444 0.04774  0.07863  0.020828 0.018722 0.017785]
At round 28 e_cp: [0.013667 0.015164 0.023964 0.094357 0.021155 0.038192 0.062904 0.016662 0.014977 0.014228]
At round 28 average t_co: 0.049732748699446966 average t_cp: 0.11794566954975357 t: 0.16767841824920054
At round 28 average e_co: 0.03385383250613423 average e_cp: 0.31527064685997613 e: 0.34912447936611046
At round 28 a_n: 19.894335203468554
At round 28 local rounds: 46.803837122918075
At round 28 global rounds: 42.036579584028914
At round 28 tau: 2.2639114841992765
At round 28 accuracy: 0.872093023255814
At round 28 training accuracy: 0.8782660332541568
At round 28 training loss: 0.1429701388257564
At round 28 test loss: 0.3970807237466181
gradient difference: 0.05230722948908806
ground = 29 remain_eps = 0.18236812446564488	remain_tau = 2.096233065950076
update_location
xs = [-189.773175  309.773175 -294.773175 -235.87602   -85.87602    14.12398   285.87602   -89.773175  385.87602   334.773175]
ys = [-209.773175  264.773175 -309.773175  397.925688  327.925688  277.925688  117.074312 -109.773175   67.074312  294.773175]
dists_uav = [588.751314 155.096058 731.7514   481.2956   321.5168   218.872748 167.23752  450.243089 260.645661 183.724893]
uav_gains = [8.669996e-13 9.139295e-11 5.201308e-13 1.423299e-12 5.782630e-12 3.773574e-11 7.664425e-11 1.697580e-12 1.822406e-11 6.117150e-11]
dists_bs = [346.764283 825.128735 350.823987 928.390024 832.367488 778.053894 680.077794 400.420027 685.910765 862.402155]
bs_gains = [3.545925e-11 3.564823e-12 3.438222e-11 2.608163e-12 3.483257e-12 4.165287e-12 5.950319e-12 2.421886e-11 5.817165e-12 3.170951e-12]
At round 29 optimal eta: 0.5267375366803851
At round 29 optimal freqs: [2.e+09 2.e+09 2.e+09 2.e+09 2.e+09 2.e+09 2.e+09 2.e+09 2.e+09 2.e+09]
At round 29 optimal decs: [0 1 0 0 0 1 1 0 1 1]
At round 29 optimal powers: [0.1 0.1 0.1 0.1 0.1 0.1 0.1 0.1 0.1 0.1]
At round 29 t_co: [0.030657 0.026907 0.030797 0.049636 0.046471 0.030379 0.027533 0.032478 0.033984 0.028379]
At round 29 e_co: [0.003066 0.002691 0.00308  0.004964 0.004647 0.003038 0.002753 0.003248 0.003398 0.002838]
At round 29 t_cp: [0.017083 0.018956 0.029954 0.117946 0.026444 0.04774  0.07863  0.020828 0.018722 0.017785]
At round 29 e_cp: [0.013667 0.015164 0.023964 0.094357 0.021155 0.038192 0.062904 0.016662 0.014977 0.014228]
At round 29 average t_co: 0.04963589456518169 average t_cp: 0.11794566954975357 t: 0.16758156411493524
At round 29 average e_co: 0.033722060732608805 average e_cp: 0.31527064685997613 e: 0.34899270759258494
At round 29 a_n: 19.894335203468554
At round 29 local rounds: 46.803837122918075
At round 29 global rounds: 42.036579584028914
At round 29 tau: 2.096233065950076
At round 29 accuracy: 0.872093023255814
At round 29 training accuracy: 0.8836104513064132
At round 29 training loss: 0.126772590440507
At round 29 test loss: 0.5605195258310888
gradient difference: 0.05275825783610344
ground = 30 remain_eps = 0.21822911325241298	remain_tau = 1.9286515018351407
update_location
xs = [-186.661905  306.661905 -291.661905 -231.94071   -81.94071    18.05929   281.94071   -86.661905  381.94071   331.661905]
ys = [-206.661905  261.661905 -306.661905  395.957608  325.957608  275.957608  119.042392 -106.661905   69.042392  291.661905]
dists_uav = [584.420918 152.02788  727.395484 477.005091 317.360329 215.020175 164.032675 445.963057 256.691685 180.195133]
uav_gains = [8.824059e-13 9.572675e-11 5.274103e-13 1.456612e-12 6.179652e-12 3.992581e-11 8.020645e-11 1.742461e-12 1.969527e-11 6.414206e-11]
dists_bs = [347.692256 821.078791 349.923257 925.492587 830.012199 776.167731 680.223527 402.771825 685.337836 858.32872 ]
bs_gains = [3.520900e-11 3.611609e-12 3.461725e-11 2.629858e-12 3.509512e-12 4.192164e-12 5.946942e-12 2.384591e-11 5.830061e-12 3.210986e-12]
At round 30 optimal eta: 0.5267375366803851
At round 30 optimal freqs: [2.e+09 2.e+09 2.e+09 2.e+09 2.e+09 2.e+09 2.e+09 2.e+09 2.e+09 2.e+09]
At round 30 optimal decs: [0 1 0 0 0 1 1 0 1 1]
At round 30 optimal powers: [0.1 0.1 0.1 0.1 0.1 0.1 0.1 0.1 0.1 0.1]
At round 30 t_co: [0.030689 0.026747 0.030766 0.049539 0.046394 0.030131 0.027369 0.032557 0.033559 0.028197]
At round 30 e_co: [0.003069 0.002675 0.003077 0.004954 0.004639 0.003013 0.002737 0.003256 0.003356 0.00282 ]
At round 30 t_cp: [0.017083 0.018956 0.029954 0.117946 0.026444 0.04774  0.07863  0.020828 0.018722 0.017785]
At round 30 e_cp: [0.013667 0.015164 0.023964 0.094357 0.021155 0.038192 0.062904 0.016662 0.014977 0.014228]
At round 30 average t_co: 0.049539494218430145 average t_cp: 0.11794566954975357 t: 0.1674851637681837
At round 30 average e_co: 0.03359478112248438 average e_cp: 0.31527064685997613 e: 0.3488654279824605
At round 30 a_n: 19.894335203468554
At round 30 local rounds: 46.803837122918075
At round 30 global rounds: 42.036579584028914
At round 30 tau: 1.9286515018351407
At round 30 accuracy: 0.8697674418604651
At round 30 training accuracy: 0.8842042755344418
At round 30 training loss: 0.13235523327093746
At round 30 test loss: 0.38403334115404464
gradient difference: 0.04969126731157303
ground = 31 remain_eps = 0.2611418306267993	remain_tau = 1.7611663380669569
update_location
xs = [-183.550635  303.550635 -288.550635 -228.0054    -78.0054     21.9946    278.0054    -83.550635  378.0054    328.550635]
ys = [-203.550635  258.550635 -303.550635  393.989528  323.989528  273.989528  121.010472 -103.550635   71.010472  288.550635]
dists_uav = [580.09157  149.026459 723.040103 472.716594 313.210512 211.188995 160.884335 441.685381 252.752452 176.704429]
uav_gains = [8.982239e-13 1.002482e-10 5.348380e-13 1.491220e-12 6.619031e-12 4.217313e-11 8.392384e-11 1.789420e-12 2.124965e-11 6.724573e-11]
dists_bs = [348.673288 817.032468 349.075668 922.607034 827.673598 774.301977 680.397684 405.157756 684.7927   854.258523]
bs_gains = [3.494709e-11 3.659202e-12 3.484044e-11 2.651711e-12 3.535851e-12 4.218986e-12 5.942909e-12 2.347559e-11 5.842367e-12 3.251688e-12]
At round 31 optimal eta: 0.5267375366803851
At round 31 optimal freqs: [2.e+09 2.e+09 2.e+09 2.e+09 2.e+09 2.e+09 2.e+09 2.e+09 2.e+09 2.e+09]
At round 31 optimal decs: [0 1 0 0 0 1 1 0 1 1]
At round 31 optimal powers: [0.1 0.1 0.1 0.1 0.1 0.1 0.1 0.1 0.1 0.1]
At round 31 t_co: [0.030723 0.026589 0.030736 0.049444 0.046318 0.029894 0.027207 0.032637 0.033154 0.028018]
At round 31 e_co: [0.003072 0.002659 0.003074 0.004944 0.004632 0.002989 0.002721 0.003264 0.003315 0.002802]
At round 31 t_cp: [0.017083 0.018956 0.029954 0.117946 0.026444 0.04774  0.07863  0.020828 0.018722 0.017785]
At round 31 e_cp: [0.013667 0.015164 0.023964 0.094357 0.021155 0.038192 0.062904 0.016662 0.014977 0.014228]
At round 31 average t_co: 0.04944355016595696 average t_cp: 0.11794566954975357 t: 0.16738921971571052
At round 31 average e_co: 0.033471888297758 average e_cp: 0.31527064685997613 e: 0.34874253515773423
At round 31 a_n: 19.894335203468554
At round 31 local rounds: 46.803837122918075
At round 31 global rounds: 42.036579584028914
At round 31 tau: 1.7611663380669569
At round 31 accuracy: 0.872093023255814
At round 31 training accuracy: 0.8800475059382423
At round 31 training loss: 0.13736732541417568
At round 31 test loss: 0.3910027289236066
gradient difference: 0.05777168273925781
ground = 32 remain_eps = 0.3124929331689978	remain_tau = 1.5937771183512464
update_location
xs = [-180.439365  300.439365 -285.439365 -224.070091  -74.070091   25.929909  274.070091  -80.439365  374.070091  325.439365]
ys = [-200.439365  255.439365 -300.439365  392.021449  322.021449  272.021449  122.978551 -100.439365   72.978551  285.439365]
dists_uav = [575.763294 146.095909 718.685265 468.430166 309.067615 207.380393 157.79588  437.410133 248.828662 173.255144]
uav_gains = [9.144693e-13 1.049571e-10 5.424179e-13 1.527203e-12 7.105485e-12 4.448250e-11 8.780055e-11 1.838611e-12 2.288271e-11 7.049259e-11]
dists_bs = [349.706932 812.98982  348.281608 919.733478 825.351828 772.45678  680.600243 407.577223 684.275422 850.191612]
bs_gains = [3.467403e-11 3.707618e-12 3.505134e-11 2.673722e-12 3.562270e-12 4.245745e-12 5.938223e-12 2.310810e-11 5.854079e-12 3.293070e-12]
At round 32 optimal eta: 0.5267375366803851
At round 32 optimal freqs: [2.e+09 2.e+09 2.e+09 2.e+09 2.e+09 2.e+09 2.e+09 2.e+09 2.e+09 2.e+09]
At round 32 optimal decs: [0 1 0 0 0 1 1 0 1 1]
At round 32 optimal powers: [0.1 0.1 0.1 0.1 0.1 0.1 0.1 0.1 0.1 0.1]
At round 32 t_co: [0.030758 0.026434 0.030709 0.049348 0.046242 0.029667 0.027047 0.032718 0.032768 0.027841]
At round 32 e_co: [0.003076 0.002643 0.003071 0.004935 0.004624 0.002967 0.002705 0.003272 0.003277 0.002784]
At round 32 t_cp: [0.017083 0.018956 0.029954 0.117946 0.026444 0.04774  0.07863  0.020828 0.018722 0.017785]
At round 32 e_cp: [0.013667 0.015164 0.023964 0.094357 0.021155 0.038192 0.062904 0.016662 0.014977 0.014228]
At round 32 average t_co: 0.049348064947781635 average t_cp: 0.11794566954975357 t: 0.1672937344975352
At round 32 average e_co: 0.03335326866756191 average e_cp: 0.31527064685997613 e: 0.348623915527538
At round 32 a_n: 19.894335203468554
At round 32 local rounds: 46.803837122918075
At round 32 global rounds: 42.036579584028914
At round 32 tau: 1.5937771183512464
At round 32 accuracy: 0.8697674418604651
At round 32 training accuracy: 0.8830166270783848
At round 32 training loss: 0.12392138482572145
At round 32 test loss: 0.3954896079603756
gradient difference: 0.07261443138122559
ground = 33 remain_eps = 0.37394175052758605	remain_tau = 1.4264833838537112
update_location
xs = [-177.328095  297.328095 -282.328095 -220.134781  -70.134781   29.865219  270.134781  -77.328095  370.134781  322.328095]
ys = [-197.328095  252.328095 -297.328095  390.053369  320.053369  270.053369  124.946631  -97.328095   74.946631  282.328095]
dists_uav = [571.436113 143.24058  714.330981 464.145863 304.931921 203.595637 154.770897 433.137383 244.921056 169.849799]
uav_gains = [9.311585e-13 1.098505e-10 5.501542e-13 1.564647e-12 7.644053e-12 4.686017e-11 9.183920e-11 1.890206e-12 2.458918e-11 7.389252e-11]
dists_bs = [350.792724 808.9509   347.541443 916.872031 823.047031 770.632287 680.831177 410.02963  683.786067 846.128034]
bs_gains = [3.439034e-11 3.756876e-12 3.524951e-11 2.695892e-12 3.588767e-12 4.272435e-12 5.932886e-12 2.274365e-11 5.865187e-12 3.335147e-12]
At round 33 optimal eta: 0.5267375366803851
At round 33 optimal freqs: [2.e+09 2.e+09 2.e+09 2.e+09 2.e+09 2.e+09 2.e+09 2.e+09 2.e+09 2.e+09]
At round 33 optimal decs: [0 1 0 0 0 1 1 0 1 1]
At round 33 optimal powers: [0.1 0.1 0.1 0.1 0.1 0.1 0.1 0.1 0.1 0.1]
At round 33 t_co: [0.030796 0.026282 0.030684 0.049253 0.046167 0.029449 0.02689  0.0328   0.032402 0.027667]
At round 33 e_co: [0.00308  0.002628 0.003068 0.004925 0.004617 0.002945 0.002689 0.00328  0.00324  0.002767]
At round 33 t_cp: [0.017083 0.018956 0.029954 0.117946 0.026444 0.04774  0.07863  0.020828 0.018722 0.017785]
At round 33 e_cp: [0.013667 0.015164 0.023964 0.094357 0.021155 0.038192 0.062904 0.016662 0.014977 0.014228]
At round 33 average t_co: 0.049253041137298524 average t_cp: 0.11794566954975357 t: 0.16719871068705208
At round 33 average e_co: 0.03323880189813998 average e_cp: 0.31527064685997613 e: 0.3485094487581162
At round 33 a_n: 19.894335203468554
At round 33 local rounds: 46.803837122918075
At round 33 global rounds: 42.036579584028914
At round 33 tau: 1.4264833838537112
At round 33 accuracy: 0.8697674418604651
At round 33 training accuracy: 0.8859857482185273
At round 33 training loss: 0.11960503154582479
At round 33 test loss: 0.4003099199377232
gradient difference: 0.060833096504211426
ground = 34 remain_eps = 0.4474739040322979	remain_tau = 1.2592846731666592
update_location
xs = [-174.216826  294.216826 -279.216826 -216.199471  -66.199471   33.800529  266.199471  -74.216826  366.199471  319.216826]
ys = [-194.216826  249.216826 -294.216826  388.085289  318.085289  268.085289  126.914711  -94.216826   76.914711  279.216826]
dists_uav = [567.110052 140.46506  709.97726  459.863745 300.803728 199.836081 151.813178 428.867207 241.030422 166.491093]
uav_gains = [9.483088e-13 1.149222e-10 5.580513e-13 1.603647e-12 8.240042e-12 4.931369e-11 9.604063e-11 1.944394e-12 2.636347e-11 7.745498e-11]
dists_bs = [351.930181 804.915767 346.855518 914.022807 820.75935  768.828646 681.090459 412.51439  683.324693 842.067837]
bs_gains = [3.409658e-11 3.806991e-12 3.543453e-11 2.718219e-12 3.615335e-12 4.299047e-12 5.926903e-12 2.238241e-11 5.875687e-12 3.377931e-12]
At round 34 optimal eta: 0.5267375366803851
At round 34 optimal freqs: [2.e+09 2.e+09 2.e+09 2.e+09 2.e+09 2.e+09 2.e+09 2.e+09 2.e+09 2.e+09]
At round 34 optimal decs: [0 1 0 0 0 1 1 0 1 1]
At round 34 optimal powers: [0.1 0.1 0.1 0.1 0.1 0.1 0.1 0.1 0.1 0.1]
At round 34 t_co: [0.030835 0.026133 0.03066  0.049158 0.046092 0.029238 0.026735 0.032882 0.032055 0.027495]
At round 34 e_co: [0.003083 0.002613 0.003066 0.004916 0.004609 0.002924 0.002674 0.003288 0.003205 0.002749]
At round 34 t_cp: [0.017083 0.018956 0.029954 0.117946 0.026444 0.04774  0.07863  0.020828 0.018722 0.017785]
At round 34 e_cp: [0.013667 0.015164 0.023964 0.094357 0.021155 0.038192 0.062904 0.016662 0.014977 0.014228]
At round 34 average t_co: 0.04915848134138813 average t_cp: 0.11794566954975357 t: 0.1671041508911417
At round 34 average e_co: 0.0331283630265124 average e_cp: 0.31527064685997613 e: 0.3483990098864886
At round 34 a_n: 19.894335203468554
At round 34 local rounds: 46.803837122918075
At round 34 global rounds: 42.036579584028914
At round 34 tau: 1.2592846731666592
At round 34 accuracy: 0.8697674418604651
At round 34 training accuracy: 0.8871733966745843
At round 34 training loss: 0.12000803515677852
At round 34 test loss: 0.3954617250689067
gradient difference: 0.057629045099020004
ground = 35 remain_eps = 0.5354654689063258	remain_tau = 1.0921805222755174
update_location
xs = [-171.105556  291.105556 -276.105556 -212.264162  -62.264162   37.735838  262.264162  -71.105556  362.264162  316.105556]
ys = [-191.105556  246.105556 -291.105556  386.117209  316.117209  266.117209  128.882791  -91.105556   78.882791  276.105556]
dists_uav = [562.785138 137.774171 705.624113 455.583874 296.683347 196.103175 148.926733 424.599681 237.157595 163.181903]
uav_gains = [9.659385e-13 1.201624e-10 5.661136e-13 1.644307e-12 8.898940e-12 5.185171e-11 1.004035e-10 2.001387e-12 2.820000e-11 8.118885e-11]
dists_bs = [353.118803 800.884477 346.224157 911.185921 818.488928 767.046004 681.378056 415.030923 682.891359 838.011071]
bs_gains = [3.379328e-11 3.857984e-12 3.560603e-11 2.740703e-12 3.641972e-12 4.325575e-12 5.920276e-12 2.202456e-11 5.885573e-12 3.421438e-12]
At round 35 optimal eta: 0.5267375366803851
At round 35 optimal freqs: [2.e+09 2.e+09 2.e+09 2.e+09 2.e+09 2.e+09 2.e+09 2.e+09 2.e+09 2.e+09]
At round 35 optimal decs: [0 1 0 0 0 1 1 0 1 1]
At round 35 optimal powers: [0.1 0.1 0.1 0.1 0.1 0.1 0.1 0.1 0.1 0.1]
At round 35 t_co: [0.030875 0.025988 0.030638 0.049064 0.046018 0.029033 0.026584 0.032966 0.031726 0.027325]
At round 35 e_co: [0.003088 0.002599 0.003064 0.004906 0.004602 0.002903 0.002658 0.003297 0.003173 0.002732]
At round 35 t_cp: [0.017083 0.018956 0.029954 0.117946 0.026444 0.04774  0.07863  0.020828 0.018722 0.017785]
At round 35 e_cp: [0.013667 0.015164 0.023964 0.094357 0.021155 0.038192 0.062904 0.016662 0.014977 0.014228]
At round 35 average t_co: 0.04906438820051899 average t_cp: 0.11794566954975357 t: 0.16701005775027256
At round 35 average e_co: 0.03302182515985251 average e_cp: 0.31527064685997613 e: 0.3482924720198287
At round 35 a_n: 19.894335203468554
At round 35 local rounds: 46.803837122918075
At round 35 global rounds: 42.036579584028914
At round 35 tau: 1.0921805222755174
At round 35 accuracy: 0.8697674418604651
At round 35 training accuracy: 0.8871733966745843
At round 35 training loss: 0.1085755754182571
At round 35 test loss: 0.3996963343007288
gradient difference: 0.06209991127252579
ground = 36 remain_eps = 0.6407597533785483	remain_tau = 0.9251704645252449
update_location
xs = [-167.994286  287.994286 -272.994286 -208.328852  -58.328852   41.671148  258.328852  -67.994286  358.328852  312.994286]
ys = [-187.994286  242.994286 -287.994286  384.14913   314.14913   264.14913   130.85087   -87.994286   80.85087   272.994286]
dists_uav = [558.461397 135.172969 701.271551 451.306313 292.57111  192.398469 146.115784 420.334887 233.303463 159.925304]
uav_gains = [9.840670e-13 1.255571e-10 5.743457e-13 1.686740e-12 9.626302e-12 5.448380e-11 1.049241e-10 2.061418e-12 3.009367e-11 8.510228e-11]
dists_bs = [354.358076 796.857087 345.647657 908.361489 816.23591  765.284507 681.693932 417.578653 682.486117 833.957786]
bs_gains = [3.348099e-11 3.909871e-12 3.576362e-11 2.763344e-12 3.668672e-12 4.352009e-12 5.913009e-12 2.167026e-11 5.894839e-12 3.465682e-12]
At round 36 optimal eta: 0.5267375366803851
At round 36 optimal freqs: [2.e+09 2.e+09 2.e+09 2.e+09 2.e+09 2.e+09 2.e+09 2.e+09 2.e+09 2.e+09]
At round 36 optimal decs: [0 1 0 0 0 1 1 0 1 1]
At round 36 optimal powers: [0.1 0.1 0.1 0.1 0.1 0.1 0.1 0.1 0.1 0.1]
At round 36 t_co: [0.030918 0.025846 0.030618 0.048971 0.045945 0.028834 0.026435 0.033051 0.031415 0.027157]
At round 36 e_co: [0.003092 0.002585 0.003062 0.004897 0.004595 0.002883 0.002644 0.003305 0.003142 0.002716]
At round 36 t_cp: [0.017083 0.018956 0.029954 0.117946 0.026444 0.04774  0.07863  0.020828 0.018722 0.017785]
At round 36 e_cp: [0.013667 0.015164 0.023964 0.094357 0.021155 0.038192 0.062904 0.016662 0.014977 0.014228]
At round 36 average t_co: 0.048970764388840037 average t_cp: 0.11794566954975357 t: 0.1669164339385936
At round 36 average e_co: 0.03291906263735319 average e_cp: 0.31527064685997613 e: 0.34818970949732936
At round 36 a_n: 19.894335203468554
At round 36 local rounds: 46.803837122918075
At round 36 global rounds: 42.036579584028914
At round 36 tau: 0.9251704645252449
At round 36 accuracy: 0.8697674418604651
At round 36 training accuracy: 0.8853919239904988
At round 36 training loss: 0.11393554100968821
At round 36 test loss: 0.39288897575998266
gradient difference: 0.0499412976205349
ground = 37 remain_eps = 0.7667591756912405	remain_tau = 0.7582540305866513
update_location
xs = [-164.883016  284.883016 -269.883016 -204.393542  -54.393542   45.606458  254.393542  -64.883016  354.393542  309.883016]
ys = [-184.883016  239.883016 -284.883016  382.18105   312.18105   262.18105   132.81895   -84.883016   82.81895   269.883016]
dists_uav = [554.138856 132.666728 696.919585 447.031129 288.467364 188.723626 143.384772 416.072909 229.468966 156.724575]
uav_gains = [1.002715e-12 1.310873e-10 5.827525e-13 1.731070e-12 1.042760e-11 5.722025e-11 1.095957e-10 2.124748e-12 3.204022e-11 8.920239e-11]
dists_bs = [355.64747  792.833659 345.126294 905.549626 814.000439 763.544302 682.038047 420.157014 682.109017 829.908032]
bs_gains = [3.316029e-11 3.962671e-12 3.590697e-11 2.786141e-12 3.695432e-12 4.378343e-12 5.905107e-12 2.131963e-11 5.903479e-12 3.510679e-12]
At round 37 optimal eta: 0.5267375366803851
At round 37 optimal freqs: [2.e+09 2.e+09 2.e+09 2.e+09 2.e+09 2.e+09 2.e+09 2.e+09 2.e+09 2.e+09]
At round 37 optimal decs: [0 1 0 0 0 1 1 0 1 1]
At round 37 optimal powers: [0.1 0.1 0.1 0.1 0.1 0.1 0.1 0.1 0.1 0.1]
At round 37 t_co: [0.030962 0.025708 0.0306   0.048878 0.045872 0.02864  0.02629  0.033137 0.031121 0.026991]
At round 37 e_co: [0.003096 0.002571 0.00306  0.004888 0.004587 0.002864 0.002629 0.003314 0.003112 0.002699]
At round 37 t_cp: [0.017083 0.018956 0.029954 0.117946 0.026444 0.04774  0.07863  0.020828 0.018722 0.017785]
At round 37 e_cp: [0.013667 0.015164 0.023964 0.094357 0.021155 0.038192 0.062904 0.016662 0.014977 0.014228]
At round 37 average t_co: 0.04887761261426271 average t_cp: 0.11794566954975357 t: 0.16682328216401626
At round 37 average e_co: 0.032819954476305736 average e_cp: 0.31527064685997613 e: 0.34809060133628195
At round 37 a_n: 19.894335203468554
At round 37 local rounds: 46.803837122918075
At round 37 global rounds: 42.036579584028914
At round 37 tau: 0.7582540305866513
At round 37 accuracy: 0.8697674418604651
At round 37 training accuracy: 0.8853919239904988
At round 37 training loss: 0.11328832227780955
At round 37 test loss: 0.5395066553827866
gradient difference: 0.05173147842288017
ground = 38 remain_eps = 0.9175352078634366	remain_tau = 0.5914307484226351
update_location
xs = [-161.771746  281.771746 -266.771746 -200.458233  -50.458233   49.541767  250.458233  -61.771746  350.458233  306.771746]
ys = [-181.771746  236.771746 -281.771746  380.21297   310.21297   260.21297   134.78703   -81.771746   84.78703   266.771746]
dists_uav = [549.817545 130.26093  692.568226 442.75839  284.372478 185.080422 140.738351 411.813834 225.655106 153.583209]
uav_gains = [1.021903e-12 1.367288e-10 5.913389e-13 1.777435e-12 1.130802e-11 6.007189e-11 1.144082e-10 2.191666e-12 3.403657e-11 9.349505e-11]
dists_bs = [356.986441 788.814251 344.660319 902.75045  811.782662 761.825536 682.41036  422.765444 681.760107 825.861862]
bs_gains = [3.283171e-11 4.016405e-12 3.603576e-11 2.809093e-12 3.722247e-12 4.404569e-12 5.896573e-12 2.097282e-11 5.911488e-12 3.556443e-12]
At round 38 optimal eta: 0.5267375366803851
At round 38 optimal freqs: [2.e+09 2.e+09 2.e+09 2.e+09 2.e+09 2.e+09 2.e+09 2.e+09 2.e+09 2.e+09]
At round 38 optimal decs: [0 1 0 0 0 1 1 0 1 1]
At round 38 optimal powers: [0.1 0.1 0.1 0.1 0.1 0.1 0.1 0.1 0.1 0.1]
At round 38 t_co: [0.031008 0.025575 0.030584 0.048785 0.0458   0.02845  0.026148 0.033223 0.030843 0.026828]
At round 38 e_co: [0.003101 0.002558 0.003058 0.004878 0.00458  0.002845 0.002615 0.003322 0.003084 0.002683]
At round 38 t_cp: [0.017083 0.018956 0.029954 0.117946 0.026444 0.04774  0.07863  0.020828 0.018722 0.017785]
At round 38 e_cp: [0.013667 0.015164 0.023964 0.094357 0.021155 0.038192 0.062904 0.016662 0.014977 0.014228]
At round 38 average t_co: 0.04878493561853287 average t_cp: 0.11794566954975357 t: 0.16673060516828644
At round 38 average e_co: 0.03272438788912043 average e_cp: 0.31527064685997613 e: 0.34799503474909654
At round 38 a_n: 19.894335203468554
At round 38 local rounds: 46.803837122918075
At round 38 global rounds: 42.036579584028914
At round 38 tau: 0.5914307484226351
At round 38 accuracy: 0.8697674418604651
At round 38 training accuracy: 0.8865795724465558
At round 38 training loss: 0.1131853035780928
At round 38 test loss: 0.38350973717612036
gradient difference: 0.03255176171660423
ground = 39 remain_eps = 1.0979599388687398	remain_tau = 0.4247001432543487
update_location
xs = [-158.660476  278.660476 -263.660476 -196.522923  -46.522923   53.477077  246.522923  -58.660476  346.522923  303.660476]
ys = [-178.660476  233.660476 -278.660476  378.24489   308.24489   258.24489   136.75511   -78.660476   86.75511   263.660476]
dists_uav = [545.497491 127.961241 688.217486 438.488168 280.286839 181.470765 138.181381 407.557753 221.862948 150.504922]
uav_gains = [1.041655e-12 1.424515e-10 6.001101e-13 1.825984e-12 1.227229e-11 6.304997e-11 1.193479e-10 2.262498e-12 3.608099e-11 9.798455e-11]
dists_bs = [358.374436 784.798927 344.249955 899.964081 809.582723 760.128352 682.810824 425.403392 681.439429 821.819328]
bs_gains = [3.249581e-11 4.071091e-12 3.614970e-11 2.832199e-12 3.749111e-12 4.430678e-12 5.887413e-12 2.062994e-11 5.918863e-12 3.602991e-12]
Model saved in /home/hgiang/2022_coding/fedcom-torch/models/mnist/s3
