Arguments:
	      dataset : mnist
	learning_rate : 0.01
	        model : mclr
	 model_params : (784, 10)
	        optim : 1
	      sce_idx : 3
	          tau : 20.0
['f_00000', 'f_00001', 'f_00002', 'f_00003', 'f_00004', 'f_00005', 'f_00006', 'f_00007', 'f_00008', 'f_00009']
10
dict_keys(['x', 'y'])
id = f_00000, model = <class 'flearn.models.mnist.mclr.Model'>, device = cpu, num_samples = 523
id = f_00001, model = <class 'flearn.models.mnist.mclr.Model'>, device = cpu, num_samples = 516
id = f_00002, model = <class 'flearn.models.mnist.mclr.Model'>, device = cpu, num_samples = 580
id = f_00003, model = <class 'flearn.models.mnist.mclr.Model'>, device = cpu, num_samples = 496
id = f_00004, model = <class 'flearn.models.mnist.mclr.Model'>, device = cpu, num_samples = 536
id = f_00005, model = <class 'flearn.models.mnist.mclr.Model'>, device = cpu, num_samples = 783
id = f_00006, model = <class 'flearn.models.mnist.mclr.Model'>, device = cpu, num_samples = 672
id = f_00007, model = <class 'flearn.models.mnist.mclr.Model'>, device = cpu, num_samples = 1107
id = f_00008, model = <class 'flearn.models.mnist.mclr.Model'>, device = cpu, num_samples = 695
id = f_00009, model = <class 'flearn.models.mnist.mclr.Model'>, device = cpu, num_samples = 976
BaseFederated generated!
num_samples = [ 523  516  580  496  536  783  672 1107  695  976]
msize = 300240
xs = [-280.  400. -385. -350. -200. -100.  400. -180.  500.  425.]
ys = [-300.  355. -400.  455.  385.  335.   60. -200.   10.  385.]
dists_uav = [714.702735 261.199158 858.268606 606.403331 444.100214 336.489227 274.954542 575.152154 379.605058 296.395007]
uav_gains = [5.494875e-13 1.802536e-11 3.593089e-13 8.081917e-13 1.762643e-12 4.643011e-12 1.366745e-11 9.167988e-13 2.857829e-12 8.947599e-12]
dists_bs = [ 344.093011  943.941206  397.775062 1017.116021  907.317475  840.966706  688.186021  349.857114  714.212853  981.758626]
bs_gains = [3.619341e-11 2.495838e-12 2.464796e-11 2.047806e-12 2.771778e-12 3.389665e-12 5.766337e-12 3.463460e-11 5.226094e-12 2.249096e-12]
v = 14.757969303423849 a_0 = 15.679931012830304
SystemModel __init__!
solve_bound_eta tau = 20.0
af = [0.218251 0.21533  0.242038 0.206984 0.223676 0.326751 0.28043  0.461958 0.290028 0.407291]
bf = [0.479252 0.533818 0.507869 0.825074 0.767316 0.685132 0.559065 0.482367 0.668657 0.602646]
tmp = [-1.312466e-37 -5.093765e-38 -8.748568e-34 -5.652250e-39 -4.063003e-36 -1.302732e-24 -5.566132e-29 -1.939057e-17 -7.787760e-28 -1.017973e-19]
w0 = [-1.312466e-37+0.j -5.093765e-38+0.j -8.748568e-34+0.j -5.652250e-39+0.j -4.063003e-36+0.j -1.302732e-24+0.j -5.566132e-29+0.j -1.939057e-17+0.j -7.787760e-28+0.j -1.017973e-19+0.j]
w_1 = [-89.417052+0.j -90.374175+0.j -80.507352+0.j -92.597022+0.j -85.944847+0.j -59.07641 +0.j -69.296664+0.j -42.224751+0.j -66.618816+0.j -47.59401 +0.j]
xs_min = [-89.44158  -90.401531 -80.533397 -92.639611 -85.984428 -59.111867 -69.325431 -42.249757 -66.653339 -47.625262]
xs_max = [-0.024529 -0.027356 -0.026045 -0.042589 -0.039582 -0.035457 -0.028766 -0.025006 -0.034523 -0.031252]
solve_bound_eta x_min = -42.24975722750704	x_max = -0.0425886083155973
solve_bound_eta eta_min = 4.478819643952045e-19	eta_max = 0.9583055479183711
af = 2.298191165658961	bf = 0.6111195916711462	zeta = 2.3211730773155503	eta = 0.9900990099009902
af = 2.298191165658961	bf = 0.6111195916711462	zeta = 64.03272276746198	eta = 0.035890886195874515
af = 2.298191165658961	bf = 0.6111195916711462	zeta = 8.565240509281203	eta = 0.2683160108777641
af = 2.298191165658961	bf = 0.6111195916711462	zeta = 4.967440332337655	eta = 0.46265098559874246
af = 2.298191165658961	bf = 0.6111195916711462	zeta = 4.433849595304137	eta = 0.5183286253311256
af = 2.298191165658961	bf = 0.6111195916711462	zeta = 4.404177692904624	eta = 0.5218207179427558
af = 2.298191165658961	bf = 0.6111195916711462	zeta = 4.4040695900246885	eta = 0.521833526623742
eta = 0.521833526623742
opt_as = [0.208111 0.208111 0.208111 0.208111 0.208111 0.208111 0.208111 0.208111 0.208111 0.208111]
opt_bs = [9048.353179  623.959564 6161.990667  511.951403  692.944528  847.416125 1441.584338 8658.649719 1306.523561  562.274031]
opt_cs = [18106220.980719 17863881.502965 20079556.728139 17171482.995099 18556280.010832 27107401.582988 23264589.864327 38324257.410432 24060848.148374 33789047.183904]
opt_tau = [0.609909 0.609909 0.609909 0.609909 0.609909 0.609909 0.609909 0.609909 0.609909 0.609909]
iter = 17 converged! (z, t) = (1.4602766040444872, 16.900820536341396)
iter = 13 converged! (z, t) = (2.127109124694064, 9.361634857516464)
iter = 14 converged! (z, t) = (1.4800159699096997, 15.035293158446017)
iter = 13 converged! (z, t) = (2.190852476187562, 8.966579907900671)
iter = 15 converged! (z, t) = (2.081139453360483, 9.527874519455194)
iter = 8 converged! (z, t) = (1.764727178264473, 8.951452854213327)
iter = 13 converged! (z, t) = (1.746201282109741, 10.595762160249775)
iter = 15 converged! (z, t) = (0.9076527119934852, 10.985648765726102)
iter = 11 converged! (z, t) = (1.745525436057649, 10.250956662185411)
iter = 13 converged! (z, t) = (1.7002904385700783, 7.578212803833208)
opt_freqs = [5.916872e+07 1.068189e+08 6.651018e+07 1.115252e+08 1.049552e+08 1.117137e+08 9.437735e+07 9.102785e+07 9.755187e+07 1.319572e+08]
opt_powers = [0.000109 0.000962 0.000157 0.00113  0.00089  0.0009   0.000536 0.000232 0.000592 0.001424]
bs_ene = [0.001291 0.014631 0.001874 0.017593 0.013314 0.011944 0.007069 0.002479 0.007802 0.018451]
opt_as = [0.208111 0.208111 0.208111 0.208111 0.208111 0.208111 0.208111 0.208111 0.208111 0.208111]
opt_bs = [ 137.371869 4506.34093    89.827233  202.04792   440.660857 1160.752682 3416.861729  229.199698  714.457246 2236.899695]
opt_cs = [18106220.980719 17863881.502965 20079556.728139 17171482.995099 18556280.010832 27107401.582988 23264589.864327 38324257.410432 24060848.148374 33789047.183904]
opt_tau = [0.609909 0.609909 0.609909 0.609909 0.609909 0.609909 0.609909 0.609909 0.609909 0.609909]
iter = 11 converged! (z, t) = (2.3923758203496877, 6.187395409789518)
iter = 14 converged! (z, t) = (1.6564516367136193, 14.844696845094859)
iter = 14 converged! (z, t) = (2.409675551386829, 5.400024224268785)
iter = 13 converged! (z, t) = (2.3568144055922895, 6.955197332823211)
iter = 11 converged! (z, t) = (2.1745395813021275, 8.480382877749886)
iter = 13 converged! (z, t) = (1.6836952936624372, 9.573555520092976)
iter = 16 converged! (z, t) = (1.5195518930015368, 12.623226221222973)
iter = 15 converged! (z, t) = (1.83231670746097, 5.964487020981178)
iter = 15 converged! (z, t) = (1.8958300161544446, 8.950920913240429)
iter = 14 converged! (z, t) = (1.3338705342505708, 9.835033854768895)
opt_freqs = [1.616189e+08 6.736412e+07 1.851844e+08 1.437774e+08 1.179192e+08 1.044544e+08 7.921905e+07 1.676590e+08 1.117203e+08 1.016773e+08]
opt_powers = [0.003777 0.000184 0.005726 0.002616 0.001325 0.000699 0.000273 0.003167 0.000972 0.000499]
uav_ene = [0.063222 0.002345 0.09642  0.043236 0.020508 0.008999 0.003305 0.043136 0.013564 0.005688]
optimize_network iter = 0 obj = 0.06468942745696998
solve_bound_eta tau = 20.0
af = [ 7.377255  6.393024  7.27822   3.711879  4.262321  6.25634   7.079864 10.149827  5.946131  8.011447]
bf = [4.765114 5.405264 4.829527 7.149099 6.791088 5.494164 4.958539 2.961815 5.695926 4.352631]
tmp = [-0.343769 -0.319055 -0.341803 -0.168991 -0.211596 -0.314603 -0.337543 -0.367735 -0.303426 -0.354068]
w0 = [-0.675535+0.j -0.556747+0.j -0.663908+0.j -0.208081+0.j -0.279957+0.j -0.539696+0.j -0.640398+0.j -0.972262+0.j -0.500529+0.j -0.748258+0.j]
w_1 = [-1.414709+0.j -1.632509+0.j -1.433959+0.j -2.811695+0.j -2.448589+0.j -1.668175+0.j -1.474134+0.j -1.028261+0.j -1.755203+0.j -1.30272 +0.j]
xs_min = [-1.389581 -1.726168 -1.420458 -3.25402  -2.819039 -1.778885 -1.484143 -0.706406 -1.905081 -1.204869]
xs_max = [-0.650407 -0.650407 -0.650407 -0.650407 -0.650407 -0.650407 -0.650407 -0.650407 -0.650407 -0.650407]
solve_bound_eta x_min = -0.7064059416846853	x_max = -0.6504066564774518
solve_bound_eta eta_min = 0.4934143745313503	eta_max = 0.5218335266237414
af = 0.00479475739196658	bf = 0.027813773267899085	zeta = 0.004842704965886246	eta = 0.9900990099009901
af = 0.00479475739196658	bf = 0.027813773267899085	zeta = 2.81400975172129	eta = 0.0017038879801442388
af = 0.00479475739196658	bf = 0.027813773267899085	zeta = 0.05847923898132425	eta = 0.08199076245670398
af = 0.00479475739196658	bf = 0.027813773267899085	zeta = 0.04336140946593562	eta = 0.11057660373640076
af = 0.00479475739196658	bf = 0.027813773267899085	zeta = 0.043142617306210516	eta = 0.11113737856781257
af = 0.00479475739196658	bf = 0.027813773267899085	zeta = 0.043142548405656914	eta = 0.11113755605911042
eta = 0.11113755605911042
opt_as = [0.208111 0.208111 0.208111 0.208111 0.208111 0.208111 0.208111 0.208111 0.208111 0.208111]
opt_bs = [9048.353179  623.959564 6161.990667  511.951403  692.944528  847.416125 1441.584338 8658.649719 1306.523561  562.274031]
opt_cs = [19665146.343223 19401941.707654 21808384.089999 18649928.463172 20153954.952137 29441318.521499 25267645.01462  41623933.082119 26132460.245775 36698246.330757]
opt_tau = [0.646158 0.646158 0.646158 0.646158 0.646158 0.646158 0.646158 0.646158 0.646158 0.646158]
iter = 13 converged! (z, t) = (1.4853233984376029, 17.13928604097619)
iter = 11 converged! (z, t) = (2.206915069666933, 9.631806995699232)
iter = 13 converged! (z, t) = (1.506369133317316, 15.254075140683153)
iter = 14 converged! (z, t) = (2.2770920615710177, 9.237096467710003)
iter = 13 converged! (z, t) = (2.156119903456851, 9.79692404089022)
iter = 12 converged! (z, t) = (1.811733541490023, 9.14079941235894)
iter = 13 converged! (z, t) = (1.7916953006568086, 10.815703457578918)
iter = 13 converged! (z, t) = (0.9076480450702369, 10.98567209931577)
iter = 17 converged! (z, t) = (1.7909774473646982, 10.463490455632476)
iter = 11 converged! (z, t) = (1.7422146001740233, 7.727475770396219)
opt_freqs = [5.834549e+07 1.038227e+08 6.555625e+07 1.082591e+08 1.020729e+08 1.093996e+08 9.245816e+07 9.102766e+07 9.557040e+07 1.294084e+08]
opt_powers = [0.000106 0.000919 0.000153 0.001077 0.000852 0.000869 0.000518 0.000232 0.000572 0.001379]
bs_ene = [0.001223 0.013707 0.001774 0.016475 0.012477 0.011235 0.006652 0.002424 0.007342 0.017377]
opt_as = [0.208111 0.208111 0.208111 0.208111 0.208111 0.208111 0.208111 0.208111 0.208111 0.208111]
opt_bs = [ 137.371869 4506.34093    89.827233  202.04792   440.660857 1160.752682 3416.861729  229.199698  714.457246 2236.899695]
opt_cs = [19665146.343223 19401941.707654 21808384.089999 18649928.463172 20153954.952137 29441318.521499 25267645.01462  41623933.082119 26132460.245775 36698246.330757]
opt_tau = [0.646158 0.646158 0.646158 0.646158 0.646158 0.646158 0.646158 0.646158 0.646158 0.646158]
iter = 6 converged! (z, t) = (2.5002626660351455, 6.398479694623762)
iter = 14 converged! (z, t) = (1.6947296674514183, 15.125647077026478)
iter = 11 converged! (z, t) = (2.519563188692248, 5.585484831218347)
iter = 13 converged! (z, t) = (2.4606445066168385, 7.188874517030914)
iter = 12 converged! (z, t) = (2.259112018140309, 8.7334235264123)
iter = 17 converged! (z, t) = (1.724351278535518, 9.758474441100843)
iter = 14 converged! (z, t) = (1.548461417145577, 12.819037262283953)
iter = 10 converged! (z, t) = (1.8848898397092784, 6.099678087713402)
iter = 15 converged! (z, t) = (1.95388661097866, 9.16613426637021)
iter = 13 converged! (z, t) = (1.3514101948239559, 9.943671693651845)
opt_freqs = [1.562871e+08 6.611287e+07 1.790355e+08 1.391038e+08 1.145026e+08 1.024750e+08 7.800898e+07 1.639431e+08 1.090972e+08 1.005665e+08]
opt_powers = [0.00358  0.000178 0.005424 0.002482 0.001264 0.000677 0.000266 0.003053 0.000935 0.00049 ]
uav_ene = [0.059141 0.00221  0.090189 0.040451 0.019206 0.008477 0.003125 0.040536 0.012735 0.005413]
optimize_network iter = 1 obj = 0.060941086858738336
solve_bound_eta tau = 20.0
af = [ 7.481346  6.514018  7.384127  3.823864  4.382681  6.377185  7.189687 10.149848  6.069413  8.099942]
bf = [4.846846 5.530171 4.915521 7.430512 7.035761 5.626831 5.052875 2.961799 5.844243 4.409866]
tmp = [-0.3527   -0.333017 -0.351191 -0.195412 -0.23693  -0.329283 -0.347885 -0.367735 -0.31987  -0.36029 ]
w0 = [-0.73708 +0.j -0.617524+0.j -0.725418+0.j -0.25122 +0.j -0.329347+0.j -0.599983+0.j -0.701857+0.j -0.97226 +0.j -0.559972+0.j -0.809466+0.j]
w_1 = [-1.319052+0.j -1.514931+0.j -1.336419+0.j -2.580711+0.j -2.251656+0.j -1.547436+0.j -1.372561+0.j -1.028263+0.j -1.625905+0.j -1.218316+0.j]
xs_min = [-1.288378 -1.603812 -1.317407 -3.035897 -2.628714 -1.653859 -1.377111 -0.706406 -1.772339 -1.115255]
xs_max = [-0.706406 -0.706406 -0.706406 -0.706406 -0.706406 -0.706406 -0.706406 -0.650402 -0.706406 -0.706406]
solve_bound_eta x_min = -0.7064059416846673	x_max = -0.706405941684686
solve_bound_eta eta_min = 0.49341437453135917	eta_max = 0.49341437453134995
Done!
af = 0.004642894175721172	bf = 0.02759211057073062	zeta = 0.004689323117478383	eta = 0.9900990099009901
af = 0.004642894175721172	bf = 0.02759211057073062	zeta = 2.791469199293422	eta = 0.0016632439207627237
af = 0.004642894175721172	bf = 0.02759211057073062	zeta = 0.057397388539255065	eta = 0.08089033828683366
af = 0.004642894175721172	bf = 0.02759211057073062	zeta = 0.042723318670346386	eta = 0.10867353754856443
af = 0.004642894175721172	bf = 0.02759211057073062	zeta = 0.04251706171880997	eta = 0.10920072996641508
af = 0.004642894175721172	bf = 0.02759211057073062	zeta = 0.04251700078381805	eta = 0.10920088647194172
eta = 0.10920088647194172
At round 0 optimal eta: 0.49341437453135917
At round 0 optimal freqs: [5.834549e+07 6.611287e+07 6.555625e+07 1.082591e+08 1.020729e+08 1.024750e+08 7.800898e+07 9.102766e+07 9.557040e+07 1.005665e+08]
At round 0 optimal decs: [0 1 0 0 0 1 1 0 0 1]
At round 0 optimal powers: [0.000106 0.000178 0.000153 0.001077 0.000852 0.000677 0.000266 0.000232 0.000572 0.00049 ]
At round 0 t_co: [0.309111 0.352691 0.313491 0.473887 0.448711 0.358856 0.322251 0.188891 0.372721 0.281243]
At round 0 e_co: [3.281642e-05 6.293368e-05 4.793705e-05 5.104006e-04 3.821141e-04 2.429702e-04 8.558974e-05 4.383620e-05 2.133284e-04 1.377821e-04]
At round 0 t_cp: [0.337047 0.293467 0.332667 0.172271 0.197447 0.287302 0.323907 0.457267 0.273437 0.364915]
At round 0 e_cp: [6.694401e-06 8.480418e-06 9.372420e-06 2.185779e-05 2.099814e-05 3.091672e-05 1.537637e-05 3.448973e-05 2.386861e-05 3.711520e-05]
At round 0 average t_co: 0.4738867890921801 average t_cp: 0.4572668803240101 t: 0.646157977422383
At round 0 average e_co: 0.0017597086714318463 average e_cp: 0.00020916979989636818 e: 0.0019688784713282146
At round 0 a_n: 15.679931012830304
At round 0 local rounds: 15.040264889654189
At round 0 global rounds: 30.9521830555789
At round 0 tau: 20.0
At round 0 accuracy: 0.11310904872389792
At round 0 training accuracy: 0.10575246949447996
At round 0 training loss: 2.364722032083514
At round 0 test loss: 2.3548653877866306
gradient difference: 7.703429222106934
ground = 1 remain_eps = 0.001287291315192191	remain_tau = 19.353842022577616
update_location
xs = [-276.88873  396.88873 -381.88873 -346.06469 -196.06469  -96.06469  396.06469 -176.88873  496.06469  421.88873]
ys = [-296.88873  351.88873 -396.88873  453.03192  383.03192  333.03192   61.96808 -196.88873   11.96808  381.88873]
dists_uav = [710.349787 257.215492 853.90058  602.071858 439.8257   332.310872 270.952857 570.825129 375.408552 292.30561 ]
uav_gains = [5.573691e-13 1.949518e-11 3.635755e-13 8.220571e-13 1.810530e-12 4.921303e-12 1.482062e-11 9.335520e-13 2.973071e-12 9.675801e-12]
dists_bs = [ 343.397083  939.80587   395.564073 1013.918444  904.536752  838.552685  687.513899  350.950231  712.875509  977.608221]
bs_gains = [3.638811e-11 2.525047e-12 2.501474e-11 2.064964e-12 2.794416e-12 3.415585e-12 5.781288e-12 3.434946e-11 5.252115e-12 2.274488e-12]
At round 1 optimal eta: 0.49341437453135917
At round 1 optimal freqs: [5.834549e+07 6.611287e+07 6.555625e+07 1.082591e+08 1.020729e+08 1.024750e+08 7.800898e+07 9.102766e+07 9.557040e+07 1.005665e+08]
At round 1 optimal decs: [0 1 0 0 0 1 1 0 0 1]
At round 1 optimal powers: [0.000106 0.000178 0.000153 0.001077 0.000852 0.000677 0.000266 0.000232 0.000572 0.00049 ]
At round 1 t_co: [0.307908 0.33257  0.310131 0.4707   0.445802 0.343438 0.30374  0.189841 0.371306 0.266248]
At round 1 e_co: [3.268862e-05 5.934340e-05 4.742319e-05 5.069678e-04 3.796369e-04 2.325313e-04 8.067332e-05 4.405662e-05 2.125185e-04 1.304363e-04]
At round 1 t_cp: [0.337047 0.293467 0.332667 0.172271 0.197447 0.287302 0.323907 0.457267 0.273437 0.364915]
At round 1 e_cp: [6.694401e-06 8.480418e-06 9.372420e-06 2.185779e-05 2.099814e-05 3.091672e-05 1.537637e-05 3.448973e-05 2.386861e-05 3.711520e-05]
At round 1 average t_co: 0.47069955713467176 average t_cp: 0.4572668803240101 t: 0.6471077999100193
At round 1 average e_co: 0.0017262759380775462 average e_cp: 0.00020916979989636818 e: 0.0019354457379739144
At round 1 a_n: 15.679931012830304
At round 1 local rounds: 15.040264889654189
At round 1 global rounds: 30.9521830555789
At round 1 tau: 19.353842022577616
At round 1 accuracy: 0.7366589327146171
At round 1 training accuracy: 0.7420104590354445
At round 1 training loss: 1.1342870299383967
At round 1 test loss: 1.1387122304031116
gradient difference: 0.9938303232192993
ground = 2 remain_eps = 0.0016571189301692409	remain_tau = 18.706734222667595
update_location
xs = [-273.77746   393.77746  -378.77746  -342.129381 -192.129381  -92.129381  392.129381 -173.77746   492.129381  418.77746 ]
ys = [-293.77746   348.77746  -393.77746   451.063841  381.063841  331.063841   63.936159 -193.77746    13.936159  378.77746 ]
dists_uav = [705.997423 253.245609 849.532883 597.741385 435.553684 328.138312 266.963708 566.499229 371.216758 288.225362]
uav_gains = [5.654156e-13 2.105031e-11 3.679153e-13 8.362774e-13 1.860718e-12 5.227995e-12 1.606337e-11 9.507689e-13 3.097138e-12 1.047733e-11]
dists_bs = [ 342.756231  935.672948  393.389873 1010.729906  901.768923  836.154848  686.869306  352.094944  711.56286   973.460007]
bs_gains = [3.656868e-11 2.554711e-12 2.538278e-11 2.082272e-12 2.817203e-12 3.441603e-12 5.795677e-12 3.405431e-11 5.277830e-12 2.300263e-12]
At round 2 optimal eta: 0.49341437453135917
At round 2 optimal freqs: [5.834549e+07 6.611287e+07 6.555625e+07 1.082591e+08 1.020729e+08 1.024750e+08 7.800898e+07 9.102766e+07 9.557040e+07 1.005665e+08]
At round 2 optimal decs: [0 1 0 0 0 1 1 0 0 1]
At round 2 optimal powers: [0.000106 0.000178 0.000153 0.001077 0.000852 0.000677 0.000266 0.000232 0.000572 0.00049 ]
At round 2 t_co: [0.306802 0.314273 0.306854 0.467537 0.442921 0.328307 0.28669  0.19084  0.369921 0.252075]
At round 2 e_co: [3.257127e-05 5.607843e-05 4.692210e-05 5.035617e-04 3.771831e-04 2.222866e-04 7.614476e-05 4.428844e-05 2.117258e-04 1.234930e-04]
At round 2 t_cp: [0.337047 0.293467 0.332667 0.172271 0.197447 0.287302 0.323907 0.457267 0.273437 0.364915]
At round 2 e_cp: [6.694401e-06 8.480418e-06 9.372420e-06 2.185779e-05 2.099814e-05 3.091672e-05 1.537637e-05 3.448973e-05 2.386861e-05 3.711520e-05]
At round 2 average t_co: 0.467537113778451 average t_cp: 0.4572668803240101 t: 0.6481066930961347
At round 2 average e_co: 0.0016942551015789757 average e_cp: 0.00020916979989636818 e: 0.0019034249014753435
At round 2 a_n: 15.679931012830304
At round 2 local rounds: 15.040264889654189
At round 2 global rounds: 30.9521830555789
At round 2 tau: 18.706734222667595
At round 2 accuracy: 0.8010440835266821
At round 2 training accuracy: 0.7993898895990703
At round 2 training loss: 0.7936169691808163
At round 2 test loss: 0.8341791500964786
gradient difference: 0.850871741771698
ground = 3 remain_eps = 0.0021331948070474386	remain_tau = 18.05862752957146
update_location
xs = [-270.66619   390.66619  -375.66619  -338.194071 -188.194071  -88.194071  388.194071 -170.66619   488.194071  415.66619 ]
ys = [-290.66619   345.66619  -390.66619   449.095761  379.095761  329.095761   65.904239 -190.66619    15.904239  375.66619 ]
dists_uav = [701.645652 249.290168 845.165522 593.411936 431.284243 323.97177  262.987665 562.174479 367.029838 284.154656]
uav_gains = [5.736313e-13 2.268636e-11 3.723298e-13 8.508654e-13 1.913387e-12 5.566505e-12 1.739564e-11 9.684679e-13 3.231013e-12 1.135723e-11]
dists_bs = [ 342.170762  931.542473  391.253075 1007.550491  899.014107  833.773335  686.252319  353.29075   710.275042  969.314015]
bs_gains = [3.673473e-11 2.584839e-12 2.575179e-11 2.099730e-12 2.840137e-12 3.467715e-12 5.809495e-12 3.374971e-11 5.303226e-12 2.326428e-12]
At round 3 optimal eta: 0.49341437453135917
At round 3 optimal freqs: [5.834549e+07 6.611287e+07 6.555625e+07 1.082591e+08 1.020729e+08 1.024750e+08 7.800898e+07 9.102766e+07 9.557040e+07 1.005665e+08]
At round 3 optimal decs: [0 1 0 0 0 1 1 0 0 1]
At round 3 optimal powers: [0.000106 0.000178 0.000153 0.001077 0.000852 0.000677 0.000266 0.000232 0.000572 0.00049 ]
At round 3 t_co: [0.305795 0.297665 0.30366  0.464399 0.440067 0.313497 0.27104  0.191888 0.368566 0.238739]
At round 3 e_co: [3.246436e-05 5.311483e-05 4.643366e-05 5.001822e-04 3.747525e-04 2.122593e-04 7.198808e-05 4.453168e-05 2.109502e-04 1.169594e-04]
At round 3 t_cp: [0.337047 0.293467 0.332667 0.172271 0.197447 0.287302 0.323907 0.457267 0.273437 0.364915]
At round 3 e_cp: [6.694401e-06 8.480418e-06 9.372420e-06 2.185779e-05 2.099814e-05 3.091672e-05 1.537637e-05 3.448973e-05 2.386861e-05 3.711520e-05]
At round 3 average t_co: 0.4643993725048586 average t_cp: 0.4572668803240101 t: 0.6491548165498727
At round 3 average e_co: 0.0016636361910177442 average e_cp: 0.00020916979989636818 e: 0.0018728059909141124
At round 3 a_n: 15.679931012830304
At round 3 local rounds: 15.040264889654189
At round 3 global rounds: 30.9521830555789
At round 3 tau: 18.05862752957146
At round 3 accuracy: 0.824245939675174
At round 3 training accuracy: 0.8297501452643812
At round 3 training loss: 0.6397257660140366
At round 3 test loss: 0.686983406747523
gradient difference: 0.821616530418396
ground = 4 remain_eps = 0.0027460431487252492	remain_tau = 17.409472713021586
update_location
xs = [-267.554921  387.554921 -372.554921 -334.258761 -184.258761  -84.258761  384.258761 -167.554921  484.258761  412.554921]
ys = [-287.554921  342.554921 -387.554921  447.127681  377.127681  327.127681   67.872319 -187.554921   17.872319  372.554921]
dists_uav = [697.294487 245.349866 840.798501 589.083532 427.017451 319.811481 259.025332 557.850906 362.847961 280.093909]
uav_gains = [5.820212e-13 2.439814e-11 3.768209e-13 8.658344e-13 1.968736e-12 5.940609e-12 1.881600e-11 9.866684e-13 3.375805e-12 1.232003e-11]
dists_bs = [ 341.640963  927.414476  389.154294 1004.380288  896.272425  831.408287  685.663012  354.537134  709.012191  965.170271]
bs_gains = [3.688589e-11 2.615440e-12 2.612148e-11 2.117339e-12 2.863218e-12 3.493916e-12 5.822736e-12 3.343620e-11 5.328295e-12 2.352990e-12]
At round 4 optimal eta: 0.49341437453135917
At round 4 optimal freqs: [5.834549e+07 6.611287e+07 6.555625e+07 1.082591e+08 1.020729e+08 1.024750e+08 7.800898e+07 9.102766e+07 9.557040e+07 1.005665e+08]
At round 4 optimal decs: [0 1 0 0 0 1 1 0 0 1]
At round 4 optimal powers: [0.000106 0.000178 0.000153 0.001077 0.000852 0.000677 0.000266 0.000232 0.000572 0.00049 ]
At round 4 t_co: [0.304886 0.282607 0.300548 0.461286 0.43724  0.299044 0.256719 0.192985 0.367241 0.226244]
At round 4 e_co: [3.236784e-05 5.042805e-05 4.595779e-05 4.968292e-04 3.723451e-04 2.024737e-04 6.818445e-05 4.478638e-05 2.101918e-04 1.108382e-04]
At round 4 t_cp: [0.337047 0.293467 0.332667 0.172271 0.197447 0.287302 0.323907 0.457267 0.273437 0.364915]
At round 4 e_cp: [6.694401e-06 8.480418e-06 9.372420e-06 2.185779e-05 2.099814e-05 3.091672e-05 1.537637e-05 3.448973e-05 2.386861e-05 3.711520e-05]
At round 4 average t_co: 0.4612862468756048 average t_cp: 0.4572668803240101 t: 0.6502523379723024
At round 4 average e_co: 0.0016344024975093441 average e_cp: 0.00020916979989636818 e: 0.0018435722974057128
At round 4 a_n: 15.679931012830304
At round 4 local rounds: 15.040264889654189
At round 4 global rounds: 30.9521830555789
At round 4 tau: 17.409472713021586
At round 4 accuracy: 0.8410672853828306
At round 4 training accuracy: 0.841952353282975
At round 4 training loss: 0.5531200020756383
At round 4 test loss: 0.5713639482924944
gradient difference: 0.5758489966392517
ground = 5 remain_eps = 0.0035349574964970315	remain_tau = 16.759220375049285
update_location
xs = [-264.443651  384.443651 -369.443651 -330.323452 -180.323452  -80.323452  380.323452 -164.443651  480.323452  409.443651]
ys = [-284.443651  339.443651 -384.443651  445.159601  375.159601  325.159601   69.840399 -184.443651   19.840399  369.443651]
dists_uav = [692.943938 241.425446 836.431825 584.756197 422.753391 315.657693 255.077347 553.528537 358.671303 276.043561]
uav_gains = [5.905903e-13 2.618002e-11 3.813903e-13 8.811984e-13 2.026983e-12 6.354455e-12 2.032173e-11 1.005391e-12 3.532770e-12 1.336956e-11]
dists_bs = [ 341.167091  923.288992  387.09415  1001.219384  893.543997  829.059844  685.101458  355.833562  707.77444   961.028806]
bs_gains = [3.702181e-11 2.646523e-12 2.649150e-11 2.135099e-12 2.886445e-12 3.520205e-12 5.835393e-12 3.311435e-11 5.353023e-12 2.379957e-12]
At round 5 optimal eta: 0.49341437453135917
At round 5 optimal freqs: [5.834549e+07 6.611287e+07 6.555625e+07 1.082591e+08 1.020729e+08 1.024750e+08 7.800898e+07 9.102766e+07 9.557040e+07 1.005665e+08]
At round 5 optimal decs: [0 1 0 0 0 1 1 0 0 1]
At round 5 optimal powers: [0.000106 0.000178 0.000153 0.001077 0.000852 0.000677 0.000266 0.000232 0.000572 0.00049 ]
At round 5 t_co: [0.304075 0.268963 0.297517 0.458198 0.43444  0.284985 0.243648 0.194133 0.365946 0.214588]
At round 5 e_co: [3.228171e-05 4.799344e-05 4.549441e-05 4.935026e-04 3.699608e-04 1.929545e-04 6.471287e-05 4.505259e-05 2.094505e-04 1.051278e-04]
At round 5 t_cp: [0.337047 0.293467 0.332667 0.172271 0.197447 0.287302 0.323907 0.457267 0.273437 0.364915]
At round 5 e_cp: [6.694401e-06 8.480418e-06 9.372420e-06 2.185779e-05 2.099814e-05 3.091672e-05 1.537637e-05 3.448973e-05 2.386861e-05 3.711520e-05]
At round 5 average t_co: 0.4581976505368402 average t_cp: 0.4572668803240101 t: 0.6513994332257851
At round 5 average e_co: 0.0016065312427319639 average e_cp: 0.00020916979989636818 e: 0.0018157010426283326
At round 5 a_n: 15.679931012830304
At round 5 local rounds: 15.040264889654189
At round 5 global rounds: 30.9521830555789
At round 5 tau: 16.759220375049285
At round 5 accuracy: 0.8503480278422274
At round 5 training accuracy: 0.8537187681580476
At round 5 training loss: 0.4981300524243357
At round 5 test loss: 0.5291484184200138
gradient difference: 0.4934535622596741
ground = 6 remain_eps = 0.004550520084814159	remain_tau = 16.1078209418235
update_location
xs = [-261.332381  381.332381 -366.332381 -326.388142 -176.388142  -76.388142  376.388142 -161.332381  476.388142  406.332381]
ys = [-281.332381  336.332381 -381.332381  443.191522  373.191522  323.191522   71.808478 -181.332381   21.808478  366.332381]
dists_uav = [688.594018 237.517695 832.065501 580.429954 418.492145 311.510666 251.144388 549.207401 354.500048 272.004076]
uav_gains = [5.993435e-13 2.802638e-11 3.860397e-13 8.969722e-13 2.088374e-12 6.812551e-12 2.190890e-11 1.024657e-12 3.703324e-12 1.450869e-11]
dists_bs = [340.749381 919.166055 385.073262 998.067866 890.828945 826.728147 684.567724 357.179491 706.561922 956.889648]
bs_gains = [3.714220e-11 2.678098e-12 2.686152e-11 2.153011e-12 2.909816e-12 3.546576e-12 5.847457e-12 3.278470e-11 5.377401e-12 2.407336e-12]
At round 6 optimal eta: 0.49341437453135917
At round 6 optimal freqs: [5.834549e+07 6.611287e+07 6.555625e+07 1.082591e+08 1.020729e+08 1.024750e+08 7.800898e+07 9.102766e+07 9.557040e+07 1.005665e+08]
At round 6 optimal decs: [0 1 0 0 0 1 1 0 0 1]
At round 6 optimal powers: [0.000106 0.000178 0.000153 0.001077 0.000852 0.000677 0.000266 0.000232 0.000572 0.00049 ]
At round 6 t_co: [0.303361 0.256597 0.294568 0.455133 0.431667 0.271356 0.231743 0.195329 0.36468  0.203758]
At round 6 e_co: [3.220593e-05 4.578683e-05 4.504343e-05 4.902024e-04 3.675995e-04 1.837268e-04 6.155074e-05 4.533034e-05 2.087263e-04 9.982212e-05]
At round 6 t_cp: [0.337047 0.293467 0.332667 0.172271 0.197447 0.287302 0.323907 0.457267 0.273437 0.364915]
At round 6 e_cp: [6.694401e-06 8.480418e-06 9.372420e-06 2.185779e-05 2.099814e-05 3.091672e-05 1.537637e-05 3.448973e-05 2.386861e-05 3.711520e-05]
At round 6 average t_co: 0.45513349722329416 average t_cp: 0.4572668803240101 t: 0.6525962863582504
At round 6 average e_co: 0.0015799942659165433 average e_cp: 0.00020916979989636818 e: 0.0017891640658129113
At round 6 a_n: 15.679931012830304
At round 6 local rounds: 15.040264889654189
At round 6 global rounds: 30.9521830555789
At round 6 tau: 16.1078209418235
At round 6 accuracy: 0.861368909512761
At round 6 training accuracy: 0.8637420104590354
At round 6 training loss: 0.45729388237512714
At round 6 test loss: 0.49617323074072067
gradient difference: 0.8779958486557007
ground = 7 remain_eps = 0.005857844984788899	remain_tau = 15.455224655465251
update_location
xs = [-258.221111  378.221111 -363.221111 -322.452832 -172.452832  -72.452832  372.452832 -158.221111  472.452832  403.221111]
ys = [-278.221111  333.221111 -378.221111  441.223442  371.223442  321.223442   73.776558 -178.221111   23.776558  363.221111]
dists_uav = [684.244739 233.627448 827.699534 576.104828 414.233801 307.370674 247.227172 544.887528 350.33439  267.975944]
uav_gains = [6.082864e-13 2.993202e-11 3.907711e-13 9.131713e-13 2.153180e-12 7.319753e-12 2.357265e-11 1.044491e-12 3.889067e-12 1.573914e-11]
dists_bs = [340.38804  915.045698 383.092252 994.925825 888.127392 824.41334  684.061877 358.574362 705.374767 952.752828]
bs_gains = [3.724677e-11 2.710174e-12 2.723119e-11 2.171077e-12 2.933331e-12 3.573027e-12 5.858923e-12 3.244782e-11 5.401418e-12 2.435134e-12]
At round 7 optimal eta: 0.49341437453135917
At round 7 optimal freqs: [5.834549e+07 6.611287e+07 6.555625e+07 1.082591e+08 1.020729e+08 1.024750e+08 7.800898e+07 9.102766e+07 9.557040e+07 1.005665e+08]
At round 7 optimal decs: [0 1 0 0 0 1 1 0 0 1]
At round 7 optimal powers: [0.000106 0.000178 0.000153 0.001077 0.000852 0.000677 0.000266 0.000232 0.000572 0.00049 ]
At round 7 t_co: [0.302745 0.245378 0.291699 0.452094 0.428921 0.258193 0.220914 0.196576 0.363445 0.193734]
At round 7 e_co: [3.214049e-05 4.378491e-05 4.460476e-05 4.869284e-04 3.652611e-04 1.748145e-04 5.867455e-05 4.561969e-05 2.080190e-04 9.491128e-05]
At round 7 t_cp: [0.337047 0.293467 0.332667 0.172271 0.197447 0.287302 0.323907 0.457267 0.273437 0.364915]
At round 7 e_cp: [6.694401e-06 8.480418e-06 9.372420e-06 2.185779e-05 2.099814e-05 3.091672e-05 1.537637e-05 3.448973e-05 2.386861e-05 3.711520e-05]
At round 7 average t_co: 0.45209370076248123 average t_cp: 0.4572668803240101 t: 0.6538430896219121
At round 7 average e_co: 0.0015547586920702135 average e_cp: 0.00020916979989636818 e: 0.0017639284919665817
At round 7 a_n: 15.679931012830304
At round 7 local rounds: 15.040264889654189
At round 7 global rounds: 30.9521830555789
At round 7 tau: 15.455224655465251
At round 7 accuracy: 0.8677494199535963
At round 7 training accuracy: 0.8701336432306799
At round 7 training loss: 0.4279790198009111
At round 7 test loss: 0.4508433565516606
gradient difference: 0.7562846541404724
ground = 8 remain_eps = 0.007540752974660882	remain_tau = 14.80138156584334
update_location
xs = [-255.109841  375.109841 -360.109841 -318.517523 -168.517523  -68.517523  368.517523 -155.109841  468.517523  400.109841]
ys = [-275.109841  330.109841 -375.109841  439.255362  369.255362  319.255362   75.744638 -175.109841   25.744638  360.109841]
dists_uav = [679.896112 229.755596 823.333928 571.780845 409.978448 303.238004 243.326458 540.568947 346.174531 263.959687]
uav_gains = [6.174244e-13 3.189260e-11 3.955862e-13 9.298121e-13 2.221705e-12 7.881217e-12 2.530755e-11 1.064915e-12 4.091804e-12 1.706130e-11]
dists_bs = [340.083247 910.927956 381.151741 991.793349 885.439462 822.115563 683.583976 360.017608 704.213102 948.618376]
bs_gains = [3.733530e-11 2.742760e-12 2.760013e-11 2.189295e-12 2.956988e-12 3.599552e-12 5.869783e-12 3.210426e-11 5.425062e-12 2.463361e-12]
At round 8 optimal eta: 0.49341437453135917
At round 8 optimal freqs: [5.834549e+07 6.611287e+07 6.555625e+07 1.082591e+08 1.020729e+08 1.024750e+08 7.800898e+07 9.102766e+07 9.557040e+07 1.005665e+08]
At round 8 optimal decs: [0 1 0 0 0 1 1 0 0 1]
At round 8 optimal powers: [0.000106 0.000178 0.000153 0.001077 0.000852 0.000677 0.000266 0.000232 0.000572 0.00049 ]
At round 8 t_co: [0.302225 0.235182 0.288911 0.449078 0.426202 0.24553  0.211071 0.197873 0.362239 0.184488]
At round 8 e_co: [3.208538e-05 4.196561e-05 4.417833e-05 4.836805e-04 3.629456e-04 1.662408e-04 5.606042e-05 4.592068e-05 2.073287e-04 9.038164e-05]
At round 8 t_cp: [0.337047 0.293467 0.332667 0.172271 0.197447 0.287302 0.323907 0.457267 0.273437 0.364915]
At round 8 e_cp: [6.694401e-06 8.480418e-06 9.372420e-06 2.185779e-05 2.099814e-05 3.091672e-05 1.537637e-05 3.448973e-05 2.386861e-05 3.711520e-05]
At round 8 average t_co: 0.4490781750789747 average t_cp: 0.4572668803240101 t: 0.6551400434859992
At round 8 average e_co: 0.001530787555350089 average e_cp: 0.00020916979989636818 e: 0.0017399573552464573
At round 8 a_n: 15.679931012830304
At round 8 local rounds: 15.040264889654189
At round 8 global rounds: 30.9521830555789
At round 8 tau: 14.80138156584334
At round 8 accuracy: 0.8694895591647331
At round 8 training accuracy: 0.8756536897152818
At round 8 training loss: 0.4018236783336964
At round 8 test loss: 0.4254386355211614
gradient difference: 0.8722997903823853
ground = 9 remain_eps = 0.009707145814290634	remain_tau = 14.14624152235734
update_location
xs = [-251.998571  371.998571 -356.998571 -314.582213 -164.582213  -64.582213  364.582213 -151.998571  464.582213  396.998571]
ys = [-271.998571  326.998571 -371.998571  437.287282  367.287282  317.287282   77.712718 -171.998571   27.712718  356.998571]
dists_uav = [675.54815  225.903083 818.968691 567.458031 405.726181 299.11296  239.443053 536.251689 342.020681 259.955853]
uav_gains = [6.267633e-13 3.390495e-11 4.004872e-13 9.469116e-13 2.294290e-12 8.502336e-12 2.710795e-11 1.085957e-12 4.313569e-12 1.847419e-11]
dists_bs = [339.835153 906.812866 379.252351 988.670531 882.765277 819.834962 683.134082 361.508648 703.077055 944.486325]
bs_gains = [3.740757e-11 2.775867e-12 2.796795e-11 2.207668e-12 2.980785e-12 3.626148e-12 5.880033e-12 3.175455e-11 5.448322e-12 2.492023e-12]
At round 9 optimal eta: 0.49341437453135917
At round 9 optimal freqs: [5.834549e+07 6.611287e+07 6.555625e+07 1.082591e+08 1.020729e+08 1.024750e+08 7.800898e+07 9.102766e+07 9.557040e+07 1.005665e+08]
At round 9 optimal decs: [0 1 0 0 0 1 1 0 0 1]
At round 9 optimal powers: [0.000106 0.000178 0.000153 0.001077 0.000852 0.000677 0.000266 0.000232 0.000572 0.00049 ]
At round 9 t_co: [0.301803 0.225894 0.286201 0.446087 0.423509 0.233397 0.202126 0.19922  0.361062 0.175986]
At round 9 e_co: [3.204057e-05 4.030827e-05 4.376405e-05 4.804587e-04 3.606528e-04 1.580263e-04 5.368462e-05 4.623335e-05 2.066553e-04 8.621645e-05]
At round 9 t_cp: [0.337047 0.293467 0.332667 0.172271 0.197447 0.287302 0.323907 0.457267 0.273437 0.364915]
At round 9 e_cp: [6.694401e-06 8.480418e-06 9.372420e-06 2.185779e-05 2.099814e-05 3.091672e-05 1.537637e-05 3.448973e-05 2.386861e-05 3.711520e-05]
At round 9 average t_co: 0.4460868341987455 average t_cp: 0.4572668803240101 t: 0.6564873566431284
At round 9 average e_co: 0.0015080403640645296 average e_cp: 0.00020916979989636818 e: 0.0017172101639608979
At round 9 a_n: 15.679931012830304
At round 9 local rounds: 15.040264889654189
At round 9 global rounds: 30.9521830555789
At round 9 tau: 14.14624152235734
At round 9 accuracy: 0.877030162412993
At round 9 training accuracy: 0.8795758280069726
At round 9 training loss: 0.38568307205946334
At round 9 test loss: 0.4356395709171572
gradient difference: 0.7716375589370728
ground = 10 remain_eps = 0.012495924502040562	remain_tau = 13.489754165714212
update_location
xs = [-248.887302  368.887302 -353.887302 -310.646903 -160.646903  -60.646903  360.646903 -148.887302  460.646903  393.887302]
ys = [-268.887302  323.887302 -368.887302  435.319203  365.319203  315.319203   79.680797 -168.887302   29.680797  353.887302]
dists_uav = [671.200867 222.070917 814.603828 563.136412 401.477097 294.995862 235.577813 531.935788 337.873064 255.965027]
uav_gains = [6.363090e-13 3.596731e-11 4.054759e-13 9.644881e-13 2.371314e-12 9.188644e-12 2.896842e-11 1.107644e-12 4.556644e-12 1.997543e-11]
dists_bs = [339.643884 902.700464 377.394703 985.557461 880.104965 817.571678 682.71225  363.046895 701.966749 940.356704]
bs_gains = [3.746342e-11 2.809505e-12 2.833425e-11 2.226196e-12 3.004721e-12 3.652810e-12 5.889666e-12 3.139925e-11 5.471189e-12 2.521129e-12]
At round 10 optimal eta: 0.49341437453135917
At round 10 optimal freqs: [5.834549e+07 6.611287e+07 6.555625e+07 1.082591e+08 1.020729e+08 1.024750e+08 7.800898e+07 9.102766e+07 9.557040e+07 1.005665e+08]
At round 10 optimal decs: [0 1 0 0 0 1 1 0 0 1]
At round 10 optimal powers: [0.000106 0.000178 0.000153 0.001077 0.000852 0.000677 0.000266 0.000232 0.000572 0.00049 ]
At round 10 t_co: [0.301478 0.217408 0.283571 0.44312  0.420844 0.221823 0.193992 0.200618 0.359915 0.168189]
At round 10 e_co: [3.200606e-05 3.879390e-05 4.336185e-05 4.772628e-04 3.583826e-04 1.501893e-04 5.152406e-05 4.655776e-05 2.059988e-04 8.239645e-05]
At round 10 t_cp: [0.337047 0.293467 0.332667 0.172271 0.197447 0.287302 0.323907 0.457267 0.273437 0.364915]
At round 10 e_cp: [6.694401e-06 8.480418e-06 9.372420e-06 2.185779e-05 2.099814e-05 3.091672e-05 1.537637e-05 3.448973e-05 2.386861e-05 3.711520e-05]
At round 10 average t_co: 0.4431195922535731 average t_cp: 0.4572668803240101 t: 0.6578852460089881
At round 10 average e_co: 0.0014864736060157622 average e_cp: 0.00020916979989636818 e: 0.0016956434059121304
At round 10 a_n: 15.679931012830304
At round 10 local rounds: 15.040264889654189
At round 10 global rounds: 30.9521830555789
At round 10 tau: 13.489754165714212
At round 10 accuracy: 0.8822505800464037
At round 10 training accuracy: 0.8834979662986636
At round 10 training loss: 0.37016065899882084
At round 10 test loss: 0.40850249808805067
gradient difference: 0.6719769835472107
ground = 11 remain_eps = 0.016085895086774122	remain_tau = 12.831868919705224
update_location
xs = [-245.776032  365.776032 -350.776032 -306.711594 -156.711594  -56.711594  356.711594 -145.776032  456.711594  390.776032]
ys = [-265.776032  320.776032 -365.776032  433.351123  363.351123  313.351123   81.648877 -165.776032   31.648877  350.776032]
dists_uav = [666.854275 218.260169 810.239345 558.816017 397.2313   290.887048 231.731648 527.621276 333.73191  251.987827]
uav_gains = [6.460678e-13 3.807952e-11 4.105546e-13 9.825607e-13 2.453205e-12 9.945680e-12 3.088417e-11 1.130005e-12 4.823588e-12 2.156136e-11]
dists_bs = [339.509536 898.590786 375.579417 982.454233 877.458651 815.325858 682.318531 364.631749 700.882307 936.229546]
bs_gains = [3.750272e-11 2.843684e-12 2.869861e-11 2.244879e-12 3.028795e-12 3.679534e-12 5.898676e-12 3.103889e-11 5.493651e-12 2.550688e-12]
At round 11 optimal eta: 0.49341437453135917
At round 11 optimal freqs: [5.834549e+07 6.611287e+07 6.555625e+07 1.082591e+08 1.020729e+08 1.024750e+08 7.800898e+07 9.102766e+07 9.557040e+07 1.005665e+08]
At round 11 optimal decs: [0 1 0 0 0 1 1 0 0 1]
At round 11 optimal powers: [0.000106 0.000178 0.000153 0.001077 0.000852 0.000677 0.000266 0.000232 0.000572 0.00049 ]
At round 11 t_co: [0.30125  0.209625 0.281019 0.440176 0.418204 0.210827 0.186584 0.202067 0.358797 0.161052]
At round 11 e_co: [3.198183e-05 3.740519e-05 4.297164e-05 4.740928e-04 3.561350e-04 1.427447e-04 4.955658e-05 4.689396e-05 2.053591e-04 7.890038e-05]
At round 11 t_cp: [0.337047 0.293467 0.332667 0.172271 0.197447 0.287302 0.323907 0.457267 0.273437 0.364915]
At round 11 e_cp: [6.694401e-06 8.480418e-06 9.372420e-06 2.185779e-05 2.099814e-05 3.091672e-05 1.537637e-05 3.448973e-05 2.386861e-05 3.711520e-05]
At round 11 average t_co: 0.44017636348552297 average t_cp: 0.4572668803240101 t: 0.6593339367150519
At round 11 average e_co: 0.0014660412031049675 average e_cp: 0.00020916979989636818 e: 0.0016752110030013357
At round 11 a_n: 15.679931012830304
At round 11 local rounds: 15.040264889654189
At round 11 global rounds: 30.9521830555789
At round 11 tau: 12.831868919705224
At round 11 accuracy: 0.8863109048723898
At round 11 training accuracy: 0.8868390470656595
At round 11 training loss: 0.3556045900637322
At round 11 test loss: 0.4059641177516088
gradient difference: 0.7046911120414734
ground = 12 remain_eps = 0.020707233042297064	remain_tau = 12.172534982990172
update_location
xs = [-242.664762  362.664762 -347.664762 -302.776284 -152.776284  -52.776284  352.776284 -142.664762  452.776284  387.664762]
ys = [-262.664762  317.664762 -362.664762  431.383043  361.383043  311.383043   83.616957 -162.664762   33.616957  347.664762]
dists_uav = [662.508388 214.471981 805.875249 554.496873 392.988895 286.786873 227.905523 523.308188 329.597464 248.024907]
uav_gains = [6.560460e-13 4.024299e-11 4.157252e-13 1.001150e-12 2.540443e-12 1.077883e-11 3.285137e-11 1.153071e-12 5.117258e-12 2.322731e-11]
dists_bs = [339.432176 894.483869 373.807108 979.36094  874.826463 813.097644 681.952974 366.262607 699.823849 932.104885]
bs_gains = [3.752538e-11 2.878415e-12 2.906060e-11 2.263717e-12 3.053005e-12 3.706315e-12 5.907059e-12 3.067398e-11 5.515697e-12 2.580708e-12]
At round 12 optimal eta: 0.49341437453135917
At round 12 optimal freqs: [5.834549e+07 6.611287e+07 6.555625e+07 1.082591e+08 1.020729e+08 1.024750e+08 7.800898e+07 9.102766e+07 9.557040e+07 1.005665e+08]
At round 12 optimal decs: [0 1 0 0 0 1 1 0 0 1]
At round 12 optimal powers: [0.000106 0.000178 0.000153 0.001077 0.000852 0.000677 0.000266 0.000232 0.000572 0.00049 ]
At round 12 t_co: [0.301119 0.202459 0.278545 0.437257 0.415591 0.200428 0.179824 0.203567 0.357709 0.154531]
At round 12 e_co: [3.196789e-05 3.612655e-05 4.259336e-05 4.709485e-04 3.539100e-04 1.357034e-04 4.776128e-05 4.724200e-05 2.047363e-04 7.570568e-05]
At round 12 t_cp: [0.337047 0.293467 0.332667 0.172271 0.197447 0.287302 0.323907 0.457267 0.273437 0.364915]
At round 12 e_cp: [6.694401e-06 8.480418e-06 9.372420e-06 2.185779e-05 2.099814e-05 3.091672e-05 1.537637e-05 3.448973e-05 2.386861e-05 3.711520e-05]
At round 12 average t_co: 0.4372570622514893 average t_cp: 0.4572668803240101 t: 0.6608336620940938
At round 12 average e_co: 0.0014466949309263374 average e_cp: 0.00020916979989636818 e: 0.0016558647308227057
At round 12 a_n: 15.679931012830304
At round 12 local rounds: 15.040264889654189
At round 12 global rounds: 30.9521830555789
At round 12 tau: 12.172534982990172
At round 12 accuracy: 0.8863109048723898
At round 12 training accuracy: 0.8887274840209181
At round 12 training loss: 0.3441899251498543
At round 12 test loss: 0.3897963702015062
gradient difference: 0.5846775770187378
ground = 13 remain_eps = 0.026656241257009782	remain_tau = 11.511701320896078
update_location
xs = [-239.553492  359.553492 -344.553492 -298.840974 -148.840974  -48.840974  348.840974 -139.553492  448.840974  384.553492]
ys = [-259.553492  314.553492 -359.553492  429.414963  359.414963  309.414963   85.585037 -159.553492   35.585037  344.553492]
dists_uav = [658.16322  210.707569 801.511545 550.179011 388.749993 282.695713 224.100464 518.996558 325.469982 244.076963]
uav_gains = [6.662505e-13 4.246075e-11 4.209901e-13 1.020276e-12 2.633567e-12 1.169311e-11 3.486749e-11 1.176877e-12 5.440831e-12 2.496790e-11]
dists_bs = [339.411842 890.379753 372.078393 976.277677 872.208527 810.887183 681.615625 367.938856 698.791494 927.982753]
bs_gains = [3.753134e-11 2.913708e-12 2.941977e-11 2.282712e-12 3.077348e-12 3.733150e-12 5.914810e-12 3.030505e-11 5.537317e-12 2.611198e-12]
At round 13 optimal eta: 0.49341437453135917
At round 13 optimal freqs: [5.834549e+07 6.611287e+07 6.555625e+07 1.082591e+08 1.020729e+08 1.024750e+08 7.800898e+07 9.102766e+07 9.557040e+07 1.005665e+08]
At round 13 optimal decs: [0 1 0 0 0 1 1 0 0 1]
At round 13 optimal powers: [0.000106 0.000178 0.000153 0.001077 0.000852 0.000677 0.000266 0.000232 0.000572 0.00049 ]
At round 13 t_co: [0.301084 0.195833 0.276149 0.434362 0.413005 0.190634 0.17364  0.205118 0.35665  0.148578]
At round 13 e_co: [3.196422e-05 3.494414e-05 4.222693e-05 4.678300e-04 3.517073e-04 1.290725e-04 4.611870e-05 4.760194e-05 2.041301e-04 7.278899e-05]
At round 13 t_cp: [0.337047 0.293467 0.332667 0.172271 0.197447 0.287302 0.323907 0.457267 0.273437 0.364915]
At round 13 e_cp: [6.694401e-06 8.480418e-06 9.372420e-06 2.185779e-05 2.099814e-05 3.091672e-05 1.537637e-05 3.448973e-05 2.386861e-05 3.711520e-05]
At round 13 average t_co: 0.4343616030278107 average t_cp: 0.4572668803240101 t: 0.6623846636583153
At round 13 average e_co: 0.0014283848217234284 average e_cp: 0.00020916979989636818 e: 0.0016375546216197974
At round 13 a_n: 15.679931012830304
At round 13 local rounds: 15.040264889654189
At round 13 global rounds: 30.9521830555789
At round 13 tau: 11.511701320896078
At round 13 accuracy: 0.8880510440835266
At round 13 training accuracy: 0.8907611853573504
At round 13 training loss: 0.3353624524223399
At round 13 test loss: 0.3858459603658931
gradient difference: 0.8620637655258179
ground = 14 remain_eps = 0.03431434786581647	remain_tau = 10.849316657237763
update_location
xs = [-236.442222  356.442222 -341.442222 -294.905665 -144.905665  -44.905665  344.905665 -136.442222  444.905665  381.442222]
ys = [-256.442222  311.442222 -356.442222  427.446884  357.446884  307.446884   87.553116 -156.442222   37.553116  341.442222]
dists_uav = [653.818786 206.968232 797.148239 545.862461 384.514712 278.613966 220.317563 514.686425 321.349732 240.144734]
uav_gains = [6.766881e-13 4.473726e-11 4.263515e-13 1.039963e-12 2.733186e-12 1.269297e-11 3.693140e-11 1.201456e-12 5.797816e-12 2.677742e-11]
dists_bs = [339.448546 886.278477 370.39388  973.204538 869.604974 808.69462  681.306526 369.65988  697.785356 923.863184]
bs_gains = [3.752058e-11 2.949575e-12 2.977566e-11 2.301864e-12 3.101824e-12 3.760031e-12 5.921923e-12 2.993260e-11 5.558500e-12 2.642167e-12]
At round 14 optimal eta: 0.49341437453135917
At round 14 optimal freqs: [5.834549e+07 6.611287e+07 6.555625e+07 1.082591e+08 1.020729e+08 1.024750e+08 7.800898e+07 9.102766e+07 9.557040e+07 1.005665e+08]
At round 14 optimal decs: [0 1 0 0 0 1 1 0 1 1]
At round 14 optimal powers: [0.000106 0.000178 0.000153 0.001077 0.000852 0.000677 0.000266 0.000232 0.000572 0.00049 ]
At round 14 t_co: [0.301147 0.189677 0.27383  0.43149  0.410445 0.18145  0.167963 0.20672  0.344498 0.143144]
At round 14 e_co: [3.197084e-05 3.384573e-05 4.187227e-05 4.647370e-04 3.495270e-04 1.228545e-04 4.461098e-05 4.797384e-05 1.971748e-04 7.012671e-05]
At round 14 t_cp: [0.337047 0.293467 0.332667 0.172271 0.197447 0.287302 0.323907 0.457267 0.273437 0.364915]
At round 14 e_cp: [6.694401e-06 8.480418e-06 9.372420e-06 2.185779e-05 2.099814e-05 3.091672e-05 1.537637e-05 3.448973e-05 2.386861e-05 3.711520e-05]
At round 14 average t_co: 0.4314899004149496 average t_cp: 0.4572668803240101 t: 0.6639871910699591
At round 14 average e_co: 0.0014046936666754855 average e_cp: 0.00020916979989636818 e: 0.0016138634665718533
At round 14 a_n: 15.679931012830304
At round 14 local rounds: 15.040264889654189
At round 14 global rounds: 30.9521830555789
At round 14 tau: 10.849316657237763
At round 14 accuracy: 0.8880510440835266
At round 14 training accuracy: 0.8927948866937827
At round 14 training loss: 0.3263594413539635
At round 14 test loss: 0.3691123030821428
gradient difference: 0.880582332611084
ground = 15 remain_eps = 0.044172561994149234	remain_tau = 10.185329466167804
update_location
xs = [-233.330952  353.330952 -338.330952 -290.970355 -140.970355  -40.970355  340.970355 -133.330952  440.970355  378.330952]
ys = [-253.330952  308.330952 -353.330952  425.478804  355.478804  305.478804   89.521196 -153.330952   39.521196  338.330952]
dists_uav = [649.4751   203.255352 792.78534  541.547254 380.28317  274.542051 216.557981 510.377825 317.236995 236.229005]
uav_gains = [6.873662e-13 4.707832e-11 4.318116e-13 1.060235e-12 2.839986e-12 1.378204e-11 3.904353e-11 1.226848e-12 6.192067e-12 2.865035e-11]
dists_bs = [339.542269 882.180078 368.754177 970.141621 867.015931 806.520101 681.025714 371.425055 696.80555  919.746212]
bs_gains = [3.749314e-11 2.986028e-12 3.012781e-11 2.321173e-12 3.126431e-12 3.786956e-12 5.928396e-12 2.955710e-11 5.579237e-12 2.673624e-12]
At round 15 optimal eta: 0.49341437453135917
At round 15 optimal freqs: [5.834549e+07 6.611287e+07 6.555625e+07 1.082591e+08 1.020729e+08 1.024750e+08 7.800898e+07 9.102766e+07 9.557040e+07 1.005665e+08]
At round 15 optimal decs: [0 1 0 0 0 1 1 0 1 1]
At round 15 optimal powers: [0.000106 0.000178 0.000153 0.001077 0.000852 0.000677 0.000266 0.000232 0.000572 0.00049 ]
At round 15 t_co: [0.301306 0.183933 0.271587 0.428642 0.40791  0.172874 0.162733 0.208375 0.328009 0.138181]
At round 15 e_co: [3.198773e-05 3.282068e-05 4.152932e-05 4.616695e-04 3.473688e-04 1.170477e-04 4.322187e-05 4.835776e-05 1.877374e-04 6.769552e-05]
At round 15 t_cp: [0.337047 0.293467 0.332667 0.172271 0.197447 0.287302 0.323907 0.457267 0.273437 0.364915]
At round 15 e_cp: [6.694401e-06 8.480418e-06 9.372420e-06 2.185779e-05 2.099814e-05 3.091672e-05 1.537637e-05 3.448973e-05 2.386861e-05 3.711520e-05]
At round 15 average t_co: 0.4286418691422441 average t_cp: 0.4572668803240101 t: 0.6656415021043147
At round 15 average e_co: 0.0013794363261509833 average e_cp: 0.00020916979989636818 e: 0.0015886061260473514
At round 15 a_n: 15.679931012830304
At round 15 local rounds: 15.040264889654189
At round 15 global rounds: 30.9521830555789
At round 15 tau: 10.185329466167804
At round 15 accuracy: 0.8909512761020881
At round 15 training accuracy: 0.8946833236490412
At round 15 training loss: 0.31805579713038834
At round 15 test loss: 0.3596744484242919
gradient difference: 0.5323545932769775
ground = 16 remain_eps = 0.05686295542485696	remain_tau = 9.51968796406349
update_location
xs = [-230.219683  350.219683 -335.219683 -287.035045 -137.035045  -37.035045  337.035045 -130.219683  437.035045  375.219683]
ys = [-250.219683  305.219683 -350.219683  423.510724  353.510724  303.510724   91.489276 -150.219683   41.489276  335.219683]
dists_uav = [645.132177 199.570407 788.422853 537.233423 376.055495 270.480413 212.822954 506.070798 313.132067 232.33061 ]
uav_gains = [6.982923e-13 4.949082e-11 4.373731e-13 1.081116e-12 2.954744e-12 1.496291e-11 4.120582e-11 1.253094e-12 6.627782e-12 3.058171e-11]
dists_bs = [339.692963 878.084599 367.159882 967.089021 864.441531 804.363773 680.773226 373.233755 695.852187 915.631874]
bs_gains = [3.744908e-11 3.023077e-12 3.047574e-11 2.340639e-12 3.151165e-12 3.813919e-12 5.934225e-12 2.917905e-11 5.599516e-12 2.705579e-12]
At round 16 optimal eta: 0.49341437453135917
At round 16 optimal freqs: [5.834549e+07 6.611287e+07 6.555625e+07 1.082591e+08 1.020729e+08 1.024750e+08 7.800898e+07 9.102766e+07 9.557040e+07 1.005665e+08]
At round 16 optimal decs: [0 1 0 0 0 1 1 0 1 1]
At round 16 optimal powers: [0.000106 0.000178 0.000153 0.001077 0.000852 0.000677 0.000266 0.000232 0.000572 0.00049 ]
At round 16 t_co: [0.301562 0.178547 0.26942  0.425817 0.405402 0.164896 0.157895 0.210081 0.312016 0.133644]
At round 16 e_co: [3.201491e-05 3.185975e-05 4.119802e-05 4.586274e-04 3.452329e-04 1.116460e-04 4.193681e-05 4.875376e-05 1.785833e-04 6.547272e-05]
At round 16 t_cp: [0.337047 0.293467 0.332667 0.172271 0.197447 0.287302 0.323907 0.457267 0.273437 0.364915]
At round 16 e_cp: [6.694401e-06 8.480418e-06 9.372420e-06 2.185779e-05 2.099814e-05 3.091672e-05 1.537637e-05 3.448973e-05 2.386861e-05 3.711520e-05]
At round 16 average t_co: 0.425817424072724 average t_cp: 0.4572668803240101 t: 0.6673478626050822
At round 16 average e_co: 0.0013553256163011222 average e_cp: 0.00020916979989636818 e: 0.0015644954161974907
At round 16 a_n: 15.679931012830304
At round 16 local rounds: 15.040264889654189
At round 16 global rounds: 30.9521830555789
At round 16 tau: 9.51968796406349
At round 16 accuracy: 0.8921113689095128
At round 16 training accuracy: 0.8971528181289947
At round 16 training loss: 0.31069450121763426
At round 16 test loss: 0.4005539977374182
gradient difference: 0.5447343587875366
ground = 17 remain_eps = 0.07319918867457906	remain_tau = 8.852340101458408
update_location
xs = [-227.108413  347.108413 -332.108413 -283.099736 -133.099736  -33.099736  333.099736 -127.108413  433.099736  372.108413]
ys = [-247.108413  302.108413 -347.108413  421.542645  351.542645  301.542645   93.457355 -147.108413   43.457355  332.108413]
dists_uav = [640.790032 195.914973 784.060785 532.921    371.831818 266.429521 209.113798 501.765384 309.03526  228.450437]
uav_gains = [7.094743e-13 5.198259e-11 4.430382e-13 1.102635e-12 3.078335e-12 1.623692e-11 4.342164e-11 1.280237e-12 7.109486e-12 3.256752e-11]
dists_bs = [339.900553 873.99208  365.611591 964.046838 861.881903 802.225781 680.549092 375.085352 694.925376 911.520204]
bs_gains = [3.738850e-11 3.060735e-12 3.081894e-11 2.360263e-12 3.176025e-12 3.840913e-12 5.939405e-12 2.879889e-11 5.619328e-12 2.738040e-12]
At round 17 optimal eta: 0.49341437453135917
At round 17 optimal freqs: [5.834549e+07 6.611287e+07 6.555625e+07 1.082591e+08 1.020729e+08 1.024750e+08 7.800898e+07 9.102766e+07 9.557040e+07 1.005665e+08]
At round 17 optimal decs: [0 1 0 0 0 1 1 0 1 1]
At round 17 optimal powers: [0.000106 0.000178 0.000153 0.001077 0.000852 0.000677 0.000266 0.000232 0.000572 0.00049 ]
At round 17 t_co: [0.301915 0.173477 0.267329 0.423016 0.40292  0.157502 0.153399 0.21184  0.296558 0.129488]
At round 17 e_co: [3.205237e-05 3.095505e-05 4.087828e-05 4.556107e-04 3.431190e-04 1.066395e-04 4.074283e-05 4.916190e-05 1.697362e-04 6.343661e-05]
At round 17 t_cp: [0.337047 0.293467 0.332667 0.172271 0.197447 0.287302 0.323907 0.457267 0.273437 0.364915]
At round 17 e_cp: [6.694401e-06 8.480418e-06 9.372420e-06 2.185779e-05 2.099814e-05 3.091672e-05 1.537637e-05 3.448973e-05 2.386861e-05 3.711520e-05]
At round 17 average t_co: 0.42301648020799726 average t_cp: 0.4572668803240101 t: 0.6691065464320953
At round 17 average e_co: 0.0013323323863644943 average e_cp: 0.00020916979989636818 e: 0.0015415021862608624
At round 17 a_n: 15.679931012830304
At round 17 local rounds: 15.040264889654189
At round 17 global rounds: 30.9521830555789
At round 17 tau: 8.852340101458408
At round 17 accuracy: 0.8938515081206496
At round 17 training accuracy: 0.8987507263219059
At round 17 training loss: 0.3041108107134001
At round 17 test loss: 0.36979701957903316
gradient difference: 0.860538125038147
ground = 18 remain_eps = 0.09422867985990022	remain_tau = 8.183233555026312
update_location
xs = [-223.997143  343.997143 -328.997143 -279.164426 -129.164426  -29.164426  329.164426 -123.997143  429.164426  368.997143]
ys = [-243.997143  298.997143 -343.997143  419.574565  349.574565  299.574565   95.425435 -143.997143   45.425435  328.997143]
dists_uav = [636.448683 192.290732 779.699144 528.610021 367.612278 262.389873 205.431914 497.461625 304.946902 224.589429]
uav_gains = [7.209203e-13 5.456217e-11 4.488097e-13 1.124819e-12 3.211753e-12 1.760402e-11 4.569568e-11 1.308324e-12 7.642000e-12 3.460508e-11]
dists_bs = [340.164935 869.902563 364.109889 961.01517  859.337181 800.106273 680.353341 376.979211 694.025223 907.411238]
bs_gains = [3.731155e-11 3.099013e-12 3.115692e-11 2.380046e-12 3.201010e-12 3.867935e-12 5.943935e-12 2.841708e-11 5.638663e-12 2.771019e-12]
At round 18 optimal eta: 0.49341437453135917
At round 18 optimal freqs: [5.834549e+07 6.611287e+07 6.555625e+07 1.082591e+08 1.020729e+08 1.024750e+08 7.800898e+07 9.102766e+07 9.557040e+07 1.005665e+08]
At round 18 optimal decs: [0 1 0 0 0 1 1 0 1 1]
At round 18 optimal powers: [0.000106 0.000178 0.000153 0.001077 0.000852 0.000677 0.000266 0.000232 0.000572 0.00049 ]
At round 18 t_co: [0.302364 0.168685 0.265314 0.420239 0.400463 0.150671 0.149204 0.213651 0.281676 0.125671]
At round 18 e_co: [3.210014e-05 3.009984e-05 4.057006e-05 4.526191e-04 3.410271e-04 1.020145e-04 3.962852e-05 4.958225e-05 1.612185e-04 6.156676e-05]
At round 18 t_cp: [0.337047 0.293467 0.332667 0.172271 0.197447 0.287302 0.323907 0.457267 0.273437 0.364915]
At round 18 e_cp: [6.694401e-06 8.480418e-06 9.372420e-06 2.185779e-05 2.099814e-05 3.091672e-05 1.537637e-05 3.448973e-05 2.386861e-05 3.711520e-05]
At round 18 average t_co: 0.4202389526932032 average t_cp: 0.4572668803240101 t: 0.6709178354014557
At round 18 average e_co: 0.0013104267565650985 average e_cp: 0.00020916979989636818 e: 0.0015195965564614668
At round 18 a_n: 15.679931012830304
At round 18 local rounds: 15.040264889654189
At round 18 global rounds: 30.9521830555789
At round 18 tau: 8.183233555026312
At round 18 accuracy: 0.8955916473317865
At round 18 training accuracy: 0.8999128413712958
At round 18 training loss: 0.298685831425155
At round 18 test loss: 0.37409366455844345
gradient difference: 0.6670485734939575
ground = 19 remain_eps = 0.12129976122567487	remain_tau = 7.512315719624857
update_location
xs = [-220.885873  340.885873 -325.885873 -275.229116 -125.229116  -25.229116  325.229116 -120.885873  425.229116  365.885873]
ys = [-240.885873  295.885873 -340.885873  417.606485  347.606485  297.606485   97.393515 -140.885873   47.393515  325.885873]
dists_uav = [632.108144 188.699483 775.337935 524.300521 363.397019 258.361997 201.778794 493.159565 300.867335 220.748592]
uav_gains = [7.326390e-13 5.723867e-11 4.546901e-13 1.147700e-12 3.356119e-12 1.906274e-11 4.803377e-11 1.337406e-12 8.230387e-12 3.669319e-11]
dists_bs = [340.485976 865.81609  362.655357 957.994117 856.807496 798.005397 680.185996 378.914701 693.151832 903.305014]
bs_gains = [3.721839e-11 3.137925e-12 3.148917e-11 2.399988e-12 3.226115e-12 3.894979e-12 5.947811e-12 2.803404e-11 5.657510e-12 2.804525e-12]
At round 19 optimal eta: 0.49341437453135917
At round 19 optimal freqs: [5.834549e+07 6.611287e+07 6.555625e+07 1.082591e+08 1.020729e+08 1.024750e+08 7.800898e+07 9.102766e+07 9.557040e+07 1.005665e+08]
At round 19 optimal decs: [0 1 0 0 0 1 1 0 1 1]
At round 19 optimal powers: [0.000106 0.000178 0.000153 0.001077 0.000852 0.000677 0.000266 0.000232 0.000572 0.00049 ]
At round 19 t_co: [0.302912 0.164137 0.263373 0.417485 0.398032 0.144379 0.145271 0.215515 0.267406 0.122155]
At round 19 e_co: [3.215822e-05 2.928845e-05 4.027329e-05 4.496527e-04 3.389571e-04 9.775439e-05 3.858394e-05 5.001487e-05 1.530508e-04 5.984415e-05]
At round 19 t_cp: [0.337047 0.293467 0.332667 0.172271 0.197447 0.287302 0.323907 0.457267 0.273437 0.364915]
At round 19 e_cp: [6.694401e-06 8.480418e-06 9.372420e-06 2.185779e-05 2.099814e-05 3.091672e-05 1.537637e-05 3.448973e-05 2.386861e-05 3.711520e-05]
At round 19 average t_co: 0.41748475682203484 average t_cp: 0.4572668803240101 t: 0.6727820192181625
At round 19 average e_co: 0.001289577899423473 average e_cp: 0.00020916979989636818 e: 0.0014987476993198413
At round 19 a_n: 15.679931012830304
At round 19 local rounds: 15.040264889654189
At round 19 global rounds: 30.9521830555789
At round 19 tau: 7.512315719624857
At round 19 accuracy: 0.8961716937354989
At round 19 training accuracy: 0.9006391632771644
At round 19 training loss: 0.2932914528686258
At round 19 test loss: 0.3878780794049752
gradient difference: 0.4201219975948334
ground = 20 remain_eps = 0.15614812916069776	remain_tau = 6.839533700406694
update_location
xs = [-217.774603  337.774603 -322.774603 -271.293807 -121.293807  -21.293807  321.293807 -117.774603  421.293807  362.774603]
ys = [-237.774603  292.774603 -337.774603  415.638405  345.638405  295.638405   99.361595 -137.774603   49.361595  322.774603]
dists_uav = [627.768434 185.143145 770.977168 519.992536 359.18619  254.346451 198.15603  488.859249 296.796924 216.928999]
uav_gains = [7.446392e-13 6.002154e-11 4.606821e-13 1.171309e-12 3.512704e-12 2.061020e-11 5.044265e-11 1.367538e-12 8.879867e-12 3.883230e-11]
dists_bs = [340.863516 861.732705 361.248562 954.983779 854.292983 795.923299 680.04708  380.891186 692.305303 899.201568]
bs_gains = [3.710925e-11 3.177483e-12 3.181517e-11 2.420088e-12 3.251340e-12 3.922038e-12 5.951031e-12 2.765019e-11 5.675861e-12 2.838568e-12]
At round 20 optimal eta: 0.49341437453135917
At round 20 optimal freqs: [5.834549e+07 6.611287e+07 6.555625e+07 1.082591e+08 1.020729e+08 1.024750e+08 7.800898e+07 9.102766e+07 9.557040e+07 1.005665e+08]
At round 20 optimal decs: [0 1 0 0 0 1 1 0 1 1]
At round 20 optimal powers: [0.000106 0.000178 0.000153 0.001077 0.000852 0.000677 0.000266 0.000232 0.000572 0.00049 ]
At round 20 t_co: [0.303556 0.159809 0.261507 0.414754 0.395627 0.138597 0.141568 0.217433 0.253779 0.118903]
At round 20 e_co: [3.222662e-05 2.851612e-05 3.998791e-05 4.467114e-04 3.369089e-04 9.383998e-05 3.760051e-05 5.045984e-05 1.452513e-04 5.825135e-05]
At round 20 t_cp: [0.337047 0.293467 0.332667 0.172271 0.197447 0.287302 0.323907 0.457267 0.273437 0.364915]
At round 20 e_cp: [6.694401e-06 8.480418e-06 9.372420e-06 2.185779e-05 2.099814e-05 3.091672e-05 1.537637e-05 3.448973e-05 2.386861e-05 3.711520e-05]
At round 20 average t_co: 0.41475380804182593 average t_cp: 0.4572668803240101 t: 0.6746993954013691
At round 20 average e_co: 0.0012697538236597574 average e_cp: 0.00020916979989636818 e: 0.0014789236235561252
At round 20 a_n: 15.679931012830304
At round 20 local rounds: 15.040264889654189
At round 20 global rounds: 30.9521830555789
At round 20 tau: 6.839533700406694
At round 20 accuracy: 0.8961716937354989
At round 20 training accuracy: 0.9023823358512493
At round 20 training loss: 0.2866937110163111
At round 20 test loss: 0.34598761523158306
gradient difference: 0.50464928150177
ground = 21 remain_eps = 0.20100813055207473	remain_tau = 6.164834305005325
update_location
xs = [-214.663333  334.663333 -319.663333 -267.358497 -117.358497  -17.358497  317.358497 -114.663333  417.358497  359.663333]
ys = [-234.663333  289.663333 -334.663333  413.670326  343.670326  293.670326  101.329674 -134.663333   51.329674  319.663333]
dists_uav = [623.429568 181.623769 766.616849 515.686106 354.97995  250.34383  194.565318 484.560722 292.73605  213.13179 ]
uav_gains = [7.569304e-13 6.292042e-11 4.667887e-13 1.195684e-12 3.682948e-12 2.224232e-11 5.292983e-11 1.398779e-12 9.595711e-12 4.102448e-11]
dists_bs = [341.297368 857.652451 359.890067 951.984259 851.793775 793.860128 679.93661  382.908031 691.485737 895.10094 ]
bs_gains = [3.698437e-11 3.217700e-12 3.213442e-11 2.440347e-12 3.276681e-12 3.949108e-12 5.953594e-12 2.726592e-11 5.693705e-12 2.873159e-12]
At round 21 optimal eta: 0.49341437453135917
At round 21 optimal freqs: [5.834549e+07 6.611287e+07 6.555625e+07 1.082591e+08 1.020729e+08 1.024750e+08 7.800898e+07 9.102766e+07 9.557040e+07 1.005665e+08]
At round 21 optimal decs: [0 1 0 0 0 1 1 0 1 1]
At round 21 optimal powers: [0.000106 0.000178 0.000153 0.001077 0.000852 0.000677 0.000266 0.000232 0.000572 0.00049 ]
At round 21 t_co: [0.304298 0.155678 0.259715 0.412046 0.393248 0.133295 0.138068 0.219403 0.240821 0.115885]
At round 21 e_co: [3.230537e-05 2.777890e-05 3.971386e-05 4.437949e-04 3.348824e-04 9.025007e-05 3.667085e-05 5.091722e-05 1.378350e-04 5.677256e-05]
At round 21 t_cp: [0.337047 0.293467 0.332667 0.172271 0.197447 0.287302 0.323907 0.457267 0.273437 0.364915]
At round 21 e_cp: [6.694401e-06 8.480418e-06 9.372420e-06 2.185779e-05 2.099814e-05 3.091672e-05 1.537637e-05 3.448973e-05 2.386861e-05 3.711520e-05]
At round 21 average t_co: 0.412046021958709 average t_cp: 0.4572668803240101 t: 0.676670269202427
At round 21 average e_co: 0.0012509211849543562 average e_cp: 0.00020916979989636818 e: 0.0014600909848507242
At round 21 a_n: 15.679931012830304
At round 21 local rounds: 15.040264889654189
At round 21 global rounds: 30.9521830555789
At round 21 tau: 6.164834305005325
At round 21 accuracy: 0.8961716937354989
At round 21 training accuracy: 0.9038349796629866
At round 21 training loss: 0.283348504246163
At round 21 test loss: 0.34952037697031296
gradient difference: 0.48852962255477905
ground = 22 remain_eps = 0.25875602074270393	remain_tau = 5.488164035802898
update_location
xs = [-211.552064  331.552064 -316.552064 -263.423187 -113.423187  -13.423187  313.423187 -111.552064  413.423187  356.552064]
ys = [-231.552064  286.552064 -331.552064  411.702246  341.702246  291.702246  103.297754 -131.552064   53.297754  316.552064]
dists_uav = [619.091566 178.143545 762.256986 511.381268 350.778464 246.354762 191.008465 480.264033 288.685115 209.358185]
uav_gains = [7.695221e-13 6.594504e-11 4.730126e-13 1.220859e-12 3.868478e-12 2.395405e-11 5.550334e-11 1.431193e-12 1.038309e-11 4.327341e-11]
dists_bs = [341.787317 853.575374 358.580418 948.995659 849.310008 791.816032 679.854598 384.964602 690.693229 891.003169]
bs_gains = [3.684404e-11 3.258589e-12 3.244637e-11 2.460766e-12 3.302136e-12 3.976181e-12 5.955497e-12 2.688162e-11 5.711034e-12 2.908309e-12]
At round 22 optimal eta: 0.49341437453135917
At round 22 optimal freqs: [5.834549e+07 6.611287e+07 6.555625e+07 1.082591e+08 1.020729e+08 1.024750e+08 7.800898e+07 9.102766e+07 9.557040e+07 1.005665e+08]
At round 22 optimal decs: [0 1 0 0 0 1 1 0 1 1]
At round 22 optimal powers: [0.000106 0.000178 0.000153 0.001077 0.000852 0.000677 0.000266 0.000232 0.000572 0.00049 ]
At round 22 t_co: [0.305137 0.151725 0.257996 0.409361 0.390893 0.128439 0.134747 0.221428 0.228554 0.11307 ]
At round 22 e_co: [3.239448e-05 2.707351e-05 3.945109e-05 4.409034e-04 3.328776e-04 8.696212e-05 3.578872e-05 5.138709e-05 1.308135e-04 5.539360e-05]
At round 22 t_cp: [0.337047 0.293467 0.332667 0.172271 0.197447 0.287302 0.323907 0.457267 0.273437 0.364915]
At round 22 e_cp: [6.694401e-06 8.480418e-06 9.372420e-06 2.185779e-05 2.099814e-05 3.091672e-05 1.537637e-05 3.448973e-05 2.386861e-05 3.711520e-05]
At round 22 average t_co: 0.40936131434283624 average t_cp: 0.4572668803240101 t: 0.6786949535159125
At round 22 average e_co: 0.0012330451480592533 average e_cp: 0.00020916979989636818 e: 0.0014422149479556214
At round 22 a_n: 15.679931012830304
At round 22 local rounds: 15.040264889654189
At round 22 global rounds: 30.9521830555789
At round 22 tau: 5.488164035802898
At round 22 accuracy: 0.8955916473317865
At round 22 training accuracy: 0.9042707728065078
At round 22 training loss: 0.2793055234793782
At round 22 test loss: 0.34348855167147146
gradient difference: 0.6044386029243469
ground = 23 remain_eps = 0.3330943782557732	remain_tau = 4.809469082286985
update_location
xs = [-208.440794  328.440794 -313.440794 -259.487878 -109.487878   -9.487878  309.487878 -108.440794  409.487878  353.440794]
ys = [-228.440794  283.440794 -328.440794  409.734166  339.734166  289.734166  105.265834 -128.440794   55.265834  313.440794]
dists_uav = [614.754445 174.704813 757.897587 507.078065 346.581905 242.379918 187.487398 475.969232 284.644544 205.609482]
uav_gains = [7.824247e-13 6.910499e-11 4.793568e-13 1.246876e-12 4.071131e-12 2.573981e-11 5.817159e-11 1.464849e-12 1.124691e-11 4.558418e-11]
dists_bs = [342.333123 849.50152  357.320154 946.018082 846.841818 789.791158 679.801056 387.060266 689.927872 886.908293]
bs_gains = [3.668858e-11 3.300164e-12 3.275051e-11 2.481344e-12 3.327702e-12 4.003253e-12 5.956740e-12 2.649764e-11 5.727838e-12 2.944028e-12]
At round 23 optimal eta: 0.49341437453135917
At round 23 optimal freqs: [5.834549e+07 6.611287e+07 6.555625e+07 1.082591e+08 1.020729e+08 1.024750e+08 7.800898e+07 9.102766e+07 9.557040e+07 1.005665e+08]
At round 23 optimal decs: [0 1 0 0 0 1 1 0 1 1]
At round 23 optimal powers: [0.000106 0.000178 0.000153 0.001077 0.000852 0.000677 0.000266 0.000232 0.000572 0.00049 ]
At round 23 t_co: [0.306074 0.147935 0.256351 0.4067   0.388565 0.123994 0.131585 0.223507 0.216989 0.110433]
At round 23 e_co: [3.249398e-05 2.639730e-05 3.919955e-05 4.380366e-04 3.308944e-04 8.395278e-05 3.494884e-05 5.186953e-05 1.241945e-04 5.410190e-05]
At round 23 t_cp: [0.337047 0.293467 0.332667 0.172271 0.197447 0.287302 0.323907 0.457267 0.273437 0.364915]
At round 23 e_cp: [6.694401e-06 8.480418e-06 9.372420e-06 2.185779e-05 2.099814e-05 3.091672e-05 1.537637e-05 3.448973e-05 2.386861e-05 3.711520e-05]
At round 23 average t_co: 0.40669960113367026 average t_cp: 0.4572668803240101 t: 0.6807737687838628
At round 23 average e_co: 0.0012160893221127714 average e_cp: 0.00020916979989636818 e: 0.0014252591220091395
At round 23 a_n: 15.679931012830304
At round 23 local rounds: 15.040264889654189
At round 23 global rounds: 30.9521830555789
At round 23 tau: 4.809469082286985
At round 23 accuracy: 0.8955916473317865
At round 23 training accuracy: 0.9070307960488089
At round 23 training loss: 0.2728286954822483
At round 23 test loss: 0.35712929152972184
gradient difference: 0.4909631609916687
ground = 24 remain_eps = 0.42878950026799945	remain_tau = 4.128695313503123
update_location
xs = [-205.329524  325.329524 -310.329524 -255.552568 -105.552568   -5.552568  305.552568 -105.329524  405.552568  350.329524]
ys = [-225.329524  280.329524 -325.329524  407.766086  337.766086  287.766086  107.233914 -125.329524   57.233914  310.329524]
dists_uav = [610.418224 171.310073 753.53866  502.776536 342.390454 238.420009 184.004171 471.67637  280.614784 201.887069]
uav_gains = [7.956487e-13 7.240964e-11 4.858246e-13 1.273778e-12 4.292985e-12 2.759388e-11 6.094315e-11 1.499822e-12 1.219161e-11 4.796321e-11]
dists_bs = [342.934518 845.430934 356.109799 943.051633 844.389342 787.785655 679.775991 389.194391 689.189756 882.816353]
bs_gains = [3.651833e-11 3.342439e-12 3.304632e-11 2.502082e-12 3.353376e-12 4.030317e-12 5.957323e-12 2.611434e-11 5.744109e-12 2.980328e-12]
At round 24 optimal eta: 0.49341437453135917
At round 24 optimal freqs: [5.834549e+07 6.611287e+07 6.555625e+07 1.082591e+08 1.020729e+08 1.024750e+08 7.800898e+07 9.102766e+07 9.557040e+07 1.005665e+08]
At round 24 optimal decs: [0 1 0 0 0 1 1 0 1 1]
At round 24 optimal powers: [0.000106 0.000178 0.000153 0.001077 0.000852 0.000677 0.000266 0.000232 0.000572 0.00049 ]
At round 24 t_co: [0.307109 0.144297 0.254779 0.404061 0.386261 0.119926 0.128565 0.22564  0.206133 0.107952]
At round 24 e_co: [3.260388e-05 2.574807e-05 3.895917e-05 4.351944e-04 3.289327e-04 8.119843e-05 3.414680e-05 5.236460e-05 1.179813e-04 5.288644e-05]
At round 24 t_cp: [0.337047 0.293467 0.332667 0.172271 0.197447 0.287302 0.323907 0.457267 0.273437 0.364915]
At round 24 e_cp: [6.694401e-06 8.480418e-06 9.372420e-06 2.185779e-05 2.099814e-05 3.091672e-05 1.537637e-05 3.448973e-05 2.386861e-05 3.711520e-05]
At round 24 average t_co: 0.4040607984453382 average t_cp: 0.4572668803240101 t: 0.6829070428934741
At round 24 average e_co: 0.001200015785338081 average e_cp: 0.00020916979989636818 e: 0.0014091855852344495
At round 24 a_n: 15.679931012830304
At round 24 local rounds: 15.040264889654189
At round 24 global rounds: 30.9521830555789
At round 24 tau: 4.128695313503123
At round 24 accuracy: 0.8955916473317865
At round 24 training accuracy: 0.9068855316676351
At round 24 training loss: 0.2693947533551884
At round 24 test loss: 0.34049902256301134
gradient difference: 0.5639640092849731
ground = 25 remain_eps = 0.5519769997405953	remain_tau = 3.4457882706096483
update_location
xs = [-202.218254  322.218254 -307.218254 -251.617258 -101.617258   -1.617258  301.617258 -102.218254  401.617258  347.218254]
ys = [-222.218254  277.218254 -322.218254  405.798007  335.798007  285.798007  109.201993 -122.218254   59.201993  307.218254]
dists_uav = [606.082922 167.96199  749.180214 498.476727 338.204301 234.475791 180.560974 467.385501 276.596308 198.192427]
uav_gains = [8.092053e-13 7.586796e-11 4.924190e-13 1.301611e-12 4.536376e-12 2.951088e-11 6.382664e-11 1.536193e-12 1.322094e-11 5.041797e-11]
dists_bs = [343.591212 841.363666 354.949862 940.096417 841.952716 785.799671 679.779405 391.366349 688.47897  878.72739 ]
bs_gains = [3.633366e-11 3.385428e-12 3.333327e-11 2.522979e-12 3.379155e-12 4.057366e-12 5.957243e-12 2.573205e-11 5.759838e-12 3.017220e-12]
At round 25 optimal eta: 0.49341437453135917
At round 25 optimal freqs: [5.834549e+07 6.611287e+07 6.555625e+07 1.082591e+08 1.020729e+08 1.024750e+08 7.800898e+07 9.102766e+07 9.557040e+07 1.005665e+08]
At round 25 optimal decs: [0 1 0 0 0 1 1 0 1 1]
At round 25 optimal powers: [0.000106 0.000178 0.000153 0.001077 0.000852 0.000677 0.000266 0.000232 0.000572 0.00049 ]
At round 25 t_co: [0.308243 0.1408   0.25328  0.401445 0.383982 0.1162   0.125674 0.227828 0.195986 0.105608]
At round 25 e_co: [3.272423e-05 2.512407e-05 3.872992e-05 4.323769e-04 3.269924e-04 7.867566e-05 3.337895e-05 5.287239e-05 1.121731e-04 5.173764e-05]
At round 25 t_cp: [0.337047 0.293467 0.332667 0.172271 0.197447 0.287302 0.323907 0.457267 0.273437 0.364915]
At round 25 e_cp: [6.694401e-06 8.480418e-06 9.372420e-06 2.185779e-05 2.099814e-05 3.091672e-05 1.537637e-05 3.448973e-05 2.386861e-05 3.711520e-05]
At round 25 average t_co: 0.40144482257205377 average t_cp: 0.4572668803240101 t: 0.6850951110685366
At round 25 average e_co: 0.0011847852071976248 average e_cp: 0.00020916979989636818 e: 0.0013939550070939926
At round 25 a_n: 15.679931012830304
At round 25 local rounds: 15.040264889654189
At round 25 global rounds: 30.9521830555789
At round 25 tau: 3.4457882706096483
At round 25 accuracy: 0.8950116009280742
At round 25 training accuracy: 0.908047646717025
At round 25 training loss: 0.2659809742222916
At round 25 test loss: 0.34312519225075583
gradient difference: 0.7463134527206421
ground = 26 remain_eps = 0.7105551979519107	remain_tau = 2.7606931595411117
update_location
xs = [-199.106984  319.106984 -304.106984 -247.681949  -97.681949    2.318051  297.681949  -99.106984  397.681949  344.106984]
ys = [-219.106984  274.106984 -319.106984  403.829927  333.829927  283.829927  111.170073 -119.106984   61.170073  304.106984]
dists_uav = [601.748559 164.663413 744.822255 494.178681 334.023644 230.54807  177.160143 463.09668  272.589616 194.527139]
uav_gains = [8.231062e-13 7.948833e-11 4.991433e-13 1.330423e-12 4.803928e-12 3.148623e-11 6.683054e-11 1.574053e-12 1.433774e-11 5.295685e-11]
dists_bs = [344.302886 837.299761 353.840841 937.152541 839.532078 783.833355 679.811298 393.575512 687.795597 874.641446]
bs_gains = [3.613498e-11 3.429146e-12 3.361085e-11 2.544036e-12 3.405036e-12 4.084394e-12 5.956503e-12 2.535106e-11 5.775015e-12 3.054716e-12]
At round 26 optimal eta: 0.49341437453135917
At round 26 optimal freqs: [5.834549e+07 6.611287e+07 6.555625e+07 1.082591e+08 1.020729e+08 1.024750e+08 7.800898e+07 9.102766e+07 9.557040e+07 1.005665e+08]
At round 26 optimal decs: [0 1 0 0 0 1 1 0 1 1]
At round 26 optimal powers: [0.000106 0.000178 0.000153 0.001077 0.000852 0.000677 0.000266 0.000232 0.000572 0.00049 ]
At round 26 t_co: [0.309475 0.137436 0.251853 0.398852 0.381729 0.112783 0.1229   0.230071 0.186537 0.103382]
At round 26 e_co: [3.285504e-05 2.452388e-05 3.851174e-05 4.295838e-04 3.250734e-04 7.636167e-05 3.264228e-05 5.339297e-05 1.067650e-04 5.064724e-05]
At round 26 t_cp: [0.337047 0.293467 0.332667 0.172271 0.197447 0.287302 0.323907 0.457267 0.273437 0.364915]
At round 26 e_cp: [6.694401e-06 8.480418e-06 9.372420e-06 2.185779e-05 2.099814e-05 3.091672e-05 1.537637e-05 3.448973e-05 2.386861e-05 3.711520e-05]
At round 26 average t_co: 0.39885158999360243 average t_cp: 0.4572668803240101 t: 0.6873383157549059
At round 26 average e_co: 0.0011703570667417878 average e_cp: 0.00020916979989636818 e: 0.001379526866638156
At round 26 a_n: 15.679931012830304
At round 26 local rounds: 15.040264889654189
At round 26 global rounds: 30.9521830555789
At round 26 tau: 2.7606931595411117
At round 26 accuracy: 0.894431554524362
At round 26 training accuracy: 0.9083381754793725
At round 26 training loss: 0.26346439588210413
At round 26 test loss: 0.3295880527388027
gradient difference: 0.6305986046791077
ground = 27 remain_eps = 0.9146915352881627	remain_tau = 2.073354843786206
update_location
xs = [-195.995714  315.995714 -300.995714 -243.746639  -93.746639    6.253361  293.746639  -95.995714  393.746639  340.995714]
ys = [-215.995714  270.995714 -315.995714  401.861847  331.861847  281.861847  113.138153 -115.995714   63.138153  300.995714]
dists_uav = [597.415156 161.417374 740.464794 489.882446 329.848694 226.637703 173.804162 458.809964 268.595233 190.892895]
uav_gains = [8.373636e-13 8.327839e-11 5.060010e-13 1.360270e-12 5.098579e-12 3.351652e-11 6.996304e-11 1.613498e-12 1.554376e-11 5.558894e-11]
dists_bs = [345.069202 833.239271 352.783216 934.220111 837.127568 781.886854 679.871666 395.821258 687.13972  870.558563]
bs_gains = [3.592271e-11 3.473608e-12 3.387853e-11 2.565253e-12 3.431016e-12 4.111395e-12 5.955101e-12 2.497169e-11 5.789635e-12 3.092829e-12]
At round 27 optimal eta: 0.49341437453135917
At round 27 optimal freqs: [5.834549e+07 6.611287e+07 6.555625e+07 1.082591e+08 1.020729e+08 1.024750e+08 7.800898e+07 9.102766e+07 9.557040e+07 1.005665e+08]
At round 27 optimal decs: [0 1 0 0 0 1 1 0 1 1]
At round 27 optimal powers: [0.000106 0.000178 0.000153 0.001077 0.000852 0.000677 0.000266 0.000232 0.000572 0.00049 ]
At round 27 t_co: [0.310806 0.1342   0.250498 0.396281 0.379501 0.109641 0.120235 0.23237  0.177771 0.101261]
At round 27 e_co: [3.299635e-05 2.394639e-05 3.830459e-05 4.268152e-04 3.231757e-04 7.423461e-05 3.193434e-05 5.392643e-05 1.017481e-04 4.960823e-05]
At round 27 t_cp: [0.337047 0.293467 0.332667 0.172271 0.197447 0.287302 0.323907 0.457267 0.273437 0.364915]
At round 27 e_cp: [6.694401e-06 8.480418e-06 9.372420e-06 2.185779e-05 2.099814e-05 3.091672e-05 1.537637e-05 3.448973e-05 2.386861e-05 3.711520e-05]
At round 27 average t_co: 0.39628101738089266 average t_cp: 0.4572668803240101 t: 0.6896370065003257
At round 27 average e_co: 0.0011566899568274149 average e_cp: 0.00020916979989636818 e: 0.001365859756723783
At round 27 a_n: 15.679931012830304
At round 27 local rounds: 15.040264889654189
At round 27 global rounds: 30.9521830555789
At round 27 tau: 2.073354843786206
At round 27 accuracy: 0.8950116009280742
At round 27 training accuracy: 0.910226612434631
At round 27 training loss: 0.258723160064774
At round 27 test loss: 0.359370335131801
gradient difference: 0.5526758432388306
ground = 28 remain_eps = 1.1774744694562633	remain_tau = 1.3837178372858803
update_location
xs = [-192.884445  312.884445 -297.884445 -239.811329  -89.811329   10.188671  289.811329  -92.884445  389.811329  337.884445]
ys = [-212.884445  267.884445 -312.884445  399.893767  329.893767  279.893767  115.106233 -112.884445   65.106233  297.884445]
dists_uav = [593.082734 158.227108 736.10784  485.588069 325.679669 222.745604 170.495681 454.525413 264.613718 187.291502]
uav_gains = [8.519902e-13 8.724479e-11 5.129957e-13 1.391207e-12 5.423604e-12 3.559979e-11 7.323190e-11 1.654635e-12 1.683948e-11 5.832384e-11]
dists_bs = [345.889796 829.182245 351.777449 931.299236 834.739325 779.960318 679.960502 398.102968 686.511418 866.478785]
bs_gains = [3.569731e-11 3.518828e-12 3.413582e-11 2.586628e-12 3.457090e-12 4.138361e-12 5.953040e-12 2.459420e-11 5.803687e-12 3.131569e-12]
Model saved in /Volumes/Research/code/fedcom-torch/models/mnist/s3
