Arguments:
	      dataset : mnist
	learning_rate : 0.01
	        model : mclr
	 model_params : (784, 10)
	        optim : 1
	      sce_idx : 3
	          tau : 15.0
['f_00000', 'f_00001', 'f_00002', 'f_00003', 'f_00004', 'f_00005', 'f_00006', 'f_00007', 'f_00008', 'f_00009']
10
dict_keys(['x', 'y'])
id = f_00000, model = <class 'flearn.models.mnist.mclr.Model'>, device = cpu, num_samples = 73
id = f_00001, model = <class 'flearn.models.mnist.mclr.Model'>, device = cpu, num_samples = 81
id = f_00002, model = <class 'flearn.models.mnist.mclr.Model'>, device = cpu, num_samples = 128
id = f_00003, model = <class 'flearn.models.mnist.mclr.Model'>, device = cpu, num_samples = 504
id = f_00004, model = <class 'flearn.models.mnist.mclr.Model'>, device = cpu, num_samples = 113
id = f_00005, model = <class 'flearn.models.mnist.mclr.Model'>, device = cpu, num_samples = 204
id = f_00006, model = <class 'flearn.models.mnist.mclr.Model'>, device = cpu, num_samples = 336
id = f_00007, model = <class 'flearn.models.mnist.mclr.Model'>, device = cpu, num_samples = 89
id = f_00008, model = <class 'flearn.models.mnist.mclr.Model'>, device = cpu, num_samples = 80
id = f_00009, model = <class 'flearn.models.mnist.mclr.Model'>, device = cpu, num_samples = 76
BaseFederated generated!
num_samples = [ 73  81 128 504 113 204 336  89  80  76]
msize = 300240
xs = [-280.  400. -385. -350. -200. -100.  400. -180.  500.  425.]
ys = [-300.  355. -400.  455.  385.  335.   60. -200.   10.  385.]
dists_uav = [714.702735 261.199158 858.268606 606.403331 444.100214 336.489227 274.954542 575.152154 379.605058 296.395007]
uav_gains = [5.494875e-13 1.802536e-11 3.593089e-13 8.081917e-13 1.762643e-12 4.643011e-12 1.366745e-11 9.167988e-13 2.857829e-12 8.947599e-12]
dists_bs = [ 344.093011  943.941206  397.775062 1017.116021  907.317475  840.966706  688.186021  349.857114  714.212853  981.758626]
bs_gains = [3.619341e-11 2.495838e-12 2.464796e-11 2.047806e-12 2.771778e-12 3.389665e-12 5.766337e-12 3.463460e-11 5.226094e-12 2.249096e-12]
v = 10.638297872340427 a_0 = 19.894335203468554
SystemModel __init__!
solve_bound_eta tau = 15.0
af = [0.111447 0.123661 0.195414 0.769443 0.172514 0.311441 0.512962 0.135874 0.122134 0.116027]
bf = [0.608064 0.677295 0.644373 1.046835 0.973553 0.86928  0.709329 0.612017 0.848377 0.764623]
tmp = [-1.110693e-54 -6.062842e-49 -9.566423e-31 -2.596412e-07 -4.250859e-34 -9.503897e-19 -2.327814e-11 -1.133900e-44 -5.856716e-49 -6.728679e-52]
w0 = [-1.110693e-54+0.j -6.062842e-49+0.j -9.566423e-31+0.j -2.596413e-07+0.j -4.250859e-34+0.j -9.503897e-19+0.j -2.327814e-11+0.j -1.133900e-44+0.j -5.856716e-49+0.j -6.728679e-52+0.j]
w_1 = [-129.095161+0.j -115.77615 +0.j  -73.418048+0.j  -18.057528+0.j  -81.238157+0.j  -45.310964+0.j  -27.808861+0.j -105.850105+0.j -115.81104 +0.j -122.637277+0.j]
xs_min = [-129.136866 -115.822756  -73.462563  -18.134103  -81.306099  -45.372009  -27.85911  -105.892159 -115.869768 -122.690027]
xs_max = [-0.041705 -0.046607 -0.044514 -0.076575 -0.067942 -0.061045 -0.050249 -0.042054 -0.058728 -0.05275 ]
solve_bound_eta x_min = -18.134102865236258	x_max = -0.07657549198952651
solve_bound_eta eta_min = 1.3318618875492148e-08	eta_max = 0.9262829847039137
af = 2.0567343199092916	bf = 0.7753744577169581	zeta = 2.0773016631083845	eta = 0.9900990099009901
af = 2.0567343199092916	bf = 0.7753744577169581	zeta = 80.37980411238917	eta = 0.025587700077416353
af = 2.0567343199092916	bf = 0.7753744577169581	zeta = 8.532968300214366	eta = 0.2410338638967664
af = 2.0567343199092916	bf = 0.7753744577169581	zeta = 4.877335847734059	eta = 0.42169216640367735
af = 2.0567343199092916	bf = 0.7753744577169581	zeta = 4.411703649847618	eta = 0.4661995644200472
af = 2.0567343199092916	bf = 0.7753744577169581	zeta = 4.39294085965572	eta = 0.4681907600437125
af = 2.0567343199092916	bf = 0.7753744577169581	zeta = 4.392905783818419	eta = 0.4681944983854238
eta = 0.4681944983854238
opt_as = [0.208111 0.208111 0.208111 0.208111 0.208111 0.208111 0.208111 0.208111 0.208111 0.208111]
opt_bs = [9048.353179  623.959564 6161.990667  511.951403  692.944528  847.416125 1441.584338 8658.649719 1306.523561  562.274031]
opt_cs = [ 8502326.409616  9434088.20793  14908188.773025 58700993.293786 13161135.401186 23759925.857009 39133995.529191 10365850.006244  9317617.983141  8851737.083984]
opt_tau = [0.400973 0.400973 0.400973 0.400973 0.400973 0.400973 0.400973 0.400973 0.400973 0.400973]
iter = 15 converged! (z, t) = (1.3003279397234573, 15.332350710786978)
iter = 14 converged! (z, t) = (1.5898855868751753, 7.430570856337888)
iter = 12 converged! (z, t) = (1.0942756569107972, 11.620613245874233)
iter = 9 converged! (z, t) = (0.8244935007022121, 3.907715781912079)
iter = 11 converged! (z, t) = (1.4702953718032004, 7.217359185759078)
iter = 10 converged! (z, t) = (1.1898216184336425, 6.454488878390744)
iter = 10 converged! (z, t) = (0.8538247970931292, 5.705592895709775)
iter = 13 converged! (z, t) = (1.2161975920746178, 14.26502021480416)
iter = 15 converged! (z, t) = (1.517073017678812, 9.149733539306986)
iter = 10 converged! (z, t) = (1.617209228537664, 7.277026339041872)
opt_freqs = [6.522157e+07 1.345792e+08 8.605398e+07 2.559040e+08 1.385548e+08 1.549309e+08 1.752666e+08 7.010155e+07 1.092928e+08 1.374188e+08]
opt_powers = [0.000128 0.001403 0.000242 0.004616 0.001406 0.001555 0.001544 0.000147 0.000714 0.001522]
bs_ene = [0.001431 0.01801  0.002478 0.044009 0.017037 0.016534 0.014761 0.001585 0.008852 0.01979 ]
opt_as = [0.208111 0.208111 0.208111 0.208111 0.208111 0.208111 0.208111 0.208111 0.208111 0.208111]
opt_bs = [ 137.371869 4506.34093    89.827233  202.04792   440.660857 1160.752682 3416.861729  229.199698  714.457246 2236.899695]
opt_cs = [ 8502326.409616  9434088.20793  14908188.773025 58700993.293786 13161135.401186 23759925.857009 39133995.529191 10365850.006244  9317617.983141  8851737.083984]
opt_tau = [0.400973 0.400973 0.400973 0.400973 0.400973 0.400973 0.400973 0.400973 0.400973 0.400973]
iter = 13 converged! (z, t) = (1.7304430562809314, 4.80447025380296)
iter = 15 converged! (z, t) = (1.3558640100803017, 12.592950993700358)
iter = 12 converged! (z, t) = (1.6405347664327503, 3.9951220928117706)
iter = 7 converged! (z, t) = (0.9780910698425861, 3.3631718725496973)
iter = 11 converged! (z, t) = (1.5227389285257287, 6.388095222098357)
iter = 11 converged! (z, t) = (1.1389210229982414, 6.900321450142987)
iter = 10 converged! (z, t) = (0.7184722621701272, 6.425383569339208)
iter = 11 converged! (z, t) = (1.6531350308719712, 5.492823728343751)
iter = 14 converged! (z, t) = (1.5803697373714465, 7.735991034709988)
iter = 14 converged! (z, t) = (1.4725828338702087, 10.67729369838316)
opt_freqs = [2.081395e+08 7.940950e+07 2.503052e+08 2.973384e+08 1.565412e+08 1.449208e+08 1.556327e+08 1.820557e+08 1.292659e+08 9.365669e+07]
opt_powers = [0.005695 0.000242 0.009347 0.008809 0.002107 0.001211 0.000885 0.003626 0.001236 0.000435]
uav_ene = [0.078094 0.002778 0.122873 0.086493 0.026184 0.012608 0.008493 0.047953 0.015785 0.005272]
optimize_network iter = 0 obj = 0.10454387640846106
solve_bound_eta tau = 15.0
af = [3.417494 3.114502 4.541665 6.013532 2.490192 4.298091 6.591958 3.876489 2.234985 2.477712]
bf = [5.383644 5.613576 4.530542 3.413585 6.087347 4.715384 2.974633 5.035326 6.281016 6.096817]
tmp = [-0.263232 -0.236502 -0.329412 -0.363242 -0.168064 -0.318876 -0.367127 -0.295993 -0.135698 -0.166528]
w0 = [-0.388019+0.j -0.328461+0.j -0.60057 +0.j -0.849057+0.j -0.206641+0.j -0.556041+0.j -0.937354+0.j -0.476834+0.j -0.1591  +0.j -0.204267+0.j]
w_1 = [-2.054991+0.j -2.254908+0.j -1.546331+0.j -1.167852+0.j -2.820231+0.j -1.633962+0.j -1.065376+0.j -1.81167 +0.j -3.142266+0.j -2.834436+0.j]
xs_min = [-2.425843 -2.685319 -1.704632 -1.077666 -3.372461 -1.836793 -0.886894 -2.093707 -3.742038 -3.38904 ]
xs_max = [-0.758871 -0.758871 -0.758871 -0.758871 -0.758871 -0.758871 -0.758871 -0.758871 -0.758871 -0.758871]
solve_bound_eta x_min = -0.8868936090106149	x_max = -0.758871474559458
solve_bound_eta eta_min = 0.41193339348085767	eta_max = 0.4681944983854235
af = 0.015702237689239743	bf = 0.043681028365017444	zeta = 0.01585926006613214	eta = 0.99009900990099
af = 0.015702237689239743	bf = 0.043681028365017444	zeta = 4.427564353341153	eta = 0.003546473057447586
af = 0.015702237689239743	bf = 0.043681028365017444	zeta = 0.13274070056849904	eta = 0.1182925630344765
af = 0.015702237689239743	bf = 0.043681028365017444	zeta = 0.087556181766415	eta = 0.17933899551639473
af = 0.015702237689239743	bf = 0.043681028365017444	zeta = 0.08610738065860764	eta = 0.18235646664825222
af = 0.015702237689239743	bf = 0.043681028365017444	zeta = 0.08610472216455557	eta = 0.18236209692693792
eta = 0.18236209692693792
opt_as = [0.208111 0.208111 0.208111 0.208111 0.208111 0.208111 0.208111 0.208111 0.208111 0.208111]
opt_bs = [9048.353179  623.959564 6161.990667  511.951403  692.944528  847.416125 1441.584338 8658.649719 1306.523561  562.274031]
opt_cs = [ 9936674.663899 11025625.311997 17423210.369576 68603890.830205 15381427.904391 27768241.526512 45735927.220137 12114575.960096 10889506.480985 10345031.156936]
opt_tau = [0.443393 0.443393 0.443393 0.443393 0.443393 0.443393 0.443393 0.443393 0.443393 0.443393]
iter = 14 converged! (z, t) = (1.3668392318206222, 15.995179501538871)
iter = 12 converged! (z, t) = (1.71249998922573, 7.89100446466757)
iter = 15 converged! (z, t) = (1.1298958547367617, 11.952407013727557)
iter = 7 converged! (z, t) = (0.8316504919392843, 3.9402618820667636)
iter = 13 converged! (z, t) = (1.5681276768740968, 7.6097391458204084)
iter = 11 converged! (z, t) = (1.2388470787179258, 6.683008965957378)
iter = 13 converged! (z, t) = (0.8633685018201942, 5.76606753291533)
iter = 16 converged! (z, t) = (1.2689095686111675, 14.801928486225748)
iter = 14 converged! (z, t) = (1.6244880615657198, 9.671647273755406)
iter = 8 converged! (z, t) = (1.745788496798935, 7.740486140312582)
opt_freqs = [6.251884e+07 1.267266e+08 8.366516e+07 2.537902e+08 1.314105e+08 1.496332e+08 1.734284e+08 6.755876e+07 1.033950e+08 1.291909e+08]
opt_powers = [0.000119 0.001271 0.000231 0.004548 0.001287 0.001465 0.001515 0.000138 0.000651 0.001375]
bs_ene = [0.001278 0.015924 0.00225  0.041576 0.015112 0.014883 0.013864 0.001424 0.007841 0.017487]
opt_as = [0.208111 0.208111 0.208111 0.208111 0.208111 0.208111 0.208111 0.208111 0.208111 0.208111]
opt_bs = [ 137.371869 4506.34093    89.827233  202.04792   440.660857 1160.752682 3416.861729  229.199698  714.457246 2236.899695]
opt_cs = [ 9936674.663899 11025625.311997 17423210.369576 68603890.830205 15381427.904391 27768241.526512 45735927.220137 12114575.960096 10889506.480985 10345031.156936]
opt_tau = [0.443393 0.443393 0.443393 0.443393 0.443393 0.443393 0.443393 0.443393 0.443393 0.443393]
iter = 11 converged! (z, t) = (1.8850008226095532, 5.142970255955463)
iter = 13 converged! (z, t) = (1.432269820365868, 13.180395457558097)
iter = 9 converged! (z, t) = (1.7743601319784563, 4.254641433170588)
iter = 12 converged! (z, t) = (0.9996728617971988, 3.4305645406263965)
iter = 14 converged! (z, t) = (1.6312424463148667, 6.755797177207995)
iter = 8 converged! (z, t) = (1.180560986346522, 7.119837072885174)
iter = 10 converged! (z, t) = (0.7184714110263579, 6.425387442267435)
iter = 12 converged! (z, t) = (1.789790741259901, 5.853959809366717)
iter = 13 converged! (z, t) = (1.700992796005761, 8.209557206531827)
iter = 17 converged! (z, t) = (1.5710817667879515, 11.255053282999844)
opt_freqs = [1.944402e+08 7.587026e+07 2.350374e+08 2.914972e+08 1.480210e+08 1.404527e+08 1.556326e+08 1.708245e+08 1.218092e+08 8.884898e+07]
opt_powers = [0.005094 0.000224 0.008427 0.008509 0.00192  0.001148 0.000885 0.003265 0.00112  0.000398]
uav_ene = [0.068876 0.002475 0.108526 0.079606 0.023189 0.011396 0.008222 0.042343 0.013959 0.004676]
optimize_network iter = 1 obj = 0.09625133100247037
solve_bound_eta tau = 15.0
af = [3.565234 3.25979  4.67134  6.063617 2.625574 4.434823 6.591962 4.022392 2.362471 2.611784]
bf = [5.659015 5.929912 4.678018 3.443216 6.492394 4.887782 2.97463  5.253565 6.725738 6.504625]
tmp = [-0.306297 -0.284783 -0.352383 -0.367814 -0.223681 -0.345894 -0.367127 -0.330592 -0.191277 -0.222085]
w0 = [-0.510151+0.j -0.443923+0.j -0.73458 +0.j -0.981209+0.j -0.302778+0.j -0.68876 +0.j -0.937354+0.j -0.606007+0.j -0.244179+0.j -0.299692+0.j]
w_1 = [-1.733126+0.j -1.895521+0.j -1.322747+0.j -1.019029+0.j -2.35339 +0.j -1.393291+0.j -1.065377+0.j -1.536151+0.j -2.615482+0.j -2.365816+0.j]
xs_min = [-2.109869 -2.338492 -1.475061 -0.924713 -2.937506 -1.591425 -0.886894 -1.817038 -3.258197 -2.953018]
xs_max = [-0.886894 -0.886894 -0.886894 -0.886894 -0.886894 -0.886894 -0.75887  -0.886894 -0.886894 -0.886894]
solve_bound_eta x_min = -0.8868936090106169	x_max = -0.8868936090106163
solve_bound_eta eta_min = 0.41193339348085684	eta_max = 0.41193339348085706
Done!
af = 0.015292825427182079	bf = 0.04303908446049065	zeta = 0.0154457536814539	eta = 0.9900990099009901
af = 0.015292825427182079	bf = 0.04303908446049065	zeta = 4.362316566450253	eta = 0.003505666128129327
af = 0.015292825427182079	bf = 0.04303908446049065	zeta = 0.12995072105667965	eta = 0.11768172814148464
af = 0.015292825427182079	bf = 0.04303908446049065	zeta = 0.08586724218601882	eta = 0.17809848130504075
af = 0.015292825427182079	bf = 0.04303908446049065	zeta = 0.08446949976792886	eta = 0.1810455308625897
af = 0.015292825427182079	bf = 0.04303908446049065	zeta = 0.08446699860221923	eta = 0.18105089183055553
eta = 0.18105089183055553
At round 0 optimal eta: 0.41193339348085684
At round 0 optimal freqs: [6.251884e+07 7.587026e+07 8.366516e+07 2.537902e+08 1.314105e+08 1.404527e+08 1.556326e+08 6.755876e+07 1.033950e+08 8.884898e+07]
At round 0 optimal decs: [0 1 0 0 0 1 1 0 0 1]
At round 0 optimal powers: [0.000119 0.000224 0.000231 0.004548 0.001287 0.001148 0.000885 0.000138 0.000651 0.000398]
At round 0 t_co: [0.284454 0.29807  0.235143 0.173075 0.326344 0.245687 0.149521 0.264073 0.338073 0.326959]
At round 0 e_co: [3.390281e-05 6.681379e-05 5.430491e-05 7.870898e-04 4.201507e-04 2.820959e-04 1.322537e-04 3.657243e-05 2.201322e-04 1.300676e-04]
At round 0 t_cp: [0.158939 0.145322 0.208249 0.270317 0.117049 0.197705 0.293871 0.179319 0.105319 0.116434]
At round 0 e_cp: [3.883853e-06 6.346676e-06 1.219600e-05 4.418741e-04 2.656178e-05 5.477826e-05 1.107794e-04 5.529319e-06 1.164146e-05 8.166514e-06]
At round 0 average t_co: 0.3380730381550055 average t_cp: 0.2938710524207245 t: 0.4433925038243659
At round 0 average e_co: 0.002163383898999894 average e_cp: 0.0006817573443076465 e: 0.0028451412433075406
At round 0 a_n: 19.894335203468554
At round 0 local rounds: 13.611883101231195
At round 0 global rounds: 33.830071258808914
At round 0 tau: 15.0
At round 0 accuracy: 0.07906976744186046
At round 0 training accuracy: 0.0510688836104513
At round 0 training loss: 2.535700684379983
At round 0 test loss: 2.5263940289963123
gradient difference: 35.54308319091797
ground = 1 remain_eps = 0.001256581019410002	remain_tau = 14.556607496175634
update_location
xs = [-276.88873  396.88873 -381.88873 -346.06469 -196.06469  -96.06469  396.06469 -176.88873  496.06469  421.88873]
ys = [-296.88873  351.88873 -396.88873  453.03192  383.03192  333.03192   61.96808 -196.88873   11.96808  381.88873]
dists_uav = [710.349787 257.215492 853.90058  602.071858 439.8257   332.310872 270.952857 570.825129 375.408552 292.30561 ]
uav_gains = [5.573691e-13 1.949518e-11 3.635755e-13 8.220571e-13 1.810530e-12 4.921303e-12 1.482062e-11 9.335520e-13 2.973071e-12 9.675801e-12]
dists_bs = [ 343.397083  939.80587   395.564073 1013.918444  904.536752  838.552685  687.513899  350.950231  712.875509  977.608221]
bs_gains = [3.638811e-11 2.525047e-12 2.501474e-11 2.064964e-12 2.794416e-12 3.415585e-12 5.781288e-12 3.434946e-11 5.252115e-12 2.274488e-12]
At round 1 optimal eta: 0.41193339348085684
At round 1 optimal freqs: [6.251884e+07 7.587026e+07 8.366516e+07 2.537902e+08 1.314105e+08 1.404527e+08 1.556326e+08 6.755876e+07 1.033950e+08 8.884898e+07]
At round 1 optimal decs: [0 1 0 0 0 1 1 0 0 1]
At round 1 optimal powers: [0.000119 0.000224 0.000231 0.004548 0.001287 0.001148 0.000885 0.000138 0.000651 0.000398]
At round 1 t_co: [0.283374 0.281858 0.232854 0.172238 0.324389 0.236294 0.143197 0.26559  0.336822 0.308719]
At round 1 e_co: [3.377413e-05 6.317980e-05 5.377621e-05 7.832827e-04 4.176336e-04 2.713112e-04 1.266600e-04 3.678243e-05 2.193177e-04 1.228118e-04]
At round 1 t_cp: [0.158939 0.145322 0.208249 0.270317 0.117049 0.197705 0.293871 0.179319 0.105319 0.116434]
At round 1 e_cp: [3.883853e-06 6.346676e-06 1.219600e-05 4.418741e-04 2.656178e-05 5.477826e-05 1.107794e-04 5.529319e-06 1.164146e-05 8.166514e-06]
At round 1 average t_co: 0.33682215771304364 average t_cp: 0.2938710524207245 t: 0.4449088222998367
At round 1 average e_co: 0.0021285296326645953 average e_cp: 0.0006817573443076465 e: 0.0028102869769722413
At round 1 a_n: 19.894335203468554
At round 1 local rounds: 13.611883101231195
At round 1 global rounds: 33.830071258808914
At round 1 tau: 14.556607496175634
At round 1 accuracy: 0.7790697674418605
At round 1 training accuracy: 0.7280285035629454
At round 1 training loss: 1.0382176792749034
At round 1 test loss: 1.0348579607615176
gradient difference: 1.2338101863861084
ground = 2 remain_eps = 0.0015789958583414796	remain_tau = 14.111698673875797
update_location
xs = [-273.77746   393.77746  -378.77746  -342.129381 -192.129381  -92.129381  392.129381 -173.77746   492.129381  418.77746 ]
ys = [-293.77746   348.77746  -393.77746   451.063841  381.063841  331.063841   63.936159 -193.77746    13.936159  378.77746 ]
dists_uav = [705.997423 253.245609 849.532883 597.741385 435.553684 328.138312 266.963708 566.499229 371.216758 288.225362]
uav_gains = [5.654156e-13 2.105031e-11 3.679153e-13 8.362774e-13 1.860718e-12 5.227995e-12 1.606337e-11 9.507689e-13 3.097138e-12 1.047733e-11]
dists_bs = [ 342.756231  935.672948  393.389873 1010.729906  901.768923  836.154848  686.869306  352.094944  711.56286   973.460007]
bs_gains = [3.656868e-11 2.554711e-12 2.538278e-11 2.082272e-12 2.817203e-12 3.441603e-12 5.795677e-12 3.405431e-11 5.277830e-12 2.300263e-12]
At round 2 optimal eta: 0.41193339348085684
At round 2 optimal freqs: [6.251884e+07 7.587026e+07 8.366516e+07 2.537902e+08 1.314105e+08 1.404527e+08 1.556326e+08 6.755876e+07 1.033950e+08 8.884898e+07]
At round 2 optimal decs: [0 1 0 0 0 1 1 0 0 1]
At round 2 optimal powers: [0.000119 0.000224 0.000231 0.004548 0.001287 0.001148 0.000885 0.000138 0.000651 0.000398]
At round 2 t_co: [0.282383 0.267098 0.23062  0.171407 0.322452 0.227055 0.137314 0.267185 0.335598 0.2915  ]
At round 2 e_co: [3.365598e-05 5.987111e-05 5.326037e-05 7.795017e-04 4.151398e-04 2.607025e-04 1.214561e-04 3.700337e-05 2.185205e-04 1.159619e-04]
At round 2 t_cp: [0.158939 0.145322 0.208249 0.270317 0.117049 0.197705 0.293871 0.179319 0.105319 0.116434]
At round 2 e_cp: [3.883853e-06 6.346676e-06 1.219600e-05 4.418741e-04 2.656178e-05 5.477826e-05 1.107794e-04 5.529319e-06 1.164146e-05 8.166514e-06]
At round 2 average t_co: 0.3355978505564675 average t_cp: 0.2938710524207245 t: 0.44650413944990136
At round 2 average e_co: 0.0020950734180537377 average e_cp: 0.0006817573443076465 e: 0.0027768307623613833
At round 2 a_n: 19.894335203468554
At round 2 local rounds: 13.611883101231195
At round 2 global rounds: 33.830071258808914
At round 2 tau: 14.111698673875797
At round 2 accuracy: 0.7906976744186046
At round 2 training accuracy: 0.7666270783847982
At round 2 training loss: 0.6956280458886663
At round 2 test loss: 0.7739797015002994
gradient difference: 1.196254014968872
ground = 3 remain_eps = 0.0019841362253189073	remain_tau = 13.665194534425895
update_location
xs = [-270.66619   390.66619  -375.66619  -338.194071 -188.194071  -88.194071  388.194071 -170.66619   488.194071  415.66619 ]
ys = [-290.66619   345.66619  -390.66619   449.095761  379.095761  329.095761   65.904239 -190.66619    15.904239  375.66619 ]
dists_uav = [701.645652 249.290168 845.165522 593.411936 431.284243 323.97177  262.987665 562.174479 367.029838 284.154656]
uav_gains = [5.736313e-13 2.268636e-11 3.723298e-13 8.508654e-13 1.913387e-12 5.566505e-12 1.739564e-11 9.684679e-13 3.231013e-12 1.135723e-11]
dists_bs = [ 342.170762  931.542473  391.253075 1007.550491  899.014107  833.773335  686.252319  353.29075   710.275042  969.314015]
bs_gains = [3.673473e-11 2.584839e-12 2.575179e-11 2.099730e-12 2.840137e-12 3.467715e-12 5.809495e-12 3.374971e-11 5.303226e-12 2.326428e-12]
At round 3 optimal eta: 0.41193339348085684
At round 3 optimal freqs: [6.251884e+07 7.587026e+07 8.366516e+07 2.537902e+08 1.314105e+08 1.404527e+08 1.556326e+08 6.755876e+07 1.033950e+08 8.884898e+07]
At round 3 optimal decs: [0 1 0 0 0 1 1 0 0 1]
At round 3 optimal powers: [0.000119 0.000224 0.000231 0.004548 0.001287 0.001148 0.000885 0.000138 0.000651 0.000398]
At round 3 t_co: [0.281479 0.253683 0.228442 0.170581 0.320533 0.217989 0.131858 0.26886  0.3344   0.275318]
At round 3 e_co: [3.354833e-05 5.686408e-05 5.275733e-05 7.757467e-04 4.126693e-04 2.502926e-04 1.166302e-04 3.723530e-05 2.177405e-04 1.095246e-04]
At round 3 t_cp: [0.158939 0.145322 0.208249 0.270317 0.117049 0.197705 0.293871 0.179319 0.105319 0.116434]
At round 3 e_cp: [3.883853e-06 6.346676e-06 1.219600e-05 4.418741e-04 2.656178e-05 5.477826e-05 1.107794e-04 5.529319e-06 1.164146e-05 8.166514e-06]
At round 3 average t_co: 0.3344000446012293 average t_cp: 0.2938710524207245 t: 0.448178801166869
At round 3 average e_co: 0.0020630090742134264 average e_cp: 0.0006817573443076465 e: 0.002744766418521073
At round 3 a_n: 19.894335203468554
At round 3 local rounds: 13.611883101231195
At round 3 global rounds: 33.830071258808914
At round 3 tau: 13.665194534425895
At round 3 accuracy: 0.7953488372093023
At round 3 training accuracy: 0.7814726840855107
At round 3 training loss: 0.5736443269646838
At round 3 test loss: 0.666179994964438
gradient difference: 1.1046068668365479
ground = 4 remain_eps = 0.0024932279206595458	remain_tau = 13.217015733259027
update_location
xs = [-267.554921  387.554921 -372.554921 -334.258761 -184.258761  -84.258761  384.258761 -167.554921  484.258761  412.554921]
ys = [-287.554921  342.554921 -387.554921  447.127681  377.127681  327.127681   67.872319 -187.554921   17.872319  372.554921]
dists_uav = [697.294487 245.349866 840.798501 589.083532 427.017451 319.811481 259.025332 557.850906 362.847961 280.093909]
uav_gains = [5.820212e-13 2.439814e-11 3.768209e-13 8.658344e-13 1.968736e-12 5.940609e-12 1.881600e-11 9.866684e-13 3.375805e-12 1.232003e-11]
dists_bs = [ 341.640963  927.414476  389.154294 1004.380288  896.272425  831.408287  685.663012  354.537134  709.012191  965.170271]
bs_gains = [3.688589e-11 2.615440e-12 2.612148e-11 2.117339e-12 2.863218e-12 3.493916e-12 5.822736e-12 3.343620e-11 5.328295e-12 2.352990e-12]
At round 4 optimal eta: 0.41193339348085684
At round 4 optimal freqs: [6.251884e+07 7.587026e+07 8.366516e+07 2.537902e+08 1.314105e+08 1.404527e+08 1.556326e+08 6.755876e+07 1.033950e+08 8.884898e+07]
At round 4 optimal decs: [0 1 0 0 0 1 1 0 0 1]
At round 4 optimal powers: [0.000119 0.000224 0.000231 0.004548 0.001287 0.001148 0.000885 0.000138 0.000651 0.000398]
At round 4 t_co: [0.280664 0.241505 0.226319 0.169761 0.318632 0.209116 0.126813 0.270614 0.333229 0.260179]
At round 4 e_co: [3.345115e-05 5.413438e-05 5.226700e-05 7.720177e-04 4.102218e-04 2.401055e-04 1.121678e-04 3.747827e-05 2.169778e-04 1.035021e-04]
At round 4 t_cp: [0.158939 0.145322 0.208249 0.270317 0.117049 0.197705 0.293871 0.179319 0.105319 0.116434]
At round 4 e_cp: [3.883853e-06 6.346676e-06 1.219600e-05 4.418741e-04 2.656178e-05 5.477826e-05 1.107794e-04 5.529319e-06 1.164146e-05 8.166514e-06]
At round 4 average t_co: 0.33322866910795657 average t_cp: 0.2938710524207245 t: 0.4499331692268285
At round 4 average e_co: 0.0020323235274094455 average e_cp: 0.0006817573443076465 e: 0.0027140808717170924
At round 4 a_n: 19.894335203468554
At round 4 local rounds: 13.611883101231195
At round 4 global rounds: 33.830071258808914
At round 4 tau: 13.217015733259027
At round 4 accuracy: 0.7976744186046512
At round 4 training accuracy: 0.7897862232779097
At round 4 training loss: 0.507034153628708
At round 4 test loss: 0.5870494854456001
gradient difference: 0.8991255760192871
ground = 5 remain_eps = 0.003132942882163851	remain_tau = 12.767082564032199
update_location
xs = [-264.443651  384.443651 -369.443651 -330.323452 -180.323452  -80.323452  380.323452 -164.443651  480.323452  409.443651]
ys = [-284.443651  339.443651 -384.443651  445.159601  375.159601  325.159601   69.840399 -184.443651   19.840399  369.443651]
dists_uav = [692.943938 241.425446 836.431825 584.756197 422.753391 315.657693 255.077347 553.528537 358.671303 276.043561]
uav_gains = [5.905903e-13 2.618002e-11 3.813903e-13 8.811984e-13 2.026983e-12 6.354455e-12 2.032173e-11 1.005391e-12 3.532770e-12 1.336956e-11]
dists_bs = [ 341.167091  923.288992  387.09415  1001.219384  893.543997  829.059844  685.101458  355.833562  707.77444   961.028806]
bs_gains = [3.702181e-11 2.646523e-12 2.649150e-11 2.135099e-12 2.886445e-12 3.520205e-12 5.835393e-12 3.311435e-11 5.353023e-12 2.379957e-12]
At round 5 optimal eta: 0.41193339348085684
At round 5 optimal freqs: [6.251884e+07 7.587026e+07 8.366516e+07 2.537902e+08 1.314105e+08 1.404527e+08 1.556326e+08 6.755876e+07 1.033950e+08 8.884898e+07]
At round 5 optimal decs: [0 1 0 0 0 1 1 0 0 1]
At round 5 optimal powers: [0.000119 0.000224 0.000231 0.004548 0.001287 0.001148 0.000885 0.000138 0.000651 0.000398]
At round 5 t_co: [0.279936 0.230455 0.224251 0.168947 0.316749 0.20046  0.122159 0.272449 0.332084 0.246077]
At round 5 e_co: [3.336441e-05 5.165760e-05 5.178931e-05 7.683145e-04 4.077975e-04 2.301662e-04 1.080512e-04 3.773233e-05 2.162323e-04 9.789204e-05]
At round 5 t_cp: [0.158939 0.145322 0.208249 0.270317 0.117049 0.197705 0.293871 0.179319 0.105319 0.116434]
At round 5 e_cp: [3.883853e-06 6.346676e-06 1.219600e-05 4.418741e-04 2.656178e-05 5.477826e-05 1.107794e-04 5.529319e-06 1.164146e-05 8.166514e-06]
At round 5 average t_co: 0.3320836546914061 average t_cp: 0.2938710524207245 t: 0.4517676211604154
At round 5 average e_co: 0.0020029973817099443 average e_cp: 0.0006817573443076465 e: 0.002684754726017591
At round 5 a_n: 19.894335203468554
At round 5 local rounds: 13.611883101231195
At round 5 global rounds: 33.830071258808914
At round 5 tau: 12.767082564032199
At round 5 accuracy: 0.8046511627906977
At round 5 training accuracy: 0.8064133016627079
At round 5 training loss: 0.4472088295184754
At round 5 test loss: 0.5595265030694851
gradient difference: 0.8845458030700684
ground = 6 remain_eps = 0.003936796560622761	remain_tau = 12.315314942871783
update_location
xs = [-261.332381  381.332381 -366.332381 -326.388142 -176.388142  -76.388142  376.388142 -161.332381  476.388142  406.332381]
ys = [-281.332381  336.332381 -381.332381  443.191522  373.191522  323.191522   71.808478 -181.332381   21.808478  366.332381]
dists_uav = [688.594018 237.517695 832.065501 580.429954 418.492145 311.510666 251.144388 549.207401 354.500048 272.004076]
uav_gains = [5.993435e-13 2.802638e-11 3.860397e-13 8.969722e-13 2.088374e-12 6.812551e-12 2.190890e-11 1.024657e-12 3.703324e-12 1.450869e-11]
dists_bs = [340.749381 919.166055 385.073262 998.067866 890.828945 826.728147 684.567724 357.179491 706.561922 956.889648]
bs_gains = [3.714220e-11 2.678098e-12 2.686152e-11 2.153011e-12 2.909816e-12 3.546576e-12 5.847457e-12 3.278470e-11 5.377401e-12 2.407336e-12]
At round 6 optimal eta: 0.41193339348085684
At round 6 optimal freqs: [6.251884e+07 7.587026e+07 8.366516e+07 2.537902e+08 1.314105e+08 1.404527e+08 1.556326e+08 6.755876e+07 1.033950e+08 8.884898e+07]
At round 6 optimal decs: [0 1 0 0 0 1 1 0 0 1]
At round 6 optimal powers: [0.000119 0.000224 0.000231 0.004548 0.001287 0.001148 0.000885 0.000138 0.000651 0.000398]
At round 6 t_co: [0.279296 0.220427 0.222236 0.168138 0.314883 0.192041 0.117874 0.274363 0.330965 0.232995]
At round 6 e_co: [3.328810e-05 4.940973e-05 5.132418e-05 7.646371e-04 4.053960e-04 2.204999e-04 1.042612e-04 3.799754e-05 2.155038e-04 9.268789e-05]
At round 6 t_cp: [0.158939 0.145322 0.208249 0.270317 0.117049 0.197705 0.293871 0.179319 0.105319 0.116434]
At round 6 e_cp: [3.883853e-06 6.346676e-06 1.219600e-05 4.418741e-04 2.656178e-05 5.477826e-05 1.107794e-04 5.529319e-06 1.164146e-05 8.166514e-06]
At round 6 average t_co: 0.33096493332971655 average t_cp: 0.2938710524207245 t: 0.4536825501139384
At round 6 average e_co: 0.0019750055405358033 average e_cp: 0.0006817573443076465 e: 0.0026567628848434494
At round 6 a_n: 19.894335203468554
At round 6 local rounds: 13.611883101231195
At round 6 global rounds: 33.830071258808914
At round 6 tau: 12.315314942871783
At round 6 accuracy: 0.813953488372093
At round 6 training accuracy: 0.8087885985748219
At round 6 training loss: 0.425514797523016
At round 6 test loss: 0.5729542871128566
gradient difference: 0.9419344067573547
ground = 7 remain_eps = 0.004946903835357138	remain_tau = 11.861632392757844
update_location
xs = [-258.221111  378.221111 -363.221111 -322.452832 -172.452832  -72.452832  372.452832 -158.221111  472.452832  403.221111]
ys = [-278.221111  333.221111 -378.221111  441.223442  371.223442  321.223442   73.776558 -178.221111   23.776558  363.221111]
dists_uav = [684.244739 233.627448 827.699534 576.104828 414.233801 307.370674 247.227172 544.887528 350.33439  267.975944]
uav_gains = [6.082864e-13 2.993202e-11 3.907711e-13 9.131713e-13 2.153180e-12 7.319753e-12 2.357265e-11 1.044491e-12 3.889067e-12 1.573914e-11]
dists_bs = [340.38804  915.045698 383.092252 994.925825 888.127392 824.41334  684.061877 358.574362 705.374767 952.752828]
bs_gains = [3.724677e-11 2.710174e-12 2.723119e-11 2.171077e-12 2.933331e-12 3.573027e-12 5.858923e-12 3.244782e-11 5.401418e-12 2.435134e-12]
At round 7 optimal eta: 0.41193339348085684
At round 7 optimal freqs: [6.251884e+07 7.587026e+07 8.366516e+07 2.537902e+08 1.314105e+08 1.404527e+08 1.556326e+08 6.755876e+07 1.033950e+08 8.884898e+07]
At round 7 optimal decs: [0 1 0 0 0 1 1 0 0 1]
At round 7 optimal powers: [0.000119 0.000224 0.000231 0.004548 0.001287 0.001148 0.000885 0.000138 0.000651 0.000398]
At round 7 t_co: [0.278743 0.211317 0.220277 0.167335 0.313036 0.183882 0.113935 0.276359 0.329872 0.220907]
At round 7 e_co: [3.322221e-05 4.736759e-05 5.087154e-05 7.609855e-04 4.030175e-04 2.111314e-04 1.007768e-04 3.827394e-05 2.147925e-04 8.787896e-05]
At round 7 t_cp: [0.158939 0.145322 0.208249 0.270317 0.117049 0.197705 0.293871 0.179319 0.105319 0.116434]
At round 7 e_cp: [3.883853e-06 6.346676e-06 1.219600e-05 4.418741e-04 2.656178e-05 5.477826e-05 1.107794e-04 5.529319e-06 1.164146e-05 8.166514e-06]
At round 7 average t_co: 0.3298724383734617 average t_cp: 0.2938710524207245 t: 0.455678364700746
At round 7 average e_co: 0.001948317846800304 average e_cp: 0.0006817573443076465 e: 0.00263007519110795
At round 7 a_n: 19.894335203468554
At round 7 local rounds: 13.611883101231195
At round 7 global rounds: 33.830071258808914
At round 7 tau: 11.861632392757844
At round 7 accuracy: 0.8209302325581396
At round 7 training accuracy: 0.8171021377672208
At round 7 training loss: 0.3968621796225615
At round 7 test loss: 0.5394504009608844
gradient difference: 0.8096758127212524
ground = 8 remain_eps = 0.006216185464356321	remain_tau = 11.405954028057097
update_location
xs = [-255.109841  375.109841 -360.109841 -318.517523 -168.517523  -68.517523  368.517523 -155.109841  468.517523  400.109841]
ys = [-275.109841  330.109841 -375.109841  439.255362  369.255362  319.255362   75.744638 -175.109841   25.744638  360.109841]
dists_uav = [679.896112 229.755596 823.333928 571.780845 409.978448 303.238004 243.326458 540.568947 346.174531 263.959687]
uav_gains = [6.174244e-13 3.189260e-11 3.955862e-13 9.298121e-13 2.221705e-12 7.881217e-12 2.530755e-11 1.064915e-12 4.091804e-12 1.706130e-11]
dists_bs = [340.083247 910.927956 381.151741 991.793349 885.439462 822.115563 683.583976 360.017608 704.213102 948.618376]
bs_gains = [3.733530e-11 2.742760e-12 2.760013e-11 2.189295e-12 2.956988e-12 3.599552e-12 5.869783e-12 3.210426e-11 5.425062e-12 2.463361e-12]
At round 8 optimal eta: 0.41193339348085684
At round 8 optimal freqs: [6.251884e+07 7.587026e+07 8.366516e+07 2.537902e+08 1.314105e+08 1.404527e+08 1.556326e+08 6.755876e+07 1.033950e+08 8.884898e+07]
At round 8 optimal decs: [0 1 0 0 0 1 1 0 0 1]
At round 8 optimal powers: [0.000119 0.000224 0.000231 0.004548 0.001287 0.001148 0.000885 0.000138 0.000651 0.000398]
At round 8 t_co: [0.278277 0.203026 0.21837  0.166538 0.311206 0.176003 0.110316 0.278436 0.328806 0.209776]
At round 8 e_co: [3.316670e-05 4.550917e-05 5.043132e-05 7.573595e-04 4.006618e-04 2.020847e-04 9.757587e-05 3.856161e-05 2.140981e-04 8.345095e-05]
At round 8 t_cp: [0.158939 0.145322 0.208249 0.270317 0.117049 0.197705 0.293871 0.179319 0.105319 0.116434]
At round 8 e_cp: [3.883853e-06 6.346676e-06 1.219600e-05 4.418741e-04 2.656178e-05 5.477826e-05 1.107794e-04 5.529319e-06 1.164146e-05 8.166514e-06]
At round 8 average t_co: 0.3288061045544966 average t_cp: 0.2938710524207245 t: 0.45775548884275613
At round 8 average e_co: 0.0019228997152899538 average e_cp: 0.0006817573443076465 e: 0.0026046570595975997
At round 8 a_n: 19.894335203468554
At round 8 local rounds: 13.611883101231195
At round 8 global rounds: 33.830071258808914
At round 8 tau: 11.405954028057097
At round 8 accuracy: 0.8209302325581396
At round 8 training accuracy: 0.8218527315914489
At round 8 training loss: 0.3779557642412629
At round 8 test loss: 0.5056645501246171
gradient difference: 0.7968018054962158
ground = 9 remain_eps = 0.0078111406676425015	remain_tau = 10.948198539214342
update_location
xs = [-251.998571  371.998571 -356.998571 -314.582213 -164.582213  -64.582213  364.582213 -151.998571  464.582213  396.998571]
ys = [-271.998571  326.998571 -371.998571  437.287282  367.287282  317.287282   77.712718 -171.998571   27.712718  356.998571]
dists_uav = [675.54815  225.903083 818.968691 567.458031 405.726181 299.11296  239.443053 536.251689 342.020681 259.955853]
uav_gains = [6.267633e-13 3.390495e-11 4.004872e-13 9.469116e-13 2.294290e-12 8.502336e-12 2.710795e-11 1.085957e-12 4.313569e-12 1.847419e-11]
dists_bs = [339.835153 906.812866 379.252351 988.670531 882.765277 819.834962 683.134082 361.508648 703.077055 944.486325]
bs_gains = [3.740757e-11 2.775867e-12 2.796795e-11 2.207668e-12 2.980785e-12 3.626148e-12 5.880033e-12 3.175455e-11 5.448322e-12 2.492023e-12]
At round 9 optimal eta: 0.41193339348085684
At round 9 optimal freqs: [6.251884e+07 7.587026e+07 8.366516e+07 2.537902e+08 1.314105e+08 1.404527e+08 1.556326e+08 6.755876e+07 1.033950e+08 8.884898e+07]
At round 9 optimal decs: [0 1 0 0 0 1 1 0 0 1]
At round 9 optimal powers: [0.000119 0.000224 0.000231 0.004548 0.001287 0.001148 0.000885 0.000138 0.000651 0.000398]
At round 9 t_co: [0.277899 0.195463 0.216518 0.165746 0.309394 0.168423 0.106992 0.280595 0.327766 0.199558]
At round 9 e_co: [3.312157e-05 4.381387e-05 5.000344e-05 7.537590e-04 3.983287e-04 1.933823e-04 9.463599e-05 3.886060e-05 2.134208e-04 7.938644e-05]
At round 9 t_cp: [0.158939 0.145322 0.208249 0.270317 0.117049 0.197705 0.293871 0.179319 0.105319 0.116434]
At round 9 e_cp: [3.883853e-06 6.346676e-06 1.219600e-05 4.418741e-04 2.656178e-05 5.477826e-05 1.107794e-04 5.529319e-06 1.164146e-05 8.166514e-06]
At round 9 average t_co: 0.32776586799460317 average t_cp: 0.2938710524207245 t: 0.45991436160212246
At round 9 average e_co: 0.0018987127384202814 average e_cp: 0.0006817573443076465 e: 0.0025804700827279274
At round 9 a_n: 19.894335203468554
At round 9 local rounds: 13.611883101231195
At round 9 global rounds: 33.830071258808914
At round 9 tau: 10.948198539214342
At round 9 accuracy: 0.8255813953488372
At round 9 training accuracy: 0.8224465558194775
At round 9 training loss: 0.3517413944224233
At round 9 test loss: 0.6374290204881292
gradient difference: 0.7411758303642273
ground = 10 remain_eps = 0.009815331102901137	remain_tau = 10.48828417761222
update_location
xs = [-248.887302  368.887302 -353.887302 -310.646903 -160.646903  -60.646903  360.646903 -148.887302  460.646903  393.887302]
ys = [-268.887302  323.887302 -368.887302  435.319203  365.319203  315.319203   79.680797 -168.887302   29.680797  353.887302]
dists_uav = [671.200867 222.070917 814.603828 563.136412 401.477097 294.995862 235.577813 531.935788 337.873064 255.965027]
uav_gains = [6.363090e-13 3.596731e-11 4.054759e-13 9.644881e-13 2.371314e-12 9.188644e-12 2.896842e-11 1.107644e-12 4.556644e-12 1.997543e-11]
dists_bs = [339.643884 902.700464 377.394703 985.557461 880.104965 817.571678 682.71225  363.046895 701.966749 940.356704]
bs_gains = [3.746342e-11 2.809505e-12 2.833425e-11 2.226196e-12 3.004721e-12 3.652810e-12 5.889666e-12 3.139925e-11 5.471189e-12 2.521129e-12]
At round 10 optimal eta: 0.41193339348085684
At round 10 optimal freqs: [6.251884e+07 7.587026e+07 8.366516e+07 2.537902e+08 1.314105e+08 1.404527e+08 1.556326e+08 6.755876e+07 1.033950e+08 8.884898e+07]
At round 10 optimal decs: [0 1 0 0 0 1 1 0 0 1]
At round 10 optimal powers: [0.000119 0.000224 0.000231 0.004548 0.001287 0.001148 0.000885 0.000138 0.000651 0.000398]
At round 10 t_co: [0.277607 0.188543 0.214718 0.16496  0.3076   0.161161 0.103938 0.282836 0.326752 0.190205]
At round 10 e_co: [3.308682e-05 4.226266e-05 4.958784e-05 7.501841e-04 3.960184e-04 1.850439e-04 9.193459e-05 3.917097e-05 2.127604e-04 7.566552e-05]
At round 10 t_cp: [0.158939 0.145322 0.208249 0.270317 0.117049 0.197705 0.293871 0.179319 0.105319 0.116434]
At round 10 e_cp: [3.883853e-06 6.346676e-06 1.219600e-05 4.418741e-04 2.656178e-05 5.477826e-05 1.107794e-04 5.529319e-06 1.164146e-05 8.166514e-06]
At round 10 average t_co: 0.32675166621392443 average t_cp: 0.2938710524207245 t: 0.4621554370030689
At round 10 average e_co: 0.0018757152545540688 average e_cp: 0.0006817573443076465 e: 0.0025574725988617153
At round 10 a_n: 19.894335203468554
At round 10 local rounds: 13.611883101231195
At round 10 global rounds: 33.830071258808914
At round 10 tau: 10.48828417761222
At round 10 accuracy: 0.8372093023255814
At round 10 training accuracy: 0.8295724465558195
At round 10 training loss: 0.33030975106469435
At round 10 test loss: 0.5111066767787055
gradient difference: 0.708799421787262
ground = 11 remain_eps = 0.012333758763130209	remain_tau = 10.02612874060915
update_location
xs = [-245.776032  365.776032 -350.776032 -306.711594 -156.711594  -56.711594  356.711594 -145.776032  456.711594  390.776032]
ys = [-265.776032  320.776032 -365.776032  433.351123  363.351123  313.351123   81.648877 -165.776032   31.648877  350.776032]
dists_uav = [666.854275 218.260169 810.239345 558.816017 397.2313   290.887048 231.731648 527.621276 333.73191  251.987827]
uav_gains = [6.460678e-13 3.807952e-11 4.105546e-13 9.825607e-13 2.453205e-12 9.945680e-12 3.088417e-11 1.130005e-12 4.823588e-12 2.156136e-11]
dists_bs = [339.509536 898.590786 375.579417 982.454233 877.458651 815.325858 682.318531 364.631749 700.882307 936.229546]
bs_gains = [3.750272e-11 2.843684e-12 2.869861e-11 2.244879e-12 3.028795e-12 3.679534e-12 5.898676e-12 3.103889e-11 5.493651e-12 2.550688e-12]
At round 11 optimal eta: 0.41193339348085684
At round 11 optimal freqs: [6.251884e+07 7.587026e+07 8.366516e+07 2.537902e+08 1.314105e+08 1.404527e+08 1.556326e+08 6.755876e+07 1.033950e+08 8.884898e+07]
At round 11 optimal decs: [0 1 0 0 0 1 1 0 0 1]
At round 11 optimal powers: [0.000119 0.000224 0.000231 0.004548 0.001287 0.001148 0.000885 0.000138 0.000651 0.000398]
At round 11 t_co: [0.277403 0.182188 0.212971 0.164179 0.305822 0.154231 0.101129 0.28516  0.325763 0.18166 ]
At round 11 e_co: [3.306242e-05 4.083820e-05 4.918445e-05 7.466347e-04 3.937305e-04 1.770869e-04 8.944953e-05 3.949280e-05 2.121169e-04 7.226642e-05]
At round 11 t_cp: [0.158939 0.145322 0.208249 0.270317 0.117049 0.197705 0.293871 0.179319 0.105319 0.116434]
At round 11 e_cp: [3.883853e-06 6.346676e-06 1.219600e-05 4.418741e-04 2.656178e-05 5.477826e-05 1.107794e-04 5.529319e-06 1.164146e-05 8.166514e-06]
At round 11 average t_co: 0.32576343813919306 average t_cp: 0.2938710524207245 t: 0.4644791838439685
At round 11 average e_co: 0.0018538628756761028 average e_cp: 0.0006817573443076465 e: 0.0025356202199837497
At round 11 a_n: 19.894335203468554
At round 11 local rounds: 13.611883101231195
At round 11 global rounds: 33.830071258808914
At round 11 tau: 10.02612874060915
At round 11 accuracy: 0.8418604651162791
At round 11 training accuracy: 0.830166270783848
At round 11 training loss: 0.31760034598823067
At round 11 test loss: 0.47910335269836035
gradient difference: 0.6422274708747864
ground = 12 remain_eps = 0.015498367159731201	remain_tau = 9.561649556765182
update_location
xs = [-242.664762  362.664762 -347.664762 -302.776284 -152.776284  -52.776284  352.776284 -142.664762  452.776284  387.664762]
ys = [-262.664762  317.664762 -362.664762  431.383043  361.383043  311.383043   83.616957 -162.664762   33.616957  347.664762]
dists_uav = [662.508388 214.471981 805.875249 554.496873 392.988895 286.786873 227.905523 523.308188 329.597464 248.024907]
uav_gains = [6.560460e-13 4.024299e-11 4.157252e-13 1.001150e-12 2.540443e-12 1.077883e-11 3.285137e-11 1.153071e-12 5.117258e-12 2.322731e-11]
dists_bs = [339.432176 894.483869 373.807108 979.36094  874.826463 813.097644 681.952974 366.262607 699.823849 932.104885]
bs_gains = [3.752538e-11 2.878415e-12 2.906060e-11 2.263717e-12 3.053005e-12 3.706315e-12 5.907059e-12 3.067398e-11 5.515697e-12 2.580708e-12]
At round 12 optimal eta: 0.41193339348085684
At round 12 optimal freqs: [6.251884e+07 7.587026e+07 8.366516e+07 2.537902e+08 1.314105e+08 1.404527e+08 1.556326e+08 6.755876e+07 1.033950e+08 8.884898e+07]
At round 12 optimal decs: [0 1 0 0 0 1 1 0 0 1]
At round 12 optimal powers: [0.000119 0.000224 0.000231 0.004548 0.001287 0.001148 0.000885 0.000138 0.000651 0.000398]
At round 12 t_co: [0.277285 0.176329 0.211277 0.163405 0.304063 0.147645 0.098539 0.287567 0.324801 0.173867]
At round 12 e_co: [3.304838e-05 3.952486e-05 4.879321e-05 7.431106e-04 3.914652e-04 1.695249e-04 8.715936e-05 3.982614e-05 2.114903e-04 6.916607e-05]
At round 12 t_cp: [0.158939 0.145322 0.208249 0.270317 0.117049 0.197705 0.293871 0.179319 0.105319 0.116434]
At round 12 e_cp: [3.883853e-06 6.346676e-06 1.219600e-05 4.418741e-04 2.656178e-05 5.477826e-05 1.107794e-04 5.529319e-06 1.164146e-05 8.166514e-06]
At round 12 average t_co: 0.3248011241117494 average t_cp: 0.2938710524207245 t: 0.46688608549979926
At round 12 average e_co: 0.0018331089773909544 average e_cp: 0.0006817573443076465 e: 0.0025148663216986
At round 12 a_n: 19.894335203468554
At round 12 local rounds: 13.611883101231195
At round 12 global rounds: 33.830071258808914
At round 12 tau: 9.561649556765182
At round 12 accuracy: 0.8441860465116279
At round 12 training accuracy: 0.836104513064133
At round 12 training loss: 0.30238945708681647
At round 12 test loss: 0.4621827147673642
gradient difference: 0.7049437165260315
ground = 13 remain_eps = 0.019474954004765527	remain_tau = 9.094763471265383
update_location
xs = [-239.553492  359.553492 -344.553492 -298.840974 -148.840974  -48.840974  348.840974 -139.553492  448.840974  384.553492]
ys = [-259.553492  314.553492 -359.553492  429.414963  359.414963  309.414963   85.585037 -159.553492   35.585037  344.553492]
dists_uav = [658.16322  210.707569 801.511545 550.179011 388.749993 282.695713 224.100464 518.996558 325.469982 244.076963]
uav_gains = [6.662505e-13 4.246075e-11 4.209901e-13 1.020276e-12 2.633567e-12 1.169311e-11 3.486749e-11 1.176877e-12 5.440831e-12 2.496790e-11]
dists_bs = [339.411842 890.379753 372.078393 976.277677 872.208527 810.887183 681.615625 367.938856 698.791494 927.982753]
bs_gains = [3.753134e-11 2.913708e-12 2.941977e-11 2.282712e-12 3.077348e-12 3.733150e-12 5.914810e-12 3.030505e-11 5.537317e-12 2.611198e-12]
At round 13 optimal eta: 0.41193339348085684
At round 13 optimal freqs: [6.251884e+07 7.587026e+07 8.366516e+07 2.537902e+08 1.314105e+08 1.404527e+08 1.556326e+08 6.755876e+07 1.033950e+08 8.884898e+07]
At round 13 optimal decs: [0 1 0 0 0 1 1 0 0 1]
At round 13 optimal powers: [0.000119 0.000224 0.000231 0.004548 0.001287 0.001148 0.000885 0.000138 0.000651 0.000398]
At round 13 t_co: [0.277254 0.170903 0.209635 0.162635 0.302321 0.141412 0.096147 0.290058 0.323865 0.166765]
At round 13 e_co: [3.304469e-05 3.830869e-05 4.841406e-05 7.396118e-04 3.892222e-04 1.623676e-04 8.504369e-05 4.017106e-05 2.108806e-04 6.634075e-05]
At round 13 t_cp: [0.158939 0.145322 0.208249 0.270317 0.117049 0.197705 0.293871 0.179319 0.105319 0.116434]
At round 13 e_cp: [3.883853e-06 6.346676e-06 1.219600e-05 4.418741e-04 2.656178e-05 5.477826e-05 1.107794e-04 5.529319e-06 1.164146e-05 8.166514e-06]
At round 13 average t_co: 0.3238646658953503 average t_cp: 0.2938710524207245 t: 0.46937663971515453
At round 13 average e_co: 0.0018134051582120816 average e_cp: 0.0006817573443076465 e: 0.0024951625025197276
At round 13 a_n: 19.894335203468554
At round 13 local rounds: 13.611883101231195
At round 13 global rounds: 33.830071258808914
At round 13 tau: 9.094763471265383
At round 13 accuracy: 0.8441860465116279
At round 13 training accuracy: 0.8444180522565321
At round 13 training loss: 0.2780729792534314
At round 13 test loss: 0.5132476441085685
gradient difference: 0.6648706197738647
ground = 14 remain_eps = 0.024471857556271164	remain_tau = 8.625386831550228
update_location
xs = [-236.442222  356.442222 -341.442222 -294.905665 -144.905665  -44.905665  344.905665 -136.442222  444.905665  381.442222]
ys = [-256.442222  311.442222 -356.442222  427.446884  357.446884  307.446884   87.553116 -156.442222   37.553116  341.442222]
dists_uav = [653.818786 206.968232 797.148239 545.862461 384.514712 278.613966 220.317563 514.686425 321.349732 240.144734]
uav_gains = [6.766881e-13 4.473726e-11 4.263515e-13 1.039963e-12 2.733186e-12 1.269297e-11 3.693140e-11 1.201456e-12 5.797816e-12 2.677742e-11]
dists_bs = [339.448546 886.278477 370.39388  973.204538 869.604974 808.69462  681.306526 369.65988  697.785356 923.863184]
bs_gains = [3.752058e-11 2.949575e-12 2.977566e-11 2.301864e-12 3.101824e-12 3.760031e-12 5.921923e-12 2.993260e-11 5.558500e-12 2.642167e-12]
At round 14 optimal eta: 0.41193339348085684
At round 14 optimal freqs: [6.251884e+07 7.587026e+07 8.366516e+07 2.537902e+08 1.314105e+08 1.404527e+08 1.556326e+08 6.755876e+07 1.033950e+08 8.884898e+07]
At round 14 optimal decs: [0 1 0 0 0 1 1 0 1 1]
At round 14 optimal powers: [0.000119 0.000224 0.000231 0.004548 0.001287 0.001148 0.000885 0.000138 0.000651 0.000398]
At round 14 t_co: [0.27731  0.165856 0.208046 0.161871 0.300596 0.135536 0.093931 0.292632 0.313117 0.160294]
At round 14 e_co: [3.305135e-05 3.717739e-05 4.804692e-05 7.361383e-04 3.870016e-04 1.556210e-04 8.308336e-05 4.052765e-05 2.038822e-04 6.376662e-05]
At round 14 t_cp: [0.158939 0.145322 0.208249 0.270317 0.117049 0.197705 0.293871 0.179319 0.105319 0.116434]
At round 14 e_cp: [3.883853e-06 6.346676e-06 1.219600e-05 4.418741e-04 2.656178e-05 5.477826e-05 1.107794e-04 5.529319e-06 1.164146e-05 8.166514e-06]
At round 14 average t_co: 0.31311671586920364 average t_cp: 0.2938710524207245 t: 0.47195135838803987
At round 14 average e_co: 0.0017882962436525699 average e_cp: 0.0006817573443076465 e: 0.002470053587960216
At round 14 a_n: 19.894335203468554
At round 14 local rounds: 13.611883101231195
At round 14 global rounds: 33.830071258808914
At round 14 tau: 8.625386831550228
At round 14 accuracy: 0.8465116279069768
At round 14 training accuracy: 0.8438242280285035
At round 14 training loss: 0.2742536490315591
At round 14 test loss: 0.4439182073657596
gradient difference: 0.6984444856643677
ground = 15 remain_eps = 0.030750871714915577	remain_tau = 8.153435473162189
update_location
xs = [-233.330952  353.330952 -338.330952 -290.970355 -140.970355  -40.970355  340.970355 -133.330952  440.970355  378.330952]
ys = [-253.330952  308.330952 -353.330952  425.478804  355.478804  305.478804   89.521196 -153.330952   39.521196  338.330952]
dists_uav = [649.4751   203.255352 792.78534  541.547254 380.28317  274.542051 216.557981 510.377825 317.236995 236.229005]
uav_gains = [6.873662e-13 4.707832e-11 4.318116e-13 1.060235e-12 2.839986e-12 1.378204e-11 3.904353e-11 1.226848e-12 6.192067e-12 2.865035e-11]
dists_bs = [339.542269 882.180078 368.754177 970.141621 867.015931 806.520101 681.025714 371.425055 696.80555  919.746212]
bs_gains = [3.749314e-11 2.986028e-12 3.012781e-11 2.321173e-12 3.126431e-12 3.786956e-12 5.928396e-12 2.955710e-11 5.579237e-12 2.673624e-12]
At round 15 optimal eta: 0.41193339348085684
At round 15 optimal freqs: [6.251884e+07 7.587026e+07 8.366516e+07 2.537902e+08 1.314105e+08 1.404527e+08 1.556326e+08 6.755876e+07 1.033950e+08 8.884898e+07]
At round 15 optimal decs: [0 1 0 0 0 1 1 0 1 1]
At round 15 optimal powers: [0.000119 0.000224 0.000231 0.004548 0.001287 0.001148 0.000885 0.000138 0.000651 0.000398]
At round 15 t_co: [0.277452 0.16114  0.206508 0.161113 0.298888 0.130019 0.09187  0.295292 0.298527 0.154396]
At round 15 e_co: [3.306836e-05 3.612021e-05 4.769176e-05 7.326899e-04 3.848032e-04 1.492863e-04 8.126065e-05 4.089596e-05 1.943820e-04 6.142018e-05]
At round 15 t_cp: [0.158939 0.145322 0.208249 0.270317 0.117049 0.197705 0.293871 0.179319 0.105319 0.116434]
At round 15 e_cp: [3.883853e-06 6.346676e-06 1.219600e-05 4.418741e-04 2.656178e-05 5.477826e-05 1.107794e-04 5.529319e-06 1.164146e-05 8.166514e-06]
At round 15 average t_co: 0.29888832560835066 average t_cp: 0.2938710524207245 t: 0.47461076734472435
At round 15 average e_co: 0.0017616184732178021 average e_cp: 0.0006817573443076465 e: 0.0024433758175254477
At round 15 a_n: 19.894335203468554
At round 15 local rounds: 13.611883101231195
At round 15 global rounds: 33.830071258808914
At round 15 tau: 8.153435473162189
At round 15 accuracy: 0.8465116279069768
At round 15 training accuracy: 0.8444180522565321
At round 15 training loss: 0.27626642072551183
At round 15 test loss: 0.5205327259217815
gradient difference: 0.7160547375679016
ground = 16 remain_eps = 0.03864096172727481	remain_tau = 7.678824705817465
update_location
xs = [-230.219683  350.219683 -335.219683 -287.035045 -137.035045  -37.035045  337.035045 -130.219683  437.035045  375.219683]
ys = [-250.219683  305.219683 -350.219683  423.510724  353.510724  303.510724   91.489276 -150.219683   41.489276  335.219683]
dists_uav = [645.132177 199.570407 788.422853 537.233423 376.055495 270.480413 212.822954 506.070798 313.132067 232.33061 ]
uav_gains = [6.982923e-13 4.949082e-11 4.373731e-13 1.081116e-12 2.954744e-12 1.496291e-11 4.120582e-11 1.253094e-12 6.627782e-12 3.058171e-11]
dists_bs = [339.692963 878.084599 367.159882 967.089021 864.441531 804.363773 680.773226 373.233755 695.852187 915.631874]
bs_gains = [3.744908e-11 3.023077e-12 3.047574e-11 2.340639e-12 3.151165e-12 3.813919e-12 5.934225e-12 2.917905e-11 5.599516e-12 2.705579e-12]
At round 16 optimal eta: 0.41193339348085684
At round 16 optimal freqs: [6.251884e+07 7.587026e+07 8.366516e+07 2.537902e+08 1.314105e+08 1.404527e+08 1.556326e+08 6.755876e+07 1.033950e+08 8.884898e+07]
At round 16 optimal decs: [0 1 0 0 0 1 1 0 1 1]
At round 16 optimal powers: [0.000119 0.000224 0.000231 0.004548 0.001287 0.001148 0.000885 0.000138 0.000651 0.000398]
At round 16 t_co: [0.277682 0.156713 0.205022 0.16036  0.297198 0.124858 0.089947 0.298036 0.284367 0.149012]
At round 16 e_co: [3.309573e-05 3.512782e-05 4.734849e-05 7.292666e-04 3.826269e-04 1.433610e-04 7.955936e-05 4.127607e-05 1.851618e-04 5.927870e-05]
At round 16 t_cp: [0.158939 0.145322 0.208249 0.270317 0.117049 0.197705 0.293871 0.179319 0.105319 0.116434]
At round 16 e_cp: [3.883853e-06 6.346676e-06 1.219600e-05 4.418741e-04 2.656178e-05 5.477826e-05 1.107794e-04 5.529319e-06 1.164146e-05 8.166514e-06]
At round 16 average t_co: 0.29803631910368367 average t_cp: 0.2938710524207245 t: 0.47735540610597077
At round 16 average e_co: 0.001736102501141676 average e_cp: 0.0006817573443076465 e: 0.0024178598454493226
At round 16 a_n: 19.894335203468554
At round 16 local rounds: 13.611883101231195
At round 16 global rounds: 33.830071258808914
At round 16 tau: 7.678824705817465
At round 16 accuracy: 0.8488372093023255
At round 16 training accuracy: 0.8461995249406176
At round 16 training loss: 0.2580265886184958
At round 16 test loss: 0.42627544136746787
gradient difference: 0.7558417320251465
ground = 17 remain_eps = 0.048555499078241846	remain_tau = 7.201469299711494
update_location
xs = [-227.108413  347.108413 -332.108413 -283.099736 -133.099736  -33.099736  333.099736 -127.108413  433.099736  372.108413]
ys = [-247.108413  302.108413 -347.108413  421.542645  351.542645  301.542645   93.457355 -147.108413   43.457355  332.108413]
dists_uav = [640.790032 195.914973 784.060785 532.921    371.831818 266.429521 209.113798 501.765384 309.03526  228.450437]
uav_gains = [7.094743e-13 5.198259e-11 4.430382e-13 1.102635e-12 3.078335e-12 1.623692e-11 4.342164e-11 1.280237e-12 7.109486e-12 3.256752e-11]
dists_bs = [339.900553 873.99208  365.611591 964.046838 861.881903 802.225781 680.549092 375.085352 694.925376 911.520204]
bs_gains = [3.738850e-11 3.060735e-12 3.081894e-11 2.360263e-12 3.176025e-12 3.840913e-12 5.939405e-12 2.879889e-11 5.619328e-12 2.738040e-12]
At round 17 optimal eta: 0.41193339348085684
At round 17 optimal freqs: [6.251884e+07 7.587026e+07 8.366516e+07 2.537902e+08 1.314105e+08 1.404527e+08 1.556326e+08 6.755876e+07 1.033950e+08 8.884898e+07]
At round 17 optimal decs: [0 1 0 0 0 1 1 0 1 1]
At round 17 optimal powers: [0.000119 0.000224 0.000231 0.004548 0.001287 0.001148 0.000885 0.000138 0.000651 0.000398]
At round 17 t_co: [0.277999 0.152539 0.203587 0.159613 0.295525 0.120048 0.088144 0.300867 0.270673 0.14409 ]
At round 17 e_co: [3.313347e-05 3.419223e-05 4.701709e-05 7.258684e-04 3.804727e-04 1.378381e-04 7.796484e-05 4.166807e-05 1.762453e-04 5.732050e-05]
At round 17 t_cp: [0.158939 0.145322 0.208249 0.270317 0.117049 0.197705 0.293871 0.179319 0.105319 0.116434]
At round 17 e_cp: [3.883853e-06 6.346676e-06 1.219600e-05 4.418741e-04 2.656178e-05 5.477826e-05 1.107794e-04 5.529319e-06 1.164146e-05 8.166514e-06]
At round 17 average t_co: 0.3008667406427083 average t_cp: 0.2938710524207245 t: 0.4801858276449954
At round 17 average e_co: 0.0017117207022638915 average e_cp: 0.0006817573443076465 e: 0.0023934780465715384
At round 17 a_n: 19.894335203468554
At round 17 local rounds: 13.611883101231195
At round 17 global rounds: 33.830071258808914
At round 17 tau: 7.201469299711494
At round 17 accuracy: 0.8488372093023255
At round 17 training accuracy: 0.8485748218527316
At round 17 training loss: 0.24996568477953698
At round 17 test loss: 0.4329543356090611
gradient difference: 0.7421367168426514
ground = 18 remain_eps = 0.06101391852969854	remain_tau = 6.7212834720664985
update_location
xs = [-223.997143  343.997143 -328.997143 -279.164426 -129.164426  -29.164426  329.164426 -123.997143  429.164426  368.997143]
ys = [-243.997143  298.997143 -343.997143  419.574565  349.574565  299.574565   95.425435 -143.997143   45.425435  328.997143]
dists_uav = [636.448683 192.290732 779.699144 528.610021 367.612278 262.389873 205.431914 497.461625 304.946902 224.589429]
uav_gains = [7.209203e-13 5.456217e-11 4.488097e-13 1.124819e-12 3.211753e-12 1.760402e-11 4.569568e-11 1.308324e-12 7.642000e-12 3.460508e-11]
dists_bs = [340.164935 869.902563 364.109889 961.01517  859.337181 800.106273 680.353341 376.979211 694.025223 907.411238]
bs_gains = [3.731155e-11 3.099013e-12 3.115692e-11 2.380046e-12 3.201010e-12 3.867935e-12 5.943935e-12 2.841708e-11 5.638663e-12 2.771019e-12]
At round 18 optimal eta: 0.41193339348085684
At round 18 optimal freqs: [6.251884e+07 7.587026e+07 8.366516e+07 2.537902e+08 1.314105e+08 1.404527e+08 1.556326e+08 6.755876e+07 1.033950e+08 8.884898e+07]
At round 18 optimal decs: [0 1 0 0 0 1 1 0 1 1]
At round 18 optimal powers: [0.000119 0.000224 0.000231 0.004548 0.001287 0.001148 0.000885 0.000138 0.000651 0.000398]
At round 18 t_co: [0.278402 0.148588 0.202203 0.158871 0.293869 0.115579 0.086448 0.303784 0.25748  0.139577]
At round 18 e_co: [3.318157e-05 3.330663e-05 4.669748e-05 7.224951e-04 3.783405e-04 1.327072e-04 7.646405e-05 4.207202e-05 1.676549e-04 5.552527e-05]
At round 18 t_cp: [0.158939 0.145322 0.208249 0.270317 0.117049 0.197705 0.293871 0.179319 0.105319 0.116434]
At round 18 e_cp: [3.883853e-06 6.346676e-06 1.219600e-05 4.418741e-04 2.656178e-05 5.477826e-05 1.107794e-04 5.529319e-06 1.164146e-05 8.166514e-06]
At round 18 average t_co: 0.30378351113526986 average t_cp: 0.2938710524207245 t: 0.48310259813755696
At round 18 average e_co: 0.0016884446677708047 average e_cp: 0.0006817573443076465 e: 0.0023702020120784507
At round 18 a_n: 19.894335203468554
At round 18 local rounds: 13.611883101231195
At round 18 global rounds: 33.830071258808914
At round 18 tau: 6.7212834720664985
At round 18 accuracy: 0.8511627906976744
At round 18 training accuracy: 0.8574821852731591
At round 18 training loss: 0.22970448398810717
At round 18 test loss: 0.4480211976619596
gradient difference: 0.5277226567268372
ground = 19 remain_eps = 0.0766689319442474	remain_tau = 6.2381808739289415
update_location
xs = [-220.885873  340.885873 -325.885873 -275.229116 -125.229116  -25.229116  325.229116 -120.885873  425.229116  365.885873]
ys = [-240.885873  295.885873 -340.885873  417.606485  347.606485  297.606485   97.393515 -140.885873   47.393515  325.885873]
dists_uav = [632.108144 188.699483 775.337935 524.300521 363.397019 258.361997 201.778794 493.159565 300.867335 220.748592]
uav_gains = [7.326390e-13 5.723867e-11 4.546901e-13 1.147700e-12 3.356119e-12 1.906274e-11 4.803377e-11 1.337406e-12 8.230387e-12 3.669319e-11]
dists_bs = [340.485976 865.81609  362.655357 957.994117 856.807496 798.005397 680.185996 378.914701 693.151832 903.305014]
bs_gains = [3.721839e-11 3.137925e-12 3.148917e-11 2.399988e-12 3.226115e-12 3.894979e-12 5.947811e-12 2.803404e-11 5.657510e-12 2.804525e-12]
At round 19 optimal eta: 0.41193339348085684
At round 19 optimal freqs: [6.251884e+07 7.587026e+07 8.366516e+07 2.537902e+08 1.314105e+08 1.404527e+08 1.556326e+08 6.755876e+07 1.033950e+08 8.884898e+07]
At round 19 optimal decs: [0 1 0 0 0 1 1 0 1 1]
At round 19 optimal powers: [0.000119 0.000224 0.000231 0.004548 0.001287 0.001148 0.000885 0.000138 0.000651 0.000398]
At round 19 t_co: [0.278893 0.144834 0.20087  0.158135 0.29223  0.11144  0.084844 0.306787 0.24482  0.135427]
At round 19 e_co: [3.324006e-05 3.246525e-05 4.638961e-05 7.191467e-04 3.762303e-04 1.279541e-04 7.504543e-05 4.248801e-05 1.594113e-04 5.387416e-05]
At round 19 t_cp: [0.158939 0.145322 0.208249 0.270317 0.117049 0.197705 0.293871 0.179319 0.105319 0.116434]
At round 19 e_cp: [3.883853e-06 6.346676e-06 1.219600e-05 4.418741e-04 2.656178e-05 5.477826e-05 1.107794e-04 5.529319e-06 1.164146e-05 8.166514e-06]
At round 19 average t_co: 0.30678720970231316 average t_cp: 0.2938710524207245 t: 0.48610629670460026
At round 19 average e_co: 0.0016662449300178179 average e_cp: 0.0006817573443076465 e: 0.0023480022743254643
At round 19 a_n: 19.894335203468554
At round 19 local rounds: 13.611883101231195
At round 19 global rounds: 33.830071258808914
At round 19 tau: 6.2381808739289415
At round 19 accuracy: 0.8511627906976744
At round 19 training accuracy: 0.8551068883610451
At round 19 training loss: 0.22954444595253476
At round 19 test loss: 0.42613016692560535
gradient difference: 0.6423935294151306
ground = 20 remain_eps = 0.09634072465957845	remain_tau = 5.752074577224342
update_location
xs = [-217.774603  337.774603 -322.774603 -271.293807 -121.293807  -21.293807  321.293807 -117.774603  421.293807  362.774603]
ys = [-237.774603  292.774603 -337.774603  415.638405  345.638405  295.638405   99.361595 -137.774603   49.361595  322.774603]
dists_uav = [627.768434 185.143145 770.977168 519.992536 359.18619  254.346451 198.15603  488.859249 296.796924 216.928999]
uav_gains = [7.446392e-13 6.002154e-11 4.606821e-13 1.171309e-12 3.512704e-12 2.061020e-11 5.044265e-11 1.367538e-12 8.879867e-12 3.883230e-11]
dists_bs = [340.863516 861.732705 361.248562 954.983779 854.292983 795.923299 680.04708  380.891186 692.305303 899.201568]
bs_gains = [3.710925e-11 3.177483e-12 3.181517e-11 2.420088e-12 3.251340e-12 3.922038e-12 5.951031e-12 2.765019e-11 5.675861e-12 2.838568e-12]
At round 20 optimal eta: 0.41193339348085684
At round 20 optimal freqs: [6.251884e+07 7.587026e+07 8.366516e+07 2.537902e+08 1.314105e+08 1.404527e+08 1.556326e+08 6.755876e+07 1.033950e+08 8.884898e+07]
At round 20 optimal decs: [0 1 0 0 0 1 1 0 1 1]
At round 20 optimal powers: [0.000119 0.000224 0.000231 0.004548 0.001287 0.001148 0.000885 0.000138 0.000651 0.000398]
At round 20 t_co: [0.279471 0.141257 0.199587 0.157404 0.290607 0.107614 0.083321 0.309878 0.23272  0.131595]
At round 20 e_co: [3.330894e-05 3.166329e-05 4.609345e-05 7.158232e-04 3.741419e-04 1.235619e-04 7.369891e-05 4.291612e-05 1.515330e-04 5.234996e-05]
At round 20 t_cp: [0.158939 0.145322 0.208249 0.270317 0.117049 0.197705 0.293871 0.179319 0.105319 0.116434]
At round 20 e_cp: [3.883853e-06 6.346676e-06 1.219600e-05 4.418741e-04 2.656178e-05 5.477826e-05 1.107794e-04 5.529319e-06 1.164146e-05 8.166514e-06]
At round 20 average t_co: 0.3098784281456267 average t_cp: 0.2938710524207245 t: 0.4891975151479138
At round 20 average e_co: 0.0016450906909819575 average e_cp: 0.0006817573443076465 e: 0.002326848035289604
At round 20 a_n: 19.894335203468554
At round 20 local rounds: 13.611883101231195
At round 20 global rounds: 33.830071258808914
At round 20 tau: 5.752074577224342
At round 20 accuracy: 0.8511627906976744
At round 20 training accuracy: 0.8551068883610451
At round 20 training loss: 0.23022526892216216
At round 20 test loss: 0.4167715695693407
gradient difference: 0.4681335985660553
ground = 21 remain_eps = 0.12105992600343139	remain_tau = 5.262877062076428
update_location
xs = [-214.663333  334.663333 -319.663333 -267.358497 -117.358497  -17.358497  317.358497 -114.663333  417.358497  359.663333]
ys = [-234.663333  289.663333 -334.663333  413.670326  343.670326  293.670326  101.329674 -134.663333   51.329674  319.663333]
dists_uav = [623.429568 181.623769 766.616849 515.686106 354.97995  250.34383  194.565318 484.560722 292.73605  213.13179 ]
uav_gains = [7.569304e-13 6.292042e-11 4.667887e-13 1.195684e-12 3.682948e-12 2.224232e-11 5.292983e-11 1.398779e-12 9.595711e-12 4.102448e-11]
dists_bs = [341.297368 857.652451 359.890067 951.984259 851.793775 793.860128 679.93661  382.908031 691.485737 895.10094 ]
bs_gains = [3.698437e-11 3.217700e-12 3.213442e-11 2.440347e-12 3.276681e-12 3.949108e-12 5.953594e-12 2.726592e-11 5.693705e-12 2.873159e-12]
At round 21 optimal eta: 0.41193339348085684
At round 21 optimal freqs: [6.251884e+07 7.587026e+07 8.366516e+07 2.537902e+08 1.314105e+08 1.404527e+08 1.556326e+08 6.755876e+07 1.033950e+08 8.884898e+07]
At round 21 optimal decs: [0 1 0 0 0 1 1 0 1 1]
At round 21 optimal powers: [0.000119 0.000224 0.000231 0.004548 0.001287 0.001148 0.000885 0.000138 0.000651 0.000398]
At round 21 t_co: [0.280136 0.137837 0.198355 0.156679 0.289002 0.104087 0.081871 0.313058 0.221206 0.128044]
At round 21 e_co: [3.338824e-05 3.089673e-05 4.580893e-05 7.125244e-04 3.720752e-04 1.195113e-04 7.241578e-05 4.335644e-05 1.440354e-04 5.093710e-05]
At round 21 t_cp: [0.158939 0.145322 0.208249 0.270317 0.117049 0.197705 0.293871 0.179319 0.105319 0.116434]
At round 21 e_cp: [3.883853e-06 6.346676e-06 1.219600e-05 4.418741e-04 2.656178e-05 5.477826e-05 1.107794e-04 5.529319e-06 1.164146e-05 8.166514e-06]
At round 21 average t_co: 0.3130577706770014 average t_cp: 0.2938710524207245 t: 0.4923768576792885
At round 21 average e_co: 0.001624949585966908 average e_cp: 0.0006817573443076465 e: 0.0023067069302745544
At round 21 a_n: 19.894335203468554
At round 21 local rounds: 13.611883101231195
At round 21 global rounds: 33.830071258808914
At round 21 tau: 5.262877062076428
At round 21 accuracy: 0.8534883720930233
At round 21 training accuracy: 0.8604513064133017
At round 21 training loss: 0.21953076955258422
At round 21 test loss: 0.4216342576714449
gradient difference: 0.7173281908035278
ground = 22 remain_eps = 0.1521216052270912	remain_tau = 4.770500204397139
update_location
xs = [-211.552064  331.552064 -316.552064 -263.423187 -113.423187  -13.423187  313.423187 -111.552064  413.423187  356.552064]
ys = [-231.552064  286.552064 -331.552064  411.702246  341.702246  291.702246  103.297754 -131.552064   53.297754  316.552064]
dists_uav = [619.091566 178.143545 762.256986 511.381268 350.778464 246.354762 191.008465 480.264033 288.685115 209.358185]
uav_gains = [7.695221e-13 6.594504e-11 4.730126e-13 1.220859e-12 3.868478e-12 2.395405e-11 5.550334e-11 1.431193e-12 1.038309e-11 4.327341e-11]
dists_bs = [341.787317 853.575374 358.580418 948.995659 849.310008 791.816032 679.854598 384.964602 690.693229 891.003169]
bs_gains = [3.684404e-11 3.258589e-12 3.244637e-11 2.460766e-12 3.302136e-12 3.976181e-12 5.955497e-12 2.688162e-11 5.711034e-12 2.908309e-12]
At round 22 optimal eta: 0.41193339348085684
At round 22 optimal freqs: [6.251884e+07 7.587026e+07 8.366516e+07 2.537902e+08 1.314105e+08 1.404527e+08 1.556326e+08 6.755876e+07 1.033950e+08 8.884898e+07]
At round 22 optimal decs: [0 1 0 0 0 1 1 0 1 1]
At round 22 optimal powers: [0.000119 0.000224 0.000231 0.004548 0.001287 0.001148 0.000885 0.000138 0.000651 0.000398]
At round 22 t_co: [0.280889 0.13456  0.197173 0.155959 0.287414 0.100838 0.080483 0.316326 0.210294 0.124737]
At round 22 e_co: [3.347797e-05 3.016226e-05 4.553602e-05 7.092504e-04 3.700302e-04 1.157811e-04 7.118858e-05 4.380905e-05 1.369303e-04 4.962165e-05]
At round 22 t_cp: [0.158939 0.145322 0.208249 0.270317 0.117049 0.197705 0.293871 0.179319 0.105319 0.116434]
At round 22 e_cp: [3.883853e-06 6.346676e-06 1.219600e-05 4.418741e-04 2.656178e-05 5.477826e-05 1.107794e-04 5.529319e-06 1.164146e-05 8.166514e-06]
At round 22 average t_co: 0.31632585364139293 average t_cp: 0.2938710524207245 t: 0.49564494064368003
At round 22 average e_co: 0.001605787512415086 average e_cp: 0.0006817573443076465 e: 0.0022875448567227325
At round 22 a_n: 19.894335203468554
At round 22 local rounds: 13.611883101231195
At round 22 global rounds: 33.830071258808914
At round 22 tau: 4.770500204397139
At round 22 accuracy: 0.8534883720930233
At round 22 training accuracy: 0.8628266033254157
At round 22 training loss: 0.2157168026161118
At round 22 test loss: 0.4800493868313326
gradient difference: 0.5910417437553406
ground = 23 remain_eps = 0.19115312177054414	remain_tau = 4.27485526375346
update_location
xs = [-208.440794  328.440794 -313.440794 -259.487878 -109.487878   -9.487878  309.487878 -108.440794  409.487878  353.440794]
ys = [-228.440794  283.440794 -328.440794  409.734166  339.734166  289.734166  105.265834 -128.440794   55.265834  313.440794]
dists_uav = [614.754445 174.704813 757.897587 507.078065 346.581905 242.379918 187.487398 475.969232 284.644544 205.609482]
uav_gains = [7.824247e-13 6.910499e-11 4.793568e-13 1.246876e-12 4.071131e-12 2.573981e-11 5.817159e-11 1.464849e-12 1.124691e-11 4.558418e-11]
dists_bs = [342.333123 849.50152  357.320154 946.018082 846.841818 789.791158 679.801056 387.060266 689.927872 886.908293]
bs_gains = [3.668858e-11 3.300164e-12 3.275051e-11 2.481344e-12 3.327702e-12 4.003253e-12 5.956740e-12 2.649764e-11 5.727838e-12 2.944028e-12]
At round 23 optimal eta: 0.41193339348085684
At round 23 optimal freqs: [6.251884e+07 7.587026e+07 8.366516e+07 2.537902e+08 1.314105e+08 1.404527e+08 1.556326e+08 6.755876e+07 1.033950e+08 8.884898e+07]
At round 23 optimal decs: [0 1 0 0 0 1 1 0 1 1]
At round 23 optimal powers: [0.000119 0.000224 0.000231 0.004548 0.001287 0.001148 0.000885 0.000138 0.000651 0.000398]
At round 23 t_co: [0.28173  0.131415 0.196042 0.155244 0.285842 0.097848 0.079152 0.319683 0.199997 0.121644]
At round 23 e_co: [3.357816e-05 2.945718e-05 4.527466e-05 7.060010e-04 3.680069e-04 1.123486e-04 7.001100e-05 4.427404e-05 1.302257e-04 4.839132e-05]
At round 23 t_cp: [0.158939 0.145322 0.208249 0.270317 0.117049 0.197705 0.293871 0.179319 0.105319 0.116434]
At round 23 e_cp: [3.883853e-06 6.346676e-06 1.219600e-05 4.418741e-04 2.656178e-05 5.477826e-05 1.107794e-04 5.529319e-06 1.164146e-05 8.166514e-06]
At round 23 average t_co: 0.3196833052346189 average t_cp: 0.2938710524207245 t: 0.499002392236906
At round 23 average e_co: 0.0015875685485755393 average e_cp: 0.0006817573443076465 e: 0.0022693258928831858
At round 23 a_n: 19.894335203468554
At round 23 local rounds: 13.611883101231195
At round 23 global rounds: 33.830071258808914
At round 23 tau: 4.27485526375346
At round 23 accuracy: 0.8534883720930233
At round 23 training accuracy: 0.8604513064133017
At round 23 training loss: 0.21480916296017613
At round 23 test loss: 0.4070180772085378
gradient difference: 0.5835005044937134
ground = 24 remain_eps = 0.24019938461783458	remain_tau = 3.7758528715165536
update_location
xs = [-205.329524  325.329524 -310.329524 -255.552568 -105.552568   -5.552568  305.552568 -105.329524  405.552568  350.329524]
ys = [-225.329524  280.329524 -325.329524  407.766086  337.766086  287.766086  107.233914 -125.329524   57.233914  310.329524]
dists_uav = [610.418224 171.310073 753.53866  502.776536 342.390454 238.420009 184.004171 471.67637  280.614784 201.887069]
uav_gains = [7.956487e-13 7.240964e-11 4.858246e-13 1.273778e-12 4.292985e-12 2.759388e-11 6.094315e-11 1.499822e-12 1.219161e-11 4.796321e-11]
dists_bs = [342.934518 845.430934 356.109799 943.051633 844.389342 787.785655 679.775991 389.194391 689.189756 882.816353]
bs_gains = [3.651833e-11 3.342439e-12 3.304632e-11 2.502082e-12 3.353376e-12 4.030317e-12 5.957323e-12 2.611434e-11 5.744109e-12 2.980328e-12]
At round 24 optimal eta: 0.41193339348085684
At round 24 optimal freqs: [6.251884e+07 7.587026e+07 8.366516e+07 2.537902e+08 1.314105e+08 1.404527e+08 1.556326e+08 6.755876e+07 1.033950e+08 8.884898e+07]
At round 24 optimal decs: [0 1 0 0 0 1 1 0 1 1]
At round 24 optimal powers: [0.000119 0.000224 0.000231 0.004548 0.001287 0.001148 0.000885 0.000138 0.000651 0.000398]
At round 24 t_co: [0.282658 0.12839  0.19496  0.154535 0.284287 0.095098 0.077871 0.323131 0.190322 0.118738]
At round 24 e_co: [3.368882e-05 2.877929e-05 4.502483e-05 7.027762e-04 3.660051e-04 1.091906e-04 6.887777e-05 4.475149e-05 1.239256e-04 4.723531e-05]
At round 24 t_cp: [0.158939 0.145322 0.208249 0.270317 0.117049 0.197705 0.293871 0.179319 0.105319 0.116434]
At round 24 e_cp: [3.883853e-06 6.346676e-06 1.219600e-05 4.418741e-04 2.656178e-05 5.477826e-05 1.107794e-04 5.529319e-06 1.164146e-05 8.166514e-06]
At round 24 average t_co: 0.32313076521612955 average t_cp: 0.2938710524207245 t: 0.5024498522184166
At round 24 average e_co: 0.0015702549786235104 average e_cp: 0.0006817573443076465 e: 0.0022520123229311565
At round 24 a_n: 19.894335203468554
At round 24 local rounds: 13.611883101231195
At round 24 global rounds: 33.830071258808914
At round 24 tau: 3.7758528715165536
At round 24 accuracy: 0.858139534883721
At round 24 training accuracy: 0.8616389548693587
At round 24 training loss: 0.20843849855955165
At round 24 test loss: 0.6032765244675237
gradient difference: 0.5893877148628235
ground = 25 remain_eps = 0.30182998758473367	remain_tau = 3.273403019298137
update_location
xs = [-202.218254  322.218254 -307.218254 -251.617258 -101.617258   -1.617258  301.617258 -102.218254  401.617258  347.218254]
ys = [-222.218254  277.218254 -322.218254  405.798007  335.798007  285.798007  109.201993 -122.218254   59.201993  307.218254]
dists_uav = [606.082922 167.96199  749.180214 498.476727 338.204301 234.475791 180.560974 467.385501 276.596308 198.192427]
uav_gains = [8.092053e-13 7.586796e-11 4.924190e-13 1.301611e-12 4.536376e-12 2.951088e-11 6.382664e-11 1.536193e-12 1.322094e-11 5.041797e-11]
dists_bs = [343.591212 841.363666 354.949862 940.096417 841.952716 785.799671 679.779405 391.366349 688.47897  878.72739 ]
bs_gains = [3.633366e-11 3.385428e-12 3.333327e-11 2.522979e-12 3.379155e-12 4.057366e-12 5.957243e-12 2.573205e-11 5.759838e-12 3.017220e-12]
At round 25 optimal eta: 0.41193339348085684
At round 25 optimal freqs: [6.251884e+07 7.587026e+07 8.366516e+07 2.537902e+08 1.314105e+08 1.404527e+08 1.556326e+08 6.755876e+07 1.033950e+08 8.884898e+07]
At round 25 optimal decs: [0 1 0 0 0 1 1 0 1 1]
At round 25 optimal powers: [0.000119 0.000224 0.000231 0.004548 0.001287 0.001148 0.000885 0.000138 0.000651 0.000398]
At round 25 t_co: [0.283675 0.12548  0.193928 0.153832 0.282749 0.092566 0.076635 0.326669 0.181267 0.115996]
At round 25 e_co: [3.380999e-05 2.812681e-05 4.478647e-05 6.995759e-04 3.640247e-04 1.062835e-04 6.778450e-05 4.524149e-05 1.180297e-04 4.614430e-05]
At round 25 t_cp: [0.158939 0.145322 0.208249 0.270317 0.117049 0.197705 0.293871 0.179319 0.105319 0.116434]
At round 25 e_cp: [3.883853e-06 6.346676e-06 1.219600e-05 4.418741e-04 2.656178e-05 5.477826e-05 1.107794e-04 5.529319e-06 1.164146e-05 8.166514e-06]
At round 25 average t_co: 0.32666888461740373 average t_cp: 0.2938710524207245 t: 0.5059879716196909
At round 25 average e_co: 0.0015538074306108178 average e_cp: 0.0006817573443076465 e: 0.0022355647749184642
At round 25 a_n: 19.894335203468554
At round 25 local rounds: 13.611883101231195
At round 25 global rounds: 33.830071258808914
At round 25 tau: 3.273403019298137
At round 25 accuracy: 0.8558139534883721
At round 25 training accuracy: 0.8634204275534442
At round 25 training loss: 0.20123113107470084
At round 25 test loss: 0.5594999089501365
gradient difference: 0.5231297612190247
ground = 26 remain_eps = 0.37927383348773286	remain_tau = 2.767415047678446
update_location
xs = [-199.106984  319.106984 -304.106984 -247.681949  -97.681949    2.318051  297.681949  -99.106984  397.681949  344.106984]
ys = [-219.106984  274.106984 -319.106984  403.829927  333.829927  283.829927  111.170073 -119.106984   61.170073  304.106984]
dists_uav = [601.748559 164.663413 744.822255 494.178681 334.023644 230.54807  177.160143 463.09668  272.589616 194.527139]
uav_gains = [8.231062e-13 7.948833e-11 4.991433e-13 1.330423e-12 4.803928e-12 3.148623e-11 6.683054e-11 1.574053e-12 1.433774e-11 5.295685e-11]
dists_bs = [344.302886 837.299761 353.840841 937.152541 839.532078 783.833355 679.811298 393.575512 687.795597 874.641446]
bs_gains = [3.613498e-11 3.429146e-12 3.361085e-11 2.544036e-12 3.405036e-12 4.084394e-12 5.956503e-12 2.535106e-11 5.775015e-12 3.054716e-12]
At round 26 optimal eta: 0.41193339348085684
At round 26 optimal freqs: [6.251884e+07 7.587026e+07 8.366516e+07 2.537902e+08 1.314105e+08 1.404527e+08 1.556326e+08 6.755876e+07 1.033950e+08 8.884898e+07]
At round 26 optimal decs: [0 1 0 0 0 1 1 0 1 1]
At round 26 optimal powers: [0.000119 0.000224 0.000231 0.004548 0.001287 0.001148 0.000885 0.000138 0.000651 0.000398]
At round 26 t_co: [0.28478  0.122676 0.192945 0.153133 0.281227 0.090232 0.07544  0.330298 0.172826 0.113396]
At round 26 e_co: [3.394169e-05 2.749834e-05 4.455955e-05 6.964000e-04 3.620658e-04 1.036041e-04 6.672764e-05 4.574415e-05 1.125336e-04 4.511025e-05]
At round 26 t_cp: [0.158939 0.145322 0.208249 0.270317 0.117049 0.197705 0.293871 0.179319 0.105319 0.116434]
At round 26 e_cp: [3.883853e-06 6.346676e-06 1.219600e-05 4.418741e-04 2.656178e-05 5.477826e-05 1.107794e-04 5.529319e-06 1.164146e-05 8.166514e-06]
At round 26 average t_co: 0.33029832544653254 average t_cp: 0.2938710524207245 t: 0.5096174124488196
At round 26 average e_co: 0.0015381851228163023 average e_cp: 0.0006817573443076465 e: 0.002219942467123949
At round 26 a_n: 19.894335203468554
At round 26 local rounds: 13.611883101231195
At round 26 global rounds: 33.830071258808914
At round 26 tau: 2.767415047678446
At round 26 accuracy: 0.8558139534883721
At round 26 training accuracy: 0.8640142517814727
At round 26 training loss: 0.20728861819053113
At round 26 test loss: 0.40848047887011213
gradient difference: 0.7364937663078308
ground = 27 remain_eps = 0.4765883003195547	remain_tau = 2.2577976352296263
update_location
xs = [-195.995714  315.995714 -300.995714 -243.746639  -93.746639    6.253361  293.746639  -95.995714  393.746639  340.995714]
ys = [-215.995714  270.995714 -315.995714  401.861847  331.861847  281.861847  113.138153 -115.995714   63.138153  300.995714]
dists_uav = [597.415156 161.417374 740.464794 489.882446 329.848694 226.637703 173.804162 458.809964 268.595233 190.892895]
uav_gains = [8.373636e-13 8.327839e-11 5.060010e-13 1.360270e-12 5.098579e-12 3.351652e-11 6.996304e-11 1.613498e-12 1.554376e-11 5.558894e-11]
dists_bs = [345.069202 833.239271 352.783216 934.220111 837.127568 781.886854 679.871666 395.821258 687.13972  870.558563]
bs_gains = [3.592271e-11 3.473608e-12 3.387853e-11 2.565253e-12 3.431016e-12 4.111395e-12 5.955101e-12 2.497169e-11 5.789635e-12 3.092829e-12]
At round 27 optimal eta: 0.41193339348085684
At round 27 optimal freqs: [6.251884e+07 7.587026e+07 8.366516e+07 2.537902e+08 1.314105e+08 1.404527e+08 1.556326e+08 6.755876e+07 1.033950e+08 8.884898e+07]
At round 27 optimal decs: [0 1 0 0 0 1 1 0 1 1]
At round 27 optimal powers: [0.000119 0.000224 0.000231 0.004548 0.001287 0.001148 0.000885 0.000138 0.000651 0.000398]
At round 27 t_co: [0.285973 0.119974 0.192012 0.15244  0.279722 0.088077 0.074283 0.33402  0.164987 0.110923]
At round 27 e_co: [3.408395e-05 2.689277e-05 4.434404e-05 6.932486e-04 3.601281e-04 1.011295e-04 6.570431e-05 4.625954e-05 1.074291e-04 4.412632e-05]
At round 27 t_cp: [0.158939 0.145322 0.208249 0.270317 0.117049 0.197705 0.293871 0.179319 0.105319 0.116434]
At round 27 e_cp: [3.883853e-06 6.346676e-06 1.219600e-05 4.418741e-04 2.656178e-05 5.477826e-05 1.107794e-04 5.529319e-06 1.164146e-05 8.166514e-06]
At round 27 average t_co: 0.3340197603895517 average t_cp: 0.2938710524207245 t: 0.5133388473918388
At round 27 average e_co: 0.0015233462042656297 average e_cp: 0.0006817573443076465 e: 0.002205103548573276
At round 27 a_n: 19.894335203468554
At round 27 local rounds: 13.611883101231195
At round 27 global rounds: 33.830071258808914
At round 27 tau: 2.2577976352296263
At round 27 accuracy: 0.858139534883721
At round 27 training accuracy: 0.8652019002375297
At round 27 training loss: 0.20017394567777122
At round 27 test loss: 0.5648691015715112
gradient difference: 0.5212047696113586
ground = 28 remain_eps = 0.5988718122544261	remain_tau = 1.7444587878377875
update_location
xs = [-192.884445  312.884445 -297.884445 -239.811329  -89.811329   10.188671  289.811329  -92.884445  389.811329  337.884445]
ys = [-212.884445  267.884445 -312.884445  399.893767  329.893767  279.893767  115.106233 -112.884445   65.106233  297.884445]
dists_uav = [593.082734 158.227108 736.10784  485.588069 325.679669 222.745604 170.495681 454.525413 264.613718 187.291502]
uav_gains = [8.519902e-13 8.724479e-11 5.129957e-13 1.391207e-12 5.423604e-12 3.559979e-11 7.323190e-11 1.654635e-12 1.683948e-11 5.832384e-11]
dists_bs = [345.889796 829.182245 351.777449 931.299236 834.739325 779.960318 679.960502 398.102968 686.511418 866.478785]
bs_gains = [3.569731e-11 3.518828e-12 3.413582e-11 2.586628e-12 3.457090e-12 4.138361e-12 5.953040e-12 2.459420e-11 5.803687e-12 3.131569e-12]
At round 28 optimal eta: 0.41193339348085684
At round 28 optimal freqs: [6.251884e+07 7.587026e+07 8.366516e+07 2.537902e+08 1.314105e+08 1.404527e+08 1.556326e+08 6.755876e+07 1.033950e+08 8.884898e+07]
At round 28 optimal decs: [0 1 0 0 0 1 1 0 1 1]
At round 28 optimal powers: [0.000119 0.000224 0.000231 0.004548 0.001287 0.001148 0.000885 0.000138 0.000651 0.000398]
At round 28 t_co: [0.287256 0.117371 0.191128 0.151753 0.278234 0.086082 0.073161 0.337834 0.15773  0.108561]
At round 28 e_co: [3.423682e-05 2.630924e-05 4.413989e-05 6.901215e-04 3.582117e-04 9.883820e-05 6.471222e-05 4.678777e-05 1.027041e-04 4.318675e-05]
At round 28 t_cp: [0.158939 0.145322 0.208249 0.270317 0.117049 0.197705 0.293871 0.179319 0.105319 0.116434]
At round 28 e_cp: [3.883853e-06 6.346676e-06 1.219600e-05 4.418741e-04 2.656178e-05 5.477826e-05 1.107794e-04 5.529319e-06 1.164146e-05 8.166514e-06]
At round 28 average t_co: 0.33783387250908836 average t_cp: 0.2938710524207245 t: 0.5171529595113755
At round 28 average e_co: 0.001509248167749879 average e_cp: 0.0006817573443076465 e: 0.0021910055120575255
At round 28 a_n: 19.894335203468554
At round 28 local rounds: 13.611883101231195
At round 28 global rounds: 33.830071258808914
At round 28 tau: 1.7444587878377875
At round 28 accuracy: 0.858139534883721
At round 28 training accuracy: 0.8663895486935868
At round 28 training loss: 0.18904532036277294
At round 28 test loss: 0.39743125038564403
gradient difference: 0.35450249910354614
ground = 29 remain_eps = 0.752530952338582	remain_tau = 1.227305828326412
update_location
xs = [-189.773175  309.773175 -294.773175 -235.87602   -85.87602    14.12398   285.87602   -89.773175  385.87602   334.773175]
ys = [-209.773175  264.773175 -309.773175  397.925688  327.925688  277.925688  117.074312 -109.773175   67.074312  294.773175]
dists_uav = [588.751314 155.096058 731.7514   481.2956   321.5168   218.872748 167.23752  450.243089 260.645661 183.724893]
uav_gains = [8.669996e-13 9.139295e-11 5.201308e-13 1.423299e-12 5.782630e-12 3.773574e-11 7.664425e-11 1.697580e-12 1.822406e-11 6.117150e-11]
dists_bs = [346.764283 825.128735 350.823987 928.390024 832.367488 778.053894 680.077794 400.420027 685.910765 862.402155]
bs_gains = [3.545925e-11 3.564823e-12 3.438222e-11 2.608163e-12 3.483257e-12 4.165287e-12 5.950319e-12 2.421886e-11 5.817165e-12 3.170951e-12]
At round 29 optimal eta: 0.41193339348085684
At round 29 optimal freqs: [6.251884e+07 7.587026e+07 8.366516e+07 2.537902e+08 1.314105e+08 1.404527e+08 1.556326e+08 6.755876e+07 1.033950e+08 8.884898e+07]
At round 29 optimal decs: [0 1 0 0 0 1 1 0 1 1]
At round 29 optimal powers: [0.000119 0.000224 0.000231 0.004548 0.001287 0.001148 0.000885 0.000138 0.000651 0.000398]
At round 29 t_co: [0.288628 0.114863 0.190293 0.15107  0.276762 0.084228 0.072073 0.341741 0.151034 0.106299]
At round 29 e_co: [3.440031e-05 2.574708e-05 4.394708e-05 6.870186e-04 3.563165e-04 9.670968e-05 6.374965e-05 4.732893e-05 9.834378e-05 4.228671e-05]
At round 29 t_cp: [0.158939 0.145322 0.208249 0.270317 0.117049 0.197705 0.293871 0.179319 0.105319 0.116434]
At round 29 e_cp: [3.883853e-06 6.346676e-06 1.219600e-05 4.418741e-04 2.656178e-05 5.477826e-05 1.107794e-04 5.529319e-06 1.164146e-05 8.166514e-06]
At round 29 average t_co: 0.3417413549408836 average t_cp: 0.2938710524207245 t: 0.5210604419431707
At round 29 average e_co: 0.0014958483093942686 average e_cp: 0.0006817573443076465 e: 0.002177605653701915
At round 29 a_n: 19.894335203468554
At round 29 local rounds: 13.611883101231195
At round 29 global rounds: 33.830071258808914
At round 29 tau: 1.227305828326412
At round 29 accuracy: 0.858139534883721
At round 29 training accuracy: 0.8675771971496437
At round 29 training loss: 0.18802371053460187
At round 29 test loss: 0.3940052227504509
gradient difference: 0.6227660179138184
ground = 30 remain_eps = 0.9456161112271949	remain_tau = 0.7062453863832413
update_location
xs = [-186.661905  306.661905 -291.661905 -231.94071   -81.94071    18.05929   281.94071   -86.661905  381.94071   331.661905]
ys = [-206.661905  261.661905 -306.661905  395.957608  325.957608  275.957608  119.042392 -106.661905   69.042392  291.661905]
dists_uav = [584.420918 152.02788  727.395484 477.005091 317.360329 215.020175 164.032675 445.963057 256.691685 180.195133]
uav_gains = [8.824059e-13 9.572675e-11 5.274103e-13 1.456612e-12 6.179652e-12 3.992581e-11 8.020645e-11 1.742461e-12 1.969527e-11 6.414206e-11]
dists_bs = [347.692256 821.078791 349.923257 925.492587 830.012199 776.167731 680.223527 402.771825 685.337836 858.32872 ]
bs_gains = [3.520900e-11 3.611609e-12 3.461725e-11 2.629858e-12 3.509512e-12 4.192164e-12 5.946942e-12 2.384591e-11 5.830061e-12 3.210986e-12]
At round 30 optimal eta: 0.41193339348085684
At round 30 optimal freqs: [6.251884e+07 7.587026e+07 8.366516e+07 2.537902e+08 1.314105e+08 1.404527e+08 1.556326e+08 6.755876e+07 1.033950e+08 8.884898e+07]
At round 30 optimal decs: [0 1 0 0 0 1 1 0 1 1]
At round 30 optimal powers: [0.000119 0.000224 0.000231 0.004548 0.001287 0.001148 0.000885 0.000138 0.000651 0.000398]
At round 30 t_co: [0.290089 0.112448 0.189507 0.150393 0.275306 0.082499 0.071017 0.345743 0.14487  0.104125]
At round 30 e_co: [3.457448e-05 2.520582e-05 4.376558e-05 6.839400e-04 3.544423e-04 9.472500e-05 6.281526e-05 4.788312e-05 9.433041e-05 4.142222e-05]
At round 30 t_cp: [0.158939 0.145322 0.208249 0.270317 0.117049 0.197705 0.293871 0.179319 0.105319 0.116434]
At round 30 e_cp: [3.883853e-06 6.346676e-06 1.219600e-05 4.418741e-04 2.656178e-05 5.477826e-05 1.107794e-04 5.529319e-06 1.164146e-05 8.166514e-06]
At round 30 average t_co: 0.34574291058874823 average t_cp: 0.2938710524207245 t: 0.5250619975910353
At round 30 average e_co: 0.0014831042078436833 average e_cp: 0.0006817573443076465 e: 0.0021648615521513296
At round 30 a_n: 19.894335203468554
At round 30 local rounds: 13.611883101231195
At round 30 global rounds: 33.830071258808914
At round 30 tau: 0.7062453863832413
At round 30 accuracy: 0.8627906976744186
At round 30 training accuracy: 0.8681710213776722
At round 30 training loss: 0.18650871399769403
At round 30 test loss: 0.4318811206580248
gradient difference: 0.44018539786338806
ground = 31 remain_eps = 1.1882432570163903	remain_tau = 0.18118338879220597
update_location
xs = [-183.550635  303.550635 -288.550635 -228.0054    -78.0054     21.9946    278.0054    -83.550635  378.0054    328.550635]
ys = [-203.550635  258.550635 -303.550635  393.989528  323.989528  273.989528  121.010472 -103.550635   71.010472  288.550635]
dists_uav = [580.09157  149.026459 723.040103 472.716594 313.210512 211.188995 160.884335 441.685381 252.752452 176.704429]
uav_gains = [8.982239e-13 1.002482e-10 5.348380e-13 1.491220e-12 6.619031e-12 4.217313e-11 8.392384e-11 1.789420e-12 2.124965e-11 6.724573e-11]
dists_bs = [348.673288 817.032468 349.075668 922.607034 827.673598 774.301977 680.397684 405.157756 684.7927   854.258523]
bs_gains = [3.494709e-11 3.659202e-12 3.484044e-11 2.651711e-12 3.535851e-12 4.218986e-12 5.942909e-12 2.347559e-11 5.842367e-12 3.251688e-12]
Model saved in /Volumes/Research/code/fedcom-torch/models/mnist/s3
