Arguments:
	      dataset : mnist
	learning_rate : 0.01
	        model : mclr
	 model_params : (784, 10)
	        optim : 1
	      sce_idx : 3
	          tau : 12.0
['f_00000', 'f_00001', 'f_00002', 'f_00003', 'f_00004', 'f_00005', 'f_00006', 'f_00007', 'f_00008', 'f_00009']
10
dict_keys(['x', 'y'])
id = f_00000, model = <class 'flearn.models.mnist.mclr.Model'>, device = cuda, num_samples = 73
id = f_00001, model = <class 'flearn.models.mnist.mclr.Model'>, device = cuda, num_samples = 81
id = f_00002, model = <class 'flearn.models.mnist.mclr.Model'>, device = cuda, num_samples = 128
id = f_00003, model = <class 'flearn.models.mnist.mclr.Model'>, device = cuda, num_samples = 504
id = f_00004, model = <class 'flearn.models.mnist.mclr.Model'>, device = cuda, num_samples = 113
id = f_00005, model = <class 'flearn.models.mnist.mclr.Model'>, device = cuda, num_samples = 204
id = f_00006, model = <class 'flearn.models.mnist.mclr.Model'>, device = cuda, num_samples = 336
id = f_00007, model = <class 'flearn.models.mnist.mclr.Model'>, device = cuda, num_samples = 89
id = f_00008, model = <class 'flearn.models.mnist.mclr.Model'>, device = cuda, num_samples = 80
id = f_00009, model = <class 'flearn.models.mnist.mclr.Model'>, device = cuda, num_samples = 76
BaseFederated generated!
num_samples = [ 73  81 128 504 113 204 336  89  80  76]
msize = 300240
xs = [-280.  400. -385. -350. -200. -100.  400. -180.  500.  425.]
ys = [-300.  355. -400.  455.  385.  335.   60. -200.   10.  385.]
dists_uav = [714.702735 261.199158 858.268606 606.403331 444.100214 336.489227 274.954542 575.152154 379.605058 296.395007]
uav_gains = [5.494875e-13 1.802536e-11 3.593089e-13 8.081917e-13 1.762643e-12 4.643011e-12 1.366745e-11 9.167988e-13 2.857829e-12 8.947599e-12]
dists_bs = [ 344.093011  943.941206  397.775062 1017.116021  907.317475  840.966706  688.186021  349.857114  714.212853  981.758626]
bs_gains = [3.619341e-11 2.495838e-12 2.464796e-11 2.047806e-12 2.771778e-12 3.389665e-12 5.766337e-12 3.463460e-11 5.226094e-12 2.249096e-12]
v = 14.728130493592673 a_0 = 14.091616720954645
SystemModel __init__!
solve_bound_eta tau = 12.0
af = [0.109289 0.121266 0.19163  0.754542 0.169173 0.30541  0.503028 0.133243 0.119769 0.11378 ]
bf = [0.430706 0.479744 0.456424 0.741497 0.68959  0.615731 0.502434 0.433505 0.600925 0.5416  ]
tmp = [-1.164886e-44 -5.462836e-40 -4.317919e-25 -5.265043e-06 -6.534630e-28 -2.545712e-15 -2.825189e-09 -1.796340e-36 -4.639856e-40 -1.935745e-42]
w0 = [-1.164886e-44+0.j -5.462836e-40+0.j -4.317919e-25+0.j -5.265071e-06+0.j -6.534630e-28+0.j -2.545712e-15+0.j -2.825189e-09+0.j -1.796340e-36+0.j -4.639856e-40+0.j -1.935745e-42+0.j]
w_1 = [-105.822887+0.j  -94.95888 +0.j  -60.199518+0.j  -14.852596+0.j  -66.796924+0.j  -37.221246+0.j  -22.811976+0.j  -86.77058 +0.j  -95.123901+0.j -100.659828+0.j]
xs_min = [-105.859788  -95.000113  -60.238951  -14.920967  -66.857006  -37.275373  -22.856706  -86.807803  -95.175821 -100.706475]
xs_max = [-0.036901 -0.041234 -0.039432 -0.068376 -0.060082 -0.054127 -0.04473  -0.037223 -0.05192  -0.046647]
solve_bound_eta x_min = -14.92096672097234	x_max = -0.06837608247618832
solve_bound_eta eta_min = 3.3105983054435114e-07	eta_max = 0.9339091806466039
af = 2.016903237681796	bf = 0.5492156215132258	zeta = 2.037072270058614	eta = 0.9900990099009902
af = 2.016903237681796	bf = 0.5492156215132258	zeta = 57.497732078726095	eta = 0.035077961595428586
af = 2.016903237681796	bf = 0.5492156215132258	zeta = 7.571812745519118	eta = 0.26636993088284816
af = 2.016903237681796	bf = 0.5492156215132258	zeta = 4.385472961470878	eta = 0.45990552339543583
af = 2.016903237681796	bf = 0.5492156215132258	zeta = 3.917487448774785	eta = 0.5148461262620238
af = 2.016903237681796	bf = 0.5492156215132258	zeta = 3.8919855757483046	eta = 0.5182196075570012
af = 2.016903237681796	bf = 0.5492156215132258	zeta = 3.891896486606453	eta = 0.5182314700873349
eta = 0.5182314700873349
opt_as = [0.208111 0.208111 0.208111 0.208111 0.208111 0.208111 0.208111 0.208111 0.208111 0.208111]
opt_bs = [9048.353179  623.959564 6161.990667  511.951403  692.944528  847.416125 1441.584338 8658.649719 1306.523561  562.274031]
opt_cs = [10196019.213589 11313391.182201 17877951.497799 70394434.022585 15782879.056651 28492985.199618 46929622.681724 12430763.150814 11173719.686125 10615033.701818]
opt_tau = [0.41026 0.41026 0.41026 0.41026 0.41026 0.41026 0.41026 0.41026 0.41026 0.41026]
iter = 17 converged! (z, t) = (1.2466004813836429, 14.792933318003595)
iter = 18 converged! (z, t) = (1.5712451629224373, 7.360044474376224)
iter = 12 converged! (z, t) = (1.0274980812252676, 10.987083418791546)
iter = 8 converged! (z, t) = (0.7562912173033194, 3.592152513231856)
iter = 11 converged! (z, t) = (1.434902813077069, 7.073572429203465)
iter = 8 converged! (z, t) = (1.1278786764017723, 6.160684337861578)
iter = 14 converged! (z, t) = (0.7849169620064801, 5.26128723539014)
iter = 12 converged! (z, t) = (1.1556915014792994, 13.655488758131431)
iter = 17 converged! (z, t) = (1.4879792071531999, 9.002873309982196)
iter = 10 converged! (z, t) = (1.6028982062217776, 7.2236917416385165)
opt_freqs = [6.759985e+07 1.358687e+08 9.101597e+07 2.783846e+08 1.413713e+08 1.623196e+08 1.900676e+08 7.323063e+07 1.110756e+08 1.384334e+08]
opt_powers = [0.000136 0.001426 0.000267 0.005375 0.001454 0.001684 0.001786 0.000159 0.000733 0.00154 ]
bs_ene = [0.001168 0.014249 0.002104 0.040703 0.013623 0.013756 0.013494 0.001313 0.007046 0.015625]
opt_as = [0.208111 0.208111 0.208111 0.208111 0.208111 0.208111 0.208111 0.208111 0.208111 0.208111]
opt_bs = [ 137.371869 4506.34093    89.827233  202.04792   440.660857 1160.752682 3416.861729  229.199698  714.457246 2236.899695]
opt_cs = [10196019.213589 11313391.182201 17877951.497799 70394434.022585 15782879.056651 28492985.199618 46929622.681724 12430763.150814 11173719.686125 10615033.701818]
opt_tau = [0.41026 0.41026 0.41026 0.41026 0.41026 0.41026 0.41026 0.41026 0.41026 0.41026]
iter = 11 converged! (z, t) = (1.7354100180922971, 4.815862894962708)
iter = 13 converged! (z, t) = (1.307494677256919, 12.211750480687398)
iter = 11 converged! (z, t) = (1.6299424701730252, 3.974254866284544)
iter = 10 converged! (z, t) = (0.9085299700556863, 3.1420816398805935)
iter = 11 converged! (z, t) = (1.4942996602238974, 6.290375138168323)
iter = 13 converged! (z, t) = (1.0741358914800214, 6.553217386722252)
iter = 14 converged! (z, t) = (0.6545428586780181, 5.839434246120876)
iter = 11 converged! (z, t) = (1.6446411556364942, 5.469703186664191)
iter = 13 converged! (z, t) = (1.560396811088147, 7.654095564129392)
iter = 13 converged! (z, t) = (1.4373652285720968, 10.469009023145466)
opt_freqs = [2.076471e+08 8.188834e+07 2.516195e+08 3.182603e+08 1.589730e+08 1.525968e+08 1.712495e+08 1.828253e+08 1.306490e+08 9.552002e+07]
opt_powers = [0.005673 0.000255 0.009428 0.009929 0.002162 0.001324 0.001056 0.003651 0.001257 0.000449]
uav_ene = [0.061215 0.002251 0.096856 0.075769 0.020832 0.010598 0.008233 0.037767 0.012498 0.004215]
optimize_network iter = 0 obj = 0.091253491196157
solve_bound_eta tau = 12.0
af = [3.233405 2.961733 4.210904 5.420861 2.393317 4.002835 5.874799 3.638985 2.156523 2.382331]
bf = [3.655797 3.834377 3.013255 2.21791  4.208015 3.150025 1.919521 3.389197 4.363668 4.215237]
tmp = [-0.281041 -0.257198 -0.33725  -0.364265 -0.193302 -0.328564 -0.367273 -0.309418 -0.161277 -0.191881]
w0 = [-0.433585+0.j -0.373755+0.j -0.638858+0.j -0.86597 +0.j -0.247614+0.j -0.596727+0.j -0.943648+0.j -0.520937+0.j -0.196247+0.j -0.2452  +0.j]
w_1 = [-1.92329 +0.j -2.099709+0.j -1.476827+0.j -1.147194+0.j -2.598393+0.j -1.553593+0.j -1.058552+0.j -1.708932+0.j -2.883706+0.j -2.610375+0.j]
xs_min = [-2.147039 -2.383288 -1.495303 -0.938557 -3.008113 -1.6142   -0.772236 -1.845329 -3.344792 -3.022508]
xs_max = [-0.657333 -0.657333 -0.657333 -0.657333 -0.657333 -0.657333 -0.657333 -0.657333 -0.657333 -0.657333]
solve_bound_eta x_min = -0.7722363253214304	x_max = -0.6573332830814718
solve_bound_eta eta_min = 0.46197877739894266	eta_max = 0.5182314700873346
af = 0.017970135189707744	bf = 0.03215069234130241	zeta = 0.018149836541604823	eta = 0.9900990099009901
af = 0.017970135189707744	bf = 0.03215069234130241	zeta = 3.2652796143235294	eta = 0.005503398579061852
af = 0.017970135189707744	bf = 0.03215069234130241	zeta = 0.12633359828653906	eta = 0.14224351584563769
af = 0.017970135189707744	bf = 0.03215069234130241	zeta = 0.07833961853359793	eta = 0.2293875758662368
af = 0.017970135189707744	bf = 0.03215069234130241	zeta = 0.07605493957076538	eta = 0.23627834419600607
af = 0.017970135189707744	bf = 0.03215069234130241	zeta = 0.0760447343617183	eta = 0.2363100527674944
eta = 0.2363100527674944
opt_as = [0.208111 0.208111 0.208111 0.208111 0.208111 0.208111 0.208111 0.208111 0.208111 0.208111]
opt_bs = [9048.353179  623.959564 6161.990667  511.951403  692.944528  847.416125 1441.584338 8658.649719 1306.523561  562.274031]
opt_cs = [11978301.742911 13290992.344874 21003049.631406 82699507.923663 18541754.752726 33473610.350054 55133005.282442 14603682.946837 13126906.019629 12470560.718648]
opt_tau = [0.458163 0.458163 0.458163 0.458163 0.458163 0.458163 0.458163 0.458163 0.458163 0.458163]
iter = 16 converged! (z, t) = (1.3120619602213601, 15.453686832103655)
iter = 11 converged! (z, t) = (1.7004948141591874, 7.84531072425449)
iter = 15 converged! (z, t) = (1.0606827916363708, 11.304242713881685)
iter = 12 converged! (z, t) = (0.7624983649309818, 3.6212897905704082)
iter = 13 converged! (z, t) = (1.5351982064698741, 7.478899805977072)
iter = 14 converged! (z, t) = (1.1747606772225623, 6.383618666748991)
iter = 16 converged! (z, t) = (0.793259505337444, 5.315820634576759)
iter = 17 converged! (z, t) = (1.206676994359944, 14.17728963352896)
iter = 12 converged! (z, t) = (1.599053421396705, 9.551602222416152)
iter = 11 converged! (z, t) = (1.7392538711956815, 7.71463287357242)
opt_freqs = [6.470948e+07 1.274647e+08 8.846236e+07 2.761447e+08 1.337095e+08 1.566510e+08 1.881177e+08 7.053534e+07 1.046945e+08 1.296238e+08]
opt_powers = [0.000126 0.001283 0.000254 0.005297 0.001325 0.001584 0.001753 0.000149 0.000665 0.001382]
bs_ene = [0.001035 0.012457 0.001901 0.038531 0.011956 0.012296 0.012691 0.001171 0.006174 0.01365 ]
opt_as = [0.208111 0.208111 0.208111 0.208111 0.208111 0.208111 0.208111 0.208111 0.208111 0.208111]
opt_bs = [ 137.371869 4506.34093    89.827233  202.04792   440.660857 1160.752682 3416.861729  229.199698  714.457246 2236.899695]
opt_cs = [11978301.742911 13290992.344874 21003049.631406 82699507.923663 18541754.752726 33473610.350054 55133005.282442 14603682.946837 13126906.019629 12470560.718648]
opt_tau = [0.458163 0.458163 0.458163 0.458163 0.458163 0.458163 0.458163 0.458163 0.458163 0.458163]
iter = 10 converged! (z, t) = (1.903254796089964, 5.182327425663265)
iter = 16 converged! (z, t) = (1.3835275780723664, 12.808387316464112)
iter = 9 converged! (z, t) = (1.7724921420554143, 4.251219025602715)
iter = 10 converged! (z, t) = (0.9280392878672881, 3.204711667206743)
iter = 15 converged! (z, t) = (1.6068167502535293, 6.675061559025201)
iter = 9 converged! (z, t) = (1.1134470575068112, 6.764814734463352)
iter = 12 converged! (z, t) = (0.6545398424579458, 5.839445631444289)
iter = 12 converged! (z, t) = (1.7905919260029313, 5.856180885401303)
iter = 16 converged! (z, t) = (1.687045503048419, 8.156598943169895)
iter = 12 converged! (z, t) = (1.538434572554631, 11.065934190231316)
opt_freqs = [1.929635e+08 7.807384e+07 2.352266e+08 3.120406e+08 1.498114e+08 1.478237e+08 1.712491e+08 1.707598e+08 1.226001e+08 9.036743e+07]
opt_powers = [0.005031 0.000235 0.008438 0.009589 0.001959 0.001253 0.001056 0.003264 0.001132 0.000409]
uav_ene = [0.053364 0.001986 0.084571 0.069597 0.018248 0.009523 0.008002 0.032968 0.010929 0.003699]
optimize_network iter = 1 obj = 0.08397790151179708
solve_bound_eta tau = 12.0
af = [3.377831 3.106436 4.332459 5.464832 2.530458 4.132083 5.874811 3.778037 2.287964 2.518168]
bf = [3.847771 4.057352 3.110573 2.236113 4.502143 3.26531  1.919512 3.538717 4.689406 4.511634]
tmp = [-0.317976 -0.29957  -0.35592  -0.367841 -0.24499  -0.350727 -0.367273 -0.338275 -0.214811 -0.243568]
w0 = [-0.55253 +0.j -0.488033+0.j -0.764449+0.j -0.985697+0.j -0.346413+0.j -0.721959+0.j -0.943647+0.j -0.644291+0.j -0.285907+0.j -0.343347+0.j]
w_1 = [-1.641214+0.j -1.7846  +0.j -1.279584+0.j -1.01444 +0.j -2.190807+0.j -1.341634+0.j -1.058553+0.j -1.467361+0.j -2.423004+0.j -2.2015  +0.j]
xs_min = [-1.860921 -2.068803 -1.287372 -0.800979 -2.616631 -1.391912 -0.772236 -1.595306 -2.909333 -2.630389]
xs_max = [-0.772236 -0.772236 -0.772236 -0.772236 -0.772236 -0.772236 -0.657329 -0.772236 -0.772236 -0.772236]
solve_bound_eta x_min = -0.7722363253214353	x_max = -0.7722363253214306
solve_bound_eta eta_min = 0.4619787773989404	eta_max = 0.46197877739894255
Done!
af = 0.017517957212733904	bf = 0.031653890337748576	zeta = 0.017693136784861244	eta = 0.9900990099009901
af = 0.017517957212733904	bf = 0.031653890337748576	zeta = 3.214648180596576	eta = 0.005449416616870003
af = 0.017517957212733904	bf = 0.031653890337748576	zeta = 0.12363554694407354	eta = 0.14169029575821054
af = 0.017517957212733904	bf = 0.031653890337748576	zeta = 0.0767624247325988	eta = 0.22821005555462257
af = 0.017517957212733904	bf = 0.031653890337748576	zeta = 0.07454939772775764	eta = 0.23498455717518546
af = 0.017517957212733904	bf = 0.031653890337748576	zeta = 0.07453969467577788	eta = 0.23501514580829735
eta = 0.23501514580829735
At round 0 optimal eta: 0.4619787773989404
At round 0 optimal freqs: [6.470948e+07 7.807384e+07 8.846236e+07 2.761447e+08 1.337095e+08 1.478237e+08 1.712491e+08 7.053534e+07 1.046945e+08 9.036743e+07]
At round 0 optimal decs: [0 1 0 0 0 1 1 0 0 1]
At round 0 optimal powers: [0.000126 0.000235 0.000254 0.005297 0.001325 0.001253 0.001056 0.000149 0.000665 0.000409]
At round 0 t_co: [0.273054 0.287927 0.220739 0.158684 0.319491 0.23172  0.136217 0.251122 0.33278  0.320164]
At round 0 e_co: [3.448945e-05 6.773835e-05 5.613889e-05 8.405022e-04 4.233429e-04 2.904531e-04 1.438360e-04 3.742449e-05 2.213238e-04 1.310432e-04]
At round 0 t_cp: [0.185109 0.170236 0.237424 0.299479 0.138672 0.226443 0.321946 0.207041 0.125383 0.137998]
At round 0 e_cp: [5.015694e-06 8.101557e-06 1.643612e-05 6.306325e-04 3.314938e-05 7.314603e-05 1.616845e-04 7.265675e-06 1.438831e-05 1.018380e-05]
At round 0 average t_co: 0.33277982223070346 average t_cp: 0.3219461868449515 t: 0.4581628069412417
At round 0 average e_co: 0.0022462923143998317 average e_cp: 0.0009600036087401689 e: 0.0032062959231400003
At round 0 a_n: 14.091616720954645
At round 0 local rounds: 16.408632524536344
At round 0 global rounds: 26.191562951418213
At round 0 tau: 12.0
At round 0 accuracy: 0.08372093023255814
At round 0 training accuracy: 0.05997624703087886
At round 0 training loss: 2.429350526400813
At round 0 test loss: 2.360053951841916
gradient difference: 70.2931137084961
ground = 1 remain_eps = 0.001358215317032847	remain_tau = 11.541837193058758
update_location
xs = [-276.88873  396.88873 -381.88873 -346.06469 -196.06469  -96.06469  396.06469 -176.88873  496.06469  421.88873]
ys = [-296.88873  351.88873 -396.88873  453.03192  383.03192  333.03192   61.96808 -196.88873   11.96808  381.88873]
dists_uav = [710.349787 257.215492 853.90058  602.071858 439.8257   332.310872 270.952857 570.825129 375.408552 292.30561 ]
uav_gains = [5.573691e-13 1.949518e-11 3.635755e-13 8.220571e-13 1.810530e-12 4.921303e-12 1.482062e-11 9.335520e-13 2.973071e-12 9.675801e-12]
dists_bs = [ 343.397083  939.80587   395.564073 1013.918444  904.536752  838.552685  687.513899  350.950231  712.875509  977.608221]
bs_gains = [3.638811e-11 2.525047e-12 2.501474e-11 2.064964e-12 2.794416e-12 3.415585e-12 5.781288e-12 3.434946e-11 5.252115e-12 2.274488e-12]
At round 1 optimal eta: 0.4619787773989404
At round 1 optimal freqs: [6.470948e+07 7.807384e+07 8.846236e+07 2.761447e+08 1.337095e+08 1.478237e+08 1.712491e+08 7.053534e+07 1.046945e+08 9.036743e+07]
At round 1 optimal decs: [0 1 0 0 0 1 1 0 0 1]
At round 1 optimal powers: [0.000126 0.000235 0.000254 0.005297 0.001325 0.001253 0.001056 0.000149 0.000665 0.000409]
At round 1 t_co: [0.272031 0.272433 0.218642 0.157949 0.317588 0.223051 0.130742 0.252539 0.331554 0.30241 ]
At round 1 e_co: [3.436029e-05 6.409335e-05 5.560554e-05 8.366091e-04 4.208221e-04 2.795865e-04 1.380552e-04 3.763563e-05 2.205085e-04 1.237765e-04]
At round 1 t_cp: [0.185109 0.170236 0.237424 0.299479 0.138672 0.226443 0.321946 0.207041 0.125383 0.137998]
At round 1 e_cp: [5.015694e-06 8.101557e-06 1.643612e-05 6.306325e-04 3.314938e-05 7.314603e-05 1.616845e-04 7.265675e-06 1.438831e-05 1.018380e-05]
At round 1 average t_co: 0.3315539197400058 average t_cp: 0.3219461868449515 t: 0.45957954829048125
At round 1 average e_co: 0.002211052677984613 average e_cp: 0.0009600036087401689 e: 0.0031710562867247813
At round 1 a_n: 14.091616720954645
At round 1 local rounds: 16.408632524536344
At round 1 global rounds: 26.191562951418213
At round 1 tau: 11.541837193058758
At round 1 accuracy: 0.7534883720930232
At round 1 training accuracy: 0.7274346793349169
At round 1 training loss: 0.9695422545323179
At round 1 test loss: 0.9731844063992647
gradient difference: 0.763105034828186
ground = 2 remain_eps = 0.0018447488474226373	remain_tau = 11.082257644768276
update_location
xs = [-273.77746   393.77746  -378.77746  -342.129381 -192.129381  -92.129381  392.129381 -173.77746   492.129381  418.77746 ]
ys = [-293.77746   348.77746  -393.77746   451.063841  381.063841  331.063841   63.936159 -193.77746    13.936159  378.77746 ]
dists_uav = [705.997423 253.245609 849.532883 597.741385 435.553684 328.138312 266.963708 566.499229 371.216758 288.225362]
uav_gains = [5.654156e-13 2.105031e-11 3.679153e-13 8.362774e-13 1.860718e-12 5.227995e-12 1.606337e-11 9.507689e-13 3.097138e-12 1.047733e-11]
dists_bs = [ 342.756231  935.672948  393.389873 1010.729906  901.768923  836.154848  686.869306  352.094944  711.56286   973.460007]
bs_gains = [3.656868e-11 2.554711e-12 2.538278e-11 2.082272e-12 2.817203e-12 3.441603e-12 5.795677e-12 3.405431e-11 5.277830e-12 2.300263e-12]
At round 2 optimal eta: 0.4619787773989404
At round 2 optimal freqs: [6.470948e+07 7.807384e+07 8.846236e+07 2.761447e+08 1.337095e+08 1.478237e+08 1.712491e+08 7.053534e+07 1.046945e+08 9.036743e+07]
At round 2 optimal decs: [0 1 0 0 0 1 1 0 0 1]
At round 2 optimal powers: [0.000126 0.000235 0.000254 0.005297 0.001325 0.001253 0.001056 0.000149 0.000665 0.000409]
At round 2 t_co: [0.271092 0.258323 0.216596 0.157219 0.315704 0.214519 0.125639 0.254029 0.330354 0.285647]
At round 2 e_co: [3.424169e-05 6.077370e-05 5.508511e-05 8.327420e-04 4.183246e-04 2.688921e-04 1.326671e-04 3.785775e-05 2.197105e-04 1.169152e-04]
At round 2 t_cp: [0.185109 0.170236 0.237424 0.299479 0.138672 0.226443 0.321946 0.207041 0.125383 0.137998]
At round 2 e_cp: [5.015694e-06 8.101557e-06 1.643612e-05 6.306325e-04 3.314938e-05 7.314603e-05 1.616845e-04 7.265675e-06 1.438831e-05 1.018380e-05]
At round 2 average t_co: 0.330354052304807 average t_cp: 0.3219461868449515 t: 0.46107002473494546
At round 2 average e_co: 0.002177209821311642 average e_cp: 0.0009600036087401689 e: 0.0031372134300518104
At round 2 a_n: 14.091616720954645
At round 2 local rounds: 16.408632524536344
At round 2 global rounds: 26.191562951418213
At round 2 tau: 11.082257644768276
At round 2 accuracy: 0.7813953488372093
At round 2 training accuracy: 0.7636579572446556
At round 2 training loss: 0.6672450126798402
At round 2 test loss: 0.7265027051921501
gradient difference: 0.6575960516929626
ground = 3 remain_eps = 0.0025055661406481163	remain_tau = 10.62118762003333
update_location
xs = [-270.66619   390.66619  -375.66619  -338.194071 -188.194071  -88.194071  388.194071 -170.66619   488.194071  415.66619 ]
ys = [-290.66619   345.66619  -390.66619   449.095761  379.095761  329.095761   65.904239 -190.66619    15.904239  375.66619 ]
dists_uav = [701.645652 249.290168 845.165522 593.411936 431.284243 323.97177  262.987665 562.174479 367.029838 284.154656]
uav_gains = [5.736313e-13 2.268636e-11 3.723298e-13 8.508654e-13 1.913387e-12 5.566505e-12 1.739564e-11 9.684679e-13 3.231013e-12 1.135723e-11]
dists_bs = [ 342.170762  931.542473  391.253075 1007.550491  899.014107  833.773335  686.252319  353.29075   710.275042  969.314015]
bs_gains = [3.673473e-11 2.584839e-12 2.575179e-11 2.099730e-12 2.840137e-12 3.467715e-12 5.809495e-12 3.374971e-11 5.303226e-12 2.326428e-12]
At round 3 optimal eta: 0.4619787773989404
At round 3 optimal freqs: [6.470948e+07 7.807384e+07 8.846236e+07 2.761447e+08 1.337095e+08 1.478237e+08 1.712491e+08 7.053534e+07 1.046945e+08 9.036743e+07]
At round 3 optimal decs: [0 1 0 0 0 1 1 0 0 1]
At round 3 optimal powers: [0.000126 0.000235 0.000254 0.005297 0.001325 0.001253 0.001056 0.000149 0.000665 0.000409]
At round 3 t_co: [0.270237 0.245495 0.2146   0.156494 0.313836 0.206143 0.120898 0.255594 0.32918  0.26989 ]
At round 3 e_co: [3.413362e-05 5.775580e-05 5.457751e-05 8.289010e-04 4.158503e-04 2.583927e-04 1.276609e-04 3.809091e-05 2.189298e-04 1.104661e-04]
At round 3 t_cp: [0.185109 0.170236 0.237424 0.299479 0.138672 0.226443 0.321946 0.207041 0.125383 0.137998]
At round 3 e_cp: [5.015694e-06 8.101557e-06 1.643612e-05 6.306325e-04 3.314938e-05 7.314603e-05 1.616845e-04 7.265675e-06 1.438831e-05 1.018380e-05]
At round 3 average t_co: 0.3291801497015504 average t_cp: 0.3219461868449515 t: 0.46263454907636753
At round 3 average e_co: 0.0021447586764503047 average e_cp: 0.0009600036087401689 e: 0.0031047622851904733
At round 3 a_n: 14.091616720954645
At round 3 local rounds: 16.408632524536344
At round 3 global rounds: 26.191562951418213
At round 3 tau: 10.62118762003333
At round 3 accuracy: 0.7837209302325582
At round 3 training accuracy: 0.7785035629453682
At round 3 training loss: 0.5577802971642544
At round 3 test loss: 0.6447150991464309
gradient difference: 0.6538450121879578
ground = 4 remain_eps = 0.003403098310067148	remain_tau = 10.158553070956962
update_location
xs = [-267.554921  387.554921 -372.554921 -334.258761 -184.258761  -84.258761  384.258761 -167.554921  484.258761  412.554921]
ys = [-287.554921  342.554921 -387.554921  447.127681  377.127681  327.127681   67.872319 -187.554921   17.872319  372.554921]
dists_uav = [697.294487 245.349866 840.798501 589.083532 427.017451 319.811481 259.025332 557.850906 362.847961 280.093909]
uav_gains = [5.820212e-13 2.439814e-11 3.768209e-13 8.658344e-13 1.968736e-12 5.940609e-12 1.881600e-11 9.866684e-13 3.375805e-12 1.232003e-11]
dists_bs = [ 341.640963  927.414476  389.154294 1004.380288  896.272425  831.408287  685.663012  354.537134  709.012191  965.170271]
bs_gains = [3.688589e-11 2.615440e-12 2.612148e-11 2.117339e-12 2.863218e-12 3.493916e-12 5.822736e-12 3.343620e-11 5.328295e-12 2.352990e-12]
At round 4 optimal eta: 0.4619787773989404
At round 4 optimal freqs: [6.470948e+07 7.807384e+07 8.846236e+07 2.761447e+08 1.337095e+08 1.478237e+08 1.712491e+08 7.053534e+07 1.046945e+08 9.036743e+07]
At round 4 optimal decs: [0 1 0 0 0 1 1 0 0 1]
At round 4 optimal powers: [0.000126 0.000235 0.000254 0.005297 0.001325 0.001253 0.001056 0.000149 0.000665 0.000409]
At round 4 t_co: [0.269464 0.233847 0.212654 0.155773 0.311987 0.197941 0.116506 0.257233 0.328032 0.255147]
At round 4 e_co: [3.403607e-05 5.501541e-05 5.408268e-05 8.250860e-04 4.133992e-04 2.481122e-04 1.230228e-04 3.833516e-05 2.181663e-04 1.044314e-04]
At round 4 t_cp: [0.185109 0.170236 0.237424 0.299479 0.138672 0.226443 0.321946 0.207041 0.125383 0.137998]
At round 4 e_cp: [5.015694e-06 8.101557e-06 1.643612e-05 6.306325e-04 3.314938e-05 7.314603e-05 1.616845e-04 7.265675e-06 1.438831e-05 1.018380e-05]
At round 4 average t_co: 0.32803214302021305 average t_cp: 0.3219461868449515 t: 0.4642734486415529
At round 4 average e_co: 0.0021136872259762307 average e_cp: 0.0009600036087401689 e: 0.0030736908347163997
At round 4 a_n: 14.091616720954645
At round 4 local rounds: 16.408632524536344
At round 4 global rounds: 26.191562951418213
At round 4 tau: 10.158553070956962
At round 4 accuracy: 0.7953488372093023
At round 4 training accuracy: 0.7939429928741093
At round 4 training loss: 0.4820313791209803
At round 4 test loss: 0.5933736963515249
gradient difference: 0.6367154717445374
ground = 5 remain_eps = 0.004622140250101797	remain_tau = 9.69427962231541
update_location
xs = [-264.443651  384.443651 -369.443651 -330.323452 -180.323452  -80.323452  380.323452 -164.443651  480.323452  409.443651]
ys = [-284.443651  339.443651 -384.443651  445.159601  375.159601  325.159601   69.840399 -184.443651   19.840399  369.443651]
dists_uav = [692.943938 241.425446 836.431825 584.756197 422.753391 315.657693 255.077347 553.528537 358.671303 276.043561]
uav_gains = [5.905903e-13 2.618002e-11 3.813903e-13 8.811984e-13 2.026983e-12 6.354455e-12 2.032173e-11 1.005391e-12 3.532770e-12 1.336956e-11]
dists_bs = [ 341.167091  923.288992  387.09415  1001.219384  893.543997  829.059844  685.101458  355.833562  707.77444   961.028806]
bs_gains = [3.702181e-11 2.646523e-12 2.649150e-11 2.135099e-12 2.886445e-12 3.520205e-12 5.835393e-12 3.311435e-11 5.353023e-12 2.379957e-12]
At round 5 optimal eta: 0.4619787773989404
At round 5 optimal freqs: [6.470948e+07 7.807384e+07 8.846236e+07 2.761447e+08 1.337095e+08 1.478237e+08 1.712491e+08 7.053534e+07 1.046945e+08 9.036743e+07]
At round 5 optimal decs: [0 1 0 0 0 1 1 0 0 1]
At round 5 optimal powers: [0.000126 0.000235 0.000254 0.005297 0.001325 0.001253 0.001056 0.000149 0.000665 0.000409]
At round 5 t_co: [0.268775 0.223275 0.210758 0.155058 0.310154 0.189934 0.112446 0.258946 0.32691  0.24141 ]
At round 5 e_co: [3.394900e-05 5.252815e-05 5.360054e-05 8.212968e-04 4.109711e-04 2.380758e-04 1.187362e-04 3.859053e-05 2.174199e-04 9.880907e-05]
At round 5 t_cp: [0.185109 0.170236 0.237424 0.299479 0.138672 0.226443 0.321946 0.207041 0.125383 0.137998]
At round 5 e_cp: [5.015694e-06 8.101557e-06 1.643612e-05 6.306325e-04 3.314938e-05 7.314603e-05 1.616845e-04 7.265675e-06 1.438831e-05 1.018380e-05]
At round 5 average t_co: 0.3269099646733474 average t_cp: 0.3219461868449515 t: 0.46598706518322935
At round 5 average e_co: 0.0020839770511606077 average e_cp: 0.0009600036087401689 e: 0.003043980659900776
At round 5 a_n: 14.091616720954645
At round 5 local rounds: 16.408632524536344
At round 5 global rounds: 26.191562951418213
At round 5 tau: 9.69427962231541
At round 5 accuracy: 0.8093023255813954
At round 5 training accuracy: 0.8016627078384798
At round 5 training loss: 0.4415439769631563
At round 5 test loss: 0.5725357339580276
gradient difference: 0.6604748964309692
ground = 6 remain_eps = 0.006277861685162295	remain_tau = 9.22829255713218
update_location
xs = [-261.332381  381.332381 -366.332381 -326.388142 -176.388142  -76.388142  376.388142 -161.332381  476.388142  406.332381]
ys = [-281.332381  336.332381 -381.332381  443.191522  373.191522  323.191522   71.808478 -181.332381   21.808478  366.332381]
dists_uav = [688.594018 237.517695 832.065501 580.429954 418.492145 311.510666 251.144388 549.207401 354.500048 272.004076]
uav_gains = [5.993435e-13 2.802638e-11 3.860397e-13 8.969722e-13 2.088374e-12 6.812551e-12 2.190890e-11 1.024657e-12 3.703324e-12 1.450869e-11]
dists_bs = [340.749381 919.166055 385.073262 998.067866 890.828945 826.728147 684.567724 357.179491 706.561922 956.889648]
bs_gains = [3.714220e-11 2.678098e-12 2.686152e-11 2.153011e-12 2.909816e-12 3.546576e-12 5.847457e-12 3.278470e-11 5.377401e-12 2.407336e-12]
At round 6 optimal eta: 0.4619787773989404
At round 6 optimal freqs: [6.470948e+07 7.807384e+07 8.846236e+07 2.761447e+08 1.337095e+08 1.478237e+08 1.712491e+08 7.053534e+07 1.046945e+08 9.036743e+07]
At round 6 optimal decs: [0 1 0 0 0 1 1 0 0 1]
At round 6 optimal powers: [0.000126 0.000235 0.000254 0.005297 0.001325 0.001253 0.001056 0.000149 0.000665 0.000409]
At round 6 t_co: [0.268169 0.213676 0.208912 0.154348 0.308339 0.182142 0.108702 0.260735 0.325814 0.228665]
At round 6 e_co: [3.387239e-05 5.027006e-05 5.313101e-05 8.175334e-04 4.085660e-04 2.283086e-04 1.147822e-04 3.885710e-05 2.166907e-04 9.359241e-05]
At round 6 t_cp: [0.185109 0.170236 0.237424 0.299479 0.138672 0.226443 0.321946 0.207041 0.125383 0.137998]
At round 6 e_cp: [5.015694e-06 8.101557e-06 1.643612e-05 6.306325e-04 3.314938e-05 7.314603e-05 1.616845e-04 7.265675e-06 1.438831e-05 1.018380e-05]
At round 6 average t_co: 0.32581354840492394 average t_cp: 0.3219461868449515 t: 0.4677757547720301
At round 6 average e_co: 0.002055603938189602 average e_cp: 0.0009600036087401689 e: 0.00301560754692977
At round 6 a_n: 14.091616720954645
At round 6 local rounds: 16.408632524536344
At round 6 global rounds: 26.191562951418213
At round 6 tau: 9.22829255713218
At round 6 accuracy: 0.813953488372093
At round 6 training accuracy: 0.8064133016627079
At round 6 training loss: 0.4144483923050777
At round 6 test loss: 0.5679745300246994
gradient difference: 0.6072573661804199
ground = 7 remain_eps = 0.00852668789900107	remain_tau = 8.76051680236015
update_location
xs = [-258.221111  378.221111 -363.221111 -322.452832 -172.452832  -72.452832  372.452832 -158.221111  472.452832  403.221111]
ys = [-278.221111  333.221111 -378.221111  441.223442  371.223442  321.223442   73.776558 -178.221111   23.776558  363.221111]
dists_uav = [684.244739 233.627448 827.699534 576.104828 414.233801 307.370674 247.227172 544.887528 350.33439  267.975944]
uav_gains = [6.082864e-13 2.993202e-11 3.907711e-13 9.131713e-13 2.153180e-12 7.319753e-12 2.357265e-11 1.044491e-12 3.889067e-12 1.573914e-11]
dists_bs = [340.38804  915.045698 383.092252 994.925825 888.127392 824.41334  684.061877 358.574362 705.374767 952.752828]
bs_gains = [3.724677e-11 2.710174e-12 2.723119e-11 2.171077e-12 2.933331e-12 3.573027e-12 5.858923e-12 3.244782e-11 5.401418e-12 2.435134e-12]
At round 7 optimal eta: 0.4619787773989404
At round 7 optimal freqs: [6.470948e+07 7.807384e+07 8.846236e+07 2.761447e+08 1.337095e+08 1.478237e+08 1.712491e+08 7.053534e+07 1.046945e+08 9.036743e+07]
At round 7 optimal decs: [0 1 0 0 0 1 1 0 0 1]
At round 7 optimal powers: [0.000126 0.000235 0.000254 0.005297 0.001325 0.001253 0.001056 0.000149 0.000665 0.000409]
At round 7 t_co: [0.267645 0.204954 0.207115 0.153642 0.306541 0.174585 0.105253 0.262599 0.324743 0.216885]
At round 7 e_co: [3.380624e-05 4.821799e-05 5.267403e-05 8.137958e-04 4.061837e-04 2.188360e-04 1.111403e-04 3.913491e-05 2.159786e-04 8.877089e-05]
At round 7 t_cp: [0.185109 0.170236 0.237424 0.299479 0.138672 0.226443 0.321946 0.207041 0.125383 0.137998]
At round 7 e_cp: [5.015694e-06 8.101557e-06 1.643612e-05 6.306325e-04 3.314938e-05 7.314603e-05 1.616845e-04 7.265675e-06 1.438831e-05 1.018380e-05]
At round 7 average t_co: 0.32474282929898035 average t_cp: 0.3219461868449515 t: 0.46963988767941595
At round 7 average e_co: 0.002028538510552898 average e_cp: 0.0009600036087401689 e: 0.002988542119293067
At round 7 a_n: 14.091616720954645
At round 7 local rounds: 16.408632524536344
At round 7 global rounds: 26.191562951418213
At round 7 tau: 8.76051680236015
At round 7 accuracy: 0.8209302325581396
At round 7 training accuracy: 0.8153206650831354
At round 7 training loss: 0.3801857753791747
At round 7 test loss: 0.5493192033257422
gradient difference: 0.7233515381813049
ground = 8 remain_eps = 0.011581078107981877	remain_tau = 8.290876914680736
update_location
xs = [-255.109841  375.109841 -360.109841 -318.517523 -168.517523  -68.517523  368.517523 -155.109841  468.517523  400.109841]
ys = [-275.109841  330.109841 -375.109841  439.255362  369.255362  319.255362   75.744638 -175.109841   25.744638  360.109841]
dists_uav = [679.896112 229.755596 823.333928 571.780845 409.978448 303.238004 243.326458 540.568947 346.174531 263.959687]
uav_gains = [6.174244e-13 3.189260e-11 3.955862e-13 9.298121e-13 2.221705e-12 7.881217e-12 2.530755e-11 1.064915e-12 4.091804e-12 1.706130e-11]
dists_bs = [340.083247 910.927956 381.151741 991.793349 885.439462 822.115563 683.583976 360.017608 704.213102 948.618376]
bs_gains = [3.733530e-11 2.742760e-12 2.760013e-11 2.189295e-12 2.956988e-12 3.599552e-12 5.869783e-12 3.210426e-11 5.425062e-12 2.463361e-12]
At round 8 optimal eta: 0.4619787773989404
At round 8 optimal freqs: [6.470948e+07 7.807384e+07 8.846236e+07 2.761447e+08 1.337095e+08 1.478237e+08 1.712491e+08 7.053534e+07 1.046945e+08 9.036743e+07]
At round 8 optimal decs: [0 1 0 0 0 1 1 0 0 1]
At round 8 optimal powers: [0.000126 0.000235 0.000254 0.005297 0.001325 0.001253 0.001056 0.000149 0.000665 0.000409]
At round 8 t_co: [0.267204 0.197014 0.205368 0.152941 0.30476  0.167282 0.102079 0.264539 0.323698 0.206035]
At round 8 e_co: [3.375052e-05 4.634994e-05 5.222953e-05 8.100839e-04 4.038243e-04 2.096821e-04 1.077888e-04 3.942402e-05 2.152836e-04 8.433028e-05]
At round 8 t_cp: [0.185109 0.170236 0.237424 0.299479 0.138672 0.226443 0.321946 0.207041 0.125383 0.137998]
At round 8 e_cp: [5.015694e-06 8.101557e-06 1.643612e-05 6.306325e-04 3.314938e-05 7.314603e-05 1.616845e-04 7.265675e-06 1.438831e-05 1.018380e-05]
At round 8 average t_co: 0.3236977437880669 average t_cp: 0.3219461868449515 t: 0.47157984825138743
At round 8 average e_co: 0.0020027468609025018 average e_cp: 0.0009600036087401689 e: 0.0029627504696426703
At round 8 a_n: 14.091616720954645
At round 8 local rounds: 16.408632524536344
At round 8 global rounds: 26.191562951418213
At round 8 tau: 8.290876914680736
At round 8 accuracy: 0.8255813953488372
At round 8 training accuracy: 0.8212589073634204
At round 8 training loss: 0.35585573666263737
At round 8 test loss: 0.4972087522223005
gradient difference: 0.6961976885795593
ground = 9 remain_eps = 0.01572959767401477	remain_tau = 7.819297066429348
update_location
xs = [-251.998571  371.998571 -356.998571 -314.582213 -164.582213  -64.582213  364.582213 -151.998571  464.582213  396.998571]
ys = [-271.998571  326.998571 -371.998571  437.287282  367.287282  317.287282   77.712718 -171.998571   27.712718  356.998571]
dists_uav = [675.54815  225.903083 818.968691 567.458031 405.726181 299.11296  239.443053 536.251689 342.020681 259.955853]
uav_gains = [6.267633e-13 3.390495e-11 4.004872e-13 9.469116e-13 2.294290e-12 8.502336e-12 2.710795e-11 1.085957e-12 4.313569e-12 1.847419e-11]
dists_bs = [339.835153 906.812866 379.252351 988.670531 882.765277 819.834962 683.134082 361.508648 703.077055 944.486325]
bs_gains = [3.740757e-11 2.775867e-12 2.796795e-11 2.207668e-12 2.980785e-12 3.626148e-12 5.880033e-12 3.175455e-11 5.448322e-12 2.492023e-12]
At round 9 optimal eta: 0.4619787773989404
At round 9 optimal freqs: [6.470948e+07 7.807384e+07 8.846236e+07 2.761447e+08 1.337095e+08 1.478237e+08 1.712491e+08 7.053534e+07 1.046945e+08 9.036743e+07]
At round 9 optimal decs: [0 1 0 0 0 1 1 0 0 1]
At round 9 optimal powers: [0.000126 0.000235 0.000254 0.005297 0.001325 0.001253 0.001056 0.000149 0.000665 0.000409]
At round 9 t_co: [0.266845 0.189768 0.203669 0.152245 0.302997 0.160251 0.099159 0.266555 0.322678 0.196075]
At round 9 e_co: [3.370521e-05 4.464531e-05 5.179744e-05 8.063975e-04 4.014876e-04 2.008696e-04 1.047052e-04 3.972449e-05 2.146055e-04 8.025327e-05]
At round 9 t_cp: [0.185109 0.170236 0.237424 0.299479 0.138672 0.226443 0.321946 0.207041 0.125383 0.137998]
At round 9 e_cp: [5.015694e-06 8.101557e-06 1.643612e-05 6.306325e-04 3.314938e-05 7.314603e-05 1.616845e-04 7.265675e-06 1.438831e-05 1.018380e-05]
At round 9 average t_co: 0.32267822966149534 average t_cp: 0.3219461868449515 t: 0.4735960347728894
At round 9 average e_co: 0.0019781911623801105 average e_cp: 0.0009600036087401689 e: 0.00293819477112028
At round 9 a_n: 14.091616720954645
At round 9 local rounds: 16.408632524536344
At round 9 global rounds: 26.191562951418213
At round 9 tau: 7.819297066429348
At round 9 accuracy: 0.8348837209302326
At round 9 training accuracy: 0.8319477434679335
At round 9 training loss: 0.3252608586782597
At round 9 test loss: 0.5021864884583526
gradient difference: 0.5671414732933044
ground = 10 remain_eps = 0.021364180491611102	remain_tau = 7.345701031656459
update_location
xs = [-248.887302  368.887302 -353.887302 -310.646903 -160.646903  -60.646903  360.646903 -148.887302  460.646903  393.887302]
ys = [-268.887302  323.887302 -368.887302  435.319203  365.319203  315.319203   79.680797 -168.887302   29.680797  353.887302]
dists_uav = [671.200867 222.070917 814.603828 563.136412 401.477097 294.995862 235.577813 531.935788 337.873064 255.965027]
uav_gains = [6.363090e-13 3.596731e-11 4.054759e-13 9.644881e-13 2.371314e-12 9.188644e-12 2.896842e-11 1.107644e-12 4.556644e-12 1.997543e-11]
dists_bs = [339.643884 902.700464 377.394703 985.557461 880.104965 817.571678 682.71225  363.046895 701.966749 940.356704]
bs_gains = [3.746342e-11 2.809505e-12 2.833425e-11 2.226196e-12 3.004721e-12 3.652810e-12 5.889666e-12 3.139925e-11 5.471189e-12 2.521129e-12]
At round 10 optimal eta: 0.4619787773989404
At round 10 optimal freqs: [6.470948e+07 7.807384e+07 8.846236e+07 2.761447e+08 1.337095e+08 1.478237e+08 1.712491e+08 7.053534e+07 1.046945e+08 9.036743e+07]
At round 10 optimal decs: [0 1 0 0 0 1 1 0 0 1]
At round 10 optimal powers: [0.000126 0.000235 0.000254 0.005297 0.001325 0.001253 0.001056 0.000149 0.000665 0.000409]
At round 10 t_co: [0.266569 0.183136 0.202018 0.151554 0.301251 0.15351  0.096471 0.268648 0.321684 0.186953]
At round 10 e_co: [3.367032e-05 4.308507e-05 5.137770e-05 8.027367e-04 3.991735e-04 1.924190e-04 1.018671e-04 4.003638e-05 2.139444e-04 7.652003e-05]
At round 10 t_cp: [0.185109 0.170236 0.237424 0.299479 0.138672 0.226443 0.321946 0.207041 0.125383 0.137998]
At round 10 e_cp: [5.015694e-06 8.101557e-06 1.643612e-05 6.306325e-04 3.314938e-05 7.314603e-05 1.616845e-04 7.265675e-06 1.438831e-05 1.018380e-05]
At round 10 average t_co: 0.3216842260733821 average t_cp: 0.3219461868449515 t: 0.47568885932286614
At round 10 average e_co: 0.0019548302468706267 average e_cp: 0.0009600036087401689 e: 0.0029148338556107952
At round 10 a_n: 14.091616720954645
At round 10 local rounds: 16.408632524536344
At round 10 global rounds: 26.191562951418213
At round 10 tau: 7.345701031656459
At round 10 accuracy: 0.8348837209302326
At round 10 training accuracy: 0.8266033254156769
At round 10 training loss: 0.3239553838862093
At round 10 test loss: 0.486122879388836
gradient difference: 0.496573269367218
ground = 11 remain_eps = 0.02901715717956054	remain_tau = 6.870012172333593
update_location
xs = [-245.776032  365.776032 -350.776032 -306.711594 -156.711594  -56.711594  356.711594 -145.776032  456.711594  390.776032]
ys = [-265.776032  320.776032 -365.776032  433.351123  363.351123  313.351123   81.648877 -165.776032   31.648877  350.776032]
dists_uav = [666.854275 218.260169 810.239345 558.816017 397.2313   290.887048 231.731648 527.621276 333.73191  251.987827]
uav_gains = [6.460678e-13 3.807952e-11 4.105546e-13 9.825607e-13 2.453205e-12 9.945680e-12 3.088417e-11 1.130005e-12 4.823588e-12 2.156136e-11]
dists_bs = [339.509536 898.590786 375.579417 982.454233 877.458651 815.325858 682.318531 364.631749 700.882307 936.229546]
bs_gains = [3.750272e-11 2.843684e-12 2.869861e-11 2.244879e-12 3.028795e-12 3.679534e-12 5.898676e-12 3.103889e-11 5.493651e-12 2.550688e-12]
At round 11 optimal eta: 0.4619787773989404
At round 11 optimal freqs: [6.470948e+07 7.807384e+07 8.846236e+07 2.761447e+08 1.337095e+08 1.478237e+08 1.712491e+08 7.053534e+07 1.046945e+08 9.036743e+07]
At round 11 optimal decs: [0 1 0 0 0 1 1 0 0 1]
At round 11 optimal powers: [0.000126 0.000235 0.000254 0.005297 0.001325 0.001253 0.001056 0.000149 0.000665 0.000409]
At round 11 t_co: [0.266375 0.177044 0.200416 0.150868 0.299521 0.147071 0.093994 0.270818 0.320716 0.178619]
At round 11 e_co: [3.364583e-05 4.165188e-05 5.097024e-05 7.991014e-04 3.968819e-04 1.843480e-04 9.925205e-05 4.035976e-05 2.133003e-04 7.310883e-05]
At round 11 t_cp: [0.185109 0.170236 0.237424 0.299479 0.138672 0.226443 0.321946 0.207041 0.125383 0.137998]
At round 11 e_cp: [5.015694e-06 8.101557e-06 1.643612e-05 6.306325e-04 3.314938e-05 7.314603e-05 1.616845e-04 7.265675e-06 1.438831e-05 1.018380e-05]
At round 11 average t_co: 0.3207156735504902 average t_cp: 0.3219461868449515 t: 0.47785874761996877
At round 11 average e_co: 0.0019326201449180497 average e_cp: 0.0009600036087401689 e: 0.0028926237536582187
At round 11 a_n: 14.091616720954645
At round 11 local rounds: 16.408632524536344
At round 11 global rounds: 26.191562951418213
At round 11 tau: 6.870012172333593
At round 11 accuracy: 0.8395348837209302
At round 11 training accuracy: 0.8343230403800475
At round 11 training loss: 0.29899004584684175
At round 11 test loss: 0.49074749783504495
gradient difference: 0.5922490954399109
ground = 12 remain_eps = 0.03941154733802877	remain_tau = 6.392153424713624
update_location
xs = [-242.664762  362.664762 -347.664762 -302.776284 -152.776284  -52.776284  352.776284 -142.664762  452.776284  387.664762]
ys = [-262.664762  317.664762 -362.664762  431.383043  361.383043  311.383043   83.616957 -162.664762   33.616957  347.664762]
dists_uav = [662.508388 214.471981 805.875249 554.496873 392.988895 286.786873 227.905523 523.308188 329.597464 248.024907]
uav_gains = [6.560460e-13 4.024299e-11 4.157252e-13 1.001150e-12 2.540443e-12 1.077883e-11 3.285137e-11 1.153071e-12 5.117258e-12 2.322731e-11]
dists_bs = [339.432176 894.483869 373.807108 979.36094  874.826463 813.097644 681.952974 366.262607 699.823849 932.104885]
bs_gains = [3.752538e-11 2.878415e-12 2.906060e-11 2.263717e-12 3.053005e-12 3.706315e-12 5.907059e-12 3.067398e-11 5.515697e-12 2.580708e-12]
At round 12 optimal eta: 0.4619787773989404
At round 12 optimal freqs: [6.470948e+07 7.807384e+07 8.846236e+07 2.761447e+08 1.337095e+08 1.478237e+08 1.712491e+08 7.053534e+07 1.046945e+08 9.036743e+07]
At round 12 optimal decs: [0 1 0 0 0 1 1 0 0 1]
At round 12 optimal powers: [0.000126 0.000235 0.000254 0.005297 0.001325 0.001253 0.001056 0.000149 0.000665 0.000409]
At round 12 t_co: [0.266263 0.171426 0.198862 0.150186 0.297809 0.140946 0.091709 0.273065 0.319773 0.171016]
At round 12 e_co: [3.363173e-05 4.033007e-05 5.057500e-05 7.954915e-04 3.946129e-04 1.766707e-04 9.683834e-05 4.069469e-05 2.126730e-04 6.999669e-05]
At round 12 t_cp: [0.185109 0.170236 0.237424 0.299479 0.138672 0.226443 0.321946 0.207041 0.125383 0.137998]
At round 12 e_cp: [5.015694e-06 8.101557e-06 1.643612e-05 6.306325e-04 3.314938e-05 7.314603e-05 1.616845e-04 7.265675e-06 1.438831e-05 1.018380e-05]
At round 12 average t_co: 0.31977251399986684 average t_cp: 0.3219461868449515 t: 0.480106138858979
At round 12 average e_co: 0.0019115145881840386 average e_cp: 0.0009600036087401689 e: 0.0028715181969242074
At round 12 a_n: 14.091616720954645
At round 12 local rounds: 16.408632524536344
At round 12 global rounds: 26.191562951418213
At round 12 tau: 6.392153424713624
At round 12 accuracy: 0.8395348837209302
At round 12 training accuracy: 0.8390736342042755
At round 12 training loss: 0.2812763848024187
At round 12 test loss: 0.46268335675871247
gradient difference: 0.5822554230690002
ground = 13 remain_eps = 0.0535293672624758	remain_tau = 5.912047285854645
update_location
xs = [-239.553492  359.553492 -344.553492 -298.840974 -148.840974  -48.840974  348.840974 -139.553492  448.840974  384.553492]
ys = [-259.553492  314.553492 -359.553492  429.414963  359.414963  309.414963   85.585037 -159.553492   35.585037  344.553492]
dists_uav = [658.16322  210.707569 801.511545 550.179011 388.749993 282.695713 224.100464 518.996558 325.469982 244.076963]
uav_gains = [6.662505e-13 4.246075e-11 4.209901e-13 1.020276e-12 2.633567e-12 1.169311e-11 3.486749e-11 1.176877e-12 5.440831e-12 2.496790e-11]
dists_bs = [339.411842 890.379753 372.078393 976.277677 872.208527 810.887183 681.615625 367.938856 698.791494 927.982753]
bs_gains = [3.753134e-11 2.913708e-12 2.941977e-11 2.282712e-12 3.077348e-12 3.733150e-12 5.914810e-12 3.030505e-11 5.537317e-12 2.611198e-12]
At round 13 optimal eta: 0.4619787773989404
At round 13 optimal freqs: [6.470948e+07 7.807384e+07 8.846236e+07 2.761447e+08 1.337095e+08 1.478237e+08 1.712491e+08 7.053534e+07 1.046945e+08 9.036743e+07]
At round 13 optimal decs: [0 1 0 0 0 1 1 0 0 1]
At round 13 optimal powers: [0.000126 0.000235 0.000254 0.005297 0.001325 0.001253 0.001056 0.000149 0.000665 0.000409]
At round 13 t_co: [0.266234 0.166221 0.197356 0.149509 0.296113 0.135144 0.089594 0.275391 0.318855 0.164085]
At round 13 e_co: [3.362803e-05 3.910569e-05 5.019192e-05 7.919070e-04 3.923662e-04 1.693978e-04 9.460521e-05 4.104123e-05 2.120626e-04 6.715993e-05]
At round 13 t_cp: [0.185109 0.170236 0.237424 0.299479 0.138672 0.226443 0.321946 0.207041 0.125383 0.137998]
At round 13 e_cp: [5.015694e-06 8.101557e-06 1.643612e-05 6.306325e-04 3.314938e-05 7.314603e-05 1.616845e-04 7.265675e-06 1.438831e-05 1.018380e-05]
At round 13 average t_co: 0.31885469071627576 average t_cp: 0.3219461868449515 t: 0.48243148553804993
At round 13 average e_co: 0.0018914654795893831 average e_cp: 0.0009600036087401689 e: 0.0028514690883295517
At round 13 a_n: 14.091616720954645
At round 13 local rounds: 16.408632524536344
At round 13 global rounds: 26.191562951418213
At round 13 tau: 5.912047285854645
At round 13 accuracy: 0.8395348837209302
At round 13 training accuracy: 0.8420427553444181
At round 13 training loss: 0.2698038782998153
At round 13 test loss: 0.4606968753249204
gradient difference: 0.5039806962013245
ground = 14 remain_eps = 0.07270440652697127	remain_tau = 5.429615800316595
update_location
xs = [-236.442222  356.442222 -341.442222 -294.905665 -144.905665  -44.905665  344.905665 -136.442222  444.905665  381.442222]
ys = [-256.442222  311.442222 -356.442222  427.446884  357.446884  307.446884   87.553116 -156.442222   37.553116  341.442222]
dists_uav = [653.818786 206.968232 797.148239 545.862461 384.514712 278.613966 220.317563 514.686425 321.349732 240.144734]
uav_gains = [6.766881e-13 4.473726e-11 4.263515e-13 1.039963e-12 2.733186e-12 1.269297e-11 3.693140e-11 1.201456e-12 5.797816e-12 2.677742e-11]
dists_bs = [339.448546 886.278477 370.39388  973.204538 869.604974 808.69462  681.306526 369.65988  697.785356 923.863184]
bs_gains = [3.752058e-11 2.949575e-12 2.977566e-11 2.301864e-12 3.101824e-12 3.760031e-12 5.921923e-12 2.993260e-11 5.558500e-12 2.642167e-12]
At round 14 optimal eta: 0.4619787773989404
At round 14 optimal freqs: [6.470948e+07 7.807384e+07 8.846236e+07 2.761447e+08 1.337095e+08 1.478237e+08 1.712491e+08 7.053534e+07 1.046945e+08 9.036743e+07]
At round 14 optimal decs: [0 1 0 0 0 1 1 0 1 1]
At round 14 optimal powers: [0.000126 0.000235 0.000254 0.005297 0.001325 0.001253 0.001056 0.000149 0.000665 0.000409]
At round 14 t_co: [0.266287 0.161379 0.195897 0.148837 0.294435 0.129669 0.087631 0.277795 0.30832  0.157769]
At round 14 e_co: [3.363472e-05 3.796641e-05 4.982094e-05 7.883477e-04 3.901418e-04 1.625355e-04 9.253308e-05 4.139946e-05 2.050564e-04 6.457475e-05]
At round 14 t_cp: [0.185109 0.170236 0.237424 0.299479 0.138672 0.226443 0.321946 0.207041 0.125383 0.137998]
At round 14 e_cp: [5.015694e-06 8.101557e-06 1.643612e-05 6.306325e-04 3.314938e-05 7.314603e-05 1.616845e-04 7.265675e-06 1.438831e-05 1.018380e-05]
At round 14 average t_co: 0.308320260795913 average t_cp: 0.3219461868449515 t: 0.4848352532769294
At round 14 average e_co: 0.00186601075153447 average e_cp: 0.0009600036087401689 e: 0.002826014360274639
At round 14 a_n: 14.091616720954645
At round 14 local rounds: 16.408632524536344
At round 14 global rounds: 26.191562951418213
At round 14 tau: 5.429615800316595
At round 14 accuracy: 0.8418604651162791
At round 14 training accuracy: 0.8414489311163895
At round 14 training loss: 0.27036255223474515
At round 14 test loss: 0.4539113324774021
gradient difference: 0.43745824694633484
ground = 15 remain_eps = 0.09874823856071527	remain_tau = 4.944780547039666
update_location
xs = [-233.330952  353.330952 -338.330952 -290.970355 -140.970355  -40.970355  340.970355 -133.330952  440.970355  378.330952]
ys = [-253.330952  308.330952 -353.330952  425.478804  355.478804  305.478804   89.521196 -153.330952   39.521196  338.330952]
dists_uav = [649.4751   203.255352 792.78534  541.547254 380.28317  274.542051 216.557981 510.377825 317.236995 236.229005]
uav_gains = [6.873662e-13 4.707832e-11 4.318116e-13 1.060235e-12 2.839986e-12 1.378204e-11 3.904353e-11 1.226848e-12 6.192067e-12 2.865035e-11]
dists_bs = [339.542269 882.180078 368.754177 970.141621 867.015931 806.520101 681.025714 371.425055 696.80555  919.746212]
bs_gains = [3.749314e-11 2.986028e-12 3.012781e-11 2.321173e-12 3.126431e-12 3.786956e-12 5.928396e-12 2.955710e-11 5.579237e-12 2.673624e-12]
At round 15 optimal eta: 0.4619787773989404
At round 15 optimal freqs: [6.470948e+07 7.807384e+07 8.846236e+07 2.761447e+08 1.337095e+08 1.478237e+08 1.712491e+08 7.053534e+07 1.046945e+08 9.036743e+07]
At round 15 optimal decs: [0 1 0 0 0 1 1 0 1 1]
At round 15 optimal powers: [0.000126 0.000235 0.000254 0.005297 0.001325 0.001253 0.001056 0.000149 0.000665 0.000409]
At round 15 t_co: [0.266422 0.156852 0.194486 0.14817  0.292773 0.124524 0.085804 0.280277 0.294019 0.15201 ]
At round 15 e_co: [3.365180e-05 3.690144e-05 4.946201e-05 7.848137e-04 3.879397e-04 1.560861e-04 9.060377e-05 4.176945e-05 1.955449e-04 6.221766e-05]
At round 15 t_cp: [0.185109 0.170236 0.237424 0.299479 0.138672 0.226443 0.321946 0.207041 0.125383 0.137998]
At round 15 e_cp: [5.015694e-06 8.101557e-06 1.643612e-05 6.306325e-04 3.314938e-05 7.314603e-05 1.616845e-04 7.265675e-06 1.438831e-05 1.018380e-05]
At round 15 average t_co: 0.29401887685495565 average t_cp: 0.3219461868449515 t: 0.48731792062636237
At round 15 average e_co: 0.0018389904649726487 average e_cp: 0.0009600036087401689 e: 0.002798994073712818
At round 15 a_n: 14.091616720954645
At round 15 local rounds: 16.408632524536344
At round 15 global rounds: 26.191562951418213
At round 15 tau: 4.944780547039666
At round 15 accuracy: 0.8441860465116279
At round 15 training accuracy: 0.8485748218527316
At round 15 training loss: 0.24803456900787324
At round 15 test loss: 0.44201924683518945
gradient difference: 0.4463563859462738
ground = 16 remain_eps = 0.1341213701431771	remain_tau = 4.457462626413303
update_location
xs = [-230.219683  350.219683 -335.219683 -287.035045 -137.035045  -37.035045  337.035045 -130.219683  437.035045  375.219683]
ys = [-250.219683  305.219683 -350.219683  423.510724  353.510724  303.510724   91.489276 -150.219683   41.489276  335.219683]
dists_uav = [645.132177 199.570407 788.422853 537.233423 376.055495 270.480413 212.822954 506.070798 313.132067 232.33061 ]
uav_gains = [6.982923e-13 4.949082e-11 4.373731e-13 1.081116e-12 2.954744e-12 1.496291e-11 4.120582e-11 1.253094e-12 6.627782e-12 3.058171e-11]
dists_bs = [339.692963 878.084599 367.159882 967.089021 864.441531 804.363773 680.773226 373.233755 695.852187 915.631874]
bs_gains = [3.744908e-11 3.023077e-12 3.047574e-11 2.340639e-12 3.151165e-12 3.813919e-12 5.934225e-12 2.917905e-11 5.599516e-12 2.705579e-12]
At round 16 optimal eta: 0.4619787773989404
At round 16 optimal freqs: [6.470948e+07 7.807384e+07 8.846236e+07 2.761447e+08 1.337095e+08 1.478237e+08 1.712491e+08 7.053534e+07 1.046945e+08 9.036743e+07]
At round 16 optimal decs: [0 1 0 0 0 1 1 0 1 1]
At round 16 optimal powers: [0.000126 0.000235 0.000254 0.005297 0.001325 0.001253 0.001056 0.000149 0.000665 0.000409]
At round 16 t_co: [0.26664  0.152602 0.193121 0.147508 0.291127 0.119706 0.084097 0.282839 0.280138 0.146753]
At round 16 e_co: [3.367927e-05 3.590144e-05 4.911507e-05 7.813048e-04 3.857598e-04 1.500475e-04 8.880059e-05 4.215127e-05 1.863128e-04 6.006595e-05]
At round 16 t_cp: [0.185109 0.170236 0.237424 0.299479 0.138672 0.226443 0.321946 0.207041 0.125383 0.137998]
At round 16 e_cp: [5.015694e-06 8.101557e-06 1.643612e-05 6.306325e-04 3.314938e-05 7.314603e-05 1.616845e-04 7.265675e-06 1.438831e-05 1.018380e-05]
At round 16 average t_co: 0.2911274480540539 average t_cp: 0.3219461868449515 t: 0.4898799788689267
At round 16 average e_co: 0.0018131384071068855 average e_cp: 0.0009600036087401689 e: 0.0027731420158470543
At round 16 a_n: 14.091616720954645
At round 16 local rounds: 16.408632524536344
At round 16 global rounds: 26.191562951418213
At round 16 tau: 4.457462626413303
At round 16 accuracy: 0.8465116279069768
At round 16 training accuracy: 0.8491686460807601
At round 16 training loss: 0.24949511062421686
At round 16 test loss: 0.43546525566845906
gradient difference: 0.5505678653717041
ground = 17 remain_eps = 0.1821656992698951	remain_tau = 3.9675826475443765
update_location
xs = [-227.108413  347.108413 -332.108413 -283.099736 -133.099736  -33.099736  333.099736 -127.108413  433.099736  372.108413]
ys = [-247.108413  302.108413 -347.108413  421.542645  351.542645  301.542645   93.457355 -147.108413   43.457355  332.108413]
dists_uav = [640.790032 195.914973 784.060785 532.921    371.831818 266.429521 209.113798 501.765384 309.03526  228.450437]
uav_gains = [7.094743e-13 5.198259e-11 4.430382e-13 1.102635e-12 3.078335e-12 1.623692e-11 4.342164e-11 1.280237e-12 7.109486e-12 3.256752e-11]
dists_bs = [339.900553 873.99208  365.611591 964.046838 861.881903 802.225781 680.549092 375.085352 694.925376 911.520204]
bs_gains = [3.738850e-11 3.060735e-12 3.081894e-11 2.360263e-12 3.176025e-12 3.840913e-12 5.939405e-12 2.879889e-11 5.619328e-12 2.738040e-12]
At round 17 optimal eta: 0.4619787773989404
At round 17 optimal freqs: [6.470948e+07 7.807384e+07 8.846236e+07 2.761447e+08 1.337095e+08 1.478237e+08 1.712491e+08 7.053534e+07 1.046945e+08 9.036743e+07]
At round 17 optimal decs: [0 1 0 0 0 1 1 0 1 1]
At round 17 optimal powers: [0.000126 0.000235 0.000254 0.005297 0.001325 0.001253 0.001056 0.000149 0.000665 0.000409]
At round 17 t_co: [0.26694  0.148593 0.191804 0.14685  0.289499 0.115211 0.082494 0.285481 0.266712 0.141945]
At round 17 e_co: [3.371715e-05 3.495839e-05 4.878007e-05 7.778211e-04 3.836019e-04 1.444135e-04 8.710842e-05 4.254500e-05 1.773837e-04 5.809795e-05]
At round 17 t_cp: [0.185109 0.170236 0.237424 0.299479 0.138672 0.226443 0.321946 0.207041 0.125383 0.137998]
At round 17 e_cp: [5.015694e-06 8.101557e-06 1.643612e-05 6.306325e-04 3.314938e-05 7.314603e-05 1.616845e-04 7.265675e-06 1.438831e-05 1.018380e-05]
At round 17 average t_co: 0.2894989270764605 average t_cp: 0.3219461868449515 t: 0.49252193181159
At round 17 average e_co: 0.0017884270995771618 average e_cp: 0.0009600036087401689 e: 0.0027484307083173315
At round 17 a_n: 14.091616720954645
At round 17 local rounds: 16.408632524536344
At round 17 global rounds: 26.191562951418213
At round 17 tau: 3.9675826475443765
At round 17 accuracy: 0.8465116279069768
At round 17 training accuracy: 0.8497624703087886
At round 17 training loss: 0.2445579186836973
At round 17 test loss: 0.43734713806518055
gradient difference: 0.43164610862731934
ground = 18 remain_eps = 0.24742024298637083	remain_tau = 3.4750607157327864
update_location
xs = [-223.997143  343.997143 -328.997143 -279.164426 -129.164426  -29.164426  329.164426 -123.997143  429.164426  368.997143]
ys = [-243.997143  298.997143 -343.997143  419.574565  349.574565  299.574565   95.425435 -143.997143   45.425435  328.997143]
dists_uav = [636.448683 192.290732 779.699144 528.610021 367.612278 262.389873 205.431914 497.461625 304.946902 224.589429]
uav_gains = [7.209203e-13 5.456217e-11 4.488097e-13 1.124819e-12 3.211753e-12 1.760402e-11 4.569568e-11 1.308324e-12 7.642000e-12 3.460508e-11]
dists_bs = [340.164935 869.902563 364.109889 961.01517  859.337181 800.106273 680.353341 376.979211 694.025223 907.411238]
bs_gains = [3.731155e-11 3.099013e-12 3.115692e-11 2.380046e-12 3.201010e-12 3.867935e-12 5.943935e-12 2.841708e-11 5.638663e-12 2.771019e-12]
At round 18 optimal eta: 0.4619787773989404
At round 18 optimal freqs: [6.470948e+07 7.807384e+07 8.846236e+07 2.761447e+08 1.337095e+08 1.478237e+08 1.712491e+08 7.053534e+07 1.046945e+08 9.036743e+07]
At round 18 optimal decs: [0 1 0 0 0 1 1 0 1 1]
At round 18 optimal powers: [0.000126 0.000235 0.000254 0.005297 0.001325 0.001253 0.001056 0.000149 0.000665 0.000409]
At round 18 t_co: [0.267322 0.144798 0.190534 0.146197 0.287887 0.111031 0.080984 0.288204 0.253776 0.137536]
At round 18 e_co: [3.376544e-05 3.406545e-05 4.845696e-05 7.743623e-04 3.814660e-04 1.391741e-04 8.551373e-05 4.295071e-05 1.687802e-04 5.629330e-05]
At round 18 t_cp: [0.185109 0.170236 0.237424 0.299479 0.138672 0.226443 0.321946 0.207041 0.125383 0.137998]
At round 18 e_cp: [5.015694e-06 8.101557e-06 1.643612e-05 6.306325e-04 3.314938e-05 7.314603e-05 1.616845e-04 7.265675e-06 1.438831e-05 1.018380e-05]
At round 18 average t_co: 0.2882036527167785 average t_cp: 0.3219461868449515 t: 0.4952442955703193
At round 18 average e_co: 0.00176482824444765 average e_cp: 0.0009600036087401689 e: 0.0027248318531878186
At round 18 a_n: 14.091616720954645
At round 18 local rounds: 16.408632524536344
At round 18 global rounds: 26.191562951418213
At round 18 tau: 3.4750607157327864
At round 18 accuracy: 0.8465116279069768
At round 18 training accuracy: 0.8485748218527316
At round 18 training loss: 0.23743201909175327
At round 18 test loss: 0.42205199509460706
gradient difference: 0.43445396423339844
ground = 19 remain_eps = 0.33604996376807766	remain_tau = 2.979816420162467
update_location
xs = [-220.885873  340.885873 -325.885873 -275.229116 -125.229116  -25.229116  325.229116 -120.885873  425.229116  365.885873]
ys = [-240.885873  295.885873 -340.885873  417.606485  347.606485  297.606485   97.393515 -140.885873   47.393515  325.885873]
dists_uav = [632.108144 188.699483 775.337935 524.300521 363.397019 258.361997 201.778794 493.159565 300.867335 220.748592]
uav_gains = [7.326390e-13 5.723867e-11 4.546901e-13 1.147700e-12 3.356119e-12 1.906274e-11 4.803377e-11 1.337406e-12 8.230387e-12 3.669319e-11]
dists_bs = [340.485976 865.81609  362.655357 957.994117 856.807496 798.005397 680.185996 378.914701 693.151832 903.305014]
bs_gains = [3.721839e-11 3.137925e-12 3.148917e-11 2.399988e-12 3.226115e-12 3.894979e-12 5.947811e-12 2.803404e-11 5.657510e-12 2.804525e-12]
At round 19 optimal eta: 0.4619787773989404
At round 19 optimal freqs: [6.470948e+07 7.807384e+07 8.846236e+07 2.761447e+08 1.337095e+08 1.478237e+08 1.712491e+08 7.053534e+07 1.046945e+08 9.036743e+07]
At round 19 optimal decs: [0 1 0 0 0 1 1 0 1 1]
At round 19 optimal powers: [0.000126 0.000235 0.000254 0.005297 0.001325 0.001253 0.001056 0.000149 0.000665 0.000409]
At round 19 t_co: [0.267787 0.141191 0.18931  0.145549 0.286292 0.107156 0.079555 0.291007 0.241361 0.13348 ]
At round 19 e_co: [3.382416e-05 3.321686e-05 4.814570e-05 7.709286e-04 3.793521e-04 1.343158e-04 8.400455e-05 4.336848e-05 1.605231e-04 5.463317e-05]
At round 19 t_cp: [0.185109 0.170236 0.237424 0.299479 0.138672 0.226443 0.321946 0.207041 0.125383 0.137998]
At round 19 e_cp: [5.015694e-06 8.101557e-06 1.643612e-05 6.306325e-04 3.314938e-05 7.314603e-05 1.616845e-04 7.265675e-06 1.438831e-05 1.018380e-05]
At round 19 average t_co: 0.29100695549356614 average t_cp: 0.3219461868449515 t: 0.49804759834710693
At round 19 average e_co: 0.0017423124447618688 average e_cp: 0.0009600036087401689 e: 0.0027023160535020376
At round 19 a_n: 14.091616720954645
At round 19 local rounds: 16.408632524536344
At round 19 global rounds: 26.191562951418213
At round 19 tau: 2.979816420162467
At round 19 accuracy: 0.8488372093023255
At round 19 training accuracy: 0.8521377672209026
At round 19 training loss: 0.2294711462749273
At round 19 test loss: 0.4173593275144321
gradient difference: 0.48183107376098633
ground = 20 remain_eps = 0.45642820807813633	remain_tau = 2.48176882181536
update_location
xs = [-217.774603  337.774603 -322.774603 -271.293807 -121.293807  -21.293807  321.293807 -117.774603  421.293807  362.774603]
ys = [-237.774603  292.774603 -337.774603  415.638405  345.638405  295.638405   99.361595 -137.774603   49.361595  322.774603]
dists_uav = [627.768434 185.143145 770.977168 519.992536 359.18619  254.346451 198.15603  488.859249 296.796924 216.928999]
uav_gains = [7.446392e-13 6.002154e-11 4.606821e-13 1.171309e-12 3.512704e-12 2.061020e-11 5.044265e-11 1.367538e-12 8.879867e-12 3.883230e-11]
dists_bs = [340.863516 861.732705 361.248562 954.983779 854.292983 795.923299 680.04708  380.891186 692.305303 899.201568]
bs_gains = [3.710925e-11 3.177483e-12 3.181517e-11 2.420088e-12 3.251340e-12 3.922038e-12 5.951031e-12 2.765019e-11 5.675861e-12 2.838568e-12]
At round 20 optimal eta: 0.4619787773989404
At round 20 optimal freqs: [6.470948e+07 7.807384e+07 8.846236e+07 2.761447e+08 1.337095e+08 1.478237e+08 1.712491e+08 7.053534e+07 1.046945e+08 9.036743e+07]
At round 20 optimal decs: [0 1 0 0 0 1 1 0 1 1]
At round 20 optimal powers: [0.000126 0.000235 0.000254 0.005297 0.001325 0.001253 0.001056 0.000149 0.000665 0.000409]
At round 20 t_co: [0.268334 0.137752 0.188132 0.144905 0.284713 0.103571 0.078196 0.293892 0.229494 0.129734]
At round 20 e_co: [3.389331e-05 3.240778e-05 4.784622e-05 7.675198e-04 3.772599e-04 1.298221e-04 8.257040e-05 4.379840e-05 1.526307e-04 5.310030e-05]
At round 20 t_cp: [0.185109 0.170236 0.237424 0.299479 0.138672 0.226443 0.321946 0.207041 0.125383 0.137998]
At round 20 e_cp: [5.015694e-06 8.101557e-06 1.643612e-05 6.306325e-04 3.314938e-05 7.314603e-05 1.616845e-04 7.265675e-06 1.438831e-05 1.018380e-05]
At round 20 average t_co: 0.293891737346273 average t_cp: 0.3219461868449515 t: 0.5009323801998138
At round 20 average e_co: 0.0017208489289343488 average e_cp: 0.0009600036087401689 e: 0.002680852537674518
At round 20 a_n: 14.091616720954645
At round 20 local rounds: 16.408632524536344
At round 20 global rounds: 26.191562951418213
At round 20 tau: 2.48176882181536
At round 20 accuracy: 0.8488372093023255
At round 20 training accuracy: 0.8539192399049881
At round 20 training loss: 0.2185895515716416
At round 20 test loss: 0.4246518802634159
gradient difference: 0.4500277042388916
ground = 21 remain_eps = 0.6199277833375801	remain_tau = 1.9808364416155462
update_location
xs = [-214.663333  334.663333 -319.663333 -267.358497 -117.358497  -17.358497  317.358497 -114.663333  417.358497  359.663333]
ys = [-234.663333  289.663333 -334.663333  413.670326  343.670326  293.670326  101.329674 -134.663333   51.329674  319.663333]
dists_uav = [623.429568 181.623769 766.616849 515.686106 354.97995  250.34383  194.565318 484.560722 292.73605  213.13179 ]
uav_gains = [7.569304e-13 6.292042e-11 4.667887e-13 1.195684e-12 3.682948e-12 2.224232e-11 5.292983e-11 1.398779e-12 9.595711e-12 4.102448e-11]
dists_bs = [341.297368 857.652451 359.890067 951.984259 851.793775 793.860128 679.93661  382.908031 691.485737 895.10094 ]
bs_gains = [3.698437e-11 3.217700e-12 3.213442e-11 2.440347e-12 3.276681e-12 3.949108e-12 5.953594e-12 2.726592e-11 5.693705e-12 2.873159e-12]
At round 21 optimal eta: 0.4619787773989404
At round 21 optimal freqs: [6.470948e+07 7.807384e+07 8.846236e+07 2.761447e+08 1.337095e+08 1.478237e+08 1.712491e+08 7.053534e+07 1.046945e+08 9.036743e+07]
At round 21 optimal decs: [0 1 0 0 0 1 1 0 1 1]
At round 21 optimal powers: [0.000126 0.000235 0.000254 0.005297 0.001325 0.001253 0.001056 0.000149 0.000665 0.000409]
At round 21 t_co: [0.268964 0.134463 0.187001 0.144266 0.28315  0.100261 0.076901 0.296859 0.218198 0.126262]
At round 21 e_co: [3.397292e-05 3.163418e-05 4.755850e-05 7.641358e-04 3.751896e-04 1.256739e-04 8.120220e-05 4.424054e-05 1.451185e-04 5.167909e-05]
At round 21 t_cp: [0.185109 0.170236 0.237424 0.299479 0.138672 0.226443 0.321946 0.207041 0.125383 0.137998]
At round 21 e_cp: [5.015694e-06 8.101557e-06 1.643612e-05 6.306325e-04 3.314938e-05 7.314603e-05 1.616845e-04 7.265675e-06 1.438831e-05 1.018380e-05]
At round 21 average t_co: 0.2968585499517128 average t_cp: 0.3219461868449515 t: 0.5038991928052536
At round 21 average e_co: 0.0017004053116542156 average e_cp: 0.0009600036087401689 e: 0.002660408920394385
At round 21 a_n: 14.091616720954645
At round 21 local rounds: 16.408632524536344
At round 21 global rounds: 26.191562951418213
At round 21 tau: 1.9808364416155462
At round 21 accuracy: 0.8511627906976744
At round 21 training accuracy: 0.8628266033254157
At round 21 training loss: 0.21224195313384062
At round 21 test loss: 0.41883601679488325
gradient difference: 0.49742648005485535
ground = 22 remain_eps = 0.8419954107833215	remain_tau = 1.4769372488102925
update_location
xs = [-211.552064  331.552064 -316.552064 -263.423187 -113.423187  -13.423187  313.423187 -111.552064  413.423187  356.552064]
ys = [-231.552064  286.552064 -331.552064  411.702246  341.702246  291.702246  103.297754 -131.552064   53.297754  316.552064]
dists_uav = [619.091566 178.143545 762.256986 511.381268 350.778464 246.354762 191.008465 480.264033 288.685115 209.358185]
uav_gains = [7.695221e-13 6.594504e-11 4.730126e-13 1.220859e-12 3.868478e-12 2.395405e-11 5.550334e-11 1.431193e-12 1.038309e-11 4.327341e-11]
dists_bs = [341.787317 853.575374 358.580418 948.995659 849.310008 791.816032 679.854598 384.964602 690.693229 891.003169]
bs_gains = [3.684404e-11 3.258589e-12 3.244637e-11 2.460766e-12 3.302136e-12 3.976181e-12 5.955497e-12 2.688162e-11 5.711034e-12 2.908309e-12]
At round 22 optimal eta: 0.4619787773989404
At round 22 optimal freqs: [6.470948e+07 7.807384e+07 8.846236e+07 2.761447e+08 1.337095e+08 1.478237e+08 1.712491e+08 7.053534e+07 1.046945e+08 9.036743e+07]
At round 22 optimal decs: [0 1 0 0 0 1 1 0 1 1]
At round 22 optimal powers: [0.000126 0.000235 0.000254 0.005297 0.001325 0.001253 0.001056 0.000149 0.000665 0.000409]
At round 22 t_co: [0.269678 0.131312 0.185916 0.143632 0.281604 0.097211 0.07566  0.299908 0.207493 0.123029]
At round 22 e_co: [3.406300e-05 3.089274e-05 4.728248e-05 7.607767e-04 3.731410e-04 1.218503e-04 7.989219e-05 4.469499e-05 1.379985e-04 5.035560e-05]
At round 22 t_cp: [0.185109 0.170236 0.237424 0.299479 0.138672 0.226443 0.321946 0.207041 0.125383 0.137998]
At round 22 e_cp: [5.015694e-06 8.101557e-06 1.643612e-05 6.306325e-04 3.314938e-05 7.314603e-05 1.616845e-04 7.265675e-06 1.438831e-05 1.018380e-05]
At round 22 average t_co: 0.29990795636243195 average t_cp: 0.3219461868449515 t: 0.5069485992159728
At round 22 average e_co: 0.001680947421913283 average e_cp: 0.0009600036087401689 e: 0.002640951030653452
At round 22 a_n: 14.091616720954645
At round 22 local rounds: 16.408632524536344
At round 22 global rounds: 26.191562951418213
At round 22 tau: 1.4769372488102925
At round 22 accuracy: 0.858139534883721
At round 22 training accuracy: 0.8652019002375297
At round 22 training loss: 0.2041965401550771
At round 22 test loss: 0.41064103692526344
gradient difference: 0.3760194778442383
ground = 23 remain_eps = 1.1436110637972712	remain_tau = 0.9699886495943197
update_location
xs = [-208.440794  328.440794 -313.440794 -259.487878 -109.487878   -9.487878  309.487878 -108.440794  409.487878  353.440794]
ys = [-228.440794  283.440794 -328.440794  409.734166  339.734166  289.734166  105.265834 -128.440794   55.265834  313.440794]
dists_uav = [614.754445 174.704813 757.897587 507.078065 346.581905 242.379918 187.487398 475.969232 284.644544 205.609482]
uav_gains = [7.824247e-13 6.910499e-11 4.793568e-13 1.246876e-12 4.071131e-12 2.573981e-11 5.817159e-11 1.464849e-12 1.124691e-11 4.558418e-11]
dists_bs = [342.333123 849.50152  357.320154 946.018082 846.841818 789.791158 679.801056 387.060266 689.927872 886.908293]
bs_gains = [3.668858e-11 3.300164e-12 3.275051e-11 2.481344e-12 3.327702e-12 4.003253e-12 5.956740e-12 2.649764e-11 5.727838e-12 2.944028e-12]
Model saved in /home/hgiang/2022_coding/fedcom-torch/models/mnist/s3
