Arguments:
	      dataset : mnist
	learning_rate : 0.01
	        model : mclr
	 model_params : (784, 10)
	        optim : 1
	      sce_idx : 3
	          tau : 15.0
['f_00000', 'f_00001', 'f_00002', 'f_00003', 'f_00004', 'f_00005', 'f_00006', 'f_00007', 'f_00008', 'f_00009']
10
dict_keys(['x', 'y'])
id = f_00000, model = <class 'flearn.models.mnist.mclr.Model'>, device = cpu, num_samples = 73
id = f_00001, model = <class 'flearn.models.mnist.mclr.Model'>, device = cpu, num_samples = 81
id = f_00002, model = <class 'flearn.models.mnist.mclr.Model'>, device = cpu, num_samples = 128
id = f_00003, model = <class 'flearn.models.mnist.mclr.Model'>, device = cpu, num_samples = 504
id = f_00004, model = <class 'flearn.models.mnist.mclr.Model'>, device = cpu, num_samples = 113
id = f_00005, model = <class 'flearn.models.mnist.mclr.Model'>, device = cpu, num_samples = 204
id = f_00006, model = <class 'flearn.models.mnist.mclr.Model'>, device = cpu, num_samples = 336
id = f_00007, model = <class 'flearn.models.mnist.mclr.Model'>, device = cpu, num_samples = 89
id = f_00008, model = <class 'flearn.models.mnist.mclr.Model'>, device = cpu, num_samples = 80
id = f_00009, model = <class 'flearn.models.mnist.mclr.Model'>, device = cpu, num_samples = 76
BaseFederated generated!
num_samples = [ 73  81 128 504 113 204 336  89  80  76]
msize = 300240
xs = [-280.  400. -385. -350. -200. -100.  400. -180.  500.  425.]
ys = [-300.  355. -400.  455.  385.  335.   60. -200.   10.  385.]
dists_uav = [714.702735 261.199158 858.268606 606.403331 444.100214 336.489227 274.954542 575.152154 379.605058 296.395007]
uav_gains = [5.494875e-13 1.802536e-11 3.593089e-13 8.081917e-13 1.762643e-12 4.643011e-12 1.366745e-11 9.167988e-13 2.857829e-12 8.947599e-12]
dists_bs = [ 344.093011  943.941206  397.775062 1017.116021  907.317475  840.966706  688.186021  349.857114  714.212853  981.758626]
bs_gains = [3.619341e-11 2.495838e-12 2.464796e-11 2.047806e-12 2.771778e-12 3.389665e-12 5.766337e-12 3.463460e-11 5.226094e-12 2.249096e-12]
v = 14.728130493592673 a_0 = 14.091616720954645
SystemModel __init__!
solve_bound_eta tau = 15.0
af = [0.109289 0.121266 0.19163  0.754542 0.169173 0.30541  0.503028 0.133243 0.119769 0.11378 ]
bf = [0.430706 0.479744 0.456424 0.741497 0.68959  0.615731 0.502434 0.433505 0.600925 0.5416  ]
tmp = [-1.744721e-56 -1.231090e-50 -8.574772e-32 -1.234785e-07 -1.624247e-35 -1.724662e-19 -9.075630e-12 -3.741246e-46 -7.674948e-51 -8.567913e-54]
w0 = [-1.744721e-56+0.j -1.231090e-50+0.j -8.574772e-32+0.j -1.234785e-07+0.j -1.624247e-35+0.j -1.724662e-19+0.j -9.075630e-12+0.j -3.741246e-46+0.j -7.674948e-51+0.j -8.567913e-54+0.j]
w_1 = [-133.280627+0.j -119.706397+0.j  -75.862825+0.j  -18.843359+0.j  -84.542691+0.j  -47.055412+0.j  -28.785293+0.j -109.293533+0.j -120.182893+0.j -127.036042+0.j]
xs_min = [-133.309981 -119.739176  -75.894139  -18.896893  -84.590317  -47.098236  -28.820588 -109.32313  -120.224122 -127.073108]
xs_max = [-0.029354 -0.032779 -0.031314 -0.053534 -0.047626 -0.042825 -0.035295 -0.029597 -0.041229 -0.037066]
solve_bound_eta x_min = -18.89689270458994	x_max = -0.05353374346638162
solve_bound_eta eta_min = 6.21131812798525e-09	eta_max = 0.9478739559111969
af = 2.016903237681796	bf = 0.5492156215132258	zeta = 2.037072270058614	eta = 0.9900990099009902
af = 2.016903237681796	bf = 0.5492156215132258	zeta = 57.497732078726095	eta = 0.035077961595428586
af = 2.016903237681796	bf = 0.5492156215132258	zeta = 7.571812745519118	eta = 0.26636993088284816
af = 2.016903237681796	bf = 0.5492156215132258	zeta = 4.385472961470878	eta = 0.45990552339543583
af = 2.016903237681796	bf = 0.5492156215132258	zeta = 3.917487448774785	eta = 0.5148461262620238
af = 2.016903237681796	bf = 0.5492156215132258	zeta = 3.8919855757483046	eta = 0.5182196075570012
af = 2.016903237681796	bf = 0.5492156215132258	zeta = 3.891896486606453	eta = 0.5182314700873349
eta = 0.5182314700873349
opt_as = [0.208111 0.208111 0.208111 0.208111 0.208111 0.208111 0.208111 0.208111 0.208111 0.208111]
opt_bs = [9048.353179  623.959564 6161.990667  511.951403  692.944528  847.416125 1441.584338 8658.649719 1306.523561  562.274031]
opt_cs = [10196019.213589 11313391.182201 17877951.497799 70394434.022585 15782879.056651 28492985.199618 46929622.681724 12430763.150814 11173719.686125 10615033.701818]
opt_tau = [0.512825 0.512825 0.512825 0.512825 0.512825 0.512825 0.512825 0.512825 0.512825 0.512825]
iter = 16 converged! (z, t) = (1.5806538566627768, 18.033894774948273)
iter = 13 converged! (z, t) = (1.9824875254667274, 8.861014921270474)
iter = 16 converged! (z, t) = (1.3030184380943486, 13.516805102758308)
iter = 9 converged! (z, t) = (0.9516751091018544, 4.471532864861626)
iter = 12 converged! (z, t) = (1.8150174178074359, 8.559934915566812)
iter = 14 converged! (z, t) = (1.4309201835402479, 7.546948384531856)
iter = 13 converged! (z, t) = (0.9891423747476163, 6.541149831406754)
iter = 14 converged! (z, t) = (1.4661267512375549, 16.70920999473979)
iter = 15 converged! (z, t) = (1.880369379928714, 10.873727888731278)
iter = 12 converged! (z, t) = (2.0210084712350502, 8.688763221724091)
opt_freqs = [5.545114e+07 1.128539e+08 7.398198e+07 2.236370e+08 1.168233e+08 1.325039e+08 1.528783e+08 5.984723e+07 9.196478e+07 1.150912e+08]
opt_powers = [9.754173e-05 1.051381e-03 1.873199e-04 3.632918e-03 1.060569e-03 1.193558e-03 1.212752e-03 1.129468e-04 5.373120e-04 1.138545e-03]
bs_ene = [0.00103  0.013109 0.001772 0.031343 0.012348 0.011859 0.01051  0.001138 0.006427 0.014418]
opt_as = [0.208111 0.208111 0.208111 0.208111 0.208111 0.208111 0.208111 0.208111 0.208111 0.208111]
opt_bs = [ 137.371869 4506.34093    89.827233  202.04792   440.660857 1160.752682 3416.861729  229.199698  714.457246 2236.899695]
opt_cs = [10196019.213589 11313391.182201 17877951.497799 70394434.022585 15782879.056651 28492985.199618 46929622.681724 12430763.150814 11173719.686125 10615033.701818]
opt_tau = [0.512825 0.512825 0.512825 0.512825 0.512825 0.512825 0.512825 0.512825 0.512825 0.512825]
iter = 11 converged! (z, t) = (2.1817564363912423, 5.7648158821667845)
iter = 14 converged! (z, t) = (1.6568953764211334, 14.850302035363512)
iter = 9 converged! (z, t) = (2.0539985284360913, 4.774928314575238)
iter = 10 converged! (z, t) = (1.1499260514907412, 3.885433904048234)
iter = 12 converged! (z, t) = (1.8882086580053583, 7.59484697228234)
iter = 12 converged! (z, t) = (1.3625877246141935, 8.046043257963596)
iter = 9 converged! (z, t) = (0.817883822231963, 7.300599887316217)
iter = 13 converged! (z, t) = (2.0718569107354767, 6.56833524891873)
iter = 17 converged! (z, t) = (1.9692749802971115, 9.21786123831991)
iter = 17 converged! (z, t) = (1.8181729920716962, 12.665405792757088)
opt_freqs = [1.734661e+08 6.733870e+07 2.094272e+08 2.573715e+08 1.316682e+08 1.242847e+08 1.369750e+08 1.522456e+08 1.084850e+08 7.895523e+07]
opt_powers = [0.004233 0.000184 0.006982 0.00686  0.001585 0.000933 0.000701 0.002707 0.000926 0.000328]
uav_ene = [0.057111 0.002005 0.089592 0.061656 0.019013 0.009027 0.006067 0.034979 0.011486 0.003822]
optimize_network iter = 0 obj = 0.07497839477538149
solve_bound_eta tau = 15.0
af = [3.941807 3.601665 5.180444 6.74792  2.896222 4.914683 7.344814 4.452756 2.604662 2.882144]
bf = [4.635447 4.859034 3.82125  2.790895 5.322745 3.995943 2.398537 4.299583 5.514397 5.331999]
tmp = [-0.274452 -0.24933  -0.334635 -0.364038 -0.183288 -0.325239 -0.367277 -0.304656 -0.150916 -0.181785]
w0 = [-0.416064+0.j -0.355915+0.j -0.625481+0.j -0.862013+0.j -0.230893+0.j -0.582127+0.j -0.943824+0.j -0.504617+0.j -0.180829+0.j -0.228437+0.j]
w_1 = [-1.972058+0.j -2.1583  +0.j -1.500542+0.j -1.15198 +0.j -2.684004+0.j -1.581683+0.j -1.058362+0.j -1.745766+0.j -2.984445+0.j -2.697114+0.j]
xs_min = [-2.213327 -2.459718 -1.532394 -0.9473   -3.110444 -1.65689  -0.771871 -1.898483 -3.460949 -3.126011]
xs_max = [-0.657333 -0.657333 -0.657333 -0.657333 -0.657333 -0.657333 -0.657333 -0.657333 -0.657333 -0.657333]
solve_bound_eta x_min = -0.7718712414193988	x_max = -0.6573332830814715
solve_bound_eta eta_min = 0.46214746920510896	eta_max = 0.5182314700873347
af = 0.011667165903247166	bf = 0.02845301455870932	zeta = 0.011783837562279638	eta = 0.9900990099009901
af = 0.011667165903247166	bf = 0.02845301455870932	zeta = 2.885479778676106	eta = 0.004043405879836111
af = 0.011667165903247166	bf = 0.02845301455870932	zeta = 0.09312342702848608	eta = 0.1252871192087704
af = 0.011667165903247166	bf = 0.02845301455870932	zeta = 0.060233977296988234	eta = 0.1936974184142168
af = 0.011667165903247166	bf = 0.02845301455870932	zeta = 0.05904009100294788	eta = 0.19761429403394082
af = 0.011667165903247166	bf = 0.02845301455870932	zeta = 0.05903719644852493	eta = 0.19762398293116568
eta = 0.19762398293116568
opt_as = [0.208111 0.208111 0.208111 0.208111 0.208111 0.208111 0.208111 0.208111 0.208111 0.208111]
opt_bs = [9048.353179  623.959564 6161.990667  511.951403  692.944528  847.416125 1441.584338 8658.649719 1306.523561  562.274031]
opt_cs = [11972638.858382 13284708.870259 20993120.190039 82660410.748279 18532988.917769 33457785.302875 55106940.498853 14596778.882137 13120700.118774 12464665.112836]
opt_tau = [0.572524 0.572524 0.572524 0.572524 0.572524 0.572524 0.572524 0.572524 0.572524 0.572524]
iter = 17 converged! (z, t) = (1.668055849969226, 18.824921758231405)
iter = 16 converged! (z, t) = (2.1490366541730537, 9.430905167269168)
iter = 13 converged! (z, t) = (1.3479587269224604, 13.909298020935102)
iter = 12 converged! (z, t) = (0.9602697739876629, 4.5085876934108935)
iter = 14 converged! (z, t) = (1.9458899778150927, 9.041379595703596)
iter = 17 converged! (z, t) = (1.4937978918075456, 7.820269627411897)
iter = 15 converged! (z, t) = (1.0006727139656875, 6.610300461441706)
iter = 14 converged! (z, t) = (1.5343615535346418, 17.34678451596974)
iter = 19 converged! (z, t) = (2.024599263902771, 11.52252218635673)
iter = 12 converged! (z, t) = (2.195972792996812, 9.267711945751993)
opt_freqs = [5.312107e+07 1.060344e+08 7.189435e+07 2.217989e+08 1.106026e+08 1.278728e+08 1.512791e+08 5.764757e+07 8.678655e+07 1.079015e+08]
opt_powers = [9.075779e-05 9.496310e-04 1.784882e-04 3.580627e-03 9.694927e-04 1.124752e-03 1.190673e-03 1.061217e-04 4.888817e-04 1.025783e-03]
bs_ene = [0.000914 0.011519 0.001596 0.029402 0.01088  0.010594 0.009801 0.001015 0.005656 0.012662]
opt_as = [0.208111 0.208111 0.208111 0.208111 0.208111 0.208111 0.208111 0.208111 0.208111 0.208111]
opt_bs = [ 137.371869 4506.34093    89.827233  202.04792   440.660857 1160.752682 3416.861729  229.199698  714.457246 2236.899695]
opt_cs = [11972638.858382 13284708.870259 20993120.190039 82660410.748279 18532988.917769 33457785.302875 55106940.498853 14596778.882137 13120700.118774 12464665.112836]
opt_tau = [0.572524 0.572524 0.572524 0.572524 0.572524 0.572524 0.572524 0.572524 0.572524 0.572524]
iter = 13 converged! (z, t) = (2.3948282559479845, 6.192036269784044)
iter = 15 converged! (z, t) = (1.7571570478334266, 15.569862771163308)
iter = 9 converged! (z, t) = (2.236573719855135, 5.100215938482296)
iter = 14 converged! (z, t) = (1.1766298889773383, 3.963867272153623)
iter = 11 converged! (z, t) = (2.0341406658116776, 8.050395587488925)
iter = 13 converged! (z, t) = (1.4155776428105675, 8.306806788312988)
iter = 10 converged! (z, t) = (0.817882431975387, 7.300605137598616)
iter = 15 converged! (z, t) = (2.2585553213139535, 7.02174395736878)
iter = 14 converged! (z, t) = (2.132682043440163, 9.808195807951122)
iter = 16 converged! (z, t) = (1.949456863716374, 13.3835510136984)
opt_freqs = [1.614978e+08 6.422664e+07 1.960701e+08 2.522789e+08 1.242175e+08 1.203832e+08 1.369749e+08 1.424148e+08 1.019556e+08 7.471859e+07]
opt_powers = [0.003773 0.00017  0.006276 0.006629 0.001441 0.000885 0.000701 0.00243  0.000837 0.0003  ]
uav_ene = [0.050081 0.001774 0.078654 0.056312 0.01673  0.008098 0.005836 0.030703 0.010094 0.003367]
optimize_network iter = 1 obj = 0.0685369886210475
solve_bound_eta tau = 15.0
af = [4.114708 3.776181 5.330871 6.803839 3.059117 5.073963 7.344819 4.62266  2.760073 3.045565]
bf = [4.891763 5.153063 3.953042 2.8161   5.706543 4.151342 2.398533 4.499689 5.937367 5.717004]
tmp = [-0.312507 -0.292788 -0.354259 -0.367815 -0.235033 -0.34848  -0.367277 -0.334738 -0.203786 -0.23371 ]
w0 = [-0.531981+0.j -0.467104+0.j -0.749869+0.j -0.981367+0.j -0.325434+0.j -0.705915+0.j -0.943823+0.j -0.625997+0.j -0.265846+0.j -0.322728+0.j]
w_1 = [-1.68474 +0.j -1.835773+0.j -1.30039 +0.j -1.018868+0.j -2.266082+0.j -1.366232+0.j -1.058363+0.j -1.499615+0.j -2.511605+0.j -2.276166+0.j]
xs_min = [-1.92463  -2.140541 -1.322393 -0.809372 -2.71252  -1.432189 -0.771871 -1.64549  -3.01763  -2.725309]
xs_max = [-0.771871 -0.771871 -0.771871 -0.771871 -0.771871 -0.771871 -0.657332 -0.771871 -0.771871 -0.771871]
solve_bound_eta x_min = -0.7718712414195583	x_max = -0.7718712414193993
solve_bound_eta eta_min = 0.46214746920503524	eta_max = 0.4621474692051087
Done!
af = 0.011366431284100023	bf = 0.028089371357124464	zeta = 0.011480095596941024	eta = 0.9900990099009901
af = 0.011366431284100023	bf = 0.028089371357124464	zeta = 2.8484495820111246	eta = 0.003990392301792067
af = 0.011366431284100023	bf = 0.028089371357124464	zeta = 0.0912400953929312	eta = 0.12457715256817492
af = 0.011366431284100023	bf = 0.028089371357124464	zeta = 0.059129957840602286	eta = 0.19222796191975514
af = 0.011366431284100023	bf = 0.028089371357124464	zeta = 0.057978547913279284	eta = 0.1960454632479107
af = 0.011366431284100023	bf = 0.028089371357124464	zeta = 0.05797583215194152	eta = 0.19605464660362584
eta = 0.19605464660362584
At round 0 optimal eta: 0.46214746920503524
At round 0 optimal freqs: [5.312107e+07 6.422664e+07 7.189435e+07 2.217989e+08 1.106026e+08 1.203832e+08 1.369749e+08 5.764757e+07 8.678655e+07 7.471859e+07]
At round 0 optimal decs: [0 1 0 0 0 1 1 0 0 1]
At round 0 optimal powers: [9.075779e-05 1.701332e-04 1.784882e-04 3.580627e-03 9.694927e-04 8.845412e-04 7.012992e-04 1.061217e-04 4.888817e-04 2.996261e-04]
At round 0 t_co: [0.34714  0.365683 0.280524 0.199842 0.40496  0.294597 0.17021  0.319317 0.42134  0.405702]
At round 0 e_co: [3.150565e-05 6.221480e-05 5.007030e-05 7.155605e-04 3.926059e-04 2.605828e-04 1.193681e-04 3.388644e-05 2.059856e-04 1.215590e-04]
At round 0 t_cp: [0.225384 0.206841 0.292    0.372682 0.167564 0.277927 0.402314 0.253207 0.151184 0.166821]
At round 0 e_cp: [3.378497e-06 5.480024e-06 1.085092e-05 4.066460e-04 2.267128e-05 4.848741e-05 1.033924e-04 4.850864e-06 9.882388e-06 6.958857e-06]
At round 0 average t_co: 0.421340384326553 average t_cp: 0.40231401292334723 t: 0.5725239425457432
At round 0 average e_co: 0.0019933391542898515 average e_cp: 0.0006225986414122416 e: 0.0026159377957020932
At round 0 a_n: 14.091616720954645
At round 0 local rounds: 16.400875148471407
At round 0 global rounds: 26.19977766048018
At round 0 tau: 15.0
At round 0 accuracy: 0.08372093023255814
At round 0 training accuracy: 0.11045130641330166
At round 0 training loss: 2.3165962615045212
At round 0 test loss: 2.3333051941191503
gradient difference: 41.889625549316406
ground = 1 remain_eps = 0.0013580627858698214	remain_tau = 14.427476057454257
update_location
xs = [-276.88873  396.88873 -381.88873 -346.06469 -196.06469  -96.06469  396.06469 -176.88873  496.06469  421.88873]
ys = [-296.88873  351.88873 -396.88873  453.03192  383.03192  333.03192   61.96808 -196.88873   11.96808  381.88873]
dists_uav = [710.349787 257.215492 853.90058  602.071858 439.8257   332.310872 270.952857 570.825129 375.408552 292.30561 ]
uav_gains = [5.573691e-13 1.949518e-11 3.635755e-13 8.220571e-13 1.810530e-12 4.921303e-12 1.482062e-11 9.335520e-13 2.973071e-12 9.675801e-12]
dists_bs = [ 343.397083  939.80587   395.564073 1013.918444  904.536752  838.552685  687.513899  350.950231  712.875509  977.608221]
bs_gains = [3.638811e-11 2.525047e-12 2.501474e-11 2.064964e-12 2.794416e-12 3.415585e-12 5.781288e-12 3.434946e-11 5.252115e-12 2.274488e-12]
At round 1 optimal eta: 0.46214746920503524
At round 1 optimal freqs: [5.312107e+07 6.422664e+07 7.189435e+07 2.217989e+08 1.106026e+08 1.203832e+08 1.369749e+08 5.764757e+07 8.678655e+07 7.471859e+07]
At round 1 optimal decs: [0 1 0 0 0 1 1 0 0 1]
At round 1 optimal powers: [9.075779e-05 1.701332e-04 1.784882e-04 3.580627e-03 9.694927e-04 8.845412e-04 7.012992e-04 1.061217e-04 4.888817e-04 2.996261e-04]
At round 1 t_co: [0.345743 0.344625 0.277619 0.19881  0.402395 0.282629 0.162523 0.321264 0.419693 0.381784]
At round 1 e_co: [3.137884e-05 5.863211e-05 4.955173e-05 7.118645e-04 3.901185e-04 2.499971e-04 1.139775e-04 3.409308e-05 2.051802e-04 1.143925e-04]
At round 1 t_cp: [0.225384 0.206841 0.292    0.372682 0.167564 0.277927 0.402314 0.253207 0.151184 0.166821]
At round 1 e_cp: [3.378497e-06 5.480024e-06 1.085092e-05 4.066460e-04 2.267128e-05 4.848741e-05 1.033924e-04 4.850864e-06 9.882388e-06 6.958857e-06]
At round 1 average t_co: 0.4196929461013518 average t_cp: 0.40231401292334723 t: 0.574471123920304
At round 1 average e_co: 0.0019591861996162397 average e_cp: 0.0006225986414122416 e: 0.002581784841028481
At round 1 a_n: 14.091616720954645
At round 1 local rounds: 16.400875148471407
At round 1 global rounds: 26.19977766048018
At round 1 tau: 14.427476057454257
At round 1 accuracy: 0.7395348837209302
At round 1 training accuracy: 0.7114014251781473
At round 1 training loss: 0.9765410019519871
At round 1 test loss: 1.008967204380405
gradient difference: 0.8625757098197937
ground = 2 remain_eps = 0.0018443345303645006	remain_tau = 13.853004933533953
update_location
xs = [-273.77746   393.77746  -378.77746  -342.129381 -192.129381  -92.129381  392.129381 -173.77746   492.129381  418.77746 ]
ys = [-293.77746   348.77746  -393.77746   451.063841  381.063841  331.063841   63.936159 -193.77746    13.936159  378.77746 ]
dists_uav = [705.997423 253.245609 849.532883 597.741385 435.553684 328.138312 266.963708 566.499229 371.216758 288.225362]
uav_gains = [5.654156e-13 2.105031e-11 3.679153e-13 8.362774e-13 1.860718e-12 5.227995e-12 1.606337e-11 9.507689e-13 3.097138e-12 1.047733e-11]
dists_bs = [ 342.756231  935.672948  393.389873 1010.729906  901.768923  836.154848  686.869306  352.094944  711.56286   973.460007]
bs_gains = [3.656868e-11 2.554711e-12 2.538278e-11 2.082272e-12 2.817203e-12 3.441603e-12 5.795677e-12 3.405431e-11 5.277830e-12 2.300263e-12]
At round 2 optimal eta: 0.46214746920503524
At round 2 optimal freqs: [5.312107e+07 6.422664e+07 7.189435e+07 2.217989e+08 1.106026e+08 1.203832e+08 1.369749e+08 5.764757e+07 8.678655e+07 7.471859e+07]
At round 2 optimal decs: [0 1 0 0 0 1 1 0 0 1]
At round 2 optimal powers: [9.075779e-05 1.701332e-04 1.784882e-04 3.580627e-03 9.694927e-04 8.845412e-04 7.012992e-04 1.061217e-04 4.888817e-04 2.996261e-04]
At round 2 t_co: [0.34446  0.325479 0.274785 0.197785 0.399853 0.270872 0.155389 0.323313 0.418081 0.359234]
At round 2 e_co: [3.126242e-05 5.537477e-05 4.904594e-05 7.081946e-04 3.876545e-04 2.395974e-04 1.089745e-04 3.431052e-05 2.043920e-04 1.076358e-04]
At round 2 t_cp: [0.225384 0.206841 0.292    0.372682 0.167564 0.277927 0.402314 0.253207 0.151184 0.166821]
At round 2 e_cp: [3.378497e-06 5.480024e-06 1.085092e-05 4.066460e-04 2.267128e-05 4.848741e-05 1.033924e-04 4.850864e-06 9.882388e-06 6.958857e-06]
At round 2 average t_co: 0.41808062450646 average t_cp: 0.40231401292334723 t: 0.5765200822126105
At round 2 average e_co: 0.0019264425437928543 average e_cp: 0.0006225986414122416 e: 0.0025490411852050958
At round 2 a_n: 14.091616720954645
At round 2 local rounds: 16.400875148471407
At round 2 global rounds: 26.19977766048018
At round 2 tau: 13.853004933533953
At round 2 accuracy: 0.7674418604651163
At round 2 training accuracy: 0.745249406175772
At round 2 training loss: 0.680789721741246
At round 2 test loss: 0.7928762757125519
gradient difference: 0.8231237530708313
ground = 3 remain_eps = 0.0025047220903827226	remain_tau = 13.276484851321342
update_location
xs = [-270.66619   390.66619  -375.66619  -338.194071 -188.194071  -88.194071  388.194071 -170.66619   488.194071  415.66619 ]
ys = [-290.66619   345.66619  -390.66619   449.095761  379.095761  329.095761   65.904239 -190.66619    15.904239  375.66619 ]
dists_uav = [701.645652 249.290168 845.165522 593.411936 431.284243 323.97177  262.987665 562.174479 367.029838 284.154656]
uav_gains = [5.736313e-13 2.268636e-11 3.723298e-13 8.508654e-13 1.913387e-12 5.566505e-12 1.739564e-11 9.684679e-13 3.231013e-12 1.135723e-11]
dists_bs = [ 342.170762  931.542473  391.253075 1007.550491  899.014107  833.773335  686.252319  353.29075   710.275042  969.314015]
bs_gains = [3.673473e-11 2.584839e-12 2.575179e-11 2.099730e-12 2.840137e-12 3.467715e-12 5.809495e-12 3.374971e-11 5.303226e-12 2.326428e-12]
At round 3 optimal eta: 0.46214746920503524
At round 3 optimal freqs: [5.312107e+07 6.422664e+07 7.189435e+07 2.217989e+08 1.106026e+08 1.203832e+08 1.369749e+08 5.764757e+07 8.678655e+07 7.471859e+07]
At round 3 optimal decs: [0 1 0 0 0 1 1 0 0 1]
At round 3 optimal powers: [9.075779e-05 1.701332e-04 1.784882e-04 3.580627e-03 9.694927e-04 8.845412e-04 7.012992e-04 1.061217e-04 4.888817e-04 2.996261e-04]
At round 3 t_co: [0.343291 0.308104 0.272023 0.196767 0.397335 0.259351 0.14879  0.325464 0.416503 0.338072]
At round 3 e_co: [3.115634e-05 5.241879e-05 4.855286e-05 7.045508e-04 3.852137e-04 2.294067e-04 1.043461e-04 3.453881e-05 2.036209e-04 1.012952e-04]
At round 3 t_cp: [0.225384 0.206841 0.292    0.372682 0.167564 0.277927 0.402314 0.253207 0.151184 0.166821]
At round 3 e_cp: [3.378497e-06 5.480024e-06 1.085092e-05 4.066460e-04 2.267128e-05 4.848741e-05 1.033924e-04 4.850864e-06 9.882388e-06 6.958857e-06]
At round 3 average t_co: 0.4165033180553027 average t_cp: 0.40231401292334723 t: 0.5786713067044458
At round 3 average e_co: 0.0018951002553185899 average e_cp: 0.0006225986414122416 e: 0.002517698896730831
At round 3 a_n: 14.091616720954645
At round 3 local rounds: 16.400875148471407
At round 3 global rounds: 26.19977766048018
At round 3 tau: 13.276484851321342
At round 3 accuracy: 0.786046511627907
At round 3 training accuracy: 0.7773159144893111
At round 3 training loss: 0.5586325228001896
At round 3 test loss: 0.6438391111870548
gradient difference: 0.686850368976593
ground = 4 remain_eps = 0.003401569859894843	remain_tau = 12.697813544616896
update_location
xs = [-267.554921  387.554921 -372.554921 -334.258761 -184.258761  -84.258761  384.258761 -167.554921  484.258761  412.554921]
ys = [-287.554921  342.554921 -387.554921  447.127681  377.127681  327.127681   67.872319 -187.554921   17.872319  372.554921]
dists_uav = [697.294487 245.349866 840.798501 589.083532 427.017451 319.811481 259.025332 557.850906 362.847961 280.093909]
uav_gains = [5.820212e-13 2.439814e-11 3.768209e-13 8.658344e-13 1.968736e-12 5.940609e-12 1.881600e-11 9.866684e-13 3.375805e-12 1.232003e-11]
dists_bs = [ 341.640963  927.414476  389.154294 1004.380288  896.272425  831.408287  685.663012  354.537134  709.012191  965.170271]
bs_gains = [3.688589e-11 2.615440e-12 2.612148e-11 2.117339e-12 2.863218e-12 3.493916e-12 5.822736e-12 3.343620e-11 5.328295e-12 2.352990e-12]
At round 4 optimal eta: 0.46214746920503524
At round 4 optimal freqs: [5.312107e+07 6.422664e+07 7.189435e+07 2.217989e+08 1.106026e+08 1.203832e+08 1.369749e+08 5.764757e+07 8.678655e+07 7.471859e+07]
At round 4 optimal decs: [0 1 0 0 0 1 1 0 0 1]
At round 4 optimal powers: [9.075779e-05 1.701332e-04 1.784882e-04 3.580627e-03 9.694927e-04 8.845412e-04 7.012992e-04 1.061217e-04 4.888817e-04 2.996261e-04]
At round 4 t_co: [0.342236 0.292356 0.269331 0.195757 0.394842 0.248094 0.142702 0.327718 0.414961 0.318305]
At round 4 e_co: [3.106059e-05 4.973955e-05 4.807239e-05 7.009330e-04 3.827961e-04 2.194490e-04 1.000765e-04 3.477801e-05 2.028668e-04 9.537244e-05]
At round 4 t_cp: [0.225384 0.206841 0.292    0.372682 0.167564 0.277927 0.402314 0.253207 0.151184 0.166821]
At round 4 e_cp: [3.378497e-06 5.480024e-06 1.085092e-05 4.066460e-04 2.267128e-05 4.848741e-05 1.033924e-04 4.850864e-06 9.882388e-06 6.958857e-06]
At round 4 average t_co: 0.4149609270953304 average t_cp: 0.40231401292334723 t: 0.5809253083968522
At round 4 average e_co: 0.001865144432052465 average e_cp: 0.0006225986414122416 e: 0.0024877430734647063
At round 4 a_n: 14.091616720954645
At round 4 local rounds: 16.400875148471407
At round 4 global rounds: 26.19977766048018
At round 4 tau: 12.697813544616896
At round 4 accuracy: 0.7953488372093023
At round 4 training accuracy: 0.7933491686460807
At round 4 training loss: 0.4973492013510266
At round 4 test loss: 0.6503401274453532
gradient difference: 0.7931507229804993
ground = 5 remain_eps = 0.004619545440259608	remain_tau = 12.116888236220044
update_location
xs = [-264.443651  384.443651 -369.443651 -330.323452 -180.323452  -80.323452  380.323452 -164.443651  480.323452  409.443651]
ys = [-284.443651  339.443651 -384.443651  445.159601  375.159601  325.159601   69.840399 -184.443651   19.840399  369.443651]
dists_uav = [692.943938 241.425446 836.431825 584.756197 422.753391 315.657693 255.077347 553.528537 358.671303 276.043561]
uav_gains = [5.905903e-13 2.618002e-11 3.813903e-13 8.811984e-13 2.026983e-12 6.354455e-12 2.032173e-11 1.005391e-12 3.532770e-12 1.336956e-11]
dists_bs = [ 341.167091  923.288992  387.09415  1001.219384  893.543997  829.059844  685.101458  355.833562  707.77444   961.028806]
bs_gains = [3.702181e-11 2.646523e-12 2.649150e-11 2.135099e-12 2.886445e-12 3.520205e-12 5.835393e-12 3.311435e-11 5.353023e-12 2.379957e-12]
At round 5 optimal eta: 0.46214746920503524
At round 5 optimal freqs: [5.312107e+07 6.422664e+07 7.189435e+07 2.217989e+08 1.106026e+08 1.203832e+08 1.369749e+08 5.764757e+07 8.678655e+07 7.471859e+07]
At round 5 optimal decs: [0 1 0 0 0 1 1 0 0 1]
At round 5 optimal powers: [9.075779e-05 1.701332e-04 1.784882e-04 3.580627e-03 9.694927e-04 8.845412e-04 7.012992e-04 1.061217e-04 4.888817e-04 2.996261e-04]
At round 5 t_co: [0.341295 0.27809  0.266709 0.194754 0.392372 0.237128 0.137099 0.330075 0.413453 0.299923]
At round 5 e_co: [3.097514e-05 4.731238e-05 4.760444e-05 6.973411e-04 3.804016e-04 2.097492e-04 9.614734e-05 3.502817e-05 2.021298e-04 8.986465e-05]
At round 5 t_cp: [0.225384 0.206841 0.292    0.372682 0.167564 0.277927 0.402314 0.253207 0.151184 0.166821]
At round 5 e_cp: [3.378497e-06 5.480024e-06 1.085092e-05 4.066460e-04 2.267128e-05 4.848741e-05 1.033924e-04 4.850864e-06 9.882388e-06 6.958857e-06]
At round 5 average t_co: 0.41345335382409976 average t_cp: 0.40231401292334723 t: 0.5832826197452938
At round 5 average e_co: 0.0018365538023649118 average e_cp: 0.0006225986414122416 e: 0.0024591524437771527
At round 5 a_n: 14.091616720954645
At round 5 local rounds: 16.400875148471407
At round 5 global rounds: 26.19977766048018
At round 5 tau: 12.116888236220044
At round 5 accuracy: 0.8023255813953488
At round 5 training accuracy: 0.8064133016627079
At round 5 training loss: 0.4448593326715232
At round 5 test loss: 0.5792462212603915
gradient difference: 0.6598489880561829
ground = 6 remain_eps = 0.006273632750051194	remain_tau = 11.53360561647475
update_location
xs = [-261.332381  381.332381 -366.332381 -326.388142 -176.388142  -76.388142  376.388142 -161.332381  476.388142  406.332381]
ys = [-281.332381  336.332381 -381.332381  443.191522  373.191522  323.191522   71.808478 -181.332381   21.808478  366.332381]
dists_uav = [688.594018 237.517695 832.065501 580.429954 418.492145 311.510666 251.144388 549.207401 354.500048 272.004076]
uav_gains = [5.993435e-13 2.802638e-11 3.860397e-13 8.969722e-13 2.088374e-12 6.812551e-12 2.190890e-11 1.024657e-12 3.703324e-12 1.450869e-11]
dists_bs = [340.749381 919.166055 385.073262 998.067866 890.828945 826.728147 684.567724 357.179491 706.561922 956.889648]
bs_gains = [3.714220e-11 2.678098e-12 2.686152e-11 2.153011e-12 2.909816e-12 3.546576e-12 5.847457e-12 3.278470e-11 5.377401e-12 2.407336e-12]
At round 6 optimal eta: 0.46214746920503524
At round 6 optimal freqs: [5.312107e+07 6.422664e+07 7.189435e+07 2.217989e+08 1.106026e+08 1.203832e+08 1.369749e+08 5.764757e+07 8.678655e+07 7.471859e+07]
At round 6 optimal decs: [0 1 0 0 0 1 1 0 0 1]
At round 6 optimal powers: [9.075779e-05 1.701332e-04 1.784882e-04 3.580627e-03 9.694927e-04 8.845412e-04 7.012992e-04 1.061217e-04 4.888817e-04 2.996261e-04]
At round 6 t_co: [0.340466 0.265163 0.264157 0.193758 0.389926 0.226481 0.131953 0.332537 0.411981 0.282901]
At round 6 e_co: [3.089997e-05 4.511307e-05 4.714895e-05 6.937750e-04 3.780301e-04 2.003321e-04 9.253849e-05 3.528936e-05 2.014097e-04 8.476457e-05]
At round 6 t_cp: [0.225384 0.206841 0.292    0.372682 0.167564 0.277927 0.402314 0.253207 0.151184 0.166821]
At round 6 e_cp: [3.378497e-06 5.480024e-06 1.085092e-05 4.066460e-04 2.267128e-05 4.848741e-05 1.033924e-04 4.850864e-06 9.882388e-06 6.958857e-06]
At round 6 average t_co: 0.41198050230509664 average t_cp: 0.40231401292334723 t: 0.5857437943820382
At round 6 average e_co: 0.0018093013727627728 average e_cp: 0.0006225986414122416 e: 0.002431900014175014
At round 6 a_n: 14.091616720954645
At round 6 local rounds: 16.400875148471407
At round 6 global rounds: 26.19977766048018
At round 6 tau: 11.53360561647475
At round 6 accuracy: 0.813953488372093
At round 6 training accuracy: 0.8171021377672208
At round 6 training loss: 0.4124459908079129
At round 6 test loss: 0.543188740838366
gradient difference: 0.6251581907272339
ground = 7 remain_eps = 0.008519987170058673	remain_tau = 10.947861822092712
update_location
xs = [-258.221111  378.221111 -363.221111 -322.452832 -172.452832  -72.452832  372.452832 -158.221111  472.452832  403.221111]
ys = [-278.221111  333.221111 -378.221111  441.223442  371.223442  321.223442   73.776558 -178.221111   23.776558  363.221111]
dists_uav = [684.244739 233.627448 827.699534 576.104828 414.233801 307.370674 247.227172 544.887528 350.33439  267.975944]
uav_gains = [6.082864e-13 2.993202e-11 3.907711e-13 9.131713e-13 2.153180e-12 7.319753e-12 2.357265e-11 1.044491e-12 3.889067e-12 1.573914e-11]
dists_bs = [340.38804  915.045698 383.092252 994.925825 888.127392 824.41334  684.061877 358.574362 705.374767 952.752828]
bs_gains = [3.724677e-11 2.710174e-12 2.723119e-11 2.171077e-12 2.933331e-12 3.573027e-12 5.858923e-12 3.244782e-11 5.401418e-12 2.435134e-12]
At round 7 optimal eta: 0.46214746920503524
At round 7 optimal freqs: [5.312107e+07 6.422664e+07 7.189435e+07 2.217989e+08 1.106026e+08 1.203832e+08 1.369749e+08 5.764757e+07 8.678655e+07 7.471859e+07]
At round 7 optimal decs: [0 1 0 0 0 1 1 0 0 1]
At round 7 optimal powers: [9.075779e-05 1.701332e-04 1.784882e-04 3.580627e-03 9.694927e-04 8.845412e-04 7.012992e-04 1.061217e-04 4.888817e-04 2.996261e-04]
At round 7 t_co: [0.339751 0.253439 0.261675 0.192769 0.387503 0.216183 0.127233 0.335102 0.410542 0.267202]
At round 7 e_co: [3.083506e-05 4.311831e-05 4.670583e-05 6.902347e-04 3.756814e-04 1.912223e-04 8.922837e-05 3.556162e-05 2.007066e-04 8.006083e-05]
At round 7 t_cp: [0.225384 0.206841 0.292    0.372682 0.167564 0.277927 0.402314 0.253207 0.151184 0.166821]
At round 7 e_cp: [3.378497e-06 5.480024e-06 1.085092e-05 4.066460e-04 2.267128e-05 4.848741e-05 1.033924e-04 4.850864e-06 9.882388e-06 6.958857e-06]
At round 7 average t_co: 0.41054227848330055 average t_cp: 0.40231401292334723 t: 0.5883094068259533
At round 7 average e_co: 0.0017833550889696417 average e_cp: 0.0006225986414122416 e: 0.002405953730381883
At round 7 a_n: 14.091616720954645
At round 7 local rounds: 16.400875148471407
At round 7 global rounds: 26.19977766048018
At round 7 tau: 10.947861822092712
At round 7 accuracy: 0.8162790697674419
At round 7 training accuracy: 0.8212589073634204
At round 7 training loss: 0.3767865881335613
At round 7 test loss: 0.5590636533201319
gradient difference: 0.5616492033004761
ground = 8 remain_eps = 0.011570677511745018	remain_tau = 10.359552415266759
update_location
xs = [-255.109841  375.109841 -360.109841 -318.517523 -168.517523  -68.517523  368.517523 -155.109841  468.517523  400.109841]
ys = [-275.109841  330.109841 -375.109841  439.255362  369.255362  319.255362   75.744638 -175.109841   25.744638  360.109841]
dists_uav = [679.896112 229.755596 823.333928 571.780845 409.978448 303.238004 243.326458 540.568947 346.174531 263.959687]
uav_gains = [6.174244e-13 3.189260e-11 3.955862e-13 9.298121e-13 2.221705e-12 7.881217e-12 2.530755e-11 1.064915e-12 4.091804e-12 1.706130e-11]
dists_bs = [340.083247 910.927956 381.151741 991.793349 885.439462 822.115563 683.583976 360.017608 704.213102 948.618376]
bs_gains = [3.733530e-11 2.742760e-12 2.760013e-11 2.189295e-12 2.956988e-12 3.599552e-12 5.869783e-12 3.210426e-11 5.425062e-12 2.463361e-12]
At round 8 optimal eta: 0.46214746920503524
At round 8 optimal freqs: [5.312107e+07 6.422664e+07 7.189435e+07 2.217989e+08 1.106026e+08 1.203832e+08 1.369749e+08 5.764757e+07 8.678655e+07 7.471859e+07]
At round 8 optimal decs: [0 1 0 0 0 1 1 0 0 1]
At round 8 optimal powers: [9.075779e-05 1.701332e-04 1.784882e-04 3.580627e-03 9.694927e-04 8.845412e-04 7.012992e-04 1.061217e-04 4.888817e-04 2.996261e-04]
At round 8 t_co: [0.339149 0.242786 0.259261 0.191788 0.385104 0.206257 0.122907 0.337773 0.409139 0.252776]
At round 8 e_co: [3.078038e-05 4.130597e-05 4.627499e-05 6.867200e-04 3.733556e-04 1.824431e-04 8.619461e-05 3.584504e-05 2.000204e-04 7.573838e-05]
At round 8 t_cp: [0.225384 0.206841 0.292    0.372682 0.167564 0.277927 0.402314 0.253207 0.151184 0.166821]
At round 8 e_cp: [3.378497e-06 5.480024e-06 1.085092e-05 4.066460e-04 2.267128e-05 4.848741e-05 1.033924e-04 4.850864e-06 9.882388e-06 6.958857e-06]
At round 8 average t_co: 0.40913859020047866 average t_cp: 0.40231401292334723 t: 0.59098005217999
At round 8 average e_co: 0.0017586784843999015 average e_cp: 0.0006225986414122416 e: 0.002381277125812143
At round 8 a_n: 14.091616720954645
At round 8 local rounds: 16.400875148471407
At round 8 global rounds: 26.19977766048018
At round 8 tau: 10.359552415266759
At round 8 accuracy: 0.8232558139534883
At round 8 training accuracy: 0.8236342042755345
At round 8 training loss: 0.34749997794887705
At round 8 test loss: 0.5253344953666593
gradient difference: 0.5565353631973267
ground = 9 remain_eps = 0.015713706536001733	remain_tau = 9.768572363086768
update_location
xs = [-251.998571  371.998571 -356.998571 -314.582213 -164.582213  -64.582213  364.582213 -151.998571  464.582213  396.998571]
ys = [-271.998571  326.998571 -371.998571  437.287282  367.287282  317.287282   77.712718 -171.998571   27.712718  356.998571]
dists_uav = [675.54815  225.903083 818.968691 567.458031 405.726181 299.11296  239.443053 536.251689 342.020681 259.955853]
uav_gains = [6.267633e-13 3.390495e-11 4.004872e-13 9.469116e-13 2.294290e-12 8.502336e-12 2.710795e-11 1.085957e-12 4.313569e-12 1.847419e-11]
dists_bs = [339.835153 906.812866 379.252351 988.670531 882.765277 819.834962 683.134082 361.508648 703.077055 944.486325]
bs_gains = [3.740757e-11 2.775867e-12 2.796795e-11 2.207668e-12 2.980785e-12 3.626148e-12 5.880033e-12 3.175455e-11 5.448322e-12 2.492023e-12]
At round 9 optimal eta: 0.46214746920503524
At round 9 optimal freqs: [5.312107e+07 6.422664e+07 7.189435e+07 2.217989e+08 1.106026e+08 1.203832e+08 1.369749e+08 5.764757e+07 8.678655e+07 7.471859e+07]
At round 9 optimal decs: [0 1 0 0 0 1 1 0 0 1]
At round 9 optimal powers: [9.075779e-05 1.701332e-04 1.784882e-04 3.580627e-03 9.694927e-04 8.845412e-04 7.012992e-04 1.061217e-04 4.888817e-04 2.996261e-04]
At round 9 t_co: [0.338659 0.233085 0.256915 0.190813 0.382729 0.19673  0.118943 0.340549 0.407769 0.239562]
At round 9 e_co: [3.073593e-05 3.965543e-05 4.585637e-05 6.832310e-04 3.710525e-04 1.740158e-04 8.341450e-05 3.613966e-05 1.993510e-04 7.177911e-05]
At round 9 t_cp: [0.225384 0.206841 0.292    0.372682 0.167564 0.277927 0.402314 0.253207 0.151184 0.166821]
At round 9 e_cp: [3.378497e-06 5.480024e-06 1.085092e-05 4.066460e-04 2.267128e-05 4.848741e-05 1.033924e-04 4.850864e-06 9.882388e-06 6.958857e-06]
At round 9 average t_co: 0.40776934721021013 average t_cp: 0.40231401292334723 t: 0.5937563458166644
At round 9 average e_co: 0.001735231298243727 average e_cp: 0.0006225986414122416 e: 0.002357829939655969
At round 9 a_n: 14.091616720954645
At round 9 local rounds: 16.400875148471407
At round 9 global rounds: 26.19977766048018
At round 9 tau: 9.768572363086768
At round 9 accuracy: 0.827906976744186
At round 9 training accuracy: 0.8271971496437055
At round 9 training loss: 0.3345352023969731
At round 9 test loss: 0.4965714331846251
gradient difference: 0.5914930105209351
ground = 10 remain_eps = 0.021340200074623335	remain_tau = 9.174816017270103
update_location
xs = [-248.887302  368.887302 -353.887302 -310.646903 -160.646903  -60.646903  360.646903 -148.887302  460.646903  393.887302]
ys = [-268.887302  323.887302 -368.887302  435.319203  365.319203  315.319203   79.680797 -168.887302   29.680797  353.887302]
dists_uav = [671.200867 222.070917 814.603828 563.136412 401.477097 294.995862 235.577813 531.935788 337.873064 255.965027]
uav_gains = [6.363090e-13 3.596731e-11 4.054759e-13 9.644881e-13 2.371314e-12 9.188644e-12 2.896842e-11 1.107644e-12 4.556644e-12 1.997543e-11]
dists_bs = [339.643884 902.700464 377.394703 985.557461 880.104965 817.571678 682.71225  363.046895 701.966749 940.356704]
bs_gains = [3.746342e-11 2.809505e-12 2.833425e-11 2.226196e-12 3.004721e-12 3.652810e-12 5.889666e-12 3.139925e-11 5.471189e-12 2.521129e-12]
At round 10 optimal eta: 0.46214746920503524
At round 10 optimal freqs: [5.312107e+07 6.422664e+07 7.189435e+07 2.217989e+08 1.106026e+08 1.203832e+08 1.369749e+08 5.764757e+07 8.678655e+07 7.471859e+07]
At round 10 optimal decs: [0 1 0 0 0 1 1 0 0 1]
At round 10 optimal powers: [9.075779e-05 1.701332e-04 1.784882e-04 3.580627e-03 9.694927e-04 8.845412e-04 7.012992e-04 1.061217e-04 4.888817e-04 2.996261e-04]
At round 10 t_co: [0.338282 0.224222 0.254638 0.189846 0.380376 0.187622 0.115308 0.343432 0.406434 0.227492]
At round 10 e_co: [3.070170e-05 3.814766e-05 4.544988e-05 6.797674e-04 3.687721e-04 1.659595e-04 8.086550e-05 3.644557e-05 1.986984e-04 6.816240e-05]
At round 10 t_cp: [0.225384 0.206841 0.292    0.372682 0.167564 0.277927 0.402314 0.253207 0.151184 0.166821]
At round 10 e_cp: [3.378497e-06 5.480024e-06 1.085092e-05 4.066460e-04 2.267128e-05 4.848741e-05 1.033924e-04 4.850864e-06 9.882388e-06 6.958857e-06]
At round 10 average t_co: 0.406434461192628 average t_cp: 0.40231401292334723 t: 0.5966389230519173
At round 10 average e_co: 0.0017129700539928268 average e_cp: 0.0006225986414122416 e: 0.0023355686954050683
At round 10 a_n: 14.091616720954645
At round 10 local rounds: 16.400875148471407
At round 10 global rounds: 26.19977766048018
At round 10 tau: 9.174816017270103
At round 10 accuracy: 0.8302325581395349
At round 10 training accuracy: 0.8319477434679335
At round 10 training loss: 0.3239309755918626
At round 10 test loss: 0.4851609149882786
gradient difference: 0.5466062426567078
ground = 11 remain_eps = 0.028981331564362337	remain_tau = 8.578177094218185
update_location
xs = [-245.776032  365.776032 -350.776032 -306.711594 -156.711594  -56.711594  356.711594 -145.776032  456.711594  390.776032]
ys = [-265.776032  320.776032 -365.776032  433.351123  363.351123  313.351123   81.648877 -165.776032   31.648877  350.776032]
dists_uav = [666.854275 218.260169 810.239345 558.816017 397.2313   290.887048 231.731648 527.621276 333.73191  251.987827]
uav_gains = [6.460678e-13 3.807952e-11 4.105546e-13 9.825607e-13 2.453205e-12 9.945680e-12 3.088417e-11 1.130005e-12 4.823588e-12 2.156136e-11]
dists_bs = [339.509536 898.590786 375.579417 982.454233 877.458651 815.325858 682.318531 364.631749 700.882307 936.229546]
bs_gains = [3.750272e-11 2.843684e-12 2.869861e-11 2.244879e-12 3.028795e-12 3.679534e-12 5.898676e-12 3.103889e-11 5.493651e-12 2.550688e-12]
At round 11 optimal eta: 0.46214746920503524
At round 11 optimal freqs: [5.312107e+07 6.422664e+07 7.189435e+07 2.217989e+08 1.106026e+08 1.203832e+08 1.369749e+08 5.764757e+07 8.678655e+07 7.471859e+07]
At round 11 optimal decs: [0 1 0 0 0 1 1 0 0 1]
At round 11 optimal powers: [9.075779e-05 1.701332e-04 1.784882e-04 3.580627e-03 9.694927e-04 8.845412e-04 7.012992e-04 1.061217e-04 4.888817e-04 2.996261e-04]
At round 11 t_co: [0.338017 0.216098 0.252428 0.188886 0.378047 0.178951 0.111972 0.346421 0.405134 0.216489]
At round 11 e_co: [3.067767e-05 3.676536e-05 4.505546e-05 6.763293e-04 3.665143e-04 1.582898e-04 7.852556e-05 3.676282e-05 1.980625e-04 6.486582e-05]
At round 11 t_cp: [0.225384 0.206841 0.292    0.372682 0.167564 0.277927 0.402314 0.253207 0.151184 0.166821]
At round 11 e_cp: [3.378497e-06 5.480024e-06 1.085092e-05 4.066460e-04 2.267128e-05 4.848741e-05 1.033924e-04 4.850864e-06 9.882388e-06 6.958857e-06]
At round 11 average t_co: 0.4051338457688764 average t_cp: 0.40231401292334723 t: 0.5996284388077638
At round 11 average e_co: 0.0016918485970988466 average e_cp: 0.0006225986414122416 e: 0.0023144472385110883
At round 11 a_n: 14.091616720954645
At round 11 local rounds: 16.400875148471407
At round 11 global rounds: 26.19977766048018
At round 11 tau: 8.578177094218185
At round 11 accuracy: 0.8325581395348837
At round 11 training accuracy: 0.830166270783848
At round 11 training loss: 0.30796709616424445
At round 11 test loss: 0.49212134379907985
gradient difference: 0.45554119348526
ground = 12 remain_eps = 0.03935846788251491	remain_tau = 7.978548655410422
update_location
xs = [-242.664762  362.664762 -347.664762 -302.776284 -152.776284  -52.776284  352.776284 -142.664762  452.776284  387.664762]
ys = [-262.664762  317.664762 -362.664762  431.383043  361.383043  311.383043   83.616957 -162.664762   33.616957  347.664762]
dists_uav = [662.508388 214.471981 805.875249 554.496873 392.988895 286.786873 227.905523 523.308188 329.597464 248.024907]
uav_gains = [6.560460e-13 4.024299e-11 4.157252e-13 1.001150e-12 2.540443e-12 1.077883e-11 3.285137e-11 1.153071e-12 5.117258e-12 2.322731e-11]
dists_bs = [339.432176 894.483869 373.807108 979.36094  874.826463 813.097644 681.952974 366.262607 699.823849 932.104885]
bs_gains = [3.752538e-11 2.878415e-12 2.906060e-11 2.263717e-12 3.053005e-12 3.706315e-12 5.907059e-12 3.067398e-11 5.515697e-12 2.580708e-12]
At round 12 optimal eta: 0.46214746920503524
At round 12 optimal freqs: [5.312107e+07 6.422664e+07 7.189435e+07 2.217989e+08 1.106026e+08 1.203832e+08 1.369749e+08 5.764757e+07 8.678655e+07 7.471859e+07]
At round 12 optimal decs: [0 1 0 0 0 1 1 0 0 1]
At round 12 optimal powers: [9.075779e-05 1.701332e-04 1.784882e-04 3.580627e-03 9.694927e-04 8.845412e-04 7.012992e-04 1.061217e-04 4.888817e-04 2.996261e-04]
At round 12 t_co: [0.337865 0.208619 0.250286 0.187933 0.375742 0.170732 0.108903 0.349518 0.403867 0.206477]
At round 12 e_co: [3.066384e-05 3.549298e-05 4.467303e-05 6.729166e-04 3.642789e-04 1.510191e-04 7.637353e-05 3.709149e-05 1.974434e-04 6.186578e-05]
At round 12 t_cp: [0.225384 0.206841 0.292    0.372682 0.167564 0.277927 0.402314 0.253207 0.151184 0.166821]
At round 12 e_cp: [3.378497e-06 5.480024e-06 1.085092e-05 4.066460e-04 2.267128e-05 4.848741e-05 1.033924e-04 4.850864e-06 9.882388e-06 6.958857e-06]
At round 12 average t_co: 0.40386741651527713 average t_cp: 0.40231401292334723 t: 0.6027255672642049
At round 12 average e_co: 0.0016718185965568413 average e_cp: 0.0006225986414122416 e: 0.002294417237969083
At round 12 a_n: 14.091616720954645
At round 12 local rounds: 16.400875148471407
At round 12 global rounds: 26.19977766048018
At round 12 tau: 7.978548655410422
At round 12 accuracy: 0.8325581395348837
At round 12 training accuracy: 0.8355106888361045
At round 12 training loss: 0.29182497768449767
At round 12 test loss: 0.46621339956168517
gradient difference: 0.5009755492210388
ground = 13 remain_eps = 0.05345127054009609	remain_tau = 7.375823088146217
update_location
xs = [-239.553492  359.553492 -344.553492 -298.840974 -148.840974  -48.840974  348.840974 -139.553492  448.840974  384.553492]
ys = [-259.553492  314.553492 -359.553492  429.414963  359.414963  309.414963   85.585037 -159.553492   35.585037  344.553492]
dists_uav = [658.16322  210.707569 801.511545 550.179011 388.749993 282.695713 224.100464 518.996558 325.469982 244.076963]
uav_gains = [6.662505e-13 4.246075e-11 4.209901e-13 1.020276e-12 2.633567e-12 1.169311e-11 3.486749e-11 1.176877e-12 5.440831e-12 2.496790e-11]
dists_bs = [339.411842 890.379753 372.078393 976.277677 872.208527 810.887183 681.615625 367.938856 698.791494 927.982753]
bs_gains = [3.753134e-11 2.913708e-12 2.941977e-11 2.282712e-12 3.077348e-12 3.733150e-12 5.914810e-12 3.030505e-11 5.537317e-12 2.611198e-12]
At round 13 optimal eta: 0.46214746920503524
At round 13 optimal freqs: [5.312107e+07 6.422664e+07 7.189435e+07 2.217989e+08 1.106026e+08 1.203832e+08 1.369749e+08 5.764757e+07 8.678655e+07 7.471859e+07]
At round 13 optimal decs: [0 1 0 0 0 1 1 0 0 1]
At round 13 optimal powers: [9.075779e-05 1.701332e-04 1.784882e-04 3.580627e-03 9.694927e-04 8.845412e-04 7.012992e-04 1.061217e-04 4.888817e-04 2.996261e-04]
At round 13 t_co: [0.337825 0.201705 0.24821  0.186987 0.373459 0.162972 0.106074 0.352724 0.402635 0.197373]
At round 13 e_co: [3.066021e-05 3.431666e-05 4.430252e-05 6.695291e-04 3.620659e-04 1.441555e-04 7.438938e-05 3.743166e-05 1.968409e-04 5.913810e-05]
At round 13 t_cp: [0.225384 0.206841 0.292    0.372682 0.167564 0.277927 0.402314 0.253207 0.151184 0.166821]
At round 13 e_cp: [3.378497e-06 5.480024e-06 1.085092e-05 4.066460e-04 2.267128e-05 4.848741e-05 1.033924e-04 4.850864e-06 9.882388e-06 6.958857e-06]
At round 13 average t_co: 0.40263509097720085 average t_cp: 0.40231401292334723 t: 0.605931001500902
At round 13 average e_co: 0.0016528300188228854 average e_cp: 0.0006225986414122416 e: 0.0022754286602351273
At round 13 a_n: 14.091616720954645
At round 13 local rounds: 16.400875148471407
At round 13 global rounds: 26.19977766048018
At round 13 tau: 7.375823088146217
At round 13 accuracy: 0.8372093023255814
At round 13 training accuracy: 0.834916864608076
At round 13 training loss: 0.2837523650457627
At round 13 test loss: 0.4560981377569395
gradient difference: 0.6057740449905396
ground = 14 remain_eps = 0.07259018137796441	remain_tau = 6.769892086645315
update_location
xs = [-236.442222  356.442222 -341.442222 -294.905665 -144.905665  -44.905665  344.905665 -136.442222  444.905665  381.442222]
ys = [-256.442222  311.442222 -356.442222  427.446884  357.446884  307.446884   87.553116 -156.442222   37.553116  341.442222]
dists_uav = [653.818786 206.968232 797.148239 545.862461 384.514712 278.613966 220.317563 514.686425 321.349732 240.144734]
uav_gains = [6.766881e-13 4.473726e-11 4.263515e-13 1.039963e-12 2.733186e-12 1.269297e-11 3.693140e-11 1.201456e-12 5.797816e-12 2.677742e-11]
dists_bs = [339.448546 886.278477 370.39388  973.204538 869.604974 808.69462  681.306526 369.65988  697.785356 923.863184]
bs_gains = [3.752058e-11 2.949575e-12 2.977566e-11 2.301864e-12 3.101824e-12 3.760031e-12 5.921923e-12 2.993260e-11 5.558500e-12 2.642167e-12]
At round 14 optimal eta: 0.46214746920503524
At round 14 optimal freqs: [5.312107e+07 6.422664e+07 7.189435e+07 2.217989e+08 1.106026e+08 1.203832e+08 1.369749e+08 5.764757e+07 8.678655e+07 7.471859e+07]
At round 14 optimal decs: [0 1 0 0 0 1 1 0 1 1]
At round 14 optimal powers: [9.075779e-05 1.701332e-04 1.784882e-04 3.580627e-03 9.694927e-04 8.845412e-04 7.012992e-04 1.061217e-04 4.888817e-04 2.996261e-04]
At round 14 t_co: [0.337897 0.195284 0.2462   0.186048 0.3712   0.155677 0.103457 0.356038 0.388497 0.189098]
At round 14 e_co: [3.066677e-05 3.322421e-05 4.394386e-05 6.661669e-04 3.598752e-04 1.377031e-04 7.255439e-05 3.778339e-05 1.899291e-04 5.665860e-05]
At round 14 t_cp: [0.225384 0.206841 0.292    0.372682 0.167564 0.277927 0.402314 0.253207 0.151184 0.166821]
At round 14 e_cp: [3.378497e-06 5.480024e-06 1.085092e-05 4.066460e-04 2.267128e-05 4.848741e-05 1.033924e-04 4.850864e-06 9.882388e-06 6.958857e-06]
At round 14 average t_co: 0.3884970187115155 average t_cp: 0.40231401292334723 t: 0.6092454531291758
At round 14 average e_co: 0.0016285055662553173 average e_cp: 0.0006225986414122416 e: 0.002251104207667559
At round 14 a_n: 14.091616720954645
At round 14 local rounds: 16.400875148471407
At round 14 global rounds: 26.19977766048018
At round 14 tau: 6.769892086645315
At round 14 accuracy: 0.8395348837209302
At round 14 training accuracy: 0.8456057007125891
At round 14 training loss: 0.25831066432924427
At round 14 test loss: 0.4473136050752977
gradient difference: 0.5690029859542847
ground = 15 remain_eps = 0.09858202394895399	remain_tau = 6.16064663351614
update_location
xs = [-233.330952  353.330952 -338.330952 -290.970355 -140.970355  -40.970355  340.970355 -133.330952  440.970355  378.330952]
ys = [-253.330952  308.330952 -353.330952  425.478804  355.478804  305.478804   89.521196 -153.330952   39.521196  338.330952]
dists_uav = [649.4751   203.255352 792.78534  541.547254 380.28317  274.542051 216.557981 510.377825 317.236995 236.229005]
uav_gains = [6.873662e-13 4.707832e-11 4.318116e-13 1.060235e-12 2.839986e-12 1.378204e-11 3.904353e-11 1.226848e-12 6.192067e-12 2.865035e-11]
dists_bs = [339.542269 882.180078 368.754177 970.141621 867.015931 806.520101 681.025714 371.425055 696.80555  919.746212]
bs_gains = [3.749314e-11 2.986028e-12 3.012781e-11 2.321173e-12 3.126431e-12 3.786956e-12 5.928396e-12 2.955710e-11 5.579237e-12 2.673624e-12]
At round 15 optimal eta: 0.46214746920503524
At round 15 optimal freqs: [5.312107e+07 6.422664e+07 7.189435e+07 2.217989e+08 1.106026e+08 1.203832e+08 1.369749e+08 5.764757e+07 8.678655e+07 7.471859e+07]
At round 15 optimal decs: [0 1 0 0 0 1 1 0 1 1]
At round 15 optimal powers: [9.075779e-05 1.701332e-04 1.784882e-04 3.580627e-03 9.694927e-04 8.845412e-04 7.012992e-04 1.061217e-04 4.888817e-04 2.996261e-04]
At round 15 t_co: [0.338081 0.189293 0.244257 0.185116 0.368963 0.148847 0.101029 0.359462 0.369323 0.181572]
At round 15 e_co: [3.068352e-05 3.220499e-05 4.359699e-05 6.628298e-04 3.577068e-04 1.316615e-04 7.085135e-05 3.814677e-05 1.805551e-04 5.440355e-05]
At round 15 t_cp: [0.225384 0.206841 0.292    0.372682 0.167564 0.277927 0.402314 0.253207 0.151184 0.166821]
At round 15 e_cp: [3.378497e-06 5.480024e-06 1.085092e-05 4.066460e-04 2.267128e-05 4.848741e-05 1.033924e-04 4.850864e-06 9.882388e-06 6.958857e-06]
At round 15 average t_co: 0.36932268696409554 average t_cp: 0.40231401292334723 t: 0.6126696519149064
At round 15 average e_co: 0.001602640443130896 average e_cp: 0.0006225986414122416 e: 0.0022252390845431376
At round 15 a_n: 14.091616720954645
At round 15 local rounds: 16.400875148471407
At round 15 global rounds: 26.19977766048018
At round 15 tau: 6.16064663351614
At round 15 accuracy: 0.8395348837209302
At round 15 training accuracy: 0.8420427553444181
At round 15 training loss: 0.26205489908684976
At round 15 test loss: 0.45181560932059384
gradient difference: 0.38655245304107666
ground = 16 remain_eps = 0.13388057808080192	remain_tau = 5.547976981601233
update_location
xs = [-230.219683  350.219683 -335.219683 -287.035045 -137.035045  -37.035045  337.035045 -130.219683  437.035045  375.219683]
ys = [-250.219683  305.219683 -350.219683  423.510724  353.510724  303.510724   91.489276 -150.219683   41.489276  335.219683]
dists_uav = [645.132177 199.570407 788.422853 537.233423 376.055495 270.480413 212.822954 506.070798 313.132067 232.33061 ]
uav_gains = [6.982923e-13 4.949082e-11 4.373731e-13 1.081116e-12 2.954744e-12 1.496291e-11 4.120582e-11 1.253094e-12 6.627782e-12 3.058171e-11]
dists_bs = [339.692963 878.084599 367.159882 967.089021 864.441531 804.363773 680.773226 373.233755 695.852187 915.631874]
bs_gains = [3.744908e-11 3.023077e-12 3.047574e-11 2.340639e-12 3.151165e-12 3.813919e-12 5.934225e-12 2.917905e-11 5.599516e-12 2.705579e-12]
At round 16 optimal eta: 0.46214746920503524
At round 16 optimal freqs: [5.312107e+07 6.422664e+07 7.189435e+07 2.217989e+08 1.106026e+08 1.203832e+08 1.369749e+08 5.764757e+07 8.678655e+07 7.471859e+07]
At round 16 optimal decs: [0 1 0 0 0 1 1 0 1 1]
At round 16 optimal powers: [9.075779e-05 1.701332e-04 1.784882e-04 3.580627e-03 9.694927e-04 8.845412e-04 7.012992e-04 1.061217e-04 4.888817e-04 2.996261e-04]
At round 16 t_co: [0.338378 0.183678 0.242379 0.184191 0.366749 0.142476 0.098766 0.362997 0.350735 0.174718]
At round 16 e_co: [3.071048e-05 3.124978e-05 4.326185e-05 6.595178e-04 3.555605e-04 1.260263e-04 6.926456e-05 3.852188e-05 1.714681e-04 5.235011e-05]
At round 16 t_cp: [0.225384 0.206841 0.292    0.372682 0.167564 0.277927 0.402314 0.253207 0.151184 0.166821]
At round 16 e_cp: [3.378497e-06 5.480024e-06 1.085092e-05 4.066460e-04 2.267128e-05 4.848741e-05 1.033924e-04 4.850864e-06 9.882388e-06 6.958857e-06]
At round 16 average t_co: 0.36674902018849614 average t_cp: 0.40231401292334723 t: 0.6162043453929682
At round 16 average e_co: 0.0015779313807265855 average e_cp: 0.0006225986414122416 e: 0.0022005300221388273
At round 16 a_n: 14.091616720954645
At round 16 local rounds: 16.400875148471407
At round 16 global rounds: 26.19977766048018
At round 16 tau: 5.547976981601233
At round 16 accuracy: 0.8418604651162791
At round 16 training accuracy: 0.8497624703087886
At round 16 training loss: 0.2483277025097953
At round 16 test loss: 0.4458525332615011
gradient difference: 0.5430788993835449
ground = 17 remain_eps = 0.18181823084227602	remain_tau = 4.931772636208265
update_location
xs = [-227.108413  347.108413 -332.108413 -283.099736 -133.099736  -33.099736  333.099736 -127.108413  433.099736  372.108413]
ys = [-247.108413  302.108413 -347.108413  421.542645  351.542645  301.542645   93.457355 -147.108413   43.457355  332.108413]
dists_uav = [640.790032 195.914973 784.060785 532.921    371.831818 266.429521 209.113798 501.765384 309.03526  228.450437]
uav_gains = [7.094743e-13 5.198259e-11 4.430382e-13 1.102635e-12 3.078335e-12 1.623692e-11 4.342164e-11 1.280237e-12 7.109486e-12 3.256752e-11]
dists_bs = [339.900553 873.99208  365.611591 964.046838 861.881903 802.225781 680.549092 375.085352 694.925376 911.520204]
bs_gains = [3.738850e-11 3.060735e-12 3.081894e-11 2.360263e-12 3.176025e-12 3.840913e-12 5.939405e-12 2.879889e-11 5.619328e-12 2.738040e-12]
At round 17 optimal eta: 0.46214746920503524
At round 17 optimal freqs: [5.312107e+07 6.422664e+07 7.189435e+07 2.217989e+08 1.106026e+08 1.203832e+08 1.369749e+08 5.764757e+07 8.678655e+07 7.471859e+07]
At round 17 optimal decs: [0 1 0 0 0 1 1 0 1 1]
At round 17 optimal powers: [9.075779e-05 1.701332e-04 1.784882e-04 3.580627e-03 9.694927e-04 8.845412e-04 7.012992e-04 1.061217e-04 4.888817e-04 2.996261e-04]
At round 17 t_co: [0.338788 0.178394 0.240567 0.183273 0.364558 0.136555 0.096649 0.366643 0.332783 0.168465]
At round 17 e_co: [3.074765e-05 3.035070e-05 4.293837e-05 6.562308e-04 3.534363e-04 1.207888e-04 6.777990e-05 3.890880e-05 1.626918e-04 5.047659e-05]
At round 17 t_cp: [0.225384 0.206841 0.292    0.372682 0.167564 0.277927 0.402314 0.253207 0.151184 0.166821]
At round 17 e_cp: [3.378497e-06 5.480024e-06 1.085092e-05 4.066460e-04 2.267128e-05 4.848741e-05 1.033924e-04 4.850864e-06 9.882388e-06 6.958857e-06]
At round 17 average t_co: 0.3666431205781114 average t_cp: 0.40231401292334723 t: 0.6198502984738439
At round 17 average e_co: 0.0015543496312680075 average e_cp: 0.0006225986414122416 e: 0.0021769482726802488
At round 17 a_n: 14.091616720954645
At round 17 local rounds: 16.400875148471407
At round 17 global rounds: 26.19977766048018
At round 17 tau: 4.931772636208265
At round 17 accuracy: 0.8441860465116279
At round 17 training accuracy: 0.8521377672209026
At round 17 training loss: 0.2416890651919685
At round 17 test loss: 0.4425747034768032
gradient difference: 0.44737958908081055
ground = 18 remain_eps = 0.24692057309958368	remain_tau = 4.311922337734421
update_location
xs = [-223.997143  343.997143 -328.997143 -279.164426 -129.164426  -29.164426  329.164426 -123.997143  429.164426  368.997143]
ys = [-243.997143  298.997143 -343.997143  419.574565  349.574565  299.574565   95.425435 -143.997143   45.425435  328.997143]
dists_uav = [636.448683 192.290732 779.699144 528.610021 367.612278 262.389873 205.431914 497.461625 304.946902 224.589429]
uav_gains = [7.209203e-13 5.456217e-11 4.488097e-13 1.124819e-12 3.211753e-12 1.760402e-11 4.569568e-11 1.308324e-12 7.642000e-12 3.460508e-11]
dists_bs = [340.164935 869.902563 364.109889 961.01517  859.337181 800.106273 680.353341 376.979211 694.025223 907.411238]
bs_gains = [3.731155e-11 3.099013e-12 3.115692e-11 2.380046e-12 3.201010e-12 3.867935e-12 5.943935e-12 2.841708e-11 5.638663e-12 2.771019e-12]
At round 18 optimal eta: 0.46214746920503524
At round 18 optimal freqs: [5.312107e+07 6.422664e+07 7.189435e+07 2.217989e+08 1.106026e+08 1.203832e+08 1.369749e+08 5.764757e+07 8.678655e+07 7.471859e+07]
At round 18 optimal decs: [0 1 0 0 0 1 1 0 1 1]
At round 18 optimal powers: [9.075779e-05 1.701332e-04 1.784882e-04 3.580627e-03 9.694927e-04 8.845412e-04 7.012992e-04 1.061217e-04 4.888817e-04 2.996261e-04]
At round 18 t_co: [0.33931  0.1734   0.23882  0.182362 0.36239  0.13107  0.09466  0.370401 0.315513 0.162745]
At round 18 e_co: [3.079503e-05 2.950104e-05 4.262649e-05 6.529687e-04 3.513340e-04 1.159370e-04 6.638481e-05 3.930760e-05 1.542484e-04 4.876273e-05]
At round 18 t_cp: [0.225384 0.206841 0.292    0.372682 0.167564 0.277927 0.402314 0.253207 0.151184 0.166821]
At round 18 e_cp: [3.378497e-06 5.480024e-06 1.085092e-05 4.066460e-04 2.267128e-05 4.848741e-05 1.033924e-04 4.850864e-06 9.882388e-06 6.958857e-06]
At round 18 average t_co: 0.37040111514736784 average t_cp: 0.40231401292334723 t: 0.6236082930431004
At round 18 average e_co: 0.0015318657399193793 average e_cp: 0.0006225986414122416 e: 0.0021544643813316213
At round 18 a_n: 14.091616720954645
At round 18 local rounds: 16.400875148471407
At round 18 global rounds: 26.19977766048018
At round 18 tau: 4.311922337734421
At round 18 accuracy: 0.8465116279069768
At round 18 training accuracy: 0.8521377672209026
At round 18 training loss: 0.23533778603123065
At round 18 test loss: 0.4391310068302203
gradient difference: 0.5585111975669861
ground = 19 remain_eps = 0.3353336413921935	remain_tau = 3.6883140446913205
update_location
xs = [-220.885873  340.885873 -325.885873 -275.229116 -125.229116  -25.229116  325.229116 -120.885873  425.229116  365.885873]
ys = [-240.885873  295.885873 -340.885873  417.606485  347.606485  297.606485   97.393515 -140.885873   47.393515  325.885873]
dists_uav = [632.108144 188.699483 775.337935 524.300521 363.397019 258.361997 201.778794 493.159565 300.867335 220.748592]
uav_gains = [7.326390e-13 5.723867e-11 4.546901e-13 1.147700e-12 3.356119e-12 1.906274e-11 4.803377e-11 1.337406e-12 8.230387e-12 3.669319e-11]
dists_bs = [340.485976 865.81609  362.655357 957.994117 856.807496 798.005397 680.185996 378.914701 693.151832 903.305014]
bs_gains = [3.721839e-11 3.137925e-12 3.148917e-11 2.399988e-12 3.226115e-12 3.894979e-12 5.947811e-12 2.803404e-11 5.657510e-12 2.804525e-12]
At round 19 optimal eta: 0.46214746920503524
At round 19 optimal freqs: [5.312107e+07 6.422664e+07 7.189435e+07 2.217989e+08 1.106026e+08 1.203832e+08 1.369749e+08 5.764757e+07 8.678655e+07 7.471859e+07]
At round 19 optimal decs: [0 1 0 0 0 1 1 0 1 1]
At round 19 optimal powers: [9.075779e-05 1.701332e-04 1.784882e-04 3.580627e-03 9.694927e-04 8.845412e-04 7.012992e-04 1.061217e-04 4.888817e-04 2.996261e-04]
At round 19 t_co: [0.339945 0.168663 0.237137 0.181457 0.360244 0.126004 0.092782 0.374272 0.298965 0.157496]
At round 19 e_co: [3.085264e-05 2.869513e-05 4.232616e-05 6.497314e-04 3.492537e-04 1.114553e-04 6.506822e-05 3.971838e-05 1.461585e-04 4.718986e-05]
At round 19 t_cp: [0.225384 0.206841 0.292    0.372682 0.167564 0.277927 0.402314 0.253207 0.151184 0.166821]
At round 19 e_cp: [3.378497e-06 5.480024e-06 1.085092e-05 4.066460e-04 2.267128e-05 4.848741e-05 1.033924e-04 4.850864e-06 9.882388e-06 6.958857e-06]
At round 19 average t_co: 0.37427194965869587 average t_cp: 0.40231401292334723 t: 0.6274791275544284
At round 19 average e_co: 0.0015104492750644355 average e_cp: 0.0006225986414122416 e: 0.002133047916476677
At round 19 a_n: 14.091616720954645
At round 19 local rounds: 16.400875148471407
At round 19 global rounds: 26.19977766048018
At round 19 tau: 3.6883140446913205
At round 19 accuracy: 0.8488372093023255
At round 19 training accuracy: 0.8586698337292161
At round 19 training loss: 0.22340151753323778
At round 19 test loss: 0.4374297847859417
gradient difference: 0.4859468340873718
ground = 20 remain_eps = 0.455404139224954	remain_tau = 3.060834917136892
update_location
xs = [-217.774603  337.774603 -322.774603 -271.293807 -121.293807  -21.293807  321.293807 -117.774603  421.293807  362.774603]
ys = [-237.774603  292.774603 -337.774603  415.638405  345.638405  295.638405   99.361595 -137.774603   49.361595  322.774603]
dists_uav = [627.768434 185.143145 770.977168 519.992536 359.18619  254.346451 198.15603  488.859249 296.796924 216.928999]
uav_gains = [7.446392e-13 6.002154e-11 4.606821e-13 1.171309e-12 3.512704e-12 2.061020e-11 5.044265e-11 1.367538e-12 8.879867e-12 3.883230e-11]
dists_bs = [340.863516 861.732705 361.248562 954.983779 854.292983 795.923299 680.04708  380.891186 692.305303 899.201568]
bs_gains = [3.710925e-11 3.177483e-12 3.181517e-11 2.420088e-12 3.251340e-12 3.922038e-12 5.951031e-12 2.765019e-11 5.675861e-12 2.838568e-12]
At round 20 optimal eta: 0.46214746920503524
At round 20 optimal freqs: [5.312107e+07 6.422664e+07 7.189435e+07 2.217989e+08 1.106026e+08 1.203832e+08 1.369749e+08 5.764757e+07 8.678655e+07 7.471859e+07]
At round 20 optimal decs: [0 1 0 0 0 1 1 0 1 1]
At round 20 optimal powers: [9.075779e-05 1.701332e-04 1.784882e-04 3.580627e-03 9.694927e-04 8.845412e-04 7.012992e-04 1.061217e-04 4.888817e-04 2.996261e-04]
At round 20 t_co: [0.340692 0.164155 0.235519 0.18056  0.35812  0.121335 0.091003 0.378256 0.283177 0.15266 ]
At round 20 e_co: [3.092050e-05 2.792822e-05 4.203731e-05 6.465189e-04 3.471952e-04 1.073257e-04 6.382051e-05 4.014122e-05 1.384400e-04 4.574093e-05]
At round 20 t_cp: [0.225384 0.206841 0.292    0.372682 0.167564 0.277927 0.402314 0.253207 0.151184 0.166821]
At round 20 e_cp: [3.378497e-06 5.480024e-06 1.085092e-05 4.066460e-04 2.267128e-05 4.848741e-05 1.033924e-04 4.850864e-06 9.882388e-06 6.958857e-06]
At round 20 average t_co: 0.3782564387212267 average t_cp: 0.40231401292334723 t: 0.6314636166169592
At round 20 average e_co: 0.0014900685594051084 average e_cp: 0.0006225986414122416 e: 0.00211266720081735
At round 20 a_n: 14.091616720954645
At round 20 local rounds: 16.400875148471407
At round 20 global rounds: 26.19977766048018
At round 20 tau: 3.060834917136892
At round 20 accuracy: 0.8511627906976744
At round 20 training accuracy: 0.8622327790973872
At round 20 training loss: 0.20918890978736907
At round 20 test loss: 0.43255570081329736
gradient difference: 0.40266045928001404
ground = 21 remain_eps = 0.6184674140124891	remain_tau = 2.429371300519933
update_location
xs = [-214.663333  334.663333 -319.663333 -267.358497 -117.358497  -17.358497  317.358497 -114.663333  417.358497  359.663333]
ys = [-234.663333  289.663333 -334.663333  413.670326  343.670326  293.670326  101.329674 -134.663333   51.329674  319.663333]
dists_uav = [623.429568 181.623769 766.616849 515.686106 354.97995  250.34383  194.565318 484.560722 292.73605  213.13179 ]
uav_gains = [7.569304e-13 6.292042e-11 4.667887e-13 1.195684e-12 3.682948e-12 2.224232e-11 5.292983e-11 1.398779e-12 9.595711e-12 4.102448e-11]
dists_bs = [341.297368 857.652451 359.890067 951.984259 851.793775 793.860128 679.93661  382.908031 691.485737 895.10094 ]
bs_gains = [3.698437e-11 3.217700e-12 3.213442e-11 2.440347e-12 3.276681e-12 3.949108e-12 5.953594e-12 2.726592e-11 5.693705e-12 2.873159e-12]
At round 21 optimal eta: 0.46214746920503524
At round 21 optimal freqs: [5.312107e+07 6.422664e+07 7.189435e+07 2.217989e+08 1.106026e+08 1.203832e+08 1.369749e+08 5.764757e+07 8.678655e+07 7.471859e+07]
At round 21 optimal decs: [0 1 0 0 0 1 1 0 1 1]
At round 21 optimal powers: [9.075779e-05 1.701332e-04 1.784882e-04 3.580627e-03 9.694927e-04 8.845412e-04 7.012992e-04 1.061217e-04 4.888817e-04 2.996261e-04]
At round 21 t_co: [0.341553 0.159853 0.233964 0.17967  0.35602  0.117041 0.08931  0.382355 0.268179 0.148187]
At round 21 e_co: [3.099862e-05 2.719638e-05 4.175989e-05 6.433312e-04 3.451584e-04 1.035279e-04 6.263336e-05 4.057621e-05 1.311079e-04 4.440061e-05]
At round 21 t_cp: [0.225384 0.206841 0.292    0.372682 0.167564 0.277927 0.402314 0.253207 0.151184 0.166821]
At round 21 e_cp: [3.378497e-06 5.480024e-06 1.085092e-05 4.066460e-04 2.267128e-05 4.848741e-05 1.033924e-04 4.850864e-06 9.882388e-06 6.958857e-06]
At round 21 average t_co: 0.3823554126818634 average t_cp: 0.40231401292334723 t: 0.6355625905775959
At round 21 average e_co: 0.0014706904331769962 average e_cp: 0.0006225986414122416 e: 0.0020932890745892383
At round 21 a_n: 14.091616720954645
At round 21 local rounds: 16.400875148471407
At round 21 global rounds: 26.19977766048018
At round 21 tau: 2.429371300519933
At round 21 accuracy: 0.8511627906976744
At round 21 training accuracy: 0.8610451306413301
At round 21 training loss: 0.20647292595197428
At round 21 test loss: 0.4337342460444847
gradient difference: 0.43616849184036255
ground = 22 remain_eps = 0.8399175792435052	remain_tau = 1.7938087099423372
update_location
xs = [-211.552064  331.552064 -316.552064 -263.423187 -113.423187  -13.423187  313.423187 -111.552064  413.423187  356.552064]
ys = [-231.552064  286.552064 -331.552064  411.702246  341.702246  291.702246  103.297754 -131.552064   53.297754  316.552064]
dists_uav = [619.091566 178.143545 762.256986 511.381268 350.778464 246.354762 191.008465 480.264033 288.685115 209.358185]
uav_gains = [7.695221e-13 6.594504e-11 4.730126e-13 1.220859e-12 3.868478e-12 2.395405e-11 5.550334e-11 1.431193e-12 1.038309e-11 4.327341e-11]
dists_bs = [341.787317 853.575374 358.580418 948.995659 849.310008 791.816032 679.854598 384.964602 690.693229 891.003169]
bs_gains = [3.684404e-11 3.258589e-12 3.244637e-11 2.460766e-12 3.302136e-12 3.976181e-12 5.955497e-12 2.688162e-11 5.711034e-12 2.908309e-12]
At round 22 optimal eta: 0.46214746920503524
At round 22 optimal freqs: [5.312107e+07 6.422664e+07 7.189435e+07 2.217989e+08 1.106026e+08 1.203832e+08 1.369749e+08 5.764757e+07 8.678655e+07 7.471859e+07]
At round 22 optimal decs: [0 1 0 0 0 1 1 0 1 1]
At round 22 optimal powers: [9.075779e-05 1.701332e-04 1.784882e-04 3.580627e-03 9.694927e-04 8.845412e-04 7.012992e-04 1.061217e-04 4.888817e-04 2.996261e-04]
At round 22 t_co: [0.342527 0.155739 0.232474 0.178787 0.353941 0.113098 0.087694 0.38657  0.253994 0.14403 ]
At round 22 e_co: [3.108702e-05 2.649634e-05 4.149386e-05 6.401680e-04 3.431433e-04 1.000400e-04 6.149965e-05 4.102344e-05 1.241732e-04 4.315524e-05]
At round 22 t_cp: [0.225384 0.206841 0.292    0.372682 0.167564 0.277927 0.402314 0.253207 0.151184 0.166821]
At round 22 e_cp: [3.378497e-06 5.480024e-06 1.085092e-05 4.066460e-04 2.267128e-05 4.848741e-05 1.033924e-04 4.850864e-06 9.882388e-06 6.958857e-06]
At round 22 average t_co: 0.38656971720336 average t_cp: 0.40231401292334723 t: 0.6397768950990925
At round 22 average e_co: 0.0014522800796943373 average e_cp: 0.0006225986414122416 e: 0.002074878721106579
At round 22 a_n: 14.091616720954645
At round 22 local rounds: 16.400875148471407
At round 22 global rounds: 26.19977766048018
At round 22 tau: 1.7938087099423372
At round 22 accuracy: 0.8511627906976744
At round 22 training accuracy: 0.8622327790973872
At round 22 training loss: 0.19899767340261926
At round 22 test loss: 0.4597475562389045
gradient difference: 0.47259417176246643
ground = 23 remain_eps = 1.1406608075684712	remain_tau = 1.1540318148432447
update_location
xs = [-208.440794  328.440794 -313.440794 -259.487878 -109.487878   -9.487878  309.487878 -108.440794  409.487878  353.440794]
ys = [-228.440794  283.440794 -328.440794  409.734166  339.734166  289.734166  105.265834 -128.440794   55.265834  313.440794]
dists_uav = [614.754445 174.704813 757.897587 507.078065 346.581905 242.379918 187.487398 475.969232 284.644544 205.609482]
uav_gains = [7.824247e-13 6.910499e-11 4.793568e-13 1.246876e-12 4.071131e-12 2.573981e-11 5.817159e-11 1.464849e-12 1.124691e-11 4.558418e-11]
dists_bs = [342.333123 849.50152  357.320154 946.018082 846.841818 789.791158 679.801056 387.060266 689.927872 886.908293]
bs_gains = [3.668858e-11 3.300164e-12 3.275051e-11 2.481344e-12 3.327702e-12 4.003253e-12 5.956740e-12 2.649764e-11 5.727838e-12 2.944028e-12]
Model saved in /Volumes/Research/code/fedcom-torch/models/mnist/s3
