Arguments:
	      dataset : mnist
	learning_rate : 0.01
	        model : mclr
	 model_params : (784, 10)
	        optim : 1
	      sce_idx : 3
	          tau : 15.0
['f_00000', 'f_00001', 'f_00002', 'f_00003', 'f_00004', 'f_00005', 'f_00006', 'f_00007', 'f_00008', 'f_00009']
10
dict_keys(['x', 'y'])
id = f_00000, model = <class 'flearn.models.mnist.mclr.Model'>, device = cpu, num_samples = 73
id = f_00001, model = <class 'flearn.models.mnist.mclr.Model'>, device = cpu, num_samples = 81
id = f_00002, model = <class 'flearn.models.mnist.mclr.Model'>, device = cpu, num_samples = 128
id = f_00003, model = <class 'flearn.models.mnist.mclr.Model'>, device = cpu, num_samples = 504
id = f_00004, model = <class 'flearn.models.mnist.mclr.Model'>, device = cpu, num_samples = 113
id = f_00005, model = <class 'flearn.models.mnist.mclr.Model'>, device = cpu, num_samples = 204
id = f_00006, model = <class 'flearn.models.mnist.mclr.Model'>, device = cpu, num_samples = 336
id = f_00007, model = <class 'flearn.models.mnist.mclr.Model'>, device = cpu, num_samples = 89
id = f_00008, model = <class 'flearn.models.mnist.mclr.Model'>, device = cpu, num_samples = 80
id = f_00009, model = <class 'flearn.models.mnist.mclr.Model'>, device = cpu, num_samples = 76
BaseFederated generated!
num_samples = [ 73  81 128 504 113 204 336  89  80  76]
msize = 300240
xs = [-280.  400. -385. -350. -200. -100.  400. -180.  500.  425.]
ys = [-300.  355. -400.  455.  385.  335.   60. -200.   10.  385.]
dists_uav = [714.702735 261.199158 858.268606 606.403331 444.100214 336.489227 274.954542 575.152154 379.605058 296.395007]
uav_gains = [5.494875e-13 1.802536e-11 3.593089e-13 8.081917e-13 1.762643e-12 4.643011e-12 1.366745e-11 9.167988e-13 2.857829e-12 8.947599e-12]
dists_bs = [ 344.093011  943.941206  397.775062 1017.116021  907.317475  840.966706  688.186021  349.857114  714.212853  981.758626]
bs_gains = [3.619341e-11 2.495838e-12 2.464796e-11 2.047806e-12 2.771778e-12 3.389665e-12 5.766337e-12 3.463460e-11 5.226094e-12 2.249096e-12]
v = 5.617977528089887 a_0 = 16.71676777513677
SystemModel __init__!
solve_bound_eta tau = 15.0
af = [0.049454 0.054873 0.086714 0.341434 0.076552 0.1382   0.227623 0.060293 0.054196 0.051486]
bf = [0.510943 0.569116 0.541452 0.879632 0.818055 0.730436 0.596033 0.514264 0.712872 0.642496]
tmp = [-1.744121e-125 -1.674071e-112 -6.669098e-071 -4.809468e-017 -6.838367e-079 -1.560535e-043 -2.171456e-026 -1.132652e-102 -8.984308e-113 -2.271971e-119]
w0 = [-1.744121e-125+0.j -1.674071e-112+0.j -6.669098e-071+0.j -4.809468e-017+0.j -6.838367e-079+0.j -1.560535e-043+0.j -2.171456e-026+0.j -1.132652e-102+0.j -8.984308e-113+0.j -2.271971e-119+0.j]
w_1 = [-292.946877+0.j -262.946221+0.j -166.702266+0.j  -41.294079+0.j -185.203127+0.j -103.202827+0.j  -63.238732+0.j -240.220675+0.j -263.570959+0.j -278.817536+0.j]
xs_min = [-292.981652 -262.985049 -166.739253  -41.35601  -185.259512 -103.253236  -63.279929 -240.255707 -263.619835 -278.861471]
xs_max = [-0.034775 -0.038827 -0.036986 -0.061931 -0.056385 -0.05041  -0.041198 -0.035032 -0.048877 -0.043935]
solve_bound_eta x_min = -41.35600982148166	x_max = -0.06193052392717391
solve_bound_eta eta_min = 1.094745430207518e-18	eta_max = 0.9399481884314042
af = 0.9126598062830943	bf = 0.6515299262760551	zeta = 0.9217864043459253	eta = 0.99009900990099
af = 0.9126598062830943	bf = 0.6515299262760551	zeta = 66.72173052380019	eta = 0.01367859914780749
af = 0.9126598062830943	bf = 0.6515299262760551	zeta = 4.631953975022547	eta = 0.19703559474134275
af = 0.9126598062830943	bf = 0.6515299262760551	zeta = 2.6576868505567472	eta = 0.34340381602591935
af = 0.9126598062830943	bf = 0.6515299262760551	zeta = 2.4779686109433077	eta = 0.3683096719839663
af = 0.9126598062830943	bf = 0.6515299262760551	zeta = 2.4745083811358644	eta = 0.3688246979645142
af = 0.9126598062830943	bf = 0.6515299262760551	zeta = 2.4745069700554936	eta = 0.3688249082857208
eta = 0.3688249082857208
opt_as = [0.208111 0.208111 0.208111 0.208111 0.208111 0.208111 0.208111 0.208111 0.208111 0.208111]
opt_bs = [9048.353179  623.959564 6161.990667  511.951403  692.944528  847.416125 1441.584338 8658.649719 1306.523561  562.274031]
opt_cs = [ 5901484.063855  6548222.043456 10347807.67361  40744492.714838  9135173.961858 16491818.479815 27162995.143225  7194960.023057  6467379.796006  6144010.806206]
opt_tau = [0.566355 0.566355 0.566355 0.566355 0.566355 0.566355 0.566355 0.566355 0.566355 0.566355]
iter = 17 converged! (z, t) = (2.091529249176779, 22.21235581085132)
iter = 14 converged! (z, t) = (2.3984339655487474, 10.264735450768587)
iter = 15 converged! (z, t) = (1.8328897347383932, 17.86962715149538)
iter = 15 converged! (z, t) = (1.454949960654663, 6.468719729780893)
iter = 12 converged! (z, t) = (2.2734778262863764, 10.204562402877672)
iter = 16 converged! (z, t) = (1.9528484089576832, 9.698554731782265)
iter = 17 converged! (z, t) = (1.4992699864880845, 9.363519722564888)
iter = 14 converged! (z, t) = (1.9868308419166163, 21.24747076097334)
iter = 15 converged! (z, t) = (2.3240969577033272, 12.78509723161799)
iter = 15 converged! (z, t) = (2.4261074454781646, 10.002688289445317)
opt_freqs = [4.501999e+07 9.742092e+07 5.596088e+07 1.545901e+08 9.799538e+07 1.031081e+08 1.067974e+08 4.706443e+07 7.821607e+07 9.997312e+07]
opt_powers = [6.775128e-05 8.290754e-04 1.177574e-04 1.930569e-03 7.972957e-04 7.891591e-04 6.578640e-04 7.555386e-05 4.115347e-04 9.072278e-04]
bs_ene = [0.000813 0.011125 0.001275 0.018061 0.010223 0.008959 0.006257 0.00087  0.005377 0.012294]
opt_as = [0.208111 0.208111 0.208111 0.208111 0.208111 0.208111 0.208111 0.208111 0.208111 0.208111]
opt_bs = [ 137.371869 4506.34093    89.827233  202.04792   440.660857 1160.752682 3416.861729  229.199698  714.457246 2236.899695]
opt_cs = [ 5901484.063855  6548222.043456 10347807.67361  40744492.714838  9135173.961858 16491818.479815 27162995.143225  7194960.023057  6467379.796006  6144010.806206]
opt_tau = [0.566355 0.566355 0.566355 0.566355 0.566355 0.566355 0.566355 0.566355 0.566355 0.566355]
iter = 14 converged! (z, t) = (2.53790722418733, 6.471239373021085)
iter = 15 converged! (z, t) = (2.1498805696724914, 18.16406652236803)
iter = 10 converged! (z, t) = (2.4495394376645976, 5.4678423578979425)
iter = 9 converged! (z, t) = (1.6778343945948577, 5.330293650163873)
iter = 16 converged! (z, t) = (2.3292268090530452, 8.934531940881534)
iter = 19 converged! (z, t) = (1.889774676779992, 10.494483122279886)
iter = 13 converged! (z, t) = (1.2870811384126353, 10.989214129551936)
iter = 15 converged! (z, t) = (2.462311538474513, 7.494436734814538)
iter = 13 converged! (z, t) = (2.3892634074834977, 10.688139345540707)
iter = 19 converged! (z, t) = (2.2762893686062364, 15.077340221589472)
opt_freqs = [1.545299e+08 5.505375e+07 1.828875e+08 1.876069e+08 1.119253e+08 9.528816e+07 9.099832e+07 1.334323e+08 9.356165e+07 6.632470e+07]
opt_powers = [0.003516 0.000131 0.005613 0.004033 0.001217 0.000601 0.000344 0.002186 0.000727 0.000247]
uav_ene = [0.049551 0.00161  0.076696 0.041095 0.015926 0.006656 0.003035 0.030005 0.00973  0.003166]
optimize_network iter = 0 obj = 0.051084987671334035
solve_bound_eta tau = 15.0
af = [2.196971 1.993448 3.099077 4.417288 1.562355 2.900668 5.002796 2.562147 1.385801 1.552548]
bf = [7.276294 7.479295 6.376504 5.061676 7.909282 6.574403 4.477672 6.912055 8.085382 7.919063]
tmp = [-0.202981 -0.172989 -0.299496 -0.357956 -0.10263  -0.283201 -0.365958 -0.2492   -0.073693 -0.100994]
w0 = [-0.264417+0.j -0.214341+0.j -0.487794+0.j -0.784002+0.j -0.115156+0.j -0.439514+0.j -0.901125+0.j -0.355626+0.j -0.079816+0.j -0.113086+0.j]
w_1 = [-2.518182+0.j -2.775278+0.j -1.785168+0.j -1.252437+0.j -3.541048+0.j -1.907276+0.j -1.105856+0.j -2.159272+0.j -3.992185+0.j -3.563414+0.j]
xs_min = [-3.251199 -3.55837  -2.294807 -1.465868 -4.423326 -2.465195 -1.202165 -2.801079 -4.909802 -4.447762]
xs_max = [-0.997433 -0.997433 -0.997433 -0.997433 -0.997433 -0.997433 -0.997433 -0.997433 -0.997433 -0.997433]
solve_bound_eta x_min = -1.20216510699395	x_max = -0.9974332508446542
solve_bound_eta eta_min = 0.3005427996605328	eta_max = 0.36882490828571945
af = 0.0026528348576135407	bf = 0.029597546082693597	zeta = 0.002679363206189676	eta = 0.9900990099009901
af = 0.0026528348576135407	bf = 0.029597546082693597	zeta = 2.9920182093897902	eta = 0.0008866372702172075
af = 0.0026528348576135407	bf = 0.029597546082693597	zeta = 0.04828467835702775	eta = 0.05494154559750578
af = 0.0026528348576135407	bf = 0.029597546082693597	zeta = 0.039462858294828394	eta = 0.06722358623377249
af = 0.0026528348576135407	bf = 0.029597546082693597	zeta = 0.03940867964510266	eta = 0.06731600453260073
eta = 0.06731600453260073
opt_as = [0.208111 0.208111 0.208111 0.208111 0.208111 0.208111 0.208111 0.208111 0.208111 0.208111]
opt_bs = [9048.353179  623.959564 6161.990667  511.951403  692.944528  847.416125 1441.584338 8658.649719 1306.523561  562.274031]
opt_cs = [ 7112815.033026  7892301.611988 12471785.263388 49107654.474591 11010247.927835 19876907.763525 32738436.316394  8671788.19095   7794865.789618  7405122.500137]
opt_tau = [0.627625 0.627625 0.627625 0.627625 0.627625 0.627625 0.627625 0.627625 0.627625 0.627625]
iter = 16 converged! (z, t) = (2.2130995556295057, 23.486555121500825)
iter = 14 converged! (z, t) = (2.601708905528387, 10.919733783457634)
iter = 14 converged! (z, t) = (1.909860588806035, 18.4546745605955)
iter = 11 converged! (z, t) = (1.4734029963106894, 6.5365400487027365)
iter = 13 converged! (z, t) = (2.445048304421575, 10.788544529948103)
iter = 13 converged! (z, t) = (2.0527029760493543, 10.083848988176412)
iter = 12 converged! (z, t) = (1.5233759728556138, 9.487143660735141)
iter = 21 converged! (z, t) = (2.093451325522344, 22.135639414011383)
iter = 16 converged! (z, t) = (2.507728210289193, 13.565365429521355)
iter = 13 converged! (z, t) = (2.6367224024012126, 10.654132442363705)
opt_freqs = [4.257755e+07 9.157732e+07 5.418681e+07 1.529861e+08 9.269091e+07 9.916848e+07 1.054058e+08 4.517602e+07 7.371714e+07 9.386029e+07]
opt_powers = [6.313017e-05 7.511354e-04 1.116670e-04 1.897280e-03 7.292019e-04 7.407118e-04 6.436741e-04 7.071883e-05 3.750310e-04 8.202425e-04]
bs_ene = [0.000726 0.009878 0.001148 0.016651 0.009094 0.00803  0.005746 0.000779 0.004779 0.010913]
opt_as = [0.208111 0.208111 0.208111 0.208111 0.208111 0.208111 0.208111 0.208111 0.208111 0.208111]
opt_bs = [ 137.371869 4506.34093    89.827233  202.04792   440.660857 1160.752682 3416.861729  229.199698  714.457246 2236.899695]
opt_cs = [ 7112815.033026  7892301.611988 12471785.263388 49107654.474591 11010247.927835 19876907.763525 32738436.316394  8671788.19095   7794865.789618  7405122.500137]
opt_tau = [0.627625 0.627625 0.627625 0.627625 0.627625 0.627625 0.627625 0.627625 0.627625 0.627625]
iter = 12 converged! (z, t) = (2.7790708545893734, 6.927067093609459)
iter = 17 converged! (z, t) = (2.2906630890470834, 19.121638186698355)
iter = 11 converged! (z, t) = (2.666498333300573, 5.829034912247167)
iter = 9 converged! (z, t) = (1.7279320569024366, 5.45788595603979)
iter = 15 converged! (z, t) = (2.514438759720664, 9.476958896202271)
iter = 13 converged! (z, t) = (1.9771840549601867, 10.8745293762467)
iter = 12 converged! (z, t) = (1.2870649088206867, 10.989317297235838)
iter = 12 converged! (z, t) = (2.682497089512434, 7.999383850756291)
iter = 14 converged! (z, t) = (2.5896053847328413, 11.379375195812282)
iter = 14 converged! (z, t) = (2.450815875304935, 15.878772827590748)
opt_freqs = [1.443612e+08 5.229677e+07 1.715550e+08 1.832211e+08 1.055191e+08 9.195800e+07 9.099746e+07 1.250096e+08 8.787829e+07 6.297716e+07]
opt_powers = [0.003153 0.000121 0.005066 0.003879 0.001108 0.000567 0.000344 0.001971 0.00066  0.000225]
uav_ene = [0.043932 0.001435 0.06806  0.037278 0.014154 0.005979 0.002849 0.026622 0.008641 0.002816]
optimize_network iter = 1 obj = 0.04625535321965051
solve_bound_eta tau = 15.0
af = [2.322999 2.098539 3.20054  4.4636   1.651765 3.005713 5.002843 2.669248 1.470376 1.635074]
bf = [7.69923  7.969068 6.644281 5.125873 8.506164 6.878495 4.477615 7.282981 8.724224 8.526229]
tmp = [-0.278697 -0.250678 -0.344386 -0.367861 -0.178129 -0.334711 -0.365958 -0.311976 -0.1429   -0.175003]
w0 = [-0.427254+0.j -0.358915+0.j -0.679303+0.j -0.990087+0.j -0.222523+0.j -0.625862+0.j -0.901116+0.j -0.530054+0.j -0.169253+0.j -0.217529+0.j]
w_1 = [-1.940656+0.j -2.148229+0.j -1.408557+0.j -1.009979+0.j -2.729288+0.j -1.499858+0.j -1.105866+0.j -1.688918+0.j -3.06598 +0.j -2.757149+0.j]
xs_min = [-2.715567 -2.99148  -1.931419 -1.222057 -3.70893  -2.076161 -1.202165 -2.361029 -4.098891 -3.741785]
xs_max = [-1.202165 -1.202165 -1.202165 -1.202165 -1.202165 -1.202165 -0.997415 -1.202165 -1.202165 -1.202165]
solve_bound_eta x_min = -1.2021651069939527	x_max = -1.202165106993951
solve_bound_eta eta_min = 0.30054279966053205	eta_max = 0.30054279966053254
Done!
af = 0.002563698025796303	bf = 0.02927165155224832	zeta = 0.0025893350060542664	eta = 0.99009900990099
af = 0.002563698025796303	bf = 0.02927165155224832	zeta = 2.9590132807770377	eta = 0.0008664030142923439
af = 0.002563698025796303	bf = 0.02927165155224832	zeta = 0.047389756133749635	eta = 0.0540981476790194
af = 0.002563698025796303	bf = 0.02927165155224832	zeta = 0.03885164627754072	eta = 0.06598685696565502
af = 0.002563698025796303	bf = 0.02927165155224832	zeta = 0.03880090058764886	eta = 0.06607315776099233
eta = 0.06607315776099233
At round 0 optimal eta: 0.30054279966053205
At round 0 optimal freqs: [4.257755e+07 5.229677e+07 5.418681e+07 1.529861e+08 9.269091e+07 9.195800e+07 9.099746e+07 4.517602e+07 7.371714e+07 6.297716e+07]
At round 0 optimal decs: [0 1 0 0 0 1 1 0 0 1]
At round 0 optimal powers: [6.313017e-05 1.214660e-04 1.116670e-04 1.897280e-03 7.292019e-04 5.670989e-04 3.438401e-04 7.071883e-05 3.750310e-04 2.252441e-04]
At round 0 t_co: [0.460569 0.476711 0.397462 0.306631 0.50884  0.411473 0.267852 0.435669 0.521885 0.510041]
At round 0 e_co: [2.907581e-05 5.790417e-05 4.438341e-05 5.817642e-04 3.710473e-04 2.333458e-04 9.209817e-05 3.081002e-05 1.957229e-04 1.148836e-04]
At round 0 t_cp: [0.167056 0.150914 0.230163 0.320994 0.118785 0.216152 0.359773 0.191956 0.10574  0.117584]
At round 0 e_cp: [1.289445e-06 2.158507e-06 3.661979e-06 1.149353e-04 9.459570e-06 1.680846e-05 2.710919e-05 1.769801e-06 4.235899e-06 2.936962e-06]
At round 0 average t_co: 0.5218845955090349 average t_cp: 0.35977306449620355 t: 0.6276247984192733
At round 0 average e_co: 0.0017510353643713776 average e_cp: 0.00018436508498165 e: 0.0019354004493530275
At round 0 a_n: 16.71676777513677
At round 0 local rounds: 9.743582237022052
At round 0 global rounds: 23.899629265412685
At round 0 tau: 15.0
At round 0 accuracy: 0.1325581395348837
At round 0 training accuracy: 0.1342042755344418
At round 0 training loss: 2.3845214211884134
At round 0 test loss: 2.3595341666724328
gradient difference: 29.399402618408203
ground = 1 remain_eps = 0.0014065328688582888	remain_tau = 14.372375201580727
update_location
xs = [-276.88873  396.88873 -381.88873 -346.06469 -196.06469  -96.06469  396.06469 -176.88873  496.06469  421.88873]
ys = [-296.88873  351.88873 -396.88873  453.03192  383.03192  333.03192   61.96808 -196.88873   11.96808  381.88873]
dists_uav = [710.349787 257.215492 853.90058  602.071858 439.8257   332.310872 270.952857 570.825129 375.408552 292.30561 ]
uav_gains = [5.573691e-13 1.949518e-11 3.635755e-13 8.220571e-13 1.810530e-12 4.921303e-12 1.482062e-11 9.335520e-13 2.973071e-12 9.675801e-12]
dists_bs = [ 343.397083  939.80587   395.564073 1013.918444  904.536752  838.552685  687.513899  350.950231  712.875509  977.608221]
bs_gains = [3.638811e-11 2.525047e-12 2.501474e-11 2.064964e-12 2.794416e-12 3.415585e-12 5.781288e-12 3.434946e-11 5.252115e-12 2.274488e-12]
At round 1 optimal eta: 0.30054279966053205
At round 1 optimal freqs: [4.257755e+07 5.229677e+07 5.418681e+07 1.529861e+08 9.269091e+07 9.195800e+07 9.099746e+07 4.517602e+07 7.371714e+07 6.297716e+07]
At round 1 optimal decs: [0 1 0 0 0 1 1 0 0 1]
At round 1 optimal powers: [6.313017e-05 1.214660e-04 1.116670e-04 1.897280e-03 7.292019e-04 5.670989e-04 3.438401e-04 7.071883e-05 3.750310e-04 2.252441e-04]
At round 1 t_co: [0.458586 0.447558 0.392924 0.30478  0.505457 0.393193 0.25332  0.438544 0.519752 0.478493]
At round 1 e_co: [2.895063e-05 5.436305e-05 4.387667e-05 5.782539e-04 3.685800e-04 2.229790e-04 8.710159e-05 3.101333e-05 1.949232e-04 1.077776e-04]
At round 1 t_cp: [0.167056 0.150914 0.230163 0.320994 0.118785 0.216152 0.359773 0.191956 0.10574  0.117584]
At round 1 e_cp: [1.289445e-06 2.158507e-06 3.661979e-06 1.149353e-04 9.459570e-06 1.680846e-05 2.710919e-05 1.769801e-06 4.235899e-06 2.936962e-06]
At round 1 average t_co: 0.5197521853018598 average t_cp: 0.35977306449620355 t: 0.6304997996118524
At round 1 average e_co: 0.0017178189940973327 average e_cp: 0.00018436508498165 e: 0.0019021840790789826
At round 1 a_n: 16.71676777513677
At round 1 local rounds: 9.743582237022052
At round 1 global rounds: 23.899629265412685
At round 1 tau: 14.372375201580727
At round 1 accuracy: 0.7441860465116279
At round 1 training accuracy: 0.7203087885985748
At round 1 training loss: 1.0794444835360617
At round 1 test loss: 1.1289295716572179
gradient difference: 1.6353124380111694
ground = 2 remain_eps = 0.001978334711178728	remain_tau = 13.741875401968874
update_location
xs = [-273.77746   393.77746  -378.77746  -342.129381 -192.129381  -92.129381  392.129381 -173.77746   492.129381  418.77746 ]
ys = [-293.77746   348.77746  -393.77746   451.063841  381.063841  331.063841   63.936159 -193.77746    13.936159  378.77746 ]
dists_uav = [705.997423 253.245609 849.532883 597.741385 435.553684 328.138312 266.963708 566.499229 371.216758 288.225362]
uav_gains = [5.654156e-13 2.105031e-11 3.679153e-13 8.362774e-13 1.860718e-12 5.227995e-12 1.606337e-11 9.507689e-13 3.097138e-12 1.047733e-11]
dists_bs = [ 342.756231  935.672948  393.389873 1010.729906  901.768923  836.154848  686.869306  352.094944  711.56286   973.460007]
bs_gains = [3.656868e-11 2.554711e-12 2.538278e-11 2.082272e-12 2.817203e-12 3.441603e-12 5.795677e-12 3.405431e-11 5.277830e-12 2.300263e-12]
At round 2 optimal eta: 0.30054279966053205
At round 2 optimal freqs: [4.257755e+07 5.229677e+07 5.418681e+07 1.529861e+08 9.269091e+07 9.195800e+07 9.099746e+07 4.517602e+07 7.371714e+07 6.297716e+07]
At round 2 optimal decs: [0 1 0 0 0 1 1 0 0 1]
At round 2 optimal powers: [6.313017e-05 1.214660e-04 1.116670e-04 1.897280e-03 7.292019e-04 5.670989e-04 3.438401e-04 7.071883e-05 3.750310e-04 2.252441e-04]
At round 2 t_co: [0.456766 0.421086 0.3885   0.302944 0.502105 0.375263 0.239914 0.44157  0.517665 0.448778]
At round 2 e_co: [2.883571e-05 5.114764e-05 4.338263e-05 5.747701e-04 3.661360e-04 2.128110e-04 8.249189e-05 3.122732e-05 1.941406e-04 1.010846e-04]
At round 2 t_cp: [0.167056 0.150914 0.230163 0.320994 0.118785 0.216152 0.359773 0.191956 0.10574  0.117584]
At round 2 e_cp: [1.289445e-06 2.158507e-06 3.661979e-06 1.149353e-04 9.459570e-06 1.680846e-05 2.710919e-05 1.769801e-06 4.235899e-06 2.936962e-06]
At round 2 average t_co: 0.5176653343686594 average t_cp: 0.35977306449620355 t: 0.6335256194426055
At round 2 average e_co: 0.0016860273753329825 average e_cp: 0.00018436508498165 e: 0.0018703924603146328
At round 2 a_n: 16.71676777513677
At round 2 local rounds: 9.743582237022052
At round 2 global rounds: 23.899629265412685
At round 2 tau: 13.741875401968874
At round 2 accuracy: 0.7883720930232558
At round 2 training accuracy: 0.7636579572446556
At round 2 training loss: 0.7463947765924397
At round 2 test loss: 0.845465190500714
gradient difference: 1.8569068908691406
ground = 3 remain_eps = 0.00278259279687615	remain_tau = 13.108349782526268
update_location
xs = [-270.66619   390.66619  -375.66619  -338.194071 -188.194071  -88.194071  388.194071 -170.66619   488.194071  415.66619 ]
ys = [-290.66619   345.66619  -390.66619   449.095761  379.095761  329.095761   65.904239 -190.66619    15.904239  375.66619 ]
dists_uav = [701.645652 249.290168 845.165522 593.411936 431.284243 323.97177  262.987665 562.174479 367.029838 284.154656]
uav_gains = [5.736313e-13 2.268636e-11 3.723298e-13 8.508654e-13 1.913387e-12 5.566505e-12 1.739564e-11 9.684679e-13 3.231013e-12 1.135723e-11]
dists_bs = [ 342.170762  931.542473  391.253075 1007.550491  899.014107  833.773335  686.252319  353.29075   710.275042  969.314015]
bs_gains = [3.673473e-11 2.584839e-12 2.575179e-11 2.099730e-12 2.840137e-12 3.467715e-12 5.809495e-12 3.374971e-11 5.303226e-12 2.326428e-12]
At round 3 optimal eta: 0.30054279966053205
At round 3 optimal freqs: [4.257755e+07 5.229677e+07 5.418681e+07 1.529861e+08 9.269091e+07 9.195800e+07 9.099746e+07 4.517602e+07 7.371714e+07 6.297716e+07]
At round 3 optimal decs: [0 1 0 0 0 1 1 0 0 1]
At round 3 optimal powers: [6.313017e-05 1.214660e-04 1.116670e-04 1.897280e-03 7.292019e-04 5.670989e-04 3.438401e-04 7.071883e-05 3.750310e-04 2.252441e-04]
At round 3 t_co: [0.455108 0.397096 0.384189 0.301122 0.498786 0.357724 0.227587 0.444747 0.515624 0.420924]
At round 3 e_co: [2.873102e-05 4.823370e-05 4.290120e-05 5.713126e-04 3.637153e-04 2.028649e-04 7.825363e-05 3.145202e-05 1.933750e-04 9.481057e-05]
At round 3 t_cp: [0.167056 0.150914 0.230163 0.320994 0.118785 0.216152 0.359773 0.191956 0.10574  0.117584]
At round 3 e_cp: [1.289445e-06 2.158507e-06 3.661979e-06 1.149353e-04 9.459570e-06 1.680846e-05 2.710919e-05 1.769801e-06 4.235899e-06 2.936962e-06]
At round 3 average t_co: 0.5156239056287678 average t_cp: 0.35977306449620355 t: 0.6367030539988754
At round 3 average e_co: 0.0016556499230642343 average e_cp: 0.00018436508498165 e: 0.0018400150080458842
At round 3 a_n: 16.71676777513677
At round 3 local rounds: 9.743582237022052
At round 3 global rounds: 23.899629265412685
At round 3 tau: 13.108349782526268
At round 3 accuracy: 0.7976744186046512
At round 3 training accuracy: 0.7826603325415677
At round 3 training loss: 0.6089915421034076
At round 3 test loss: 0.6957124166566042
gradient difference: 1.7323440313339233
ground = 4 remain_eps = 0.003913808229454621	remain_tau = 12.471646728527393
update_location
xs = [-267.554921  387.554921 -372.554921 -334.258761 -184.258761  -84.258761  384.258761 -167.554921  484.258761  412.554921]
ys = [-287.554921  342.554921 -387.554921  447.127681  377.127681  327.127681   67.872319 -187.554921   17.872319  372.554921]
dists_uav = [697.294487 245.349866 840.798501 589.083532 427.017451 319.811481 259.025332 557.850906 362.847961 280.093909]
uav_gains = [5.820212e-13 2.439814e-11 3.768209e-13 8.658344e-13 1.968736e-12 5.940609e-12 1.881600e-11 9.866684e-13 3.375805e-12 1.232003e-11]
dists_bs = [ 341.640963  927.414476  389.154294 1004.380288  896.272425  831.408287  685.663012  354.537134  709.012191  965.170271]
bs_gains = [3.688589e-11 2.615440e-12 2.612148e-11 2.117339e-12 2.863218e-12 3.493916e-12 5.822736e-12 3.343620e-11 5.328295e-12 2.352990e-12]
At round 4 optimal eta: 0.30054279966053205
At round 4 optimal freqs: [4.257755e+07 5.229677e+07 5.418681e+07 1.529861e+08 9.269091e+07 9.195800e+07 9.099746e+07 4.517602e+07 7.371714e+07 6.297716e+07]
At round 4 optimal decs: [0 1 0 0 0 1 1 0 0 1]
At round 4 optimal powers: [6.313017e-05 1.214660e-04 1.116670e-04 1.897280e-03 7.292019e-04 5.670989e-04 3.438401e-04 7.071883e-05 3.750310e-04 2.252441e-04]
At round 4 t_co: [0.453611 0.375384 0.379989 0.299313 0.495498 0.34062  0.216288 0.448077 0.513628 0.394936]
At round 4 e_co: [2.863652e-05 4.559634e-05 4.243229e-05 5.678814e-04 3.613179e-04 1.931651e-04 7.436856e-05 3.168751e-05 1.926263e-04 8.895706e-05]
At round 4 t_cp: [0.167056 0.150914 0.230163 0.320994 0.118785 0.216152 0.359773 0.191956 0.10574  0.117584]
At round 4 e_cp: [1.289445e-06 2.158507e-06 3.661979e-06 1.149353e-04 9.459570e-06 1.680846e-05 2.710919e-05 1.769801e-06 4.235899e-06 2.936962e-06]
At round 4 average t_co: 0.5136277644244432 average t_cp: 0.35977306449620355 t: 0.6400329334263711
At round 4 average e_co: 0.001626669035537754 average e_cp: 0.00018436508498165 e: 0.001811034120519404
At round 4 a_n: 16.71676777513677
At round 4 local rounds: 9.743582237022052
At round 4 global rounds: 23.899629265412685
At round 4 tau: 12.471646728527393
At round 4 accuracy: 0.8093023255813954
At round 4 training accuracy: 0.7969121140142518
At round 4 training loss: 0.5490133615955416
At round 4 test loss: 0.65692794354156
gradient difference: 1.56532883644104
ground = 5 remain_eps = 0.005504899917135987	remain_tau = 11.831613795101022
update_location
xs = [-264.443651  384.443651 -369.443651 -330.323452 -180.323452  -80.323452  380.323452 -164.443651  480.323452  409.443651]
ys = [-284.443651  339.443651 -384.443651  445.159601  375.159601  325.159601   69.840399 -184.443651   19.840399  369.443651]
dists_uav = [692.943938 241.425446 836.431825 584.756197 422.753391 315.657693 255.077347 553.528537 358.671303 276.043561]
uav_gains = [5.905903e-13 2.618002e-11 3.813903e-13 8.811984e-13 2.026983e-12 6.354455e-12 2.032173e-11 1.005391e-12 3.532770e-12 1.336956e-11]
dists_bs = [ 341.167091  923.288992  387.09415  1001.219384  893.543997  829.059844  685.101458  355.833562  707.77444   961.028806]
bs_gains = [3.702181e-11 2.646523e-12 2.649150e-11 2.135099e-12 2.886445e-12 3.520205e-12 5.835393e-12 3.311435e-11 5.353023e-12 2.379957e-12]
At round 5 optimal eta: 0.30054279966053205
At round 5 optimal freqs: [4.257755e+07 5.229677e+07 5.418681e+07 1.529861e+08 9.269091e+07 9.195800e+07 9.099746e+07 4.517602e+07 7.371714e+07 6.297716e+07]
At round 5 optimal decs: [0 1 0 0 0 1 1 0 0 1]
At round 5 optimal powers: [6.313017e-05 1.214660e-04 1.116670e-04 1.897280e-03 7.292019e-04 5.670989e-04 3.438401e-04 7.071883e-05 3.750310e-04 2.252441e-04]
At round 5 t_co: [0.452275 0.355743 0.375902 0.297519 0.492242 0.323994 0.205957 0.451561 0.511677 0.370802]
At round 5 e_co: [2.855219e-05 4.321066e-05 4.197581e-05 5.644763e-04 3.589435e-04 1.837367e-04 7.081620e-05 3.193383e-05 1.918947e-04 8.352083e-05]
At round 5 t_cp: [0.167056 0.150914 0.230163 0.320994 0.118785 0.216152 0.359773 0.191956 0.10574  0.117584]
At round 5 e_cp: [1.289445e-06 2.158507e-06 3.661979e-06 1.149353e-04 9.459570e-06 1.680846e-05 2.710919e-05 1.769801e-06 4.235899e-06 2.936962e-06]
At round 5 average t_co: 0.5116767785450748 average t_cp: 0.35977306449620355 t: 0.6435161213608172
At round 5 average e_co: 0.0015990607644490243 average e_cp: 0.00018436508498165 e: 0.0017834258494306742
At round 5 a_n: 16.71676777513677
At round 5 local rounds: 9.743582237022052
At round 5 global rounds: 23.899629265412685
At round 5 tau: 11.831613795101022
At round 5 accuracy: 0.8186046511627907
At round 5 training accuracy: 0.8070071258907363
At round 5 training loss: 0.4905587508566589
At round 5 test loss: 0.580034958305516
gradient difference: 1.4448206424713135
ground = 6 remain_eps = 0.007742822673227035	remain_tau = 11.188097673740206
update_location
xs = [-261.332381  381.332381 -366.332381 -326.388142 -176.388142  -76.388142  376.388142 -161.332381  476.388142  406.332381]
ys = [-281.332381  336.332381 -381.332381  443.191522  373.191522  323.191522   71.808478 -181.332381   21.808478  366.332381]
dists_uav = [688.594018 237.517695 832.065501 580.429954 418.492145 311.510666 251.144388 549.207401 354.500048 272.004076]
uav_gains = [5.993435e-13 2.802638e-11 3.860397e-13 8.969722e-13 2.088374e-12 6.812551e-12 2.190890e-11 1.024657e-12 3.703324e-12 1.450869e-11]
dists_bs = [340.749381 919.166055 385.073262 998.067866 890.828945 826.728147 684.567724 357.179491 706.561922 956.889648]
bs_gains = [3.714220e-11 2.678098e-12 2.686152e-11 2.153011e-12 2.909816e-12 3.546576e-12 5.847457e-12 3.278470e-11 5.377401e-12 2.407336e-12]
At round 6 optimal eta: 0.30054279966053205
At round 6 optimal freqs: [4.257755e+07 5.229677e+07 5.418681e+07 1.529861e+08 9.269091e+07 9.195800e+07 9.099746e+07 4.517602e+07 7.371714e+07 6.297716e+07]
At round 6 optimal decs: [0 1 0 0 0 1 1 0 0 1]
At round 6 optimal powers: [6.313017e-05 1.214660e-04 1.116670e-04 1.897280e-03 7.292019e-04 5.670989e-04 3.438401e-04 7.071883e-05 3.750310e-04 2.252441e-04]
At round 6 t_co: [0.4511   0.337973 0.371924 0.295738 0.489017 0.307891 0.196529 0.455198 0.509771 0.348485]
At round 6 e_co: [2.847801e-05 4.105227e-05 4.153166e-05 5.610973e-04 3.565922e-04 1.746044e-04 6.757446e-05 3.219107e-05 1.911799e-04 7.849419e-05]
At round 6 t_cp: [0.167056 0.150914 0.230163 0.320994 0.118785 0.216152 0.359773 0.191956 0.10574  0.117584]
At round 6 e_cp: [1.289445e-06 2.158507e-06 3.661979e-06 1.149353e-04 9.459570e-06 1.680846e-05 2.710919e-05 1.769801e-06 4.235899e-06 2.936962e-06]
At round 6 average t_co: 0.5097708182510742 average t_cp: 0.35977306449620355 t: 0.6471535143407545
At round 6 average e_co: 0.0015727955186922427 average e_cp: 0.00018436508498165 e: 0.0017571606036738926
At round 6 a_n: 16.71676777513677
At round 6 local rounds: 9.743582237022052
At round 6 global rounds: 23.899629265412685
At round 6 tau: 11.188097673740206
At round 6 accuracy: 0.8302325581395349
At round 6 training accuracy: 0.8147268408551069
At round 6 training loss: 0.4513295329776862
At round 6 test loss: 0.5639100243821162
gradient difference: 1.1636794805526733
ground = 7 remain_eps = 0.010890534587635024	remain_tau = 10.540944159399452
update_location
xs = [-258.221111  378.221111 -363.221111 -322.452832 -172.452832  -72.452832  372.452832 -158.221111  472.452832  403.221111]
ys = [-278.221111  333.221111 -378.221111  441.223442  371.223442  321.223442   73.776558 -178.221111   23.776558  363.221111]
dists_uav = [684.244739 233.627448 827.699534 576.104828 414.233801 307.370674 247.227172 544.887528 350.33439  267.975944]
uav_gains = [6.082864e-13 2.993202e-11 3.907711e-13 9.131713e-13 2.153180e-12 7.319753e-12 2.357265e-11 1.044491e-12 3.889067e-12 1.573914e-11]
dists_bs = [340.38804  915.045698 383.092252 994.925825 888.127392 824.41334  684.061877 358.574362 705.374767 952.752828]
bs_gains = [3.724677e-11 2.710174e-12 2.723119e-11 2.171077e-12 2.933331e-12 3.573027e-12 5.858923e-12 3.244782e-11 5.401418e-12 2.435134e-12]
At round 7 optimal eta: 0.30054279966053205
At round 7 optimal freqs: [4.257755e+07 5.229677e+07 5.418681e+07 1.529861e+08 9.269091e+07 9.195800e+07 9.099746e+07 4.517602e+07 7.371714e+07 6.297716e+07]
At round 7 optimal decs: [0 1 0 0 0 1 1 0 0 1]
At round 7 optimal powers: [6.313017e-05 1.214660e-04 1.116670e-04 1.897280e-03 7.292019e-04 5.670989e-04 3.438401e-04 7.071883e-05 3.750310e-04 2.252441e-04]
At round 7 t_co: [0.450085 0.321882 0.368056 0.29397  0.485824 0.292352 0.187937 0.45899  0.50791  0.327934]
At round 7 e_co: [2.841396e-05 3.909769e-05 4.109976e-05 5.577443e-04 3.542639e-04 1.657925e-04 6.462023e-05 3.245927e-05 1.904819e-04 7.386527e-05]
At round 7 t_cp: [0.167056 0.150914 0.230163 0.320994 0.118785 0.216152 0.359773 0.191956 0.10574  0.117584]
At round 7 e_cp: [1.289445e-06 2.158507e-06 3.661979e-06 1.149353e-04 9.459570e-06 1.680846e-05 2.710919e-05 1.769801e-06 4.235899e-06 2.936962e-06]
At round 7 average t_co: 0.5079097562974441 average t_cp: 0.35977306449620355 t: 0.6509460412025554
At round 7 average e_co: 0.001547838764932095 average e_cp: 0.00018436508498165 e: 0.0017322038499137454
At round 7 a_n: 16.71676777513677
At round 7 local rounds: 9.743582237022052
At round 7 global rounds: 23.899629265412685
At round 7 tau: 10.540944159399452
At round 7 accuracy: 0.8325581395348837
At round 7 training accuracy: 0.8182897862232779
At round 7 training loss: 0.4247480582083065
At round 7 test loss: 0.5395432017764795
gradient difference: 1.41549551486969
ground = 8 remain_eps = 0.01531789485694671	remain_tau = 9.889998118196896
update_location
xs = [-255.109841  375.109841 -360.109841 -318.517523 -168.517523  -68.517523  368.517523 -155.109841  468.517523  400.109841]
ys = [-275.109841  330.109841 -375.109841  439.255362  369.255362  319.255362   75.744638 -175.109841   25.744638  360.109841]
dists_uav = [679.896112 229.755596 823.333928 571.780845 409.978448 303.238004 243.326458 540.568947 346.174531 263.959687]
uav_gains = [6.174244e-13 3.189260e-11 3.955862e-13 9.298121e-13 2.221705e-12 7.881217e-12 2.530755e-11 1.064915e-12 4.091804e-12 1.706130e-11]
dists_bs = [340.083247 910.927956 381.151741 991.793349 885.439462 822.115563 683.583976 360.017608 704.213102 948.618376]
bs_gains = [3.733530e-11 2.742760e-12 2.760013e-11 2.189295e-12 2.956988e-12 3.599552e-12 5.869783e-12 3.210426e-11 5.425062e-12 2.463361e-12]
At round 8 optimal eta: 0.30054279966053205
At round 8 optimal freqs: [4.257755e+07 5.229677e+07 5.418681e+07 1.529861e+08 9.269091e+07 9.195800e+07 9.099746e+07 4.517602e+07 7.371714e+07 6.297716e+07]
At round 8 optimal decs: [0 1 0 0 0 1 1 0 0 1]
At round 8 optimal powers: [6.313017e-05 1.214660e-04 1.116670e-04 1.897280e-03 7.292019e-04 5.670989e-04 3.438401e-04 7.071883e-05 3.750310e-04 2.252441e-04]
At round 8 t_co: [0.449231 0.307285 0.364297 0.292217 0.482662 0.277418 0.180113 0.462939 0.506093 0.30908 ]
At round 8 e_co: [2.836002e-05 3.732472e-05 4.068001e-05 5.544173e-04 3.519583e-04 1.573236e-04 6.193000e-05 3.273851e-05 1.898007e-04 6.961853e-05]
At round 8 t_cp: [0.167056 0.150914 0.230163 0.320994 0.118785 0.216152 0.359773 0.191956 0.10574  0.117584]
At round 8 e_cp: [1.289445e-06 2.158507e-06 3.661979e-06 1.149353e-04 9.459570e-06 1.680846e-05 2.710919e-05 1.769801e-06 4.235899e-06 2.936962e-06]
At round 8 average t_co: 0.5060934679570049 average t_cp: 0.35977306449620355 t: 0.654894662458745
At round 8 average e_co: 0.001524151697711095 average e_cp: 0.00018436508498165 e: 0.001708516782692745
At round 8 a_n: 16.71676777513677
At round 8 local rounds: 9.743582237022052
At round 8 global rounds: 23.899629265412685
At round 8 tau: 9.889998118196896
At round 8 accuracy: 0.8348837209302326
At round 8 training accuracy: 0.8212589073634204
At round 8 training loss: 0.40641211021812496
At round 8 test loss: 0.5588524461824937
gradient difference: 1.286980390548706
ground = 9 remain_eps = 0.02154512259801088	remain_tau = 9.235103455738152
update_location
xs = [-251.998571  371.998571 -356.998571 -314.582213 -164.582213  -64.582213  364.582213 -151.998571  464.582213  396.998571]
ys = [-271.998571  326.998571 -371.998571  437.287282  367.287282  317.287282   77.712718 -171.998571   27.712718  356.998571]
dists_uav = [675.54815  225.903083 818.968691 567.458031 405.726181 299.11296  239.443053 536.251689 342.020681 259.955853]
uav_gains = [6.267633e-13 3.390495e-11 4.004872e-13 9.469116e-13 2.294290e-12 8.502336e-12 2.710795e-11 1.085957e-12 4.313569e-12 1.847419e-11]
dists_bs = [339.835153 906.812866 379.252351 988.670531 882.765277 819.834962 683.134082 361.508648 703.077055 944.486325]
bs_gains = [3.740757e-11 2.775867e-12 2.796795e-11 2.207668e-12 2.980785e-12 3.626148e-12 5.880033e-12 3.175455e-11 5.448322e-12 2.492023e-12]
At round 9 optimal eta: 0.30054279966053205
At round 9 optimal freqs: [4.257755e+07 5.229677e+07 5.418681e+07 1.529861e+08 9.269091e+07 9.195800e+07 9.099746e+07 4.517602e+07 7.371714e+07 6.297716e+07]
At round 9 optimal decs: [0 1 0 0 0 1 1 0 0 1]
At round 9 optimal powers: [6.313017e-05 1.214660e-04 1.116670e-04 1.897280e-03 7.292019e-04 5.670989e-04 3.438401e-04 7.071883e-05 3.750310e-04 2.252441e-04]
At round 9 t_co: [0.448536 0.294014 0.360647 0.290477 0.479532 0.263126 0.172988 0.467045 0.504322 0.29184 ]
At round 9 e_co: [2.831616e-05 3.571265e-05 4.027233e-05 5.511160e-04 3.496756e-04 1.492184e-04 5.948031e-05 3.302886e-05 1.891363e-04 6.573531e-05]
At round 9 t_cp: [0.167056 0.150914 0.230163 0.320994 0.118785 0.216152 0.359773 0.191956 0.10574  0.117584]
At round 9 e_cp: [1.289445e-06 2.158507e-06 3.661979e-06 1.149353e-04 9.459570e-06 1.680846e-05 2.710919e-05 1.769801e-06 4.235899e-06 2.936962e-06]
At round 9 average t_co: 0.5043218310432737 average t_cp: 0.35977306449620355 t: 0.6590003696607661
At round 9 average e_co: 0.0015016918626708181 average e_cp: 0.00018436508498165 e: 0.0016860569476524687
At round 9 a_n: 16.71676777513677
At round 9 local rounds: 9.743582237022052
At round 9 global rounds: 23.899629265412685
At round 9 tau: 9.235103455738152
At round 9 accuracy: 0.8395348837209302
At round 9 training accuracy: 0.8254156769596199
At round 9 training loss: 0.3811848586052066
At round 9 test loss: 0.49719432934310087
gradient difference: 1.1305972337722778
ground = 10 remain_eps = 0.030303923097683788	remain_tau = 8.576103086077385
update_location
xs = [-248.887302  368.887302 -353.887302 -310.646903 -160.646903  -60.646903  360.646903 -148.887302  460.646903  393.887302]
ys = [-268.887302  323.887302 -368.887302  435.319203  365.319203  315.319203   79.680797 -168.887302   29.680797  353.887302]
dists_uav = [671.200867 222.070917 814.603828 563.136412 401.477097 294.995862 235.577813 531.935788 337.873064 255.965027]
uav_gains = [6.363090e-13 3.596731e-11 4.054759e-13 9.644881e-13 2.371314e-12 9.188644e-12 2.896842e-11 1.107644e-12 4.556644e-12 1.997543e-11]
dists_bs = [339.643884 902.700464 377.394703 985.557461 880.104965 817.571678 682.71225  363.046895 701.966749 940.356704]
bs_gains = [3.746342e-11 2.809505e-12 2.833425e-11 2.226196e-12 3.004721e-12 3.652810e-12 5.889666e-12 3.139925e-11 5.471189e-12 2.521129e-12]
At round 10 optimal eta: 0.30054279966053205
At round 10 optimal freqs: [4.257755e+07 5.229677e+07 5.418681e+07 1.529861e+08 9.269091e+07 9.195800e+07 9.099746e+07 4.517602e+07 7.371714e+07 6.297716e+07]
At round 10 optimal decs: [0 1 0 0 0 1 1 0 0 1]
At round 10 optimal powers: [6.313017e-05 1.214660e-04 1.116670e-04 1.897280e-03 7.292019e-04 5.670989e-04 3.438401e-04 7.071883e-05 3.750310e-04 2.252441e-04]
At round 10 t_co: [0.448001 0.28191  0.357103 0.28875  0.476432 0.249506 0.166497 0.471309 0.502595 0.27612 ]
At round 10 e_co: [2.828239e-05 3.424244e-05 3.987664e-05 5.478405e-04 3.474155e-04 1.414946e-04 5.724824e-05 3.333039e-05 1.884886e-04 6.219448e-05]
At round 10 t_cp: [0.167056 0.150914 0.230163 0.320994 0.118785 0.216152 0.359773 0.191956 0.10574  0.117584]
At round 10 e_cp: [1.289445e-06 2.158507e-06 3.661979e-06 1.149353e-04 9.459570e-06 1.680846e-05 2.710919e-05 1.769801e-06 4.235899e-06 2.936962e-06]
At round 10 average t_co: 0.5025947259329809 average t_cp: 0.35977306449620355 t: 0.6632641847473634
At round 10 average e_co: 0.0014804137273328876 average e_cp: 0.00018436508498165 e: 0.0016647788123145375
At round 10 a_n: 16.71676777513677
At round 10 local rounds: 9.743582237022052
At round 10 global rounds: 23.899629265412685
At round 10 tau: 8.576103086077385
At round 10 accuracy: 0.8418604651162791
At round 10 training accuracy: 0.831353919239905
At round 10 training loss: 0.3574252022930251
At round 10 test loss: 0.49562527619179536
gradient difference: 1.0790051221847534
ground = 11 remain_eps = 0.04262346389224614	remain_tau = 7.912838901330022
update_location
xs = [-245.776032  365.776032 -350.776032 -306.711594 -156.711594  -56.711594  356.711594 -145.776032  456.711594  390.776032]
ys = [-265.776032  320.776032 -365.776032  433.351123  363.351123  313.351123   81.648877 -165.776032   31.648877  350.776032]
dists_uav = [666.854275 218.260169 810.239345 558.816017 397.2313   290.887048 231.731648 527.621276 333.73191  251.987827]
uav_gains = [6.460678e-13 3.807952e-11 4.105546e-13 9.825607e-13 2.453205e-12 9.945680e-12 3.088417e-11 1.130005e-12 4.823588e-12 2.156136e-11]
dists_bs = [339.509536 898.590786 375.579417 982.454233 877.458651 815.325858 682.318531 364.631749 700.882307 936.229546]
bs_gains = [3.750272e-11 2.843684e-12 2.869861e-11 2.244879e-12 3.028795e-12 3.679534e-12 5.898676e-12 3.103889e-11 5.493651e-12 2.550688e-12]
At round 11 optimal eta: 0.30054279966053205
At round 11 optimal freqs: [4.257755e+07 5.229677e+07 5.418681e+07 1.529861e+08 9.269091e+07 9.195800e+07 9.099746e+07 4.517602e+07 7.371714e+07 6.297716e+07]
At round 11 optimal decs: [0 1 0 0 0 1 1 0 0 1]
At round 11 optimal powers: [6.313017e-05 1.214660e-04 1.116670e-04 1.897280e-03 7.292019e-04 5.670989e-04 3.438401e-04 7.071883e-05 3.750310e-04 2.252441e-04]
At round 11 t_co: [0.447626 0.270832 0.353666 0.287038 0.473364 0.236584 0.160574 0.475732 0.500912 0.261819]
At round 11 e_co: [2.825868e-05 3.289682e-05 3.949286e-05 5.445906e-04 3.451780e-04 1.341668e-04 5.521173e-05 3.364318e-05 1.878575e-04 5.897310e-05]
At round 11 t_cp: [0.167056 0.150914 0.230163 0.320994 0.118785 0.216152 0.359773 0.191956 0.10574  0.117584]
At round 11 e_cp: [1.289445e-06 2.158507e-06 3.661979e-06 1.149353e-04 9.459570e-06 1.680846e-05 2.710919e-05 1.769801e-06 4.235899e-06 2.936962e-06]
At round 11 average t_co: 0.5009120355882154 average t_cp: 0.35977306449620355 t: 0.6676871593797887
At round 11 average e_co: 0.0014602692033274045 average e_cp: 0.00018436508498165 e: 0.0016446342883090544
At round 11 a_n: 16.71676777513677
At round 11 local rounds: 9.743582237022052
At round 11 global rounds: 23.899629265412685
At round 11 tau: 7.912838901330022
At round 11 accuracy: 0.8441860465116279
At round 11 training accuracy: 0.833729216152019
At round 11 training loss: 0.34368521484737347
At round 11 test loss: 0.5016231857788885
gradient difference: 1.1264538764953613
ground = 12 remain_eps = 0.05995130294903864	remain_tau = 7.245151741950234
update_location
xs = [-242.664762  362.664762 -347.664762 -302.776284 -152.776284  -52.776284  352.776284 -142.664762  452.776284  387.664762]
ys = [-262.664762  317.664762 -362.664762  431.383043  361.383043  311.383043   83.616957 -162.664762   33.616957  347.664762]
dists_uav = [662.508388 214.471981 805.875249 554.496873 392.988895 286.786873 227.905523 523.308188 329.597464 248.024907]
uav_gains = [6.560460e-13 4.024299e-11 4.157252e-13 1.001150e-12 2.540443e-12 1.077883e-11 3.285137e-11 1.153071e-12 5.117258e-12 2.322731e-11]
dists_bs = [339.432176 894.483869 373.807108 979.36094  874.826463 813.097644 681.952974 366.262607 699.823849 932.104885]
bs_gains = [3.752538e-11 2.878415e-12 2.906060e-11 2.263717e-12 3.053005e-12 3.706315e-12 5.907059e-12 3.067398e-11 5.515697e-12 2.580708e-12]
At round 12 optimal eta: 0.30054279966053205
At round 12 optimal freqs: [4.257755e+07 5.229677e+07 5.418681e+07 1.529861e+08 9.269091e+07 9.195800e+07 9.099746e+07 4.517602e+07 7.371714e+07 6.297716e+07]
At round 12 optimal decs: [0 1 0 0 0 1 1 0 0 1]
At round 12 optimal powers: [6.313017e-05 1.214660e-04 1.116670e-04 1.897280e-03 7.292019e-04 5.670989e-04 3.438401e-04 7.071883e-05 3.750310e-04 2.252441e-04]
At round 12 t_co: [0.447409 0.260651 0.350335 0.285338 0.470326 0.224379 0.155159 0.480315 0.499274 0.248828]
At round 12 e_co: [2.824504e-05 3.166026e-05 3.912090e-05 5.413662e-04 3.429630e-04 1.272453e-04 5.334990e-05 3.396730e-05 1.872431e-04 5.604714e-05]
At round 12 t_cp: [0.167056 0.150914 0.230163 0.320994 0.118785 0.216152 0.359773 0.191956 0.10574  0.117584]
At round 12 e_cp: [1.289445e-06 2.158507e-06 3.661979e-06 1.149353e-04 9.459570e-06 1.680846e-05 2.710919e-05 1.769801e-06 4.235899e-06 2.936962e-06]
At round 12 average t_co: 0.4992736455781826 average t_cp: 0.35977306449620355 t: 0.6722703742650636
At round 12 average e_co: 0.0014412081307429339 average e_cp: 0.00018436508498165 e: 0.001625573215724584
At round 12 a_n: 16.71676777513677
At round 12 local rounds: 9.743582237022052
At round 12 global rounds: 23.899629265412685
At round 12 tau: 7.245151741950234
At round 12 accuracy: 0.8441860465116279
At round 12 training accuracy: 0.8355106888361045
At round 12 training loss: 0.33308658094948373
At round 12 test loss: 0.6022380851671216
gradient difference: 1.0584053993225098
ground = 13 remain_eps = 0.0843234781287037	remain_tau = 6.57288136768517
update_location
xs = [-239.553492  359.553492 -344.553492 -298.840974 -148.840974  -48.840974  348.840974 -139.553492  448.840974  384.553492]
ys = [-259.553492  314.553492 -359.553492  429.414963  359.414963  309.414963   85.585037 -159.553492   35.585037  344.553492]
dists_uav = [658.16322  210.707569 801.511545 550.179011 388.749993 282.695713 224.100464 518.996558 325.469982 244.076963]
uav_gains = [6.662505e-13 4.246075e-11 4.209901e-13 1.020276e-12 2.633567e-12 1.169311e-11 3.486749e-11 1.176877e-12 5.440831e-12 2.496790e-11]
dists_bs = [339.411842 890.379753 372.078393 976.277677 872.208527 810.887183 681.615625 367.938856 698.791494 927.982753]
bs_gains = [3.753134e-11 2.913708e-12 2.941977e-11 2.282712e-12 3.077348e-12 3.733150e-12 5.914810e-12 3.030505e-11 5.537317e-12 2.611198e-12]
At round 13 optimal eta: 0.30054279966053205
At round 13 optimal freqs: [4.257755e+07 5.229677e+07 5.418681e+07 1.529861e+08 9.269091e+07 9.195800e+07 9.099746e+07 4.517602e+07 7.371714e+07 6.297716e+07]
At round 13 optimal decs: [0 1 0 0 0 1 1 0 0 1]
At round 13 optimal powers: [6.313017e-05 1.214660e-04 1.116670e-04 1.897280e-03 7.292019e-04 5.670989e-04 3.438401e-04 7.071883e-05 3.750310e-04 2.252441e-04]
At round 13 t_co: [0.447353 0.251255 0.347109 0.283652 0.46732  0.212902 0.150196 0.485059 0.497679 0.237041]
At round 13 e_co: [2.824145e-05 3.051898e-05 3.876068e-05 5.381673e-04 3.407704e-04 1.207366e-04 5.164327e-05 3.430283e-05 1.866452e-04 5.339204e-05]
At round 13 t_cp: [0.167056 0.150914 0.230163 0.320994 0.118785 0.216152 0.359773 0.191956 0.10574  0.117584]
At round 13 e_cp: [1.289445e-06 2.158507e-06 3.661979e-06 1.149353e-04 9.459570e-06 1.680846e-05 2.710919e-05 1.769801e-06 4.235899e-06 2.936962e-06]
At round 13 average t_co: 0.4976794441005725 average t_cp: 0.35977306449620355 t: 0.6770149384685434
At round 13 average e_co: 0.0014231787386122195 average e_cp: 0.00018436508498165 e: 0.0016075438235938692
At round 13 a_n: 16.71676777513677
At round 13 local rounds: 9.743582237022052
At round 13 global rounds: 23.899629265412685
At round 13 tau: 6.57288136768517
At round 13 accuracy: 0.8441860465116279
At round 13 training accuracy: 0.834916864608076
At round 13 training loss: 0.3125566722342916
At round 13 test loss: 0.4623387018839519
gradient difference: 1.0834401845932007
ground = 14 remain_eps = 0.11860374360447476	remain_tau = 5.8958664292166265
update_location
xs = [-236.442222  356.442222 -341.442222 -294.905665 -144.905665  -44.905665  344.905665 -136.442222  444.905665  381.442222]
ys = [-256.442222  311.442222 -356.442222  427.446884  357.446884  307.446884   87.553116 -156.442222   37.553116  341.442222]
dists_uav = [653.818786 206.968232 797.148239 545.862461 384.514712 278.613966 220.317563 514.686425 321.349732 240.144734]
uav_gains = [6.766881e-13 4.473726e-11 4.263515e-13 1.039963e-12 2.733186e-12 1.269297e-11 3.693140e-11 1.201456e-12 5.797816e-12 2.677742e-11]
dists_bs = [339.448546 886.278477 370.39388  973.204538 869.604974 808.69462  681.306526 369.65988  697.785356 923.863184]
bs_gains = [3.752058e-11 2.949575e-12 2.977566e-11 2.301864e-12 3.101824e-12 3.760031e-12 5.921923e-12 2.993260e-11 5.558500e-12 2.642167e-12]
At round 14 optimal eta: 0.30054279966053205
At round 14 optimal freqs: [4.257755e+07 5.229677e+07 5.418681e+07 1.529861e+08 9.269091e+07 9.195800e+07 9.099746e+07 4.517602e+07 7.371714e+07 6.297716e+07]
At round 14 optimal decs: [0 1 0 0 0 1 1 0 1 1]
At round 14 optimal powers: [6.313017e-05 1.214660e-04 1.116670e-04 1.897280e-03 7.292019e-04 5.670989e-04 3.438401e-04 7.071883e-05 3.750310e-04 2.252441e-04]
At round 14 t_co: [0.447455 0.242544 0.343988 0.281979 0.464343 0.202156 0.145631 0.489966 0.479395 0.226347]
At round 14 e_co: [2.824792e-05 2.946085e-05 3.841213e-05 5.349938e-04 3.386001e-04 1.146423e-04 5.007384e-05 3.464985e-05 1.797879e-04 5.098331e-05]
At round 14 t_cp: [0.167056 0.150914 0.230163 0.320994 0.118785 0.216152 0.359773 0.191956 0.10574  0.117584]
At round 14 e_cp: [1.289445e-06 2.158507e-06 3.661979e-06 1.149353e-04 9.459570e-06 1.680846e-05 2.710919e-05 1.769801e-06 4.235899e-06 2.936962e-06]
At round 14 average t_co: 0.4899664122475184 average t_cp: 0.35977306449620355 t: 0.6819219887170614
At round 14 average e_co: 0.0013998520889480523 average e_cp: 0.00018436508498165 e: 0.0015842171739297022
At round 14 a_n: 16.71676777513677
At round 14 local rounds: 9.743582237022052
At round 14 global rounds: 23.899629265412685
At round 14 tau: 5.8958664292166265
At round 14 accuracy: 0.8441860465116279
At round 14 training accuracy: 0.8414489311163895
At round 14 training loss: 0.2911517243723216
At round 14 test loss: 0.463100454212679
gradient difference: 1.0652177333831787
ground = 15 remain_eps = 0.16682006374933478	remain_tau = 5.213944440499565
update_location
xs = [-233.330952  353.330952 -338.330952 -290.970355 -140.970355  -40.970355  340.970355 -133.330952  440.970355  378.330952]
ys = [-253.330952  308.330952 -353.330952  425.478804  355.478804  305.478804   89.521196 -153.330952   39.521196  338.330952]
dists_uav = [649.4751   203.255352 792.78534  541.547254 380.28317  274.542051 216.557981 510.377825 317.236995 236.229005]
uav_gains = [6.873662e-13 4.707832e-11 4.318116e-13 1.060235e-12 2.839986e-12 1.378204e-11 3.904353e-11 1.226848e-12 6.192067e-12 2.865035e-11]
dists_bs = [339.542269 882.180078 368.754177 970.141621 867.015931 806.520101 681.025714 371.425055 696.80555  919.746212]
bs_gains = [3.749314e-11 2.986028e-12 3.012781e-11 2.321173e-12 3.126431e-12 3.786956e-12 5.928396e-12 2.955710e-11 5.579237e-12 2.673624e-12]
At round 15 optimal eta: 0.30054279966053205
At round 15 optimal freqs: [4.257755e+07 5.229677e+07 5.418681e+07 1.529861e+08 9.269091e+07 9.195800e+07 9.099746e+07 4.517602e+07 7.371714e+07 6.297716e+07]
At round 15 optimal decs: [0 1 0 0 0 1 1 0 1 1]
At round 15 optimal powers: [6.313017e-05 1.214660e-04 1.116670e-04 1.897280e-03 7.292019e-04 5.670989e-04 3.438401e-04 7.071883e-05 3.750310e-04 2.252441e-04]
At round 15 t_co: [0.447717 0.23443  0.340971 0.28032  0.461398 0.192136 0.141418 0.495037 0.454612 0.216641]
At round 15 e_co: [2.826445e-05 2.847532e-05 3.807517e-05 5.318456e-04 3.364521e-04 1.089601e-04 4.862525e-05 3.500845e-05 1.704938e-04 4.879702e-05]
At round 15 t_cp: [0.167056 0.150914 0.230163 0.320994 0.118785 0.216152 0.359773 0.191956 0.10574  0.117584]
At round 15 e_cp: [1.289445e-06 2.158507e-06 3.661979e-06 1.149353e-04 9.459570e-06 1.680846e-05 2.710919e-05 1.769801e-06 4.235899e-06 2.936962e-06]
At round 15 average t_co: 0.4950371122243714 average t_cp: 0.35977306449620355 t: 0.6869926886939144
At round 15 average e_co: 0.0013749973060110188 average e_cp: 0.00018436508498165 e: 0.001559362390992669
At round 15 a_n: 16.71676777513677
At round 15 local rounds: 9.743582237022052
At round 15 global rounds: 23.899629265412685
At round 15 tau: 5.213944440499565
At round 15 accuracy: 0.8465116279069768
At round 15 training accuracy: 0.8420427553444181
At round 15 training loss: 0.2917093108251089
At round 15 test loss: 0.44491111587068827
gradient difference: 1.1412954330444336
ground = 16 remain_eps = 0.23463790284847444	remain_tau = 4.526951751805651
update_location
xs = [-230.219683  350.219683 -335.219683 -287.035045 -137.035045  -37.035045  337.035045 -130.219683  437.035045  375.219683]
ys = [-250.219683  305.219683 -350.219683  423.510724  353.510724  303.510724   91.489276 -150.219683   41.489276  335.219683]
dists_uav = [645.132177 199.570407 788.422853 537.233423 376.055495 270.480413 212.822954 506.070798 313.132067 232.33061 ]
uav_gains = [6.982923e-13 4.949082e-11 4.373731e-13 1.081116e-12 2.954744e-12 1.496291e-11 4.120582e-11 1.253094e-12 6.627782e-12 3.058171e-11]
dists_bs = [339.692963 878.084599 367.159882 967.089021 864.441531 804.363773 680.773226 373.233755 695.852187 915.631874]
bs_gains = [3.744908e-11 3.023077e-12 3.047574e-11 2.340639e-12 3.151165e-12 3.813919e-12 5.934225e-12 2.917905e-11 5.599516e-12 2.705579e-12]
At round 16 optimal eta: 0.30054279966053205
At round 16 optimal freqs: [4.257755e+07 5.229677e+07 5.418681e+07 1.529861e+08 9.269091e+07 9.195800e+07 9.099746e+07 4.517602e+07 7.371714e+07 6.297716e+07]
At round 16 optimal decs: [0 1 0 0 0 1 1 0 1 1]
At round 16 optimal powers: [6.313017e-05 1.214660e-04 1.116670e-04 1.897280e-03 7.292019e-04 5.670989e-04 3.438401e-04 7.071883e-05 3.750310e-04 2.252441e-04]
At round 16 t_co: [0.448138 0.226839 0.338056 0.278674 0.458482 0.182831 0.137514 0.500273 0.430609 0.20782 ]
At round 16 e_co: [2.829105e-05 2.755328e-05 3.774973e-05 5.287226e-04 3.343263e-04 1.036830e-04 4.728276e-05 3.537870e-05 1.614917e-04 4.681017e-05]
At round 16 t_cp: [0.167056 0.150914 0.230163 0.320994 0.118785 0.216152 0.359773 0.191956 0.10574  0.117584]
At round 16 e_cp: [1.289445e-06 2.158507e-06 3.661979e-06 1.149353e-04 9.459570e-06 1.680846e-05 2.710919e-05 1.769801e-06 4.235899e-06 2.936962e-06]
At round 16 average t_co: 0.500272651857447 average t_cp: 0.35977306449620355 t: 0.6922282283269899
At round 16 average e_co: 0.0013512892636609551 average e_cp: 0.00018436508498165 e: 0.0015356543486426052
At round 16 a_n: 16.71676777513677
At round 16 local rounds: 9.743582237022052
At round 16 global rounds: 23.899629265412685
At round 16 tau: 4.526951751805651
At round 16 accuracy: 0.8465116279069768
At round 16 training accuracy: 0.8390736342042755
At round 16 training loss: 0.2887868742661304
At round 16 test loss: 0.4486195058453568
gradient difference: 0.8707294464111328
ground = 17 remain_eps = 0.33002592263635716	remain_tau = 3.834723523478661
update_location
xs = [-227.108413  347.108413 -332.108413 -283.099736 -133.099736  -33.099736  333.099736 -127.108413  433.099736  372.108413]
ys = [-247.108413  302.108413 -347.108413  421.542645  351.542645  301.542645   93.457355 -147.108413   43.457355  332.108413]
dists_uav = [640.790032 195.914973 784.060785 532.921    371.831818 266.429521 209.113798 501.765384 309.03526  228.450437]
uav_gains = [7.094743e-13 5.198259e-11 4.430382e-13 1.102635e-12 3.078335e-12 1.623692e-11 4.342164e-11 1.280237e-12 7.109486e-12 3.256752e-11]
dists_bs = [339.900553 873.99208  365.611591 964.046838 861.881903 802.225781 680.549092 375.085352 694.925376 911.520204]
bs_gains = [3.738850e-11 3.060735e-12 3.081894e-11 2.360263e-12 3.176025e-12 3.840913e-12 5.939405e-12 2.879889e-11 5.619328e-12 2.738040e-12]
At round 17 optimal eta: 0.30054279966053205
At round 17 optimal freqs: [4.257755e+07 5.229677e+07 5.418681e+07 1.529861e+08 9.269091e+07 9.195800e+07 9.099746e+07 4.517602e+07 7.371714e+07 6.297716e+07]
At round 17 optimal decs: [0 1 0 0 0 1 1 0 1 1]
At round 17 optimal powers: [6.313017e-05 1.214660e-04 1.116670e-04 1.897280e-03 7.292019e-04 5.670989e-04 3.438401e-04 7.071883e-05 3.750310e-04 2.252441e-04]
At round 17 t_co: [0.448719 0.219707 0.335244 0.277041 0.455597 0.17422  0.13388  0.505674 0.407447 0.199788]
At round 17 e_co: [2.832772e-05 2.668691e-05 3.743574e-05 5.256248e-04 3.322225e-04 9.880025e-05 4.603322e-05 3.576069e-05 1.528052e-04 4.500103e-05]
At round 17 t_cp: [0.167056 0.150914 0.230163 0.320994 0.118785 0.216152 0.359773 0.191956 0.10574  0.117584]
At round 17 e_cp: [1.289445e-06 2.158507e-06 3.661979e-06 1.149353e-04 9.459570e-06 1.680846e-05 2.710919e-05 1.769801e-06 4.235899e-06 2.936962e-06]
At round 17 average t_co: 0.5056742466017524 average t_cp: 0.35977306449620355 t: 0.6976298230712954
At round 17 average e_co: 0.0013286979792225743 average e_cp: 0.00018436508498165 e: 0.0015130630642042242
At round 17 a_n: 16.71676777513677
At round 17 local rounds: 9.743582237022052
At round 17 global rounds: 23.899629265412685
At round 17 tau: 3.834723523478661
At round 17 accuracy: 0.8488372093023255
At round 17 training accuracy: 0.8456057007125891
At round 17 training loss: 0.26669794592773355
At round 17 test loss: 0.43760946963655634
gradient difference: 1.150726079940796
ground = 18 remain_eps = 0.46419230776331905	remain_tau = 3.137093700407366
update_location
xs = [-223.997143  343.997143 -328.997143 -279.164426 -129.164426  -29.164426  329.164426 -123.997143  429.164426  368.997143]
ys = [-243.997143  298.997143 -343.997143  419.574565  349.574565  299.574565   95.425435 -143.997143   45.425435  328.997143]
dists_uav = [636.448683 192.290732 779.699144 528.610021 367.612278 262.389873 205.431914 497.461625 304.946902 224.589429]
uav_gains = [7.209203e-13 5.456217e-11 4.488097e-13 1.124819e-12 3.211753e-12 1.760402e-11 4.569568e-11 1.308324e-12 7.642000e-12 3.460508e-11]
dists_bs = [340.164935 869.902563 364.109889 961.01517  859.337181 800.106273 680.353341 376.979211 694.025223 907.411238]
bs_gains = [3.731155e-11 3.099013e-12 3.115692e-11 2.380046e-12 3.201010e-12 3.867935e-12 5.943935e-12 2.841708e-11 5.638663e-12 2.771019e-12]
At round 18 optimal eta: 0.30054279966053205
At round 18 optimal freqs: [4.257755e+07 5.229677e+07 5.418681e+07 1.529861e+08 9.269091e+07 9.195800e+07 9.099746e+07 4.517602e+07 7.371714e+07 6.297716e+07]
At round 18 optimal decs: [0 1 0 0 0 1 1 0 1 1]
At round 18 optimal powers: [6.313017e-05 1.214660e-04 1.116670e-04 1.897280e-03 7.292019e-04 5.670989e-04 3.438401e-04 7.071883e-05 3.750310e-04 2.252441e-04]
At round 18 t_co: [0.44946  0.212978 0.332534 0.275422 0.452742 0.16628  0.130482 0.511243 0.385186 0.192455]
At round 18 e_co: [2.837447e-05 2.586958e-05 3.713313e-05 5.225519e-04 3.301407e-04 9.429743e-05 4.486503e-05 3.615452e-05 1.444568e-04 4.334934e-05]
At round 18 t_cp: [0.167056 0.150914 0.230163 0.320994 0.118785 0.216152 0.359773 0.191956 0.10574  0.117584]
At round 18 e_cp: [1.289445e-06 2.158507e-06 3.661979e-06 1.149353e-04 9.459570e-06 1.680846e-05 2.710919e-05 1.769801e-06 4.235899e-06 2.936962e-06]
At round 18 average t_co: 0.5112431367176299 average t_cp: 0.35977306449620355 t: 0.7031987131871729
At round 18 average e_co: 0.0013071928590532046 average e_cp: 0.00018436508498165 e: 0.0014915579440348545
At round 18 a_n: 16.71676777513677
At round 18 local rounds: 9.743582237022052
At round 18 global rounds: 23.899629265412685
At round 18 tau: 3.137093700407366
At round 18 accuracy: 0.8488372093023255
At round 18 training accuracy: 0.8432304038004751
At round 18 training loss: 0.27244600011028425
At round 18 test loss: 0.43776785492853715
gradient difference: 0.9862791299819946
ground = 19 remain_eps = 0.6529017383402907	remain_tau = 2.433894987220193
update_location
xs = [-220.885873  340.885873 -325.885873 -275.229116 -125.229116  -25.229116  325.229116 -120.885873  425.229116  365.885873]
ys = [-240.885873  295.885873 -340.885873  417.606485  347.606485  297.606485   97.393515 -140.885873   47.393515  325.885873]
dists_uav = [632.108144 188.699483 775.337935 524.300521 363.397019 258.361997 201.778794 493.159565 300.867335 220.748592]
uav_gains = [7.326390e-13 5.723867e-11 4.546901e-13 1.147700e-12 3.356119e-12 1.906274e-11 4.803377e-11 1.337406e-12 8.230387e-12 3.669319e-11]
dists_bs = [340.485976 865.81609  362.655357 957.994117 856.807496 798.005397 680.185996 378.914701 693.151832 903.305014]
bs_gains = [3.721839e-11 3.137925e-12 3.148917e-11 2.399988e-12 3.226115e-12 3.894979e-12 5.947811e-12 2.803404e-11 5.657510e-12 2.804525e-12]
At round 19 optimal eta: 0.30054279966053205
At round 19 optimal freqs: [4.257755e+07 5.229677e+07 5.418681e+07 1.529861e+08 9.269091e+07 9.195800e+07 9.099746e+07 4.517602e+07 7.371714e+07 6.297716e+07]
At round 19 optimal decs: [0 1 0 0 0 1 1 0 1 1]
At round 19 optimal powers: [6.313017e-05 1.214660e-04 1.116670e-04 1.897280e-03 7.292019e-04 5.670989e-04 3.438401e-04 7.071883e-05 3.750310e-04 2.252441e-04]
At round 19 t_co: [0.45036  0.206607 0.329926 0.273815 0.449918 0.15898  0.127292 0.516981 0.363881 0.185738]
At round 19 e_co: [2.843131e-05 2.509570e-05 3.684183e-05 5.195040e-04 3.280808e-04 9.015715e-05 4.376806e-05 3.656026e-05 1.364668e-04 4.183649e-05]
At round 19 t_cp: [0.167056 0.150914 0.230163 0.320994 0.118785 0.216152 0.359773 0.191956 0.10574  0.117584]
At round 19 e_cp: [1.289445e-06 2.158507e-06 3.661979e-06 1.149353e-04 9.459570e-06 1.680846e-05 2.710919e-05 1.769801e-06 4.235899e-06 2.936962e-06]
At round 19 average t_co: 0.5169805865459105 average t_cp: 0.35977306449620355 t: 0.7089361630154535
At round 19 average e_co: 0.0012867424494774427 average e_cp: 0.00018436508498165 e: 0.0014711075344590928
At round 19 a_n: 16.71676777513677
At round 19 local rounds: 9.743582237022052
At round 19 global rounds: 23.899629265412685
At round 19 tau: 2.433894987220193
At round 19 accuracy: 0.8511627906976744
At round 19 training accuracy: 0.8467933491686461
At round 19 training loss: 0.27259593502465734
At round 19 test loss: 0.4450690723125383
gradient difference: 0.8841451406478882
ground = 20 remain_eps = 0.9183277551103328	remain_tau = 1.7249588242047396
update_location
xs = [-217.774603  337.774603 -322.774603 -271.293807 -121.293807  -21.293807  321.293807 -117.774603  421.293807  362.774603]
ys = [-237.774603  292.774603 -337.774603  415.638405  345.638405  295.638405   99.361595 -137.774603   49.361595  322.774603]
dists_uav = [627.768434 185.143145 770.977168 519.992536 359.18619  254.346451 198.15603  488.859249 296.796924 216.928999]
uav_gains = [7.446392e-13 6.002154e-11 4.606821e-13 1.171309e-12 3.512704e-12 2.061020e-11 5.044265e-11 1.367538e-12 8.879867e-12 3.883230e-11]
dists_bs = [340.863516 861.732705 361.248562 954.983779 854.292983 795.923299 680.04708  380.891186 692.305303 899.201568]
bs_gains = [3.710925e-11 3.177483e-12 3.181517e-11 2.420088e-12 3.251340e-12 3.922038e-12 5.951031e-12 2.765019e-11 5.675861e-12 2.838568e-12]
At round 20 optimal eta: 0.30054279966053205
At round 20 optimal freqs: [4.257755e+07 5.229677e+07 5.418681e+07 1.529861e+08 9.269091e+07 9.195800e+07 9.099746e+07 4.517602e+07 7.371714e+07 6.297716e+07]
At round 20 optimal decs: [0 1 0 0 0 1 1 0 1 1]
At round 20 optimal powers: [6.313017e-05 1.214660e-04 1.116670e-04 1.897280e-03 7.292019e-04 5.670989e-04 3.438401e-04 7.071883e-05 3.750310e-04 2.252441e-04]
At round 20 t_co: [0.451421 0.200555 0.327418 0.272222 0.447123 0.152283 0.124283 0.522888 0.34358  0.179563]
At round 20 e_co: [2.849827e-05 2.436059e-05 3.656177e-05 5.164810e-04 3.260428e-04 8.635956e-05 4.273356e-05 3.697802e-05 1.288532e-04 4.044556e-05]
At round 20 t_cp: [0.167056 0.150914 0.230163 0.320994 0.118785 0.216152 0.359773 0.191956 0.10574  0.117584]
At round 20 e_cp: [1.289445e-06 2.158507e-06 3.661979e-06 1.149353e-04 9.459570e-06 1.680846e-05 2.710919e-05 1.769801e-06 4.235899e-06 2.936962e-06]
At round 20 average t_co: 0.522887883781245 average t_cp: 0.35977306449620355 t: 0.7148434602507879
At round 20 average e_co: 0.001267314186461208 average e_cp: 0.00018436508498165 e: 0.0014516792714428582
At round 20 a_n: 16.71676777513677
At round 20 local rounds: 9.743582237022052
At round 20 global rounds: 23.899629265412685
At round 20 tau: 1.7249588242047396
At round 20 accuracy: 0.8488372093023255
At round 20 training accuracy: 0.8491686460807601
At round 20 training loss: 0.25498582951146415
At round 20 test loss: 0.4264479222955482
gradient difference: 1.1922885179519653
ground = 21 remain_eps = 1.2916581719475284	remain_tau = 1.0101153639539517
update_location
xs = [-214.663333  334.663333 -319.663333 -267.358497 -117.358497  -17.358497  317.358497 -114.663333  417.358497  359.663333]
ys = [-234.663333  289.663333 -334.663333  413.670326  343.670326  293.670326  101.329674 -134.663333   51.329674  319.663333]
dists_uav = [623.429568 181.623769 766.616849 515.686106 354.97995  250.34383  194.565318 484.560722 292.73605  213.13179 ]
uav_gains = [7.569304e-13 6.292042e-11 4.667887e-13 1.195684e-12 3.682948e-12 2.224232e-11 5.292983e-11 1.398779e-12 9.595711e-12 4.102448e-11]
dists_bs = [341.297368 857.652451 359.890067 951.984259 851.793775 793.860128 679.93661  382.908031 691.485737 895.10094 ]
bs_gains = [3.698437e-11 3.217700e-12 3.213442e-11 2.440347e-12 3.276681e-12 3.949108e-12 5.953594e-12 2.726592e-11 5.693705e-12 2.873159e-12]
Model saved in /Volumes/Research/code/fedcom-torch/models/mnist/s3
