Arguments:
	      dataset : mnist
	learning_rate : 0.01
	        model : mclr
	 model_params : (784, 10)
	        optim : 1
	      sce_idx : 3
	          tau : 15.0
['f_00000', 'f_00001', 'f_00002', 'f_00003', 'f_00004', 'f_00005', 'f_00006', 'f_00007', 'f_00008', 'f_00009']
10
dict_keys(['x', 'y'])
id = f_00000, model = <class 'flearn.models.mnist.mclr.Model'>, device = cpu, num_samples = 73
id = f_00001, model = <class 'flearn.models.mnist.mclr.Model'>, device = cpu, num_samples = 81
id = f_00002, model = <class 'flearn.models.mnist.mclr.Model'>, device = cpu, num_samples = 128
id = f_00003, model = <class 'flearn.models.mnist.mclr.Model'>, device = cpu, num_samples = 504
id = f_00004, model = <class 'flearn.models.mnist.mclr.Model'>, device = cpu, num_samples = 113
id = f_00005, model = <class 'flearn.models.mnist.mclr.Model'>, device = cpu, num_samples = 204
id = f_00006, model = <class 'flearn.models.mnist.mclr.Model'>, device = cpu, num_samples = 336
id = f_00007, model = <class 'flearn.models.mnist.mclr.Model'>, device = cpu, num_samples = 89
id = f_00008, model = <class 'flearn.models.mnist.mclr.Model'>, device = cpu, num_samples = 80
id = f_00009, model = <class 'flearn.models.mnist.mclr.Model'>, device = cpu, num_samples = 76
BaseFederated generated!
num_samples = [ 73  81 128 504 113 204 336  89  80  76]
msize = 300240
xs = [-280.  400. -385. -350. -200. -100.  400. -180.  500.  425.]
ys = [-300.  355. -400.  455.  385.  335.   60. -200.   10.  385.]
dists_uav = [714.702735 261.199158 858.268606 606.403331 444.100214 336.489227 274.954542 575.152154 379.605058 296.395007]
uav_gains = [5.494875e-13 1.802536e-11 3.593089e-13 8.081917e-13 1.762643e-12 4.643011e-12 1.366745e-11 9.167988e-13 2.857829e-12 8.947599e-12]
dists_bs = [ 344.093011  943.941206  397.775062 1017.116021  907.317475  840.966706  688.186021  349.857114  714.212853  981.758626]
bs_gains = [3.619341e-11 2.495838e-12 2.464796e-11 2.047806e-12 2.771778e-12 3.389665e-12 5.766337e-12 3.463460e-11 5.226094e-12 2.249096e-12]
v = 7.285974499089253 a_0 = 17.745255783340777
SystemModel __init__!
solve_bound_eta tau = 15.0
af = [0.068083 0.075544 0.119378 0.470051 0.105388 0.190259 0.313367 0.083005 0.074611 0.070881]
bf = [0.542378 0.604131 0.574765 0.933751 0.868385 0.775376 0.632704 0.545904 0.756731 0.682025]
tmp = [-1.315446e-90 -3.447173e-81 -4.173501e-51 -3.218911e-12 -8.287325e-57 -2.672277e-31 -5.867618e-19 -4.276070e-74 -2.492328e-81 -3.959454e-86]
w0 = [-1.315446e-90+0.j -3.447173e-81+0.j -4.173501e-51+0.j -3.218911e-12+0.j -8.287325e-57+0.j -2.672277e-31+0.j -5.867618e-19+0.j -4.276070e-74+0.j -2.492328e-81+0.j -3.959454e-86+0.j]
w_1 = [-212.316561+0.j -190.521604+0.j -120.797198+0.j  -29.858446+0.j -134.030692+0.j  -74.710832+0.j  -45.80404 +0.j -174.09788 +0.j -190.847651+0.j -201.954253+0.j]
xs_min = [-212.353563 -190.562929 -120.836595  -29.924942 -134.090776  -74.764627  -45.848097 -174.135167 -190.899689 -202.001019]
xs_max = [-0.037003 -0.041326 -0.039397 -0.066497 -0.060084 -0.053795 -0.044057 -0.037286 -0.052038 -0.046766]
solve_bound_eta x_min = -29.924942120067502	x_max = -0.06649652466312617
solve_bound_eta eta_min = 1.0087017307051787e-13	eta_max = 0.9356661676058142
af = 1.256453811299013	bf = 0.691614871235188	zeta = 1.269018349412003	eta = 0.9900990099009901
af = 1.256453811299013	bf = 0.691614871235188	zeta = 71.11581723829299	eta = 0.017667712473709202
af = 1.256453811299013	bf = 0.691614871235188	zeta = 5.866327725423475	eta = 0.21418063737792842
af = 1.256453811299013	bf = 0.691614871235188	zeta = 3.3439353920755566	eta = 0.375741054769345
af = 1.256453811299013	bf = 0.691614871235188	zeta = 3.0780512685520107	eta = 0.4081978179298095
af = 1.256453811299013	bf = 0.691614871235188	zeta = 3.0709615151174043	eta = 0.40914020091553577
af = 1.256453811299013	bf = 0.691614871235188	zeta = 3.0709558656152747	eta = 0.40914095359272734
eta = 0.40914095359272734
opt_as = [0.208111 0.208111 0.208111 0.208111 0.208111 0.208111 0.208111 0.208111 0.208111 0.208111]
opt_bs = [9048.353179  623.959564 6161.990667  511.951403  692.944528  847.416125 1441.584338 8658.649719 1306.523561  562.274031]
opt_cs = [ 6857639.369097  7609161.491737 12024353.962252 47345893.726367 10615249.9823   19163814.127339 31563929.150911  8360683.614378  7515221.226407  7139460.165087]
opt_tau = [0.499451 0.499451 0.499451 0.499451 0.499451 0.499451 0.499451 0.499451 0.499451 0.499451]
iter = 18 converged! (z, t) = (1.7564190378743945, 19.528839169624668)
iter = 14 converged! (z, t) = (2.0654346416325313, 9.148490495187056)
iter = 14 converged! (z, t) = (1.5148348643003473, 15.31873914791306)
iter = 11 converged! (z, t) = (1.1734245768347955, 5.391154132925314)
iter = 15 converged! (z, t) = (1.9398229386058419, 9.020367608687186)
iter = 11 converged! (z, t) = (1.627574698977415, 8.387453367437738)
iter = 10 converged! (z, t) = (1.2122799268562066, 7.830546151868753)
iter = 19 converged! (z, t) = (1.6580726539423782, 18.466032146413077)
iter = 13 converged! (z, t) = (1.9897196453215307, 11.35953626247802)
iter = 12 converged! (z, t) = (2.0936596488848638, 8.927624704107835)
opt_freqs = [5.120632e+07 1.093077e+08 6.527952e+07 1.854890e+08 1.108602e+08 1.192257e+08 1.277050e+08 5.415349e+07 8.803176e+07 1.120119e+08]
opt_powers = [8.477794e-05 9.981586e-04 1.517463e-04 2.626841e-03 9.733736e-04 1.001359e-03 8.890457e-04 9.560315e-05 4.997889e-04 1.088887e-03]
bs_ene = [0.000985 0.013159 0.001591 0.024158 0.012193 0.011005 0.008282 0.001064 0.00639  0.014518]
opt_as = [0.208111 0.208111 0.208111 0.208111 0.208111 0.208111 0.208111 0.208111 0.208111 0.208111]
opt_bs = [ 137.371869 4506.34093    89.827233  202.04792   440.660857 1160.752682 3416.861729  229.199698  714.457246 2236.899695]
opt_cs = [ 6857639.369097  7609161.491737 12024353.962252 47345893.726367 10615249.9823   19163814.127339 31563929.150911  8360683.614378  7515221.226407  7139460.165087]
opt_tau = [0.499451 0.499451 0.499451 0.499451 0.499451 0.499451 0.499451 0.499451 0.499451 0.499451]
iter = 11 converged! (z, t) = (2.2082109465075743, 5.818196304178959)
iter = 14 converged! (z, t) = (1.815647349077992, 15.980171065303601)
iter = 10 converged! (z, t) = (2.1174387957002927, 4.88922155563251)
iter = 12 converged! (z, t) = (1.3719640504774524, 4.518467026146681)
iter = 12 converged! (z, t) = (1.9953588593284954, 7.931593554761782)
iter = 14 converged! (z, t) = (1.5678618454903601, 9.03590843383516)
iter = 11 converged! (z, t) = (1.0290411803319597, 9.038694501061546)
iter = 12 converged! (z, t) = (2.1303307173305237, 6.710789307888434)
iter = 12 converged! (z, t) = (2.055609895626897, 9.534912189752571)
iter = 13 converged! (z, t) = (1.9421944294448263, 13.342734986818714)
opt_freqs = [1.718746e+08 6.257755e+07 2.045315e+08 2.213140e+08 1.260781e+08 1.106696e+08 1.106354e+08 1.490138e+08 1.048777e+08 7.494715e+07]
opt_powers = [0.00417  0.000163 0.00672  0.005309 0.001477 0.000769 0.000481 0.002614 0.000877 0.000301]
uav_ene = [0.058157 0.001939 0.090444 0.052493 0.018921 0.008238 0.004252 0.035358 0.011516 0.003775]
optimize_network iter = 0 obj = 0.0645861414908736
solve_bound_eta tau = 15.0
af = [2.659156 2.414409 3.657442 5.068235 1.901285 3.438321 5.664863 3.065547 1.695099 1.891485]
bf = [6.48641  6.705139 5.594246 4.333427 7.163716 5.790073 3.800223 6.12322  7.347983 7.172474]
tmp = [-0.229564 -0.200094 -0.313364 -0.360762 -0.127958 -0.299529 -0.36667  -0.270405 -0.096918 -0.126488]
w0 = [-0.314362+0.j -0.259335+0.j -0.535114+0.j -0.815139+0.j -0.148433+0.j -0.4879  +0.j -0.921025+0.j -0.405704+0.j -0.107968+0.j -0.146435+0.j]
w_1 = [-2.307919+0.j -2.54187 +0.j -1.67798 +0.j -1.210898+0.j -3.227878+0.j -1.784916+0.j -1.083365+0.j -2.001964+0.j -3.620505+0.j -3.244601+0.j]
xs_min = [-2.887252 -3.176231 -2.036561 -1.289455 -3.97314  -2.190711 -1.056035 -2.489955 -4.406233 -3.991862]
xs_max = [-0.893696 -0.893696 -0.893696 -0.893696 -0.893696 -0.893696 -0.893696 -0.893696 -0.893696 -0.893696]
solve_bound_eta x_min = -1.0560350127636078	x_max = -0.8936955524994818
solve_bound_eta eta_min = 0.3478322301362334	eta_max = 0.4091409535927262
af = 0.005167327944088185	bf = 0.03354328797048488	zeta = 0.005219001223529067	eta = 0.99009900990099
af = 0.005167327944088185	bf = 0.03354328797048488	zeta = 3.393065163908652	eta = 0.0015229085486043732
af = 0.005167327944088185	bf = 0.03354328797048488	zeta = 0.06716672168424709	eta = 0.07693285922722205
af = 0.005167327944088185	bf = 0.03354328797048488	zeta = 0.05069681641382353	eta = 0.10192608352186798
af = 0.005167327944088185	bf = 0.03354328797048488	zeta = 0.05048907304376254	eta = 0.10234547066469783
af = 0.005167327944088185	bf = 0.03354328797048488	zeta = 0.05048902458099345	eta = 0.10234556890277934
eta = 0.10234556890277934
opt_as = [0.208111 0.208111 0.208111 0.208111 0.208111 0.208111 0.208111 0.208111 0.208111 0.208111]
opt_bs = [9048.353179  623.959564 6161.990667  511.951403  692.944528  847.416125 1441.584338 8658.649719 1306.523561  562.274031]
opt_cs = [ 8103326.975745  8991362.808703 14208573.327334 55946257.476376 12543506.140537 22644913.740438 37297504.984251  9879398.641662  8880358.329584  8436340.413104]
opt_tau = [0.551275 0.551275 0.551275 0.551275 0.551275 0.551275 0.551275 0.551275 0.551275 0.551275]
iter = 14 converged! (z, t) = (1.8516964140812755, 20.475238611229816)
iter = 15 converged! (z, t) = (2.2299904349796087, 9.697149787140669)
iter = 15 converged! (z, t) = (1.5711509330688345, 15.786385528987646)
iter = 13 converged! (z, t) = (1.1860903400303704, 5.441600319610205)
iter = 15 converged! (z, t) = (2.075669460091412, 9.511408319093501)
iter = 11 converged! (z, t) = (1.7025330590001684, 8.697759569948689)
iter = 11 converged! (z, t) = (1.2289670689420862, 7.923159331705661)
iter = 18 converged! (z, t) = (1.7381802571947023, 19.18552591035791)
iter = 13 converged! (z, t) = (2.136245472786641, 12.015270086038173)
iter = 13 converged! (z, t) = (2.264319223528116, 9.488285957159162)
opt_freqs = [4.883948e+07 1.031231e+08 6.334572e+07 1.837695e+08 1.051369e+08 1.149721e+08 1.262123e+08 5.212263e+07 8.322743e+07 1.053931e+08]
opt_powers = [7.913978e-05 9.068787e-04 1.444029e-04 2.585349e-03 8.932044e-04 9.431404e-04 8.714172e-04 8.981645e-05 4.569184e-04 9.875010e-04]
bs_ene = [0.000882 0.011712 0.00144  0.022505 0.010876 0.009907 0.007681 0.000957 0.005695 0.012917]
opt_as = [0.208111 0.208111 0.208111 0.208111 0.208111 0.208111 0.208111 0.208111 0.208111 0.208111]
opt_bs = [ 137.371869 4506.34093    89.827233  202.04792   440.660857 1160.752682 3416.861729  229.199698  714.457246 2236.899695]
opt_cs = [ 8103326.975745  8991362.808703 14208573.327334 55946257.476376 12543506.140537 22644913.740438 37297504.984251  9879398.641662  8880358.329584  8436340.413104]
opt_tau = [0.551275 0.551275 0.551275 0.551275 0.551275 0.551275 0.551275 0.551275 0.551275 0.551275]
iter = 10 converged! (z, t) = (2.4069376777766056, 6.2154731316792855)
iter = 13 converged! (z, t) = (1.9261286958110344, 16.730212816482457)
iter = 15 converged! (z, t) = (2.2939159403189717, 5.200171808855536)
iter = 9 converged! (z, t) = (1.4077988983123493, 4.616882400949222)
iter = 11 converged! (z, t) = (2.1434951288662027, 8.386106164563115)
iter = 12 converged! (z, t) = (1.632804286918733, 9.33857853929447)
iter = 13 converged! (z, t) = (1.029040483655269, 9.038698388338753)
iter = 14 converged! (z, t) = (2.3098078191314246, 7.144134782332464)
iter = 11 converged! (z, t) = (2.217703520790992, 10.106307041621388)
iter = 13 converged! (z, t) = (2.0785941412117914, 14.069815342356733)
opt_freqs = [1.608888e+08 5.977210e+07 1.923013e+08 2.165964e+08 1.192449e+08 1.070827e+08 1.106354e+08 1.399750e+08 9.894811e+07 7.107414e+07]
opt_powers = [0.00375  0.000151 0.006083 0.005121 0.001349 0.000728 0.000481 0.002364 0.000797 0.000276]
uav_ene = [0.051675 0.001735 0.080444 0.047964 0.016859 0.007437 0.004044 0.031444 0.010251 0.003367]
optimize_network iter = 1 obj = 0.05893687647921702
solve_bound_eta tau = 15.0
af = [2.788023 2.527731 3.769095 5.115659 2.004785 3.553492 5.664866 3.184991 1.792949 1.994557]
bf = [6.838267 7.113144 5.80222  4.380201 7.665394 6.029904 3.80022  6.419055 7.889099 7.676195]
tmp = [-0.288025 -0.262002 -0.346768 -0.367808 -0.192812 -0.338177 -0.36667  -0.318357 -0.158524 -0.191232]
w0 = [-0.453127+0.j -0.385067+0.j -0.694416+0.j -0.980356+0.j -0.24678 +0.j -0.643768+0.j -0.921025+0.j -0.554011+0.j -0.192098+0.j -0.244103+0.j]
w_1 = [-1.871392+0.j -2.064097+0.j -1.38428 +0.j -1.019904+0.j -2.602516+0.j -1.468269+0.j -1.083365+0.j -1.638147+0.j -2.910001+0.j -2.615861+0.j]
xs_min = [-2.4743   -2.735065 -1.745899 -1.095583 -3.41177  -1.880536 -1.056035 -2.140171 -3.773938 -3.427793]
xs_max = [-1.056035 -1.056035 -1.056035 -1.056035 -1.056035 -1.056035 -0.893695 -1.056035 -1.056035 -1.056035]
solve_bound_eta x_min = -1.0560350127636133	x_max = -1.0560350127636082
solve_bound_eta eta_min = 0.34783223013623144	eta_max = 0.3478322301362332
Done!
af = 0.005013629830041748	bf = 0.03314216265462711	zeta = 0.005063766128342166	eta = 0.9900990099009901
af = 0.005013629830041748	bf = 0.03314216265462711	zeta = 3.3523970429513423	eta = 0.0014955358108859058
af = 0.005013629830041748	bf = 0.03314216265462711	zeta = 0.06585567157640398	eta = 0.07613057023076698
af = 0.005013629830041748	bf = 0.03314216265462711	zeta = 0.04984880878475681	eta = 0.100576722940165
af = 0.005013629830041748	bf = 0.03314216265462711	zeta = 0.04965141708973884	eta = 0.10097657073876115
af = 0.005013629830041748	bf = 0.03314216265462711	zeta = 0.04965137325203267	eta = 0.10097665989201006
eta = 0.10097665989201006
At round 0 optimal eta: 0.34783223013623144
At round 0 optimal freqs: [4.883948e+07 5.977210e+07 6.334572e+07 1.837695e+08 1.051369e+08 1.070827e+08 1.106354e+08 5.212263e+07 8.322743e+07 7.107414e+07]
At round 0 optimal decs: [0 1 0 0 0 1 1 0 0 1]
At round 0 optimal powers: [7.913978e-05 1.510410e-04 1.444029e-04 2.585349e-03 8.932044e-04 7.279187e-04 4.807457e-04 8.981645e-05 4.569184e-04 2.762055e-04]
At round 0 t_co: [0.385357 0.400848 0.326973 0.246838 0.431969 0.339804 0.214154 0.361734 0.444575 0.432577]
At round 0 e_co: [3.049711e-05 6.054444e-05 4.721587e-05 6.381620e-04 3.858363e-04 2.473495e-04 1.029537e-04 3.248963e-05 2.031346e-04 1.194802e-04]
At round 0 t_cp: [0.165918 0.150427 0.224302 0.304437 0.119306 0.211471 0.337121 0.189541 0.1067   0.118698]
At round 0 e_cp: [1.932882e-06 3.212348e-06 5.701447e-06 1.889373e-04 1.386530e-05 2.596624e-05 4.565286e-05 2.684004e-06 6.151251e-06 4.261645e-06]
At round 0 average t_co: 0.44457513374014934 average t_cp: 0.33712089819020535 t: 0.5512750375308956
At round 0 average e_co: 0.0018676632819088993 average e_cp: 0.00029836530429337086 e: 0.00216602858620227
At round 0 a_n: 17.745255783340777
At round 0 local rounds: 11.10044791197944
At round 0 global rounds: 27.20964850355544
At round 0 tau: 15.0
At round 0 accuracy: 0.1325581395348837
At round 0 training accuracy: 0.13182897862232779
At round 0 training loss: 2.3316641475601227
At round 0 test loss: 2.3278727297635045
gradient difference: 32.91090393066406
ground = 1 remain_eps = 0.0013402517786184113	remain_tau = 14.448724962469104
update_location
xs = [-276.88873  396.88873 -381.88873 -346.06469 -196.06469  -96.06469  396.06469 -176.88873  496.06469  421.88873]
ys = [-296.88873  351.88873 -396.88873  453.03192  383.03192  333.03192   61.96808 -196.88873   11.96808  381.88873]
dists_uav = [710.349787 257.215492 853.90058  602.071858 439.8257   332.310872 270.952857 570.825129 375.408552 292.30561 ]
uav_gains = [5.573691e-13 1.949518e-11 3.635755e-13 8.220571e-13 1.810530e-12 4.921303e-12 1.482062e-11 9.335520e-13 2.973071e-12 9.675801e-12]
dists_bs = [ 343.397083  939.80587   395.564073 1013.918444  904.536752  838.552685  687.513899  350.950231  712.875509  977.608221]
bs_gains = [3.638811e-11 2.525047e-12 2.501474e-11 2.064964e-12 2.794416e-12 3.415585e-12 5.781288e-12 3.434946e-11 5.252115e-12 2.274488e-12]
At round 1 optimal eta: 0.34783223013623144
At round 1 optimal freqs: [4.883948e+07 5.977210e+07 6.334572e+07 1.837695e+08 1.051369e+08 1.070827e+08 1.106354e+08 5.212263e+07 8.322743e+07 7.107414e+07]
At round 1 optimal decs: [0 1 0 0 0 1 1 0 0 1]
At round 1 optimal powers: [7.913978e-05 1.510410e-04 1.444029e-04 2.585349e-03 8.932044e-04 7.279187e-04 4.807457e-04 8.981645e-05 4.569184e-04 2.762055e-04]
At round 1 t_co: [0.383764 0.37724  0.323425 0.245452 0.429191 0.325415 0.203452 0.364017 0.442816 0.406703]
At round 1 e_co: [3.037101e-05 5.697872e-05 4.670354e-05 6.345781e-04 3.833555e-04 2.368757e-04 9.780882e-05 3.269468e-05 2.023308e-04 1.123336e-04]
At round 1 t_cp: [0.165918 0.150427 0.224302 0.304437 0.119306 0.211471 0.337121 0.189541 0.1067   0.118698]
At round 1 e_cp: [1.932882e-06 3.212348e-06 5.701447e-06 1.889373e-04 1.386530e-05 2.596624e-05 4.565286e-05 2.684004e-06 6.151251e-06 4.261645e-06]
At round 1 average t_co: 0.4428160931972373 average t_cp: 0.33712089819020535 t: 0.5535580062014368
At round 1 average e_co: 0.0018340305137267148 average e_cp: 0.00029836530429337086 e: 0.002132395818020086
At round 1 a_n: 17.745255783340777
At round 1 local rounds: 11.10044791197944
At round 1 global rounds: 27.20964850355544
At round 1 tau: 14.448724962469104
At round 1 accuracy: 0.7255813953488373
At round 1 training accuracy: 0.7203087885985748
At round 1 training loss: 1.023021004585548
At round 1 test loss: 1.0572038351103317
gradient difference: 1.2257075309753418
ground = 2 remain_eps = 0.0017962748300898149	remain_tau = 13.895166956267667
update_location
xs = [-273.77746   393.77746  -378.77746  -342.129381 -192.129381  -92.129381  392.129381 -173.77746   492.129381  418.77746 ]
ys = [-293.77746   348.77746  -393.77746   451.063841  381.063841  331.063841   63.936159 -193.77746    13.936159  378.77746 ]
dists_uav = [705.997423 253.245609 849.532883 597.741385 435.553684 328.138312 266.963708 566.499229 371.216758 288.225362]
uav_gains = [5.654156e-13 2.105031e-11 3.679153e-13 8.362774e-13 1.860718e-12 5.227995e-12 1.606337e-11 9.507689e-13 3.097138e-12 1.047733e-11]
dists_bs = [ 342.756231  935.672948  393.389873 1010.729906  901.768923  836.154848  686.869306  352.094944  711.56286   973.460007]
bs_gains = [3.656868e-11 2.554711e-12 2.538278e-11 2.082272e-12 2.817203e-12 3.441603e-12 5.795677e-12 3.405431e-11 5.277830e-12 2.300263e-12]
At round 2 optimal eta: 0.34783223013623144
At round 2 optimal freqs: [4.883948e+07 5.977210e+07 6.334572e+07 1.837695e+08 1.051369e+08 1.070827e+08 1.106354e+08 5.212263e+07 8.322743e+07 7.107414e+07]
At round 2 optimal decs: [0 1 0 0 0 1 1 0 0 1]
At round 2 optimal powers: [7.913978e-05 1.510410e-04 1.444029e-04 2.585349e-03 8.932044e-04 7.279187e-04 4.807457e-04 8.981645e-05 4.569184e-04 2.762055e-04]
At round 2 t_co: [0.382301 0.355787 0.319965 0.244076 0.42644  0.31129  0.193554 0.366419 0.441095 0.382316]
At round 2 e_co: [3.025524e-05 5.373845e-05 4.620396e-05 6.310205e-04 3.808982e-04 2.265941e-04 9.305023e-05 3.291046e-05 2.015442e-04 1.055977e-04]
At round 2 t_cp: [0.165918 0.150427 0.224302 0.304437 0.119306 0.211471 0.337121 0.189541 0.1067   0.118698]
At round 2 e_cp: [1.932882e-06 3.212348e-06 5.701447e-06 1.889373e-04 1.386530e-05 2.596624e-05 4.565286e-05 2.684004e-06 6.151251e-06 4.261645e-06]
At round 2 average t_co: 0.4410945729006442 average t_cp: 0.33712089819020535 t: 0.5559605029984028
At round 2 average e_co: 0.0018018130697656763 average e_cp: 0.00029836530429337086 e: 0.0021001783740590466
At round 2 a_n: 17.745255783340777
At round 2 local rounds: 11.10044791197944
At round 2 global rounds: 27.20964850355544
At round 2 tau: 13.895166956267667
At round 2 accuracy: 0.7953488372093023
At round 2 training accuracy: 0.7630641330166271
At round 2 training loss: 0.7046760670032561
At round 2 test loss: 0.8719862594969513
gradient difference: 1.3899366855621338
ground = 3 remain_eps = 0.0024074605359153587	remain_tau = 13.339206453269265
update_location
xs = [-270.66619   390.66619  -375.66619  -338.194071 -188.194071  -88.194071  388.194071 -170.66619   488.194071  415.66619 ]
ys = [-290.66619   345.66619  -390.66619   449.095761  379.095761  329.095761   65.904239 -190.66619    15.904239  375.66619 ]
dists_uav = [701.645652 249.290168 845.165522 593.411936 431.284243 323.97177  262.987665 562.174479 367.029838 284.154656]
uav_gains = [5.736313e-13 2.268636e-11 3.723298e-13 8.508654e-13 1.913387e-12 5.566505e-12 1.739564e-11 9.684679e-13 3.231013e-12 1.135723e-11]
dists_bs = [ 342.170762  931.542473  391.253075 1007.550491  899.014107  833.773335  686.252319  353.29075   710.275042  969.314015]
bs_gains = [3.673473e-11 2.584839e-12 2.575179e-11 2.099730e-12 2.840137e-12 3.467715e-12 5.809495e-12 3.374971e-11 5.303226e-12 2.326428e-12]
At round 3 optimal eta: 0.34783223013623144
At round 3 optimal freqs: [4.883948e+07 5.977210e+07 6.334572e+07 1.837695e+08 1.051369e+08 1.070827e+08 1.106354e+08 5.212263e+07 8.322743e+07 7.107414e+07]
At round 3 optimal decs: [0 1 0 0 0 1 1 0 0 1]
At round 3 optimal powers: [7.913978e-05 1.510410e-04 1.444029e-04 2.585349e-03 8.932044e-04 7.279187e-04 4.807457e-04 8.981645e-05 4.569184e-04 2.762055e-04]
At round 3 t_co: [0.380969 0.336329 0.316593 0.24271  0.423715 0.297462 0.184429 0.368942 0.43941  0.359438]
At round 3 e_co: [3.014977e-05 5.079953e-05 4.571702e-05 6.274891e-04 3.784640e-04 2.165278e-04 8.866350e-05 3.313703e-05 2.007747e-04 9.927884e-05]
At round 3 t_cp: [0.165918 0.150427 0.224302 0.304437 0.119306 0.211471 0.337121 0.189541 0.1067   0.118698]
At round 3 e_cp: [1.932882e-06 3.212348e-06 5.701447e-06 1.889373e-04 1.386530e-05 2.596624e-05 4.565286e-05 2.684004e-06 6.151251e-06 4.261645e-06]
At round 3 average t_co: 0.4394104631384187 average t_cp: 0.33712089819020535 t: 0.558483128671873
At round 3 average e_co: 0.0017710014382036994 average e_cp: 0.00029836530429337086 e: 0.0020693667424970703
At round 3 a_n: 17.745255783340777
At round 3 local rounds: 11.10044791197944
At round 3 global rounds: 27.20964850355544
At round 3 tau: 13.339206453269265
At round 3 accuracy: 0.8046511627906977
At round 3 training accuracy: 0.7820665083135392
At round 3 training loss: 0.593403035841192
At round 3 test loss: 0.6847752921889688
gradient difference: 1.2416239976882935
ground = 4 remain_eps = 0.003226603265214193	remain_tau = 12.780723324597393
update_location
xs = [-267.554921  387.554921 -372.554921 -334.258761 -184.258761  -84.258761  384.258761 -167.554921  484.258761  412.554921]
ys = [-287.554921  342.554921 -387.554921  447.127681  377.127681  327.127681   67.872319 -187.554921   17.872319  372.554921]
dists_uav = [697.294487 245.349866 840.798501 589.083532 427.017451 319.811481 259.025332 557.850906 362.847961 280.093909]
uav_gains = [5.820212e-13 2.439814e-11 3.768209e-13 8.658344e-13 1.968736e-12 5.940609e-12 1.881600e-11 9.866684e-13 3.375805e-12 1.232003e-11]
dists_bs = [ 341.640963  927.414476  389.154294 1004.380288  896.272425  831.408287  685.663012  354.537134  709.012191  965.170271]
bs_gains = [3.688589e-11 2.615440e-12 2.612148e-11 2.117339e-12 2.863218e-12 3.493916e-12 5.822736e-12 3.343620e-11 5.328295e-12 2.352990e-12]
At round 4 optimal eta: 0.34783223013623144
At round 4 optimal freqs: [4.883948e+07 5.977210e+07 6.334572e+07 1.837695e+08 1.051369e+08 1.070827e+08 1.106354e+08 5.212263e+07 8.322743e+07 7.107414e+07]
At round 4 optimal decs: [0 1 0 0 0 1 1 0 0 1]
At round 4 optimal powers: [7.913978e-05 1.510410e-04 1.444029e-04 2.585349e-03 8.932044e-04 7.279187e-04 4.807457e-04 8.981645e-05 4.569184e-04 2.762055e-04]
At round 4 t_co: [0.379766 0.318703 0.313308 0.241354 0.421016 0.283962 0.176042 0.371585 0.437764 0.338077]
At round 4 e_co: [3.005457e-05 4.813725e-05 4.524265e-05 6.239839e-04 3.760531e-04 2.067010e-04 8.463135e-05 3.337445e-05 2.000223e-04 9.337862e-05]
At round 4 t_cp: [0.165918 0.150427 0.224302 0.304437 0.119306 0.211471 0.337121 0.189541 0.1067   0.118698]
At round 4 e_cp: [1.932882e-06 3.212348e-06 5.701447e-06 1.889373e-04 1.386530e-05 2.596624e-05 4.565286e-05 2.684004e-06 6.151251e-06 4.261645e-06]
At round 4 average t_co: 0.4377636561689207 average t_cp: 0.33712089819020535 t: 0.5611265101892626
At round 4 average e_co: 0.0017415791588759632 average e_cp: 0.00029836530429337086 e: 0.002039944463169334
At round 4 a_n: 17.745255783340777
At round 4 local rounds: 11.10044791197944
At round 4 global rounds: 27.20964850355544
At round 4 tau: 12.780723324597393
At round 4 accuracy: 0.8093023255813954
At round 4 training accuracy: 0.7874109263657957
At round 4 training loss: 0.535605811373119
At round 4 test loss: 0.6216858052150455
gradient difference: 1.0747166872024536
ground = 5 remain_eps = 0.004324460765099295	remain_tau = 12.21959681440813
update_location
xs = [-264.443651  384.443651 -369.443651 -330.323452 -180.323452  -80.323452  380.323452 -164.443651  480.323452  409.443651]
ys = [-284.443651  339.443651 -384.443651  445.159601  375.159601  325.159601   69.840399 -184.443651   19.840399  369.443651]
dists_uav = [692.943938 241.425446 836.431825 584.756197 422.753391 315.657693 255.077347 553.528537 358.671303 276.043561]
uav_gains = [5.905903e-13 2.618002e-11 3.813903e-13 8.811984e-13 2.026983e-12 6.354455e-12 2.032173e-11 1.005391e-12 3.532770e-12 1.336956e-11]
dists_bs = [ 341.167091  923.288992  387.09415  1001.219384  893.543997  829.059844  685.101458  355.833562  707.77444   961.028806]
bs_gains = [3.702181e-11 2.646523e-12 2.649150e-11 2.135099e-12 2.886445e-12 3.520205e-12 5.835393e-12 3.311435e-11 5.353023e-12 2.379957e-12]
At round 5 optimal eta: 0.34783223013623144
At round 5 optimal freqs: [4.883948e+07 5.977210e+07 6.334572e+07 1.837695e+08 1.051369e+08 1.070827e+08 1.106354e+08 5.212263e+07 8.322743e+07 7.107414e+07]
At round 5 optimal decs: [0 1 0 0 0 1 1 0 0 1]
At round 5 optimal powers: [7.913978e-05 1.510410e-04 1.444029e-04 2.585349e-03 8.932044e-04 7.279187e-04 4.807457e-04 8.981645e-05 4.569184e-04 2.762055e-04]
At round 5 t_co: [0.378692 0.302745 0.31011  0.240008 0.418342 0.270825 0.168351 0.37435  0.436154 0.31822 ]
At round 5 e_co: [2.996961e-05 4.572685e-05 4.478074e-05 6.205046e-04 3.736652e-04 1.971386e-04 8.093419e-05 3.362278e-05 1.992868e-04 8.789406e-05]
At round 5 t_cp: [0.165918 0.150427 0.224302 0.304437 0.119306 0.211471 0.337121 0.189541 0.1067   0.118698]
At round 5 e_cp: [1.932882e-06 3.212348e-06 5.701447e-06 1.889373e-04 1.386530e-05 2.596624e-05 4.565286e-05 2.684004e-06 6.151251e-06 4.261645e-06]
At round 5 average t_co: 0.43615404623877646 average t_cp: 0.33712089819020535 t: 0.5638913003614978
At round 5 average e_co: 0.001713523465096604 average e_cp: 0.00029836530429337086 e: 0.0020118887693899748
At round 5 a_n: 17.745255783340777
At round 5 local rounds: 11.10044791197944
At round 5 global rounds: 27.20964850355544
At round 5 tau: 12.21959681440813
At round 5 accuracy: 0.8162790697674419
At round 5 training accuracy: 0.8004750593824228
At round 5 training loss: 0.4736450430710733
At round 5 test loss: 0.5838718607039877
gradient difference: 1.0001164674758911
ground = 6 remain_eps = 0.005795866231989866	remain_tau = 11.655705514046632
update_location
xs = [-261.332381  381.332381 -366.332381 -326.388142 -176.388142  -76.388142  376.388142 -161.332381  476.388142  406.332381]
ys = [-281.332381  336.332381 -381.332381  443.191522  373.191522  323.191522   71.808478 -181.332381   21.808478  366.332381]
dists_uav = [688.594018 237.517695 832.065501 580.429954 418.492145 311.510666 251.144388 549.207401 354.500048 272.004076]
uav_gains = [5.993435e-13 2.802638e-11 3.860397e-13 8.969722e-13 2.088374e-12 6.812551e-12 2.190890e-11 1.024657e-12 3.703324e-12 1.450869e-11]
dists_bs = [340.749381 919.166055 385.073262 998.067866 890.828945 826.728147 684.567724 357.179491 706.561922 956.889648]
bs_gains = [3.714220e-11 2.678098e-12 2.686152e-11 2.153011e-12 2.909816e-12 3.546576e-12 5.847457e-12 3.278470e-11 5.377401e-12 2.407336e-12]
At round 6 optimal eta: 0.34783223013623144
At round 6 optimal freqs: [4.883948e+07 5.977210e+07 6.334572e+07 1.837695e+08 1.051369e+08 1.070827e+08 1.106354e+08 5.212263e+07 8.322743e+07 7.107414e+07]
At round 6 optimal decs: [0 1 0 0 0 1 1 0 0 1]
At round 6 optimal powers: [7.913978e-05 1.510410e-04 1.444029e-04 2.585349e-03 8.932044e-04 7.279187e-04 4.807457e-04 8.981645e-05 4.569184e-04 2.762055e-04]
At round 6 t_co: [0.377748 0.288293 0.306997 0.238672 0.415695 0.258086 0.161313 0.377237 0.434582 0.299841]
At round 6 e_co: [2.989487e-05 4.354403e-05 4.433122e-05 6.170513e-04 3.713004e-04 1.878653e-04 7.755073e-05 3.388206e-05 1.985683e-04 8.281776e-05]
At round 6 t_cp: [0.165918 0.150427 0.224302 0.304437 0.119306 0.211471 0.337121 0.189541 0.1067   0.118698]
At round 6 e_cp: [1.932882e-06 3.212348e-06 5.701447e-06 1.889373e-04 1.386530e-05 2.596624e-05 4.565286e-05 2.684004e-06 6.151251e-06 4.261645e-06]
At round 6 average t_co: 0.4345815296005598 average t_cp: 0.33712089819020535 t: 0.5667781774540935
At round 6 average e_co: 0.0016868059626294768 average e_cp: 0.00029836530429337086 e: 0.001985171266922848
At round 6 a_n: 17.745255783340777
At round 6 local rounds: 11.10044791197944
At round 6 global rounds: 27.20964850355544
At round 6 tau: 11.655705514046632
At round 6 accuracy: 0.8232558139534883
At round 6 training accuracy: 0.8028503562945368
At round 6 training loss: 0.4419982790073892
At round 6 test loss: 0.6625640869602677
gradient difference: 0.7999657988548279
ground = 7 remain_eps = 0.007767920026058806	remain_tau = 11.088927336592539
update_location
xs = [-258.221111  378.221111 -363.221111 -322.452832 -172.452832  -72.452832  372.452832 -158.221111  472.452832  403.221111]
ys = [-278.221111  333.221111 -378.221111  441.223442  371.223442  321.223442   73.776558 -178.221111   23.776558  363.221111]
dists_uav = [684.244739 233.627448 827.699534 576.104828 414.233801 307.370674 247.227172 544.887528 350.33439  267.975944]
uav_gains = [6.082864e-13 2.993202e-11 3.907711e-13 9.131713e-13 2.153180e-12 7.319753e-12 2.357265e-11 1.044491e-12 3.889067e-12 1.573914e-11]
dists_bs = [340.38804  915.045698 383.092252 994.925825 888.127392 824.41334  684.061877 358.574362 705.374767 952.752828]
bs_gains = [3.724677e-11 2.710174e-12 2.723119e-11 2.171077e-12 2.933331e-12 3.573027e-12 5.858923e-12 3.244782e-11 5.401418e-12 2.435134e-12]
At round 7 optimal eta: 0.34783223013623144
At round 7 optimal freqs: [4.883948e+07 5.977210e+07 6.334572e+07 1.837695e+08 1.051369e+08 1.070827e+08 1.106354e+08 5.212263e+07 8.322743e+07 7.107414e+07]
At round 7 optimal decs: [0 1 0 0 0 1 1 0 0 1]
At round 7 optimal powers: [7.913978e-05 1.510410e-04 1.444029e-04 2.585349e-03 8.932044e-04 7.279187e-04 4.807457e-04 8.981645e-05 4.569184e-04 2.762055e-04]
At round 7 t_co: [0.376932 0.275193 0.303969 0.237347 0.413073 0.245777 0.154881 0.380246 0.433046 0.282899]
At round 7 e_co: [2.983033e-05 4.156542e-05 4.389400e-05 6.136238e-04 3.689585e-04 1.789055e-04 7.445853e-05 3.415238e-05 1.978667e-04 7.813818e-05]
At round 7 t_cp: [0.165918 0.150427 0.224302 0.304437 0.119306 0.211471 0.337121 0.189541 0.1067   0.118698]
At round 7 e_cp: [1.932882e-06 3.212348e-06 5.701447e-06 1.889373e-04 1.386530e-05 2.596624e-05 4.565286e-05 2.684004e-06 6.151251e-06 4.261645e-06]
At round 7 average t_co: 0.4330460045302013 average t_cp: 0.33712089819020535 t: 0.5697878447836482
At round 7 average e_co: 0.0016613933108659863 average e_cp: 0.00029836530429337086 e: 0.0019597586151593573
At round 7 a_n: 17.745255783340777
At round 7 local rounds: 11.10044791197944
At round 7 global rounds: 27.20964850355544
At round 7 tau: 11.088927336592539
At round 7 accuracy: 0.827906976744186
At round 7 training accuracy: 0.8153206650831354
At round 7 training loss: 0.404529624061861
At round 7 test loss: 0.5387624219207945
gradient difference: 0.9083911180496216
ground = 8 remain_eps = 0.010410968631090891	remain_tau = 10.51913949180889
update_location
xs = [-255.109841  375.109841 -360.109841 -318.517523 -168.517523  -68.517523  368.517523 -155.109841  468.517523  400.109841]
ys = [-275.109841  330.109841 -375.109841  439.255362  369.255362  319.255362   75.744638 -175.109841   25.744638  360.109841]
dists_uav = [679.896112 229.755596 823.333928 571.780845 409.978448 303.238004 243.326458 540.568947 346.174531 263.959687]
uav_gains = [6.174244e-13 3.189260e-11 3.955862e-13 9.298121e-13 2.221705e-12 7.881217e-12 2.530755e-11 1.064915e-12 4.091804e-12 1.706130e-11]
dists_bs = [340.083247 910.927956 381.151741 991.793349 885.439462 822.115563 683.583976 360.017608 704.213102 948.618376]
bs_gains = [3.733530e-11 2.742760e-12 2.760013e-11 2.189295e-12 2.956988e-12 3.599552e-12 5.869783e-12 3.210426e-11 5.425062e-12 2.463361e-12]
At round 8 optimal eta: 0.34783223013623144
At round 8 optimal freqs: [4.883948e+07 5.977210e+07 6.334572e+07 1.837695e+08 1.051369e+08 1.070827e+08 1.106354e+08 5.212263e+07 8.322743e+07 7.107414e+07]
At round 8 optimal decs: [0 1 0 0 0 1 1 0 0 1]
At round 8 optimal powers: [7.913978e-05 1.510410e-04 1.444029e-04 2.585349e-03 8.932044e-04 7.279187e-04 4.807457e-04 8.981645e-05 4.569184e-04 2.762055e-04]
At round 8 t_co: [0.376245 0.263298 0.301026 0.236031 0.410476 0.23393  0.149007 0.38338  0.431547 0.267338]
At round 8 e_co: [2.977598e-05 3.976887e-05 4.346900e-05 6.102221e-04 3.666393e-04 1.702821e-04 7.163461e-05 3.443379e-05 1.971819e-04 7.384012e-05]
At round 8 t_cp: [0.165918 0.150427 0.224302 0.304437 0.119306 0.211471 0.337121 0.189541 0.1067   0.118698]
At round 8 e_cp: [1.932882e-06 3.212348e-06 5.701447e-06 1.889373e-04 1.386530e-05 2.596624e-05 4.565286e-05 2.684004e-06 6.151251e-06 4.261645e-06]
At round 8 average t_co: 0.4315473713441091 average t_cp: 0.33712089819020535 t: 0.5729210303003147
At round 8 average e_co: 0.0016372478797410624 average e_cp: 0.00029836530429337086 e: 0.0019356131840344336
At round 8 a_n: 17.745255783340777
At round 8 local rounds: 11.10044791197944
At round 8 global rounds: 27.20964850355544
At round 8 tau: 10.51913949180889
At round 8 accuracy: 0.8348837209302326
At round 8 training accuracy: 0.8224465558194775
At round 8 training loss: 0.3811446416766183
At round 8 test loss: 0.5439251067766616
gradient difference: 0.8768455386161804
ground = 9 remain_eps = 0.013953319224960053	remain_tau = 9.946218461508575
update_location
xs = [-251.998571  371.998571 -356.998571 -314.582213 -164.582213  -64.582213  364.582213 -151.998571  464.582213  396.998571]
ys = [-271.998571  326.998571 -371.998571  437.287282  367.287282  317.287282   77.712718 -171.998571   27.712718  356.998571]
dists_uav = [675.54815  225.903083 818.968691 567.458031 405.726181 299.11296  239.443053 536.251689 342.020681 259.955853]
uav_gains = [6.267633e-13 3.390495e-11 4.004872e-13 9.469116e-13 2.294290e-12 8.502336e-12 2.710795e-11 1.085957e-12 4.313569e-12 1.847419e-11]
dists_bs = [339.835153 906.812866 379.252351 988.670531 882.765277 819.834962 683.134082 361.508648 703.077055 944.486325]
bs_gains = [3.740757e-11 2.775867e-12 2.796795e-11 2.207668e-12 2.980785e-12 3.626148e-12 5.880033e-12 3.175455e-11 5.448322e-12 2.492023e-12]
At round 9 optimal eta: 0.34783223013623144
At round 9 optimal freqs: [4.883948e+07 5.977210e+07 6.334572e+07 1.837695e+08 1.051369e+08 1.070827e+08 1.106354e+08 5.212263e+07 8.322743e+07 7.107414e+07]
At round 9 optimal decs: [0 1 0 0 0 1 1 0 0 1]
At round 9 optimal powers: [7.913978e-05 1.510410e-04 1.444029e-04 2.585349e-03 8.932044e-04 7.279187e-04 4.807457e-04 8.981645e-05 4.569184e-04 2.762055e-04]
At round 9 t_co: [0.375687 0.252473 0.298167 0.234725 0.407906 0.222574 0.143643 0.386637 0.430086 0.253092]
At round 9 e_co: [2.973179e-05 3.813373e-05 4.305613e-05 6.068461e-04 3.643430e-04 1.620161e-04 6.905587e-05 3.472637e-05 1.965140e-04 6.990527e-05]
At round 9 t_cp: [0.165918 0.150427 0.224302 0.304437 0.119306 0.211471 0.337121 0.189541 0.1067   0.118698]
At round 9 e_cp: [1.932882e-06 3.212348e-06 5.701447e-06 1.889373e-04 1.386530e-05 2.596624e-05 4.565286e-05 2.684004e-06 6.151251e-06 4.261645e-06]
At round 9 average t_co: 0.43008553241600267 average t_cp: 0.33712089819020535 t: 0.5761784861568543
At round 9 average e_co: 0.0016143283657130637 average e_cp: 0.00029836530429337086 e: 0.0019126936700064343
At round 9 a_n: 17.745255783340777
At round 9 local rounds: 11.10044791197944
At round 9 global rounds: 27.20964850355544
At round 9 tau: 9.946218461508575
At round 9 accuracy: 0.8372093023255814
At round 9 training accuracy: 0.8224465558194775
At round 9 training loss: 0.35799497710341793
At round 9 test loss: 0.5116193586736629
gradient difference: 0.9016042947769165
ground = 10 remain_eps = 0.01870096090888318	remain_tau = 9.370039975351721
update_location
xs = [-248.887302  368.887302 -353.887302 -310.646903 -160.646903  -60.646903  360.646903 -148.887302  460.646903  393.887302]
ys = [-268.887302  323.887302 -368.887302  435.319203  365.319203  315.319203   79.680797 -168.887302   29.680797  353.887302]
dists_uav = [671.200867 222.070917 814.603828 563.136412 401.477097 294.995862 235.577813 531.935788 337.873064 255.965027]
uav_gains = [6.363090e-13 3.596731e-11 4.054759e-13 9.644881e-13 2.371314e-12 9.188644e-12 2.896842e-11 1.107644e-12 4.556644e-12 1.997543e-11]
dists_bs = [339.643884 902.700464 377.394703 985.557461 880.104965 817.571678 682.71225  363.046895 701.966749 940.356704]
bs_gains = [3.746342e-11 2.809505e-12 2.833425e-11 2.226196e-12 3.004721e-12 3.652810e-12 5.889666e-12 3.139925e-11 5.471189e-12 2.521129e-12]
At round 10 optimal eta: 0.34783223013623144
At round 10 optimal freqs: [4.883948e+07 5.977210e+07 6.334572e+07 1.837695e+08 1.051369e+08 1.070827e+08 1.106354e+08 5.212263e+07 8.322743e+07 7.107414e+07]
At round 10 optimal decs: [0 1 0 0 0 1 1 0 0 1]
At round 10 optimal powers: [7.913978e-05 1.510410e-04 1.444029e-04 2.585349e-03 8.932044e-04 7.279187e-04 4.807457e-04 8.981645e-05 4.569184e-04 2.762055e-04]
At round 10 t_co: [0.375257 0.242589 0.295391 0.233429 0.40536  0.211735 0.138742 0.39002  0.42866  0.240085]
At round 10 e_co: [2.969776e-05 3.664097e-05 4.265532e-05 6.034958e-04 3.620693e-04 1.541258e-04 6.669960e-05 3.503017e-05 1.958628e-04 6.631287e-05]
At round 10 t_cp: [0.165918 0.150427 0.224302 0.304437 0.119306 0.211471 0.337121 0.189541 0.1067   0.118698]
At round 10 e_cp: [1.932882e-06 3.212348e-06 5.701447e-06 1.889373e-04 1.386530e-05 2.596624e-05 4.565286e-05 2.684004e-06 6.151251e-06 4.261645e-06]
At round 10 average t_co: 0.4286603921934428 average t_cp: 0.33712089819020535 t: 0.5795609882649349
At round 10 average e_co: 0.0015925903600247425 average e_cp: 0.00029836530429337086 e: 0.0018909556643181133
At round 10 a_n: 17.745255783340777
At round 10 local rounds: 11.10044791197944
At round 10 global rounds: 27.20964850355544
At round 10 tau: 9.370039975351721
At round 10 accuracy: 0.8372093023255814
At round 10 training accuracy: 0.8236342042755345
At round 10 training loss: 0.34891747758913305
At round 10 test loss: 0.523720437244245
gradient difference: 0.8494018316268921
ground = 11 remain_eps = 0.02506399612000406	remain_tau = 8.790478987086786
update_location
xs = [-245.776032  365.776032 -350.776032 -306.711594 -156.711594  -56.711594  356.711594 -145.776032  456.711594  390.776032]
ys = [-265.776032  320.776032 -365.776032  433.351123  363.351123  313.351123   81.648877 -165.776032   31.648877  350.776032]
dists_uav = [666.854275 218.260169 810.239345 558.816017 397.2313   290.887048 231.731648 527.621276 333.73191  251.987827]
uav_gains = [6.460678e-13 3.807952e-11 4.105546e-13 9.825607e-13 2.453205e-12 9.945680e-12 3.088417e-11 1.130005e-12 4.823588e-12 2.156136e-11]
dists_bs = [339.509536 898.590786 375.579417 982.454233 877.458651 815.325858 682.318531 364.631749 700.882307 936.229546]
bs_gains = [3.750272e-11 2.843684e-12 2.869861e-11 2.244879e-12 3.028795e-12 3.679534e-12 5.898676e-12 3.103889e-11 5.493651e-12 2.550688e-12]
At round 11 optimal eta: 0.34783223013623144
At round 11 optimal freqs: [4.883948e+07 5.977210e+07 6.334572e+07 1.837695e+08 1.051369e+08 1.070827e+08 1.106354e+08 5.212263e+07 8.322743e+07 7.107414e+07]
At round 11 optimal decs: [0 1 0 0 0 1 1 0 0 1]
At round 11 optimal powers: [7.913978e-05 1.510410e-04 1.444029e-04 2.585349e-03 8.932044e-04 7.279187e-04 4.807457e-04 8.981645e-05 4.569184e-04 2.762055e-04]
At round 11 t_co: [0.374955 0.233535 0.292698 0.232143 0.40284  0.201432 0.134258 0.393528 0.427272 0.228237]
At round 11 e_co: [2.967387e-05 3.527329e-05 4.226648e-05 6.001709e-04 3.598181e-04 1.466264e-04 6.454383e-05 3.534528e-05 1.952284e-04 6.304033e-05]
At round 11 t_cp: [0.165918 0.150427 0.224302 0.304437 0.119306 0.211471 0.337121 0.189541 0.1067   0.118698]
At round 11 e_cp: [1.932882e-06 3.212348e-06 5.701447e-06 1.889373e-04 1.386530e-05 2.596624e-05 4.565286e-05 2.684004e-06 6.151251e-06 4.261645e-06]
At round 11 average t_co: 0.42727185721405886 average t_cp: 0.33712089819020535 t: 0.5830693358393646
At round 11 average e_co: 0.0015719868711793945 average e_cp: 0.00029836530429337086 e: 0.001870352175472766
At round 11 a_n: 17.745255783340777
At round 11 local rounds: 11.10044791197944
At round 11 global rounds: 27.20964850355544
At round 11 tau: 8.790478987086786
At round 11 accuracy: 0.8395348837209302
At round 11 training accuracy: 0.8271971496437055
At round 11 training loss: 0.3353872738849381
At round 11 test loss: 0.518079779383748
gradient difference: 0.9348868131637573
ground = 12 remain_eps = 0.0335920653791204	remain_tau = 8.20740965124742
update_location
xs = [-242.664762  362.664762 -347.664762 -302.776284 -152.776284  -52.776284  352.776284 -142.664762  452.776284  387.664762]
ys = [-262.664762  317.664762 -362.664762  431.383043  361.383043  311.383043   83.616957 -162.664762   33.616957  347.664762]
dists_uav = [662.508388 214.471981 805.875249 554.496873 392.988895 286.786873 227.905523 523.308188 329.597464 248.024907]
uav_gains = [6.560460e-13 4.024299e-11 4.157252e-13 1.001150e-12 2.540443e-12 1.077883e-11 3.285137e-11 1.153071e-12 5.117258e-12 2.322731e-11]
dists_bs = [339.432176 894.483869 373.807108 979.36094  874.826463 813.097644 681.952974 366.262607 699.823849 932.104885]
bs_gains = [3.752538e-11 2.878415e-12 2.906060e-11 2.263717e-12 3.053005e-12 3.706315e-12 5.907059e-12 3.067398e-11 5.515697e-12 2.580708e-12]
At round 12 optimal eta: 0.34783223013623144
At round 12 optimal freqs: [4.883948e+07 5.977210e+07 6.334572e+07 1.837695e+08 1.051369e+08 1.070827e+08 1.106354e+08 5.212263e+07 8.322743e+07 7.107414e+07]
At round 12 optimal decs: [0 1 0 0 0 1 1 0 0 1]
At round 12 optimal powers: [7.913978e-05 1.510410e-04 1.444029e-04 2.585349e-03 8.932044e-04 7.279187e-04 4.807457e-04 8.981645e-05 4.569184e-04 2.762055e-04]
At round 12 t_co: [0.374781 0.225205 0.290088 0.230867 0.400345 0.191682 0.130147 0.397163 0.42592  0.217461]
At round 12 e_co: [2.966012e-05 3.401517e-05 4.188955e-05 5.968715e-04 3.575895e-04 1.395292e-04 6.256761e-05 3.567176e-05 1.946106e-04 6.006390e-05]
At round 12 t_cp: [0.165918 0.150427 0.224302 0.304437 0.119306 0.211471 0.337121 0.189541 0.1067   0.118698]
At round 12 e_cp: [1.932882e-06 3.212348e-06 5.701447e-06 1.889373e-04 1.386530e-05 2.596624e-05 4.565286e-05 2.684004e-06 6.151251e-06 4.261645e-06]
At round 12 average t_co: 0.42591983612146145 average t_cp: 0.33712089819020535 t: 0.5867043509310119
At round 12 average e_co: 0.0015524688099882607 average e_cp: 0.00029836530429337086 e: 0.0018508341142816317
At round 12 a_n: 17.745255783340777
At round 12 local rounds: 11.10044791197944
At round 12 global rounds: 27.20964850355544
At round 12 tau: 8.20740965124742
At round 12 accuracy: 0.8465116279069768
At round 12 training accuracy: 0.8295724465558195
At round 12 training loss: 0.32082951601863097
At round 12 test loss: 0.5391920956804656
gradient difference: 1.1604403257369995
ground = 13 remain_eps = 0.04502182537183207	remain_tau = 7.620705300316409
update_location
xs = [-239.553492  359.553492 -344.553492 -298.840974 -148.840974  -48.840974  348.840974 -139.553492  448.840974  384.553492]
ys = [-259.553492  314.553492 -359.553492  429.414963  359.414963  309.414963   85.585037 -159.553492   35.585037  344.553492]
dists_uav = [658.16322  210.707569 801.511545 550.179011 388.749993 282.695713 224.100464 518.996558 325.469982 244.076963]
uav_gains = [6.662505e-13 4.246075e-11 4.209901e-13 1.020276e-12 2.633567e-12 1.169311e-11 3.486749e-11 1.176877e-12 5.440831e-12 2.496790e-11]
dists_bs = [339.411842 890.379753 372.078393 976.277677 872.208527 810.887183 681.615625 367.938856 698.791494 927.982753]
bs_gains = [3.753134e-11 2.913708e-12 2.941977e-11 2.282712e-12 3.077348e-12 3.733150e-12 5.914810e-12 3.030505e-11 5.537317e-12 2.611198e-12]
At round 13 optimal eta: 0.34783223013623144
At round 13 optimal freqs: [4.883948e+07 5.977210e+07 6.334572e+07 1.837695e+08 1.051369e+08 1.070827e+08 1.106354e+08 5.212263e+07 8.322743e+07 7.107414e+07]
At round 13 optimal decs: [0 1 0 0 0 1 1 0 0 1]
At round 13 optimal powers: [7.913978e-05 1.510410e-04 1.444029e-04 2.585349e-03 8.932044e-04 7.279187e-04 4.807457e-04 8.981645e-05 4.569184e-04 2.762055e-04]
At round 13 t_co: [0.374736 0.217509 0.287559 0.2296   0.397874 0.182495 0.126369 0.400925 0.424604 0.207669]
At round 13 e_co: [2.965651e-05 3.285276e-05 4.152444e-05 5.935974e-04 3.553832e-04 1.328413e-04 6.075131e-05 3.600970e-05 1.940095e-04 5.735931e-05]
At round 13 t_cp: [0.165918 0.150427 0.224302 0.304437 0.119306 0.211471 0.337121 0.189541 0.1067   0.118698]
At round 13 e_cp: [1.932882e-06 3.212348e-06 5.701447e-06 1.889373e-04 1.386530e-05 2.596624e-05 4.565286e-05 2.684004e-06 6.151251e-06 4.261645e-06]
At round 13 average t_co: 0.4246042396808379 average t_cp: 0.33712089819020535 t: 0.5904668779491744
At round 13 average e_co: 0.0015339854489310192 average e_cp: 0.00029836530429337086 e: 0.0018323507532243897
At round 13 a_n: 17.745255783340777
At round 13 local rounds: 11.10044791197944
At round 13 global rounds: 27.20964850355544
At round 13 tau: 7.620705300316409
At round 13 accuracy: 0.8465116279069768
At round 13 training accuracy: 0.83729216152019
At round 13 training loss: 0.2999291040180273
At round 13 test loss: 0.46758243981784353
gradient difference: 0.7540258169174194
ground = 14 remain_eps = 0.06034058153124544	remain_tau = 7.030238422367235
update_location
xs = [-236.442222  356.442222 -341.442222 -294.905665 -144.905665  -44.905665  344.905665 -136.442222  444.905665  381.442222]
ys = [-256.442222  311.442222 -356.442222  427.446884  357.446884  307.446884   87.553116 -156.442222   37.553116  341.442222]
dists_uav = [653.818786 206.968232 797.148239 545.862461 384.514712 278.613966 220.317563 514.686425 321.349732 240.144734]
uav_gains = [6.766881e-13 4.473726e-11 4.263515e-13 1.039963e-12 2.733186e-12 1.269297e-11 3.693140e-11 1.201456e-12 5.797816e-12 2.677742e-11]
dists_bs = [339.448546 886.278477 370.39388  973.204538 869.604974 808.69462  681.306526 369.65988  697.785356 923.863184]
bs_gains = [3.752058e-11 2.949575e-12 2.977566e-11 2.301864e-12 3.101824e-12 3.760031e-12 5.921923e-12 2.993260e-11 5.558500e-12 2.642167e-12]
At round 14 optimal eta: 0.34783223013623144
At round 14 optimal freqs: [4.883948e+07 5.977210e+07 6.334572e+07 1.837695e+08 1.051369e+08 1.070827e+08 1.106354e+08 5.212263e+07 8.322743e+07 7.107414e+07]
At round 14 optimal decs: [0 1 0 0 0 1 1 0 1 1]
At round 14 optimal powers: [7.913978e-05 1.510410e-04 1.444029e-04 2.585349e-03 8.932044e-04 7.279187e-04 4.807457e-04 8.981645e-05 4.569184e-04 2.762055e-04]
At round 14 t_co: [0.374818 0.210366 0.285112 0.228344 0.395429 0.173874 0.122886 0.404816 0.409512 0.198773]
At round 14 e_co: [2.966303e-05 3.177392e-05 4.117108e-05 5.903486e-04 3.531993e-04 1.265659e-04 5.907669e-05 3.635917e-05 1.871136e-04 5.490227e-05]
At round 14 t_cp: [0.165918 0.150427 0.224302 0.304437 0.119306 0.211471 0.337121 0.189541 0.1067   0.118698]
At round 14 e_cp: [1.932882e-06 3.212348e-06 5.701447e-06 1.889373e-04 1.386530e-05 2.596624e-05 4.565286e-05 2.684004e-06 6.151251e-06 4.261645e-06]
At round 14 average t_co: 0.4095120010910163 average t_cp: 0.33712089819020535 t: 0.5943577831742235
At round 14 average e_co: 0.0015101734631690006 average e_cp: 0.00029836530429337086 e: 0.0018085387674623714
At round 14 a_n: 17.745255783340777
At round 14 local rounds: 11.10044791197944
At round 14 global rounds: 27.20964850355544
At round 14 tau: 7.030238422367235
At round 14 accuracy: 0.8418604651162791
At round 14 training accuracy: 0.8414489311163895
At round 14 training loss: 0.2846296256961137
At round 14 test loss: 0.5058111900492579
gradient difference: 0.7779353857040405
ground = 15 remain_eps = 0.08087157172012095	remain_tau = 6.4358806391930115
update_location
xs = [-233.330952  353.330952 -338.330952 -290.970355 -140.970355  -40.970355  340.970355 -133.330952  440.970355  378.330952]
ys = [-253.330952  308.330952 -353.330952  425.478804  355.478804  305.478804   89.521196 -153.330952   39.521196  338.330952]
dists_uav = [649.4751   203.255352 792.78534  541.547254 380.28317  274.542051 216.557981 510.377825 317.236995 236.229005]
uav_gains = [6.873662e-13 4.707832e-11 4.318116e-13 1.060235e-12 2.839986e-12 1.378204e-11 3.904353e-11 1.226848e-12 6.192067e-12 2.865035e-11]
dists_bs = [339.542269 882.180078 368.754177 970.141621 867.015931 806.520101 681.025714 371.425055 696.80555  919.746212]
bs_gains = [3.749314e-11 2.986028e-12 3.012781e-11 2.321173e-12 3.126431e-12 3.786956e-12 5.928396e-12 2.955710e-11 5.579237e-12 2.673624e-12]
At round 15 optimal eta: 0.34783223013623144
At round 15 optimal freqs: [4.883948e+07 5.977210e+07 6.334572e+07 1.837695e+08 1.051369e+08 1.070827e+08 1.106354e+08 5.212263e+07 8.322743e+07 7.107414e+07]
At round 15 optimal decs: [0 1 0 0 0 1 1 0 1 1]
At round 15 optimal powers: [7.913978e-05 1.510410e-04 1.444029e-04 2.585349e-03 8.932044e-04 7.279187e-04 4.807457e-04 8.981645e-05 4.569184e-04 2.762055e-04]
At round 15 t_co: [0.375029 0.203706 0.282746 0.227097 0.393009 0.165817 0.119662 0.408836 0.389047 0.190688]
At round 15 e_co: [2.967969e-05 3.076804e-05 4.082941e-05 5.871250e-04 3.510376e-04 1.207013e-04 5.752709e-05 3.672024e-05 1.777629e-04 5.266900e-05]
At round 15 t_cp: [0.165918 0.150427 0.224302 0.304437 0.119306 0.211471 0.337121 0.189541 0.1067   0.118698]
At round 15 e_cp: [1.932882e-06 3.212348e-06 5.701447e-06 1.889373e-04 1.386530e-05 2.596624e-05 4.565286e-05 2.684004e-06 6.151251e-06 4.261645e-06]
At round 15 average t_co: 0.40883649564299 average t_cp: 0.33712089819020535 t: 0.5983779542613453
At round 15 average e_co: 0.0014848202628869793 average e_cp: 0.00029836530429337086 e: 0.0017831855671803503
At round 15 a_n: 17.745255783340777
At round 15 local rounds: 11.10044791197944
At round 15 global rounds: 27.20964850355544
At round 15 tau: 6.4358806391930115
At round 15 accuracy: 0.8395348837209302
At round 15 training accuracy: 0.8426365795724465
At round 15 training loss: 0.28416905032023965
At round 15 test loss: 0.463771065680108
gradient difference: 0.7216225862503052
ground = 16 remain_eps = 0.1083882678375585	remain_tau = 5.837502684931666
update_location
xs = [-230.219683  350.219683 -335.219683 -287.035045 -137.035045  -37.035045  337.035045 -130.219683  437.035045  375.219683]
ys = [-250.219683  305.219683 -350.219683  423.510724  353.510724  303.510724   91.489276 -150.219683   41.489276  335.219683]
dists_uav = [645.132177 199.570407 788.422853 537.233423 376.055495 270.480413 212.822954 506.070798 313.132067 232.33061 ]
uav_gains = [6.982923e-13 4.949082e-11 4.373731e-13 1.081116e-12 2.954744e-12 1.496291e-11 4.120582e-11 1.253094e-12 6.627782e-12 3.058171e-11]
dists_bs = [339.692963 878.084599 367.159882 967.089021 864.441531 804.363773 680.773226 373.233755 695.852187 915.631874]
bs_gains = [3.744908e-11 3.023077e-12 3.047574e-11 2.340639e-12 3.151165e-12 3.813919e-12 5.934225e-12 2.917905e-11 5.599516e-12 2.705579e-12]
At round 16 optimal eta: 0.34783223013623144
At round 16 optimal freqs: [4.883948e+07 5.977210e+07 6.334572e+07 1.837695e+08 1.051369e+08 1.070827e+08 1.106354e+08 5.212263e+07 8.322743e+07 7.107414e+07]
At round 16 optimal decs: [0 1 0 0 0 1 1 0 1 1]
At round 16 optimal powers: [7.913978e-05 1.510410e-04 1.444029e-04 2.585349e-03 8.932044e-04 7.279187e-04 4.807457e-04 8.981645e-05 4.569184e-04 2.762055e-04]
At round 16 t_co: [0.375367 0.197469 0.280461 0.22586  0.390614 0.158317 0.116668 0.412987 0.369214 0.183329]
At round 16 e_co: [2.970649e-05 2.982594e-05 4.049935e-05 5.839265e-04 3.488980e-04 1.152421e-04 5.608742e-05 3.709301e-05 1.687006e-04 5.063661e-05]
At round 16 t_cp: [0.165918 0.150427 0.224302 0.304437 0.119306 0.211471 0.337121 0.189541 0.1067   0.118698]
At round 16 e_cp: [1.932882e-06 3.212348e-06 5.701447e-06 1.889373e-04 1.386530e-05 2.596624e-05 4.565286e-05 2.684004e-06 6.151251e-06 4.261645e-06]
At round 16 average t_co: 0.4129868411179049 average t_cp: 0.33712089819020535 t: 0.6025282997362602
At round 16 average e_co: 0.0014606160660826577 average e_cp: 0.00029836530429337086 e: 0.0017589813703760282
At round 16 a_n: 17.745255783340777
At round 16 local rounds: 11.10044791197944
At round 16 global rounds: 27.20964850355544
At round 16 tau: 5.837502684931666
At round 16 accuracy: 0.8441860465116279
At round 16 training accuracy: 0.8426365795724465
At round 16 training loss: 0.2724057984403434
At round 16 test loss: 0.44638394107825535
gradient difference: 1.1078428030014038
ground = 17 remain_eps = 0.14526756875065652	remain_tau = 5.234974385195406
update_location
xs = [-227.108413  347.108413 -332.108413 -283.099736 -133.099736  -33.099736  333.099736 -127.108413  433.099736  372.108413]
ys = [-247.108413  302.108413 -347.108413  421.542645  351.542645  301.542645   93.457355 -147.108413   43.457355  332.108413]
dists_uav = [640.790032 195.914973 784.060785 532.921    371.831818 266.429521 209.113798 501.765384 309.03526  228.450437]
uav_gains = [7.094743e-13 5.198259e-11 4.430382e-13 1.102635e-12 3.078335e-12 1.623692e-11 4.342164e-11 1.280237e-12 7.109486e-12 3.256752e-11]
dists_bs = [339.900553 873.99208  365.611591 964.046838 861.881903 802.225781 680.549092 375.085352 694.925376 911.520204]
bs_gains = [3.738850e-11 3.060735e-12 3.081894e-11 2.360263e-12 3.176025e-12 3.840913e-12 5.939405e-12 2.879889e-11 5.619328e-12 2.738040e-12]
At round 17 optimal eta: 0.34783223013623144
At round 17 optimal freqs: [4.883948e+07 5.977210e+07 6.334572e+07 1.837695e+08 1.051369e+08 1.070827e+08 1.106354e+08 5.212263e+07 8.322743e+07 7.107414e+07]
At round 17 optimal decs: [0 1 0 0 0 1 1 0 1 1]
At round 17 optimal powers: [7.913978e-05 1.510410e-04 1.444029e-04 2.585349e-03 8.932044e-04 7.279187e-04 4.807457e-04 8.981645e-05 4.569184e-04 2.762055e-04]
At round 17 t_co: [0.375834 0.191602 0.278255 0.224632 0.388243 0.151361 0.113873 0.417268 0.350063 0.17662 ]
At round 17 e_co: [2.974343e-05 2.893977e-05 4.018084e-05 5.807530e-04 3.467806e-04 1.101786e-04 5.474418e-05 3.747756e-05 1.599503e-04 4.878340e-05]
At round 17 t_cp: [0.165918 0.150427 0.224302 0.304437 0.119306 0.211471 0.337121 0.189541 0.1067   0.118698]
At round 17 e_cp: [1.932882e-06 3.212348e-06 5.701447e-06 1.889373e-04 1.386530e-05 2.596624e-05 4.565286e-05 2.684004e-06 6.151251e-06 4.261645e-06]
At round 17 average t_co: 0.4172682898654304 average t_cp: 0.33712089819020535 t: 0.6068097484837858
At round 17 average e_co: 0.0014375316650643115 average e_cp: 0.00029836530429337086 e: 0.0017358969693576827
At round 17 a_n: 17.745255783340777
At round 17 local rounds: 11.10044791197944
At round 17 global rounds: 27.20964850355544
At round 17 tau: 5.234974385195406
At round 17 accuracy: 0.8441860465116279
At round 17 training accuracy: 0.8461995249406176
At round 17 training loss: 0.2633340818009628
At round 17 test loss: 0.4419606631159667
gradient difference: 0.8679875135421753
ground = 18 remain_eps = 0.19469511739363973	remain_tau = 4.62816463671162
update_location
xs = [-223.997143  343.997143 -328.997143 -279.164426 -129.164426  -29.164426  329.164426 -123.997143  429.164426  368.997143]
ys = [-243.997143  298.997143 -343.997143  419.574565  349.574565  299.574565   95.425435 -143.997143   45.425435  328.997143]
dists_uav = [636.448683 192.290732 779.699144 528.610021 367.612278 262.389873 205.431914 497.461625 304.946902 224.589429]
uav_gains = [7.209203e-13 5.456217e-11 4.488097e-13 1.124819e-12 3.211753e-12 1.760402e-11 4.569568e-11 1.308324e-12 7.642000e-12 3.460508e-11]
dists_bs = [340.164935 869.902563 364.109889 961.01517  859.337181 800.106273 680.353341 376.979211 694.025223 907.411238]
bs_gains = [3.731155e-11 3.099013e-12 3.115692e-11 2.380046e-12 3.201010e-12 3.867935e-12 5.943935e-12 2.841708e-11 5.638663e-12 2.771019e-12]
At round 18 optimal eta: 0.34783223013623144
At round 18 optimal freqs: [4.883948e+07 5.977210e+07 6.334572e+07 1.837695e+08 1.051369e+08 1.070827e+08 1.106354e+08 5.212263e+07 8.322743e+07 7.107414e+07]
At round 18 optimal decs: [0 1 0 0 0 1 1 0 1 1]
At round 18 optimal powers: [7.913978e-05 1.510410e-04 1.444029e-04 2.585349e-03 8.932044e-04 7.279187e-04 4.807457e-04 8.981645e-05 4.569184e-04 2.762055e-04]
At round 18 t_co: [0.376429 0.186061 0.276129 0.223415 0.385897 0.14493  0.111255 0.421682 0.331645 0.170486]
At round 18 e_co: [2.979054e-05 2.810284e-05 3.987381e-05 5.776045e-04 3.446851e-04 1.054975e-04 5.348541e-05 3.787396e-05 1.515345e-04 4.708913e-05]
At round 18 t_cp: [0.165918 0.150427 0.224302 0.304437 0.119306 0.211471 0.337121 0.189541 0.1067   0.118698]
At round 18 e_cp: [1.932882e-06 3.212348e-06 5.701447e-06 1.889373e-04 1.386530e-05 2.596624e-05 4.565286e-05 2.684004e-06 6.151251e-06 4.261645e-06]
At round 18 average t_co: 0.4216817906118002 average t_cp: 0.33712089819020535 t: 0.6112232492301556
At round 18 average e_co: 0.0014155371975915043 average e_cp: 0.00029836530429337086 e: 0.0017139025018848752
At round 18 a_n: 17.745255783340777
At round 18 local rounds: 11.10044791197944
At round 18 global rounds: 27.20964850355544
At round 18 tau: 4.62816463671162
At round 18 accuracy: 0.8418604651162791
At round 18 training accuracy: 0.8515439429928741
At round 18 training loss: 0.24887693105966013
At round 18 test loss: 0.44106460748846793
gradient difference: 0.7766962051391602
ground = 19 remain_eps = 0.26094047737514603	remain_tau = 4.016941387481465
update_location
xs = [-220.885873  340.885873 -325.885873 -275.229116 -125.229116  -25.229116  325.229116 -120.885873  425.229116  365.885873]
ys = [-240.885873  295.885873 -340.885873  417.606485  347.606485  297.606485   97.393515 -140.885873   47.393515  325.885873]
dists_uav = [632.108144 188.699483 775.337935 524.300521 363.397019 258.361997 201.778794 493.159565 300.867335 220.748592]
uav_gains = [7.326390e-13 5.723867e-11 4.546901e-13 1.147700e-12 3.356119e-12 1.906274e-11 4.803377e-11 1.337406e-12 8.230387e-12 3.669319e-11]
dists_bs = [340.485976 865.81609  362.655357 957.994117 856.807496 798.005397 680.185996 378.914701 693.151832 903.305014]
bs_gains = [3.721839e-11 3.137925e-12 3.148917e-11 2.399988e-12 3.226115e-12 3.894979e-12 5.947811e-12 2.803404e-11 5.657510e-12 2.804525e-12]
At round 19 optimal eta: 0.34783223013623144
At round 19 optimal freqs: [4.883948e+07 5.977210e+07 6.334572e+07 1.837695e+08 1.051369e+08 1.070827e+08 1.106354e+08 5.212263e+07 8.322743e+07 7.107414e+07]
At round 19 optimal decs: [0 1 0 0 0 1 1 0 1 1]
At round 19 optimal powers: [7.913978e-05 1.510410e-04 1.444029e-04 2.585349e-03 8.932044e-04 7.279187e-04 4.807457e-04 8.981645e-05 4.569184e-04 2.762055e-04]
At round 19 t_co: [0.377153 0.180809 0.274082 0.222206 0.383576 0.139002 0.108791 0.426228 0.314002 0.16486 ]
At round 19 e_co: [2.984781e-05 2.730954e-05 3.957820e-05 5.744808e-04 3.426115e-04 1.011825e-04 5.230063e-05 3.828232e-05 1.434735e-04 4.553513e-05]
At round 19 t_cp: [0.165918 0.150427 0.224302 0.304437 0.119306 0.211471 0.337121 0.189541 0.1067   0.118698]
At round 19 e_cp: [1.932882e-06 3.212348e-06 5.701447e-06 1.889373e-04 1.386530e-05 2.596624e-05 4.565286e-05 2.684004e-06 6.151251e-06 4.261645e-06]
At round 19 average t_co: 0.42622831140163714 average t_cp: 0.33712089819020535 t: 0.6157697700199924
At round 19 average e_co: 0.0013946018873919384 average e_cp: 0.00029836530429337086 e: 0.0016929671916853094
At round 19 a_n: 17.745255783340777
At round 19 local rounds: 11.10044791197944
At round 19 global rounds: 27.20964850355544
At round 19 tau: 4.016941387481465
At round 19 accuracy: 0.8418604651162791
At round 19 training accuracy: 0.8491686460807601
At round 19 training loss: 0.2504191469645934
At round 19 test loss: 0.4331717254344894
gradient difference: 0.8138223886489868
ground = 20 remain_eps = 0.34972593891557674	remain_tau = 3.4011716174614723
update_location
xs = [-217.774603  337.774603 -322.774603 -271.293807 -121.293807  -21.293807  321.293807 -117.774603  421.293807  362.774603]
ys = [-237.774603  292.774603 -337.774603  415.638405  345.638405  295.638405   99.361595 -137.774603   49.361595  322.774603]
dists_uav = [627.768434 185.143145 770.977168 519.992536 359.18619  254.346451 198.15603  488.859249 296.796924 216.928999]
uav_gains = [7.446392e-13 6.002154e-11 4.606821e-13 1.171309e-12 3.512704e-12 2.061020e-11 5.044265e-11 1.367538e-12 8.879867e-12 3.883230e-11]
dists_bs = [340.863516 861.732705 361.248562 954.983779 854.292983 795.923299 680.04708  380.891186 692.305303 899.201568]
bs_gains = [3.710925e-11 3.177483e-12 3.181517e-11 2.420088e-12 3.251340e-12 3.922038e-12 5.951031e-12 2.765019e-11 5.675861e-12 2.838568e-12]
At round 20 optimal eta: 0.34783223013623144
At round 20 optimal freqs: [4.883948e+07 5.977210e+07 6.334572e+07 1.837695e+08 1.051369e+08 1.070827e+08 1.106354e+08 5.212263e+07 8.322743e+07 7.107414e+07]
At round 20 optimal decs: [0 1 0 0 0 1 1 0 1 1]
At round 20 optimal powers: [7.913978e-05 1.510410e-04 1.444029e-04 2.585349e-03 8.932044e-04 7.279187e-04 4.807457e-04 8.981645e-05 4.569184e-04 2.762055e-04]
At round 20 t_co: [0.378006 0.175814 0.272113 0.221008 0.381279 0.133552 0.106461 0.430909 0.297176 0.15968 ]
At round 20 e_co: [2.991528e-05 2.655512e-05 3.929395e-05 5.713820e-04 3.405597e-04 9.721465e-05 5.118075e-05 3.870270e-05 1.357853e-04 4.410442e-05]
At round 20 t_cp: [0.165918 0.150427 0.224302 0.304437 0.119306 0.211471 0.337121 0.189541 0.1067   0.118698]
At round 20 e_cp: [1.932882e-06 3.212348e-06 5.701447e-06 1.889373e-04 1.386530e-05 2.596624e-05 4.565286e-05 2.684004e-06 6.151251e-06 4.261645e-06]
At round 20 average t_co: 0.43090883907049976 average t_cp: 0.33712089819020535 t: 0.6204502976888551
At round 20 average e_co: 0.0013746937850363707 average e_cp: 0.00029836530429337086 e: 0.0016730590893297413
At round 20 a_n: 17.745255783340777
At round 20 local rounds: 11.10044791197944
At round 20 global rounds: 27.20964850355544
At round 20 tau: 3.4011716174614723
At round 20 accuracy: 0.8465116279069768
At round 20 training accuracy: 0.8539192399049881
At round 20 training loss: 0.24113749717218433
At round 20 test loss: 0.4366983187630368
gradient difference: 0.7382822036743164
ground = 21 remain_eps = 0.46872081166059554	remain_tau = 2.780721319772617
update_location
xs = [-214.663333  334.663333 -319.663333 -267.358497 -117.358497  -17.358497  317.358497 -114.663333  417.358497  359.663333]
ys = [-234.663333  289.663333 -334.663333  413.670326  343.670326  293.670326  101.329674 -134.663333   51.329674  319.663333]
dists_uav = [623.429568 181.623769 766.616849 515.686106 354.97995  250.34383  194.565318 484.560722 292.73605  213.13179 ]
uav_gains = [7.569304e-13 6.292042e-11 4.667887e-13 1.195684e-12 3.682948e-12 2.224232e-11 5.292983e-11 1.398779e-12 9.595711e-12 4.102448e-11]
dists_bs = [341.297368 857.652451 359.890067 951.984259 851.793775 793.860128 679.93661  382.908031 691.485737 895.10094 ]
bs_gains = [3.698437e-11 3.217700e-12 3.213442e-11 2.440347e-12 3.276681e-12 3.949108e-12 5.953594e-12 2.726592e-11 5.693705e-12 2.873159e-12]
At round 21 optimal eta: 0.34783223013623144
At round 21 optimal freqs: [4.883948e+07 5.977210e+07 6.334572e+07 1.837695e+08 1.051369e+08 1.070827e+08 1.106354e+08 5.212263e+07 8.322743e+07 7.107414e+07]
At round 21 optimal decs: [0 1 0 0 0 1 1 0 1 1]
At round 21 optimal powers: [7.913978e-05 1.510410e-04 1.444029e-04 2.585349e-03 8.932044e-04 7.279187e-04 4.807457e-04 8.981645e-05 4.569184e-04 2.762055e-04]
At round 21 t_co: [0.378987 0.171051 0.270223 0.219819 0.379006 0.128549 0.10425  0.435724 0.281198 0.154891]
At round 21 e_co: [2.999295e-05 2.583568e-05 3.902100e-05 5.683078e-04 3.385297e-04 9.357305e-05 5.011793e-05 3.913522e-05 1.284845e-04 4.278170e-05]
At round 21 t_cp: [0.165918 0.150427 0.224302 0.304437 0.119306 0.211471 0.337121 0.189541 0.1067   0.118698]
At round 21 e_cp: [1.932882e-06 3.212348e-06 5.701447e-06 1.889373e-04 1.386530e-05 2.596624e-05 4.565286e-05 2.684004e-06 6.151251e-06 4.261645e-06]
At round 21 average t_co: 0.43572437871391445 average t_cp: 0.33712089819020535 t: 0.6252658373322698
At round 21 average e_co: 0.0013557795385204581 average e_cp: 0.00029836530429337086 e: 0.0016541448428138291
At round 21 a_n: 17.745255783340777
At round 21 local rounds: 11.10044791197944
At round 21 global rounds: 27.20964850355544
At round 21 tau: 2.780721319772617
At round 21 accuracy: 0.8488372093023255
At round 21 training accuracy: 0.8574821852731591
At round 21 training loss: 0.23366224982275058
At round 21 test loss: 0.42416871161120684
gradient difference: 0.6519635915756226
ground = 22 remain_eps = 0.6282039015035785	remain_tau = 2.155455482440347
update_location
xs = [-211.552064  331.552064 -316.552064 -263.423187 -113.423187  -13.423187  313.423187 -111.552064  413.423187  356.552064]
ys = [-231.552064  286.552064 -331.552064  411.702246  341.702246  291.702246  103.297754 -131.552064   53.297754  316.552064]
dists_uav = [619.091566 178.143545 762.256986 511.381268 350.778464 246.354762 191.008465 480.264033 288.685115 209.358185]
uav_gains = [7.695221e-13 6.594504e-11 4.730126e-13 1.220859e-12 3.868478e-12 2.395405e-11 5.550334e-11 1.431193e-12 1.038309e-11 4.327341e-11]
dists_bs = [341.787317 853.575374 358.580418 948.995659 849.310008 791.816032 679.854598 384.964602 690.693229 891.003169]
bs_gains = [3.684404e-11 3.258589e-12 3.244637e-11 2.460766e-12 3.302136e-12 3.976181e-12 5.955497e-12 2.688162e-11 5.711034e-12 2.908309e-12]
At round 22 optimal eta: 0.34783223013623144
At round 22 optimal freqs: [4.883948e+07 5.977210e+07 6.334572e+07 1.837695e+08 1.051369e+08 1.070827e+08 1.106354e+08 5.212263e+07 8.322743e+07 7.107414e+07]
At round 22 optimal decs: [0 1 0 0 0 1 1 0 1 1]
At round 22 optimal powers: [7.913978e-05 1.510410e-04 1.444029e-04 2.585349e-03 8.932044e-04 7.279187e-04 4.807457e-04 8.981645e-05 4.569184e-04 2.762055e-04]
At round 22 t_co: [0.380098 0.166498 0.268411 0.218639 0.376757 0.123963 0.102144 0.440676 0.266092 0.150444]
At round 22 e_co: [3.008084e-05 2.514797e-05 3.875930e-05 5.652583e-04 3.365213e-04 9.023531e-05 4.910550e-05 3.957995e-05 1.215824e-04 4.155336e-05]
At round 22 t_cp: [0.165918 0.150427 0.224302 0.304437 0.119306 0.211471 0.337121 0.189541 0.1067   0.118698]
At round 22 e_cp: [1.932882e-06 3.212348e-06 5.701447e-06 1.889373e-04 1.386530e-05 2.596624e-05 4.565286e-05 2.684004e-06 6.151251e-06 4.261645e-06]
At round 22 average t_co: 0.4406759531538022 average t_cp: 0.33712089819020535 t: 0.6302174117721575
At round 22 average e_co: 0.0013378242223755577 average e_cp: 0.00029836530429337086 e: 0.0016361895266689284
At round 22 a_n: 17.745255783340777
At round 22 local rounds: 11.10044791197944
At round 22 global rounds: 27.20964850355544
At round 22 tau: 2.155455482440347
At round 22 accuracy: 0.8511627906976744
At round 22 training accuracy: 0.8598574821852731
At round 22 training loss: 0.22805713133994115
At round 22 test loss: 0.42936079274358085
gradient difference: 0.746070146560669
ground = 23 remain_eps = 0.8419513963251963	remain_tau = 1.5252380706681896
update_location
xs = [-208.440794  328.440794 -313.440794 -259.487878 -109.487878   -9.487878  309.487878 -108.440794  409.487878  353.440794]
ys = [-228.440794  283.440794 -328.440794  409.734166  339.734166  289.734166  105.265834 -128.440794   55.265834  313.440794]
dists_uav = [614.754445 174.704813 757.897587 507.078065 346.581905 242.379918 187.487398 475.969232 284.644544 205.609482]
uav_gains = [7.824247e-13 6.910499e-11 4.793568e-13 1.246876e-12 4.071131e-12 2.573981e-11 5.817159e-11 1.464849e-12 1.124691e-11 4.558418e-11]
dists_bs = [342.333123 849.50152  357.320154 946.018082 846.841818 789.791158 679.801056 387.060266 689.927872 886.908293]
bs_gains = [3.668858e-11 3.300164e-12 3.275051e-11 2.481344e-12 3.327702e-12 4.003253e-12 5.956740e-12 2.649764e-11 5.727838e-12 2.944028e-12]
At round 23 optimal eta: 0.34783223013623144
At round 23 optimal freqs: [4.883948e+07 5.977210e+07 6.334572e+07 1.837695e+08 1.051369e+08 1.070827e+08 1.106354e+08 5.212263e+07 8.322743e+07 7.107414e+07]
At round 23 optimal decs: [0 1 0 0 0 1 1 0 1 1]
At round 23 optimal powers: [7.913978e-05 1.510410e-04 1.444029e-04 2.585349e-03 8.932044e-04 7.279187e-04 4.807457e-04 8.981645e-05 4.569184e-04 2.762055e-04]
At round 23 t_co: [0.381338 0.162137 0.266676 0.217469 0.374533 0.119764 0.100132 0.445765 0.251874 0.146295]
At round 23 e_co: [3.017899e-05 2.448933e-05 3.850878e-05 5.622333e-04 3.345345e-04 8.717820e-05 4.813783e-05 4.003700e-05 1.150859e-04 4.040743e-05]
At round 23 t_cp: [0.165918 0.150427 0.224302 0.304437 0.119306 0.211471 0.337121 0.189541 0.1067   0.118698]
At round 23 e_cp: [1.932882e-06 3.212348e-06 5.701447e-06 1.889373e-04 1.386530e-05 2.596624e-05 4.565286e-05 2.684004e-06 6.151251e-06 4.261645e-06]
At round 23 average t_co: 0.44576460240320187 average t_cp: 0.33712089819020535 t: 0.6353060610215572
At round 23 average e_co: 0.0013207912503759244 average e_cp: 0.00029836530429337086 e: 0.0016191565546692956
At round 23 a_n: 17.745255783340777
At round 23 local rounds: 11.10044791197944
At round 23 global rounds: 27.20964850355544
At round 23 tau: 1.5252380706681896
At round 23 accuracy: 0.8511627906976744
At round 23 training accuracy: 0.8622327790973872
At round 23 training loss: 0.21220413741559047
At round 23 test loss: 0.4342704071627222
gradient difference: 0.8522337675094604
ground = 24 remain_eps = 1.1284268564350992	remain_tau = 0.8899320096466324
update_location
xs = [-205.329524  325.329524 -310.329524 -255.552568 -105.552568   -5.552568  305.552568 -105.329524  405.552568  350.329524]
ys = [-225.329524  280.329524 -325.329524  407.766086  337.766086  287.766086  107.233914 -125.329524   57.233914  310.329524]
dists_uav = [610.418224 171.310073 753.53866  502.776536 342.390454 238.420009 184.004171 471.67637  280.614784 201.887069]
uav_gains = [7.956487e-13 7.240964e-11 4.858246e-13 1.273778e-12 4.292985e-12 2.759388e-11 6.094315e-11 1.499822e-12 1.219161e-11 4.796321e-11]
dists_bs = [342.934518 845.430934 356.109799 943.051633 844.389342 787.785655 679.775991 389.194391 689.189756 882.816353]
bs_gains = [3.651833e-11 3.342439e-12 3.304632e-11 2.502082e-12 3.353376e-12 4.030317e-12 5.957323e-12 2.611434e-11 5.744109e-12 2.980328e-12]
Model saved in /Volumes/Research/code/fedcom-torch/models/mnist/s3
