v = 22.697160301531774
a = 119.49035081583298
xs = [  6.0943416  -20.79968212  15.00902392  18.81129433 -39.02070377
 -26.04359014   2.55680806  -6.32485185  -0.33602315 -17.06087855]
ys = [ 17.5879595   15.55583871   1.32061395  22.54482414   9.35018685
 -17.18584926   7.37501568 -19.17765202  17.56900603  -0.99851822]
dists_uav = [101.71763524 103.31800857 101.12870423 104.22156154 107.7499017
 104.75505717 100.304178   102.01855757 101.5321766  101.44984286]
dists_bs = [239.94522511 221.81113273 257.42563646 246.58750669 214.31339109
 243.15306433 244.18139867 257.20860434 235.14255819 236.47461703]
uav_gains = [2.41538619e-10 2.33019676e-10 2.44786188e-10 2.28399261e-10
 2.11561448e-10 2.25732662e-10 2.49439129e-10 2.39903048e-10
 2.42554600e-10 2.43007608e-10]
bs_gains = [1.48492505e-10 1.82154264e-10 1.23680536e-10 1.38315626e-10
 1.99190134e-10 1.43452686e-10 1.41887235e-10 1.23952059e-10
 1.56507374e-10 1.54225521e-10]
data_size = [502400 502400 502400 502400 502400 502400 502400 502400 502400 502400]
optimize_network_fake uav_gains = [2.41538619e-10 2.33019676e-10 2.44786188e-10 2.28399261e-10
 2.11561448e-10 2.25732662e-10 2.49439129e-10 2.39903048e-10
 2.42554600e-10 2.43007608e-10]
bs_gains = [1.48492505e-10 1.82154264e-10 1.23680536e-10 1.38315626e-10
 1.99190134e-10 1.43452686e-10 1.41887235e-10 1.23952059e-10
 1.56507374e-10 1.54225521e-10]
eta = 0.01	num_local_rounds = 150.79666895964104	num_global_rounds = 120.69732405639695
ene_coms = [0.01784559 0.02031138 0.01774132 0.01829365 0.01947222 0.02286405
 0.01759604 0.01789903 0.02187666 0.02203837]
ene_comp = [0.00705728 0.00663505 0.00995258 0.01218437 0.02738468 0.00675569
 0.01284788 0.01411457 0.0190607  0.00663505]
obj_prev = 38.45008286317651
af = 3.1818248550339887	bf = 23.412737075106346	zeta = 6.363649710067977	eta = 0.5
af = 3.1818248550339887	bf = 23.412737075106346	zeta = 51.236420004817425	eta = 0.06210084261809905
af = 3.1818248550339887	bf = 23.412737075106346	zeta = 34.390706591042395	eta = 0.09251990349807891
af = 3.1818248550339887	bf = 23.412737075106346	zeta = 34.145690991631916	eta = 0.09318378871916104
af = 3.1818248550339887	bf = 23.412737075106346	zeta = 34.145601516743156	eta = 0.09318403289729114
eta = 0.09318403289729114
eta = 0.09318403289729114
eta = 0.09318403289729114	num_local_rounds = 77.70993414538145	num_global_rounds = 131.76912973599983
ene_coms = [0.01784559 0.02031138 0.01774132 0.01829365 0.01947222 0.02286405
 0.01759604 0.01789903 0.02187666 0.02203837]
ene_comp = [0.00363682 0.00341924 0.00512886 0.00627896 0.01411212 0.00348141
 0.00662089 0.00727365 0.00982254 0.00341924]
ene_opt = [2.83071948 3.12696309 3.01358319 3.23791122 4.42537969 3.47151751
 3.19104316 3.31698272 4.17697529 3.35452616]
ti_comp = [0.58044716 0.55578927 0.58148989 0.57596664 0.5641809  0.53026261
 0.5829427  0.57991275 0.5401365  0.53851944]
ti_coms = [0.17845593 0.20311382 0.1774132  0.18293646 0.19472219 0.22864049
 0.17596039 0.17899035 0.21876659 0.22038366]
t_total = [100. 100. 100. 100. 100. 100. 100. 100. 100. 100.]
eta = 0.09318403289729114	num_local_rounds = 77.70993414538145	num_global_rounds = 131.76912973599983
ene_coms = [0.01784559 0.02031138 0.01774132 0.01829365 0.01947222 0.02286405
 0.01759604 0.01789903 0.02187666 0.02203837]
ene_comp = [2.23080608e-05 2.02202894e-05 6.23443528e-05 1.16597457e-04
 1.37962299e-03 2.34477777e-05 1.33449420e-04 1.78793566e-04
 5.07555824e-04 2.15379773e-05]
optimize_network_iter = 0 obj = 26.14354679316301
eta = 0.09318403289729114
freqs = [1.56638930e+08 1.53800968e+08 2.20504937e+08 2.72540209e+08
 6.25336841e+08 1.64135893e+08 2.83942416e+08 3.13566562e+08
 4.54632099e+08 1.58733227e+08]
af = 0.12415776767740155	bf = 23.412737075106346	zeta = 0.2483155353548031	eta = 0.5
af = 0.12415776767740155	bf = 23.412737075106346	zeta = 46.997593363433104	eta = 0.0026417899043742017
af = 0.12415776767740155	bf = 23.412737075106346	zeta = 24.213742277130414	eta = 0.0051275745094002696
af = 0.12415776767740155	bf = 23.412737075106346	zeta = 24.191479813198693	eta = 0.005132293213814146
af = 0.12415776767740155	bf = 23.412737075106346	zeta = 24.191479760418922	eta = 0.005132293225011529
eta = 0.005132293225011529
eta = 0.005132293225011529
eta = 0.005132293225011529	num_local_rounds = 172.63870231040892	num_global_rounds = 120.10677399830246
ene_coms = [0.01784559 0.02031138 0.01774132 0.01829365 0.01947222 0.02286405
 0.01759604 0.01789903 0.02187666 0.02203837]
ene_comp = [4.95591035e-05 4.49209558e-05 1.38502860e-04 2.59030379e-04
 3.06494049e-03 5.20910738e-05 2.96468334e-04 3.97203904e-04
 1.12757500e-03 4.78483027e-05]
ene_opt = [2.14932896 2.44492994 2.14748788 2.22830207 2.70686556 2.75238362
 2.14901131 2.19750218 2.76296433 2.65270391]
ti_comp = [0.65413658 0.62947868 0.6551793  0.64965605 0.63787031 0.60395202
 0.65663212 0.65360216 0.61382592 0.61220885]
ti_coms = [0.17845593 0.20311382 0.1774132  0.18293646 0.19472219 0.22864049
 0.17596039 0.17899035 0.21876659 0.22038366]
t_total = [100. 100. 100. 100. 100. 100. 100. 100. 100. 100.]
eta = 0.005132293225011529	num_local_rounds = 172.63870231040892	num_global_rounds = 120.10677399830246
ene_coms = [0.01784559 0.02031138 0.01774132 0.01829365 0.01947222 0.02286405
 0.01759604 0.01789903 0.02187666 0.02203837]
ene_comp = [0.00019259 0.00017283 0.00053845 0.00100485 0.01183361 0.00019818
 0.00115321 0.00154325 0.00430909 0.00018272]
optimize_network_iter = 1 obj = 26.071228417564956
eta = 0.005132293225011529
freqs = [3.08784569e+08 3.01682294e+08 4.34772371e+08 5.36792013e+08
 1.22874461e+09 3.20150178e+08 5.60009822e+08 6.18074094e+08
 8.88750841e+08 3.10192466e+08]
af = 0.47886742950782296	bf = 23.412737075106346	zeta = 0.9577348590156459	eta = 0.5
af = 0.47886742950782296	bf = 23.412737075106346	zeta = 47.489325367463366	eta = 0.010083685666251055
af = 0.47886742950782296	bf = 23.412737075106346	zeta = 25.874926955859866	eta = 0.01850700604197742
af = 0.47886742950782296	bf = 23.412737075106346	zeta = 25.800723550342784	eta = 0.018560232567642887
af = 0.47886742950782296	bf = 23.412737075106346	zeta = 25.80072154012847	eta = 0.018560234013728225
eta = 0.018560234013728225
eta = 0.018560234013728225
eta = 0.018560234013728225	num_local_rounds = 130.54592433801656	num_global_rounds = 121.75006042857284
ene_coms = [0.01784559 0.02031138 0.01774132 0.01829365 0.01947222 0.02286405
 0.01759604 0.01789903 0.02187666 0.02203837]
ene_comp = [0.00014563 0.00013069 0.00040717 0.00075985 0.00894834 0.00014986
 0.00087204 0.00116697 0.00325845 0.00013817]
ene_opt = [2.19043285 2.48882405 2.20957927 2.31976402 3.46020467 2.8019449
 2.24848917 2.3212874  3.06020048 2.69999474]
ti_comp = [0.6428989  0.618241   0.64394163 0.63841837 0.62663264 0.59271434
 0.64539444 0.64236448 0.60258824 0.60097117]
ti_coms = [0.17845593 0.20311382 0.1774132  0.18293646 0.19472219 0.22864049
 0.17596039 0.17899035 0.21876659 0.22038366]
t_total = [100. 100. 100. 100. 100. 100. 100. 100. 100. 100.]
eta = 0.018560234013728225	num_local_rounds = 130.54592433801656	num_global_rounds = 121.75006042857284
ene_coms = [0.01784559 0.02031138 0.01774132 0.01829365 0.01947222 0.02286405
 0.01759604 0.01789903 0.02187666 0.02203837]
ene_comp = [8.62108985e-05 7.74733610e-05 2.41017616e-04 4.49917939e-04
 5.30189951e-03 8.89719582e-05 5.16152842e-04 6.90835243e-04
 1.93334740e-03 8.19899703e-05]
optimize_network_iter = 2 obj = 25.00820801233595
eta = 0.018560234013728225
freqs = [2.37578150e+08 2.32272715e+08 3.34503574e+08 4.13056358e+08
 9.45814921e+08 2.46681116e+08 4.30841670e+08 4.75551609e+08
 6.84588737e+08 2.38947430e+08]
af = 0.2837693110132888	bf = 23.412737075106346	zeta = 0.5675386220265776	eta = 0.5
af = 0.2837693110132888	bf = 23.412737075106346	zeta = 47.21886194592929	eta = 0.006009660108670881
af = 0.2837693110132888	bf = 23.412737075106346	zeta = 25.014371042648524	eta = 0.01134425129176637
af = 0.2837693110132888	bf = 23.412737075106346	zeta = 24.96698409120172	eta = 0.011365782506077221
af = 0.2837693110132888	bf = 23.412737075106346	zeta = 24.966983575513662	eta = 0.011365782740835188
eta = 0.011365782740835188
eta = 0.011365782740835188
eta = 0.011365782740835188	num_local_rounds = 146.6045705591219	num_global_rounds = 120.86406552577299
ene_coms = [0.01784559 0.02031138 0.01774132 0.01829365 0.01947222 0.02286405
 0.01759604 0.01789903 0.02187666 0.02203837]
ene_comp = [9.68158280e-05 8.70034731e-05 2.70665548e-04 5.05263006e-04
 5.95409397e-03 9.99165297e-05 5.79645563e-04 7.75815903e-04
 2.17117131e-03 9.20756772e-05]
ene_opt = [2.16859245 2.46543186 2.17700184 2.27211253 3.07312759 2.77551819
 2.19678711 2.25711835 2.90651854 2.67477511]
ti_comp = [0.64891985 0.62426195 0.64996257 0.64443932 0.63265358 0.59873529
 0.65141539 0.64838543 0.60860919 0.60699212]
ti_coms = [0.17845593 0.20311382 0.1774132  0.18293646 0.19472219 0.22864049
 0.17596039 0.17899035 0.21876659 0.22038366]
t_total = [100. 100. 100. 100. 100. 100. 100. 100. 100. 100.]
eta = 0.011365782740835188	num_local_rounds = 146.6045705591219	num_global_rounds = 120.86406552577299
ene_coms = [0.01784559 0.02031138 0.01774132 0.01829365 0.01947222 0.02286405
 0.01759604 0.01789903 0.02187666 0.02203837]
ene_comp = [0.00011984 0.00010762 0.00033506 0.00062536 0.00736679 0.00012349
 0.00071757 0.00096034 0.00268427 0.00011383]
optimize_network_iter = 3 obj = 25.27176692703555
eta = 0.011365782740835188
freqs = [2.64327479e+08 2.58329099e+08 3.72171494e+08 4.59533154e+08
 1.05205245e+09 2.74239922e+08 4.79368067e+08 5.29090691e+08
 7.61195285e+08 2.65678948e+08]
af = 0.35107091762873455	bf = 23.412737075106346	zeta = 0.7021418352574691	eta = 0.5
af = 0.35107091762873455	bf = 23.412737075106346	zeta = 47.31216178367459	eta = 0.0074203102203179005
af = 0.35107091762873455	bf = 23.412737075106346	zeta = 25.322123412615213	eta = 0.013864197401938052
af = 0.35107091762873455	bf = 23.412737075106346	zeta = 25.265054562503916	eta = 0.013895513930524492
af = 0.35107091762873455	bf = 23.412737075106346	zeta = 25.265053656994322	eta = 0.01389551442854525
eta = 0.01389551442854525
eta = 0.01389551442854525
eta = 0.01389551442854525	num_local_rounds = 140.02415985504578	num_global_rounds = 121.17412765502982
ene_coms = [0.01784559 0.02031138 0.01774132 0.01829365 0.01947222 0.02286405
 0.01759604 0.01789903 0.02187666 0.02203837]
ene_comp = [0.00011447 0.00010279 0.00032002 0.00059729 0.00703613 0.00011795
 0.00068536 0.00091723 0.00256379 0.00010872]
ene_opt = [2.17629436 2.4736693  2.1885668  2.28909312 3.21212562 2.78482313
 2.21523294 2.28004466 2.96154993 2.6836538 ]
ti_comp = [0.64680275 0.62214485 0.64784547 0.64232222 0.63053648 0.59661819
 0.64929829 0.64626833 0.60649208 0.60487502]
ti_coms = [0.17845593 0.20311382 0.1774132  0.18293646 0.19472219 0.22864049
 0.17596039 0.17899035 0.21876659 0.22038366]
t_total = [100. 100. 100. 100. 100. 100. 100. 100. 100. 100.]
eta = 0.01389551442854525	num_local_rounds = 140.02415985504578	num_global_rounds = 121.17412765502982
ene_coms = [0.01784559 0.02031138 0.01774132 0.01829365 0.01947222 0.02286405
 0.01759604 0.01789903 0.02187666 0.02203837]
ene_comp = [1.05104861e-04 9.44069487e-05 2.93844729e-04 5.48475391e-04
 6.46183772e-03 1.08360255e-04 6.29302161e-04 8.42230088e-04
 2.35515720e-03 9.98747456e-05]
optimize_network_iter = 4 obj = 25.14083253240118
eta = 0.01389551442854525
freqs = [2.53289380e+08 2.47573496e+08 3.56628045e+08 4.40353447e+08
 1.00820445e+09 2.62860004e+08 4.59344290e+08 5.06997666e+08
 7.29566562e+08 2.54641986e+08]
af = 0.3224250830761974	bf = 23.412737075106346	zeta = 0.6448501661523948	eta = 0.5
af = 0.3224250830761974	bf = 23.412737075106346	zeta = 47.27245022476484	eta = 0.006820570576375308
af = 0.3224250830761974	bf = 23.412737075106346	zeta = 25.19276183150867	eta = 0.012798322201932591
af = 0.3224250830761974	bf = 23.412737075106346	zeta = 25.139754517760874	eta = 0.012825307536253336
af = 0.3224250830761974	bf = 23.412737075106346	zeta = 25.139753793767543	eta = 0.012825307905606083
eta = 0.012825307905606083
eta = 0.012825307905606083
eta = 0.012825307905606083	num_local_rounds = 142.64853680594146	num_global_rounds = 121.04276150183891
ene_coms = [0.01784559 0.02031138 0.01774132 0.01829365 0.01947222 0.02286405
 0.01759604 0.01789903 0.02187666 0.02203837]
ene_comp = [1.07074769e-04 9.61763535e-05 2.99352060e-04 5.58755089e-04
 6.58294752e-03 1.10391177e-04 6.41096741e-04 8.58015430e-04
 2.39929830e-03 1.01746630e-04]
ene_opt = [2.17304045 2.47018728 2.18369281 2.28194665 3.15378934 2.78088964
 2.20747325 2.27040513 2.93842891 2.67990033]
ti_comp = [0.64769839 0.62304049 0.64874111 0.64321786 0.63143212 0.59751383
 0.65019393 0.64716397 0.60738773 0.60577066]
ti_coms = [0.17845593 0.20311382 0.1774132  0.18293646 0.19472219 0.22864049
 0.17596039 0.17899035 0.21876659 0.22038366]
t_total = [100. 100. 100. 100. 100. 100. 100. 100. 100. 100.]
eta = 0.012825307905606083	num_local_rounds = 142.64853680594146	num_global_rounds = 121.04276150183891
ene_coms = [0.01784559 0.02031138 0.01774132 0.01829365 0.01947222 0.02286405
 0.01759604 0.01789903 0.02187666 0.02203837]
ene_comp = [1.10818920e-04 9.95285032e-05 3.09821072e-04 5.78282277e-04
 6.81265155e-03 1.14224721e-04 6.63521429e-04 8.88016169e-04
 2.48273969e-03 1.05284284e-04]
optimize_network_iter = 5 obj = 25.189385508024966
eta = 0.012825307905606083
freqs = [2.57679795e+08 2.51851031e+08 3.62810497e+08 4.47982032e+08
 1.02564366e+09 2.67385210e+08 4.67308859e+08 5.15785166e+08
 7.42144360e+08 2.59031017e+08]
af = 0.3336719622969285	bf = 23.412737075106346	zeta = 0.667343924593857	eta = 0.5
af = 0.3336719622969285	bf = 23.412737075106346	zeta = 47.288041710008734	eta = 0.007056159448157171
af = 0.3336719622969285	bf = 23.412737075106346	zeta = 25.243823827350408	eta = 0.01321796430600232
af = 0.3336719622969285	bf = 23.412737075106346	zeta = 25.18921162537106	eta = 0.013246621897481211
af = 0.3336719622969285	bf = 23.412737075106346	zeta = 25.189210832911474	eta = 0.013246622314223622
eta = 0.013246622314223622
eta = 0.013246622314223622
eta = 0.013246622314223622	num_local_rounds = 141.59014372052712	num_global_rounds = 121.09444316884185
ene_coms = [0.01784559 0.02031138 0.01774132 0.01829365 0.01947222 0.02286405
 0.01759604 0.01789903 0.02187666 0.02203837]
ene_comp = [1.09996690e-04 9.87900429e-05 3.07522328e-04 5.73991662e-04
 6.76210449e-03 1.13377221e-04 6.58598375e-04 8.81427456e-04
 2.46431879e-03 1.04503118e-04]
ene_opt = [2.17432211 2.47155848 2.18561455 2.28476604 3.17683083 2.78243859
 2.21053512 2.27420959 2.94755715 2.68137837]
ti_comp = [0.6473458  0.6226879  0.64838852 0.64286527 0.63107953 0.59716124
 0.64984134 0.64681138 0.60703513 0.60541807]
ti_coms = [0.17845593 0.20311382 0.1774132  0.18293646 0.19472219 0.22864049
 0.17596039 0.17899035 0.21876659 0.22038366]
t_total = [100. 100. 100. 100. 100. 100. 100. 100. 100. 100.]
eta = 0.013246622314223622	num_local_rounds = 141.59014372052712	num_global_rounds = 121.09444316884185
ene_coms = [0.01784559 0.02031138 0.01774132 0.01829365 0.01947222 0.02286405
 0.01759604 0.01789903 0.02187666 0.02203837]
ene_comp = [1.08488571e-04 9.74397745e-05 3.03305486e-04 5.66126196e-04
 6.66957925e-03 1.11832985e-04 6.49565890e-04 8.69343352e-04
 2.43070726e-03 1.03078091e-04]
optimize_network_iter = 6 obj = 25.169210473047254
eta = 0.013246622314223622
freqs = [2.55907228e+08 2.50123952e+08 3.60314425e+08 4.44902073e+08
 1.01860260e+09 2.65558028e+08 4.64093293e+08 5.12237334e+08
 7.37065828e+08 2.57258854e+08]
af = 0.32910781687986346	bf = 23.412737075106346	zeta = 0.6582156337597269	eta = 0.5
af = 0.32910781687986346	bf = 23.412737075106346	zeta = 47.28171446095372	eta = 0.006960572826766845
af = 0.32910781687986346	bf = 23.412737075106346	zeta = 25.223145559596833	eta = 0.013047849884632864
af = 0.32910781687986346	bf = 23.412737075106346	zeta = 25.169183029878646	eta = 0.013075824371779392
af = 0.32910781687986346	bf = 23.412737075106346	zeta = 25.169182265637357	eta = 0.013075824768815924
eta = 0.013075824768815924
eta = 0.013075824768815924
eta = 0.013075824768815924	num_local_rounds = 142.01509341210354	num_global_rounds = 121.07348650958188
ene_coms = [0.01784559 0.02031138 0.01774132 0.01829365 0.01947222 0.02286405
 0.01759604 0.01789903 0.02187666 0.02203837]
ene_comp = [1.08814174e-04 9.77322172e-05 3.04215786e-04 5.67825291e-04
 6.68959643e-03 1.12168625e-04 6.51515410e-04 8.71952483e-04
 2.43800246e-03 1.03387456e-04]
ene_opt = [2.17380265 2.47100267 2.18483598 2.28362405 3.16750224 2.78181073
 2.20929501 2.27266885 2.94386084 2.68077925]
ti_comp = [0.64748874 0.62283084 0.64853146 0.64300821 0.63122247 0.59730418
 0.64998427 0.64695432 0.60717807 0.60556101]
ti_coms = [0.17845593 0.20311382 0.1774132  0.18293646 0.19472219 0.22864049
 0.17596039 0.17899035 0.21876659 0.22038366]
t_total = [100. 100. 100. 100. 100. 100. 100. 100. 100. 100.]
eta = 0.013075824768815924	num_local_rounds = 142.01509341210354	num_global_rounds = 121.07348650958188
ene_coms = [0.01784559 0.02031138 0.01774132 0.01829365 0.01947222 0.02286405
 0.01759604 0.01789903 0.02187666 0.02203837]
ene_comp = [1.09419988e-04 9.82746151e-05 3.05909700e-04 5.70984855e-04
 6.72676366e-03 1.12788930e-04 6.55143780e-04 8.76806687e-04
 2.45150397e-03 1.03959878e-04]
optimize_network_iter = 7 obj = 25.17721497377461
eta = 0.013075824768815924
freqs = [2.56618610e+08 2.50817065e+08 3.61316172e+08 4.46138146e+08
 1.02142835e+09 2.66291298e+08 4.65383796e+08 5.13661181e+08
 7.39103922e+08 2.57970050e+08]
af = 0.33093573751231914	bf = 23.412737075106346	zeta = 0.6618714750246383	eta = 0.5
af = 0.33093573751231914	bf = 23.412737075106346	zeta = 47.28424849701907	eta = 0.006998857929045488
af = 0.33093573751231914	bf = 23.412737075106346	zeta = 25.231434173286768	eta = 0.013116009785234093
af = 0.33093573751231914	bf = 23.412737075106346	zeta = 25.17721118891324	eta = 0.013144257123205383
af = 0.33093573751231914	bf = 23.412737075106346	zeta = 25.17721041344195	eta = 0.0131442575280554
eta = 0.0131442575280554
eta = 0.0131442575280554
eta = 0.0131442575280554	num_local_rounds = 141.84416783831762	num_global_rounds = 121.08188225821667
ene_coms = [0.01784559 0.02031138 0.01774132 0.01829365 0.01947222 0.02286405
 0.01759604 0.01789903 0.02187666 0.02203837]
ene_comp = [1.09288293e-04 9.81563344e-05 3.05541515e-04 5.70297633e-04
 6.71866751e-03 1.12653180e-04 6.54355266e-04 8.75751386e-04
 2.44855340e-03 1.03834755e-04]
ene_opt = [2.17401079 2.47122537 2.185148   2.28408176 3.17124187 2.78206231
 2.20979207 2.27328643 2.9453425  2.68101931]
ti_comp = [0.64743146 0.62277357 0.64847419 0.64295094 0.6311652  0.59724691
 0.649927   0.64689705 0.6071208  0.60550374]
ti_coms = [0.17845593 0.20311382 0.1774132  0.18293646 0.19472219 0.22864049
 0.17596039 0.17899035 0.21876659 0.22038366]
t_total = [100. 100. 100. 100. 100. 100. 100. 100. 100. 100.]
eta = 0.0131442575280554	num_local_rounds = 141.84416783831762	num_global_rounds = 121.08188225821667
ene_coms = [0.01784559 0.02031138 0.01774132 0.01829365 0.01947222 0.02286405
 0.01759604 0.01789903 0.02187666 0.02203837]
ene_comp = [1.09044667e-04 9.79382103e-05 3.04860315e-04 5.69027027e-04
 6.70372082e-03 1.12403725e-04 6.52896134e-04 8.73799289e-04
 2.44312378e-03 1.03604556e-04]
optimize_network_iter = 8 obj = 25.173979858378615
eta = 0.0131442575280554
freqs = [2.56332423e+08 2.50538226e+08 3.60913173e+08 4.45640877e+08
 1.02029155e+09 2.65996301e+08 4.64864632e+08 5.13088373e+08
 7.38283993e+08 2.57683934e+08]
af = 0.33019975854974803	bf = 23.412737075106346	zeta = 0.6603995170994961	eta = 0.5
af = 0.33019975854974803	bf = 23.412737075106346	zeta = 47.283228213533356	eta = 0.0069834436231500496
af = 0.33019975854974803	bf = 23.412737075106346	zeta = 25.228098051864112	eta = 0.013088571237947502
af = 0.33019975854974803	bf = 23.412737075106346	zeta = 25.17397989237627	eta = 0.01311670859996779
af = 0.33019975854974803	bf = 23.412737075106346	zeta = 25.17397912143798	eta = 0.013116709001659269
eta = 0.013116709001659269
eta = 0.013116709001659269
eta = 0.013116709001659269	num_local_rounds = 141.91286896913007	num_global_rounds = 121.07850229681706
ene_coms = [0.01784559 0.02031138 0.01774132 0.01829365 0.01947222 0.02286405
 0.01759604 0.01789903 0.02187666 0.02203837]
ene_comp = [1.09097482e-04 9.79856459e-05 3.05007972e-04 5.69302631e-04
 6.70696771e-03 1.12458167e-04 6.53212359e-04 8.74222507e-04
 2.44430709e-03 1.03654736e-04]
ene_opt = [2.173927   2.47113572 2.1850224  2.28389753 3.16973675 2.78196104
 2.209592   2.27303785 2.94474615 2.68092267]
ti_comp = [0.64745452 0.62279662 0.64849724 0.64297399 0.63118825 0.59726996
 0.64995006 0.6469201  0.60714386 0.60552679]
ti_coms = [0.17845593 0.20311382 0.1774132  0.18293646 0.19472219 0.22864049
 0.17596039 0.17899035 0.21876659 0.22038366]
t_total = [100. 100. 100. 100. 100. 100. 100. 100. 100. 100.]
eta = 0.013116709001659269	num_local_rounds = 141.91286896913007	num_global_rounds = 121.07850229681706
ene_coms = [0.01784559 0.02031138 0.01774132 0.01829365 0.01947222 0.02286405
 0.01759604 0.01789903 0.02187666 0.02203837]
ene_comp = [1.09195412e-04 9.80733246e-05 3.05281793e-04 5.69813374e-04
 6.71297580e-03 1.12558439e-04 6.53798884e-04 8.75007187e-04
 2.44648962e-03 1.03747268e-04]
optimize_network_iter = 9 obj = 25.175277662660235
eta = 0.013116709001659269
freqs = [2.56447444e+08 2.50650293e+08 3.61075141e+08 4.45840733e+08
 1.02074844e+09 2.66114862e+08 4.65073288e+08 5.13318589e+08
 7.38613527e+08 2.57798925e+08]
af = 0.330495454802362	bf = 23.412737075106346	zeta = 0.660990909604724	eta = 0.5
af = 0.330495454802362	bf = 23.412737075106346	zeta = 47.28363813558096	eta = 0.006989636750342694
af = 0.330495454802362	bf = 23.412737075106346	zeta = 25.229438598443434	eta = 0.013099596073562746
af = 0.330495454802362	bf = 23.412737075106346	zeta = 25.175278316307836	eta = 0.013127777601897506
af = 0.330495454802362	bf = 23.412737075106346	zeta = 25.175277543550163	eta = 0.013127778004855959
eta = 0.013127778004855959
eta = 0.013127778004855959
eta = 0.013127778004855959	num_local_rounds = 141.8852475167967	num_global_rounds = 121.07986034327851
ene_coms = [0.01784559 0.02031138 0.01774132 0.01829365 0.01947222 0.02286405
 0.01759604 0.01789903 0.02187666 0.02203837]
ene_comp = [1.09174159e-04 9.80542360e-05 3.05222374e-04 5.69702467e-04
 6.71166920e-03 1.12536531e-04 6.53671631e-04 8.74836879e-04
 2.44601344e-03 1.03727075e-04]
ene_opt = [2.17396067 2.47117175 2.18507287 2.28397156 3.17034156 2.78200173
 2.20967239 2.27313774 2.94498578 2.6809615 ]
ti_comp = [0.64744526 0.62278736 0.64848798 0.64296473 0.63117899 0.5972607
 0.6499408  0.64691084 0.60713459 0.60551753]
ti_coms = [0.17845593 0.20311382 0.1774132  0.18293646 0.19472219 0.22864049
 0.17596039 0.17899035 0.21876659 0.22038366]
t_total = [100. 100. 100. 100. 100. 100. 100. 100. 100. 100.]
eta = 0.013127778004855959	num_local_rounds = 141.8852475167967	num_global_rounds = 121.07986034327851
ene_coms = [0.01784559 0.02031138 0.01774132 0.01829365 0.01947222 0.02286405
 0.01759604 0.01789903 0.02187666 0.02203837]
ene_comp = [1.09134787e-04 9.80189856e-05 3.05112287e-04 5.69497128e-04
 6.70925372e-03 1.12496218e-04 6.53435825e-04 8.74521406e-04
 2.44513598e-03 1.03689874e-04]
optimize_network_iter = 10 obj = 25.174755472509908
eta = 0.013127778004855959
freqs = [2.56401198e+08 2.50605235e+08 3.61010019e+08 4.45760378e+08
 1.02056474e+09 2.66067193e+08 4.64989395e+08 5.13226027e+08
 7.38481033e+08 2.57752691e+08]
Done!
optimize_network_fake num_local_rounds = 141.8852475167967	num_global_rounds = 121.07986034327851
xs_new = [-193.9056584   179.20031788  215.00902392   18.81129433  160.97929623
  173.95640986    2.55680806   -6.32485185  199.66397685  -17.06087855]
ys_new = [  17.5879595    15.55583871    1.32061395 -177.45517586    9.35018685
  -17.18584926 -192.62498432  180.82234798   17.56900603  199.00148178]
update_location
dists_uav = [218.88065397 205.80266773 237.12997361 204.55855942 189.74129705
 201.3856647  217.0505053  206.72862714 223.99636967 223.36665671]
dists_bs = [158.54328877 388.43314193 426.93274397 402.22813029 374.59571286
 398.37918701 408.25794442 168.77560647 406.39588262 159.75242474]
uav_gains = [3.77313160e-11 4.54630961e-11 2.82133375e-11 4.62468879e-11
 5.64490575e-11 4.82906369e-11 3.87632573e-11 4.48858173e-11
 3.49234837e-11 3.52631657e-11]
bs_gains = [4.36125603e-10 4.24398367e-11 3.31941397e-11 3.87585643e-11
 4.66372291e-11 3.97397160e-11 3.72877304e-11 3.70672925e-10
 3.77335658e-11 4.27595015e-10]
optimize_network_fake uav_gains = [3.77313160e-11 4.54630961e-11 2.82133375e-11 4.62468879e-11
 5.64490575e-11 4.82906369e-11 3.87632573e-11 4.48858173e-11
 3.49234837e-11 3.52631657e-11]
bs_gains = [4.36125603e-10 4.24398367e-11 3.31941397e-11 3.87585643e-11
 4.66372291e-11 3.97397160e-11 3.72877304e-11 3.70672925e-10
 3.77335658e-11 4.27595015e-10]
eta = 0.01	num_local_rounds = 150.79666895964104	num_global_rounds = 120.69732405639695
ene_coms = [0.05241545 0.04815297 0.06524219 0.04532364 0.04505882 0.05047732
 0.05139522 0.04628182 0.05241317 0.01416333]
ene_comp = [0.00705728 0.00663505 0.00995258 0.01218437 0.02738468 0.00675569
 0.01284788 0.01411457 0.0190607  0.00663505]
obj_prev = 71.6401118331583
af = 3.1818248550339887	bf = 56.270865755388314	zeta = 6.363649710067977	eta = 0.5
af = 3.1818248550339887	bf = 56.270865755388314	zeta = 116.95267736538136	eta = 0.027206088194914865
af = 3.1818248550339887	bf = 56.270865755388314	zeta = 69.63362166941627	eta = 0.045693801051159104
af = 3.1818248550339887	bf = 56.270865755388314	zeta = 69.25378618590348	eta = 0.04594441734193076
af = 3.1818248550339887	bf = 56.270865755388314	zeta = 69.25373638828015	eta = 0.04594445037874449
eta = 0.04594445037874449
eta = 0.04594445037874449
eta = 0.04594445037874449	num_local_rounds = 100.865399157164	num_global_rounds = 125.24464729885875
ene_coms = [0.05241545 0.04815297 0.06524219 0.04532364 0.04505882 0.05047732
 0.05139522 0.04628182 0.05241317 0.01416333]
ene_comp = [0.0047205  0.00443808 0.00665712 0.00814992 0.01831716 0.00451877
 0.00859373 0.009441   0.01274939 0.00443808]
ene_opt = [7.1559725  6.58674732 9.00500331 6.69727724 7.93750147 6.88796598
 7.51329538 6.97898458 8.16126149 2.32972711]
ti_comp = [0.27428278 0.31690761 0.14601541 0.34520095 0.34784914 0.29366411
 0.2844851  0.33561916 0.27430561 0.65680399]
ti_coms = [0.52415454 0.48152971 0.6524219  0.45323636 0.45058817 0.50477321
 0.51395222 0.46281816 0.52413171 0.14163333]
t_total = [100. 100. 100. 100. 100. 100. 100. 100. 100. 100.]
eta = 0.04594445037874449	num_local_rounds = 100.865399157164	num_global_rounds = 125.24464729885875
ene_coms = [0.05241545 0.04815297 0.06524219 0.04532364 0.04505882 0.05047732
 0.05139522 0.04628182 0.05241317 0.01416333]
ene_comp = [2.18467657e-04 1.36000143e-04 2.16212636e-03 7.09801273e-04
 7.93619474e-03 1.67177937e-04 1.22531121e-03 1.16729525e-03
 4.30346731e-03 3.16616199e-05]
optimize_network_iter = 0 obj = 61.24230733418225
eta = 0.04594445037874449
freqs = [4.30258579e+08 3.50108161e+08 1.13979687e+09 5.90230430e+08
 1.31645836e+09 3.84688642e+08 7.55200546e+08 7.03252566e+08
 1.16196917e+09 1.68927019e+08]
af = 0.7004778329709284	bf = 56.270865755388314	zeta = 1.4009556659418567	eta = 0.5
af = 0.7004778329709284	bf = 56.270865755388314	zeta = 113.51279998071371	eta = 0.0061709149372576695
af = 0.7004778329709284	bf = 56.270865755388314	zeta = 60.2063609727137	eta = 0.011634615041563365
af = 0.7004778329709284	bf = 56.270865755388314	zeta = 60.08975447336352	eta = 0.011657192463341398
af = 0.7004778329709284	bf = 56.270865755388314	zeta = 60.08975314236135	eta = 0.011657192721550955
eta = 0.011657192721550955
eta = 0.011657192721550955
eta = 0.011657192721550955	num_local_rounds = 145.7755940476582	num_global_rounds = 120.89970194134126
ene_coms = [0.05241545 0.04815297 0.06524219 0.04532364 0.04505882 0.05047732
 0.05139522 0.04628182 0.05241317 0.01416333]
ene_comp = [3.15740112e-04 1.96554039e-04 3.12481047e-03 1.02583942e-03
 1.14697757e-02 2.41613708e-04 1.77087951e-03 1.68703203e-03
 6.21958084e-03 4.57589173e-05]
ene_opt = [6.37518566 5.84544316 8.26555003 5.60363781 6.83429003 6.13190406
 6.42776582 5.7994194  7.08868219 1.71787498]
ti_comp = [0.30297736 0.34560219 0.17470999 0.37389553 0.37654373 0.32235869
 0.31317968 0.36431374 0.30300019 0.68549857]
ti_coms = [0.52415454 0.48152971 0.6524219  0.45323636 0.45058817 0.50477321
 0.51395222 0.46281816 0.52413171 0.14163333]
t_total = [100. 100. 100. 100. 100. 100. 100. 100. 100. 100.]
eta = 0.011657192721550955	num_local_rounds = 145.7755940476582	num_global_rounds = 120.89970194134126
ene_coms = [0.05241545 0.04815297 0.06524219 0.04532364 0.04505882 0.05047732
 0.05139522 0.04628182 0.05241317 0.01416333]
ene_comp = [5.40495020e-04 3.45206962e-04 4.55901259e-03 1.82645094e-03
 2.04451916e-02 4.18822265e-04 3.05215173e-03 2.99054904e-03
 1.06470649e-02 8.77444005e-05]
optimize_network_iter = 1 obj = 62.36449370477913
eta = 0.011657192721550955
freqs = [5.62937925e+08 4.63981880e+08 1.37673709e+09 7.87564099e+08
 1.75762110e+09 5.06481351e+08 9.91450071e+08 9.36321780e+08
 1.52029897e+09 2.33921938e+08]
af = 1.205488698071551	bf = 56.270865755388314	zeta = 2.410977396143102	eta = 0.5
af = 1.205488698071551	bf = 56.270865755388314	zeta = 114.21289369530697	eta = 0.0105547513863672
af = 1.205488698071551	bf = 56.270865755388314	zeta = 62.4160466409217	eta = 0.019313762452894588
af = 1.205488698071551	bf = 56.270865755388314	zeta = 62.23076433046522	eta = 0.019371266142096877
af = 1.205488698071551	bf = 56.270865755388314	zeta = 62.23075890340716	eta = 0.019371267831438096
eta = 0.019371267831438096
eta = 0.019371267831438096
eta = 0.019371267831438096	num_local_rounds = 129.14543057243267	num_global_rounds = 121.85075441507009
ene_coms = [0.05241545 0.04815297 0.06524219 0.04532364 0.04505882 0.05047732
 0.05139522 0.04628182 0.05241317 0.01416333]
ene_comp = [4.78835038e-04 3.05825554e-04 4.03891782e-03 1.61808837e-03
 1.81127924e-02 3.71042780e-04 2.70396051e-03 2.64938549e-03
 9.43244165e-03 7.77344689e-05]
ene_opt = [6.44520903 5.90474091 8.4419553  5.71988457 7.69750829 6.19591146
 6.59202619 5.96230379 7.53593453 1.73528482]
ti_comp = [0.29652154 0.33914637 0.16825418 0.36743972 0.37008791 0.31590288
 0.30672386 0.35785793 0.29654438 0.67904275]
ti_coms = [0.52415454 0.48152971 0.6524219  0.45323636 0.45058817 0.50477321
 0.51395222 0.46281816 0.52413171 0.14163333]
t_total = [100. 100. 100. 100. 100. 100. 100. 100. 100. 100.]
eta = 0.019371267831438096	num_local_rounds = 129.14543057243267	num_global_rounds = 121.85075441507009
ene_coms = [0.05241545 0.04815297 0.06524219 0.04532364 0.04505882 0.05047732
 0.05139522 0.04628182 0.05241317 0.01416333]
ene_comp = [3.92357731e-04 2.49253251e-04 3.41788338e-03 1.31497967e-03
 1.47161732e-02 3.03238291e-04 2.21248741e-03 2.15508013e-03
 7.72892326e-03 6.21757383e-05]
optimize_network_iter = 2 obj = 61.3489893279342
eta = 0.019371267831438096
freqs = [5.09575635e+08 4.18875106e+08 1.26647647e+09 7.09977053e+08
 1.58427291e+09 4.57871368e+08 8.96831967e+08 8.44470068e+08
 1.37618378e+09 2.09206229e+08]
af = 0.9862451897514206	bf = 56.270865755388314	zeta = 1.9724903795028412	eta = 0.5
af = 0.9862451897514206	bf = 56.270865755388314	zeta = 113.90895765601064	eta = 0.008658188171028175
af = 0.9862451897514206	bf = 56.270865755388314	zeta = 61.48715790528412	eta = 0.01603985650581947
af = 0.9862451897514206	bf = 56.270865755388314	zeta = 61.33043148823228	eta = 0.016080845443597693
af = 0.9862451897514206	bf = 56.270865755388314	zeta = 61.33042822648856	eta = 0.016080846298827278
eta = 0.016080846298827278
eta = 0.016080846298827278
eta = 0.016080846298827278	num_local_rounds = 135.24132143910956	num_global_rounds = 121.44326123376143
ene_coms = [0.05241545 0.04815297 0.06524219 0.04532364 0.04505882 0.05047732
 0.05139522 0.04628182 0.05241317 0.01416333]
ene_comp = [4.10877704e-04 2.61018441e-04 3.57921347e-03 1.37704902e-03
 1.54108024e-02 3.17551670e-04 2.31692070e-03 2.25680370e-03
 8.09374199e-03 6.51105422e-05]
ene_opt = [6.41540201 5.87955276 8.35789573 5.67148354 7.34362781 6.16869496
 6.52297777 5.89468824 7.34815681 1.72794859]
ti_comp = [0.29927526 0.34190009 0.17100789 0.37019343 0.37284163 0.31865659
 0.30947758 0.36061164 0.29929809 0.68179647]
ti_coms = [0.52415454 0.48152971 0.6524219  0.45323636 0.45058817 0.50477321
 0.51395222 0.46281816 0.52413171 0.14163333]
t_total = [100. 100. 100. 100. 100. 100. 100. 100. 100. 100.]
eta = 0.016080846298827278	num_local_rounds = 135.24132143910956	num_global_rounds = 121.44326123376143
ene_coms = [0.05241545 0.04815297 0.06524219 0.04532364 0.04505882 0.05047732
 0.05139522 0.04628182 0.05241317 0.01416333]
ene_comp = [4.42327741e-04 2.81648762e-04 3.79968623e-03 1.48773268e-03
 1.66512557e-02 3.42244499e-04 2.49579349e-03 2.43722884e-03
 8.71327807e-03 7.08266628e-05]
optimize_network_iter = 3 obj = 61.650180200201824
eta = 0.016080846298827278
freqs = [5.28718437e+08 4.35113821e+08 1.30489988e+09 7.37958712e+08
 1.64680003e+09 4.75340178e+08 9.30807383e+08 8.77577586e+08
 1.42788274e+09 2.18196281e+08]
af = 1.06241963623559	bf = 56.270865755388314	zeta = 2.12483927247118	eta = 0.5
af = 1.06241963623559	bf = 56.270865755388314	zeta = 114.01455786163308	eta = 0.009318280543831357
af = 1.06241963623559	bf = 56.270865755388314	zeta = 61.814508151675405	eta = 0.01718722138221518
af = 1.06241963623559	bf = 56.270865755388314	zeta = 61.64765450963351	eta = 0.01723373978598924
af = 1.06241963623559	bf = 56.270865755388314	zeta = 61.64765056425388	eta = 0.017233740888929015
eta = 0.017233740888929015
eta = 0.017233740888929015
eta = 0.017233740888929015	num_local_rounds = 132.97404390624314	num_global_rounds = 121.58572774355731
ene_coms = [0.05241545 0.04815297 0.06524219 0.04532364 0.04505882 0.05047732
 0.05139522 0.04628182 0.05241317 0.01416333]
ene_comp = [4.34912258e-04 2.76927011e-04 3.73598570e-03 1.46279132e-03
 1.63721027e-02 3.36506879e-04 2.45395231e-03 2.39636947e-03
 8.56720274e-03 6.96392765e-05]
ene_opt = [6.42585025 5.88838439 8.38676174 5.68856186 7.46912311 6.17823621
 6.54729104 5.91857258 7.41434309 1.7305263 ]
ti_comp = [0.29831041 0.34093524 0.17004305 0.36922859 0.37187678 0.31769175
 0.30851273 0.3596468  0.29833325 0.68083162]
ti_coms = [0.52415454 0.48152971 0.6524219  0.45323636 0.45058817 0.50477321
 0.51395222 0.46281816 0.52413171 0.14163333]
t_total = [100. 100. 100. 100. 100. 100. 100. 100. 100. 100.]
eta = 0.017233740888929015	num_local_rounds = 132.97404390624314	num_global_rounds = 121.58572774355731
ene_coms = [0.05241545 0.04815297 0.06524219 0.04532364 0.04505882 0.05047732
 0.05139522 0.04628182 0.05241317 0.01416333]
ene_comp = [4.23176348e-04 2.69237089e-04 3.65287397e-03 1.42155639e-03
 1.59099956e-02 3.27297609e-04 2.38722442e-03 2.32914115e-03
 8.33601654e-03 6.75148403e-05]
optimize_network_iter = 4 obj = 61.52821012494859
eta = 0.017233740888929015
freqs = [5.21536039e+08 4.29030001e+08 1.29030367e+09 7.27483125e+08
 1.62339298e+09 4.68790678e+08 9.18064901e+08 8.65180132e+08
 1.40848525e+09 2.14842324e+08]
af = 1.0335141141997324	bf = 56.270865755388314	zeta = 2.0670282283994648	eta = 0.5
af = 1.0335141141997324	bf = 56.270865755388314	zeta = 113.97448629942954	eta = 0.00906794272785334
af = 1.0335141141997324	bf = 56.270865755388314	zeta = 61.69090239696702	eta = 0.01675310417003309
af = 1.0335141141997324	bf = 56.270865755388314	zeta = 61.52786517208863	eta = 0.016797496732725476
af = 1.0335141141997324	bf = 56.270865755388314	zeta = 61.52786149468959	eta = 0.016797497736678758
eta = 0.016797497736678758
eta = 0.016797497736678758
eta = 0.016797497736678758	num_local_rounds = 133.8136019292362	num_global_rounds = 121.5317806258299
ene_coms = [0.05241545 0.04815297 0.06524219 0.04532364 0.04505882 0.05047732
 0.05139522 0.04628182 0.05241317 0.01416333]
ene_comp = [4.25848156e-04 2.70936971e-04 3.67593711e-03 1.43053167e-03
 1.60104465e-02 3.29364067e-04 2.40229663e-03 2.34384665e-03
 8.38864764e-03 6.79411087e-05]
ene_opt = [6.42189755 5.88504375 8.37574275 5.6821173  7.42185636 6.17462687
 6.53810822 5.90956334 7.38935325 1.72955209]
ti_comp = [0.2986755  0.34130033 0.17040814 0.36959368 0.37224187 0.31805683
 0.30887782 0.36001188 0.29869833 0.68119671]
ti_coms = [0.52415454 0.48152971 0.6524219  0.45323636 0.45058817 0.50477321
 0.51395222 0.46281816 0.52413171 0.14163333]
t_total = [100. 100. 100. 100. 100. 100. 100. 100. 100. 100.]
eta = 0.016797497736678758	num_local_rounds = 133.8136019292362	num_global_rounds = 121.5317806258299
ene_coms = [0.05241545 0.04815297 0.06524219 0.04532364 0.04505882 0.05047732
 0.05139522 0.04628182 0.05241317 0.01416333]
ene_comp = [4.30188869e-04 2.73782332e-04 3.70656790e-03 1.44579203e-03
 1.61814674e-02 3.32770938e-04 2.42697969e-03 2.36872522e-03
 8.47415556e-03 6.87280077e-05]
optimize_network_iter = 5 obj = 61.572021455310555
eta = 0.016797497736678758
freqs = [5.24187335e+08 4.31276939e+08 1.29566843e+09 7.31353085e+08
 1.63204036e+09 4.71208975e+08 9.22769303e+08 8.69759703e+08
 1.41564560e+09 2.16082902e+08]
af = 1.044138833266894	bf = 56.270865755388314	zeta = 2.088277666533788	eta = 0.5
af = 1.044138833266894	bf = 56.270865755388314	zeta = 113.98921528756082	eta = 0.009159979131647173
af = 1.044138833266894	bf = 56.270865755388314	zeta = 61.73642109566237	eta = 0.01691285006056588
af = 1.044138833266894	bf = 56.270865755388314	zeta = 61.57197734895644	eta = 0.01695802016149788
af = 1.044138833266894	bf = 56.270865755388314	zeta = 61.57197357427699	eta = 0.01695802120111195
eta = 0.01695802120111195
eta = 0.01695802120111195
eta = 0.01695802120111195	num_local_rounds = 133.50216287738306	num_global_rounds = 121.55162586426889
ene_coms = [0.05241545 0.04815297 0.06524219 0.04532364 0.04505882 0.05047732
 0.05139522 0.04628182 0.05241317 0.01416333]
ene_comp = [4.29187644e-04 2.73145129e-04 3.69794120e-03 1.44242708e-03
 1.61438065e-02 3.31996443e-04 2.42133112e-03 2.36321222e-03
 8.45443273e-03 6.85680495e-05]
ene_opt = [6.42335212 5.88627314 8.37978508 5.68449105 7.43927842 6.17595512
 6.54148952 5.91288224 7.39855617 1.72991072]
ti_comp = [0.29854116 0.34116599 0.1702738  0.36945934 0.37210753 0.31792249
 0.30874348 0.35987754 0.29856399 0.68106237]
ti_coms = [0.52415454 0.48152971 0.6524219  0.45323636 0.45058817 0.50477321
 0.51395222 0.46281816 0.52413171 0.14163333]
t_total = [100. 100. 100. 100. 100. 100. 100. 100. 100. 100.]
eta = 0.01695802120111195	num_local_rounds = 133.50216287738306	num_global_rounds = 121.55162586426889
ene_coms = [0.05241545 0.04815297 0.06524219 0.04532364 0.04505882 0.05047732
 0.05139522 0.04628182 0.05241317 0.01416333]
ene_comp = [4.27576727e-04 2.72089321e-04 3.68655823e-03 1.43676494e-03
 1.60803520e-02 3.30732187e-04 2.41217117e-03 2.35398117e-03
 8.42269922e-03 6.82761761e-05]
optimize_network_iter = 6 obj = 61.55558270333773
eta = 0.01695802120111195
freqs = [5.23202665e+08 4.30442609e+08 1.29367274e+09 7.29916238e+08
 1.62882977e+09 4.70310927e+08 9.21022221e+08 8.68059337e+08
 1.41298631e+09 2.15622512e+08]
af = 1.040186697488453	bf = 56.270865755388314	zeta = 2.080373394976906	eta = 0.5
af = 1.040186697488453	bf = 56.270865755388314	zeta = 113.98373646401679	eta = 0.009125746617517024
af = 1.040186697488453	bf = 56.270865755388314	zeta = 61.71950092017647	eta = 0.016853452830633792
af = 1.040186697488453	bf = 56.270865755388314	zeta = 61.555579856605874	eta = 0.01689833317973082
af = 1.040186697488453	bf = 56.270865755388314	zeta = 61.55557611827792	eta = 0.016898334205982465
eta = 0.016898334205982465
eta = 0.016898334205982465
eta = 0.016898334205982465	num_local_rounds = 133.61761874781863	num_global_rounds = 121.54424610736949
ene_coms = [0.05241545 0.04815297 0.06524219 0.04532364 0.04505882 0.05047732
 0.05139522 0.04628182 0.05241317 0.01416333]
ene_comp = [4.27946506e-04 2.72324630e-04 3.68974646e-03 1.43800749e-03
 1.60942586e-02 3.31018212e-04 2.41425727e-03 2.35601695e-03
 8.42998337e-03 6.83352230e-05]
ene_opt = [6.42281128 5.88581604 8.3782803  5.68360875 7.4328045  6.17546126
 6.54023258 5.91164871 7.3951353  1.72977739]
ti_comp = [0.29859111 0.34121594 0.17032375 0.36950929 0.37215748 0.31797244
 0.30879343 0.35992749 0.29861394 0.68111232]
ti_coms = [0.52415454 0.48152971 0.6524219  0.45323636 0.45058817 0.50477321
 0.51395222 0.46281816 0.52413171 0.14163333]
t_total = [100. 100. 100. 100. 100. 100. 100. 100. 100. 100.]
eta = 0.016898334205982465	num_local_rounds = 133.61761874781863	num_global_rounds = 121.54424610736949
ene_coms = [0.05241545 0.04815297 0.06524219 0.04532364 0.04505882 0.05047732
 0.05139522 0.04628182 0.05241317 0.01416333]
ene_comp = [4.28543605e-04 2.72715995e-04 3.69396355e-03 1.44010637e-03
 1.61177805e-02 3.31486832e-04 2.41765253e-03 2.35943876e-03
 8.44174565e-03 6.84434299e-05]
optimize_network_iter = 7 obj = 61.561651203173795
eta = 0.016898334205982465
freqs = [5.23567541e+08 4.30751798e+08 1.29441181e+09 7.30448729e+08
 1.63001961e+09 4.70643717e+08 9.21669627e+08 8.68689480e+08
 1.41397173e+09 2.15793161e+08]
af = 1.0416503336113478	bf = 56.270865755388314	zeta = 2.0833006672226957	eta = 0.5
af = 1.0416503336113478	bf = 56.270865755388314	zeta = 113.98576549452069	eta = 0.009138424689189985
af = 1.0416503336113478	bf = 56.270865755388314	zeta = 61.72576875423271	eta = 0.01687545339060551
af = 1.0416503336113478	bf = 56.270865755388314	zeta = 61.56165404975152	eta = 0.016920440974011682
af = 1.0416503336113478	bf = 56.270865755388314	zeta = 61.56165029798401	eta = 0.016920442005198474
eta = 0.016920442005198474
eta = 0.016920442005198474
eta = 0.016920442005198474	num_local_rounds = 133.57480692245736	num_global_rounds = 121.54697943222297
ene_coms = [0.05241545 0.04815297 0.06524219 0.04532364 0.04505882 0.05047732
 0.05139522 0.04628182 0.05241317 0.01416333]
ene_comp = [4.28406297e-04 2.72628615e-04 3.69277998e-03 1.43964496e-03
 1.61126163e-02 3.31380621e-04 2.41687790e-03 2.35868278e-03
 8.43904087e-03 6.84215002e-05]
ene_opt = [6.42301161 5.88598535 8.37883743 5.6839356  7.43520297 6.17564418
 6.54069819 5.91210568 7.39640251 1.72982678]
ti_comp = [0.29857261 0.34119744 0.17030525 0.36949079 0.37213898 0.31795394
 0.30877493 0.35990899 0.29859544 0.68109382]
ti_coms = [0.52415454 0.48152971 0.6524219  0.45323636 0.45058817 0.50477321
 0.51395222 0.46281816 0.52413171 0.14163333]
t_total = [100. 100. 100. 100. 100. 100. 100. 100. 100. 100.]
eta = 0.016920442005198474	num_local_rounds = 133.57480692245736	num_global_rounds = 121.54697943222297
ene_coms = [0.05241545 0.04815297 0.06524219 0.04532364 0.04505882 0.05047732
 0.05139522 0.04628182 0.05241317 0.01416333]
ene_comp = [4.28184875e-04 2.72483489e-04 3.69121588e-03 1.43886665e-03
 1.61038940e-02 3.31206845e-04 2.41561885e-03 2.35741391e-03
 8.43467907e-03 6.83813770e-05]
optimize_network_iter = 8 obj = 61.559397436544764
eta = 0.016920442005198474
freqs = [5.23432221e+08 4.30637133e+08 1.29413765e+09 7.30251254e+08
 1.62957835e+09 4.70520298e+08 9.21429528e+08 8.68455790e+08
 1.41360627e+09 2.15729879e+08]
af = 1.0411074025908658	bf = 56.270865755388314	zeta = 2.0822148051817315	eta = 0.5
af = 1.0411074025908658	bf = 56.270865755388314	zeta = 113.98501283230853	eta = 0.00913372185273614
af = 1.0411074025908658	bf = 56.270865755388314	zeta = 61.72344394252537	eta = 0.01686729281600533
af = 1.0411074025908658	bf = 56.270865755388314	zeta = 61.55940105887217	eta = 0.016912240611230207
af = 1.0411074025908658	bf = 56.270865755388314	zeta = 61.55939731209316	eta = 0.016912241640584472
eta = 0.016912241640584472
eta = 0.016912241640584472
eta = 0.016912241640584472	num_local_rounds = 133.59068042562845	num_global_rounds = 121.54596555574999
ene_coms = [0.05241545 0.04815297 0.06524219 0.04532364 0.04505882 0.05047732
 0.05139522 0.04628182 0.05241317 0.01416333]
ene_comp = [4.28235759e-04 2.72515870e-04 3.69165452e-03 1.43903764e-03
 1.61058077e-02 3.31246205e-04 2.41590591e-03 2.35769406e-03
 8.43568142e-03 6.83895032e-05]
ene_opt = [6.4229373  5.88592255 8.37863074 5.68381437 7.43431339 6.17557633
 6.54052549 5.91193619 7.39593249 1.72980846]
ti_comp = [0.29857947 0.3412043  0.17031211 0.36949765 0.37214584 0.31796081
 0.30878179 0.35991586 0.29860231 0.68110068]
ti_coms = [0.52415454 0.48152971 0.6524219  0.45323636 0.45058817 0.50477321
 0.51395222 0.46281816 0.52413171 0.14163333]
t_total = [100. 100. 100. 100. 100. 100. 100. 100. 100. 100.]
eta = 0.016912241640584472	num_local_rounds = 133.59068042562845	num_global_rounds = 121.54596555574999
ene_coms = [0.05241545 0.04815297 0.06524219 0.04532364 0.04505882 0.05047732
 0.05139522 0.04628182 0.05241317 0.01416333]
ene_comp = [4.28317855e-04 2.72569678e-04 3.69223440e-03 1.43932621e-03
 1.61090417e-02 3.31310635e-04 2.41637272e-03 2.35816452e-03
 8.43729862e-03 6.84043799e-05]
optimize_network_iter = 9 obj = 61.56023258957005
eta = 0.016912241640584472
freqs = [5.23482391e+08 4.30679646e+08 1.29423929e+09 7.30324469e+08
 1.62974195e+09 4.70566056e+08 9.21518545e+08 8.68542432e+08
 1.41374176e+09 2.15753342e+08]
af = 1.0413086790395223	bf = 56.270865755388314	zeta = 2.0826173580790446	eta = 0.5
af = 1.0413086790395223	bf = 56.270865755388314	zeta = 113.98529186071433	eta = 0.0091354653046988
af = 1.0413086790395223	bf = 56.270865755388314	zeta = 61.724305831624505	eta = 0.01687031818357051
af = 1.0413086790395223	bf = 56.270865755388314	zeta = 61.56023632108871	eta = 0.016915280727777208
af = 1.0413086790395223	bf = 56.270865755388314	zeta = 61.56023257246079	eta = 0.016915281757810572
eta = 0.016915281757810572
eta = 0.016915281757810572
eta = 0.016915281757810572	num_local_rounds = 133.58479475183992	num_global_rounds = 121.5463414277138
ene_coms = [0.05241545 0.04815297 0.06524219 0.04532364 0.04505882 0.05047732
 0.05139522 0.04628182 0.05241317 0.01416333]
ene_comp = [4.28298984e-04 2.72557669e-04 3.69207173e-03 1.43926280e-03
 1.61083319e-02 3.31296038e-04 2.41626626e-03 2.35806062e-03
 8.43692689e-03 6.84013662e-05]
ene_opt = [6.42296485 5.88594584 8.37870736 5.68385931 7.4346432  6.17560148
 6.54058952 5.91199902 7.39610674 1.72981525]
ti_comp = [0.29857693 0.34120176 0.17030956 0.3694951  0.3721433  0.31795826
 0.30877925 0.35991331 0.29859976 0.68109814]
ti_coms = [0.52415454 0.48152971 0.6524219  0.45323636 0.45058817 0.50477321
 0.51395222 0.46281816 0.52413171 0.14163333]
t_total = [100. 100. 100. 100. 100. 100. 100. 100. 100. 100.]
eta = 0.016915281757810572	num_local_rounds = 133.58479475183992	num_global_rounds = 121.5463414277138
ene_coms = [0.05241545 0.04815297 0.06524219 0.04532364 0.04505882 0.05047732
 0.05139522 0.04628182 0.05241317 0.01416333]
ene_comp = [4.28268544e-04 2.72537718e-04 3.69185671e-03 1.43915580e-03
 1.61071328e-02 3.31272148e-04 2.41609317e-03 2.35788618e-03
 8.43632725e-03 6.83958501e-05]
optimize_network_iter = 10 obj = 61.55992285983965
eta = 0.016915281757810572
freqs = [5.23463788e+08 4.30663882e+08 1.29420160e+09 7.30297322e+08
 1.62968129e+09 4.70549089e+08 9.21485538e+08 8.68510306e+08
 1.41369152e+09 2.15744642e+08]
Done!
optimize_network_fake num_local_rounds = 133.58479475183992	num_global_rounds = 121.5463414277138
