v = 22.697160301531774
a = 119.49035081583298
xs = [  6.0943416  -20.79968212  15.00902392  18.81129433 -39.02070377
 -26.04359014   2.55680806  -6.32485185  -0.33602315 -17.06087855]
ys = [ 17.5879595   15.55583871   1.32061395  22.54482414   9.35018685
 -17.18584926   7.37501568 -19.17765202  17.56900603  -0.99851822]
dists_uav = [101.71763524 103.31800857 101.12870423 104.22156154 107.7499017
 104.75505717 100.304178   102.01855757 101.5321766  101.44984286]
dists_bs = [239.94522511 221.81113273 257.42563646 246.58750669 214.31339109
 243.15306433 244.18139867 257.20860434 235.14255819 236.47461703]
uav_gains = [2.41538619e-10 2.33019676e-10 2.44786188e-10 2.28399261e-10
 2.11561448e-10 2.25732662e-10 2.49439129e-10 2.39903048e-10
 2.42554600e-10 2.43007608e-10]
bs_gains = [5.96131888e-11 7.37038270e-11 4.93043467e-11 5.53762023e-11
 8.08745586e-11 5.75134922e-11 5.68618647e-11 4.94167551e-11
 6.29579692e-11 6.20050158e-11]
cp_ene = [0.00351   0.001188  0.0198    0.0005454 0.0021792 0.00084   0.0143775
 0.0101088 0.0008532 0.0033   ]
cp_time = [0.0351  0.055   0.02475 0.202   0.3405  0.0672  0.0426  0.0585  0.316
 0.033  ]
decs = [1 0 1 0 0 1 1 0 1 0]
co_time = [0.19750858 0.33333136 0.19627538 0.43038197 0.31489771 0.21772271
 0.17596039 0.46582103 0.2828297  0.4317771 ]
co_ene = [0.01580069 0.03333314 0.01570203 0.03873438 0.03148977 0.01524059
 0.01759604 0.04192389 0.01131319 0.03454217]
opt_as = [0.34823714 0.34823714 0.34823714 0.34823714 0.34823714 0.34823714
 0.34823714 0.34823714 0.34823714 0.34823714]
opt_bs = [60.38465474 18.42595674 61.19654706 13.84405057 20.21863965 56.43316557
 62.35978228 12.35418879 60.63865009 15.50125395]
opt_cs = [4.61262982e+07 4.33666052e+07 6.50499078e+07 7.96368568e+07
 1.78985807e+08 4.41550889e+07 8.39735173e+07 9.22525965e+07
 1.24580429e+08 4.33666052e+07]
opt_tau = 0.5858213614912636
NewtonOptim USER = 0
hessian_dual x = [1 1]
hess = [[1.56762791e-02 0.00000000e+00 3.48237144e-01]
 [0.00000000e+00 2.76757789e-20 4.61262982e+07]
 [3.48237144e-01 4.61262982e+07 0.00000000e+00]]
eq_constraints = 46126298.001387626
r = [3.42470163e-01 4.61262982e+07 4.61262980e+07]
backtracking_line_search x = [1 1]	dir_x = [ 0.36787945 -1.        ]
eq_constraints = 46126298.001387626
r = [3.42470163e-01 4.61262982e+07 4.61262980e+07]
eq_constraints = -1.5788376162007012e-09
r = [-2.54516348e-03 -6.90049736e+05 -1.57883762e-09]
r_dual_new = 690049.7355536283 r_dual = 65232436.38362278
backtracking_line_search terminate!
backtracking_line_search step_size = 1
iter = 0 x = [1.36787945e+00 2.37337339e-09] dir_x = [ 0.36787945 -1.        ]
iter = 0 v = [0.] dir_v = [-1.]
eq_constraints = -1.5788376162007012e-09
eq_constraints = -1.5788376162007012e-09
r = [-2.54516348e-03 -6.90049736e+05 -1.57883762e-09]
equality_satisfied = True	norm_residual = 690049.7355536283
hessian_dual x = [1.36787945e+00 2.37337339e-09]
hess = [[4.68058070e-03 0.00000000e+00 3.48237144e-01]
 [0.00000000e+00 8.72239159e+14 4.61262982e+07]
 [3.48237144e-01 4.61262982e+07 0.00000000e+00]]
eq_constraints = -1.5788376162007012e-09
r = [-2.54516348e-03 -6.90049736e+05 -1.57883762e-09]
backtracking_line_search x = [1.36787945e+00 2.37337339e-09]	dir_x = [-4.89830249e-02  3.69804448e-10]
eq_constraints = -1.5788376162007012e-09
r = [-2.54516348e-03 -6.90049736e+05 -1.57883762e-09]
eq_constraints = 1.1102230246251565e-16
r = [-1.62686940e-05 -7.94147245e+04  1.11022302e-16]
r_dual_new = 79414.7245064358 r_dual = 690049.7355536283
backtracking_line_search terminate!
backtracking_line_search step_size = 1
iter = 1 x = [1.31889642e+00 2.74317783e-09] dir_x = [-4.89830249e-02  3.69804448e-10]
iter = 1 v = [0.00796708] dir_v = [0.00796708]
eq_constraints = 1.1102230246251565e-16
eq_constraints = 1.1102230246251565e-16
r = [-1.62686940e-05 -7.94147245e+04  1.11022302e-16]
equality_satisfied = True	norm_residual = 79414.7245064358
hessian_dual x = [1.31889642e+00 2.74317783e-09]
hess = [[5.36540739e-03 0.00000000e+00 3.48237144e-01]
 [0.00000000e+00 4.88746884e+14 4.61262982e+07]
 [3.48237144e-01 4.61262982e+07 0.00000000e+00]]
eq_constraints = 1.1102230246251565e-16
r = [-1.62686940e-05 -7.94147245e+04  1.11022302e-16]
backtracking_line_search x = [1.31889642e+00 2.74317783e-09]	dir_x = [-1.75568631e-02  1.32548071e-10]
eq_constraints = 1.1102230246251565e-16
r = [-1.62686940e-05 -7.94147245e+04  1.11022302e-16]
eq_constraints = 0.0
r = [-2.40927542e-06 -5.79052055e+03  0.00000000e+00]
r_dual_new = 5790.52055367321 r_dual = 79414.7245064358
backtracking_line_search terminate!
backtracking_line_search step_size = 1
iter = 2 x = [1.30133956e+00 2.87572591e-09] dir_x = [-1.75568631e-02  1.32548071e-10]
iter = 2 v = [0.0082843] dir_v = [0.00031722]
eq_constraints = 0.0
eq_constraints = 0.0
r = [-2.40927542e-06 -5.79052055e+03  0.00000000e+00]
equality_satisfied = True	norm_residual = 5790.52055367321
hessian_dual x = [1.30133956e+00 2.87572591e-09]
hess = [[5.64293961e-03 0.00000000e+00 3.48237144e-01]
 [0.00000000e+00 4.04678279e+14 4.61262982e+07]
 [3.48237144e-01 4.61262982e+07 0.00000000e+00]]
eq_constraints = 0.0
r = [-2.40927542e-06 -5.79052055e+03  0.00000000e+00]
backtracking_line_search x = [1.30133956e+00 2.87572591e-09]	dir_x = [-1.43884849e-03  1.08627943e-11]
eq_constraints = 0.0
r = [-2.40927542e-06 -5.79052055e+03  0.00000000e+00]
eq_constraints = -1.1102230246251565e-16
r = [-1.69462224e-08 -3.30026030e+01 -1.11022302e-16]
r_dual_new = 33.0026029565488 r_dual = 5790.52055367321
backtracking_line_search terminate!
backtracking_line_search step_size = 1
iter = 3 x = [1.29990071e+00 2.88658870e-09] dir_x = [-1.43884849e-03  1.08627943e-11]
iter = 3 v = [0.00831453] dir_v = [3.02340252e-05]
eq_constraints = -1.1102230246251565e-16
eq_constraints = -1.1102230246251565e-16
r = [-1.69462224e-08 -3.30026030e+01 -1.11022302e-16]
equality_satisfied = True	norm_residual = 33.0026029565488
hessian_dual x = [1.29990071e+00 2.88658870e-09]
hess = [[5.66651649e-03 0.00000000e+00 3.48237144e-01]
 [0.00000000e+00 3.98621046e+14 4.61262982e+07]
 [3.48237144e-01 4.61262982e+07 0.00000000e+00]]
eq_constraints = -1.1102230246251565e-16
r = [-1.69462224e-08 -3.30026030e+01 -1.11022302e-16]
backtracking_line_search x = [1.29990071e+00 2.88658870e-09]	dir_x = [-8.18027826e-06  6.17581910e-14]
eq_constraints = -1.1102230246251565e-16
r = [-1.69462224e-08 -3.30026030e+01 -1.11022302e-16]
eq_constraints = 0.0
r = [-5.49764227e-13 -1.05336512e-03  0.00000000e+00]
r_dual_new = 0.0010533651220612228 r_dual = 33.0026029565488
backtracking_line_search terminate!
backtracking_line_search step_size = 1
iter = 4 x = [1.29989253e+00 2.88665046e-09] dir_x = [-8.18027826e-06  6.17581910e-14]
iter = 4 v = [0.00831472] dir_v = [1.81772408e-07]
eq_constraints = 0.0
eq_constraints = 0.0
r = [-5.49764227e-13 -1.05336512e-03  0.00000000e+00]
equality_satisfied = True	norm_residual = 0.0010533651220612228
hessian_dual x = [1.29989253e+00 2.88665046e-09]
hess = [[5.66665090e-03 0.00000000e+00 3.48237144e-01]
 [0.00000000e+00 3.98586934e+14 4.61262982e+07]
 [3.48237144e-01 4.61262982e+07 0.00000000e+00]]
eq_constraints = 0.0
r = [-5.49764227e-13 -1.05336512e-03  0.00000000e+00]
backtracking_line_search x = [1.29989253e+00 2.88665046e-09]	dir_x = [-2.60798934e-10  1.96893918e-18]
eq_constraints = 0.0
r = [-5.49764227e-13 -1.05336512e-03  0.00000000e+00]
eq_constraints = 1.1102230246251565e-16
r = [4.33680869e-19 0.00000000e+00 1.11022302e-16]
r_dual_new = 1.1102314949223176e-16 r_dual = 0.0010533651220612228
backtracking_line_search terminate!
backtracking_line_search step_size = 1
iter = 5 x = [1.29989253e+00 2.88665046e-09] dir_x = [-2.60798934e-10  1.96893918e-18]
iter = 5 v = [0.00831472] dir_v = [5.82252864e-12]
eq_constraints = 1.1102230246251565e-16
eq_constraints = 1.1102230246251565e-16
r = [4.33680869e-19 0.00000000e+00 1.11022302e-16]
equality_satisfied = True	norm_residual = 1.1102314949223176e-16
iter = 5 converged!
NewtonOptim USER = 1
hessian_dual x = [1 1]
hess = [[5.13735440e-02 0.00000000e+00 3.48237144e-01]
 [0.00000000e+00 2.60199631e-20 4.33666052e+07]
 [3.48237144e-01 4.33666052e+07 0.00000000e+00]]
eq_constraints = 43366604.94435512
r = [3.29337873e-01 4.33666052e+07 4.33666049e+07]
backtracking_line_search x = [1 1]	dir_x = [ 0.36787945 -1.        ]
eq_constraints = 43366604.94435512
r = [3.29337873e-01 4.33666052e+07 4.33666049e+07]
eq_constraints = 6.44759468038103e-10
r = [-8.34088661e-03 -5.39147613e+05  6.44759468e-10]
r_dual_new = 539147.6131651852 r_dual = 61329641.03438055
backtracking_line_search terminate!
backtracking_line_search step_size = 1
iter = 0 x = [1.36787945e+00 2.52440624e-09] dir_x = [ 0.36787945 -1.        ]
iter = 0 v = [0.] dir_v = [-1.]
eq_constraints = 6.44759468038103e-10
eq_constraints = 6.44759468038103e-10
r = [-8.34088661e-03 -5.39147613e+05  6.44759468e-10]
equality_satisfied = True	norm_residual = 539147.6131651852
hessian_dual x = [1.36787945e+00 2.52440624e-09]
hess = [[1.53389725e-02 0.00000000e+00 3.48237144e-01]
 [0.00000000e+00 6.40722089e+14 4.33666052e+07]
 [3.48237144e-01 4.33666052e+07 0.00000000e+00]]
eq_constraints = 6.44759468038103e-10
r = [-8.34088661e-03 -5.39147613e+05  6.44759468e-10]
backtracking_line_search x = [1.36787945e+00 2.52440624e-09]	dir_x = [ 7.08067129e-02 -5.68583314e-10]
eq_constraints = 6.44759468038103e-10
r = [-8.34088661e-03 -5.39147613e+05  6.44759468e-10]
eq_constraints = 0.0
r = [-9.66205032e-05 -2.55851136e+05  0.00000000e+00]
r_dual_new = 255851.13625443226 r_dual = 539147.6131651852
backtracking_line_search terminate!
backtracking_line_search step_size = 1
iter = 1 x = [1.43868617e+00 1.95582293e-09] dir_x = [ 7.08067129e-02 -5.68583314e-10]
iter = 1 v = [0.02083289] dir_v = [0.02083289]
eq_constraints = 0.0
eq_constraints = 0.0
r = [-9.66205032e-05 -2.55851136e+05  0.00000000e+00]
equality_satisfied = True	norm_residual = 255851.13625443226
hessian_dual x = [1.43868617e+00 1.95582293e-09]
hess = [[1.27179072e-02 0.00000000e+00 3.48237144e-01]
 [0.00000000e+00 1.77823251e+15 4.33666052e+07]
 [3.48237144e-01 4.33666052e+07 0.00000000e+00]]
eq_constraints = 0.0
r = [-9.66205032e-05 -2.55851136e+05  0.00000000e+00]
backtracking_line_search x = [1.43868617e+00 1.95582293e-09]	dir_x = [-1.53701609e-02  1.23423563e-10]
eq_constraints = 0.0
r = [-9.66205032e-05 -2.55851136e+05  0.00000000e+00]
eq_constraints = 0.0
r = [-3.92653457e-06 -2.50402396e+04  0.00000000e+00]
r_dual_new = 25040.239598031156 r_dual = 255851.13625443226
backtracking_line_search terminate!
backtracking_line_search step_size = 1
iter = 2 x = [1.42331601e+00 2.07924649e-09] dir_x = [-1.53701609e-02  1.23423563e-10]
iter = 2 v = [0.02167167] dir_v = [0.00083879]
eq_constraints = 0.0
eq_constraints = 0.0
r = [-3.92653457e-06 -2.50402396e+04  0.00000000e+00]
equality_satisfied = True	norm_residual = 25040.239598031156
hessian_dual x = [1.42331601e+00 2.07924649e-09]
hess = [[1.32333466e-02 0.00000000e+00 3.48237144e-01]
 [0.00000000e+00 1.39213954e+15 4.33666052e+07]
 [3.48237144e-01 4.33666052e+07 0.00000000e+00]]
eq_constraints = 0.0
r = [-3.92653457e-06 -2.50402396e+04  0.00000000e+00]
backtracking_line_search x = [1.42331601e+00 2.07924649e-09]	dir_x = [-1.91403594e-03  1.53698544e-11]
eq_constraints = 0.0
r = [-3.92653457e-06 -2.50402396e+04  0.00000000e+00]
eq_constraints = -1.1102230246251565e-16
r = [-6.31970568e-08 -3.12479822e+02 -1.11022302e-16]
r_dual_new = 312.47982212284114 r_dual = 25040.239598031156
backtracking_line_search terminate!
backtracking_line_search step_size = 1
iter = 3 x = [1.42140197e+00 2.09461634e-09] dir_x = [-1.91403594e-03  1.53698544e-11]
iter = 3 v = [0.02175568] dir_v = [8.40106696e-05]
eq_constraints = -1.1102230246251565e-16
eq_constraints = -1.1102230246251565e-16
r = [-6.31970568e-08 -3.12479822e+02 -1.11022302e-16]
equality_satisfied = True	norm_residual = 312.47982212284114
hessian_dual x = [1.42140197e+00 2.09461634e-09]
hess = [[1.32994546e-02 0.00000000e+00 3.48237144e-01]
 [0.00000000e+00 1.35172618e+15 4.33666052e+07]
 [3.48237144e-01 4.33666052e+07 0.00000000e+00]]
eq_constraints = -1.1102230246251565e-16
r = [-6.31970568e-08 -3.12479822e+02 -1.11022302e-16]
backtracking_line_search x = [1.42140197e+00 2.09461634e-09]	dir_x = [-2.43479997e-05  1.95516293e-13]
eq_constraints = -1.1102230246251565e-16
r = [-6.31970568e-08 -3.12479822e+02 -1.11022302e-16]
eq_constraints = 1.1102230246251565e-16
r = [-1.02716828e-11 -4.93301667e-02  1.11022302e-16]
r_dual_new = 0.049330166657455266 r_dual = 312.47982212284114
backtracking_line_search terminate!
backtracking_line_search step_size = 1
iter = 4 x = [1.42137762e+00 2.09481186e-09] dir_x = [-2.43479997e-05  1.95516293e-13]
iter = 4 v = [0.02175679] dir_v = [1.11134662e-06]
eq_constraints = 1.1102230246251565e-16
eq_constraints = 1.1102230246251565e-16
r = [-1.02716828e-11 -4.93301667e-02  1.11022302e-16]
equality_satisfied = True	norm_residual = 0.049330166657455266
hessian_dual x = [1.42137762e+00 2.09481186e-09]
hess = [[1.33002983e-02 0.00000000e+00 3.48237144e-01]
 [0.00000000e+00 1.35122161e+15 4.33666052e+07]
 [3.48237144e-01 4.33666052e+07 0.00000000e+00]]
eq_constraints = 1.1102230246251565e-16
r = [-1.02716828e-11 -4.93301667e-02  1.11022302e-16]
backtracking_line_search x = [1.42137762e+00 2.09481186e-09]	dir_x = [-3.84201518e-09  3.08516720e-17]
eq_constraints = 1.1102230246251565e-16
r = [-1.02716828e-11 -4.93301667e-02  1.11022302e-16]
eq_constraints = 0.0
r = [ 0.00000000e+00 -1.28056854e-09  0.00000000e+00]
r_dual_new = 1.280568540096283e-09 r_dual = 0.049330166657455266
backtracking_line_search terminate!
backtracking_line_search step_size = 1
iter = 5 x = [1.42137762e+00 2.09481189e-09] dir_x = [-3.84201518e-09  3.08516720e-17]
iter = 5 v = [0.02175679] dir_v = [1.76235166e-10]
eq_constraints = 0.0
eq_constraints = 0.0
r = [ 0.00000000e+00 -1.28056854e-09  0.00000000e+00]
equality_satisfied = True	norm_residual = 1.280568540096283e-09
iter = 5 converged!
NewtonOptim USER = 2
hessian_dual x = [1 1]
hess = [[1.54683025e-02 0.00000000e+00 3.48237144e-01]
 [0.00000000e+00 3.90299447e-20 6.50499078e+07]
 [3.48237144e-01 6.50499078e+07 0.00000000e+00]]
eq_constraints = 65049907.5353248
r = [3.42546673e-01 6.50499078e+07 6.50499075e+07]
backtracking_line_search x = [1 1]	dir_x = [ 0.36787944 -1.        ]
eq_constraints = 65049907.5353248
r = [3.42546673e-01 6.50499078e+07 6.50499075e+07]
eq_constraints = 1.930964610430408e-09
r = [-2.51139690e-03 -2.72943443e+06  1.93096461e-09]
r_dual_new = 2729434.4315306707 r_dual = 91994461.63556953
backtracking_line_search terminate!
backtracking_line_search step_size = 1
iter = 0 x = [1.36787944e+00 1.68293757e-09] dir_x = [ 0.36787944 -1.        ]
iter = 0 v = [0.] dir_v = [-1.]
eq_constraints = 1.930964610430408e-09
eq_constraints = 1.930964610430408e-09
r = [-2.51139690e-03 -2.72943443e+06  1.93096461e-09]
equality_satisfied = True	norm_residual = 2729434.4315306707
hessian_dual x = [1.36787944e+00 1.68293757e-09]
hess = [[4.61848366e-03 0.00000000e+00 3.48237144e-01]
 [0.00000000e+00 4.86548251e+15 6.50499078e+07]
 [3.48237144e-01 6.50499078e+07 0.00000000e+00]]
eq_constraints = 1.930964610430408e-09
r = [-2.51139690e-03 -2.72943443e+06  1.93096461e-09]
backtracking_line_search x = [1.36787944e+00 1.68293757e-09]	dir_x = [-8.39967199e-02  4.49666677e-10]
eq_constraints = 1.930964610430408e-09
r = [-2.51139690e-03 -2.72943443e+06  1.93096461e-09]
eq_constraints = 0.0
r = [-4.93835364e-05 -7.99772532e+05  0.00000000e+00]
r_dual_new = 799772.5323347745 r_dual = 2729434.4315306707
backtracking_line_search terminate!
backtracking_line_search step_size = 1
iter = 1 x = [1.28388272e+00 2.13260424e-09] dir_x = [-8.39967199e-02  4.49666677e-10]
iter = 1 v = [0.00832575] dir_v = [0.00832575]
eq_constraints = 0.0
eq_constraints = 0.0
r = [-4.93835364e-05 -7.99772532e+05  0.00000000e+00]
equality_satisfied = True	norm_residual = 799772.5323347745
hessian_dual x = [1.28388272e+00 2.13260424e-09]
hess = [[5.85920352e-03 0.00000000e+00 3.48237144e-01]
 [0.00000000e+00 1.88693465e+15 6.50499078e+07]
 [3.48237144e-01 6.50499078e+07 0.00000000e+00]]
eq_constraints = 0.0
r = [-4.93835364e-05 -7.99772532e+05  0.00000000e+00]
backtracking_line_search x = [1.28388272e+00 2.13260424e-09]	dir_x = [-7.0610020e-02  3.7800256e-10]
eq_constraints = 0.0
r = [-4.93835364e-05 -7.99772532e+05  0.00000000e+00]
eq_constraints = 0.0
r = [-4.72828280e-05 -1.94034667e+05  0.00000000e+00]
r_dual_new = 194034.66688392148 r_dual = 799772.5323347745
backtracking_line_search terminate!
backtracking_line_search step_size = 1
iter = 2 x = [1.2132727e+00 2.5106068e-09] dir_x = [-7.0610020e-02  3.7800256e-10]
iter = 2 v = [0.00965559] dir_v = [0.00132985]
eq_constraints = 0.0
eq_constraints = 0.0
r = [-4.72828280e-05 -1.94034667e+05  0.00000000e+00]
equality_satisfied = True	norm_residual = 194034.66688392148
hessian_dual x = [1.2132727e+00 2.5106068e-09]
hess = [[7.26483563e-03 0.00000000e+00 3.48237144e-01]
 [0.00000000e+00 9.82388182e+14 6.50499078e+07]
 [3.48237144e-01 6.50499078e+07 0.00000000e+00]]
eq_constraints = 0.0
r = [-4.72828280e-05 -1.94034667e+05  0.00000000e+00]
backtracking_line_search x = [1.2132727e+00 2.5106068e-09]	dir_x = [-2.79924384e-02  1.49854275e-10]
eq_constraints = 0.0
r = [-4.72828280e-05 -1.94034667e+05  0.00000000e+00]
eq_constraints = 0.0
r = [-9.33209614e-06 -1.59702155e+04  0.00000000e+00]
r_dual_new = 15970.215495834593 r_dual = 194034.66688392148
backtracking_line_search terminate!
backtracking_line_search step_size = 1
iter = 3 x = [1.18528026e+00 2.66046108e-09] dir_x = [-2.79924384e-02  1.49854275e-10]
iter = 3 v = [0.01037534] dir_v = [0.00071975]
eq_constraints = 0.0
eq_constraints = 0.0
r = [-9.33209614e-06 -1.59702155e+04  0.00000000e+00]
equality_satisfied = True	norm_residual = 15970.215495834593
hessian_dual x = [1.18528026e+00 2.66046108e-09]
hess = [[7.94495768e-03 0.00000000e+00 3.48237144e-01]
 [0.00000000e+00 7.79058905e+14 6.50499078e+07]
 [3.48237144e-01 6.50499078e+07 0.00000000e+00]]
eq_constraints = 0.0
r = [-9.33209614e-06 -1.59702155e+04  0.00000000e+00]
backtracking_line_search x = [1.18528026e+00 2.66046108e-09]	dir_x = [-2.51595965e-03  1.34688984e-11]
eq_constraints = 0.0
r = [-9.33209614e-06 -1.59702155e+04  0.00000000e+00]
eq_constraints = 0.0
r = [-8.18377372e-08 -1.05355063e+02  0.00000000e+00]
r_dual_new = 105.35506310500205 r_dual = 15970.215495834593
backtracking_line_search terminate!
backtracking_line_search step_size = 1
iter = 4 x = [1.18276431e+00 2.67392998e-09] dir_x = [-2.51595965e-03  1.34688984e-11]
iter = 4 v = [0.01045954] dir_v = [8.41992005e-05]
eq_constraints = 0.0
eq_constraints = 0.0
r = [-8.18377372e-08 -1.05355063e+02  0.00000000e+00]
equality_satisfied = True	norm_residual = 105.35506310500205
hessian_dual x = [1.18276431e+00 2.67392998e-09]
hess = [[8.01012946e-03 0.00000000e+00 3.48237144e-01]
 [0.00000000e+00 7.63480263e+14 6.50499078e+07]
 [3.48237144e-01 6.50499078e+07 0.00000000e+00]]
eq_constraints = 0.0
r = [-8.18377372e-08 -1.05355063e+02  0.00000000e+00]
backtracking_line_search x = [1.18276431e+00 2.67392998e-09]	dir_x = [-1.61311594e-05  8.63562929e-14]
eq_constraints = 0.0
r = [-8.18377372e-08 -1.05355063e+02  0.00000000e+00]
eq_constraints = 1.1102230246251565e-16
r = [-3.38846269e-12 -4.25835978e-03  1.11022302e-16]
r_dual_new = 0.004258359782397747 r_dual = 105.35506310500205
backtracking_line_search terminate!
backtracking_line_search step_size = 1
iter = 5 x = [1.18274817e+00 2.67401633e-09] dir_x = [-1.61311594e-05  8.63562929e-14]
iter = 5 v = [0.01046015] dir_v = [6.06053709e-07]
eq_constraints = 1.1102230246251565e-16
eq_constraints = 1.1102230246251565e-16
r = [-3.38846269e-12 -4.25835978e-03  1.11022302e-16]
equality_satisfied = True	norm_residual = 0.004258359782397747
hessian_dual x = [1.18274817e+00 2.67401633e-09]
hess = [[8.01054958e-03 0.00000000e+00 3.48237144e-01]
 [0.00000000e+00 7.63381643e+14 6.50499078e+07]
 [3.48237144e-01 6.50499078e+07 0.00000000e+00]]
eq_constraints = 1.1102230246251565e-16
r = [-3.38846269e-12 -4.25835978e-03  1.11022302e-16]
backtracking_line_search x = [1.18274817e+00 2.67401633e-09]	dir_x = [-6.49361633e-10  3.47628055e-18]
eq_constraints = 1.1102230246251565e-16
r = [-3.38846269e-12 -4.25835978e-03  1.11022302e-16]
eq_constraints = -1.1102230246251565e-16
r = [ 4.33680869e-19  1.16415322e-10 -1.11022302e-16]
r_dual_new = 1.1641532182698775e-10 r_dual = 0.004258359782397747
backtracking_line_search terminate!
backtracking_line_search step_size = 1
iter = 6 x = [1.18274817e+00 2.67401634e-09] dir_x = [-6.49361633e-10  3.47628055e-18]
iter = 6 v = [0.01046015] dir_v = [2.4667691e-11]
eq_constraints = -1.1102230246251565e-16
eq_constraints = -1.1102230246251565e-16
r = [ 4.33680869e-19  1.16415322e-10 -1.11022302e-16]
equality_satisfied = True	norm_residual = 1.1641532182698775e-10
iter = 6 converged!
NewtonOptim USER = 3
hessian_dual x = [1 1]
hess = [[6.83764260e-02 0.00000000e+00 3.48237144e-01]
 [0.00000000e+00 4.77821141e-20 7.96368568e+07]
 [3.48237144e-01 7.96368568e+07 0.00000000e+00]]
eq_constraints = 79636856.55106804
r = [3.23082862e-01 7.96368568e+07 7.96368566e+07]
backtracking_line_search x = [1 1]	dir_x = [ 0.36787945 -1.        ]
eq_constraints = 79636856.55106804
r = [3.23082862e-01 7.96368568e+07 7.96368566e+07]
eq_constraints = 2.048987757241605e-09
r = [-1.11014343e-02 -6.13115627e+06  2.04898776e-09]
r_dual_new = 6131156.270139767 r_dual = 112623522.76727849
backtracking_line_search terminate!
backtracking_line_search step_size = 1
iter = 0 x = [1.36787945e+00 1.37467671e-09] dir_x = [ 0.36787945 -1.        ]
iter = 0 v = [0.] dir_v = [-1.]
eq_constraints = 2.048987757241605e-09
eq_constraints = 2.048987757241605e-09
r = [-1.11014343e-02 -6.13115627e+06  2.04898776e-09]
equality_satisfied = True	norm_residual = 6131156.270139767
hessian_dual x = [1.36787945e+00 1.37467671e-09]
hess = [[2.04156469e-02 0.00000000e+00 3.48237144e-01]
 [0.00000000e+00 1.33802142e+16 7.96368568e+07]
 [3.48237144e-01 7.96368568e+07 0.00000000e+00]]
eq_constraints = 2.048987757241605e-09
r = [-1.11014343e-02 -6.13115627e+06  2.04898776e-09]
backtracking_line_search x = [1.36787945e+00 1.37467671e-09]	dir_x = [-5.68618830e-02  2.48646399e-10]
eq_constraints = 2.048987757241605e-09
r = [-1.11014343e-02 -6.13115627e+06  2.04898776e-09]
eq_constraints = 0.0
r = [-9.65854906e-05 -9.19095807e+05  0.00000000e+00]
r_dual_new = 919095.8067557975 r_dual = 6131156.270139767
backtracking_line_search terminate!
backtracking_line_search step_size = 1
iter = 1 x = [1.31101756e+00 1.62332310e-09] dir_x = [-5.68618830e-02  2.48646399e-10]
iter = 1 v = [0.03521252] dir_v = [0.03521252]
eq_constraints = 0.0
eq_constraints = 0.0
r = [-9.65854906e-05 -9.19095807e+05  0.00000000e+00]
equality_satisfied = True	norm_residual = 919095.8067557975
hessian_dual x = [1.31101756e+00 1.62332310e-09]
hess = [[2.39359998e-02 0.00000000e+00 3.48237144e-01]
 [0.00000000e+00 6.88090372e+15 7.96368568e+07]
 [3.48237144e-01 7.96368568e+07 0.00000000e+00]]
eq_constraints = 0.0
r = [-9.65854906e-05 -9.19095807e+05  0.00000000e+00]
backtracking_line_search x = [1.31101756e+00 1.62332310e-09]	dir_x = [-2.52232618e-02  1.10296626e-10]
eq_constraints = 0.0
r = [-9.65854906e-05 -9.19095807e+05  0.00000000e+00]
eq_constraints = -1.1102230246251565e-16
r = [-2.25706924e-05 -9.25399773e+04 -1.11022302e-16]
r_dual_new = 92539.97725508176 r_dual = 919095.8067557975
backtracking_line_search terminate!
backtracking_line_search step_size = 1
iter = 2 x = [1.28579430e+00 1.73361973e-09] dir_x = [-2.52232618e-02  1.10296626e-10]
iter = 2 v = [0.03722359] dir_v = [0.00201107]
eq_constraints = -1.1102230246251565e-16
eq_constraints = -1.1102230246251565e-16
r = [-2.25706924e-05 -9.25399773e+04 -1.11022302e-16]
equality_satisfied = True	norm_residual = 92539.97725508176
hessian_dual x = [1.28579430e+00 1.73361973e-09]
hess = [[2.57549671e-02 0.00000000e+00 3.48237144e-01]
 [0.00000000e+00 5.28993086e+15 7.96368568e+07]
 [3.48237144e-01 7.96368568e+07 0.00000000e+00]]
eq_constraints = -1.1102230246251565e-16
r = [-2.25706924e-05 -9.25399773e+04 -1.11022302e-16]
backtracking_line_search x = [1.28579430e+00 1.73361973e-09]	dir_x = [-3.01079733e-03  1.31656560e-11]
eq_constraints = -1.1102230246251565e-16
r = [-2.25706924e-05 -9.25399773e+04 -1.11022302e-16]
eq_constraints = 0.0
r = [-3.44306765e-07 -1.04458040e+03  0.00000000e+00]
r_dual_new = 1044.580402075313 r_dual = 92539.97725508176
backtracking_line_search terminate!
backtracking_line_search step_size = 1
iter = 3 x = [1.28278351e+00 1.74678539e-09] dir_x = [-3.01079733e-03  1.31656560e-11]
iter = 3 v = [0.03751107] dir_v = [0.00028749]
eq_constraints = 0.0
eq_constraints = 0.0
r = [-3.44306765e-07 -1.04458040e+03  0.00000000e+00]
equality_satisfied = True	norm_residual = 1044.580402075313
hessian_dual x = [1.28278351e+00 1.74678539e-09]
hess = [[2.59841281e-02 0.00000000e+00 3.48237144e-01]
 [0.00000000e+00 5.13224240e+15 7.96368568e+07]
 [3.48237144e-01 7.96368568e+07 0.00000000e+00]]
eq_constraints = 0.0
r = [-3.44306765e-07 -1.04458040e+03  0.00000000e+00]
backtracking_line_search x = [1.28278351e+00 1.74678539e-09]	dir_x = [-3.40270586e-05  1.48793990e-13]
eq_constraints = 0.0
r = [-3.44306765e-07 -1.04458040e+03  0.00000000e+00]
eq_constraints = 0.0
r = [-4.43234373e-11 -1.30078864e-01  0.00000000e+00]
r_dual_new = 0.13007886428385973 r_dual = 1044.580402075313
backtracking_line_search terminate!
backtracking_line_search step_size = 1
iter = 4 x = [1.28274948e+00 1.74693418e-09] dir_x = [-3.40270586e-05  1.48793990e-13]
iter = 4 v = [0.0375146] dir_v = [3.52768289e-06]
eq_constraints = 0.0
eq_constraints = 0.0
r = [-4.43234373e-11 -1.30078864e-01  0.00000000e+00]
equality_satisfied = True	norm_residual = 0.13007886428385973
hessian_dual x = [1.28274948e+00 1.74693418e-09]
hess = [[2.59867333e-02 0.00000000e+00 3.48237144e-01]
 [0.00000000e+00 5.13049408e+15 7.96368568e+07]
 [3.48237144e-01 7.96368568e+07 0.00000000e+00]]
eq_constraints = 0.0
r = [-4.43234373e-11 -1.30078864e-01  0.00000000e+00]
backtracking_line_search x = [1.28274948e+00 1.74693418e-09]	dir_x = [-4.22668564e-09  1.84825092e-17]
eq_constraints = 0.0
r = [-4.43234373e-11 -1.30078864e-01  0.00000000e+00]
eq_constraints = 0.0
r = [-3.46944695e-18 -2.32830644e-09  0.00000000e+00]
r_dual_new = 2.3283064365386963e-09 r_dual = 0.13007886428385973
backtracking_line_search terminate!
backtracking_line_search step_size = 1
iter = 5 x = [1.28274947e+00 1.74693420e-09] dir_x = [-4.22668564e-09  1.84825092e-17]
iter = 5 v = [0.0375146] dir_v = [4.42690255e-10]
eq_constraints = 0.0
eq_constraints = 0.0
r = [-3.46944695e-18 -2.32830644e-09  0.00000000e+00]
equality_satisfied = True	norm_residual = 2.3283064365386963e-09
iter = 5 converged!
NewtonOptim USER = 4
hessian_dual x = [1 1]
hess = [[4.68185158e-02 0.00000000e+00 3.48237144e-01]
 [0.00000000e+00 1.07391484e-19 1.78985807e+08]
 [3.48237144e-01 1.78985807e+08 0.00000000e+00]]
eq_constraints = 178985806.60423818
r = [3.31013574e-01 1.78985807e+08 1.78985807e+08]
backtracking_line_search x = [1 1]	dir_x = [ 0.36787938 -1.        ]
eq_constraints = 178985806.60423818
r = [3.31013574e-01 1.78985807e+08 1.78985807e+08]
eq_constraints = -2.045100400138722e-08
r = [-7.60134401e-03 -1.56444509e+08 -2.04510040e-08]
r_dual_new = 156444508.92347568 r_dual = 253124155.33999893
backtracking_line_search terminate!
backtracking_line_search step_size = 1
iter = 0 x = [1.36787938e+00 6.11640294e-10] dir_x = [ 0.36787938 -1.        ]
iter = 0 v = [0.] dir_v = [-1.]
eq_constraints = -2.045100400138722e-08
eq_constraints = -2.045100400138722e-08
r = [-7.60134401e-03 -1.56444509e+08 -2.04510040e-08]
equality_satisfied = True	norm_residual = 156444508.92347568
hessian_dual x = [1.36787938e+00 6.11640294e-10]
hess = [[1.39789473e-02 0.00000000e+00 3.48237144e-01]
 [0.00000000e+00 7.67335853e+17 1.78985807e+08]
 [3.48237144e-01 1.78985807e+08 0.00000000e+00]]
eq_constraints = -2.045100400138722e-08
r = [-7.60134401e-03 -1.56444509e+08 -2.04510040e-08]
backtracking_line_search x = [1.36787938e+00 6.11640294e-10]	dir_x = [-1.01683293e-01  1.97836468e-10]
eq_constraints = -2.045100400138722e-08
r = [-7.60134401e-03 -1.56444509e+08 -2.04510040e-08]
eq_constraints = 0.0
r = [-2.24245203e-04 -6.28518850e+07  0.00000000e+00]
r_dual_new = 62851885.03670521 r_dual = 156444508.92347568
backtracking_line_search terminate!
backtracking_line_search step_size = 1
iter = 1 x = [1.26619609e+00 8.09476762e-10] dir_x = [-1.01683293e-01  1.97836468e-10]
iter = 1 v = [0.02590984] dir_v = [0.02590984]
eq_constraints = 0.0
eq_constraints = 0.0
r = [-2.24245203e-04 -6.28518850e+07  0.00000000e+00]
equality_satisfied = True	norm_residual = 62851885.03670521
hessian_dual x = [1.26619609e+00 8.09476762e-10]
hess = [[1.86901050e-02 0.00000000e+00 3.48237144e-01]
 [0.00000000e+00 2.50122235e+17 1.78985807e+08]
 [3.48237144e-01 1.78985807e+08 0.00000000e+00]]
eq_constraints = 0.0
r = [-2.24245203e-04 -6.28518850e+07  0.00000000e+00]
backtracking_line_search x = [1.26619609e+00 8.09476762e-10]	dir_x = [-1.26422080e-01  2.45968465e-10]
eq_constraints = 0.0
r = [-2.24245203e-04 -6.28518850e+07  0.00000000e+00]
eq_constraints = 0.0
r = [-5.34850475e-04 -2.44795917e+07  0.00000000e+00]
r_dual_new = 24479591.650216248 r_dual = 62851885.03670521
backtracking_line_search terminate!
backtracking_line_search step_size = 1
iter = 2 x = [1.13977401e+00 1.05544523e-09] dir_x = [-1.26422080e-01  2.45968465e-10]
iter = 2 v = [0.03333894] dir_v = [0.0074291]
eq_constraints = 0.0
eq_constraints = 0.0
r = [-5.34850475e-04 -2.44795917e+07  0.00000000e+00]
equality_satisfied = True	norm_residual = 24479591.650216248
hessian_dual x = [1.13977401e+00 1.05544523e-09]
hess = [[2.79706472e-02 0.00000000e+00 3.48237144e-01]
 [0.00000000e+00 8.65420230e+16 1.78985807e+08]
 [3.48237144e-01 1.78985807e+08 0.00000000e+00]]
eq_constraints = 0.0
r = [-5.34850475e-04 -2.44795917e+07  0.00000000e+00]
backtracking_line_search x = [1.13977401e+00 1.05544523e-09]	dir_x = [-1.32444427e-01  2.57685621e-10]
eq_constraints = 0.0
r = [-5.34850475e-04 -2.44795917e+07  0.00000000e+00]
eq_constraints = 0.0
r = [-1.03611245e-03 -7.66358112e+06  0.00000000e+00]
r_dual_new = 7663581.121781823 r_dual = 24479591.650216248
backtracking_line_search terminate!
backtracking_line_search step_size = 1
iter = 3 x = [1.00732958e+00 1.31313085e-09] dir_x = [-1.32444427e-01  2.57685621e-10]
iter = 3 v = [0.04551285] dir_v = [0.01217391]
eq_constraints = 0.0
eq_constraints = 0.0
r = [-1.03611245e-03 -7.66358112e+06  0.00000000e+00]
equality_satisfied = True	norm_residual = 7663581.121781823
hessian_dual x = [1.00732958e+00 1.31313085e-09]
hess = [[4.54718724e-02 0.00000000e+00 3.48237144e-01]
 [0.00000000e+00 3.61191755e+16 1.78985807e+08]
 [3.48237144e-01 1.78985807e+08 0.00000000e+00]]
eq_constraints = 0.0
r = [-1.03611245e-03 -7.66358112e+06  0.00000000e+00]
backtracking_line_search x = [1.00732958e+00 1.31313085e-09]	dir_x = [-7.61494004e-02  1.48157277e-10]
eq_constraints = 0.0
r = [-1.03611245e-03 -7.66358112e+06  0.00000000e+00]
eq_constraints = 0.0
r = [-6.01122085e-04 -1.01363397e+06  0.00000000e+00]
r_dual_new = 1013633.9674783833 r_dual = 7663581.121781823
backtracking_line_search terminate!
backtracking_line_search step_size = 1
iter = 4 x = [9.31180184e-01 1.46128813e-09] dir_x = [-7.61494004e-02  1.48157277e-10]
iter = 4 v = [0.05843154] dir_v = [0.01291869]
eq_constraints = 0.0
eq_constraints = 0.0
r = [-6.01122085e-04 -1.01363397e+06  0.00000000e+00]
equality_satisfied = True	norm_residual = 1013633.9674783833
hessian_dual x = [9.31180184e-01 1.46128813e-09]
hess = [[6.24328901e-02 0.00000000e+00 3.48237144e-01]
 [0.00000000e+00 2.35519258e+16 1.78985807e+08]
 [3.48237144e-01 1.78985807e+08 0.00000000e+00]]
eq_constraints = 0.0
r = [-6.01122085e-04 -1.01363397e+06  0.00000000e+00]
backtracking_line_search x = [9.31180184e-01 1.46128813e-09]	dir_x = [-9.04445059e-03  1.75970022e-11]
eq_constraints = 0.0
r = [-6.01122085e-04 -1.01363397e+06  0.00000000e+00]
eq_constraints = 0.0
r = [-1.13680394e-05 -9.78477593e+03  0.00000000e+00]
r_dual_new = 9784.775925900787 r_dual = 1013633.9674783833
backtracking_line_search terminate!
backtracking_line_search step_size = 1
iter = 5 x = [9.22135734e-01 1.47888513e-09] dir_x = [-9.04445059e-03  1.75970022e-11]
iter = 5 v = [0.06177924] dir_v = [0.0033477]
eq_constraints = 0.0
eq_constraints = 0.0
r = [-1.13680394e-05 -9.78477593e+03  0.00000000e+00]
equality_satisfied = True	norm_residual = 9784.775925900787
hessian_dual x = [9.22135734e-01 1.47888513e-09]
hess = [[6.49687485e-02 0.00000000e+00 3.48237144e-01]
 [0.00000000e+00 2.24508133e+16 1.78985807e+08]
 [3.48237144e-01 1.78985807e+08 0.00000000e+00]]
eq_constraints = 0.0
r = [-1.13680394e-05 -9.78477593e+03  0.00000000e+00]
backtracking_line_search x = [9.22135734e-01 1.47888513e-09]	dir_x = [-5.11445803e-05  9.95075691e-14]
eq_constraints = 0.0
r = [-1.13680394e-05 -9.78477593e+03  0.00000000e+00]
eq_constraints = 0.0
r = [-3.76404029e-10 -3.00601516e-01  0.00000000e+00]
r_dual_new = 0.3006015159189701 r_dual = 9784.775925900787
backtracking_line_search terminate!
backtracking_line_search step_size = 1
iter = 6 x = [9.22084589e-01 1.47898463e-09] dir_x = [-5.11445803e-05  9.95075691e-14]
iter = 6 v = [0.06182142] dir_v = [4.21863063e-05]
eq_constraints = 0.0
eq_constraints = 0.0
r = [-3.76404029e-10 -3.00601516e-01  0.00000000e+00]
equality_satisfied = True	norm_residual = 0.3006015159189701
hessian_dual x = [9.22084589e-01 1.47898463e-09]
hess = [[6.49834684e-02 0.00000000e+00 3.48237144e-01]
 [0.00000000e+00 2.24447719e+16 1.78985807e+08]
 [3.48237144e-01 1.78985807e+08 0.00000000e+00]]
eq_constraints = 0.0
r = [-3.76404029e-10 -3.00601516e-01  0.00000000e+00]
backtracking_line_search x = [9.22084589e-01 1.47898463e-09]	dir_x = [-1.39016737e-09  2.70472795e-18]
eq_constraints = 0.0
r = [-3.76404029e-10 -3.00601516e-01  0.00000000e+00]
eq_constraints = 1.1102230246251565e-16
r = [-3.46944695e-18  3.72529030e-09  1.11022302e-16]
r_dual_new = 3.725290298461916e-09 r_dual = 0.3006015159189701
backtracking_line_search terminate!
backtracking_line_search step_size = 1
iter = 7 x = [9.22084588e-01 1.47898464e-09] dir_x = [-1.39016737e-09  2.70472795e-18]
iter = 7 v = [0.06182142] dir_v = [1.34029909e-09]
eq_constraints = 1.1102230246251565e-16
eq_constraints = 1.1102230246251565e-16
r = [-3.46944695e-18  3.72529030e-09  1.11022302e-16]
equality_satisfied = True	norm_residual = 3.725290298461916e-09
iter = 7 converged!
NewtonOptim USER = 5
hessian_dual x = [1 1]
hess = [[1.67739429e-02 0.00000000e+00 3.48237144e-01]
 [0.00000000e+00 2.64930533e-20 4.41550889e+07]
 [3.48237144e-01 4.41550889e+07 0.00000000e+00]]
eq_constraints = 44155088.67493584
r = [3.42066355e-01 4.41550889e+07 4.41550887e+07]
backtracking_line_search x = [1 1]	dir_x = [ 0.36787946 -1.        ]
eq_constraints = 44155088.67493584
r = [3.42066355e-01 4.41550889e+07 4.41550887e+07]
eq_constraints = 1.40706224449616e-09
r = [-2.72337751e-03 -5.79440779e+05  1.40706224e-09]
r_dual_new = 579440.7785296852 r_dual = 62444725.419878334
backtracking_line_search terminate!
backtracking_line_search step_size = 1
iter = 0 x = [1.36787946e+00 2.47932752e-09] dir_x = [ 0.36787946 -1.        ]
iter = 0 v = [0.] dir_v = [-1.]
eq_constraints = 1.40706224449616e-09
eq_constraints = 1.40706224449616e-09
r = [-2.72337751e-03 -5.79440779e+05  1.40706224e-09]
equality_satisfied = True	norm_residual = 579440.7785296852
hessian_dual x = [1.36787946e+00 2.47932752e-09]
hess = [[5.00831801e-03 0.00000000e+00 3.48237144e-01]
 [0.00000000e+00 7.01126544e+14 4.41550889e+07]
 [3.48237144e-01 4.41550889e+07 0.00000000e+00]]
eq_constraints = 1.40706224449616e-09
r = [-2.72337751e-03 -5.79440779e+05  1.40706224e-09]
backtracking_line_search x = [1.36787946e+00 2.47932752e-09]	dir_x = [-3.79793414e-02  2.99530955e-10]
eq_constraints = 1.40706224449616e-09
r = [-2.72337751e-03 -5.79440779e+05  1.40706224e-09]
eq_constraints = 0.0
r = [-1.03214867e-05 -4.21077735e+04  0.00000000e+00]
r_dual_new = 42107.773512065294 r_dual = 579440.7785296852
backtracking_line_search terminate!
backtracking_line_search step_size = 1
iter = 1 x = [1.32990012e+00 2.77885848e-09] dir_x = [-3.79793414e-02  2.99530955e-10]
iter = 1 v = [0.00836668] dir_v = [0.00836668]
eq_constraints = 0.0
eq_constraints = 0.0
r = [-1.03214867e-05 -4.21077735e+04  0.00000000e+00]
equality_satisfied = True	norm_residual = 42107.773512065294
hessian_dual x = [1.32990012e+00 2.77885848e-09]
hess = [[5.56474585e-03 0.00000000e+00 3.48237144e-01]
 [0.00000000e+00 4.44289753e+14 4.41550889e+07]
 [3.48237144e-01 4.41550889e+07 0.00000000e+00]]
eq_constraints = 0.0
r = [-1.03214867e-05 -4.21077735e+04  0.00000000e+00]
backtracking_line_search x = [1.32990012e+00 2.77885848e-09]	dir_x = [-9.69199938e-03  7.64377168e-11]
eq_constraints = 0.0
r = [-1.03214867e-05 -4.21077735e+04  0.00000000e+00]
eq_constraints = 0.0
r = [-7.46329242e-07 -1.78604541e+03  0.00000000e+00]
r_dual_new = 1786.045414276421 r_dual = 42107.773512065294
backtracking_line_search terminate!
backtracking_line_search step_size = 1
iter = 2 x = [1.32020812e+00 2.85529619e-09] dir_x = [-9.69199938e-03  7.64377168e-11]
iter = 2 v = [0.0085512] dir_v = [0.00018452]
eq_constraints = 0.0
eq_constraints = 0.0
r = [-7.46329242e-07 -1.78604541e+03  0.00000000e+00]
equality_satisfied = True	norm_residual = 1786.045414276421
hessian_dual x = [1.32020812e+00 2.85529619e-09]
hess = [[5.71969126e-03 0.00000000e+00 3.48237144e-01]
 [0.00000000e+00 3.98590872e+14 4.41550889e+07]
 [3.48237144e-01 4.41550889e+07 0.00000000e+00]]
eq_constraints = 0.0
r = [-7.46329242e-07 -1.78604541e+03  0.00000000e+00]
backtracking_line_search x = [1.32020812e+00 2.85529619e-09]	dir_x = [-4.37194122e-04  3.44801100e-12]
eq_constraints = 0.0
r = [-7.46329242e-07 -1.78604541e+03  0.00000000e+00]
eq_constraints = 0.0
r = [-1.55661264e-09 -3.31260831e+00  0.00000000e+00]
r_dual_new = 3.3126083075185306 r_dual = 1786.045414276421
backtracking_line_search terminate!
backtracking_line_search step_size = 1
iter = 3 x = [1.31977092e+00 2.85874420e-09] dir_x = [-4.37194122e-04  3.44801100e-12]
iter = 3 v = [0.00856052] dir_v = [9.32394691e-06]
eq_constraints = 0.0
eq_constraints = 0.0
r = [-1.55661264e-09 -3.31260831e+00  0.00000000e+00]
equality_satisfied = True	norm_residual = 3.3126083075185306
hessian_dual x = [1.31977092e+00 2.85874420e-09]
hess = [[5.72681414e-03 0.00000000e+00 3.48237144e-01]
 [0.00000000e+00 3.96671342e+14 4.41550889e+07]
 [3.48237144e-01 4.41550889e+07 0.00000000e+00]]
eq_constraints = 0.0
r = [-1.55661264e-09 -3.31260831e+00  0.00000000e+00]
backtracking_line_search x = [1.31977092e+00 2.85874420e-09]	dir_x = [-8.08195378e-07  6.37397992e-15]
eq_constraints = 0.0
r = [-1.55661264e-09 -3.31260831e+00  0.00000000e+00]
eq_constraints = 0.0
r = [-5.32560107e-15 -1.12747657e-05  0.00000000e+00]
r_dual_new = 1.1274765711277723e-05 r_dual = 3.3126083075185306
backtracking_line_search terminate!
backtracking_line_search step_size = 1
iter = 4 x = [1.31977012e+00 2.85875058e-09] dir_x = [-8.08195378e-07  6.37397992e-15]
iter = 4 v = [0.00856054] dir_v = [1.77608778e-08]
eq_constraints = 0.0
eq_constraints = 0.0
r = [-5.32560107e-15 -1.12747657e-05  0.00000000e+00]
equality_satisfied = True	norm_residual = 1.1274765711277723e-05
hessian_dual x = [1.31977012e+00 2.85875058e-09]
hess = [[5.72682731e-03 0.00000000e+00 3.48237144e-01]
 [0.00000000e+00 3.96667804e+14 4.41550889e+07]
 [3.48237144e-01 4.41550889e+07 0.00000000e+00]]
eq_constraints = 0.0
r = [-5.32560107e-15 -1.12747657e-05  0.00000000e+00]
backtracking_line_search x = [1.31977012e+00 2.85875058e-09]	dir_x = [-2.74988017e-12  2.16874304e-20]
eq_constraints = 0.0
r = [-5.32560107e-15 -1.12747657e-05  0.00000000e+00]
eq_constraints = 0.0
r = [0. 0. 0.]
r_dual_new = 0.0 r_dual = 1.1274765711277723e-05
backtracking_line_search terminate!
backtracking_line_search step_size = 1
iter = 5 x = [1.31977012e+00 2.85875058e-09] dir_x = [-2.74988017e-12  2.16874304e-20]
iter = 5 v = [0.00856054] dir_v = [6.05153423e-14]
eq_constraints = 0.0
eq_constraints = 0.0
r = [0. 0. 0.]
equality_satisfied = True	norm_residual = 0.0
iter = 5 converged!
NewtonOptim USER = 6
hessian_dual x = [1 1]
hess = [[1.51797627e-02 0.00000000e+00 3.48237144e-01]
 [0.00000000e+00 5.03841104e-20 8.39735173e+07]
 [3.48237144e-01 8.39735173e+07 0.00000000e+00]]
eq_constraints = 83973517.06926197
r = [3.42652821e-01 8.39735173e+07 8.39735171e+07]
backtracking_line_search x = [1 1]	dir_x = [ 0.36787946 -1.        ]
eq_constraints = 83973517.06926197
r = [3.42652821e-01 8.39735173e+07 8.39735171e+07]
eq_constraints = 1.784066561150155e-09
r = [-2.46455018e-03 -7.57975896e+06  1.78406656e-09]
r_dual_new = 7579758.957404167 r_dual = 118756486.88751629
backtracking_line_search terminate!
backtracking_line_search step_size = 1
iter = 0 x = [1.36787946e+00 1.30368394e-09] dir_x = [ 0.36787946 -1.        ]
iter = 0 v = [0.] dir_v = [-1.]
eq_constraints = 1.784066561150155e-09
eq_constraints = 1.784066561150155e-09
r = [-2.46455018e-03 -7.57975896e+06  1.78406656e-09]
equality_satisfied = True	norm_residual = 7579758.957404167
hessian_dual x = [1.36787946e+00 1.30368394e-09]
hess = [[4.53233198e-03 0.00000000e+00 3.48237144e-01]
 [0.00000000e+00 1.74423234e+16 8.39735173e+07]
 [3.48237144e-01 8.39735173e+07 0.00000000e+00]]
eq_constraints = 1.784066561150155e-09
r = [-2.46455018e-03 -7.57975896e+06  1.78406656e-09]
backtracking_line_search x = [1.36787946e+00 1.30368394e-09]	dir_x = [-9.51360327e-02  3.94527936e-10]
eq_constraints = 1.784066561150155e-09
r = [-2.46455018e-03 -7.57975896e+06  1.78406656e-09]
eq_constraints = 1.1102230246251565e-16
r = [-6.30906453e-05 -2.73095573e+06  1.11022302e-16]
r_dual_new = 2730955.730534761 r_dual = 7579758.957404167
backtracking_line_search terminate!
backtracking_line_search step_size = 1
iter = 1 x = [1.27274343e+00 1.69821187e-09] dir_x = [-9.51360327e-02  3.94527936e-10]
iter = 1 v = [0.00831542] dir_v = [0.00831542]
eq_constraints = 1.1102230246251565e-16
eq_constraints = 1.1102230246251565e-16
r = [-6.30906453e-05 -2.73095573e+06  1.11022302e-16]
equality_satisfied = True	norm_residual = 2730955.730534761
hessian_dual x = [1.27274343e+00 1.69821187e-09]
hess = [[5.94257886e-03 0.00000000e+00 3.48237144e-01]
 [0.00000000e+00 6.05795581e+15 8.39735173e+07]
 [3.48237144e-01 8.39735173e+07 0.00000000e+00]]
eq_constraints = 1.1102230246251565e-16
r = [-6.30906453e-05 -2.73095573e+06  1.11022302e-16]
backtracking_line_search x = [1.27274343e+00 1.69821187e-09]	dir_x = [-1.02267597e-01  4.24102466e-10]
eq_constraints = 1.1102230246251565e-16
r = [-6.30906453e-05 -2.73095573e+06  1.11022302e-16]
eq_constraints = 0.0
r = [-1.06535364e-04 -8.96847678e+05  0.00000000e+00]
r_dual_new = 896847.6779503991 r_dual = 2730955.730534761
backtracking_line_search terminate!
backtracking_line_search step_size = 1
iter = 2 x = [1.17047584e+00 2.12231434e-09] dir_x = [-1.02267597e-01  4.24102466e-10]
iter = 2 v = [0.01024176] dir_v = [0.00192634]
eq_constraints = 0.0
eq_constraints = 0.0
r = [-1.06535364e-04 -8.96847678e+05  0.00000000e+00]
equality_satisfied = True	norm_residual = 896847.6779503991
hessian_dual x = [1.17047584e+00 2.12231434e-09]
hess = [[8.18321778e-03 0.00000000e+00 3.48237144e-01]
 [0.00000000e+00 2.48344622e+15 8.39735173e+07]
 [3.48237144e-01 8.39735173e+07 0.00000000e+00]]
eq_constraints = 0.0
r = [-1.06535364e-04 -8.96847678e+05  0.00000000e+00]
backtracking_line_search x = [1.17047584e+00 2.12231434e-09]	dir_x = [-7.09867861e-02  2.94381329e-10]
eq_constraints = 0.0
r = [-1.06535364e-04 -8.96847678e+05  0.00000000e+00]
eq_constraints = -1.1102230246251565e-16
r = [-7.55912061e-05 -1.64084685e+05 -1.11022302e-16]
r_dual_new = 164084.68476550118 r_dual = 896847.6779503991
backtracking_line_search terminate!
backtracking_line_search step_size = 1
iter = 3 x = [1.09948905e+00 2.41669567e-09] dir_x = [-7.09867861e-02  2.94381329e-10]
iter = 3 v = [0.01221581] dir_v = [0.00197404]
eq_constraints = -1.1102230246251565e-16
eq_constraints = -1.1102230246251565e-16
r = [-7.55912061e-05 -1.64084685e+05 -1.11022302e-16]
equality_satisfied = True	norm_residual = 164084.68476550118
hessian_dual x = [1.09948905e+00 2.41669567e-09]
hess = [[1.04326447e-02 0.00000000e+00 3.48237144e-01]
 [0.00000000e+00 1.47708585e+15 8.39735173e+07]
 [3.48237144e-01 8.39735173e+07 0.00000000e+00]]
eq_constraints = -1.1102230246251565e-16
r = [-7.55912061e-05 -1.64084685e+05 -1.11022302e-16]
backtracking_line_search x = [1.09948905e+00 2.41669567e-09]	dir_x = [-1.68792711e-02  6.99981297e-11]
eq_constraints = -1.1102230246251565e-16
r = [-7.55912061e-05 -1.64084685e+05 -1.11022302e-16]
eq_constraints = 1.1102230246251565e-16
r = [-5.42702379e-06 -5.71238287e+03  1.11022302e-16]
r_dual_new = 5712.382873911876 r_dual = 164084.68476550118
backtracking_line_search terminate!
backtracking_line_search step_size = 1
iter = 4 x = [1.08260978e+00 2.48669380e-09] dir_x = [-1.68792711e-02  6.99981297e-11]
iter = 4 v = [0.01293855] dir_v = [0.00072274]
eq_constraints = 1.1102230246251565e-16
eq_constraints = 1.1102230246251565e-16
r = [-5.42702379e-06 -5.71238287e+03  1.11022302e-16]
equality_satisfied = True	norm_residual = 5712.382873911876
hessian_dual x = [1.08260978e+00 2.48669380e-09]
hess = [[1.10843393e-02 0.00000000e+00 3.48237144e-01]
 [0.00000000e+00 1.31766299e+15 8.39735173e+07]
 [3.48237144e-01 8.39735173e+07 0.00000000e+00]]
eq_constraints = 1.1102230246251565e-16
r = [-5.42702379e-06 -5.71238287e+03  1.11022302e-16]
backtracking_line_search x = [1.08260978e+00 2.48669380e-09]	dir_x = [-5.41183425e-04  2.24428101e-12]
eq_constraints = 1.1102230246251565e-16
r = [-5.42702379e-06 -5.71238287e+03  1.11022302e-16]
eq_constraints = 0.0
r = [-5.88796798e-09 -5.32983338e+00  0.00000000e+00]
r_dual_new = 5.329833375057206 r_dual = 5712.382873911876
backtracking_line_search terminate!
backtracking_line_search step_size = 1
iter = 5 x = [1.08206859e+00 2.48893808e-09] dir_x = [-5.41183425e-04  2.24428101e-12]
iter = 5 v = [0.01297136] dir_v = [3.28100683e-05]
eq_constraints = 0.0
eq_constraints = 0.0
r = [-5.88796798e-09 -5.32983338e+00  0.00000000e+00]
equality_satisfied = True	norm_residual = 5.329833375057206
hessian_dual x = [1.08206859e+00 2.48893808e-09]
hess = [[1.11061082e-02 0.00000000e+00 3.48237144e-01]
 [0.00000000e+00 1.31291686e+15 8.39735173e+07]
 [3.48237144e-01 8.39735173e+07 0.00000000e+00]]
eq_constraints = 0.0
r = [-5.88796798e-09 -5.32983338e+00  0.00000000e+00]
backtracking_line_search x = [1.08206859e+00 2.48893808e-09]	dir_x = [-4.81365089e-07  1.99621510e-15]
eq_constraints = 0.0
r = [-5.88796798e-09 -5.32983338e+00  0.00000000e+00]
eq_constraints = 0.0
r = [-4.66553879e-15 -4.20422293e-06  0.00000000e+00]
r_dual_new = 4.204222932457924e-06 r_dual = 5.329833375057206
backtracking_line_search terminate!
backtracking_line_search step_size = 1
iter = 6 x = [1.08206811e+00 2.48894008e-09] dir_x = [-4.81365089e-07  1.99621510e-15]
iter = 6 v = [0.01297139] dir_v = [3.22598005e-08]
eq_constraints = 0.0
eq_constraints = 0.0
r = [-4.66553879e-15 -4.20422293e-06  0.00000000e+00]
equality_satisfied = True	norm_residual = 4.204222932457924e-06
iter = 6 converged!
NewtonOptim USER = 7
hessian_dual x = [1 1]
hess = [[7.66223275e-02 0.00000000e+00 3.48237144e-01]
 [0.00000000e+00 5.53515579e-20 9.22525965e+07]
 [3.48237144e-01 9.22525965e+07 0.00000000e+00]]
eq_constraints = 92252596.24035947
r = [3.20049364e-01 9.22525965e+07 9.22525962e+07]
backtracking_line_search x = [1 1]	dir_x = [ 0.36787945 -1.        ]
eq_constraints = 92252596.24035947
r = [3.20049364e-01 9.22525965e+07 9.22525962e+07]
eq_constraints = 5.522659551893128e-09
r = [-1.24402192e-02 -1.10407942e+07  5.52265955e-09]
r_dual_new = 11040794.219450204 r_dual = 130464872.93524297
backtracking_line_search terminate!
backtracking_line_search step_size = 1
iter = 0 x = [1.36787945e+00 1.18668675e-09] dir_x = [ 0.36787945 -1.        ]
iter = 0 v = [0.] dir_v = [-1.]
eq_constraints = 5.522659551893128e-09
eq_constraints = 5.522659551893128e-09
r = [-1.24402192e-02 -1.10407942e+07  5.52265955e-09]
equality_satisfied = True	norm_residual = 11040794.219450204
hessian_dual x = [1.36787945e+00 1.18668675e-09]
hess = [[2.28776855e-02 0.00000000e+00 3.48237144e-01]
 [0.00000000e+00 2.79116479e+16 9.22525965e+07]
 [3.48237144e-01 9.22525965e+07 0.00000000e+00]]
eq_constraints = 5.522659551893128e-09
r = [-1.24402192e-02 -1.10407942e+07  5.52265955e-09]
backtracking_line_search x = [1.36787945e+00 1.18668675e-09]	dir_x = [-6.95124030e-02  2.62396898e-10]
eq_constraints = 5.522659551893128e-09
r = [-1.24402192e-02 -1.10407942e+07  5.52265955e-09]
eq_constraints = 0.0
r = [-1.64398159e-04 -2.34670325e+06  0.00000000e+00]
r_dual_new = 2346703.2523589795 r_dual = 11040794.219450204
backtracking_line_search terminate!
backtracking_line_search step_size = 1
iter = 1 x = [1.29836705e+00 1.44908365e-09] dir_x = [-6.95124030e-02  2.62396898e-10]
iter = 1 v = [0.04029008] dir_v = [0.04029008]
eq_constraints = 0.0
eq_constraints = 0.0
r = [-1.64398159e-04 -2.34670325e+06  0.00000000e+00]
equality_satisfied = True	norm_residual = 2346703.2523589795
hessian_dual x = [1.29836705e+00 1.44908365e-09]
hess = [[2.78202637e-02 0.00000000e+00 3.48237144e-01]
 [0.00000000e+00 1.25532456e+16 9.22525965e+07]
 [3.48237144e-01 9.22525965e+07 0.00000000e+00]]
eq_constraints = 0.0
r = [-1.64398159e-04 -2.34670325e+06  0.00000000e+00]
backtracking_line_search x = [1.29836705e+00 1.44908365e-09]	dir_x = [-4.20619226e-02  1.58776277e-10]
eq_constraints = 0.0
r = [-1.64398159e-04 -2.34670325e+06  0.00000000e+00]
eq_constraints = -1.1102230246251565e-16
r = [-7.55020821e-05 -3.68373444e+05 -1.11022302e-16]
r_dual_new = 368373.44368654164 r_dual = 2346703.2523589795
backtracking_line_search terminate!
backtracking_line_search step_size = 1
iter = 2 x = [1.25630513e+00 1.60785992e-09] dir_x = [-4.20619226e-02  1.58776277e-10]
iter = 2 v = [0.04412244] dir_v = [0.00383237]
eq_constraints = -1.1102230246251565e-16
eq_constraints = -1.1102230246251565e-16
r = [-7.55020821e-05 -3.68373444e+05 -1.11022302e-16]
equality_satisfied = True	norm_residual = 368373.44368654164
hessian_dual x = [1.25630513e+00 1.60785992e-09]
hess = [[3.15113742e-02 0.00000000e+00 3.48237144e-01]
 [0.00000000e+00 8.28203397e+15 9.22525965e+07]
 [3.48237144e-01 9.22525965e+07 0.00000000e+00]]
eq_constraints = -1.1102230246251565e-16
r = [-7.55020821e-05 -3.68373444e+05 -1.11022302e-16]
backtracking_line_search x = [1.25630513e+00 1.60785992e-09]	dir_x = [-8.79483237e-03  3.31989279e-11]
eq_constraints = -1.1102230246251565e-16
r = [-7.55020821e-05 -3.68373444e+05 -1.11022302e-16]
eq_constraints = 1.1102230246251565e-16
r = [-3.72580661e-06 -1.09754895e+04  1.11022302e-16]
r_dual_new = 10975.489474059083 r_dual = 368373.44368654164
backtracking_line_search terminate!
backtracking_line_search step_size = 1
iter = 3 x = [1.24751029e+00 1.64105885e-09] dir_x = [-8.79483237e-03  3.31989279e-11]
iter = 3 v = [0.04513509] dir_v = [0.00101264]
eq_constraints = 1.1102230246251565e-16
eq_constraints = 1.1102230246251565e-16
r = [-3.72580661e-06 -1.09754895e+04  1.11022302e-16]
equality_satisfied = True	norm_residual = 10975.489474059083
hessian_dual x = [1.24751029e+00 1.64105885e-09]
hess = [[3.23636444e-02 0.00000000e+00 3.48237144e-01]
 [0.00000000e+00 7.63190973e+15 9.22525965e+07]
 [3.48237144e-01 9.22525965e+07 0.00000000e+00]]
eq_constraints = 1.1102230246251565e-16
r = [-3.72580661e-06 -1.09754895e+04  1.11022302e-16]
backtracking_line_search x = [1.24751029e+00 1.64105885e-09]	dir_x = [-2.67195412e-04  1.00861516e-12]
eq_constraints = 1.1102230246251565e-16
r = [-3.72580661e-06 -1.09754895e+04  1.11022302e-16]
eq_constraints = 0.0
r = [-3.52178427e-09 -9.45247105e+00  0.00000000e+00]
r_dual_new = 9.452471051365137 r_dual = 10975.489474059083
backtracking_line_search terminate!
backtracking_line_search step_size = 1
iter = 4 x = [1.24724310e+00 1.64206747e-09] dir_x = [-2.67195412e-04  1.00861516e-12]
iter = 4 v = [0.04517062] dir_v = [3.55310286e-05]
eq_constraints = 0.0
eq_constraints = 0.0
r = [-3.52178427e-09 -9.45247105e+00  0.00000000e+00]
equality_satisfied = True	norm_residual = 9.452471051365137
hessian_dual x = [1.24724310e+00 1.64206747e-09]
hess = [[3.23900102e-02 0.00000000e+00 3.48237144e-01]
 [0.00000000e+00 7.61317586e+15 9.22525965e+07]
 [3.48237144e-01 9.22525965e+07 0.00000000e+00]]
eq_constraints = 0.0
r = [-3.52178427e-09 -9.45247105e+00  0.00000000e+00]
backtracking_line_search x = [1.24724310e+00 1.64206747e-09]	dir_x = [-2.28289113e-07  8.61750798e-16]
eq_constraints = 0.0
r = [-3.52178427e-09 -9.45247105e+00  0.00000000e+00]
eq_constraints = 0.0
r = [-2.56739074e-15 -6.88526779e-06  0.00000000e+00]
r_dual_new = 6.885267794132233e-06 r_dual = 9.452471051365137
backtracking_line_search terminate!
backtracking_line_search step_size = 1
iter = 5 x = [1.24724287e+00 1.64206833e-09] dir_x = [-2.28289113e-07  8.61750798e-16]
iter = 5 v = [0.04517065] dir_v = [3.13466589e-08]
eq_constraints = 0.0
eq_constraints = 0.0
r = [-2.56739074e-15 -6.88526779e-06  0.00000000e+00]
equality_satisfied = True	norm_residual = 6.885267794132233e-06
iter = 5 converged!
NewtonOptim USER = 8
hessian_dual x = [1 1]
hess = [[1.56106163e-02 0.00000000e+00 3.48237144e-01]
 [0.00000000e+00 7.47482577e-20 1.24580429e+08]
 [3.48237144e-01 1.24580429e+08 0.00000000e+00]]
eq_constraints = 124580429.1941688
r = [3.42494319e-01 1.24580429e+08 1.24580429e+08]
backtracking_line_search x = [1 1]	dir_x = [ 0.3678794 -1.       ]
eq_constraints = 124580429.1941688
r = [3.42494319e-01 1.24580429e+08 1.24580429e+08]
eq_constraints = 2.5470064946020443e-09
r = [-2.53450286e-03 -3.67185070e+07  2.54700649e-09]
r_dual_new = 36718507.002855115 r_dual = 176183332.74065202
backtracking_line_search terminate!
backtracking_line_search step_size = 1
iter = 0 x = [1.36787940e+00 8.78749185e-10] dir_x = [ 0.3678794 -1.       ]
iter = 0 v = [0.] dir_v = [-1.]
eq_constraints = 2.5470064946020443e-09
eq_constraints = 2.5470064946020443e-09
r = [-2.53450286e-03 -3.67185070e+07  2.54700649e-09]
equality_satisfied = True	norm_residual = 36718507.002855115
hessian_dual x = [1.36787940e+00 8.78749185e-10]
hess = [[4.66097594e-03 0.00000000e+00 3.48237144e-01]
 [0.00000000e+00 1.25354906e+17 1.24580429e+08]
 [3.48237144e-01 1.24580429e+08 0.00000000e+00]]
eq_constraints = 2.5470064946020443e-09
r = [-2.53450286e-03 -3.67185070e+07  2.54700649e-09]
backtracking_line_search x = [1.36787940e+00 8.78749185e-10]	dir_x = [-1.01717998e-01  2.84330234e-10]
eq_constraints = 2.5470064946020443e-09
r = [-2.53450286e-03 -3.67185070e+07  2.54700649e-09]
eq_constraints = 0.0
r = [-7.48242134e-05 -1.47599092e+07  0.00000000e+00]
r_dual_new = 14759909.236602394 r_dual = 36718507.002855115
backtracking_line_search terminate!
backtracking_line_search step_size = 1
iter = 1 x = [1.26616140e+00 1.16307942e-09] dir_x = [-1.01717998e-01  2.84330234e-10]
iter = 1 v = [0.00863954] dir_v = [0.00863954]
eq_constraints = 0.0
eq_constraints = 0.0
r = [-7.48242134e-05 -1.47599092e+07  0.00000000e+00]
equality_satisfied = True	norm_residual = 14759909.236602394
hessian_dual x = [1.26616140e+00 1.16307942e-09]
hess = [[6.23245639e-03 0.00000000e+00 3.48237144e-01]
 [0.00000000e+00 4.08473222e+16 1.24580429e+08]
 [3.48237144e-01 1.24580429e+08 0.00000000e+00]]
eq_constraints = 0.0
r = [-7.48242134e-05 -1.47599092e+07  0.00000000e+00]
backtracking_line_search x = [1.26616140e+00 1.16307942e-09]	dir_x = [-1.26563238e-01  3.53779647e-10]
eq_constraints = 0.0
r = [-7.48242134e-05 -1.47599092e+07  0.00000000e+00]
eq_constraints = 0.0
r = [-1.78796991e-04 -5.75383548e+06  0.00000000e+00]
r_dual_new = 5753835.475016244 r_dual = 14759909.236602394
backtracking_line_search terminate!
backtracking_line_search step_size = 1
iter = 2 x = [1.13959816e+00 1.51685907e-09] dir_x = [-1.26563238e-01  3.53779647e-10]
iter = 2 v = [0.01111953] dir_v = [0.00247999]
eq_constraints = 0.0
eq_constraints = 0.0
r = [-1.78796991e-04 -5.75383548e+06  0.00000000e+00]
equality_satisfied = True	norm_residual = 5753835.475016244
hessian_dual x = [1.13959816e+00 1.51685907e-09]
hess = [[9.33178565e-03 0.00000000e+00 3.48237144e-01]
 [0.00000000e+00 1.41195270e+16 1.24580429e+08]
 [3.48237144e-01 1.24580429e+08 0.00000000e+00]]
eq_constraints = 0.0
r = [-1.78796991e-04 -5.75383548e+06  0.00000000e+00]
backtracking_line_search x = [1.13959816e+00 1.51685907e-09]	dir_x = [-1.32920938e-01  3.71551199e-10]
eq_constraints = 0.0
r = [-1.78796991e-04 -5.75383548e+06  0.00000000e+00]
eq_constraints = 0.0
r = [-3.48546407e-04 -1.80692295e+06  0.00000000e+00]
r_dual_new = 1806922.9483292555 r_dual = 5753835.475016244
backtracking_line_search terminate!
backtracking_line_search step_size = 1
iter = 3 x = [1.00667722e+00 1.88841026e-09] dir_x = [-1.32920938e-01  3.71551199e-10]
iter = 3 v = [0.01519487] dir_v = [0.00407535]
eq_constraints = 0.0
eq_constraints = 0.0
r = [-3.48546407e-04 -1.80692295e+06  0.00000000e+00]
equality_satisfied = True	norm_residual = 1806922.9483292555
hessian_dual x = [1.00667722e+00 1.88841026e-09]
hess = [[1.52008782e-02 0.00000000e+00 3.48237144e-01]
 [0.00000000e+00 5.87781164e+15 1.24580429e+08]
 [3.48237144e-01 1.24580429e+08 0.00000000e+00]]
eq_constraints = 0.0
r = [-3.48546407e-04 -1.80692295e+06  0.00000000e+00]
backtracking_line_search x = [1.00667722e+00 1.88841026e-09]	dir_x = [-7.69260116e-02  2.15029718e-10]
eq_constraints = 0.0
r = [-3.48546407e-04 -1.80692295e+06  0.00000000e+00]
eq_constraints = 0.0
r = [-2.05571837e-04 -2.41250759e+05  0.00000000e+00]
r_dual_new = 241250.75918771327 r_dual = 1806922.9483292555
backtracking_line_search terminate!
backtracking_line_search step_size = 1
iter = 4 x = [9.29751209e-01 2.10343998e-09] dir_x = [-7.69260116e-02  2.15029718e-10]
iter = 4 v = [0.01955365] dir_v = [0.00435878]
eq_constraints = 0.0
eq_constraints = 0.0
r = [-2.05571837e-04 -2.41250759e+05  0.00000000e+00]
equality_satisfied = True	norm_residual = 241250.75918771327
hessian_dual x = [9.29751209e-01 2.10343998e-09]
hess = [[2.09475668e-02 0.00000000e+00 3.48237144e-01]
 [0.00000000e+00 3.81839256e+15 1.24580429e+08]
 [3.48237144e-01 1.24580429e+08 0.00000000e+00]]
eq_constraints = 0.0
r = [-2.05571837e-04 -2.41250759e+05  0.00000000e+00]
backtracking_line_search x = [9.29751209e-01 2.10343998e-09]	dir_x = [-9.23128396e-03  2.58040205e-11]
eq_constraints = 0.0
r = [-2.05571837e-04 -2.41250759e+05  0.00000000e+00]
eq_constraints = 0.0
r = [-3.98272754e-06 -2.36890470e+03  0.00000000e+00]
r_dual_new = 2368.9047042005695 r_dual = 241250.75918771327
backtracking_line_search terminate!
backtracking_line_search step_size = 1
iter = 5 x = [9.20519925e-01 2.12924400e-09] dir_x = [-9.23128396e-03  2.58040205e-11]
iter = 5 v = [0.02069926] dir_v = [0.00114561]
eq_constraints = 0.0
eq_constraints = 0.0
r = [-3.98272754e-06 -2.36890470e+03  0.00000000e+00]
equality_satisfied = True	norm_residual = 2368.9047042005695
hessian_dual x = [9.20519925e-01 2.12924400e-09]
hess = [[2.18181829e-02 0.00000000e+00 3.48237144e-01]
 [0.00000000e+00 3.63663190e+15 1.24580429e+08]
 [3.48237144e-01 1.24580429e+08 0.00000000e+00]]
eq_constraints = 0.0
r = [-3.98272754e-06 -2.36890470e+03  0.00000000e+00]
backtracking_line_search x = [9.20519925e-01 2.12924400e-09]	dir_x = [-5.25353138e-05  1.46850895e-13]
eq_constraints = 0.0
r = [-3.98272754e-06 -2.36890470e+03  0.00000000e+00]
eq_constraints = 0.0
r = [-1.33670951e-10 -7.36558400e-02  0.00000000e+00]
r_dual_new = 0.07365584000945091 r_dual = 2368.9047042005695
backtracking_line_search terminate!
backtracking_line_search step_size = 1
iter = 6 x = [9.20467390e-01 2.12939085e-09] dir_x = [-5.25353138e-05  1.46850895e-13]
iter = 6 v = [0.02071399] dir_v = [1.4728333e-05]
eq_constraints = 0.0
eq_constraints = 0.0
r = [-1.33670951e-10 -7.36558400e-02  0.00000000e+00]
equality_satisfied = True	norm_residual = 0.07365584000945091
hessian_dual x = [9.20467390e-01 2.12939085e-09]
hess = [[2.18232720e-02 0.00000000e+00 3.48237144e-01]
 [0.00000000e+00 3.63562882e+15 1.24580429e+08]
 [3.48237144e-01 1.24580429e+08 0.00000000e+00]]
eq_constraints = 0.0
r = [-1.33670951e-10 -7.36558400e-02  0.00000000e+00]
backtracking_line_search x = [9.20467390e-01 2.12939085e-09]	dir_x = [-1.43772425e-09  4.01884138e-18]
eq_constraints = 0.0
r = [-1.33670951e-10 -7.36558400e-02  0.00000000e+00]
eq_constraints = -1.1102230246251565e-16
r = [-1.73472348e-18  0.00000000e+00 -1.11022302e-16]
r_dual_new = 1.1103585416259206e-16 r_dual = 0.07365584000945091
backtracking_line_search terminate!
backtracking_line_search step_size = 1
iter = 7 x = [9.20467388e-01 2.12939086e-09] dir_x = [-1.43772425e-09  4.01884138e-18]
iter = 7 v = [0.02071399] dir_v = [4.73949438e-10]
eq_constraints = -1.1102230246251565e-16
eq_constraints = -1.1102230246251565e-16
r = [-1.73472348e-18  0.00000000e+00 -1.11022302e-16]
equality_satisfied = True	norm_residual = 1.1103585416259206e-16
iter = 7 converged!
NewtonOptim USER = 9
hessian_dual x = [1 1]
hess = [[6.10664597e-02 0.00000000e+00 3.48237144e-01]
 [0.00000000e+00 2.60199631e-20 4.33666052e+07]
 [3.48237144e-01 4.33666052e+07 0.00000000e+00]]
eq_constraints = 43366604.94435512
r = [3.25772048e-01 4.33666052e+07 4.33666049e+07]
backtracking_line_search x = [1 1]	dir_x = [ 0.36787944 -1.        ]
eq_constraints = 43366604.94435512
r = [3.25772048e-01 4.33666052e+07 4.33666049e+07]
eq_constraints = -7.631696385956843e-10
r = [-9.91460571e-03 -5.39147542e+05 -7.63169639e-10]
r_dual_new = 539147.54203075 r_dual = 61329641.03438055
backtracking_line_search terminate!
backtracking_line_search step_size = 1
iter = 0 x = [1.36787944e+00 2.52440635e-09] dir_x = [ 0.36787944 -1.        ]
iter = 0 v = [0.] dir_v = [-1.]
eq_constraints = -7.631696385956843e-10
eq_constraints = -7.631696385956843e-10
r = [-9.91460571e-03 -5.39147542e+05 -7.63169639e-10]
equality_satisfied = True	norm_residual = 539147.54203075
hessian_dual x = [1.36787944e+00 2.52440635e-09]
hess = [[1.82330577e-02 0.00000000e+00 3.48237144e-01]
 [0.00000000e+00 6.40721976e+14 4.33666052e+07]
 [3.48237144e-01 4.33666052e+07 0.00000000e+00]]
eq_constraints = -7.631696385956843e-10
r = [-9.91460571e-03 -5.39147542e+05 -7.63169639e-10]
backtracking_line_search x = [1.36787944e+00 2.52440635e-09]	dir_x = [ 9.37931399e-02 -7.53166041e-10]
eq_constraints = -7.631696385956843e-10
r = [-9.91460571e-03 -5.39147542e+05 -7.63169639e-10]
eq_constraints = 0.0
r = [-1.96464044e-04 -5.39102922e+05  0.00000000e+00]
r_dual_new = 539102.9223262768 r_dual = 539147.54203075
eq_constraints = -1.5263390551467637e-10
r = [-2.11128901e-03 -4.04456586e+05 -1.52633906e-10]
r_dual_new = 404456.5859520843 r_dual = 539147.54203075
backtracking_line_search terminate!
backtracking_line_search step_size = 0.8
iter = 1 x = [1.44291395e+00 1.92187352e-09] dir_x = [ 9.37931399e-02 -7.53166041e-10]
iter = 1 v = [0.01884801] dir_v = [0.02356001]
eq_constraints = -1.5263390551467637e-10
eq_constraints = -1.5263390551467637e-10
r = [-2.11128901e-03 -4.04456586e+05 -1.52633906e-10]
equality_satisfied = True	norm_residual = 404456.5859520843
hessian_dual x = [1.44291395e+00 1.92187352e-09]
hess = [[1.49544792e-02 0.00000000e+00 3.48237144e-01]
 [0.00000000e+00 1.90724931e+15 4.33666052e+07]
 [3.48237144e-01 4.33666052e+07 0.00000000e+00]]
eq_constraints = -1.5263390551467637e-10
r = [-2.11128901e-03 -4.04456586e+05 -1.52633906e-10]
backtracking_line_search x = [1.44291395e+00 1.92187352e-09]	dir_x = [-8.23941496e-03  6.61631333e-11]
eq_constraints = -1.5263390551467637e-10
r = [-2.11128901e-03 -4.04456586e+05 -1.52633906e-10]
eq_constraints = 0.0
r = [-1.31138038e-06 -8.21453438e+03  0.00000000e+00]
r_dual_new = 8214.534380036639 r_dual = 404456.5859520843
backtracking_line_search terminate!
backtracking_line_search step_size = 1
iter = 2 x = [1.43467453e+00 1.98803665e-09] dir_x = [-8.23941496e-03  6.61631333e-11]
iter = 2 v = [0.02526463] dir_v = [0.00641662]
eq_constraints = 0.0
eq_constraints = 0.0
r = [-1.31138038e-06 -8.21453438e+03  0.00000000e+00]
equality_satisfied = True	norm_residual = 8214.534380036639
hessian_dual x = [1.43467453e+00 1.98803665e-09]
hess = [[1.52742885e-02 0.00000000e+00 3.48237144e-01]
 [0.00000000e+00 1.66574735e+15 4.33666052e+07]
 [3.48237144e-01 4.33666052e+07 0.00000000e+00]]
eq_constraints = 0.0
r = [-1.31138038e-06 -8.21453438e+03  0.00000000e+00]
backtracking_line_search x = [1.43467453e+00 1.98803665e-09]	dir_x = [-5.26974312e-04  4.23164387e-12]
eq_constraints = 0.0
r = [-1.31138038e-06 -8.21453438e+03  0.00000000e+00]
eq_constraints = 0.0
r = [-5.46850238e-09 -2.99016012e+01  0.00000000e+00]
r_dual_new = 29.901601150166243 r_dual = 8214.534380036639
backtracking_line_search terminate!
backtracking_line_search step_size = 1
iter = 3 x = [1.43414756e+00 1.99226829e-09] dir_x = [-5.26974312e-04  4.23164387e-12]
iter = 3 v = [0.02529151] dir_v = [2.68797807e-05]
eq_constraints = 0.0
eq_constraints = 0.0
r = [-5.46850238e-09 -2.99016012e+01  0.00000000e+00]
equality_satisfied = True	norm_residual = 29.901601150166243
hessian_dual x = [1.43414756e+00 1.99226829e-09]
hess = [[1.52950491e-02 0.00000000e+00 3.48237144e-01]
 [0.00000000e+00 1.65163996e+15 4.33666052e+07]
 [3.48237144e-01 4.33666052e+07 0.00000000e+00]]
eq_constraints = 0.0
r = [-5.46850238e-09 -2.99016012e+01  0.00000000e+00]
backtracking_line_search x = [1.43414756e+00 1.99226829e-09]	dir_x = [-1.92652511e-06  1.54701434e-14]
eq_constraints = 0.0
r = [-5.46850238e-09 -2.99016012e+01  0.00000000e+00]
eq_constraints = -1.1102230246251565e-16
r = [-7.31758404e-14 -3.96807911e-04 -1.11022302e-16]
r_dual_new = 0.00039680791087448597 r_dual = 29.901601150166243
backtracking_line_search terminate!
backtracking_line_search step_size = 1
iter = 4 x = [1.43414563e+00 1.99228376e-09] dir_x = [-1.92652511e-06  1.54701434e-14]
iter = 4 v = [0.02529161] dir_v = [1.0031899e-07]
eq_constraints = -1.1102230246251565e-16
eq_constraints = -1.1102230246251565e-16
r = [-7.31758404e-14 -3.96807911e-04 -1.11022302e-16]
equality_satisfied = True	norm_residual = 0.00039680791087448597
hessian_dual x = [1.43414563e+00 1.99228376e-09]
hess = [[1.52951250e-02 0.00000000e+00 3.48237144e-01]
 [0.00000000e+00 1.65158866e+15 4.33666052e+07]
 [3.48237144e-01 4.33666052e+07 0.00000000e+00]]
eq_constraints = -1.1102230246251565e-16
r = [-7.31758404e-14 -3.96807911e-04 -1.11022302e-16]
backtracking_line_search x = [1.43414563e+00 1.99228376e-09]	dir_x = [-2.55612900e-11  2.05261666e-19]
eq_constraints = -1.1102230246251565e-16
r = [-7.31758404e-14 -3.96807911e-04 -1.11022302e-16]
eq_constraints = 1.1102230246251565e-16
r = [-5.20417043e-18 -4.65661287e-10  1.11022302e-16]
r_dual_new = 4.656612873077525e-10 r_dual = 0.00039680791087448597
backtracking_line_search terminate!
backtracking_line_search step_size = 1
iter = 5 x = [1.43414563e+00 1.99228377e-09] dir_x = [-2.55612900e-11  2.05261666e-19]
iter = 5 v = [0.02529161] dir_v = [1.33282441e-12]
eq_constraints = 1.1102230246251565e-16
eq_constraints = 1.1102230246251565e-16
r = [-5.20417043e-18 -4.65661287e-10  1.11022302e-16]
equality_satisfied = True	norm_residual = 4.656612873077525e-10
iter = 5 converged!
opt_freqs = [3.46422268e+08 4.77369832e+08 3.73969293e+08 5.72431406e+08
 6.76139545e+08 3.49803165e+08 4.01777451e+08 6.08988057e+08
 4.69617871e+08 5.01936530e+08]
opt_powers = [0.76929437 0.70354281 0.84548852 0.77957545 1.0844992  0.75770772
 0.92415624 0.80176846 1.08640459 0.69727926]
freqs = [3.46422268e+08 4.77369832e+08 3.73969293e+08 5.72431406e+08
 6.76139545e+08 3.49803165e+08 4.01777451e+08 6.08988057e+08
 4.69617871e+08 5.01936530e+08]
powers = [0.76929437 0.70354281 0.84548852 0.77957545 1.0844992  0.75770772
 0.92415624 0.80176846 1.08640459 0.69727926]
