gradient = [-1. -2.]
hessian_dual = [[2.71828183 0.         1.        ]
 [0.         6.         1.        ]
 [1.         1.         0.        ]]
grad_x = [-1. -2.]	dir_x = [-0.1147015  0.1147015]
backtracking_line_search dir_x = [-0.1147015  0.1147015]
objective = 2.6588733323404887
objective = 2.718281828459045
gradient = [-1. -2.]
backtracking_line_search step_size = 1
iter = 0 step_size = 1 x = [0.8852985 1.1147015]
gradient = [-1.40090561 -1.44395693]
hessian_dual = [[4.45957612 0.         1.        ]
 [0.         3.88612628 1.        ]
 [1.         1.         0.        ]]
grad_x = [-1.40090561 -1.44395693]	dir_x = [-0.0051585  0.0051585]
backtracking_line_search dir_x = [-0.0051585  0.0051585]
objective = 2.6587624546782833
objective = 2.6588733323404887
gradient = [-1.40090561 -1.44395693]
backtracking_line_search step_size = 1
iter = 1 step_size = 1 x = [0.88014 1.11986]
gradient = [-1.42419005 -1.42409446]
hessian_dual = [[4.56859522 0.         1.        ]
 [0.         3.8150156  1.        ]
 [1.         1.         0.        ]]
grad_x = [-1.42419005 -1.42409446]	dir_x = [ 1.14018711e-05 -1.14018711e-05]
iter = 2 converged	decrement_x_squared = 1.0898918010166281e-09
objective = 2.6587624546782833
x_opt = [0.88014 1.11986] obj = 2.6587624546782833
objective = 2.4107091022348905
x_opt+tmp = [0.98014 1.21986] obj = 2.4107091022348905
objective = 2.9922899633344606
x_opt-tmp = [0.78014 1.01986] obj = 2.9922899633344606
