['f_00000', 'f_00001', 'f_00002', 'f_00003', 'f_00004', 'f_00005', 'f_00006', 'f_00007', 'f_00008', 'f_00009']
10
dict_keys(['x', 'y'])
len(train_data['y'] = 265
len(test_data['y']) = 67
id = 1, model = <flearn.models.synthetic.mclr.Model object at 0x1009ffb50>, num_samples = 265
train() 0-0 loss: 1.007246  [   32/  265]  surr: -0.455789
train() 0-1 loss: 0.994850  [   64/  265]  surr: -0.452240
train() 0-2 loss: 1.062193  [   96/  265]  surr: -0.448440
train() 0-3 loss: 1.002615  [  128/  265]  surr: -0.444570
train() 0-4 loss: 1.028246  [  160/  265]  surr: -0.440970
train() 0-5 loss: 0.993748  [  192/  265]  surr: -0.437068
train() 0-6 loss: 1.003154  [  224/  265]  surr: -0.433241
train() 0-7 loss: 1.024656  [  256/  265]  surr: -0.429412
train() 1-0 loss: 1.043505  [   32/  265]  surr: -0.425906
train() 1-1 loss: 0.985351  [   64/  265]  surr: -0.422123
train() 1-2 loss: 1.021484  [   96/  265]  surr: -0.418545
train() 1-3 loss: 1.014151  [  128/  265]  surr: -0.414728
train() 1-4 loss: 1.011772  [  160/  265]  surr: -0.410914
train() 1-5 loss: 1.013741  [  192/  265]  surr: -0.407664
train() 1-6 loss: 1.032906  [  224/  265]  surr: -0.404175
train() 1-7 loss: 0.998330  [  256/  265]  surr: -0.400251
train() 2-0 loss: 1.010344  [   32/  265]  surr: -0.396373
train() 2-1 loss: 1.001617  [   64/  265]  surr: -0.392503
train() 2-2 loss: 1.031255  [   96/  265]  surr: -0.389161
train() 2-3 loss: 0.979747  [  128/  265]  surr: -0.385626
train() 2-4 loss: 1.005438  [  160/  265]  surr: -0.382017
train() 2-5 loss: 1.033649  [  192/  265]  surr: -0.378197
train() 2-6 loss: 1.027581  [  224/  265]  surr: -0.374849
train() 2-7 loss: 1.029550  [  256/  265]  surr: -0.370798
train() 3-0 loss: 0.958443  [   32/  265]  surr: -0.367046
train() 3-1 loss: 1.021986  [   64/  265]  surr: -0.363598
train() 3-2 loss: 1.012955  [   96/  265]  surr: -0.359666
train() 3-3 loss: 1.007009  [  128/  265]  surr: -0.356247
train() 3-4 loss: 0.999158  [  160/  265]  surr: -0.352660
train() 3-5 loss: 1.035951  [  192/  265]  surr: -0.348983
train() 3-6 loss: 1.042719  [  224/  265]  surr: -0.345338
train() 3-7 loss: 1.057071  [  256/  265]  surr: -0.341896
train() 4-0 loss: 1.008055  [   32/  265]  surr: -0.338217
train() 4-1 loss: 1.062963  [   64/  265]  surr: -0.334475
train() 4-2 loss: 1.014337  [   96/  265]  surr: -0.331298
train() 4-3 loss: 0.983621  [  128/  265]  surr: -0.327609
train() 4-4 loss: 1.069200  [  160/  265]  surr: -0.323727
train() 4-5 loss: 0.986500  [  192/  265]  surr: -0.319909
train() 4-6 loss: 1.028600  [  224/  265]  surr: -0.316649
train() 4-7 loss: 1.023193  [  256/  265]  surr: -0.313070
train() 5-0 loss: 1.018154  [   32/  265]  surr: -0.309660
train() 5-1 loss: 1.045645  [   64/  265]  surr: -0.306171
train() 5-2 loss: 1.030792  [   96/  265]  surr: -0.302199
train() 5-3 loss: 0.996004  [  128/  265]  surr: -0.298629
train() 5-4 loss: 0.981649  [  160/  265]  surr: -0.295004
train() 5-5 loss: 1.063675  [  192/  265]  surr: -0.291606
train() 5-6 loss: 0.979742  [  224/  265]  surr: -0.288448
train() 5-7 loss: 1.014014  [  256/  265]  surr: -0.285155
train() 6-0 loss: 1.054018  [   32/  265]  surr: -0.281416
train() 6-1 loss: 0.991335  [   64/  265]  surr: -0.277806
train() 6-2 loss: 1.043395  [   96/  265]  surr: -0.274365
train() 6-3 loss: 0.997664  [  128/  265]  surr: -0.270644
train() 6-4 loss: 1.012658  [  160/  265]  surr: -0.267276
train() 6-5 loss: 1.021253  [  192/  265]  surr: -0.263573
train() 6-6 loss: 1.008381  [  224/  265]  surr: -0.260058
train() 6-7 loss: 1.026627  [  256/  265]  surr: -0.256691
train() 7-0 loss: 1.027934  [   32/  265]  surr: -0.253354
train() 7-1 loss: 1.022687  [   64/  265]  surr: -0.250002
train() 7-2 loss: 1.049146  [   96/  265]  surr: -0.246647
train() 7-3 loss: 1.022091  [  128/  265]  surr: -0.243165
train() 7-4 loss: 0.986437  [  160/  265]  surr: -0.239772
train() 7-5 loss: 1.045125  [  192/  265]  surr: -0.236579
train() 7-6 loss: 1.017187  [  224/  265]  surr: -0.232880
train() 7-7 loss: 1.011236  [  256/  265]  surr: -0.229491
train() 8-0 loss: 0.952394  [   32/  265]  surr: -0.225868
train() 8-1 loss: 1.049689  [   64/  265]  surr: -0.222710
train() 8-2 loss: 1.046623  [   96/  265]  surr: -0.219100
train() 8-3 loss: 0.998903  [  128/  265]  surr: -0.215663
train() 8-4 loss: 1.023979  [  160/  265]  surr: -0.212287
train() 8-5 loss: 1.053836  [  192/  265]  surr: -0.208610
train() 8-6 loss: 0.996468  [  224/  265]  surr: -0.205344
train() 8-7 loss: 1.052427  [  256/  265]  surr: -0.201962
train() 9-0 loss: 1.058013  [   32/  265]  surr: -0.198722
train() 9-1 loss: 1.025502  [   64/  265]  surr: -0.195399
train() 9-2 loss: 1.056714  [   96/  265]  surr: -0.192132
train() 9-3 loss: 1.045824  [  128/  265]  surr: -0.189042
train() 9-4 loss: 0.988213  [  160/  265]  surr: -0.185519
train() 9-5 loss: 0.997400  [  192/  265]  surr: -0.182116
train() 9-6 loss: 1.015976  [  224/  265]  surr: -0.178773
train() 9-7 loss: 1.045481  [  256/  265]  surr: -0.175263
train() 10-0 loss: 1.019550  [   32/  265]  surr: -0.171804
train() 10-1 loss: 0.978306  [   64/  265]  surr: -0.168365
train() 10-2 loss: 1.022871  [   96/  265]  surr: -0.165211
train() 10-3 loss: 1.048459  [  128/  265]  surr: -0.161984
train() 10-4 loss: 1.029759  [  160/  265]  surr: -0.158621
train() 10-5 loss: 1.026462  [  192/  265]  surr: -0.155470
train() 10-6 loss: 1.015001  [  224/  265]  surr: -0.152180
train() 10-7 loss: 1.101621  [  256/  265]  surr: -0.148503
train() 11-0 loss: 1.069811  [   32/  265]  surr: -0.145309
train() 11-1 loss: 1.024464  [   64/  265]  surr: -0.142065
train() 11-2 loss: 1.057006  [   96/  265]  surr: -0.138987
train() 11-3 loss: 1.018252  [  128/  265]  surr: -0.135860
train() 11-4 loss: 1.009341  [  160/  265]  surr: -0.132533
train() 11-5 loss: 1.007959  [  192/  265]  surr: -0.129106
train() 11-6 loss: 1.034651  [  224/  265]  surr: -0.125641
train() 11-7 loss: 1.035084  [  256/  265]  surr: -0.122386
train() 12-0 loss: 1.051543  [   32/  265]  surr: -0.119077
train() 12-1 loss: 1.049735  [   64/  265]  surr: -0.115770
train() 12-2 loss: 1.037740  [   96/  265]  surr: -0.112534
train() 12-3 loss: 1.034306  [  128/  265]  surr: -0.109200
train() 12-4 loss: 1.068409  [  160/  265]  surr: -0.106090
train() 12-5 loss: 1.021621  [  192/  265]  surr: -0.102901
train() 12-6 loss: 1.004961  [  224/  265]  surr: -0.099748
train() 12-7 loss: 1.013564  [  256/  265]  surr: -0.096454
train() 13-0 loss: 1.013420  [   32/  265]  surr: -0.093409
train() 13-1 loss: 1.012429  [   64/  265]  surr: -0.090408
train() 13-2 loss: 1.025104  [   96/  265]  surr: -0.087348
train() 13-3 loss: 1.058591  [  128/  265]  surr: -0.084216
train() 13-4 loss: 1.064860  [  160/  265]  surr: -0.081190
train() 13-5 loss: 1.061290  [  192/  265]  surr: -0.077907
train() 13-6 loss: 1.010851  [  224/  265]  surr: -0.074647
train() 13-7 loss: 1.045223  [  256/  265]  surr: -0.071383
train() 14-0 loss: 1.070274  [   32/  265]  surr: -0.068026
train() 14-1 loss: 0.976967  [   64/  265]  surr: -0.064800
train() 14-2 loss: 1.035748  [   96/  265]  surr: -0.061709
train() 14-3 loss: 1.050544  [  128/  265]  surr: -0.058811
train() 14-4 loss: 1.039062  [  160/  265]  surr: -0.055643
train() 14-5 loss: 1.072240  [  192/  265]  surr: -0.052379
train() 14-6 loss: 1.088031  [  224/  265]  surr: -0.049337
train() 14-7 loss: 1.022148  [  256/  265]  surr: -0.045959
train() 15-0 loss: 0.987704  [   32/  265]  surr: -0.042863
train() 15-1 loss: 1.062539  [   64/  265]  surr: -0.039621
train() 15-2 loss: 1.046262  [   96/  265]  surr: -0.036745
train() 15-3 loss: 1.036133  [  128/  265]  surr: -0.034036
train() 15-4 loss: 1.002589  [  160/  265]  surr: -0.030896
train() 15-5 loss: 1.078105  [  192/  265]  surr: -0.027553
train() 15-6 loss: 1.065529  [  224/  265]  surr: -0.024385
train() 15-7 loss: 1.074523  [  256/  265]  surr: -0.021252
train() 16-0 loss: 1.060484  [   32/  265]  surr: -0.018159
train() 16-1 loss: 1.070501  [   64/  265]  surr: -0.015198
train() 16-2 loss: 1.047586  [   96/  265]  surr: -0.012468
train() 16-3 loss: 1.057496  [  128/  265]  surr: -0.009284
train() 16-4 loss: 1.057527  [  160/  265]  surr: -0.006343
train() 16-5 loss: 1.024378  [  192/  265]  surr: -0.003355
train() 16-6 loss: 1.036768  [  224/  265]  surr: -0.000122
train() 16-7 loss: 1.044461  [  256/  265]  surr: 0.003186
train() 17-0 loss: 1.040699  [   32/  265]  surr: 0.006280
train() 17-1 loss: 1.063894  [   64/  265]  surr: 0.009142
train() 17-2 loss: 1.043049  [   96/  265]  surr: 0.012363
train() 17-3 loss: 1.068234  [  128/  265]  surr: 0.015511
train() 17-4 loss: 1.047678  [  160/  265]  surr: 0.018884
train() 17-5 loss: 1.064584  [  192/  265]  surr: 0.021995
train() 17-6 loss: 1.060317  [  224/  265]  surr: 0.024983
train() 17-7 loss: 1.047782  [  256/  265]  surr: 0.028088
train() 18-0 loss: 1.009414  [   32/  265]  surr: 0.030406
train() 18-1 loss: 1.119816  [   64/  265]  surr: 0.033650
train() 18-2 loss: 1.056000  [   96/  265]  surr: 0.036437
train() 18-3 loss: 1.060557  [  128/  265]  surr: 0.039484
train() 18-4 loss: 1.046261  [  160/  265]  surr: 0.042507
train() 18-5 loss: 1.040968  [  192/  265]  surr: 0.045502
train() 18-6 loss: 1.032314  [  224/  265]  surr: 0.048490
train() 18-7 loss: 1.102470  [  256/  265]  surr: 0.051424
train() 19-0 loss: 1.062701  [   32/  265]  surr: 0.054104
train() 19-1 loss: 1.013080  [   64/  265]  surr: 0.056737
train() 19-2 loss: 1.092682  [   96/  265]  surr: 0.059638
train() 19-3 loss: 1.046884  [  128/  265]  surr: 0.062642
train() 19-4 loss: 1.120652  [  160/  265]  surr: 0.065737
train() 19-5 loss: 1.057330  [  192/  265]  surr: 0.068591
train() 19-6 loss: 1.050208  [  224/  265]  surr: 0.071619
train() 19-7 loss: 1.051848  [  256/  265]  surr: 0.074459
train() 20-0 loss: 1.127760  [   32/  265]  surr: 0.077499
train() 20-1 loss: 1.011523  [   64/  265]  surr: 0.080152
train() 20-2 loss: 1.054497  [   96/  265]  surr: 0.083208
train() 20-3 loss: 1.060614  [  128/  265]  surr: 0.085975
train() 20-4 loss: 1.030462  [  160/  265]  surr: 0.088739
train() 20-5 loss: 1.101968  [  192/  265]  surr: 0.091726
train() 20-6 loss: 1.079201  [  224/  265]  surr: 0.094560
train() 20-7 loss: 1.071851  [  256/  265]  surr: 0.097535
train() 21-0 loss: 1.081401  [   32/  265]  surr: 0.100662
train() 21-1 loss: 1.047872  [   64/  265]  surr: 0.103489
train() 21-2 loss: 1.053207  [   96/  265]  surr: 0.106171
train() 21-3 loss: 1.090179  [  128/  265]  surr: 0.109111
train() 21-4 loss: 1.073480  [  160/  265]  surr: 0.111885
train() 21-5 loss: 1.089230  [  192/  265]  surr: 0.114984
train() 21-6 loss: 1.009953  [  224/  265]  surr: 0.117844
train() 21-7 loss: 1.160769  [  256/  265]  surr: 0.120860
train() 22-0 loss: 1.066247  [   32/  265]  surr: 0.123591
train() 22-1 loss: 1.081091  [   64/  265]  surr: 0.126262
train() 22-2 loss: 1.085177  [   96/  265]  surr: 0.129178
train() 22-3 loss: 1.094272  [  128/  265]  surr: 0.132044
train() 22-4 loss: 1.099136  [  160/  265]  surr: 0.134771
train() 22-5 loss: 1.099034  [  192/  265]  surr: 0.137551
train() 22-6 loss: 1.021267  [  224/  265]  surr: 0.140565
train() 22-7 loss: 1.109957  [  256/  265]  surr: 0.143491
train() 23-0 loss: 1.042090  [   32/  265]  surr: 0.146056
train() 23-1 loss: 1.073952  [   64/  265]  surr: 0.148557
train() 23-2 loss: 1.074869  [   96/  265]  surr: 0.151462
train() 23-3 loss: 1.101339  [  128/  265]  surr: 0.154223
train() 23-4 loss: 1.091201  [  160/  265]  surr: 0.156975
train() 23-5 loss: 1.160137  [  192/  265]  surr: 0.159765
train() 23-6 loss: 1.062534  [  224/  265]  surr: 0.162529
train() 23-7 loss: 1.079821  [  256/  265]  surr: 0.165349
train() 24-0 loss: 1.115099  [   32/  265]  surr: 0.168248
train() 24-1 loss: 1.023452  [   64/  265]  surr: 0.171077
train() 24-2 loss: 1.138973  [   96/  265]  surr: 0.173810
train() 24-3 loss: 1.095449  [  128/  265]  surr: 0.176421
train() 24-4 loss: 1.122547  [  160/  265]  surr: 0.179470
train() 24-5 loss: 1.103073  [  192/  265]  surr: 0.181879
train() 24-6 loss: 1.073862  [  224/  265]  surr: 0.184696
train() 24-7 loss: 1.075233  [  256/  265]  surr: 0.187637
train() 25-0 loss: 1.114949  [   32/  265]  surr: 0.190066
train() 25-1 loss: 1.131100  [   64/  265]  surr: 0.192821
train() 25-2 loss: 1.068013  [   96/  265]  surr: 0.195386
train() 25-3 loss: 1.111629  [  128/  265]  surr: 0.198014
train() 25-4 loss: 1.085950  [  160/  265]  surr: 0.200494
train() 25-5 loss: 1.074495  [  192/  265]  surr: 0.203261
train() 25-6 loss: 1.044919  [  224/  265]  surr: 0.206241
train() 25-7 loss: 1.136680  [  256/  265]  surr: 0.208895
train() 26-0 loss: 1.106138  [   32/  265]  surr: 0.211512
train() 26-1 loss: 1.068614  [   64/  265]  surr: 0.214345
train() 26-2 loss: 1.070916  [   96/  265]  surr: 0.217026
train() 26-3 loss: 1.093251  [  128/  265]  surr: 0.219803
train() 26-4 loss: 1.069174  [  160/  265]  surr: 0.222351
train() 26-5 loss: 1.167440  [  192/  265]  surr: 0.225071
train() 26-6 loss: 1.067494  [  224/  265]  surr: 0.227443
train() 26-7 loss: 1.119075  [  256/  265]  surr: 0.230236
train() 27-0 loss: 1.122988  [   32/  265]  surr: 0.232896
train() 27-1 loss: 1.067483  [   64/  265]  surr: 0.235745
train() 27-2 loss: 1.071029  [   96/  265]  surr: 0.238124
train() 27-3 loss: 1.103461  [  128/  265]  surr: 0.240929
train() 27-4 loss: 1.182307  [  160/  265]  surr: 0.243820
train() 27-5 loss: 1.120415  [  192/  265]  surr: 0.246326
train() 27-6 loss: 1.112862  [  224/  265]  surr: 0.248755
train() 27-7 loss: 1.106139  [  256/  265]  surr: 0.251395
train() 28-0 loss: 1.124848  [   32/  265]  surr: 0.253812
train() 28-1 loss: 1.227836  [   64/  265]  surr: 0.256202
train() 28-2 loss: 1.091525  [   96/  265]  surr: 0.258773
train() 28-3 loss: 1.108888  [  128/  265]  surr: 0.261497
train() 28-4 loss: 1.063183  [  160/  265]  surr: 0.264165
train() 28-5 loss: 1.065175  [  192/  265]  surr: 0.266851
train() 28-6 loss: 1.113564  [  224/  265]  surr: 0.269504
train() 28-7 loss: 1.141692  [  256/  265]  surr: 0.271997
train() 29-0 loss: 1.108537  [   32/  265]  surr: 0.274479
train() 29-1 loss: 1.081582  [   64/  265]  surr: 0.277035
train() 29-2 loss: 1.130705  [   96/  265]  surr: 0.279774
train() 29-3 loss: 1.084783  [  128/  265]  surr: 0.282265
train() 29-4 loss: 1.137136  [  160/  265]  surr: 0.285062
train() 29-5 loss: 1.151414  [  192/  265]  surr: 0.287356
train() 29-6 loss: 1.122708  [  224/  265]  surr: 0.290019
train() 29-7 loss: 1.146752  [  256/  265]  surr: 0.292493
Done!
