test_train 
['f_00000']
1
dict_keys(['x', 'y'])
len(train_data['y'] = 488
len(test_data['y']) = 123
Epoch 1
-------------------------------
loss: 3.614569  [    0/  488]
loss: 3.119842  [   32/  488]
loss: 2.872056  [   64/  488]
loss: 2.560733  [   96/  488]
loss: 2.364886  [  128/  488]
loss: 2.144916  [  160/  488]
loss: 2.224749  [  192/  488]
loss: 1.799121  [  224/  488]
loss: 2.057387  [  256/  488]
loss: 2.089988  [  288/  488]
loss: 1.853131  [  320/  488]
loss: 1.808278  [  352/  488]
loss: 1.770824  [  384/  488]
loss: 1.921643  [  416/  488]
loss: 1.963521  [  448/  488]
loss: 1.770760  [  120/  488]
Test Error: 
 Accuracy: 80.5%, Avg loss: 0.816496 

Epoch 2
-------------------------------
loss: 1.757483  [    0/  488]
loss: 1.716095  [   32/  488]
loss: 2.059872  [   64/  488]
loss: 1.940113  [   96/  488]
loss: 2.166250  [  128/  488]
loss: 1.836066  [  160/  488]
loss: 1.575135  [  192/  488]
loss: 2.013510  [  224/  488]
loss: 1.611816  [  256/  488]
loss: 1.992032  [  288/  488]
loss: 1.859931  [  320/  488]
loss: 1.694222  [  352/  488]
loss: 1.537387  [  384/  488]
loss: 1.888762  [  416/  488]
loss: 1.843271  [  448/  488]
loss: 1.384892  [  120/  488]
Test Error: 
 Accuracy: 80.5%, Avg loss: 0.765241 

Epoch 3
-------------------------------
loss: 1.837430  [    0/  488]
loss: 2.055825  [   32/  488]
loss: 1.995006  [   64/  488]
loss: 1.594440  [   96/  488]
loss: 1.818378  [  128/  488]
loss: 2.104190  [  160/  488]
loss: 1.755456  [  192/  488]
loss: 1.458198  [  224/  488]
loss: 1.638023  [  256/  488]
loss: 1.721694  [  288/  488]
loss: 2.098505  [  320/  488]
loss: 1.877047  [  352/  488]
loss: 2.142969  [  384/  488]
loss: 1.817849  [  416/  488]
loss: 1.635370  [  448/  488]
loss: 2.120056  [  120/  488]
Test Error: 
 Accuracy: 80.5%, Avg loss: 0.718037 

Epoch 4
-------------------------------
loss: 1.642796  [    0/  488]
loss: 2.076819  [   32/  488]
loss: 1.584426  [   64/  488]
loss: 1.691905  [   96/  488]
loss: 1.680808  [  128/  488]
loss: 2.114168  [  160/  488]
loss: 1.708947  [  192/  488]
loss: 2.129972  [  224/  488]
loss: 1.797921  [  256/  488]
loss: 1.797098  [  288/  488]
loss: 1.765234  [  320/  488]
loss: 1.907767  [  352/  488]
loss: 1.860855  [  384/  488]
loss: 2.262261  [  416/  488]
loss: 1.951279  [  448/  488]
loss: 1.442823  [  120/  488]
Test Error: 
 Accuracy: 80.5%, Avg loss: 0.682846 

Epoch 5
-------------------------------
loss: 2.124356  [    0/  488]
loss: 2.098670  [   32/  488]
loss: 1.648293  [   64/  488]
loss: 1.689300  [   96/  488]
loss: 1.829149  [  128/  488]
loss: 1.856272  [  160/  488]
loss: 1.778019  [  192/  488]
loss: 2.390803  [  224/  488]
loss: 1.712370  [  256/  488]
loss: 1.904374  [  288/  488]
loss: 2.027713  [  320/  488]
loss: 1.818878  [  352/  488]
loss: 1.742550  [  384/  488]
loss: 1.624552  [  416/  488]
loss: 1.930688  [  448/  488]
loss: 1.456064  [  120/  488]
Test Error: 
 Accuracy: 80.5%, Avg loss: 0.673966 

Epoch 6
-------------------------------
loss: 1.686840  [    0/  488]
loss: 1.787799  [   32/  488]
loss: 1.871948  [   64/  488]
loss: 1.914729  [   96/  488]
loss: 2.095464  [  128/  488]
loss: 1.911566  [  160/  488]
loss: 1.848291  [  192/  488]
loss: 1.756050  [  224/  488]
loss: 2.212857  [  256/  488]
loss: 1.832755  [  288/  488]
loss: 1.830769  [  320/  488]
loss: 1.835057  [  352/  488]
loss: 1.969550  [  384/  488]
loss: 1.799685  [  416/  488]
loss: 2.067902  [  448/  488]
loss: 1.483767  [  120/  488]
Test Error: 
 Accuracy: 80.5%, Avg loss: 0.673383 

Epoch 7
-------------------------------
loss: 2.102509  [    0/  488]
loss: 2.023314  [   32/  488]
loss: 1.712426  [   64/  488]
loss: 1.970694  [   96/  488]
loss: 2.278518  [  128/  488]
loss: 1.915643  [  160/  488]
loss: 1.815670  [  192/  488]
loss: 1.599268  [  224/  488]
loss: 1.729602  [  256/  488]
loss: 2.125029  [  288/  488]
loss: 1.673409  [  320/  488]
loss: 2.007912  [  352/  488]
loss: 1.579515  [  384/  488]
loss: 1.794656  [  416/  488]
loss: 2.163750  [  448/  488]
loss: 1.874288  [  120/  488]
Test Error: 
 Accuracy: 80.5%, Avg loss: 0.657789 

Epoch 8
-------------------------------
loss: 1.780105  [    0/  488]
loss: 1.855028  [   32/  488]
loss: 1.812167  [   64/  488]
loss: 1.726559  [   96/  488]
loss: 1.712390  [  128/  488]
loss: 1.767206  [  160/  488]
loss: 2.114831  [  192/  488]
loss: 1.628935  [  224/  488]
loss: 1.979797  [  256/  488]
loss: 1.782726  [  288/  488]
loss: 2.167364  [  320/  488]
loss: 1.873174  [  352/  488]
loss: 1.817420  [  384/  488]
loss: 1.868662  [  416/  488]
loss: 2.380595  [  448/  488]
loss: 2.515184  [  120/  488]
Test Error: 
 Accuracy: 80.5%, Avg loss: 0.607835 

Epoch 9
-------------------------------
loss: 1.932095  [    0/  488]
loss: 2.209918  [   32/  488]
loss: 1.792858  [   64/  488]
loss: 2.046836  [   96/  488]
loss: 1.640517  [  128/  488]
loss: 1.742300  [  160/  488]
loss: 1.738788  [  192/  488]
loss: 1.935461  [  224/  488]
loss: 2.086179  [  256/  488]
loss: 2.254942  [  288/  488]
loss: 1.893770  [  320/  488]
loss: 1.933919  [  352/  488]
loss: 1.728120  [  384/  488]
loss: 1.962139  [  416/  488]
loss: 2.017336  [  448/  488]
loss: 1.542421  [  120/  488]
Test Error: 
 Accuracy: 80.5%, Avg loss: 0.611646 

Epoch 10
-------------------------------
loss: 1.788925  [    0/  488]
loss: 1.949650  [   32/  488]
loss: 1.717973  [   64/  488]
loss: 2.201274  [   96/  488]
loss: 1.843068  [  128/  488]
loss: 1.690093  [  160/  488]
loss: 1.704438  [  192/  488]
loss: 1.958774  [  224/  488]
loss: 1.841543  [  256/  488]
loss: 2.326726  [  288/  488]
loss: 1.961419  [  320/  488]
loss: 1.947197  [  352/  488]
loss: 1.908338  [  384/  488]
loss: 2.155144  [  416/  488]
loss: 2.059928  [  448/  488]
loss: 1.865008  [  120/  488]
Test Error: 
 Accuracy: 80.5%, Avg loss: 0.588044 

Epoch 11
-------------------------------
loss: 2.074619  [    0/  488]
loss: 1.771251  [   32/  488]
loss: 2.005581  [   64/  488]
loss: 1.941305  [   96/  488]
loss: 1.830370  [  128/  488]
loss: 1.893508  [  160/  488]
loss: 2.001879  [  192/  488]
loss: 1.776147  [  224/  488]
loss: 1.834943  [  256/  488]
loss: 2.184788  [  288/  488]
loss: 2.010787  [  320/  488]
loss: 1.757753  [  352/  488]
loss: 2.084804  [  384/  488]
loss: 2.137486  [  416/  488]
loss: 1.773830  [  448/  488]
loss: 1.832902  [  120/  488]
Test Error: 
 Accuracy: 80.5%, Avg loss: 0.593579 

Epoch 12
-------------------------------
loss: 2.149616  [    0/  488]
loss: 1.877661  [   32/  488]
loss: 1.883691  [   64/  488]
loss: 1.801015  [   96/  488]
loss: 1.962194  [  128/  488]
loss: 2.186298  [  160/  488]
loss: 1.802543  [  192/  488]
loss: 1.936604  [  224/  488]
loss: 2.036151  [  256/  488]
loss: 1.834274  [  288/  488]
loss: 1.965720  [  320/  488]
loss: 1.911030  [  352/  488]
loss: 1.993783  [  384/  488]
loss: 1.908026  [  416/  488]
loss: 1.954751  [  448/  488]
loss: 2.416863  [  120/  488]
Test Error: 
 Accuracy: 80.5%, Avg loss: 0.577238 

Epoch 13
-------------------------------
loss: 2.026058  [    0/  488]
loss: 2.113585  [   32/  488]
loss: 2.038707  [   64/  488]
loss: 1.859371  [   96/  488]
loss: 1.988157  [  128/  488]
loss: 1.790526  [  160/  488]
loss: 2.034654  [  192/  488]
loss: 2.083242  [  224/  488]
loss: 1.883525  [  256/  488]
loss: 1.943086  [  288/  488]
loss: 2.036931  [  320/  488]
loss: 1.857151  [  352/  488]
loss: 1.939242  [  384/  488]
loss: 1.742626  [  416/  488]
loss: 2.008778  [  448/  488]
loss: 2.173166  [  120/  488]
Test Error: 
 Accuracy: 80.5%, Avg loss: 0.569310 

Epoch 14
-------------------------------
loss: 2.242544  [    0/  488]
loss: 1.922065  [   32/  488]
loss: 1.759596  [   64/  488]
loss: 1.927612  [   96/  488]
loss: 2.103674  [  128/  488]
loss: 1.844222  [  160/  488]
loss: 2.027499  [  192/  488]
loss: 2.277826  [  224/  488]
loss: 1.931583  [  256/  488]
loss: 2.070805  [  288/  488]
loss: 2.051399  [  320/  488]
loss: 1.770628  [  352/  488]
loss: 2.019115  [  384/  488]
loss: 1.813925  [  416/  488]
loss: 1.836334  [  448/  488]
loss: 1.845385  [  120/  488]
Test Error: 
 Accuracy: 80.5%, Avg loss: 0.570444 

Epoch 15
-------------------------------
loss: 1.802143  [    0/  488]
loss: 2.085052  [   32/  488]
loss: 1.842122  [   64/  488]
loss: 2.068000  [   96/  488]
loss: 2.220403  [  128/  488]
loss: 2.137106  [  160/  488]
loss: 1.910368  [  192/  488]
loss: 2.185337  [  224/  488]
loss: 2.021176  [  256/  488]
loss: 2.018514  [  288/  488]
loss: 1.646487  [  320/  488]
loss: 2.212072  [  352/  488]
loss: 1.808583  [  384/  488]
loss: 1.888392  [  416/  488]
loss: 2.048610  [  448/  488]
loss: 1.656247  [  120/  488]
Test Error: 
 Accuracy: 80.5%, Avg loss: 0.558152 

Epoch 16
-------------------------------
loss: 1.845114  [    0/  488]
loss: 2.194174  [   32/  488]
loss: 2.158032  [   64/  488]
loss: 1.976477  [   96/  488]
loss: 2.022474  [  128/  488]
loss: 2.198146  [  160/  488]
loss: 1.977744  [  192/  488]
loss: 1.854530  [  224/  488]
loss: 2.059029  [  256/  488]
loss: 2.055898  [  288/  488]
loss: 2.043890  [  320/  488]
loss: 1.980274  [  352/  488]
loss: 1.902010  [  384/  488]
loss: 1.913159  [  416/  488]
loss: 1.856489  [  448/  488]
loss: 1.691058  [  120/  488]
Test Error: 
 Accuracy: 80.5%, Avg loss: 0.558153 

Epoch 17
-------------------------------
loss: 1.988279  [    0/  488]
loss: 1.930621  [   32/  488]
loss: 2.054118  [   64/  488]
loss: 2.184296  [   96/  488]
loss: 2.116987  [  128/  488]
loss: 1.969825  [  160/  488]
loss: 1.941117  [  192/  488]
loss: 2.222830  [  224/  488]
loss: 1.860919  [  256/  488]
loss: 2.082202  [  288/  488]
loss: 1.957664  [  320/  488]
loss: 2.005383  [  352/  488]
loss: 1.923240  [  384/  488]
loss: 1.868881  [  416/  488]
loss: 2.076674  [  448/  488]
loss: 1.913245  [  120/  488]
Test Error: 
 Accuracy: 80.5%, Avg loss: 0.550913 

Epoch 18
-------------------------------
loss: 1.924450  [    0/  488]
loss: 2.422535  [   32/  488]
loss: 2.140196  [   64/  488]
loss: 1.880274  [   96/  488]
loss: 2.292295  [  128/  488]
loss: 1.817498  [  160/  488]
loss: 2.035504  [  192/  488]
loss: 2.193141  [  224/  488]
loss: 1.943943  [  256/  488]
loss: 1.748675  [  288/  488]
loss: 1.971089  [  320/  488]
loss: 1.977751  [  352/  488]
loss: 2.083871  [  384/  488]
loss: 1.875777  [  416/  488]
loss: 2.117685  [  448/  488]
loss: 2.015752  [  120/  488]
Test Error: 
 Accuracy: 80.5%, Avg loss: 0.554384 

Epoch 19
-------------------------------
loss: 1.874532  [    0/  488]
loss: 1.814294  [   32/  488]
loss: 1.944049  [   64/  488]
loss: 1.810356  [   96/  488]
loss: 2.027344  [  128/  488]
loss: 1.999963  [  160/  488]
loss: 1.921476  [  192/  488]
loss: 2.018506  [  224/  488]
loss: 2.227291  [  256/  488]
loss: 2.390847  [  288/  488]
loss: 1.958221  [  320/  488]
loss: 2.206719  [  352/  488]
loss: 2.123260  [  384/  488]
loss: 2.027995  [  416/  488]
loss: 2.189621  [  448/  488]
loss: 1.725443  [  120/  488]
Test Error: 
 Accuracy: 80.5%, Avg loss: 0.532122 

Epoch 20
-------------------------------
loss: 1.894276  [    0/  488]
loss: 2.055923  [   32/  488]
loss: 1.863157  [   64/  488]
loss: 2.017626  [   96/  488]
loss: 1.889921  [  128/  488]
loss: 2.146009  [  160/  488]
loss: 1.957745  [  192/  488]
loss: 2.076859  [  224/  488]
loss: 2.096331  [  256/  488]
loss: 2.019879  [  288/  488]
loss: 2.148381  [  320/  488]
loss: 2.135701  [  352/  488]
loss: 2.122379  [  384/  488]
loss: 2.007669  [  416/  488]
loss: 2.179614  [  448/  488]
loss: 1.860026  [  120/  488]
Test Error: 
 Accuracy: 80.5%, Avg loss: 0.520260 

Epoch 21
-------------------------------
loss: 1.900939  [    0/  488]
loss: 2.192085  [   32/  488]
loss: 2.116820  [   64/  488]
loss: 2.106587  [   96/  488]
loss: 2.018591  [  128/  488]
loss: 2.294595  [  160/  488]
loss: 1.871552  [  192/  488]
loss: 2.002605  [  224/  488]
loss: 2.038545  [  256/  488]
loss: 2.279887  [  288/  488]
loss: 2.141369  [  320/  488]
loss: 1.950638  [  352/  488]
loss: 1.844556  [  384/  488]
loss: 2.097824  [  416/  488]
loss: 1.977790  [  448/  488]
loss: 1.713423  [  120/  488]
Test Error: 
 Accuracy: 80.5%, Avg loss: 0.519826 

Epoch 22
-------------------------------
loss: 2.275260  [    0/  488]
loss: 2.086320  [   32/  488]
loss: 1.775155  [   64/  488]
loss: 2.067681  [   96/  488]
loss: 2.013539  [  128/  488]
loss: 2.099646  [  160/  488]
loss: 2.036656  [  192/  488]
loss: 1.995934  [  224/  488]
loss: 1.996658  [  256/  488]
loss: 2.069927  [  288/  488]
loss: 2.222212  [  320/  488]
loss: 1.882824  [  352/  488]
loss: 2.131122  [  384/  488]
loss: 2.303150  [  416/  488]
loss: 1.961817  [  448/  488]
loss: 2.005802  [  120/  488]
Test Error: 
 Accuracy: 80.5%, Avg loss: 0.515352 

Epoch 23
-------------------------------
loss: 2.204222  [    0/  488]
loss: 2.123435  [   32/  488]
loss: 2.046531  [   64/  488]
loss: 2.350423  [   96/  488]
loss: 2.166982  [  128/  488]
loss: 2.136618  [  160/  488]
loss: 2.225630  [  192/  488]
loss: 1.940933  [  224/  488]
loss: 1.970657  [  256/  488]
loss: 1.960101  [  288/  488]
loss: 2.089463  [  320/  488]
loss: 2.081603  [  352/  488]
loss: 1.925389  [  384/  488]
loss: 1.805986  [  416/  488]
loss: 1.977884  [  448/  488]
loss: 2.354154  [  120/  488]
Test Error: 
 Accuracy: 80.5%, Avg loss: 0.507124 

Epoch 24
-------------------------------
loss: 2.311242  [    0/  488]
loss: 2.263548  [   32/  488]
loss: 1.949968  [   64/  488]
loss: 2.180139  [   96/  488]
loss: 2.301309  [  128/  488]
loss: 2.177066  [  160/  488]
loss: 2.177993  [  192/  488]
loss: 2.075895  [  224/  488]
loss: 1.743027  [  256/  488]
loss: 2.056428  [  288/  488]
loss: 2.167097  [  320/  488]
loss: 1.942528  [  352/  488]
loss: 2.035983  [  384/  488]
loss: 1.880338  [  416/  488]
loss: 1.852784  [  448/  488]
loss: 1.754060  [  120/  488]
Test Error: 
 Accuracy: 80.5%, Avg loss: 0.509213 

Epoch 25
-------------------------------
loss: 1.980948  [    0/  488]
loss: 1.851983  [   32/  488]
loss: 1.988041  [   64/  488]
loss: 1.900956  [   96/  488]
loss: 2.121434  [  128/  488]
loss: 1.990878  [  160/  488]
loss: 2.052777  [  192/  488]
loss: 2.349070  [  224/  488]
loss: 2.034931  [  256/  488]
loss: 2.038694  [  288/  488]
loss: 2.176152  [  320/  488]
loss: 2.338942  [  352/  488]
loss: 2.056915  [  384/  488]
loss: 2.294415  [  416/  488]
loss: 2.136679  [  448/  488]
loss: 1.731838  [  120/  488]
Test Error: 
 Accuracy: 80.5%, Avg loss: 0.503031 

Epoch 26
-------------------------------
loss: 2.233387  [    0/  488]
loss: 1.952229  [   32/  488]
loss: 2.107632  [   64/  488]
loss: 1.979695  [   96/  488]
loss: 2.057350  [  128/  488]
loss: 2.010116  [  160/  488]
loss: 2.135553  [  192/  488]
loss: 2.006620  [  224/  488]
loss: 2.138881  [  256/  488]
loss: 1.959677  [  288/  488]
loss: 1.977749  [  320/  488]
loss: 2.549197  [  352/  488]
loss: 2.176548  [  384/  488]
loss: 1.961704  [  416/  488]
loss: 2.118805  [  448/  488]
loss: 1.770361  [  120/  488]
Test Error: 
 Accuracy: 80.5%, Avg loss: 0.503600 

Epoch 27
-------------------------------
loss: 2.416018  [    0/  488]
loss: 2.285534  [   32/  488]
loss: 2.118731  [   64/  488]
loss: 2.185473  [   96/  488]
loss: 2.053313  [  128/  488]
loss: 2.091842  [  160/  488]
loss: 1.899095  [  192/  488]
loss: 1.917890  [  224/  488]
loss: 2.010131  [  256/  488]
loss: 2.399297  [  288/  488]
loss: 2.211627  [  320/  488]
loss: 1.927618  [  352/  488]
loss: 1.846633  [  384/  488]
loss: 2.039809  [  416/  488]
loss: 2.059223  [  448/  488]
loss: 2.308502  [  120/  488]
Test Error: 
 Accuracy: 80.5%, Avg loss: 0.503112 

Epoch 28
-------------------------------
loss: 2.096722  [    0/  488]
loss: 2.499330  [   32/  488]
loss: 1.896161  [   64/  488]
loss: 2.071422  [   96/  488]
loss: 2.127844  [  128/  488]
loss: 2.156560  [  160/  488]
loss: 2.343668  [  192/  488]
loss: 2.180804  [  224/  488]
loss: 2.127151  [  256/  488]
loss: 2.169847  [  288/  488]
loss: 2.184359  [  320/  488]
loss: 1.986094  [  352/  488]
loss: 2.008076  [  384/  488]
loss: 1.870043  [  416/  488]
loss: 1.988456  [  448/  488]
loss: 1.759979  [  120/  488]
Test Error: 
 Accuracy: 80.5%, Avg loss: 0.506358 

Epoch 29
-------------------------------
loss: 2.100505  [    0/  488]
loss: 2.136515  [   32/  488]
loss: 1.947891  [   64/  488]
loss: 1.994341  [   96/  488]
loss: 1.921967  [  128/  488]
loss: 2.422350  [  160/  488]
loss: 2.152855  [  192/  488]
loss: 2.132884  [  224/  488]
loss: 2.294517  [  256/  488]
loss: 2.111187  [  288/  488]
loss: 2.166213  [  320/  488]
loss: 2.160609  [  352/  488]
loss: 1.953976  [  384/  488]
loss: 2.281778  [  416/  488]
loss: 2.061890  [  448/  488]
loss: 1.804601  [  120/  488]
Test Error: 
 Accuracy: 80.5%, Avg loss: 0.496086 

Epoch 30
-------------------------------
loss: 2.206464  [    0/  488]
loss: 2.229024  [   32/  488]
loss: 2.019875  [   64/  488]
loss: 2.146583  [   96/  488]
loss: 2.173563  [  128/  488]
loss: 1.972518  [  160/  488]
loss: 2.160529  [  192/  488]
loss: 2.026973  [  224/  488]
loss: 2.003980  [  256/  488]
loss: 2.017350  [  288/  488]
loss: 2.159338  [  320/  488]
loss: 2.000322  [  352/  488]
loss: 2.408018  [  384/  488]
loss: 2.111951  [  416/  488]
loss: 2.088110  [  448/  488]
loss: 2.162125  [  120/  488]
Test Error: 
 Accuracy: 80.5%, Avg loss: 0.486028 

Epoch 31
-------------------------------
loss: 2.097828  [    0/  488]
loss: 2.252435  [   32/  488]
loss: 2.006567  [   64/  488]
loss: 2.407027  [   96/  488]
loss: 2.051422  [  128/  488]
loss: 2.014316  [  160/  488]
loss: 2.148518  [  192/  488]
loss: 2.549376  [  224/  488]
loss: 1.918510  [  256/  488]
loss: 2.488270  [  288/  488]
loss: 2.219295  [  320/  488]
loss: 1.982752  [  352/  488]
loss: 1.907861  [  384/  488]
loss: 2.023928  [  416/  488]
loss: 2.162321  [  448/  488]
loss: 1.840800  [  120/  488]
Test Error: 
 Accuracy: 80.5%, Avg loss: 0.488645 

Epoch 32
-------------------------------
loss: 1.843049  [    0/  488]
loss: 2.563972  [   32/  488]
loss: 2.113826  [   64/  488]
loss: 2.020167  [   96/  488]
loss: 2.041035  [  128/  488]
loss: 1.985307  [  160/  488]
loss: 2.226450  [  192/  488]
loss: 2.096970  [  224/  488]
loss: 2.452606  [  256/  488]
loss: 2.202653  [  288/  488]
loss: 2.204839  [  320/  488]
loss: 2.059493  [  352/  488]
loss: 2.158727  [  384/  488]
loss: 2.164641  [  416/  488]
loss: 2.106550  [  448/  488]
loss: 2.079238  [  120/  488]
Test Error: 
 Accuracy: 80.5%, Avg loss: 0.479074 

Epoch 33
-------------------------------
loss: 2.012624  [    0/  488]
loss: 2.002554  [   32/  488]
loss: 1.964414  [   64/  488]
loss: 2.435520  [   96/  488]
loss: 2.001873  [  128/  488]
loss: 2.343151  [  160/  488]
loss: 2.167102  [  192/  488]
loss: 1.980596  [  224/  488]
loss: 2.123267  [  256/  488]
loss: 2.050770  [  288/  488]
loss: 2.470256  [  320/  488]
loss: 2.212172  [  352/  488]
loss: 2.267314  [  384/  488]
loss: 2.199593  [  416/  488]
loss: 2.119529  [  448/  488]
loss: 1.807654  [  120/  488]
Test Error: 
 Accuracy: 80.5%, Avg loss: 0.487159 

Epoch 34
-------------------------------
loss: 2.240168  [    0/  488]
loss: 2.154900  [   32/  488]
loss: 2.292361  [   64/  488]
loss: 2.120638  [   96/  488]
loss: 2.067969  [  128/  488]
loss: 2.015798  [  160/  488]
loss: 2.204196  [  192/  488]
loss: 2.458131  [  224/  488]
loss: 2.147741  [  256/  488]
loss: 1.949353  [  288/  488]
loss: 2.366233  [  320/  488]
loss: 1.933405  [  352/  488]
loss: 2.156308  [  384/  488]
loss: 2.077967  [  416/  488]
loss: 2.154047  [  448/  488]
loss: 1.864401  [  120/  488]
Test Error: 
 Accuracy: 80.5%, Avg loss: 0.485426 

Epoch 35
-------------------------------
loss: 1.993898  [    0/  488]
loss: 2.130053  [   32/  488]
loss: 2.257060  [   64/  488]
loss: 2.253430  [   96/  488]
loss: 2.268544  [  128/  488]
loss: 1.944921  [  160/  488]
loss: 2.323139  [  192/  488]
loss: 1.960824  [  224/  488]
loss: 2.150540  [  256/  488]
loss: 2.249274  [  288/  488]
loss: 2.106594  [  320/  488]
loss: 2.116007  [  352/  488]
loss: 2.187545  [  384/  488]
loss: 2.298488  [  416/  488]
loss: 2.231569  [  448/  488]
loss: 1.950067  [  120/  488]
Test Error: 
 Accuracy: 80.5%, Avg loss: 0.473446 

Epoch 36
-------------------------------
loss: 2.165147  [    0/  488]
loss: 2.415769  [   32/  488]
loss: 2.265522  [   64/  488]
loss: 2.103324  [   96/  488]
loss: 2.266722  [  128/  488]
loss: 2.050346  [  160/  488]
loss: 1.948449  [  192/  488]
loss: 2.029604  [  224/  488]
loss: 2.095564  [  256/  488]
loss: 2.348029  [  288/  488]
loss: 2.130414  [  320/  488]
loss: 2.298193  [  352/  488]
loss: 2.206414  [  384/  488]
loss: 2.043327  [  416/  488]
loss: 2.260427  [  448/  488]
loss: 2.321316  [  120/  488]
Test Error: 
 Accuracy: 80.5%, Avg loss: 0.475902 

Epoch 37
-------------------------------
loss: 2.140529  [    0/  488]
loss: 2.234447  [   32/  488]
loss: 2.314420  [   64/  488]
loss: 2.162038  [   96/  488]
loss: 2.136038  [  128/  488]
loss: 2.134932  [  160/  488]
loss: 2.294005  [  192/  488]
loss: 2.145987  [  224/  488]
loss: 2.259434  [  256/  488]
loss: 1.986174  [  288/  488]
loss: 2.121280  [  320/  488]
loss: 2.149374  [  352/  488]
loss: 2.297083  [  384/  488]
loss: 2.262638  [  416/  488]
loss: 1.906660  [  448/  488]
loss: 2.720686  [  120/  488]
Test Error: 
 Accuracy: 80.5%, Avg loss: 0.468620 

Epoch 38
-------------------------------
loss: 2.175291  [    0/  488]
loss: 2.090847  [   32/  488]
loss: 2.187975  [   64/  488]
loss: 2.033319  [   96/  488]
loss: 2.304896  [  128/  488]
loss: 2.247761  [  160/  488]
loss: 1.994541  [  192/  488]
loss: 2.178252  [  224/  488]
loss: 2.144840  [  256/  488]
loss: 2.287221  [  288/  488]
loss: 2.064972  [  320/  488]
loss: 2.432792  [  352/  488]
loss: 2.302574  [  384/  488]
loss: 2.178134  [  416/  488]
loss: 2.275666  [  448/  488]
loss: 2.400434  [  120/  488]
Test Error: 
 Accuracy: 80.5%, Avg loss: 0.469130 

Epoch 39
-------------------------------
loss: 2.156289  [    0/  488]
loss: 2.093028  [   32/  488]
loss: 2.209955  [   64/  488]
loss: 2.055661  [   96/  488]
loss: 2.153779  [  128/  488]
loss: 2.147971  [  160/  488]
loss: 2.343897  [  192/  488]
loss: 2.291255  [  224/  488]
loss: 2.118299  [  256/  488]
loss: 2.488746  [  288/  488]
loss: 2.433990  [  320/  488]
loss: 2.232665  [  352/  488]
loss: 1.996612  [  384/  488]
loss: 2.244900  [  416/  488]
loss: 2.214144  [  448/  488]
loss: 2.320983  [  120/  488]
Test Error: 
 Accuracy: 80.5%, Avg loss: 0.455234 

Epoch 40
-------------------------------
loss: 2.177433  [    0/  488]
loss: 2.233006  [   32/  488]
loss: 2.321112  [   64/  488]
loss: 2.019773  [   96/  488]
loss: 2.283386  [  128/  488]
loss: 2.019289  [  160/  488]
loss: 2.168804  [  192/  488]
loss: 2.100180  [  224/  488]
loss: 2.378833  [  256/  488]
loss: 2.363912  [  288/  488]
loss: 2.087375  [  320/  488]
loss: 2.495651  [  352/  488]
loss: 2.088951  [  384/  488]
loss: 2.123161  [  416/  488]
loss: 2.337469  [  448/  488]
loss: 2.138568  [  120/  488]
Test Error: 
 Accuracy: 80.5%, Avg loss: 0.456428 

Epoch 41
-------------------------------
loss: 2.399949  [    0/  488]
loss: 2.135935  [   32/  488]
loss: 2.184209  [   64/  488]
loss: 2.122046  [   96/  488]
loss: 2.028455  [  128/  488]
loss: 2.284001  [  160/  488]
loss: 2.128703  [  192/  488]
loss: 2.322614  [  224/  488]
loss: 2.159997  [  256/  488]
loss: 2.278174  [  288/  488]
loss: 2.166528  [  320/  488]
loss: 2.152471  [  352/  488]
loss: 2.147081  [  384/  488]
loss: 2.501781  [  416/  488]
loss: 2.064465  [  448/  488]
loss: 2.358530  [  120/  488]
Test Error: 
 Accuracy: 80.5%, Avg loss: 0.455873 

Epoch 42
-------------------------------
loss: 2.313680  [    0/  488]
loss: 2.070921  [   32/  488]
loss: 2.541496  [   64/  488]
loss: 2.504844  [   96/  488]
loss: 2.169580  [  128/  488]
loss: 2.330106  [  160/  488]
loss: 2.159783  [  192/  488]
loss: 2.037651  [  224/  488]
loss: 2.107831  [  256/  488]
loss: 2.028093  [  288/  488]
loss: 2.002094  [  320/  488]
loss: 2.368967  [  352/  488]
loss: 2.175004  [  384/  488]
loss: 2.394525  [  416/  488]
loss: 2.175842  [  448/  488]
loss: 1.877957  [  120/  488]
Test Error: 
 Accuracy: 80.5%, Avg loss: 0.455905 

Epoch 43
-------------------------------
loss: 2.257482  [    0/  488]
loss: 2.177479  [   32/  488]
loss: 2.292353  [   64/  488]
loss: 2.281462  [   96/  488]
loss: 2.296033  [  128/  488]
loss: 2.244738  [  160/  488]
loss: 2.419819  [  192/  488]
loss: 2.099950  [  224/  488]
loss: 2.324155  [  256/  488]
loss: 2.249440  [  288/  488]
loss: 2.055238  [  320/  488]
loss: 2.210389  [  352/  488]
loss: 2.027704  [  384/  488]
loss: 2.179818  [  416/  488]
loss: 2.219465  [  448/  488]
loss: 2.479266  [  120/  488]
Test Error: 
 Accuracy: 80.5%, Avg loss: 0.448990 

Epoch 44
-------------------------------
loss: 2.258392  [    0/  488]
loss: 2.018401  [   32/  488]
loss: 2.443803  [   64/  488]
loss: 2.156889  [   96/  488]
loss: 2.336394  [  128/  488]
loss: 2.325680  [  160/  488]
loss: 2.239111  [  192/  488]
loss: 1.981394  [  224/  488]
loss: 2.431173  [  256/  488]
loss: 2.340794  [  288/  488]
loss: 2.258849  [  320/  488]
loss: 2.044885  [  352/  488]
loss: 2.041813  [  384/  488]
loss: 2.299424  [  416/  488]
loss: 2.186872  [  448/  488]
loss: 2.650864  [  120/  488]
Test Error: 
 Accuracy: 80.5%, Avg loss: 0.448655 

Epoch 45
-------------------------------
loss: 2.432238  [    0/  488]
loss: 2.063674  [   32/  488]
loss: 2.182879  [   64/  488]
loss: 2.243292  [   96/  488]
loss: 1.958598  [  128/  488]
loss: 2.212479  [  160/  488]
loss: 2.267729  [  192/  488]
loss: 2.320064  [  224/  488]
loss: 2.144862  [  256/  488]
loss: 2.356718  [  288/  488]
loss: 2.003989  [  320/  488]
loss: 2.444470  [  352/  488]
loss: 2.045362  [  384/  488]
loss: 2.329415  [  416/  488]
loss: 2.324114  [  448/  488]
loss: 2.354454  [  120/  488]
Test Error: 
 Accuracy: 80.5%, Avg loss: 0.446247 

Epoch 46
-------------------------------
loss: 2.055969  [    0/  488]
loss: 2.166086  [   32/  488]
loss: 2.218183  [   64/  488]
loss: 2.516298  [   96/  488]
loss: 2.071205  [  128/  488]
loss: 2.298351  [  160/  488]
loss: 2.217986  [  192/  488]
loss: 2.215188  [  224/  488]
loss: 2.173682  [  256/  488]
loss: 2.475618  [  288/  488]
loss: 2.429611  [  320/  488]
loss: 2.117377  [  352/  488]
loss: 2.183256  [  384/  488]
loss: 2.212537  [  416/  488]
loss: 2.229377  [  448/  488]
loss: 1.938277  [  120/  488]
Test Error: 
 Accuracy: 80.5%, Avg loss: 0.455390 

Epoch 47
-------------------------------
loss: 2.511478  [    0/  488]
loss: 2.268835  [   32/  488]
loss: 2.321255  [   64/  488]
loss: 2.213723  [   96/  488]
loss: 2.134662  [  128/  488]
loss: 2.174020  [  160/  488]
loss: 2.240695  [  192/  488]
loss: 2.296781  [  224/  488]
loss: 2.311135  [  256/  488]
loss: 2.198174  [  288/  488]
loss: 2.138687  [  320/  488]
loss: 2.170425  [  352/  488]
loss: 2.363615  [  384/  488]
loss: 2.035899  [  416/  488]
loss: 2.090091  [  448/  488]
loss: 2.496470  [  120/  488]
Test Error: 
 Accuracy: 80.5%, Avg loss: 0.443894 

Epoch 48
-------------------------------
loss: 2.087277  [    0/  488]
loss: 2.073930  [   32/  488]
loss: 2.362783  [   64/  488]
loss: 2.305819  [   96/  488]
loss: 2.158933  [  128/  488]
loss: 2.167120  [  160/  488]
loss: 2.399452  [  192/  488]
loss: 2.273821  [  224/  488]
loss: 2.247291  [  256/  488]
loss: 2.157455  [  288/  488]
loss: 2.408357  [  320/  488]
loss: 2.248603  [  352/  488]
loss: 2.421454  [  384/  488]
loss: 2.256423  [  416/  488]
loss: 2.126015  [  448/  488]
loss: 2.416131  [  120/  488]
Test Error: 
 Accuracy: 80.5%, Avg loss: 0.439552 

Epoch 49
-------------------------------
loss: 2.221909  [    0/  488]
loss: 2.257457  [   32/  488]
loss: 2.115948  [   64/  488]
loss: 2.143295  [   96/  488]
loss: 2.063561  [  128/  488]
loss: 2.322684  [  160/  488]
loss: 2.179029  [  192/  488]
loss: 2.301272  [  224/  488]
loss: 2.109951  [  256/  488]
loss: 2.282084  [  288/  488]
loss: 2.421200  [  320/  488]
loss: 2.211169  [  352/  488]
loss: 2.343599  [  384/  488]
loss: 2.146758  [  416/  488]
loss: 2.549518  [  448/  488]
loss: 2.169465  [  120/  488]
Test Error: 
 Accuracy: 80.5%, Avg loss: 0.434047 

Epoch 50
-------------------------------
loss: 2.412704  [    0/  488]
loss: 2.235920  [   32/  488]
loss: 2.157749  [   64/  488]
loss: 2.339810  [   96/  488]
loss: 2.206958  [  128/  488]
loss: 2.102510  [  160/  488]
loss: 2.179544  [  192/  488]
loss: 2.445586  [  224/  488]
loss: 2.179986  [  256/  488]
loss: 2.510551  [  288/  488]
loss: 2.241340  [  320/  488]
loss: 2.325726  [  352/  488]
loss: 2.166825  [  384/  488]
loss: 2.238537  [  416/  488]
loss: 2.055207  [  448/  488]
loss: 2.043845  [  120/  488]
Test Error: 
 Accuracy: 80.5%, Avg loss: 0.445080 

Epoch 51
-------------------------------
loss: 2.449564  [    0/  488]
loss: 2.200186  [   32/  488]
loss: 2.256221  [   64/  488]
loss: 2.254641  [   96/  488]
loss: 2.174792  [  128/  488]
loss: 2.161064  [  160/  488]
loss: 2.157387  [  192/  488]
loss: 2.177344  [  224/  488]
loss: 2.117838  [  256/  488]
loss: 2.140608  [  288/  488]
loss: 2.186766  [  320/  488]
loss: 2.626350  [  352/  488]
loss: 2.266347  [  384/  488]
loss: 2.305544  [  416/  488]
loss: 2.258207  [  448/  488]
loss: 2.465192  [  120/  488]
Test Error: 
 Accuracy: 80.5%, Avg loss: 0.430392 

Epoch 52
-------------------------------
loss: 2.089045  [    0/  488]
loss: 2.368798  [   32/  488]
loss: 2.212862  [   64/  488]
loss: 2.315093  [   96/  488]
loss: 2.188518  [  128/  488]
loss: 2.216574  [  160/  488]
loss: 2.299450  [  192/  488]
loss: 2.436701  [  224/  488]
loss: 2.362497  [  256/  488]
loss: 2.275336  [  288/  488]
loss: 2.100566  [  320/  488]
loss: 2.392316  [  352/  488]
loss: 2.231554  [  384/  488]
loss: 2.186615  [  416/  488]
loss: 2.260159  [  448/  488]
loss: 2.505267  [  120/  488]
Test Error: 
 Accuracy: 80.5%, Avg loss: 0.427583 

Epoch 53
-------------------------------
loss: 2.324171  [    0/  488]
loss: 2.306479  [   32/  488]
loss: 2.115661  [   64/  488]
loss: 2.284298  [   96/  488]
loss: 2.297201  [  128/  488]
loss: 2.352596  [  160/  488]
loss: 2.374468  [  192/  488]
loss: 2.239982  [  224/  488]
loss: 2.409087  [  256/  488]
loss: 2.110747  [  288/  488]
loss: 2.149719  [  320/  488]
loss: 2.089905  [  352/  488]
loss: 2.387971  [  384/  488]
loss: 2.439020  [  416/  488]
loss: 2.196733  [  448/  488]
loss: 2.100980  [  120/  488]
Test Error: 
 Accuracy: 80.5%, Avg loss: 0.431701 

Epoch 54
-------------------------------
loss: 2.172151  [    0/  488]
loss: 2.305614  [   32/  488]
loss: 2.010071  [   64/  488]
loss: 2.187072  [   96/  488]
loss: 2.273132  [  128/  488]
loss: 2.110665  [  160/  488]
loss: 2.352181  [  192/  488]
loss: 2.525265  [  224/  488]
loss: 2.431080  [  256/  488]
loss: 2.534926  [  288/  488]
loss: 2.217214  [  320/  488]
loss: 2.287546  [  352/  488]
loss: 2.304964  [  384/  488]
loss: 2.262427  [  416/  488]
loss: 2.175328  [  448/  488]
loss: 2.292747  [  120/  488]
Test Error: 
 Accuracy: 80.5%, Avg loss: 0.437105 

Epoch 55
-------------------------------
loss: 2.339469  [    0/  488]
loss: 2.428574  [   32/  488]
loss: 2.232566  [   64/  488]
loss: 2.379187  [   96/  488]
loss: 2.308825  [  128/  488]
loss: 2.369969  [  160/  488]
loss: 2.052486  [  192/  488]
loss: 2.193145  [  224/  488]
loss: 2.189525  [  256/  488]
loss: 2.250735  [  288/  488]
loss: 2.442998  [  320/  488]
loss: 2.418576  [  352/  488]
loss: 2.285198  [  384/  488]
loss: 2.266276  [  416/  488]
loss: 2.250311  [  448/  488]
loss: 2.011532  [  120/  488]
Test Error: 
 Accuracy: 80.5%, Avg loss: 0.431045 

Epoch 56
-------------------------------
loss: 2.281404  [    0/  488]
loss: 2.209903  [   32/  488]
loss: 2.172199  [   64/  488]
loss: 2.295152  [   96/  488]
loss: 2.294287  [  128/  488]
loss: 2.522565  [  160/  488]
loss: 2.137425  [  192/  488]
loss: 2.315090  [  224/  488]
loss: 2.356667  [  256/  488]
loss: 2.237424  [  288/  488]
loss: 2.171623  [  320/  488]
loss: 2.662150  [  352/  488]
loss: 2.163061  [  384/  488]
loss: 2.371531  [  416/  488]
loss: 2.155755  [  448/  488]
loss: 2.374164  [  120/  488]
Test Error: 
 Accuracy: 80.5%, Avg loss: 0.425271 

Epoch 57
-------------------------------
loss: 2.234755  [    0/  488]
loss: 2.171306  [   32/  488]
loss: 2.199013  [   64/  488]
loss: 2.484925  [   96/  488]
loss: 2.294067  [  128/  488]
loss: 2.115711  [  160/  488]
loss: 2.375170  [  192/  488]
loss: 2.470733  [  224/  488]
loss: 2.262490  [  256/  488]
loss: 2.165644  [  288/  488]
loss: 2.363451  [  320/  488]
loss: 2.628138  [  352/  488]
loss: 2.148024  [  384/  488]
loss: 2.315315  [  416/  488]
loss: 2.216113  [  448/  488]
loss: 2.315455  [  120/  488]
Test Error: 
 Accuracy: 80.5%, Avg loss: 0.423178 

Epoch 58
-------------------------------
loss: 2.183093  [    0/  488]
loss: 2.358251  [   32/  488]
loss: 2.252639  [   64/  488]
loss: 2.508677  [   96/  488]
loss: 2.153421  [  128/  488]
loss: 2.473045  [  160/  488]
loss: 2.190694  [  192/  488]
loss: 2.294963  [  224/  488]
loss: 2.330826  [  256/  488]
loss: 2.243088  [  288/  488]
loss: 2.380837  [  320/  488]
loss: 2.443776  [  352/  488]
loss: 2.123315  [  384/  488]
loss: 2.367288  [  416/  488]
loss: 2.292736  [  448/  488]
loss: 2.470514  [  120/  488]
Test Error: 
 Accuracy: 80.5%, Avg loss: 0.428738 

Epoch 59
-------------------------------
loss: 2.263748  [    0/  488]
loss: 2.233859  [   32/  488]
loss: 2.604791  [   64/  488]
loss: 2.202569  [   96/  488]
loss: 2.297905  [  128/  488]
loss: 2.417156  [  160/  488]
loss: 2.336457  [  192/  488]
loss: 2.159341  [  224/  488]
loss: 2.292034  [  256/  488]
loss: 2.589564  [  288/  488]
loss: 2.218904  [  320/  488]
loss: 2.190201  [  352/  488]
loss: 2.199991  [  384/  488]
loss: 2.294473  [  416/  488]
loss: 2.300966  [  448/  488]
loss: 2.019207  [  120/  488]
Test Error: 
 Accuracy: 80.5%, Avg loss: 0.428143 

Epoch 60
-------------------------------
loss: 2.413267  [    0/  488]
loss: 2.109303  [   32/  488]
loss: 2.262010  [   64/  488]
loss: 2.412029  [   96/  488]
loss: 2.140160  [  128/  488]
loss: 2.217155  [  160/  488]
loss: 2.370250  [  192/  488]
loss: 2.246668  [  224/  488]
loss: 2.406151  [  256/  488]
loss: 2.130504  [  288/  488]
loss: 2.448941  [  320/  488]
loss: 2.362854  [  352/  488]
loss: 2.245614  [  384/  488]
loss: 2.222686  [  416/  488]
loss: 2.537569  [  448/  488]
loss: 2.768920  [  120/  488]
Test Error: 
 Accuracy: 80.5%, Avg loss: 0.418585 

Epoch 61
-------------------------------
loss: 2.314288  [    0/  488]
loss: 2.270577  [   32/  488]
loss: 2.290695  [   64/  488]
loss: 2.417004  [   96/  488]
loss: 2.400268  [  128/  488]
loss: 2.303622  [  160/  488]
loss: 2.059435  [  192/  488]
loss: 2.462361  [  224/  488]
loss: 2.354276  [  256/  488]
loss: 2.340597  [  288/  488]
loss: 2.228701  [  320/  488]
loss: 2.309356  [  352/  488]
loss: 2.294014  [  384/  488]
loss: 2.160114  [  416/  488]
loss: 2.468912  [  448/  488]
loss: 1.974285  [  120/  488]
Test Error: 
 Accuracy: 80.5%, Avg loss: 0.424539 

Epoch 62
-------------------------------
loss: 2.254210  [    0/  488]
loss: 2.568318  [   32/  488]
loss: 2.370304  [   64/  488]
loss: 2.226948  [   96/  488]
loss: 2.337749  [  128/  488]
loss: 2.343908  [  160/  488]
loss: 2.485662  [  192/  488]
loss: 2.184957  [  224/  488]
loss: 2.261174  [  256/  488]
loss: 2.287584  [  288/  488]
loss: 2.431263  [  320/  488]
loss: 2.204953  [  352/  488]
loss: 2.329060  [  384/  488]
loss: 2.418201  [  416/  488]
loss: 2.193630  [  448/  488]
loss: 2.052927  [  120/  488]
Test Error: 
 Accuracy: 80.5%, Avg loss: 0.435252 

Epoch 63
-------------------------------
loss: 2.305775  [    0/  488]
loss: 2.297168  [   32/  488]
loss: 2.273488  [   64/  488]
loss: 2.465000  [   96/  488]
loss: 2.426233  [  128/  488]
loss: 2.472328  [  160/  488]
loss: 2.248947  [  192/  488]
loss: 2.220803  [  224/  488]
loss: 2.296751  [  256/  488]
loss: 2.381096  [  288/  488]
loss: 2.217038  [  320/  488]
loss: 2.232128  [  352/  488]
loss: 2.428914  [  384/  488]
loss: 2.254428  [  416/  488]
loss: 2.297543  [  448/  488]
loss: 2.513159  [  120/  488]
Test Error: 
 Accuracy: 82.1%, Avg loss: 0.424598 

Epoch 64
-------------------------------
loss: 2.369007  [    0/  488]
loss: 2.260910  [   32/  488]
loss: 2.415019  [   64/  488]
loss: 2.534475  [   96/  488]
loss: 2.298672  [  128/  488]
loss: 2.265734  [  160/  488]
loss: 2.333727  [  192/  488]
loss: 2.308635  [  224/  488]
loss: 2.582162  [  256/  488]
loss: 2.266243  [  288/  488]
loss: 2.304387  [  320/  488]
loss: 2.169233  [  352/  488]
loss: 2.281068  [  384/  488]
loss: 2.469705  [  416/  488]
loss: 2.169609  [  448/  488]
loss: 2.250780  [  120/  488]
Test Error: 
 Accuracy: 80.5%, Avg loss: 0.419553 

Epoch 65
-------------------------------
loss: 2.321626  [    0/  488]
loss: 2.320707  [   32/  488]
loss: 2.360859  [   64/  488]
loss: 2.526762  [   96/  488]
loss: 2.246592  [  128/  488]
loss: 2.305524  [  160/  488]
loss: 2.314641  [  192/  488]
loss: 2.238322  [  224/  488]
loss: 2.246182  [  256/  488]
loss: 2.523770  [  288/  488]
loss: 2.293113  [  320/  488]
loss: 2.368912  [  352/  488]
loss: 2.453391  [  384/  488]
loss: 2.311012  [  416/  488]
loss: 2.396665  [  448/  488]
loss: 2.184454  [  120/  488]
Test Error: 
 Accuracy: 81.3%, Avg loss: 0.415631 

Epoch 66
-------------------------------
loss: 2.215988  [    0/  488]
loss: 2.513544  [   32/  488]
loss: 2.171590  [   64/  488]
loss: 2.310434  [   96/  488]
loss: 2.216336  [  128/  488]
loss: 2.286267  [  160/  488]
loss: 2.196241  [  192/  488]
loss: 2.303808  [  224/  488]
loss: 2.644694  [  256/  488]
loss: 2.328792  [  288/  488]
loss: 2.194794  [  320/  488]
loss: 2.339096  [  352/  488]
loss: 2.308542  [  384/  488]
loss: 2.436886  [  416/  488]
loss: 2.410322  [  448/  488]
loss: 3.066530  [  120/  488]
Test Error: 
 Accuracy: 82.1%, Avg loss: 0.413957 

Epoch 67
-------------------------------
loss: 2.391641  [    0/  488]
loss: 2.528816  [   32/  488]
loss: 2.451694  [   64/  488]
loss: 2.400621  [   96/  488]
loss: 2.376665  [  128/  488]
loss: 2.468477  [  160/  488]
loss: 2.302621  [  192/  488]
loss: 2.253708  [  224/  488]
loss: 2.219975  [  256/  488]
loss: 2.175351  [  288/  488]
loss: 2.382907  [  320/  488]
loss: 2.234831  [  352/  488]
loss: 2.287299  [  384/  488]
loss: 2.377077  [  416/  488]
loss: 2.412046  [  448/  488]
loss: 2.067759  [  120/  488]
Test Error: 
 Accuracy: 80.5%, Avg loss: 0.415892 

Epoch 68
-------------------------------
loss: 2.361528  [    0/  488]
loss: 2.153836  [   32/  488]
loss: 2.467340  [   64/  488]
loss: 2.368454  [   96/  488]
loss: 2.250014  [  128/  488]
loss: 2.345288  [  160/  488]
loss: 2.196507  [  192/  488]
loss: 2.266051  [  224/  488]
loss: 2.146185  [  256/  488]
loss: 2.615655  [  288/  488]
loss: 2.431390  [  320/  488]
loss: 2.317956  [  352/  488]
loss: 2.535753  [  384/  488]
loss: 2.412863  [  416/  488]
loss: 2.383400  [  448/  488]
loss: 2.319448  [  120/  488]
Test Error: 
 Accuracy: 82.1%, Avg loss: 0.413755 

Epoch 69
-------------------------------
loss: 2.216483  [    0/  488]
loss: 2.312214  [   32/  488]
loss: 2.229906  [   64/  488]
loss: 2.603245  [   96/  488]
loss: 2.376465  [  128/  488]
loss: 2.378433  [  160/  488]
loss: 2.240582  [  192/  488]
loss: 2.192865  [  224/  488]
loss: 2.274086  [  256/  488]
loss: 2.323924  [  288/  488]
loss: 2.297529  [  320/  488]
loss: 2.460249  [  352/  488]
loss: 2.517000  [  384/  488]
loss: 2.564378  [  416/  488]
loss: 2.481411  [  448/  488]
loss: 2.249474  [  120/  488]
Test Error: 
 Accuracy: 82.1%, Avg loss: 0.410591 

Epoch 70
-------------------------------
loss: 2.395178  [    0/  488]
loss: 2.278691  [   32/  488]
loss: 2.400783  [   64/  488]
loss: 2.195895  [   96/  488]
loss: 2.474017  [  128/  488]
loss: 2.301273  [  160/  488]
loss: 2.319451  [  192/  488]
loss: 2.289854  [  224/  488]
loss: 2.461229  [  256/  488]
loss: 2.428339  [  288/  488]
loss: 2.447854  [  320/  488]
loss: 2.101754  [  352/  488]
loss: 2.564963  [  384/  488]
loss: 2.392500  [  416/  488]
loss: 2.354474  [  448/  488]
loss: 2.460059  [  120/  488]
Test Error: 
 Accuracy: 82.1%, Avg loss: 0.407355 

Epoch 71
-------------------------------
loss: 2.442550  [    0/  488]
loss: 2.505031  [   32/  488]
loss: 2.251974  [   64/  488]
loss: 2.424119  [   96/  488]
loss: 2.213193  [  128/  488]
loss: 2.512373  [  160/  488]
loss: 2.192829  [  192/  488]
loss: 2.396497  [  224/  488]
loss: 2.539591  [  256/  488]
loss: 2.424330  [  288/  488]
loss: 2.551373  [  320/  488]
loss: 2.296296  [  352/  488]
loss: 2.378959  [  384/  488]
loss: 2.253216  [  416/  488]
loss: 2.219738  [  448/  488]
loss: 2.066893  [  120/  488]
Test Error: 
 Accuracy: 82.1%, Avg loss: 0.408151 

Epoch 72
-------------------------------
loss: 2.261192  [    0/  488]
loss: 2.294451  [   32/  488]
loss: 2.455436  [   64/  488]
loss: 2.233732  [   96/  488]
loss: 2.468329  [  128/  488]
loss: 2.312517  [  160/  488]
loss: 2.464372  [  192/  488]
loss: 2.489591  [  224/  488]
loss: 2.389547  [  256/  488]
loss: 2.255051  [  288/  488]
loss: 2.330665  [  320/  488]
loss: 2.432346  [  352/  488]
loss: 2.520725  [  384/  488]
loss: 2.437071  [  416/  488]
loss: 2.315382  [  448/  488]
loss: 2.445395  [  120/  488]
Test Error: 
 Accuracy: 82.1%, Avg loss: 0.404062 

Epoch 73
-------------------------------
loss: 2.551087  [    0/  488]
loss: 2.386123  [   32/  488]
loss: 2.375792  [   64/  488]
loss: 2.304702  [   96/  488]
loss: 2.367874  [  128/  488]
loss: 2.192042  [  160/  488]
loss: 2.331246  [  192/  488]
loss: 2.342015  [  224/  488]
loss: 2.467247  [  256/  488]
loss: 2.312052  [  288/  488]
loss: 2.188724  [  320/  488]
loss: 2.290731  [  352/  488]
loss: 2.574451  [  384/  488]
loss: 2.627117  [  416/  488]
loss: 2.347194  [  448/  488]
loss: 2.640130  [  120/  488]
Test Error: 
 Accuracy: 82.9%, Avg loss: 0.402801 

Epoch 74
-------------------------------
loss: 2.470286  [    0/  488]
loss: 2.651435  [   32/  488]
loss: 2.500760  [   64/  488]
loss: 2.346243  [   96/  488]
loss: 2.318693  [  128/  488]
loss: 2.379271  [  160/  488]
loss: 2.386938  [  192/  488]
loss: 2.348624  [  224/  488]
loss: 2.260349  [  256/  488]
loss: 2.249827  [  288/  488]
loss: 2.490106  [  320/  488]
loss: 2.196932  [  352/  488]
loss: 2.456197  [  384/  488]
loss: 2.420529  [  416/  488]
loss: 2.275927  [  448/  488]
loss: 2.499854  [  120/  488]
Test Error: 
 Accuracy: 82.9%, Avg loss: 0.398145 

Epoch 75
-------------------------------
loss: 2.206967  [    0/  488]
loss: 2.384405  [   32/  488]
loss: 2.545752  [   64/  488]
loss: 2.504847  [   96/  488]
loss: 2.543517  [  128/  488]
loss: 2.404465  [  160/  488]
loss: 2.518501  [  192/  488]
loss: 2.386756  [  224/  488]
loss: 2.256110  [  256/  488]
loss: 2.267047  [  288/  488]
loss: 2.374371  [  320/  488]
loss: 2.304355  [  352/  488]
loss: 2.359560  [  384/  488]
loss: 2.616615  [  416/  488]
loss: 2.213591  [  448/  488]
loss: 2.312732  [  120/  488]
Test Error: 
 Accuracy: 83.7%, Avg loss: 0.399766 

Epoch 76
-------------------------------
loss: 2.558119  [    0/  488]
loss: 2.308747  [   32/  488]
loss: 2.583376  [   64/  488]
loss: 2.515286  [   96/  488]
loss: 2.262742  [  128/  488]
loss: 2.384728  [  160/  488]
loss: 2.210819  [  192/  488]
loss: 2.201891  [  224/  488]
loss: 2.362639  [  256/  488]
loss: 2.392933  [  288/  488]
loss: 2.470896  [  320/  488]
loss: 2.430441  [  352/  488]
loss: 2.335296  [  384/  488]
loss: 2.331581  [  416/  488]
loss: 2.492824  [  448/  488]
loss: 2.262724  [  120/  488]
Test Error: 
 Accuracy: 82.9%, Avg loss: 0.402334 

Epoch 77
-------------------------------
loss: 2.592615  [    0/  488]
loss: 2.306354  [   32/  488]
loss: 2.345086  [   64/  488]
loss: 2.257122  [   96/  488]
loss: 2.308909  [  128/  488]
loss: 2.358203  [  160/  488]
loss: 2.397015  [  192/  488]
loss: 2.445539  [  224/  488]
loss: 2.401943  [  256/  488]
loss: 2.418709  [  288/  488]
loss: 2.360413  [  320/  488]
loss: 2.330747  [  352/  488]
loss: 2.395447  [  384/  488]
loss: 2.650764  [  416/  488]
loss: 2.377504  [  448/  488]
loss: 2.770827  [  120/  488]
Test Error: 
 Accuracy: 82.9%, Avg loss: 0.405215 

Epoch 78
-------------------------------
loss: 2.324749  [    0/  488]
loss: 2.401677  [   32/  488]
loss: 2.460819  [   64/  488]
loss: 2.388016  [   96/  488]
loss: 2.243570  [  128/  488]
loss: 2.730597  [  160/  488]
loss: 2.452620  [  192/  488]
loss: 2.369967  [  224/  488]
loss: 2.230045  [  256/  488]
loss: 2.242660  [  288/  488]
loss: 2.393199  [  320/  488]
loss: 2.406854  [  352/  488]
loss: 2.619601  [  384/  488]
loss: 2.387209  [  416/  488]
loss: 2.539998  [  448/  488]
loss: 2.279865  [  120/  488]
Test Error: 
 Accuracy: 85.4%, Avg loss: 0.398608 

Epoch 79
-------------------------------
loss: 2.459000  [    0/  488]
loss: 2.417962  [   32/  488]
loss: 2.185570  [   64/  488]
loss: 2.429066  [   96/  488]
loss: 2.326318  [  128/  488]
loss: 2.542077  [  160/  488]
loss: 2.393670  [  192/  488]
loss: 2.376904  [  224/  488]
loss: 2.508025  [  256/  488]
loss: 2.216015  [  288/  488]
loss: 2.592821  [  320/  488]
loss: 2.471613  [  352/  488]
loss: 2.309194  [  384/  488]
loss: 2.303592  [  416/  488]
loss: 2.529032  [  448/  488]
loss: 2.140388  [  120/  488]
Test Error: 
 Accuracy: 84.6%, Avg loss: 0.398597 

Epoch 80
-------------------------------
loss: 2.399294  [    0/  488]
loss: 2.364833  [   32/  488]
loss: 2.378155  [   64/  488]
loss: 2.491385  [   96/  488]
loss: 2.378972  [  128/  488]
loss: 2.400563  [  160/  488]
loss: 2.228513  [  192/  488]
loss: 2.638531  [  224/  488]
loss: 2.406482  [  256/  488]
loss: 2.381501  [  288/  488]
loss: 2.452559  [  320/  488]
loss: 2.331819  [  352/  488]
loss: 2.223222  [  384/  488]
loss: 2.427342  [  416/  488]
loss: 2.556575  [  448/  488]
loss: 2.603486  [  120/  488]
Test Error: 
 Accuracy: 82.1%, Avg loss: 0.395017 

Epoch 81
-------------------------------
loss: 2.409935  [    0/  488]
loss: 2.570100  [   32/  488]
loss: 2.708928  [   64/  488]
loss: 2.440873  [   96/  488]
loss: 2.382224  [  128/  488]
loss: 2.198510  [  160/  488]
loss: 2.568681  [  192/  488]
loss: 2.314635  [  224/  488]
loss: 2.535057  [  256/  488]
loss: 2.371907  [  288/  488]
loss: 2.290111  [  320/  488]
loss: 2.284087  [  352/  488]
loss: 2.409195  [  384/  488]
loss: 2.349695  [  416/  488]
loss: 2.399488  [  448/  488]
loss: 2.853914  [  120/  488]
Test Error: 
 Accuracy: 82.1%, Avg loss: 0.396513 

Epoch 82
-------------------------------
loss: 2.489498  [    0/  488]
loss: 2.539797  [   32/  488]
loss: 2.345371  [   64/  488]
loss: 2.702256  [   96/  488]
loss: 2.423394  [  128/  488]
loss: 2.623166  [  160/  488]
loss: 2.428832  [  192/  488]
loss: 2.386907  [  224/  488]
loss: 2.411408  [  256/  488]
loss: 2.426076  [  288/  488]
loss: 2.319096  [  320/  488]
loss: 2.314088  [  352/  488]
loss: 2.186512  [  384/  488]
loss: 2.360310  [  416/  488]
loss: 2.533536  [  448/  488]
loss: 2.405211  [  120/  488]
Test Error: 
 Accuracy: 82.9%, Avg loss: 0.408054 

Epoch 83
-------------------------------
loss: 2.540781  [    0/  488]
loss: 2.579333  [   32/  488]
loss: 2.504592  [   64/  488]
loss: 2.374592  [   96/  488]
loss: 2.563975  [  128/  488]
loss: 2.401498  [  160/  488]
loss: 2.413693  [  192/  488]
loss: 2.649096  [  224/  488]
loss: 2.287345  [  256/  488]
loss: 2.359312  [  288/  488]
loss: 2.380207  [  320/  488]
loss: 2.426199  [  352/  488]
loss: 2.367219  [  384/  488]
loss: 2.393025  [  416/  488]
loss: 2.217230  [  448/  488]
loss: 2.382962  [  120/  488]
Test Error: 
 Accuracy: 82.9%, Avg loss: 0.405405 

Epoch 84
-------------------------------
loss: 2.351054  [    0/  488]
loss: 2.181102  [   32/  488]
loss: 2.548958  [   64/  488]
loss: 2.565368  [   96/  488]
loss: 2.668811  [  128/  488]
loss: 2.469856  [  160/  488]
loss: 2.546641  [  192/  488]
loss: 2.591799  [  224/  488]
loss: 2.311965  [  256/  488]
loss: 2.304786  [  288/  488]
loss: 2.315999  [  320/  488]
loss: 2.326002  [  352/  488]
loss: 2.408535  [  384/  488]
loss: 2.494351  [  416/  488]
loss: 2.579598  [  448/  488]
loss: 2.204470  [  120/  488]
Test Error: 
 Accuracy: 82.9%, Avg loss: 0.398320 

Epoch 85
-------------------------------
loss: 2.360882  [    0/  488]
loss: 2.419921  [   32/  488]
loss: 2.483147  [   64/  488]
loss: 2.299704  [   96/  488]
loss: 2.374595  [  128/  488]
loss: 2.271203  [  160/  488]
loss: 2.543832  [  192/  488]
loss: 2.499438  [  224/  488]
loss: 2.343358  [  256/  488]
loss: 2.397655  [  288/  488]
loss: 2.562459  [  320/  488]
loss: 2.551234  [  352/  488]
loss: 2.518543  [  384/  488]
loss: 2.299819  [  416/  488]
loss: 2.685979  [  448/  488]
loss: 2.670866  [  120/  488]
Test Error: 
 Accuracy: 85.4%, Avg loss: 0.394086 

Epoch 86
-------------------------------
loss: 2.462313  [    0/  488]
loss: 2.548235  [   32/  488]
loss: 2.516720  [   64/  488]
loss: 2.453846  [   96/  488]
loss: 2.428339  [  128/  488]
loss: 2.701661  [  160/  488]
loss: 2.575960  [  192/  488]
loss: 2.468303  [  224/  488]
loss: 2.329871  [  256/  488]
loss: 2.234894  [  288/  488]
loss: 2.406279  [  320/  488]
loss: 2.227556  [  352/  488]
loss: 2.601095  [  384/  488]
loss: 2.418037  [  416/  488]
loss: 2.254275  [  448/  488]
loss: 2.186736  [  120/  488]
Test Error: 
 Accuracy: 85.4%, Avg loss: 0.387596 

Epoch 87
-------------------------------
loss: 2.418494  [    0/  488]
loss: 2.342505  [   32/  488]
loss: 2.445658  [   64/  488]
loss: 2.341849  [   96/  488]
loss: 2.334978  [  128/  488]
loss: 2.524929  [  160/  488]
loss: 2.455100  [  192/  488]
loss: 2.395884  [  224/  488]
loss: 2.347273  [  256/  488]
loss: 2.478207  [  288/  488]
loss: 2.583501  [  320/  488]
loss: 2.463754  [  352/  488]
loss: 2.301685  [  384/  488]
loss: 2.748688  [  416/  488]
loss: 2.394444  [  448/  488]
loss: 2.420550  [  120/  488]
Test Error: 
 Accuracy: 83.7%, Avg loss: 0.387193 

Epoch 88
-------------------------------
loss: 2.367663  [    0/  488]
loss: 2.578835  [   32/  488]
loss: 2.446356  [   64/  488]
loss: 2.328181  [   96/  488]
loss: 2.381534  [  128/  488]
loss: 2.485583  [  160/  488]
loss: 2.408151  [  192/  488]
loss: 2.411563  [  224/  488]
loss: 2.429294  [  256/  488]
loss: 2.689268  [  288/  488]
loss: 2.564422  [  320/  488]
loss: 2.301038  [  352/  488]
loss: 2.463265  [  384/  488]
loss: 2.438831  [  416/  488]
loss: 2.547294  [  448/  488]
loss: 2.184129  [  120/  488]
Test Error: 
 Accuracy: 84.6%, Avg loss: 0.396155 

Epoch 89
-------------------------------
loss: 2.366558  [    0/  488]
loss: 2.575181  [   32/  488]
loss: 2.631601  [   64/  488]
loss: 2.396798  [   96/  488]
loss: 2.594054  [  128/  488]
loss: 2.368221  [  160/  488]
loss: 2.349746  [  192/  488]
loss: 2.475097  [  224/  488]
loss: 2.352434  [  256/  488]
loss: 2.413563  [  288/  488]
loss: 2.516337  [  320/  488]
loss: 2.298007  [  352/  488]
loss: 2.315445  [  384/  488]
loss: 2.703888  [  416/  488]
loss: 2.572203  [  448/  488]
loss: 2.150119  [  120/  488]
Test Error: 
 Accuracy: 84.6%, Avg loss: 0.390193 

Epoch 90
-------------------------------
loss: 2.197647  [    0/  488]
loss: 2.394855  [   32/  488]
loss: 2.389529  [   64/  488]
loss: 2.532694  [   96/  488]
loss: 2.403216  [  128/  488]
loss: 2.546394  [  160/  488]
loss: 2.290110  [  192/  488]
loss: 2.772584  [  224/  488]
loss: 2.437138  [  256/  488]
loss: 2.584035  [  288/  488]
loss: 2.650094  [  320/  488]
loss: 2.414215  [  352/  488]
loss: 2.361502  [  384/  488]
loss: 2.532317  [  416/  488]
loss: 2.391085  [  448/  488]
loss: 2.433748  [  120/  488]
Test Error: 
 Accuracy: 85.4%, Avg loss: 0.393712 

Epoch 91
-------------------------------
loss: 2.451277  [    0/  488]
loss: 2.308925  [   32/  488]
loss: 2.361097  [   64/  488]
loss: 2.480966  [   96/  488]
loss: 2.572682  [  128/  488]
loss: 2.399544  [  160/  488]
loss: 2.444023  [  192/  488]
loss: 2.348438  [  224/  488]
loss: 2.402300  [  256/  488]
loss: 2.560769  [  288/  488]
loss: 2.324570  [  320/  488]
loss: 2.861625  [  352/  488]
loss: 2.349679  [  384/  488]
loss: 2.384169  [  416/  488]
loss: 2.660842  [  448/  488]
loss: 2.547933  [  120/  488]
Test Error: 
 Accuracy: 84.6%, Avg loss: 0.390037 

Epoch 92
-------------------------------
loss: 2.397111  [    0/  488]
loss: 2.719492  [   32/  488]
loss: 2.486027  [   64/  488]
loss: 2.485166  [   96/  488]
loss: 2.358361  [  128/  488]
loss: 2.408645  [  160/  488]
loss: 2.285716  [  192/  488]
loss: 2.593972  [  224/  488]
loss: 2.584287  [  256/  488]
loss: 2.415577  [  288/  488]
loss: 2.463416  [  320/  488]
loss: 2.396135  [  352/  488]
loss: 2.455453  [  384/  488]
loss: 2.400213  [  416/  488]
loss: 2.406028  [  448/  488]
loss: 2.733396  [  120/  488]
Test Error: 
 Accuracy: 84.6%, Avg loss: 0.382083 

Epoch 93
-------------------------------
loss: 2.521871  [    0/  488]
loss: 2.481016  [   32/  488]
loss: 2.482940  [   64/  488]
loss: 2.527445  [   96/  488]
loss: 2.420313  [  128/  488]
loss: 2.380071  [  160/  488]
loss: 2.406459  [  192/  488]
loss: 2.544809  [  224/  488]
loss: 2.429784  [  256/  488]
loss: 2.568025  [  288/  488]
loss: 2.353121  [  320/  488]
loss: 2.655734  [  352/  488]
loss: 2.549695  [  384/  488]
loss: 2.371641  [  416/  488]
loss: 2.373282  [  448/  488]
loss: 2.404852  [  120/  488]
Test Error: 
 Accuracy: 85.4%, Avg loss: 0.382550 

Epoch 94
-------------------------------
loss: 2.516168  [    0/  488]
loss: 2.645478  [   32/  488]
loss: 2.391541  [   64/  488]
loss: 2.504785  [   96/  488]
loss: 2.317431  [  128/  488]
loss: 2.422857  [  160/  488]
loss: 2.634742  [  192/  488]
loss: 2.371119  [  224/  488]
loss: 2.383242  [  256/  488]
loss: 2.354898  [  288/  488]
loss: 2.353402  [  320/  488]
loss: 2.571835  [  352/  488]
loss: 2.541296  [  384/  488]
loss: 2.485561  [  416/  488]
loss: 2.494735  [  448/  488]
loss: 2.613867  [  120/  488]
Test Error: 
 Accuracy: 84.6%, Avg loss: 0.392144 

Epoch 95
-------------------------------
loss: 2.578246  [    0/  488]
loss: 2.501048  [   32/  488]
loss: 2.368479  [   64/  488]
loss: 2.544840  [   96/  488]
loss: 2.417914  [  128/  488]
loss: 2.407231  [  160/  488]
loss: 2.560317  [  192/  488]
loss: 2.468707  [  224/  488]
loss: 2.520305  [  256/  488]
loss: 2.313703  [  288/  488]
loss: 2.476816  [  320/  488]
loss: 2.512245  [  352/  488]
loss: 2.326532  [  384/  488]
loss: 2.530862  [  416/  488]
loss: 2.626142  [  448/  488]
loss: 2.535917  [  120/  488]
Test Error: 
 Accuracy: 82.9%, Avg loss: 0.381473 

Epoch 96
-------------------------------
loss: 2.610503  [    0/  488]
loss: 2.319742  [   32/  488]
loss: 2.420892  [   64/  488]
loss: 2.389270  [   96/  488]
loss: 2.405306  [  128/  488]
loss: 2.453087  [  160/  488]
loss: 2.536278  [  192/  488]
loss: 2.531126  [  224/  488]
loss: 2.571084  [  256/  488]
loss: 2.406106  [  288/  488]
loss: 2.543907  [  320/  488]
loss: 2.601280  [  352/  488]
loss: 2.491125  [  384/  488]
loss: 2.380182  [  416/  488]
loss: 2.513212  [  448/  488]
loss: 2.834858  [  120/  488]
Test Error: 
 Accuracy: 85.4%, Avg loss: 0.375056 

Epoch 97
-------------------------------
loss: 2.379625  [    0/  488]
loss: 2.519342  [   32/  488]
loss: 2.652010  [   64/  488]
loss: 2.563558  [   96/  488]
loss: 2.420635  [  128/  488]
loss: 2.611914  [  160/  488]
loss: 2.430623  [  192/  488]
loss: 2.571767  [  224/  488]
loss: 2.486641  [  256/  488]
loss: 2.319216  [  288/  488]
loss: 2.422225  [  320/  488]
loss: 2.470427  [  352/  488]
loss: 2.435680  [  384/  488]
loss: 2.373876  [  416/  488]
loss: 2.490470  [  448/  488]
loss: 2.536490  [  120/  488]
Test Error: 
 Accuracy: 85.4%, Avg loss: 0.377707 

Epoch 98
-------------------------------
loss: 2.288740  [    0/  488]
loss: 2.360105  [   32/  488]
loss: 2.802695  [   64/  488]
loss: 2.569417  [   96/  488]
loss: 2.471150  [  128/  488]
loss: 2.467257  [  160/  488]
loss: 2.554334  [  192/  488]
loss: 2.623820  [  224/  488]
loss: 2.346895  [  256/  488]
loss: 2.473007  [  288/  488]
loss: 2.390004  [  320/  488]
loss: 2.428989  [  352/  488]
loss: 2.565165  [  384/  488]
loss: 2.397601  [  416/  488]
loss: 2.363864  [  448/  488]
loss: 2.769021  [  120/  488]
Test Error: 
 Accuracy: 82.1%, Avg loss: 0.378240 

Epoch 99
-------------------------------
loss: 2.476061  [    0/  488]
loss: 2.294944  [   32/  488]
loss: 2.544471  [   64/  488]
loss: 2.474615  [   96/  488]
loss: 2.726621  [  128/  488]
loss: 2.577694  [  160/  488]
loss: 2.487585  [  192/  488]
loss: 2.489702  [  224/  488]
loss: 2.639287  [  256/  488]
loss: 2.463094  [  288/  488]
loss: 2.524670  [  320/  488]
loss: 2.511597  [  352/  488]
loss: 2.381854  [  384/  488]
loss: 2.624298  [  416/  488]
loss: 2.341002  [  448/  488]
loss: 2.253347  [  120/  488]
Test Error: 
 Accuracy: 84.6%, Avg loss: 0.380744 

Epoch 100
-------------------------------
loss: 2.526199  [    0/  488]
loss: 2.651147  [   32/  488]
loss: 2.509751  [   64/  488]
loss: 2.549098  [   96/  488]
loss: 2.368710  [  128/  488]
loss: 2.467440  [  160/  488]
loss: 2.510043  [  192/  488]
loss: 2.338502  [  224/  488]
loss: 2.420803  [  256/  488]
loss: 2.597868  [  288/  488]
loss: 2.521891  [  320/  488]
loss: 2.482147  [  352/  488]
loss: 2.510204  [  384/  488]
loss: 2.400251  [  416/  488]
loss: 2.591143  [  448/  488]
loss: 2.438927  [  120/  488]
Test Error: 
 Accuracy: 83.7%, Avg loss: 0.379123 

Done!
