xs = [-280.  400. -385. -350. -200. -100.  400. -180.  500.  425.]
ys = [-300.  355. -400.  455.  385.  335.   60. -200.   10.  385.]
update_location
xs = [-276.88873  396.88873 -381.88873 -346.06469 -196.06469  -96.06469  396.06469 -176.88873  496.06469  421.88873]
ys = [-296.88873  351.88873 -396.88873  453.03192  383.03192  333.03192   61.96808 -196.88873   11.96808  381.88873]
update_location
xs = [-273.77746   393.77746  -378.77746  -342.129381 -192.129381  -92.129381  392.129381 -173.77746   492.129381  418.77746 ]
ys = [-293.77746   348.77746  -393.77746   451.063841  381.063841  331.063841   63.936159 -193.77746    13.936159  378.77746 ]
update_location
xs = [-270.66619   390.66619  -375.66619  -338.194071 -188.194071  -88.194071  388.194071 -170.66619   488.194071  415.66619 ]
ys = [-290.66619   345.66619  -390.66619   449.095761  379.095761  329.095761   65.904239 -190.66619    15.904239  375.66619 ]
update_location
xs = [-267.554921  387.554921 -372.554921 -334.258761 -184.258761  -84.258761  384.258761 -167.554921  484.258761  412.554921]
ys = [-287.554921  342.554921 -387.554921  447.127681  377.127681  327.127681   67.872319 -187.554921   17.872319  372.554921]
update_location
xs = [-264.443651  384.443651 -369.443651 -330.323452 -180.323452  -80.323452  380.323452 -164.443651  480.323452  409.443651]
ys = [-284.443651  339.443651 -384.443651  445.159601  375.159601  325.159601   69.840399 -184.443651   19.840399  369.443651]
update_location
xs = [-261.332381  381.332381 -366.332381 -326.388142 -176.388142  -76.388142  376.388142 -161.332381  476.388142  406.332381]
ys = [-281.332381  336.332381 -381.332381  443.191522  373.191522  323.191522   71.808478 -181.332381   21.808478  366.332381]
update_location
xs = [-258.221111  378.221111 -363.221111 -322.452832 -172.452832  -72.452832  372.452832 -158.221111  472.452832  403.221111]
ys = [-278.221111  333.221111 -378.221111  441.223442  371.223442  321.223442   73.776558 -178.221111   23.776558  363.221111]
update_location
xs = [-255.109841  375.109841 -360.109841 -318.517523 -168.517523  -68.517523  368.517523 -155.109841  468.517523  400.109841]
ys = [-275.109841  330.109841 -375.109841  439.255362  369.255362  319.255362   75.744638 -175.109841   25.744638  360.109841]
update_location
xs = [-251.998571  371.998571 -356.998571 -314.582213 -164.582213  -64.582213  364.582213 -151.998571  464.582213  396.998571]
ys = [-271.998571  326.998571 -371.998571  437.287282  367.287282  317.287282   77.712718 -171.998571   27.712718  356.998571]
update_location
xs = [-248.887302  368.887302 -353.887302 -310.646903 -160.646903  -60.646903  360.646903 -148.887302  460.646903  393.887302]
ys = [-268.887302  323.887302 -368.887302  435.319203  365.319203  315.319203   79.680797 -168.887302   29.680797  353.887302]
update_location
xs = [-245.776032  365.776032 -350.776032 -306.711594 -156.711594  -56.711594  356.711594 -145.776032  456.711594  390.776032]
ys = [-265.776032  320.776032 -365.776032  433.351123  363.351123  313.351123   81.648877 -165.776032   31.648877  350.776032]
update_location
xs = [-242.664762  362.664762 -347.664762 -302.776284 -152.776284  -52.776284  352.776284 -142.664762  452.776284  387.664762]
ys = [-262.664762  317.664762 -362.664762  431.383043  361.383043  311.383043   83.616957 -162.664762   33.616957  347.664762]
update_location
xs = [-239.553492  359.553492 -344.553492 -298.840974 -148.840974  -48.840974  348.840974 -139.553492  448.840974  384.553492]
ys = [-259.553492  314.553492 -359.553492  429.414963  359.414963  309.414963   85.585037 -159.553492   35.585037  344.553492]
update_location
xs = [-236.442222  356.442222 -341.442222 -294.905665 -144.905665  -44.905665  344.905665 -136.442222  444.905665  381.442222]
ys = [-256.442222  311.442222 -356.442222  427.446884  357.446884  307.446884   87.553116 -156.442222   37.553116  341.442222]
update_location
xs = [-233.330952  353.330952 -338.330952 -290.970355 -140.970355  -40.970355  340.970355 -133.330952  440.970355  378.330952]
ys = [-253.330952  308.330952 -353.330952  425.478804  355.478804  305.478804   89.521196 -153.330952   39.521196  338.330952]
update_location
xs = [-230.219683  350.219683 -335.219683 -287.035045 -137.035045  -37.035045  337.035045 -130.219683  437.035045  375.219683]
ys = [-250.219683  305.219683 -350.219683  423.510724  353.510724  303.510724   91.489276 -150.219683   41.489276  335.219683]
update_location
xs = [-227.108413  347.108413 -332.108413 -283.099736 -133.099736  -33.099736  333.099736 -127.108413  433.099736  372.108413]
ys = [-247.108413  302.108413 -347.108413  421.542645  351.542645  301.542645   93.457355 -147.108413   43.457355  332.108413]
update_location
xs = [-223.997143  343.997143 -328.997143 -279.164426 -129.164426  -29.164426  329.164426 -123.997143  429.164426  368.997143]
ys = [-243.997143  298.997143 -343.997143  419.574565  349.574565  299.574565   95.425435 -143.997143   45.425435  328.997143]
update_location
xs = [-220.885873  340.885873 -325.885873 -275.229116 -125.229116  -25.229116  325.229116 -120.885873  425.229116  365.885873]
ys = [-240.885873  295.885873 -340.885873  417.606485  347.606485  297.606485   97.393515 -140.885873   47.393515  325.885873]
update_location
xs = [-217.774603  337.774603 -322.774603 -271.293807 -121.293807  -21.293807  321.293807 -117.774603  421.293807  362.774603]
ys = [-237.774603  292.774603 -337.774603  415.638405  345.638405  295.638405   99.361595 -137.774603   49.361595  322.774603]
update_location
xs = [-214.663333  334.663333 -319.663333 -267.358497 -117.358497  -17.358497  317.358497 -114.663333  417.358497  359.663333]
ys = [-234.663333  289.663333 -334.663333  413.670326  343.670326  293.670326  101.329674 -134.663333   51.329674  319.663333]
update_location
xs = [-211.552064  331.552064 -316.552064 -263.423187 -113.423187  -13.423187  313.423187 -111.552064  413.423187  356.552064]
ys = [-231.552064  286.552064 -331.552064  411.702246  341.702246  291.702246  103.297754 -131.552064   53.297754  316.552064]
update_location
xs = [-208.440794  328.440794 -313.440794 -259.487878 -109.487878   -9.487878  309.487878 -108.440794  409.487878  353.440794]
ys = [-228.440794  283.440794 -328.440794  409.734166  339.734166  289.734166  105.265834 -128.440794   55.265834  313.440794]
update_location
xs = [-205.329524  325.329524 -310.329524 -255.552568 -105.552568   -5.552568  305.552568 -105.329524  405.552568  350.329524]
ys = [-225.329524  280.329524 -325.329524  407.766086  337.766086  287.766086  107.233914 -125.329524   57.233914  310.329524]
update_location
xs = [-202.218254  322.218254 -307.218254 -251.617258 -101.617258   -1.617258  301.617258 -102.218254  401.617258  347.218254]
ys = [-222.218254  277.218254 -322.218254  405.798007  335.798007  285.798007  109.201993 -122.218254   59.201993  307.218254]
update_location
xs = [-199.106984  319.106984 -304.106984 -247.681949  -97.681949    2.318051  297.681949  -99.106984  397.681949  344.106984]
ys = [-219.106984  274.106984 -319.106984  403.829927  333.829927  283.829927  111.170073 -119.106984   61.170073  304.106984]
update_location
xs = [-195.995714  315.995714 -300.995714 -243.746639  -93.746639    6.253361  293.746639  -95.995714  393.746639  340.995714]
ys = [-215.995714  270.995714 -315.995714  401.861847  331.861847  281.861847  113.138153 -115.995714   63.138153  300.995714]
update_location
xs = [-192.884445  312.884445 -297.884445 -239.811329  -89.811329   10.188671  289.811329  -92.884445  389.811329  337.884445]
ys = [-212.884445  267.884445 -312.884445  399.893767  329.893767  279.893767  115.106233 -112.884445   65.106233  297.884445]
update_location
xs = [-189.773175  309.773175 -294.773175 -235.87602   -85.87602    14.12398   285.87602   -89.773175  385.87602   334.773175]
ys = [-209.773175  264.773175 -309.773175  397.925688  327.925688  277.925688  117.074312 -109.773175   67.074312  294.773175]
update_location
xs = [-186.661905  306.661905 -291.661905 -231.94071   -81.94071    18.05929   281.94071   -86.661905  381.94071   331.661905]
ys = [-206.661905  261.661905 -306.661905  395.957608  325.957608  275.957608  119.042392 -106.661905   69.042392  291.661905]
update_location
xs = [-183.550635  303.550635 -288.550635 -228.0054    -78.0054     21.9946    278.0054    -83.550635  378.0054    328.550635]
ys = [-203.550635  258.550635 -303.550635  393.989528  323.989528  273.989528  121.010472 -103.550635   71.010472  288.550635]
update_location
xs = [-180.439365  300.439365 -285.439365 -224.070091  -74.070091   25.929909  274.070091  -80.439365  374.070091  325.439365]
ys = [-200.439365  255.439365 -300.439365  392.021449  322.021449  272.021449  122.978551 -100.439365   72.978551  285.439365]
update_location
xs = [-177.328095  297.328095 -282.328095 -220.134781  -70.134781   29.865219  270.134781  -77.328095  370.134781  322.328095]
ys = [-197.328095  252.328095 -297.328095  390.053369  320.053369  270.053369  124.946631  -97.328095   74.946631  282.328095]
update_location
xs = [-174.216826  294.216826 -279.216826 -216.199471  -66.199471   33.800529  266.199471  -74.216826  366.199471  319.216826]
ys = [-194.216826  249.216826 -294.216826  388.085289  318.085289  268.085289  126.914711  -94.216826   76.914711  279.216826]
update_location
xs = [-171.105556  291.105556 -276.105556 -212.264162  -62.264162   37.735838  262.264162  -71.105556  362.264162  316.105556]
ys = [-191.105556  246.105556 -291.105556  386.117209  316.117209  266.117209  128.882791  -91.105556   78.882791  276.105556]
update_location
xs = [-167.994286  287.994286 -272.994286 -208.328852  -58.328852   41.671148  258.328852  -67.994286  358.328852  312.994286]
ys = [-187.994286  242.994286 -287.994286  384.14913   314.14913   264.14913   130.85087   -87.994286   80.85087   272.994286]
update_location
xs = [-164.883016  284.883016 -269.883016 -204.393542  -54.393542   45.606458  254.393542  -64.883016  354.393542  309.883016]
ys = [-184.883016  239.883016 -284.883016  382.18105   312.18105   262.18105   132.81895   -84.883016   82.81895   269.883016]
update_location
xs = [-161.771746  281.771746 -266.771746 -200.458233  -50.458233   49.541767  250.458233  -61.771746  350.458233  306.771746]
ys = [-181.771746  236.771746 -281.771746  380.21297   310.21297   260.21297   134.78703   -81.771746   84.78703   266.771746]
update_location
xs = [-158.660476  278.660476 -263.660476 -196.522923  -46.522923   53.477077  246.522923  -58.660476  346.522923  303.660476]
ys = [-178.660476  233.660476 -278.660476  378.24489   308.24489   258.24489   136.75511   -78.660476   86.75511   263.660476]
update_location
xs = [-155.549207  275.549207 -260.549207 -192.587613  -42.587613   57.412387  242.587613  -55.549207  342.587613  300.549207]
ys = [-175.549207  230.549207 -275.549207  376.276811  306.276811  256.276811  138.723189  -75.549207   88.723189  260.549207]
update_location
xs = [-152.437937  272.437937 -257.437937 -188.652304  -38.652304   61.347696  238.652304  -52.437937  338.652304  297.437937]
ys = [-172.437937  227.437937 -272.437937  374.308731  304.308731  254.308731  140.691269  -72.437937   90.691269  257.437937]
update_location
xs = [-149.326667  269.326667 -254.326667 -184.716994  -34.716994   65.283006  234.716994  -49.326667  334.716994  294.326667]
ys = [-169.326667  224.326667 -269.326667  372.340651  302.340651  252.340651  142.659349  -69.326667   92.659349  254.326667]
update_location
xs = [-146.215397  266.215397 -251.215397 -180.781684  -30.781684   69.218316  230.781684  -46.215397  330.781684  291.215397]
ys = [-166.215397  221.215397 -266.215397  370.372571  300.372571  250.372571  144.627429  -66.215397   94.627429  251.215397]
update_location
xs = [-143.104127  263.104127 -248.104127 -176.846375  -26.846375   73.153625  226.846375  -43.104127  326.846375  288.104127]
ys = [-163.104127  218.104127 -263.104127  368.404492  298.404492  248.404492  146.595508  -63.104127   96.595508  248.104127]
update_location
xs = [-139.992857  259.992857 -244.992857 -172.911065  -22.911065   77.088935  222.911065  -39.992857  322.911065  284.992857]
ys = [-159.992857  214.992857 -259.992857  366.436412  296.436412  246.436412  148.563588  -59.992857   98.563588  244.992857]
update_location
xs = [-136.881587  256.881587 -241.881587 -168.975755  -18.975755   81.024245  218.975755  -36.881587  318.975755  281.881587]
ys = [-156.881587  211.881587 -256.881587  364.468332  294.468332  244.468332  150.531668  -56.881587  100.531668  241.881587]
update_location
xs = [-133.770318  253.770318 -238.770318 -165.040446  -15.040446   84.959554  215.040446  -33.770318  315.040446  278.770318]
ys = [-153.770318  208.770318 -253.770318  362.500253  292.500253  242.500253  152.499747  -53.770318  102.499747  238.770318]
update_location
xs = [-130.659048  250.659048 -235.659048 -161.105136  -11.105136   88.894864  211.105136  -30.659048  311.105136  275.659048]
ys = [-150.659048  205.659048 -250.659048  360.532173  290.532173  240.532173  154.467827  -50.659048  104.467827  235.659048]
update_location
xs = [-127.547778  247.547778 -232.547778 -157.169826   -7.169826   92.830174  207.169826  -27.547778  307.169826  272.547778]
ys = [-147.547778  202.547778 -247.547778  358.564093  288.564093  238.564093  156.435907  -47.547778  106.435907  232.547778]
update_location
xs = [-124.436508  244.436508 -229.436508 -153.234517   -3.234517   96.765483  203.234517  -24.436508  303.234517  269.436508]
ys = [-144.436508  199.436508 -244.436508  356.596013  286.596013  236.596013  158.403987  -44.436508  108.403987  229.436508]
update_location
xs = [-121.325238  241.325238 -226.325238 -149.299207    0.700793  100.700793  199.299207  -21.325238  299.299207  266.325238]
ys = [-141.325238  196.325238 -241.325238  354.627934  284.627934  234.627934  160.372066  -41.325238  110.372066  226.325238]
update_location
xs = [-118.213968  238.213968 -223.213968 -145.363897    4.636103  104.636103  195.363897  -18.213968  295.363897  263.213968]
ys = [-138.213968  193.213968 -238.213968  352.659854  282.659854  232.659854  162.340146  -38.213968  112.340146  223.213968]
update_location
xs = [-115.102699  235.102699 -220.102699 -141.428588    8.571412  108.571412  191.428588  -15.102699  291.428588  260.102699]
ys = [-135.102699  190.102699 -235.102699  350.691774  280.691774  230.691774  164.308226  -35.102699  114.308226  220.102699]
update_location
xs = [-111.991429  231.991429 -216.991429 -137.493278   12.506722  112.506722  187.493278  -11.991429  287.493278  256.991429]
ys = [-131.991429  186.991429 -231.991429  348.723694  278.723694  228.723694  166.276306  -31.991429  116.276306  216.991429]
update_location
xs = [-108.880159  228.880159 -213.880159 -133.557968   16.442032  116.442032  183.557968   -8.880159  283.557968  253.880159]
ys = [-128.880159  183.880159 -228.880159  346.755615  276.755615  226.755615  168.244385  -28.880159  118.244385  213.880159]
update_location
xs = [-105.768889  225.768889 -210.768889 -129.622659   20.377341  120.377341  179.622659   -5.768889  279.622659  250.768889]
ys = [-125.768889  180.768889 -225.768889  344.787535  274.787535  224.787535  170.212465  -25.768889  120.212465  210.768889]
update_location
xs = [-102.657619  222.657619 -207.657619 -125.687349   24.312651  124.312651  175.687349   -2.657619  275.687349  247.657619]
ys = [-122.657619  177.657619 -222.657619  342.819455  272.819455  222.819455  172.180545  -22.657619  122.180545  207.657619]
update_location
xs = [ -99.546349  219.546349 -204.546349 -121.752039   28.247961  128.247961  171.752039    0.453651  271.752039  244.546349]
ys = [-119.546349  174.546349 -219.546349  340.851375  270.851375  220.851375  174.148625  -19.546349  124.148625  204.546349]
update_location
xs = [ -96.43508  216.43508 -201.43508 -117.81673   32.18327  132.18327  167.81673    3.56492  267.81673  241.43508]
ys = [-116.43508   171.43508  -216.43508   338.883296  268.883296  218.883296  176.116704  -16.43508   126.116704  201.43508 ]
update_location
xs = [ -93.32381  213.32381 -198.32381 -113.88142   36.11858  136.11858  163.88142    6.67619  263.88142  238.32381]
ys = [-113.32381   168.32381  -213.32381   336.915216  266.915216  216.915216  178.084784  -13.32381   128.084784  198.32381 ]
update_location
xs = [ -90.21254  210.21254 -195.21254 -109.94611   40.05389  140.05389  159.94611    9.78746  259.94611  235.21254]
ys = [-110.21254   165.21254  -210.21254   334.947136  264.947136  214.947136  180.052864  -10.21254   130.052864  195.21254 ]
update_location
xs = [ -87.10127   207.10127  -192.10127  -106.010801   43.989199  143.989199  156.010801   12.89873   256.010801  232.10127 ]
ys = [-107.10127   162.10127  -207.10127   332.979057  262.979057  212.979057  182.020943   -7.10127   132.020943  192.10127 ]
update_location
xs = [ -83.99      203.99     -188.99     -102.075491   47.924509  147.924509  152.075491   16.01      252.075491  228.99    ]
ys = [-103.99      158.99     -203.99      331.010977  261.010977  211.010977  183.989023   -3.99      133.989023  188.99    ]
update_location
xs = [ -80.87873   200.87873  -185.87873   -98.140181   51.859819  151.859819  148.140181   19.12127   248.140181  225.87873 ]
ys = [-100.87873   155.87873  -200.87873   329.042897  259.042897  209.042897  185.957103   -0.87873   135.957103  185.87873 ]
update_location
xs = [ -77.767461  197.767461 -182.767461  -94.204872   55.795128  155.795128  144.204872   22.232539  244.204872  222.767461]
ys = [ -97.767461  152.767461 -197.767461  327.074817  257.074817  207.074817  187.925183    2.232539  137.925183  182.767461]
update_location
xs = [ -74.656191  194.656191 -179.656191  -90.269562   59.730438  159.730438  140.269562   25.343809  240.269562  219.656191]
ys = [ -94.656191  149.656191 -194.656191  325.106738  255.106738  205.106738  189.893262    5.343809  139.893262  179.656191]
update_location
xs = [ -71.544921  191.544921 -176.544921  -86.334252   63.665748  163.665748  136.334252   28.455079  236.334252  216.544921]
ys = [ -91.544921  146.544921 -191.544921  323.138658  253.138658  203.138658  191.861342    8.455079  141.861342  176.544921]
update_location
xs = [ -68.433651  188.433651 -173.433651  -82.398943   67.601057  167.601057  132.398943   31.566349  232.398943  220.480231]
ys = [ -88.433651  143.433651 -188.433651  321.170578  251.170578  201.170578  193.829422   11.566349  143.829422  174.576841]
update_location
xs = [ -65.322381  185.322381 -170.322381  -78.463633   71.536367  171.536367  128.463633   34.677619  228.463633  224.41554 ]
ys = [ -85.322381  140.322381 -185.322381  319.202498  249.202498  199.202498  195.797502   14.677619  145.797502  172.608761]
update_location
xs = [ -62.211111  182.211111 -167.211111  -74.528323   75.471677  175.471677  124.528323   37.788889  224.528323  228.35085 ]
ys = [ -82.211111  137.211111 -182.211111  317.234419  247.234419  197.234419  197.765581   17.788889  147.765581  170.640682]
update_location
xs = [ -59.099842  179.099842 -164.099842  -70.593014   79.406986  179.406986  120.593014   40.900158  220.593014  232.28616 ]
ys = [ -79.099842  134.099842 -179.099842  315.266339  245.266339  195.266339  199.733661   20.900158  149.733661  168.672602]
update_location
xs = [ -55.988572  175.988572 -160.988572  -66.657704   83.342296  183.342296  116.657704   44.011428  216.657704  236.221469]
ys = [ -75.988572  130.988572 -175.988572  313.298259  243.298259  193.298259  201.701741   24.011428  151.701741  166.704522]
update_location
xs = [ -52.877302  172.877302 -157.877302  -62.722394   87.277606  187.277606  112.722394   47.122698  212.722394  240.156779]
ys = [ -72.877302  127.877302 -172.877302  311.330179  241.330179  191.330179  203.669821   27.122698  153.669821  164.736443]
update_location
xs = [ -49.766032  169.766032 -154.766032  -58.787085   91.212915  191.212915  108.787085   50.233968  208.787085  244.092089]
ys = [ -69.766032  124.766032 -169.766032  309.3621    239.3621    189.3621    205.6379     30.233968  155.6379    162.768363]
update_location
xs = [ -46.654762  166.654762 -151.654762  -54.851775   95.148225  194.324185  104.851775   53.345238  205.675815  248.027398]
ys = [ -66.654762  121.654762 -166.654762  307.39402   237.39402   192.47337   207.60598    33.345238  152.52663   160.800283]
update_location
xs = [ -43.543492  163.543492 -148.543492  -50.916465   99.083535  197.435455  100.916465   56.456508  202.564545  251.962708]
ys = [ -63.543492  118.543492 -163.543492  305.42594   235.42594   195.584639  209.57406    36.456508  149.415361  158.832203]
update_location
xs = [ -40.432223  160.432223 -145.432223  -46.981156  103.018844  200.546725   96.981156   59.567777  199.453275  255.898018]
ys = [ -60.432223  115.432223 -160.432223  303.457861  233.457861  198.695909  211.542139   39.567777  146.304091  156.864124]
update_location
xs = [ -37.320953  157.320953 -142.320953  -43.045846  106.954154  203.657995   93.045846   62.679047  196.342005  259.833327]
ys = [ -57.320953  112.320953 -157.320953  301.489781  231.489781  201.807179  213.510219   42.679047  143.192821  154.896044]
update_location
xs = [ -34.209683  154.209683 -139.209683  -39.110536  110.889464  206.769264   89.110536   65.790317  193.230736  263.768637]
ys = [ -54.209683  109.209683 -154.209683  299.521701  229.521701  204.918449  215.478299   45.790317  140.081551  152.927964]
update_location
xs = [ -31.098413  151.098413 -136.098413  -35.175227  114.824773  209.880534   85.175227   68.901587  190.119466  267.703947]
ys = [ -51.098413  106.098413 -151.098413  297.553621  227.553621  208.029719  217.446379   48.901587  136.970281  150.959884]
update_location
xs = [ -27.987143  147.987143 -132.987143  -31.239917  118.760083  212.991804   81.239917   72.012857  187.008196  271.639256]
ys = [ -47.987143  102.987143 -147.987143  295.585542  225.585542  211.140989  219.414458   52.012857  133.859011  148.991805]
update_location
xs = [ -24.875873  144.875873 -129.875873  -27.304607  122.695393  216.103074   77.304607   75.124127  183.896926  275.574566]
ys = [ -44.875873   99.875873 -144.875873  293.617462  223.617462  214.252258  221.382538   55.124127  130.747742  147.023725]
update_location
xs = [ -21.764604  141.764604 -126.764604  -23.369298  126.630702  219.214344   73.369298   78.235396  180.785656  279.509876]
ys = [ -41.764604   96.764604 -141.764604  291.649382  221.649382  217.363528  223.350618   58.235396  127.636472  145.055645]
update_location
xs = [ -18.653334  138.653334 -123.653334  -19.433988  130.566012  222.325614   69.433988   81.346666  177.674386  283.445185]
ys = [ -38.653334   93.653334 -138.653334  289.681302  219.681302  220.474798  225.318698   61.346666  124.525202  143.087565]
update_location
xs = [ -15.542064  135.542064 -120.542064  -15.498678  134.501322  225.436883   65.498678   84.457936  174.563117  287.380495]
ys = [ -35.542064   90.542064 -135.542064  287.713223  217.713223  223.586068  227.286777   64.457936  121.413932  141.119486]
update_location
xs = [ -12.430794  132.430794 -117.430794  -11.563369  138.436631  228.548153   61.563369   87.569206  171.451847  291.315805]
ys = [ -32.430794   87.430794 -132.430794  285.745143  215.745143  226.697338  229.254857   67.569206  118.302662  139.151406]
update_location
xs = [  -9.319524  129.319524 -114.319524   -7.628059  142.371941  231.659423   57.628059   90.680476  168.340577  295.251114]
ys = [ -29.319524   84.319524 -129.319524  283.777063  213.777063  229.808608  231.222937   70.680476  115.191392  137.183326]
update_location
xs = [  -6.208254  126.208254 -111.208254   -3.692749  146.307251  234.770693   53.692749   93.791746  165.229307  299.186424]
ys = [ -26.208254   81.208254 -126.208254  281.808983  211.808983  232.919877  233.191017   73.791746  112.080123  135.215247]
update_location
xs = [-3.096984e+00  1.230970e+02 -1.080970e+02  2.425602e-01  1.502426e+02  2.378820e+02  4.975744e+01  9.690302e+01  1.621180e+02  3.031217e+02]
ys = [ -23.096984   78.096984 -123.096984  279.840904  209.840904  236.031147  235.159096   76.903016  108.968853  133.247167]
update_location
xs = [ 1.428535e-02  1.199857e+02 -1.049857e+02  4.177870e+00  1.541779e+02  2.409932e+02  4.582213e+01  1.000143e+02  1.590068e+02  3.070570e+02]
ys = [ -19.985715   74.985715 -119.985715  277.872824  207.872824  239.142417  237.127176   80.014285  105.857583  131.279087]
update_location
xs = [   3.125555  116.874445 -101.874445    8.11318   158.11318   244.104502   41.88682   103.125555  155.895498  310.992353]
ys = [ -16.874445   71.874445 -116.874445  275.904744  205.904744  242.253687  239.095256   83.125555  102.746313  129.311007]
update_location
xs = [  6.236825 113.763175 -98.763175  12.048489 162.048489 247.215772  37.951511 106.236825 152.784228 314.927663]
ys = [ -13.763175   68.763175 -113.763175  273.936665  203.936665  245.364957  241.063335   86.236825   99.635043  127.342928]
update_location
xs = [  9.348095 110.651905 -95.651905  15.983799 165.983799 250.327042  34.016201 109.348095 149.672958 318.862972]
ys = [ -10.651905   65.651905 -110.651905  271.968585  201.968585  248.476227  243.031415   89.348095   96.523773  125.374848]
update_location
xs = [ 12.459365 107.540635 -92.540635  19.919109 169.919109 253.438312  30.080891 112.459365 146.561688 322.798282]
ys = [  -7.540635   62.540635 -107.540635  270.000505  200.000505  251.587496  244.999495   92.459365   93.412504  123.406768]
update_location
xs = [ 15.570635 104.429365 -89.429365  23.854418 173.854418 256.549582  26.145582 115.570635 143.450418 326.733592]
ys = [  -4.429365   59.429365 -104.429365  268.032425  198.032425  254.698766  246.967575   95.570635   90.301234  121.438688]
update_location
xs = [ 18.681904 101.318096 -86.318096  27.789728 177.789728 259.660852  22.210272 118.681904 140.339148 330.668901]
ys = [  -1.318096   56.318096 -101.318096  266.064346  196.064346  257.810036  248.935654   98.681904   87.189964  119.470609]
update_location
xs = [ 21.793174  98.206826 -83.206826  31.725038 181.725038 262.772122  18.274962 121.793174 137.227878 334.604211]
ys = [  1.793174  53.206826 -98.206826 264.096266 194.096266 260.921306 250.903734 101.793174  84.078694 117.502529]
update_location
xs = [ 24.904444  95.095556 -80.095556  35.660347 185.660347 265.883391  14.339653 124.904444 134.116609 338.539521]
ys = [  4.904444  50.095556 -95.095556 262.128186 192.128186 264.032576 252.871814 104.904444  80.967424 115.534449]
update_location
xs = [ 28.015714  91.984286 -76.984286  39.595657 189.595657 268.994661  10.404343 128.015714 131.005339 342.47483 ]
ys = [  8.015714  46.984286 -91.984286 260.160106 190.160106 267.143846 254.839894 108.015714  77.856154 113.566369]
update_location
xs = [ 31.126984  88.873016 -73.873016  43.530967 193.530967 272.105931   6.469033 131.126984 127.894069 346.41014 ]
ys = [ 11.126984  43.873016 -88.873016 258.192027 188.192027 270.255116 256.807973 111.126984  74.744884 111.59829 ]
update_location
xs = [ 34.238254  85.761746 -70.761746  47.466276 197.466276 275.217201   2.533724 134.238254 124.782799 350.34545 ]
ys = [ 14.238254  40.761746 -85.761746 256.223947 186.223947 273.366385 258.776053 114.238254  71.633615 109.63021 ]
update_location
xs = [ 37.349523  82.650477 -67.650477  51.401586 201.401586 278.328471  -1.401586 137.349523 121.671529 354.280759]
ys = [ 17.349523  37.650477 -82.650477 254.255867 184.255867 276.477655 260.744133 117.349523  68.522345 107.66213 ]
update_location
xs = [ 40.460793  79.539207 -64.539207  55.336896 205.336896 281.439741  -5.336896 140.460793 118.560259 358.216069]
ys = [ 20.460793  34.539207 -79.539207 252.287787 182.287787 279.588925 262.712213 120.460793  65.411075 105.694051]
update_location
xs = [ 43.572063  76.427937 -61.427937  59.272205 209.272205 284.55101   -9.272205 143.572063 115.44899  362.151379]
ys = [ 23.572063  31.427937 -76.427937 250.319708 180.319708 282.700195 264.680292 123.572063  62.299805 103.725971]
update_location
xs = [ 46.683333  73.316667 -58.316667  63.207515 213.207515 287.66228  -13.207515 146.683333 112.33772  366.086688]
ys = [ 26.683333  28.316667 -73.316667 248.351628 178.351628 285.811465 266.648372 126.683333  59.188535 101.757891]
update_location
xs = [ 49.794603  70.205397 -55.205397  67.142825 217.142825 290.77355  -17.142825 149.794603 109.22645  370.021998]
ys = [ 29.794603  25.205397 -70.205397 246.383548 176.383548 288.922735 268.616452 129.794603  56.077265  99.789811]
update_location
xs = [ 52.905873  67.094127 -52.094127  71.078134 221.078134 293.88482  -21.078134 152.905873 106.11518  373.957308]
ys = [ 32.905873  22.094127 -67.094127 244.415469 174.415469 292.034004 270.584531 132.905873  52.965996  97.821732]
update_location
xs = [ 56.017142  63.982858 -48.982858  75.013444 225.013444 296.99609  -25.013444 156.017142 103.00391  377.892617]
ys = [ 36.017142  18.982858 -63.982858 242.447389 172.447389 295.145274 272.552611 136.017142  49.854726  95.853652]
update_location
xs = [ 59.128412  60.871588 -45.871588  78.948754 228.948754 300.10736  -28.948754 159.128412  99.89264  381.827927]
ys = [ 39.128412  15.871588 -60.871588 240.479309 170.479309 298.256544 274.520691 139.128412  46.743456  93.885572]
update_location
xs = [ 62.239682  57.760318 -42.760318  82.884063 232.884063 303.218629 -32.884063 162.239682  96.781371 385.763237]
ys = [ 42.239682  12.760318 -57.760318 238.511229 168.511229 301.367814 276.488771 142.239682  43.632186  91.917492]
update_location
xs = [ 65.350952  54.649048 -39.649048  86.819373 236.819373 306.329899 -36.819373 165.350952  93.670101 389.698546]
ys = [ 45.350952   9.649048 -54.649048 236.54315  166.54315  304.479084 278.45685  145.350952  40.520916  89.949413]
update_location
xs = [ 68.462222  51.537778 -36.537778  90.754683 240.754683 309.441169 -40.754683 168.462222  90.558831 393.633856]
ys = [ 48.462222   6.537778 -51.537778 234.57507  164.57507  307.590354 280.42493  148.462222  37.409646  87.981333]
update_location
xs = [ 71.573492  48.426508 -33.426508  94.689992 244.689992 312.552439 -44.689992 171.573492  87.447561 397.569166]
ys = [ 51.573492   3.426508 -48.426508 232.60699  162.60699  310.701623 282.39301  151.573492  34.298377  86.013253]
update_location
xs = [ 74.684761  45.315239 -30.315239  98.625302 248.625302 315.663709 -48.625302 174.684761  84.336291 401.504475]
ys = [ 54.684761   0.315239 -45.315239 230.63891  160.63891  313.812893 284.36109  154.684761  31.187107  84.045173]
update_location
xs = [ 77.796031  42.203969 -27.203969 102.560612 252.560612 318.774979 -52.560612 177.796031  81.225021 405.439785]
ys = [ 57.796031  -2.796031 -42.203969 228.670831 158.670831 316.924163 286.329169 157.796031  28.075837  82.077094]
update_location
xs = [ 80.907301  39.092699 -24.092699 106.495921 256.495921 321.886248 -56.495921 180.907301  78.113752 409.375095]
ys = [ 60.907301  -5.907301 -39.092699 226.702751 156.702751 320.035433 288.297249 160.907301  24.964567  80.109014]
update_location
xs = [ 84.018571  35.981429 -20.981429 110.431231 260.431231 324.997518 -60.431231 184.018571  75.002482 413.310404]
ys = [ 64.018571  -9.018571 -35.981429 224.734671 154.734671 323.146703 290.265329 164.018571  21.853297  78.140934]
update_location
xs = [ 87.129841  32.870159 -17.870159 114.366541 264.366541 328.108788 -64.366541 180.083261  71.891212 417.245714]
ys = [ 67.129841 -12.129841 -32.870159 222.766592 152.766592 326.257973 292.233408 165.986651  18.742027  76.172855]
update_location
xs = [ 90.241111  29.758889 -14.758889 118.30185  268.30185  331.220058 -68.30185  176.147952  68.779942 421.181024]
ys = [ 70.241111 -15.241111 -29.758889 220.798512 150.798512 329.369242 294.201488 167.95473   15.630758  74.204775]
update_location
xs = [ 93.35238   26.64762  -11.64762  122.23716  272.23716  334.331328 -72.23716  172.212642  65.668672 425.116333]
ys = [ 73.35238  -18.35238  -26.64762  218.830432 148.830432 332.480512 296.169568 169.92281   12.519488  72.236695]
update_location
xs = [ 96.46365   23.53635   -8.53635  126.17247  276.17247  337.442598 -76.17247  168.277332  62.557402 429.051643]
ys = [ 76.46365  -21.46365  -23.53635  216.862352 146.862352 335.591782 298.137648 171.89089    9.408218  70.268615]
update_location
xs = [ 99.57492   20.42508   -5.42508  130.107779 280.107779 340.553867 -80.107779 164.342023  59.446133 432.986953]
ys = [ 79.57492  -24.57492  -20.42508  214.894273 144.894273 338.703052 300.105727 173.85897    6.296948  68.300536]
update_location
xs = [102.68619   17.31381   -2.31381  134.043089 284.043089 343.665137 -84.043089 160.406713  56.334863 436.922262]
ys = [ 82.68619  -27.68619  -17.31381  212.926193 142.926193 341.814322 302.073807 175.827049   3.185678  66.332456]
update_location
xs = [105.79746   14.20254    0.79746  137.978399 287.978399 346.776407 -87.978399 156.471403  53.223593 440.857572]
ys = [ 8.579746e+01 -3.079746e+01 -1.420254e+01  2.109581e+02  1.409581e+02  3.449256e+02  3.040419e+02  1.777951e+02  7.440838e-02  6.436438e+01]
update_location
xs = [108.90873   11.09127    3.90873  141.913708 291.913708 349.887677 -91.913708 152.536094  50.112323 444.792882]
ys = [ 88.90873  -33.90873  -11.09127  208.990033 138.990033 348.036861 306.009967 179.763209  -3.036861  62.396296]
update_location
xs = [112.019999   7.980001   7.019999 145.849018 295.849018 352.998947 -95.849018 148.600784  47.001053 448.728191]
ys = [ 92.019999 -37.019999  -7.980001 207.021954 137.021954 351.148131 307.978046 181.731289  -6.148131  60.428217]
update_location
xs = [115.131269   4.868731  10.131269 149.784328 299.784328 356.110217 -99.784328 144.665474  43.889783 452.663501]
ys = [ 95.131269 -40.131269  -4.868731 205.053874 135.053874 354.259401 309.946126 183.699368  -9.259401  58.460137]
update_location
xs = [ 118.242539    1.757461   13.242539  153.719637  303.719637  359.221486 -103.719637  140.730165   40.778514  456.598811]
ys = [ 98.242539 -43.242539  -1.757461 203.085794 133.085794 357.370671 311.914206 185.667448 -12.370671  56.492057]
update_location
xs = [ 121.353809   -1.353809   16.353809  157.654947  307.654947  362.332756 -107.654947  136.794855   37.667244  460.53412 ]
ys = [101.353809 -46.353809   1.353809 201.117714 131.117714 360.481941 313.882286 187.635528 -15.481941  54.523977]
update_location
xs = [ 124.465079   -4.465079   19.465079  161.590257  311.590257  365.444026 -111.590257  132.859545   34.555974  464.46943 ]
ys = [104.465079 -49.465079   4.465079 199.149635 129.149635 363.593211 315.850365 189.603607 -18.593211  52.555898]
update_location
xs = [ 127.576349   -7.576349   22.576349  165.525566  315.525566  368.555296 -115.525566  128.924236   31.444704  468.40474 ]
ys = [107.576349 -52.576349   7.576349 197.181555 127.181555 366.70448  317.818445 191.571687 -21.70448   50.587818]
update_location
xs = [ 130.687619  -10.687619   25.687619  169.460876  319.460876  371.666566 -119.460876  124.988926   28.333434  472.340049]
ys = [110.687619 -55.687619  10.687619 195.213475 125.213475 369.81575  319.786525 193.539767 -24.81575   48.619738]
update_location
xs = [ 133.798888  -13.798888   28.798888  173.396186  323.396186  374.777836 -123.396186  121.053616   25.222164  476.275359]
ys = [113.798888 -58.798888  13.798888 193.245396 123.245396 372.92702  321.754604 195.507847 -27.92702   46.651659]
update_location
xs = [ 136.910158  -16.910158   31.910158  177.331495  327.331495  377.889105 -127.331495  117.118307   22.110895  480.210669]
ys = [116.910158 -61.910158  16.910158 191.277316 121.277316 376.03829  323.722684 197.475926 -31.03829   44.683579]
update_location
xs = [ 140.021428  -20.021428   35.021428  181.266805  331.266805  381.000375 -131.266805  113.182997   18.999625  484.145978]
ys = [120.021428 -65.021428  20.021428 189.309236 119.309236 379.14956  325.690764 199.444006 -34.14956   42.715499]
update_location
xs = [ 143.132698  -23.132698   38.132698  185.202115  335.202115  384.111645 -135.202115  109.247687   15.888355  488.081288]
ys = [123.132698 -68.132698  23.132698 187.341156 117.341156 382.26083  327.658844 201.412086 -37.26083   40.747419]
update_location
xs = [ 146.243968  -26.243968   41.243968  189.137424  339.137424  387.222915 -139.137424  105.312378   12.777085  492.016598]
ys = [126.243968 -71.243968  26.243968 185.373077 115.373077 385.372099 329.626923 203.380166 -40.372099  38.77934 ]
update_location
xs = [ 149.355238  -29.355238   44.355238  192.248694  343.072734  390.334185 -143.072734  101.377068    9.665815  495.951907]
ys = [129.355238 -74.355238  29.355238 188.484346 113.404997 388.483369 331.595003 205.348245 -43.483369  36.81126 ]
update_location
xs = [ 152.466507  -32.466507   47.466507  195.359964  347.008044  393.445455 -147.008044   97.441758    6.554545  499.887217]
ys = [132.466507 -77.466507  32.466507 191.595616 111.436917 391.594639 333.563083 207.316325 -46.594639  34.84318 ]
update_location
xs = [ 155.577777  -35.577777   50.577777  198.471234  350.943353  396.556725 -150.943353   93.506449    3.443275  503.822526]
ys = [135.577777 -80.577777  35.577777 194.706886 109.468837 394.705909 335.531163 209.284405 -49.705909  32.8751  ]
update_location
xs = [ 1.586890e+02 -3.868905e+01  5.368905e+01  2.015825e+02  3.548787e+02  3.996680e+02 -1.548787e+02  8.957114e+01  3.320056e-01  5.077578e+02]
ys = [138.689047 -83.689047  38.689047 197.818156 107.500758 397.817179 337.499242 211.252485 -52.817179  30.907021]
update_location
xs = [ 161.800317  -41.800317   56.800317  204.693773  358.813973  402.779264 -158.813973   85.635829   -2.779264  511.693146]
ys = [141.800317 -86.800317  41.800317 200.929426 105.532678 400.928449 339.467322 213.220564 -55.928449  28.938941]
update_location
xs = [ 164.911587  -44.911587   59.911587  207.805043  362.749282  405.890534 -162.749282   81.70052    -5.890534  515.628455]
ys = [144.911587 -89.911587  44.911587 204.040696 103.564598 404.039719 341.435402 215.188644 -59.039719  26.970861]
update_location
xs = [ 168.022857  -48.022857   63.022857  210.916313  366.684592  409.001804 -166.684592   77.76521    -9.001804  519.563765]
ys = [148.022857 -93.022857  48.022857 207.151965 101.596518 407.150988 343.403482 217.156724 -62.150988  25.002781]
update_location
xs = [ 171.134126  -51.134126   66.134126  214.027583  370.619902  412.113074 -170.619902   73.8299    -12.113074  523.499075]
ys = [151.134126 -96.134126  51.134126 210.263235  99.628439 410.262258 345.371561 219.124803 -65.262258  23.034702]
update_location
xs = [ 174.245396  -54.245396   69.245396  217.138853  374.555211  415.224344 -174.555211   69.894591  -15.224344  527.434384]
ys = [154.245396 -99.245396  54.245396 213.374505  97.660359 413.373528 347.339641 221.092883 -68.373528  21.066622]
update_location
xs = [ 177.356666  -57.356666   72.356666  220.250123  378.490521  418.335613 -178.490521   65.959281  -18.335613  531.369694]
ys = [ 157.356666 -102.356666   57.356666  216.485775   95.692279  416.484798  349.307721  223.060963  -71.484798   19.098542]
update_location
xs = [ 180.467936  -60.467936   75.467936  223.361392  382.425831  421.446883 -182.425831   62.023971  -21.446883  535.305004]
ys = [ 160.467936 -105.467936   60.467936  219.597045   93.7242    419.596068  351.2758    225.029043  -74.596068   17.130463]
update_location
xs = [ 183.579206  -63.579206   78.579206  226.472662  386.36114   424.558153 -186.36114    58.088662  -24.558153  539.240313]
ys = [ 163.579206 -108.579206   63.579206  222.708315   91.75612   422.707338  353.24388   226.997122  -77.707338   15.162383]
update_location
xs = [ 186.690476  -66.690476   81.690476  229.583932  390.29645   427.669423 -190.29645    54.153352  -27.669423  543.175623]
ys = [ 166.690476 -111.690476   66.690476  225.819584   89.78804   425.818607  355.21196   228.965202  -80.818607   13.194303]
update_location
xs = [ 189.801745  -69.801745   84.801745  232.695202  394.23176   430.780693 -194.23176    50.218042  -30.780693  547.110933]
ys = [ 169.801745 -114.801745   69.801745  228.930854   87.81996   428.929877  357.18004   230.933282  -83.929877   11.226223]
update_location
xs = [ 192.913015  -72.913015   87.913015  235.806472  398.167069  433.891963 -198.167069   46.282733  -33.891963  551.046242]
ys = [ 172.913015 -117.913015   72.913015  232.042124   85.851881  432.041147  359.148119  232.901362  -87.041147    9.258144]
update_location
xs = [ 196.024285  -76.024285   91.024285  238.917742  402.102379  437.003232 -202.102379   42.347423  -37.003232  554.981552]
ys = [ 176.024285 -121.024285   76.024285  235.153394   83.883801  435.152417  361.116199  234.869441  -90.152417    7.290064]
update_location
xs = [ 199.135555  -79.135555   94.135555  242.029011  406.037689  440.114502 -206.037689   38.412113  -40.114502  558.916862]
ys = [ 179.135555 -124.135555   79.135555  238.264664   81.915721  438.263687  363.084279  236.837521  -93.263687    5.321984]
update_location
xs = [ 202.246825  -82.246825   97.246825  245.140281  409.972998  443.225772 -209.972998   34.476804  -43.225772  562.852171]
ys = [ 182.246825 -127.246825   82.246825  241.375934   79.947641  441.374957  365.052359  238.805601  -96.374957    3.353904]
update_location
xs = [ 205.358095  -85.358095  100.358095  248.251551  413.908308  446.337042 -213.908308   30.541494  -46.337042  566.787481]
ys = [ 185.358095 -130.358095   85.358095  244.487203   77.979562  444.486226  367.020438  240.773681  -99.486226    1.385825]
update_location
xs = [ 208.469364  -88.469364  103.469364  251.362821  417.843618  449.448312 -217.843618   26.606184  -49.448312  570.722791]
ys = [ 188.469364 -133.469364   88.469364  247.598473   76.011482  447.597496  368.988518  242.74176  -102.597496   -0.582255]
update_location
xs = [ 211.580634  -91.580634  106.580634  254.474091  421.778927  452.559582 -221.778927   22.670875  -52.559582  574.6581  ]
ys = [ 191.580634 -136.580634   91.580634  250.709743   74.043402  450.708766  370.956598  244.70984  -105.708766   -2.550335]
update_location
xs = [ 214.691904  -94.691904  109.691904  257.585361  425.714237  455.670851 -225.714237   18.735565  -55.670851  578.59341 ]
ys = [ 194.691904 -139.691904   94.691904  253.821013   72.075322  453.820036  372.924678  246.67792  -108.820036   -4.518415]
update_location
xs = [ 217.803174  -97.803174  112.803174  260.69663   429.649547  458.782121 -229.649547   14.800255  -58.782121  582.52872 ]
ys = [ 197.803174 -142.803174   97.803174  256.932283   70.107243  456.931306  374.892757  248.645999 -111.931306   -6.486494]
update_location
xs = [ 220.914444 -100.914444  115.914444  263.8079    433.584856  461.893391 -233.584856   10.864946  -61.893391  586.464029]
ys = [ 200.914444 -145.914444  100.914444  260.043553   68.139163  460.042576  376.860837  250.614079 -115.042576   -8.454574]
update_location
xs = [ 224.025714 -104.025714  119.025714  266.91917   437.520166  465.004661 -237.520166    6.929636  -65.004661  590.399339]
ys = [ 204.025714 -149.025714  104.025714  263.154823   66.171083  463.153845  378.828917  252.582159 -118.153845  -10.422654]
update_location
xs = [ 227.136983 -107.136983  122.136983  270.03044   441.455475  468.115931 -241.455475    2.994326  -68.115931  594.334649]
ys = [ 207.136983 -152.136983  107.136983  266.266092   64.203004  466.265115  380.796996  254.550239 -121.265115  -12.390733]
update_location
xs = [ 230.248253 -110.248253  125.248253  273.14171   445.390785  471.227201 -245.390785   -0.940983  -71.227201  598.269958]
ys = [ 210.248253 -155.248253  110.248253  269.377362   62.234924  469.376385  382.765076  256.518318 -124.376385  -14.358813]
update_location
xs = [ 233.359523 -113.359523  128.359523  276.25298   449.326095  474.33847  -249.326095   -4.876293  -74.33847   602.205268]
ys = [ 213.359523 -158.359523  113.359523  272.488632   60.266844  472.487655  384.733156  258.486398 -127.487655  -16.326893]
update_location
xs = [ 236.470793 -116.470793  131.470793  279.364249  453.261404  477.44974  -253.261404   -8.811603  -77.44974   606.140578]
ys = [ 216.470793 -161.470793  116.470793  275.599902   58.298764  475.598925  386.701236  260.454478 -130.598925  -18.294973]
update_location
xs = [ 239.582063 -119.582063  134.582063  282.475519  457.196714  480.56101  -257.196714  -12.746912  -80.56101   610.075887]
ys = [ 219.582063 -164.582063  119.582063  278.711172   56.330685  478.710195  388.669315  262.422558 -133.710195  -20.263052]
update_location
xs = [ 242.693333 -122.693333  137.693333  285.586789  461.132024  483.67228  -261.132024  -16.682222  -83.67228   614.011197]
ys = [ 222.693333 -167.693333  122.693333  281.822442   54.362605  481.821464  390.637395  264.390637 -136.821464  -22.231132]
update_location
xs = [ 245.804602 -125.804602  140.804602  288.698059  465.067333  486.78355  -265.067333  -20.617532  -86.78355   617.946507]
ys = [ 225.804602 -170.804602  125.804602  284.933711   52.394525  484.932734  392.605475  266.358717 -139.932734  -24.199212]
update_location
xs = [ 248.915872 -128.915872  143.915872  291.809329  469.002643  489.89482  -269.002643  -24.552841  -89.89482   621.881816]
ys = [ 228.915872 -173.915872  128.915872  288.044981   50.426445  488.044004  394.573555  268.326797 -143.044004  -26.167292]
update_location
xs = [ 252.027142 -132.027142  147.027142  294.920599  472.937953  493.006089 -272.937953  -28.488151  -93.006089  625.817126]
ys = [ 232.027142 -177.027142  132.027142  291.156251   48.458366  491.155274  396.541634  270.294877 -146.155274  -28.135371]
update_location
xs = [ 255.138412 -135.138412  150.138412  298.031868  476.873262  496.117359 -276.873262  -32.423461  -96.117359  629.752436]
ys = [ 235.138412 -180.138412  135.138412  294.267521   46.490286  494.266544  398.509714  272.262956 -149.266544  -30.103451]
update_location
xs = [ 258.249682 -138.249682  153.249682  301.143138  480.808572  499.228629 -280.808572  -36.35877   -99.228629  633.687745]
ys = [ 238.249682 -183.249682  138.249682  297.378791   44.522206  497.377814  400.477794  274.231036 -152.377814  -32.071531]
update_location
xs = [ 261.360952 -141.360952  156.360952  304.254408  484.743882  502.339899 -284.743882  -40.29408  -102.339899  637.623055]
ys = [ 241.360952 -186.360952  141.360952  300.490061   42.554126  500.489083  402.445874  276.199116 -155.489083  -34.039611]
update_location
xs = [ 264.472222 -144.472222  159.472222  307.365678  488.679191  505.451169 -288.679191  -44.22939  -105.451169  641.558365]
ys = [ 244.472222 -189.472222  144.472222  303.60133    40.586047  503.600353  404.413953  278.167195 -158.600353  -36.00769 ]
update_location
xs = [ 267.583491 -147.583491  162.583491  310.476948  492.614501  508.562439 -292.614501  -48.164699 -108.562439  645.493674]
ys = [ 247.583491 -192.583491  147.583491  306.7126     38.617967  506.711623  406.382033  280.135275 -161.711623  -37.97577 ]
update_location
xs = [ 270.694761 -150.694761  165.694761  313.588218  496.549811  511.673708 -296.549811  -52.100009 -111.673708  649.428984]
ys = [ 250.694761 -195.694761  150.694761  309.82387    36.649887  509.822893  408.350113  282.103355 -164.822893  -39.94385 ]
update_location
xs = [ 273.806031 -153.806031  168.806031  316.699488  500.48512   514.784978 -300.48512   -56.035319 -114.784978  653.364294]
ys = [ 253.806031 -198.806031  153.806031  312.93514    34.681808  512.934163  410.318192  284.071435 -167.934163  -41.911929]
update_location
xs = [ 276.917301 -156.917301  171.917301  319.810757  504.42043   517.896248 -304.42043   -59.970628 -117.896248  657.299603]
ys = [ 256.917301 -201.917301  156.917301  316.04641    32.713728  516.045433  412.286272  286.039514 -171.045433  -43.880009]
update_location
xs = [ 280.028571 -160.028571  175.028571  322.922027  508.35574   521.007518 -308.35574   -63.905938 -121.007518  661.234913]
ys = [ 260.028571 -205.028571  160.028571  319.15768    30.745648  519.156703  414.254352  288.007594 -174.156703  -45.848089]
update_location
xs = [ 283.139841 -163.139841  178.139841  326.033297  512.291049  524.118788 -312.291049  -67.841248 -124.118788  665.170223]
ys = [ 263.139841 -208.139841  163.139841  322.268949   28.777568  522.267972  416.222432  289.975674 -177.267972  -47.816169]
update_location
xs = [ 286.25111  -166.25111   181.25111   329.144567  516.226359  527.230058 -316.226359  -71.776557 -127.230058  669.105532]
ys = [ 266.25111  -211.25111   166.25111   325.380219   26.809489  525.379242  418.190511  291.943754 -180.379242  -49.784248]
update_location
xs = [ 289.36238  -169.36238   177.315801  332.255837  520.161669  530.341328 -320.161669  -75.711867 -130.341328  673.040842]
ys = [ 269.36238  -214.36238   168.21919   328.491489   24.841409  528.490512  420.158591  293.911833 -183.490512  -51.752328]
update_location
xs = [ 292.47365  -172.47365   173.380491  335.367107  524.096978  533.452597 -324.096978  -79.647177 -133.452597  676.976152]
ys = [ 272.47365  -217.47365   170.18727   331.602759   22.873329  531.601782  422.126671  295.879913 -186.601782  -53.720408]
update_location
xs = [ 295.58492  -175.58492   169.445181  338.478376  528.032288  536.563867 -328.032288  -83.582486 -136.563867  680.911461]
ys = [ 275.58492  -220.58492   172.15535   334.714029   20.905249  534.713052  424.094751  297.847993 -189.713052  -55.688488]
update_location
xs = [ 298.69619  -178.69619   165.509872  341.589646  531.967598  539.675137 -331.967598  -87.517796 -139.675137  684.846771]
ys = [ 278.69619  -223.69619   174.123429  337.825299   18.93717   537.824322  426.06283   299.816073 -192.824322  -57.656567]
update_location
xs = [ 301.80746  -181.80746   161.574562  344.700916  535.902907  542.786407 -335.902907  -91.453106 -142.786407  688.782081]
ys = [ 281.80746  -226.80746   176.091509  340.936568   16.96909   540.935591  428.03091   301.784152 -195.935591  -59.624647]
update_location
xs = [ 304.918729 -184.918729  157.639252  347.812186  539.838217  545.897677 -339.838217  -95.388415 -145.897677  692.71739 ]
ys = [ 284.918729 -229.918729  178.059589  344.047838   15.00101   544.046861  429.99899   303.752232 -199.046861  -61.592727]
update_location
xs = [ 308.029999 -188.029999  153.703943  350.923456  543.773527  549.008947 -343.773527  -99.323725 -149.008947  696.6527  ]
ys = [ 288.029999 -233.029999  180.027669  347.159108   13.03293   547.158131  431.96707   305.720312 -202.158131  -63.560807]
update_location
xs = [ 311.141269 -191.141269  149.768633  354.034726  547.708836  552.120216 -347.708836 -103.259035 -152.120216  700.58801 ]
ys = [ 291.141269 -236.141269  181.995748  350.270378   11.064851  550.269401  433.935149  307.688391 -205.269401  -65.528886]
update_location
xs = [ 314.252539 -194.252539  145.833323  357.145995  551.644146  555.231486 -351.644146 -107.194344 -155.231486  704.523319]
ys = [ 294.252539 -239.252539  183.963828  353.381648    9.096771  553.380671  435.903229  309.656471 -208.380671  -67.496966]
update_location
xs = [ 317.363809 -197.363809  141.898014  360.257265  555.579456  558.342756 -355.579456 -111.129654 -158.342756  708.458629]
ys = [ 297.363809 -242.363809  185.931908  356.492918    7.128691  556.491941  437.871309  311.624551 -211.491941  -69.465046]
update_location
xs = [ 320.475079 -200.475079  137.962704  363.368535  559.514765  561.454026 -359.514765 -115.064964 -161.454026  712.393939]
ys = [ 300.475079 -245.475079  187.899987  359.604187    5.160612  559.60321   439.839388  313.592631 -214.60321   -71.433125]
update_location
xs = [ 323.586348 -203.586348  134.027394  366.479805  563.450075  564.565296 -363.450075 -119.000273 -164.565296  716.329248]
ys = [ 303.586348 -248.586348  189.868067  362.715457    3.192532  562.71448   441.807468  315.56071  -217.71448   -73.401205]
update_location
xs = [ 326.697618 -206.697618  130.092085  369.591075  567.385385  567.676566 -367.385385 -122.935583 -167.676566  720.264558]
ys = [ 306.697618 -251.697618  191.836147  365.826727    1.224452  565.82575   443.775548  317.52879  -220.82575   -75.369285]
update_location
xs = [ 329.808888 -209.808888  126.156775  372.702345  571.320694  570.787835 -371.320694 -126.870893 -170.787835  724.199868]
ys = [ 309.808888 -254.808888  193.804227  368.937997   -0.743628  568.93702   445.743628  319.49687  -223.93702   -77.337365]
update_location
xs = [ 332.920158 -212.920158  122.221465  375.813614  575.256004  573.899105 -375.256004 -130.806202 -173.899105  728.135177]
ys = [ 312.920158 -257.920158  195.772306  372.049267   -2.711707  572.04829   447.711707  321.46495  -227.04829   -79.305444]
update_location
xs = [ 336.031428 -216.031428  118.286156  378.924884  579.191314  577.010375 -379.191314 -134.741512 -177.010375  732.070487]
ys = [ 316.031428 -261.031428  197.740386  375.160537   -4.679787  575.15956   449.679787  323.433029 -230.15956   -81.273524]
update_location
xs = [ 339.142698 -219.142698  114.350846  382.036154  583.126623  580.121645 -383.126623 -138.676822 -180.121645  736.005797]
ys = [ 319.142698 -264.142698  199.708466  378.271806   -6.647867  578.270829  451.647867  325.401109 -233.270829  -83.241604]
update_location
