['f_00000', 'f_00001', 'f_00002', 'f_00003', 'f_00004', 'f_00005', 'f_00006', 'f_00007', 'f_00008', 'f_00009']
10
dict_keys(['x', 'y'])
len(train_data['y'] = 265
len(test_data['y']) = 67
train() 0-0 loss: 0.883458  [   32/  265]  surr: 0.069802
train() 0-1 loss: 0.981983  [   64/  265]  surr: 0.071738
train() 0-2 loss: 0.815217  [   96/  265]  surr: 0.073706
train() 0-3 loss: 0.854841  [  128/  265]  surr: 0.075763
train() 0-4 loss: 0.837389  [  160/  265]  surr: 0.077888
train() 0-5 loss: 0.979928  [  192/  265]  surr: 0.079858
train() 0-6 loss: 0.867598  [  224/  265]  surr: 0.081693
train() 0-7 loss: 0.876305  [  256/  265]  surr: 0.083930
train() 1-0 loss: 0.820841  [   32/  265]  surr: 0.086045
train() 1-1 loss: 0.897722  [   64/  265]  surr: 0.088017
train() 1-2 loss: 0.933217  [   96/  265]  surr: 0.090019
train() 1-3 loss: 0.887565  [  128/  265]  surr: 0.092043
train() 1-4 loss: 0.878522  [  160/  265]  surr: 0.093876
train() 1-5 loss: 0.858697  [  192/  265]  surr: 0.095965
train() 1-6 loss: 0.908057  [  224/  265]  surr: 0.097855
train() 1-7 loss: 0.896960  [  256/  265]  surr: 0.099817
train() 2-0 loss: 0.937162  [   32/  265]  surr: 0.101885
train() 2-1 loss: 0.849605  [   64/  265]  surr: 0.103723
train() 2-2 loss: 0.892389  [   96/  265]  surr: 0.105581
train() 2-3 loss: 0.788041  [  128/  265]  surr: 0.107393
train() 2-4 loss: 0.938132  [  160/  265]  surr: 0.109473
train() 2-5 loss: 0.855348  [  192/  265]  surr: 0.111434
train() 2-6 loss: 0.901975  [  224/  265]  surr: 0.113547
train() 2-7 loss: 0.926072  [  256/  265]  surr: 0.115524
train() 3-0 loss: 0.880067  [   32/  265]  surr: 0.117561
train() 3-1 loss: 0.857358  [   64/  265]  surr: 0.119517
train() 3-2 loss: 0.900144  [   96/  265]  surr: 0.121247
train() 3-3 loss: 0.896765  [  128/  265]  surr: 0.123247
train() 3-4 loss: 0.853489  [  160/  265]  surr: 0.125461
train() 3-5 loss: 0.863568  [  192/  265]  surr: 0.127226
train() 3-6 loss: 0.892826  [  224/  265]  surr: 0.129290
train() 3-7 loss: 0.950494  [  256/  265]  surr: 0.131163
train() 4-0 loss: 0.854144  [   32/  265]  surr: 0.132950
train() 4-1 loss: 0.961612  [   64/  265]  surr: 0.134989
train() 4-2 loss: 0.896721  [   96/  265]  surr: 0.136829
train() 4-3 loss: 0.876034  [  128/  265]  surr: 0.138609
train() 4-4 loss: 0.912524  [  160/  265]  surr: 0.140511
train() 4-5 loss: 0.852312  [  192/  265]  surr: 0.142510
train() 4-6 loss: 0.899048  [  224/  265]  surr: 0.144445
train() 4-7 loss: 0.900045  [  256/  265]  surr: 0.146182
train() 5-0 loss: 0.930133  [   32/  265]  surr: 0.148003
train() 5-1 loss: 0.841242  [   64/  265]  surr: 0.149845
train() 5-2 loss: 0.869702  [   96/  265]  surr: 0.151855
train() 5-3 loss: 0.888028  [  128/  265]  surr: 0.153719
train() 5-4 loss: 0.834249  [  160/  265]  surr: 0.155549
train() 5-5 loss: 1.049907  [  192/  265]  surr: 0.157633
train() 5-6 loss: 0.872985  [  224/  265]  surr: 0.159416
train() 5-7 loss: 0.895340  [  256/  265]  surr: 0.161050
train() 6-0 loss: 0.934333  [   32/  265]  surr: 0.162992
train() 6-1 loss: 0.861164  [   64/  265]  surr: 0.164880
train() 6-2 loss: 0.907784  [   96/  265]  surr: 0.166831
train() 6-3 loss: 0.872265  [  128/  265]  surr: 0.168515
train() 6-4 loss: 0.809056  [  160/  265]  surr: 0.170287
train() 6-5 loss: 1.000187  [  192/  265]  surr: 0.172100
train() 6-6 loss: 0.880305  [  224/  265]  surr: 0.174104
train() 6-7 loss: 0.909987  [  256/  265]  surr: 0.176061
train() 7-0 loss: 0.796268  [   32/  265]  surr: 0.177798
train() 7-1 loss: 0.884948  [   64/  265]  surr: 0.179652
train() 7-2 loss: 0.961368  [   96/  265]  surr: 0.181623
train() 7-3 loss: 0.941036  [  128/  265]  surr: 0.183345
train() 7-4 loss: 0.903674  [  160/  265]  surr: 0.185003
train() 7-5 loss: 0.921671  [  192/  265]  surr: 0.186705
train() 7-6 loss: 0.875704  [  224/  265]  surr: 0.188556
train() 7-7 loss: 0.927312  [  256/  265]  surr: 0.190487
train() 8-0 loss: 0.870062  [   32/  265]  surr: 0.192188
train() 8-1 loss: 0.910017  [   64/  265]  surr: 0.193995
train() 8-2 loss: 0.936823  [   96/  265]  surr: 0.195711
train() 8-3 loss: 0.907704  [  128/  265]  surr: 0.197433
train() 8-4 loss: 0.864639  [  160/  265]  surr: 0.199305
train() 8-5 loss: 0.894291  [  192/  265]  surr: 0.200981
train() 8-6 loss: 0.968870  [  224/  265]  surr: 0.202980
train() 8-7 loss: 0.848334  [  256/  265]  surr: 0.204544
train() 9-0 loss: 0.886003  [   32/  265]  surr: 0.206470
train() 9-1 loss: 0.869960  [   64/  265]  surr: 0.208161
train() 9-2 loss: 0.884713  [   96/  265]  surr: 0.210009
train() 9-3 loss: 0.851825  [  128/  265]  surr: 0.211806
train() 9-4 loss: 0.908713  [  160/  265]  surr: 0.213450
train() 9-5 loss: 0.921297  [  192/  265]  surr: 0.215107
train() 9-6 loss: 0.950259  [  224/  265]  surr: 0.216901
train() 9-7 loss: 0.916717  [  256/  265]  surr: 0.218608
train() 10-0 loss: 0.912649  [   32/  265]  surr: 0.220493
train() 10-1 loss: 0.880442  [   64/  265]  surr: 0.222330
train() 10-2 loss: 0.926784  [   96/  265]  surr: 0.224087
train() 10-3 loss: 0.934638  [  128/  265]  surr: 0.225838
train() 10-4 loss: 0.871342  [  160/  265]  surr: 0.227580
train() 10-5 loss: 0.923636  [  192/  265]  surr: 0.229457
train() 10-6 loss: 0.887529  [  224/  265]  surr: 0.231100
train() 10-7 loss: 0.860547  [  256/  265]  surr: 0.232901
train() 11-0 loss: 0.933810  [   32/  265]  surr: 0.234364
train() 11-1 loss: 0.969226  [   64/  265]  surr: 0.235850
train() 11-2 loss: 0.807871  [   96/  265]  surr: 0.237495
train() 11-3 loss: 0.884990  [  128/  265]  surr: 0.239164
train() 11-4 loss: 0.931236  [  160/  265]  surr: 0.241043
train() 11-5 loss: 0.896839  [  192/  265]  surr: 0.242600
train() 11-6 loss: 0.880392  [  224/  265]  surr: 0.244473
train() 11-7 loss: 0.942289  [  256/  265]  surr: 0.246206
train() 12-0 loss: 0.865499  [   32/  265]  surr: 0.247902
train() 12-1 loss: 1.029021  [   64/  265]  surr: 0.249506
train() 12-2 loss: 0.824563  [   96/  265]  surr: 0.251211
train() 12-3 loss: 0.938869  [  128/  265]  surr: 0.252829
train() 12-4 loss: 0.896106  [  160/  265]  surr: 0.254310
train() 12-5 loss: 0.904756  [  192/  265]  surr: 0.256021
train() 12-6 loss: 0.929808  [  224/  265]  surr: 0.257835
train() 12-7 loss: 0.932663  [  256/  265]  surr: 0.259669
train() 13-0 loss: 0.977207  [   32/  265]  surr: 0.261210
train() 13-1 loss: 0.928191  [   64/  265]  surr: 0.262643
train() 13-2 loss: 0.941789  [   96/  265]  surr: 0.264425
train() 13-3 loss: 0.953357  [  128/  265]  surr: 0.266087
train() 13-4 loss: 0.863141  [  160/  265]  surr: 0.267653
train() 13-5 loss: 0.883296  [  192/  265]  surr: 0.269243
train() 13-6 loss: 0.840807  [  224/  265]  surr: 0.270956
train() 13-7 loss: 0.891680  [  256/  265]  surr: 0.272586
train() 14-0 loss: 0.812731  [   32/  265]  surr: 0.274355
train() 14-1 loss: 0.920880  [   64/  265]  surr: 0.275920
train() 14-2 loss: 0.932602  [   96/  265]  surr: 0.277470
train() 14-3 loss: 0.938544  [  128/  265]  surr: 0.279015
train() 14-4 loss: 0.869775  [  160/  265]  surr: 0.280599
train() 14-5 loss: 0.940068  [  192/  265]  surr: 0.282305
train() 14-6 loss: 1.017096  [  224/  265]  surr: 0.283982
train() 14-7 loss: 0.868600  [  256/  265]  surr: 0.285649
train() 15-0 loss: 0.957878  [   32/  265]  surr: 0.287334
train() 15-1 loss: 0.922978  [   64/  265]  surr: 0.288938
train() 15-2 loss: 0.905125  [   96/  265]  surr: 0.290536
train() 15-3 loss: 0.880880  [  128/  265]  surr: 0.292313
train() 15-4 loss: 0.953715  [  160/  265]  surr: 0.293928
train() 15-5 loss: 0.875304  [  192/  265]  surr: 0.295427
train() 15-6 loss: 0.934802  [  224/  265]  surr: 0.296773
train() 15-7 loss: 0.947108  [  256/  265]  surr: 0.298465
train() 16-0 loss: 0.970013  [   32/  265]  surr: 0.300006
train() 16-1 loss: 0.946260  [   64/  265]  surr: 0.301557
train() 16-2 loss: 0.897356  [   96/  265]  surr: 0.302918
train() 16-3 loss: 0.918561  [  128/  265]  surr: 0.304497
train() 16-4 loss: 0.934885  [  160/  265]  surr: 0.306024
train() 16-5 loss: 0.947015  [  192/  265]  surr: 0.307581
train() 16-6 loss: 0.838979  [  224/  265]  surr: 0.309232
train() 16-7 loss: 0.946335  [  256/  265]  surr: 0.310795
train() 17-0 loss: 0.894692  [   32/  265]  surr: 0.312541
train() 17-1 loss: 0.918221  [   64/  265]  surr: 0.314179
train() 17-2 loss: 0.959219  [   96/  265]  surr: 0.315828
train() 17-3 loss: 0.976910  [  128/  265]  surr: 0.317326
train() 17-4 loss: 0.918836  [  160/  265]  surr: 0.318788
train() 17-5 loss: 0.874975  [  192/  265]  surr: 0.320219
train() 17-6 loss: 0.938313  [  224/  265]  surr: 0.321747
train() 17-7 loss: 0.937774  [  256/  265]  surr: 0.323232
train() 18-0 loss: 0.964142  [   32/  265]  surr: 0.324856
train() 18-1 loss: 0.872919  [   64/  265]  surr: 0.326431
train() 18-2 loss: 0.898134  [   96/  265]  surr: 0.327957
train() 18-3 loss: 1.052910  [  128/  265]  surr: 0.329367
train() 18-4 loss: 0.873614  [  160/  265]  surr: 0.330709
train() 18-5 loss: 0.945791  [  192/  265]  surr: 0.332316
train() 18-6 loss: 0.893725  [  224/  265]  surr: 0.333938
train() 18-7 loss: 0.913844  [  256/  265]  surr: 0.335402
train() 19-0 loss: 1.025866  [   32/  265]  surr: 0.336998
train() 19-1 loss: 0.869669  [   64/  265]  surr: 0.338471
train() 19-2 loss: 0.917187  [   96/  265]  surr: 0.340092
train() 19-3 loss: 0.955424  [  128/  265]  surr: 0.341550
train() 19-4 loss: 0.924986  [  160/  265]  surr: 0.343113
train() 19-5 loss: 0.852096  [  192/  265]  surr: 0.344587
train() 19-6 loss: 1.020932  [  224/  265]  surr: 0.346088
train() 19-7 loss: 0.944286  [  256/  265]  surr: 0.347572
train() 20-0 loss: 0.949568  [   32/  265]  surr: 0.348968
train() 20-1 loss: 0.913282  [   64/  265]  surr: 0.350516
train() 20-2 loss: 0.977898  [   96/  265]  surr: 0.351888
train() 20-3 loss: 0.919483  [  128/  265]  surr: 0.353237
train() 20-4 loss: 1.003726  [  160/  265]  surr: 0.354668
train() 20-5 loss: 0.865661  [  192/  265]  surr: 0.356096
train() 20-6 loss: 0.924812  [  224/  265]  surr: 0.357596
train() 20-7 loss: 0.952751  [  256/  265]  surr: 0.359147
train() 21-0 loss: 0.960878  [   32/  265]  surr: 0.360771
train() 21-1 loss: 0.940112  [   64/  265]  surr: 0.362275
train() 21-2 loss: 0.902497  [   96/  265]  surr: 0.363649
train() 21-3 loss: 0.890621  [  128/  265]  surr: 0.365248
train() 21-4 loss: 0.998791  [  160/  265]  surr: 0.366804
train() 21-5 loss: 0.967584  [  192/  265]  surr: 0.368244
train() 21-6 loss: 0.938548  [  224/  265]  surr: 0.369651
train() 21-7 loss: 0.950982  [  256/  265]  surr: 0.371076
train() 22-0 loss: 0.851902  [   32/  265]  surr: 0.372396
train() 22-1 loss: 0.930051  [   64/  265]  surr: 0.373816
train() 22-2 loss: 0.861440  [   96/  265]  surr: 0.375297
train() 22-3 loss: 0.988090  [  128/  265]  surr: 0.376685
train() 22-4 loss: 1.043296  [  160/  265]  surr: 0.378113
train() 22-5 loss: 0.955884  [  192/  265]  surr: 0.379509
train() 22-6 loss: 1.020555  [  224/  265]  surr: 0.380998
train() 22-7 loss: 0.879861  [  256/  265]  surr: 0.382407
train() 23-0 loss: 0.969986  [   32/  265]  surr: 0.383812
train() 23-1 loss: 0.879153  [   64/  265]  surr: 0.385203
train() 23-2 loss: 0.985241  [   96/  265]  surr: 0.386743
train() 23-3 loss: 0.974945  [  128/  265]  surr: 0.388148
train() 23-4 loss: 0.874911  [  160/  265]  surr: 0.389663
train() 23-5 loss: 0.896290  [  192/  265]  surr: 0.390922
train() 23-6 loss: 0.990072  [  224/  265]  surr: 0.392412
train() 23-7 loss: 1.000036  [  256/  265]  surr: 0.393717
train() 24-0 loss: 0.885309  [   32/  265]  surr: 0.395036
train() 24-1 loss: 0.997771  [   64/  265]  surr: 0.396483
train() 24-2 loss: 0.982027  [   96/  265]  surr: 0.397985
train() 24-3 loss: 0.934309  [  128/  265]  surr: 0.399341
train() 24-4 loss: 0.985232  [  160/  265]  surr: 0.400728
train() 24-5 loss: 0.956353  [  192/  265]  surr: 0.401971
train() 24-6 loss: 0.862427  [  224/  265]  surr: 0.403357
train() 24-7 loss: 0.987790  [  256/  265]  surr: 0.404770
train() 25-0 loss: 0.934524  [   32/  265]  surr: 0.406174
train() 25-1 loss: 1.009645  [   64/  265]  surr: 0.407368
train() 25-2 loss: 0.940689  [   96/  265]  surr: 0.408755
train() 25-3 loss: 0.923194  [  128/  265]  surr: 0.410167
train() 25-4 loss: 0.986463  [  160/  265]  surr: 0.411551
train() 25-5 loss: 0.940178  [  192/  265]  surr: 0.412968
train() 25-6 loss: 0.923196  [  224/  265]  surr: 0.414365
train() 25-7 loss: 0.993351  [  256/  265]  surr: 0.415740
train() 26-0 loss: 0.964500  [   32/  265]  surr: 0.417133
train() 26-1 loss: 1.001085  [   64/  265]  surr: 0.418567
train() 26-2 loss: 0.991062  [   96/  265]  surr: 0.419782
train() 26-3 loss: 0.931068  [  128/  265]  surr: 0.421030
train() 26-4 loss: 0.925180  [  160/  265]  surr: 0.422285
train() 26-5 loss: 0.942774  [  192/  265]  surr: 0.423727
train() 26-6 loss: 0.919440  [  224/  265]  surr: 0.425164
train() 26-7 loss: 0.966863  [  256/  265]  surr: 0.426530
train() 27-0 loss: 0.884550  [   32/  265]  surr: 0.427974
train() 27-1 loss: 0.960813  [   64/  265]  surr: 0.429362
train() 27-2 loss: 1.032448  [   96/  265]  surr: 0.430761
train() 27-3 loss: 0.937590  [  128/  265]  surr: 0.431955
train() 27-4 loss: 0.972431  [  160/  265]  surr: 0.433228
train() 27-5 loss: 1.017059  [  192/  265]  surr: 0.434639
train() 27-6 loss: 0.954111  [  224/  265]  surr: 0.435922
train() 27-7 loss: 0.961956  [  256/  265]  surr: 0.437321
train() 28-0 loss: 1.009347  [   32/  265]  surr: 0.438605
train() 28-1 loss: 0.997841  [   64/  265]  surr: 0.440093
train() 28-2 loss: 0.926952  [   96/  265]  surr: 0.441444
train() 28-3 loss: 0.920229  [  128/  265]  surr: 0.442702
train() 28-4 loss: 0.956762  [  160/  265]  surr: 0.444092
train() 28-5 loss: 0.954296  [  192/  265]  surr: 0.445314
train() 28-6 loss: 1.024053  [  224/  265]  surr: 0.446573
train() 28-7 loss: 0.969585  [  256/  265]  surr: 0.447806
train() 29-0 loss: 0.912024  [   32/  265]  surr: 0.449180
train() 29-1 loss: 0.994395  [   64/  265]  surr: 0.450561
train() 29-2 loss: 0.941135  [   96/  265]  surr: 0.451724
train() 29-3 loss: 0.996253  [  128/  265]  surr: 0.453038
train() 29-4 loss: 0.965771  [  160/  265]  surr: 0.454506
train() 29-5 loss: 0.937306  [  192/  265]  surr: 0.455786
train() 29-6 loss: 1.000660  [  224/  265]  surr: 0.456987
train() 29-7 loss: 0.966853  [  256/  265]  surr: 0.458307
Done!
Test Error: Accuracy: 237.0, Avg loss: 0.515129
Test Error: Accuracy: 61.0, Avg loss: 0.459271
