Arguments:
	      dataset : mnist
	learning_rate : 0.01
	        model : mclr
	 model_params : (784, 10)
	        optim : 1
	      sce_idx : 1
	          tau : 15.0
['f_00000', 'f_00001', 'f_00002', 'f_00003', 'f_00004', 'f_00005', 'f_00006', 'f_00007', 'f_00008', 'f_00009']
10
dict_keys(['x', 'y'])
id = f_00000, model = <class 'flearn.models.mnist.mclr.Model'>, device = cpu, num_samples = 73
id = f_00001, model = <class 'flearn.models.mnist.mclr.Model'>, device = cpu, num_samples = 81
id = f_00002, model = <class 'flearn.models.mnist.mclr.Model'>, device = cpu, num_samples = 128
id = f_00003, model = <class 'flearn.models.mnist.mclr.Model'>, device = cpu, num_samples = 504
id = f_00004, model = <class 'flearn.models.mnist.mclr.Model'>, device = cpu, num_samples = 113
id = f_00005, model = <class 'flearn.models.mnist.mclr.Model'>, device = cpu, num_samples = 204
id = f_00006, model = <class 'flearn.models.mnist.mclr.Model'>, device = cpu, num_samples = 336
id = f_00007, model = <class 'flearn.models.mnist.mclr.Model'>, device = cpu, num_samples = 89
id = f_00008, model = <class 'flearn.models.mnist.mclr.Model'>, device = cpu, num_samples = 80
id = f_00009, model = <class 'flearn.models.mnist.mclr.Model'>, device = cpu, num_samples = 76
BaseFederated generated!
num_samples = [ 73  81 128 504 113 204 336  89  80  76]
msize = 300240
xs = [-280.  400. -385. -350. -200. -100.  400. -180.  500.  425.]
ys = [-300.  355. -400.  455.  385.  335.   60. -200.   10.  385.]
dists_uav = [714.702735 261.199158 858.268606 606.403331 444.100214 336.489227 274.954542 575.152154 379.605058 296.395007]
uav_gains = [5.494875e-13 1.802536e-11 3.593089e-13 8.081917e-13 1.762643e-12 4.643011e-12 1.366745e-11 9.167988e-13 2.857829e-12 8.947599e-12]
dists_bs = [ 344.093011  943.941206  397.775062 1017.116021  907.317475  840.966706  688.186021  349.857114  714.212853  981.758626]
bs_gains = [3.619341e-11 2.495838e-12 2.464796e-11 2.047806e-12 2.771778e-12 3.389665e-12 5.766337e-12 3.463460e-11 5.226094e-12 2.249096e-12]
v = 10.638297872340427 a_0 = 19.894335203468554
SystemModel __init__!
solve_bound_eta tau = 15.0
af = [0.111447 0.123661 0.195414 0.769443 0.172514 0.311441 0.512962 0.135874 0.122134 0.116027]
bf = [0.608064 0.997788 0.644373 1.046835 0.973553 0.930107 0.831733 0.612017 0.848377 1.023026]
tmp = [-1.110693e-54 -8.095462e-48 -9.566423e-31 -2.596412e-07 -4.250859e-34 -1.155375e-18 -2.955156e-11 -1.133900e-44 -5.856716e-49 -6.239410e-51]
w0 = [-1.110693e-54+0.j -8.095462e-48+0.j -9.566423e-31+0.j -2.596413e-07+0.j -4.250859e-34+0.j -1.155375e-18+0.j -2.955156e-11+0.j -1.133900e-44+0.j -5.856716e-49+0.j -6.239410e-51+0.j]
w_1 = [-129.095161+0.j -113.161598+0.j  -73.418048+0.j  -18.057528+0.j  -81.238157+0.j  -45.111238+0.j  -27.561297+0.j -105.850105+0.j -115.81104 +0.j -120.391705+0.j]
xs_min = [-129.136866 -113.231046  -73.462563  -18.134103  -81.306099  -45.176701  -27.620488 -105.892159 -115.869768 -120.462935]
xs_max = [-0.041705 -0.069448 -0.044514 -0.076575 -0.067942 -0.065463 -0.059191 -0.042054 -0.058728 -0.07123 ]
solve_bound_eta x_min = -18.134102865236258	x_max = -0.07657549198952651
solve_bound_eta eta_min = 1.3318618875492148e-08	eta_max = 0.9262829847039137
af = 2.0567343199092916	bf = 0.851587115694646	zeta = 2.0773016631083845	eta = 0.9900990099009901
af = 2.0567343199092916	bf = 0.851587115694646	zeta = 88.07728256813563	eta = 0.02335147338722927
af = 2.0567343199092916	bf = 0.851587115694646	zeta = 8.784054361701655	eta = 0.23414407917107416
af = 2.0567343199092916	bf = 0.851587115694646	zeta = 5.010854149244837	eta = 0.41045583420528264
af = 2.0567343199092916	bf = 0.851587115694646	zeta = 4.551113105488367	eta = 0.4519189640505735
af = 2.0567343199092916	bf = 0.851587115694646	zeta = 4.534280733938116	eta = 0.45359659901846777
af = 2.0567343199092916	bf = 0.851587115694646	zeta = 4.534254925444878	eta = 0.45359918084171136
eta = 0.45359918084171136
opt_as = [0.208111 0.208111 0.208111 0.208111 0.208111 0.208111 0.208111 0.208111 0.208111 0.208111]
opt_bs = [9048.353179  623.959564 6161.990667  511.951403  692.944528  847.416125 1441.584338 8658.649719 1306.523561  562.274031]
opt_cs = [ 8857152.593454  9827799.453011 15530349.752906 61150752.152069 13710386.891238 24751494.918695 40767168.101379 10798446.312568  9706468.595566  9221145.165788]
opt_tau = [0.411977 0.411977 0.411977 0.411977 0.411977 0.411977 0.411977 0.411977 0.411977 0.411977]
iter = 20 converged! (z, t) = (1.3189802228535086, 15.522318377360708)
iter = 17 converged! (z, t) = (1.6229594308357118, 7.552278104513168)
iter = 15 converged! (z, t) = (1.1049127186090957, 11.721129449273292)
iter = 13 converged! (z, t) = (0.8274364009015027, 3.92111248443728)
iter = 14 converged! (z, t) = (1.497006753523392, 7.325420593052134)
iter = 12 converged! (z, t) = (1.2040267815732315, 6.521083362248784)
iter = 14 converged! (z, t) = (0.8574376017057512, 5.728516926432832)
iter = 13 converged! (z, t) = (1.2311701662213437, 14.424087835244316)
iter = 12 converged! (z, t) = (1.5461666417149957, 9.293149223693451)
iter = 11 converged! (z, t) = (1.6515994250101076, 7.402767185394978)
opt_freqs = [6.442337e+07 1.324104e+08 8.531601e+07 2.550297e+08 1.365109e+08 1.533488e+08 1.745653e+08 6.932847e+07 1.076061e+08 1.350846e+08]
opt_powers = [0.000125 0.001365 0.000239 0.004588 0.001371 0.001528 0.001533 0.000145 0.000696 0.00148 ]
optimize_network iter = 0 obj = 0.1407199964384238
solve_bound_eta tau = 15.0
af = [3.459836 1.867838 4.58095  6.034148 2.527476 4.06187  5.877026 3.919715 2.270017 1.717844]
bf = [5.460869 6.719409 4.574582 3.425769 6.197938 4.984936 3.549981 5.097316 6.40147  6.837985]
tmp = [-0.275195 -0.095371 -0.336325 -0.365128 -0.182369 -0.31373  -0.363757 -0.305946 -0.149627 -0.075446]
w0 = [-0.417999+0.j -0.10604 +0.j -0.634052+0.j -0.882426+0.j -0.22939 +0.j -0.536461+0.j -0.857294+0.j -0.508958+0.j -0.178948+0.j -0.081884+0.j]
w_1 = [-1.966563+0.j -3.642708+0.j -1.485279+0.j -1.127581+0.j -2.692008+0.j -1.675087+0.j -1.157726+0.j -1.735837+0.j -2.99733 +0.j -3.960771+0.j]
xs_min = [-2.339106 -4.32721  -1.641768 -1.035696 -3.253159 -1.929167 -1.090973 -2.01742  -3.608923 -4.669428]
xs_max = [-0.790541 -0.790541 -0.790541 -0.790541 -0.790541 -0.790541 -0.790541 -0.790541 -0.790541 -0.790541]
solve_bound_eta x_min = -1.035695631489936	x_max = -0.7905413324747428
solve_bound_eta eta_min = 0.3549793601959842	eta_max = 0.4535991808417109
af = 0.016890476030411366	bf = 0.06353690189869216	zeta = 0.017059380790715478	eta = 0.9900990099009902
af = 0.016890476030411366	bf = 0.06353690189869216	zeta = 6.434201740069754	eta = 0.0026251082438438207
af = 0.016890476030411366	bf = 0.06353690189869216	zeta = 0.16434222076170088	eta = 0.10277624308669198
af = 0.016890476030411366	bf = 0.06353690189869216	zeta = 0.11364626708788629	eta = 0.1486232364970635
af = 0.016890476030411366	bf = 0.06353690189869216	zeta = 0.11244834180762082	eta = 0.15020653714314414
af = 0.016890476030411366	bf = 0.06353690189869216	zeta = 0.11244722978662353	eta = 0.1502080225761206
eta = 0.1502080225761206
opt_as = [0.208111 0.208111 0.208111 0.208111 0.208111 0.208111 0.208111 0.208111 0.208111 0.208111]
opt_bs = [9048.353179  623.959564 6161.990667  511.951403  692.944528  847.416125 1441.584338 8658.649719 1306.523561  562.274031]
opt_cs = [11603838.878056 12875492.453733 20346457.210838 80114175.267673 17962106.756443 32427166.179773 53409450.178449 14147146.029411 12716535.756774 12080708.968935]
opt_tau = [0.486335 0.486335 0.486335 0.486335 0.486335 0.486335 0.486335 0.486335 0.486335 0.486335]
iter = 15 converged! (z, t) = (1.4176351414071198, 16.486796675236576)
iter = 14 converged! (z, t) = (1.8235901476472638, 8.296896560608891)
iter = 14 converged! (z, t) = (1.1500070587269353, 12.140017611709835)
iter = 9 converged! (z, t) = (0.8274363501723635, 3.9211126162149665)
iter = 12 converged! (z, t) = (1.651798458055242, 7.937726183024435)
iter = 11 converged! (z, t) = (1.2718877289018626, 6.835062283255528)
iter = 13 converged! (z, t) = (0.8609805509084865, 5.7509635775655905)
iter = 15 converged! (z, t) = (1.3058654772543197, 15.16705726661428)
iter = 17 converged! (z, t) = (1.7183555546302347, 10.12280830931828)
iter = 14 converged! (z, t) = (1.8636249190493217, 8.153078816396505)
opt_freqs = [6.065460e+07 1.205270e+08 8.237220e+07 2.550297e+08 1.259807e+08 1.463044e+08 1.738839e+08 6.593237e+07 9.878682e+07 1.226531e+08]
opt_powers = [0.000113 0.001171 0.000225 0.004588 0.001201 0.00141  0.001522 0.000133 0.000604 0.001263]
optimize_network iter = 1 obj = 0.1226417262584316
solve_bound_eta tau = 15.0
af = [3.674813 2.051997 4.744663 6.034148 2.738739 4.257442 5.900054 4.121615 2.472675 1.891957]
bf = [5.869322 7.550065 4.761282 3.425769 6.838809 5.265895 3.564649 5.406571 7.11437  7.715818]
tmp = [-0.340236 -0.19372  -0.365345 -0.365128 -0.278217 -0.358082 -0.366012 -0.354948 -0.249984 -0.168699]
w0 = [-0.655006+0.j -0.248325+0.j -0.886969+0.j -0.882426+0.j -0.425971+0.j -0.78529 +0.j -0.902482+0.j -0.755781+0.j -0.357367+0.j -0.207627+0.j]
w_1 = [-1.448969+0.j -2.594882+0.j -1.122248+0.j -1.127581+0.j -1.944212+0.j -1.250678+0.j -1.104302+0.j -1.291894+0.j -2.153413+0.j -2.814382+0.j]
xs_min = [-1.829658 -3.382252 -1.270975 -1.035696 -2.553937 -1.501084 -1.035696 -1.571809 -2.831741 -3.64245 ]
xs_max = [-1.035696 -1.035696 -1.035696 -0.790541 -1.035696 -1.035696 -0.833875 -1.035696 -1.035696 -1.035696]
solve_bound_eta x_min = -1.0356956314899346	x_max = -1.035695631489937
solve_bound_eta eta_min = 0.35497936019598464	eta_max = 0.3549793601959838
Done!
af = 0.01640383124915429	bf = 0.06211706837343531	zeta = 0.016567869561645833	eta = 0.9900990099009902
af = 0.01640383124915429	bf = 0.06211706837343531	zeta = 6.290309484084081	eta = 0.002607793987030325
af = 0.01640383124915429	bf = 0.06211706837343531	zeta = 0.1601251451697801	eta = 0.10244381812588753
af = 0.01640383124915429	bf = 0.06211706837343531	zeta = 0.11084790891060425	eta = 0.1479850311148722
af = 0.01640383124915429	bf = 0.06211706837343531	zeta = 0.10969167916530642	eta = 0.1495449005246201
af = 0.01640383124915429	bf = 0.06211706837343531	zeta = 0.10969062251714776	eta = 0.14954634108845455
eta = 0.14954634108845455
At round 0 optimal eta: 0.35497936019598464
At round 0 optimal freqs: [6.065460e+07 1.205270e+08 8.237220e+07 2.550297e+08 1.259807e+08 1.463044e+08 1.738839e+08 6.593237e+07 9.878682e+07 1.226531e+08]
At round 0 optimal decs: [0 0 0 0 0 0 0 0 0 0]
At round 0 optimal powers: [0.000113 0.001171 0.000225 0.004588 0.001201 0.00141  0.001522 0.000133 0.000604 0.001263]
At round 0 t_co: [0.295025 0.379508 0.239329 0.172198 0.343757 0.264693 0.179179 0.271764 0.357608 0.38784 ]
At round 0 e_co: [3.340929e-05 4.442652e-04 5.382611e-05 7.899780e-04 4.127326e-04 3.732970e-04 2.727756e-04 3.611520e-05 2.161012e-04 4.898493e-04]
At round 0 t_cp: [0.19131  0.106827 0.247006 0.314137 0.142578 0.221642 0.307156 0.214571 0.128727 0.098495]
At round 0 e_cp: [4.269029e-06 1.870391e-05 1.380544e-05 5.210636e-04 2.850789e-05 6.941032e-05 1.614867e-04 6.149874e-06 1.240986e-05 1.817394e-05]
At round 0 average t_co: 0.3878399314040706 average t_cp: 0.3141367033797311 t: 0.48633490378574484
At round 0 average e_co: 0.0031223495401145785 average e_cp: 0.0008539806025528868 e: 0.003976330142667465
At round 0 a_n: 19.894335203468554
At round 0 local rounds: 15.895669695966939
At round 0 global rounds: 30.842943583190294
At round 0 tau: 15.0
At round 0 accuracy: 0.10465116279069768
At round 0 training accuracy: 0.11342042755344418
At round 0 training loss: 2.461581013835996
At round 0 test loss: 2.4648156702518462
gradient difference: 27.719097137451172
ground = 1 remain_eps = 0.0012886025040282493	remain_tau = 14.513665096214256
update_location
xs = [-276.88873  396.88873 -381.88873 -346.06469 -196.06469  -96.06469  396.06469 -176.88873  496.06469  421.88873]
ys = [-296.88873  351.88873 -396.88873  453.03192  383.03192  333.03192   61.96808 -196.88873   11.96808  381.88873]
dists_uav = [710.349787 257.215492 853.90058  602.071858 439.8257   332.310872 270.952857 570.825129 375.408552 292.30561 ]
uav_gains = [5.573691e-13 1.949518e-11 3.635755e-13 8.220571e-13 1.810530e-12 4.921303e-12 1.482062e-11 9.335520e-13 2.973071e-12 9.675801e-12]
dists_bs = [ 343.397083  939.80587   395.564073 1013.918444  904.536752  838.552685  687.513899  350.950231  712.875509  977.608221]
bs_gains = [3.638811e-11 2.525047e-12 2.501474e-11 2.064964e-12 2.794416e-12 3.415585e-12 5.781288e-12 3.434946e-11 5.252115e-12 2.274488e-12]
At round 1 optimal eta: 0.35497936019598464
At round 1 optimal freqs: [6.065460e+07 1.205270e+08 8.237220e+07 2.550297e+08 1.259807e+08 1.463044e+08 1.738839e+08 6.593237e+07 9.878682e+07 1.226531e+08]
At round 1 optimal decs: [0 0 0 0 0 0 0 0 0 0]
At round 1 optimal powers: [0.000113 0.001171 0.000225 0.004588 0.001201 0.00141  0.001522 0.000133 0.000604 0.001263]
At round 1 t_co: [0.293892 0.376128 0.236983 0.171367 0.341667 0.263302 0.178905 0.27334  0.356265 0.384488]
At round 1 e_co: [3.328102e-05 4.403085e-04 5.329860e-05 7.861663e-04 4.102239e-04 3.713348e-04 2.723583e-04 3.632460e-05 2.152894e-04 4.856163e-04]
At round 1 t_cp: [0.19131  0.106827 0.247006 0.314137 0.142578 0.221642 0.307156 0.214571 0.128727 0.098495]
At round 1 e_cp: [4.269029e-06 1.870391e-05 1.380544e-05 5.210636e-04 2.850789e-05 6.941032e-05 1.614867e-04 6.149874e-06 1.240986e-05 1.817394e-05]
At round 1 average t_co: 0.3844884433386325 average t_cp: 0.3141367033797311 t: 0.4879106494010886
At round 1 average e_co: 0.0031042017953000806 average e_cp: 0.0008539806025528868 e: 0.003958182397852968
At round 1 a_n: 19.894335203468554
At round 1 local rounds: 15.895669695966939
At round 1 global rounds: 30.842943583190294
At round 1 tau: 14.513665096214256
At round 1 accuracy: 0.7511627906976744
At round 1 training accuracy: 0.7393111638954869
At round 1 training loss: 0.9921378302106948
At round 1 test loss: 1.0718708736547666
gradient difference: 0.778082013130188
ground = 2 remain_eps = 0.001660496413387874	remain_tau = 14.025754446813167
update_location
xs = [-273.77746   393.77746  -378.77746  -342.129381 -192.129381  -92.129381  392.129381 -173.77746   492.129381  418.77746 ]
ys = [-293.77746   348.77746  -393.77746   451.063841  381.063841  331.063841   63.936159 -193.77746    13.936159  378.77746 ]
dists_uav = [705.997423 253.245609 849.532883 597.741385 435.553684 328.138312 266.963708 566.499229 371.216758 288.225362]
uav_gains = [5.654156e-13 2.105031e-11 3.679153e-13 8.362774e-13 1.860718e-12 5.227995e-12 1.606337e-11 9.507689e-13 3.097138e-12 1.047733e-11]
dists_bs = [ 342.756231  935.672948  393.389873 1010.729906  901.768923  836.154848  686.869306  352.094944  711.56286   973.460007]
bs_gains = [3.656868e-11 2.554711e-12 2.538278e-11 2.082272e-12 2.817203e-12 3.441603e-12 5.795677e-12 3.405431e-11 5.277830e-12 2.300263e-12]
At round 2 optimal eta: 0.35497936019598464
At round 2 optimal freqs: [6.065460e+07 1.205270e+08 8.237220e+07 2.550297e+08 1.259807e+08 1.463044e+08 1.738839e+08 6.593237e+07 9.878682e+07 1.226531e+08]
At round 2 optimal decs: [0 0 0 0 0 0 0 0 0 0]
At round 2 optimal powers: [0.000113 0.001171 0.000225 0.004588 0.001201 0.00141  0.001522 0.000133 0.000604 0.001263]
At round 2 t_co: [0.292852 0.372773 0.234695 0.170542 0.339597 0.261926 0.178642 0.274998 0.35495  0.381161]
At round 2 e_co: [3.316324e-05 4.363809e-04 5.278394e-05 7.823807e-04 4.077385e-04 3.693939e-04 2.719586e-04 3.654492e-05 2.144949e-04 4.814133e-04]
At round 2 t_cp: [0.19131  0.106827 0.247006 0.314137 0.142578 0.221642 0.307156 0.214571 0.128727 0.098495]
At round 2 e_cp: [4.269029e-06 1.870391e-05 1.380544e-05 5.210636e-04 2.850789e-05 6.941032e-05 1.614867e-04 6.149874e-06 1.240986e-05 1.817394e-05]
At round 2 average t_co: 0.381160698073769 average t_cp: 0.3141367033797311 t: 0.48956853520112026
At round 2 average e_co: 0.0030862529911372194 average e_cp: 0.0008539806025528868 e: 0.003940233593690105
At round 2 a_n: 19.894335203468554
At round 2 local rounds: 15.895669695966939
At round 2 global rounds: 30.842943583190294
At round 2 tau: 14.025754446813167
At round 2 accuracy: 0.786046511627907
At round 2 training accuracy: 0.7713776722090261
At round 2 training loss: 0.6655960643812956
At round 2 test loss: 0.8263009234627549
gradient difference: 0.7665862441062927
ground = 3 remain_eps = 0.0021397198362215412	remain_tau = 13.536185911612046
update_location
xs = [-270.66619   390.66619  -375.66619  -338.194071 -188.194071  -88.194071  388.194071 -170.66619   488.194071  415.66619 ]
ys = [-290.66619   345.66619  -390.66619   449.095761  379.095761  329.095761   65.904239 -190.66619    15.904239  375.66619 ]
dists_uav = [701.645652 249.290168 845.165522 593.411936 431.284243 323.97177  262.987665 562.174479 367.029838 284.154656]
uav_gains = [5.736313e-13 2.268636e-11 3.723298e-13 8.508654e-13 1.913387e-12 5.566505e-12 1.739564e-11 9.684679e-13 3.231013e-12 1.135723e-11]
dists_bs = [ 342.170762  931.542473  391.253075 1007.550491  899.014107  833.773335  686.252319  353.29075   710.275042  969.314015]
bs_gains = [3.673473e-11 2.584839e-12 2.575179e-11 2.099730e-12 2.840137e-12 3.467715e-12 5.809495e-12 3.374971e-11 5.303226e-12 2.326428e-12]
At round 3 optimal eta: 0.35497936019598464
At round 3 optimal freqs: [6.065460e+07 1.205270e+08 8.237220e+07 2.550297e+08 1.259807e+08 1.463044e+08 1.738839e+08 6.593237e+07 9.878682e+07 1.226531e+08]
At round 3 optimal decs: [0 0 0 0 0 0 0 0 0 0]
At round 3 optimal powers: [0.000113 0.001171 0.000225 0.004588 0.001201 0.00141  0.001522 0.000133 0.000604 0.001263]
At round 3 t_co: [0.291904 0.369443 0.232463 0.169723 0.337546 0.260564 0.178391 0.276738 0.353663 0.377857]
At round 3 e_co: [3.305593e-05 4.324824e-04 5.228207e-05 7.786212e-04 4.052763e-04 3.674742e-04 2.715765e-04 3.677621e-05 2.137176e-04 4.772402e-04]
At round 3 t_cp: [0.19131  0.106827 0.247006 0.314137 0.142578 0.221642 0.307156 0.214571 0.128727 0.098495]
At round 3 e_cp: [4.269029e-06 1.870391e-05 1.380544e-05 5.210636e-04 2.850789e-05 6.941032e-05 1.614867e-04 6.149874e-06 1.240986e-05 1.817394e-05]
At round 3 average t_co: 0.3778566104439215 average t_cp: 0.3141367033797311 t: 0.491308926847981
At round 3 average e_co: 0.0030685025573761087 average e_cp: 0.0008539806025528868 e: 0.0039224831599289954
At round 3 a_n: 19.894335203468554
At round 3 local rounds: 15.895669695966939
At round 3 global rounds: 30.842943583190294
At round 3 tau: 13.536185911612046
At round 3 accuracy: 0.8046511627906977
At round 3 training accuracy: 0.7850356294536817
At round 3 training loss: 0.5577204963704092
At round 3 test loss: 0.655301625436071
gradient difference: 0.7961722612380981
ground = 4 remain_eps = 0.0027572483388739934	remain_tau = 13.044876984764064
update_location
xs = [-267.554921  387.554921 -372.554921 -334.258761 -184.258761  -84.258761  384.258761 -167.554921  484.258761  412.554921]
ys = [-287.554921  342.554921 -387.554921  447.127681  377.127681  327.127681   67.872319 -187.554921   17.872319  372.554921]
dists_uav = [697.294487 245.349866 840.798501 589.083532 427.017451 319.811481 259.025332 557.850906 362.847961 280.093909]
uav_gains = [5.820212e-13 2.439814e-11 3.768209e-13 8.658344e-13 1.968736e-12 5.940609e-12 1.881600e-11 9.866684e-13 3.375805e-12 1.232003e-11]
dists_bs = [ 341.640963  927.414476  389.154294 1004.380288  896.272425  831.408287  685.663012  354.537134  709.012191  965.170271]
bs_gains = [3.688589e-11 2.615440e-12 2.612148e-11 2.117339e-12 2.863218e-12 3.493916e-12 5.822736e-12 3.343620e-11 5.328295e-12 2.352990e-12]
At round 4 optimal eta: 0.35497936019598464
At round 4 optimal freqs: [6.065460e+07 1.205270e+08 8.237220e+07 2.550297e+08 1.259807e+08 1.463044e+08 1.738839e+08 6.593237e+07 9.878682e+07 1.226531e+08]
At round 4 optimal decs: [0 0 0 0 0 0 0 0 0 0]
At round 4 optimal powers: [0.000113 0.001171 0.000225 0.004588 0.001201 0.00141  0.001522 0.000133 0.000604 0.001263]
At round 4 t_co: [0.291049 0.366137 0.230288 0.168909 0.335515 0.259218 0.178152 0.278562 0.352406 0.374576]
At round 4 e_co: [3.295905e-05 4.286127e-04 5.179289e-05 7.748875e-04 4.028373e-04 3.655757e-04 2.712119e-04 3.701850e-05 2.129575e-04 4.730968e-04]
At round 4 t_cp: [0.19131  0.106827 0.247006 0.314137 0.142578 0.221642 0.307156 0.214571 0.128727 0.098495]
At round 4 e_cp: [4.269029e-06 1.870391e-05 1.380544e-05 5.210636e-04 2.850789e-05 6.941032e-05 1.614867e-04 6.149874e-06 1.240986e-05 1.817394e-05]
At round 4 average t_co: 0.37457609511054 average t_cp: 0.3141367033797311 t: 0.49313220669677316
At round 4 average e_co: 0.0030509499325017094 average e_cp: 0.0008539806025528868 e: 0.003904930535054596
At round 4 a_n: 19.894335203468554
At round 4 local rounds: 15.895669695966939
At round 4 global rounds: 30.842943583190294
At round 4 tau: 13.044876984764064
At round 4 accuracy: 0.8093023255813954
At round 4 training accuracy: 0.8046318289786223
At round 4 training loss: 0.4891250662452534
At round 4 test loss: 0.6939222067132476
gradient difference: 0.6924379467964172
ground = 5 remain_eps = 0.0035529971137007585	remain_tau = 12.551744778067292
update_location
xs = [-264.443651  384.443651 -369.443651 -330.323452 -180.323452  -80.323452  380.323452 -164.443651  480.323452  409.443651]
ys = [-284.443651  339.443651 -384.443651  445.159601  375.159601  325.159601   69.840399 -184.443651   19.840399  369.443651]
dists_uav = [692.943938 241.425446 836.431825 584.756197 422.753391 315.657693 255.077347 553.528537 358.671303 276.043561]
uav_gains = [5.905903e-13 2.618002e-11 3.813903e-13 8.811984e-13 2.026983e-12 6.354455e-12 2.032173e-11 1.005391e-12 3.532770e-12 1.336956e-11]
dists_bs = [ 341.167091  923.288992  387.09415  1001.219384  893.543997  829.059844  685.101458  355.833562  707.77444   961.028806]
bs_gains = [3.702181e-11 2.646523e-12 2.649150e-11 2.135099e-12 2.886445e-12 3.520205e-12 5.835393e-12 3.311435e-11 5.353023e-12 2.379957e-12]
At round 5 optimal eta: 0.35497936019598464
At round 5 optimal freqs: [6.065460e+07 1.205270e+08 8.237220e+07 2.550297e+08 1.259807e+08 1.463044e+08 1.738839e+08 6.593237e+07 9.878682e+07 1.226531e+08]
At round 5 optimal decs: [0 0 0 0 0 0 0 0 0 0]
At round 5 optimal powers: [0.000113 0.001171 0.000225 0.004588 0.001201 0.00141  0.001522 0.000133 0.000604 0.001263]
At round 5 t_co: [0.290285 0.362856 0.228169 0.168101 0.333503 0.257887 0.177924 0.280468 0.351176 0.371319]
At round 5 e_co: [3.287259e-05 4.247719e-04 5.131634e-05 7.711798e-04 4.004214e-04 3.636982e-04 2.708649e-04 3.727187e-05 2.122145e-04 4.689831e-04]
At round 5 t_cp: [0.19131  0.106827 0.247006 0.314137 0.142578 0.221642 0.307156 0.214571 0.128727 0.098495]
At round 5 e_cp: [4.269029e-06 1.870391e-05 1.380544e-05 5.210636e-04 2.850789e-05 6.941032e-05 1.614867e-04 6.149874e-06 1.240986e-05 1.817394e-05]
At round 5 average t_co: 0.37131906656246705 average t_cp: 0.3141367033797311 t: 0.4950387736480888
At round 5 average e_co: 0.0030335945637784034 average e_cp: 0.0008539806025528868 e: 0.0038875751663312898
At round 5 a_n: 19.894335203468554
At round 5 local rounds: 15.895669695966939
At round 5 global rounds: 30.842943583190294
At round 5 tau: 12.551744778067292
At round 5 accuracy: 0.813953488372093
At round 5 training accuracy: 0.8123515439429929
At round 5 training loss: 0.4394706733318331
At round 5 test loss: 0.5743127182725268
gradient difference: 0.6034489870071411
ground = 6 remain_eps = 0.004578400977519939	remain_tau = 12.056706004419203
update_location
xs = [-261.332381  381.332381 -366.332381 -326.388142 -176.388142  -76.388142  376.388142 -161.332381  476.388142  406.332381]
ys = [-281.332381  336.332381 -381.332381  443.191522  373.191522  323.191522   71.808478 -181.332381   21.808478  366.332381]
dists_uav = [688.594018 237.517695 832.065501 580.429954 418.492145 311.510666 251.144388 549.207401 354.500048 272.004076]
uav_gains = [5.993435e-13 2.802638e-11 3.860397e-13 8.969722e-13 2.088374e-12 6.812551e-12 2.190890e-11 1.024657e-12 3.703324e-12 1.450869e-11]
dists_bs = [340.749381 919.166055 385.073262 998.067866 890.828945 826.728147 684.567724 357.179491 706.561922 956.889648]
bs_gains = [3.714220e-11 2.678098e-12 2.686152e-11 2.153011e-12 2.909816e-12 3.546576e-12 5.847457e-12 3.278470e-11 5.377401e-12 2.407336e-12]
At round 6 optimal eta: 0.35497936019598464
At round 6 optimal freqs: [6.065460e+07 1.205270e+08 8.237220e+07 2.550297e+08 1.259807e+08 1.463044e+08 1.738839e+08 6.593237e+07 9.878682e+07 1.226531e+08]
At round 6 optimal decs: [0 0 0 0 0 0 0 0 0 0]
At round 6 optimal powers: [0.000113 0.001171 0.000225 0.004588 0.001201 0.00141  0.001522 0.000133 0.000604 0.001263]
At round 6 t_co: [0.289614 0.3596   0.226106 0.167298 0.33151  0.256571 0.177708 0.282458 0.349975 0.368085]
At round 6 e_co: [3.279653e-05 4.209597e-04 5.085234e-05 7.674978e-04 3.980284e-04 3.618418e-04 2.705354e-04 3.753636e-05 2.114885e-04 4.648990e-04]
At round 6 t_cp: [0.19131  0.106827 0.247006 0.314137 0.142578 0.221642 0.307156 0.214571 0.128727 0.098495]
At round 6 e_cp: [4.269029e-06 1.870391e-05 1.380544e-05 5.210636e-04 2.850789e-05 6.941032e-05 1.614867e-04 6.149874e-06 1.240986e-05 1.817394e-05]
At round 6 average t_co: 0.36808543911637465 average t_cp: 0.3141367033797311 t: 0.49702904299044737
At round 6 average e_co: 0.003016435907290922 average e_cp: 0.0008539806025528868 e: 0.0038704165098438093
At round 6 a_n: 19.894335203468554
At round 6 local rounds: 15.895669695966939
At round 6 global rounds: 30.842943583190294
At round 6 tau: 12.056706004419203
At round 6 accuracy: 0.8209302325581396
At round 6 training accuracy: 0.8147268408551069
At round 6 training loss: 0.4208690356831889
At round 6 test loss: 0.5520103486983986
gradient difference: 0.5876896381378174
ground = 7 remain_eps = 0.005899738964077577	remain_tau = 11.559676961428755
update_location
xs = [-258.221111  378.221111 -363.221111 -322.452832 -172.452832  -72.452832  372.452832 -158.221111  472.452832  403.221111]
ys = [-278.221111  333.221111 -378.221111  441.223442  371.223442  321.223442   73.776558 -178.221111   23.776558  363.221111]
dists_uav = [684.244739 233.627448 827.699534 576.104828 414.233801 307.370674 247.227172 544.887528 350.33439  267.975944]
uav_gains = [6.082864e-13 2.993202e-11 3.907711e-13 9.131713e-13 2.153180e-12 7.319753e-12 2.357265e-11 1.044491e-12 3.889067e-12 1.573914e-11]
dists_bs = [340.38804  915.045698 383.092252 994.925825 888.127392 824.41334  684.061877 358.574362 705.374767 952.752828]
bs_gains = [3.724677e-11 2.710174e-12 2.723119e-11 2.171077e-12 2.933331e-12 3.573027e-12 5.858923e-12 3.244782e-11 5.401418e-12 2.435134e-12]
At round 7 optimal eta: 0.35497936019598464
At round 7 optimal freqs: [6.065460e+07 1.205270e+08 8.237220e+07 2.550297e+08 1.259807e+08 1.463044e+08 1.738839e+08 6.593237e+07 9.878682e+07 1.226531e+08]
At round 7 optimal decs: [0 0 0 0 0 0 0 0 0 0]
At round 7 optimal powers: [0.000113 0.001171 0.000225 0.004588 0.001201 0.00141  0.001522 0.000133 0.000604 0.001263]
At round 7 t_co: [0.289034 0.356368 0.224099 0.166501 0.329536 0.255269 0.177503 0.284533 0.348802 0.364875]
At round 7 e_co: [3.273084e-05 4.171761e-04 5.040082e-05 7.638415e-04 3.956583e-04 3.600064e-04 2.702234e-04 3.781203e-05 2.107796e-04 4.608443e-04]
At round 7 t_cp: [0.19131  0.106827 0.247006 0.314137 0.142578 0.221642 0.307156 0.214571 0.128727 0.098495]
At round 7 e_cp: [4.269029e-06 1.870391e-05 1.380544e-05 5.210636e-04 2.850789e-05 6.941032e-05 1.614867e-04 6.149874e-06 1.240986e-05 1.817394e-05]
At round 7 average t_co: 0.3648751269172606 average t_cp: 0.3141367033797311 t: 0.49910344623256386
At round 7 average e_co: 0.0029994734279815754 average e_cp: 0.0008539806025528868 e: 0.0038534540305344626
At round 7 a_n: 19.894335203468554
At round 7 local rounds: 15.895669695966939
At round 7 global rounds: 30.842943583190294
At round 7 tau: 11.559676961428755
At round 7 accuracy: 0.8186046511627907
At round 7 training accuracy: 0.8224465558194775
At round 7 training loss: 0.38561826784839165
At round 7 test loss: 0.519893735217638
gradient difference: 0.6514080166816711
ground = 8 remain_eps = 0.007602418402223395	remain_tau = 11.060573515196191
update_location
xs = [-255.109841  375.109841 -360.109841 -318.517523 -168.517523  -68.517523  368.517523 -155.109841  468.517523  400.109841]
ys = [-275.109841  330.109841 -375.109841  439.255362  369.255362  319.255362   75.744638 -175.109841   25.744638  360.109841]
dists_uav = [679.896112 229.755596 823.333928 571.780845 409.978448 303.238004 243.326458 540.568947 346.174531 263.959687]
uav_gains = [6.174244e-13 3.189260e-11 3.955862e-13 9.298121e-13 2.221705e-12 7.881217e-12 2.530755e-11 1.064915e-12 4.091804e-12 1.706130e-11]
dists_bs = [340.083247 910.927956 381.151741 991.793349 885.439462 822.115563 683.583976 360.017608 704.213102 948.618376]
bs_gains = [3.733530e-11 2.742760e-12 2.760013e-11 2.189295e-12 2.956988e-12 3.599552e-12 5.869783e-12 3.210426e-11 5.425062e-12 2.463361e-12]
At round 8 optimal eta: 0.35497936019598464
At round 8 optimal freqs: [6.065460e+07 1.205270e+08 8.237220e+07 2.550297e+08 1.259807e+08 1.463044e+08 1.738839e+08 6.593237e+07 9.878682e+07 1.226531e+08]
At round 8 optimal decs: [0 0 0 0 0 0 0 0 0 0]
At round 8 optimal powers: [0.000113 0.001171 0.000225 0.004588 0.001201 0.00141  0.001522 0.000133 0.000604 0.001263]
At round 8 t_co: [0.288545 0.35316  0.222146 0.16571  0.327581 0.253983 0.177309 0.286692 0.347657 0.361688]
At round 8 e_co: [3.267552e-05 4.134210e-04 4.996169e-05 7.602109e-04 3.933110e-04 3.581919e-04 2.699290e-04 3.809894e-05 2.100877e-04 4.568190e-04]
At round 8 t_cp: [0.19131  0.106827 0.247006 0.314137 0.142578 0.221642 0.307156 0.214571 0.128727 0.098495]
At round 8 e_cp: [4.269029e-06 1.870391e-05 1.380544e-05 5.210636e-04 2.850789e-05 6.941032e-05 1.614867e-04 6.149874e-06 1.240986e-05 1.817394e-05]
At round 8 average t_co: 0.3616880439390053 average t_cp: 0.3141367033797311 t: 0.5012624309254146
At round 8 average e_co: 0.0029827065996837474 average e_cp: 0.0008539806025528868 e: 0.0038366872022366338
At round 8 a_n: 19.894335203468554
At round 8 local rounds: 15.895669695966939
At round 8 global rounds: 30.842943583190294
At round 8 tau: 11.060573515196191
At round 8 accuracy: 0.8209302325581396
At round 8 training accuracy: 0.8230403800475059
At round 8 training loss: 0.3574052392932057
At round 8 test loss: 0.5271770393288182
gradient difference: 0.5866996049880981
ground = 9 remain_eps = 0.009796495389775508	remain_tau = 10.559311084270776
update_location
xs = [-251.998571  371.998571 -356.998571 -314.582213 -164.582213  -64.582213  364.582213 -151.998571  464.582213  396.998571]
ys = [-271.998571  326.998571 -371.998571  437.287282  367.287282  317.287282   77.712718 -171.998571   27.712718  356.998571]
dists_uav = [675.54815  225.903083 818.968691 567.458031 405.726181 299.11296  239.443053 536.251689 342.020681 259.955853]
uav_gains = [6.267633e-13 3.390495e-11 4.004872e-13 9.469116e-13 2.294290e-12 8.502336e-12 2.710795e-11 1.085957e-12 4.313569e-12 1.847419e-11]
dists_bs = [339.835153 906.812866 379.252351 988.670531 882.765277 819.834962 683.134082 361.508648 703.077055 944.486325]
bs_gains = [3.740757e-11 2.775867e-12 2.796795e-11 2.207668e-12 2.980785e-12 3.626148e-12 5.880033e-12 3.175455e-11 5.448322e-12 2.492023e-12]
At round 9 optimal eta: 0.35497936019598464
At round 9 optimal freqs: [6.065460e+07 1.205270e+08 8.237220e+07 2.550297e+08 1.259807e+08 1.463044e+08 1.738839e+08 6.593237e+07 9.878682e+07 1.226531e+08]
At round 9 optimal decs: [0 0 0 0 0 0 0 0 0 0]
At round 9 optimal powers: [0.000113 0.001171 0.000225 0.004588 0.001201 0.00141  0.001522 0.000133 0.000604 0.001263]
At round 9 t_co: [0.288148 0.349976 0.220248 0.164924 0.325645 0.252711 0.177127 0.288936 0.34654  0.358524]
At round 9 e_co: [3.263054e-05 4.096943e-04 4.953489e-05 7.566059e-04 3.909864e-04 3.563981e-04 2.696520e-04 3.839716e-05 2.094128e-04 4.528229e-04]
At round 9 t_cp: [0.19131  0.106827 0.247006 0.314137 0.142578 0.221642 0.307156 0.214571 0.128727 0.098495]
At round 9 e_cp: [4.269029e-06 1.870391e-05 1.380544e-05 5.210636e-04 2.850789e-05 6.941032e-05 1.614867e-04 6.149874e-06 1.240986e-05 1.817394e-05]
At round 9 average t_co: 0.3585241039849868 average t_cp: 0.3141367033797311 t: 0.503506460474122
At round 9 average e_co: 0.002966134905151627 average e_cp: 0.0008539806025528868 e: 0.0038201155077045136
At round 9 a_n: 19.894335203468554
At round 9 local rounds: 15.895669695966939
At round 9 global rounds: 30.842943583190294
At round 9 tau: 10.559311084270776
At round 9 accuracy: 0.8255813953488372
At round 9 training accuracy: 0.8260095011876485
At round 9 training loss: 0.34366143464640975
At round 9 test loss: 0.5013617726826188
gradient difference: 0.5392085313796997
ground = 10 remain_eps = 0.012623788489965919	remain_tau = 10.055804623796654
update_location
xs = [-248.887302  368.887302 -353.887302 -310.646903 -160.646903  -60.646903  360.646903 -148.887302  460.646903  393.887302]
ys = [-268.887302  323.887302 -368.887302  435.319203  365.319203  315.319203   79.680797 -168.887302   29.680797  353.887302]
dists_uav = [671.200867 222.070917 814.603828 563.136412 401.477097 294.995862 235.577813 531.935788 337.873064 255.965027]
uav_gains = [6.363090e-13 3.596731e-11 4.054759e-13 9.644881e-13 2.371314e-12 9.188644e-12 2.896842e-11 1.107644e-12 4.556644e-12 1.997543e-11]
dists_bs = [339.643884 902.700464 377.394703 985.557461 880.104965 817.571678 682.71225  363.046895 701.966749 940.356704]
bs_gains = [3.746342e-11 2.809505e-12 2.833425e-11 2.226196e-12 3.004721e-12 3.652810e-12 5.889666e-12 3.139925e-11 5.471189e-12 2.521129e-12]
At round 10 optimal eta: 0.35497936019598464
At round 10 optimal freqs: [6.065460e+07 1.205270e+08 8.237220e+07 2.550297e+08 1.259807e+08 1.463044e+08 1.738839e+08 6.593237e+07 9.878682e+07 1.226531e+08]
At round 10 optimal decs: [0 0 0 0 0 0 0 0 0 0]
At round 10 optimal powers: [0.000113 0.001171 0.000225 0.004588 0.001201 0.00141  0.001522 0.000133 0.000604 0.001263]
At round 10 t_co: [0.287842 0.346817 0.218405 0.164144 0.323727 0.251454 0.176957 0.291265 0.345451 0.355383]
At round 10 e_co: [3.259589e-05 4.059957e-04 4.912036e-05 7.530264e-04 3.886845e-04 3.546251e-04 2.693925e-04 3.870673e-05 2.087547e-04 4.488559e-04]
At round 10 t_cp: [0.19131  0.106827 0.247006 0.314137 0.142578 0.221642 0.307156 0.214571 0.128727 0.098495]
At round 10 e_cp: [4.269029e-06 1.870391e-05 1.380544e-05 5.210636e-04 2.850789e-05 6.941032e-05 1.614867e-04 6.149874e-06 1.240986e-05 1.817394e-05]
At round 10 average t_co: 0.3553832206887621 average t_cp: 0.3141367033797311 t: 0.5058360139397321
At round 10 average e_co: 0.0029497578360861624 average e_cp: 0.0008539806025528868 e: 0.0038037384386390483
At round 10 a_n: 19.894335203468554
At round 10 local rounds: 15.895669695966939
At round 10 global rounds: 30.842943583190294
At round 10 tau: 10.055804623796654
At round 10 accuracy: 0.8255813953488372
At round 10 training accuracy: 0.8319477434679335
At round 10 training loss: 0.31827682911972155
At round 10 test loss: 0.5177232342793845
gradient difference: 0.5876860618591309
ground = 11 remain_eps = 0.016267045458493074	remain_tau = 9.549968609856922
update_location
xs = [-245.776032  365.776032 -350.776032 -306.711594 -156.711594  -56.711594  356.711594 -145.776032  456.711594  390.776032]
ys = [-265.776032  320.776032 -365.776032  433.351123  363.351123  313.351123   81.648877 -165.776032   31.648877  350.776032]
dists_uav = [666.854275 218.260169 810.239345 558.816017 397.2313   290.887048 231.731648 527.621276 333.73191  251.987827]
uav_gains = [6.460678e-13 3.807952e-11 4.105546e-13 9.825607e-13 2.453205e-12 9.945680e-12 3.088417e-11 1.130005e-12 4.823588e-12 2.156136e-11]
dists_bs = [339.509536 898.590786 375.579417 982.454233 877.458651 815.325858 682.318531 364.631749 700.882307 936.229546]
bs_gains = [3.750272e-11 2.843684e-12 2.869861e-11 2.244879e-12 3.028795e-12 3.679534e-12 5.898676e-12 3.103889e-11 5.493651e-12 2.550688e-12]
At round 11 optimal eta: 0.35497936019598464
At round 11 optimal freqs: [6.065460e+07 1.205270e+08 8.237220e+07 2.550297e+08 1.259807e+08 1.463044e+08 1.738839e+08 6.593237e+07 9.878682e+07 1.226531e+08]
At round 11 optimal decs: [0 0 0 0 0 0 0 0 0 0]
At round 11 optimal powers: [0.000113 0.001171 0.000225 0.004588 0.001201 0.00141  0.001522 0.000133 0.000604 0.001263]
At round 11 t_co: [0.287627 0.343682 0.216616 0.163369 0.321829 0.250211 0.176798 0.293681 0.34439  0.352265]
At round 11 e_co: [3.257158e-05 4.023253e-04 4.871802e-05 7.494724e-04 3.864051e-04 3.528728e-04 2.691506e-04 3.902774e-05 2.081135e-04 4.449179e-04]
At round 11 t_cp: [0.19131  0.106827 0.247006 0.314137 0.142578 0.221642 0.307156 0.214571 0.128727 0.098495]
At round 11 e_cp: [4.269029e-06 1.870391e-05 1.380544e-05 5.210636e-04 2.850789e-05 6.941032e-05 1.614867e-04 6.149874e-06 1.240986e-05 1.817394e-05]
At round 11 average t_co: 0.35226530751481167 average t_cp: 0.3141367033797311 t: 0.5082515858310066
At round 11 average e_co: 0.0029335748931572326 average e_cp: 0.0008539806025528868 e: 0.003787555495710119
At round 11 a_n: 19.894335203468554
At round 11 local rounds: 15.895669695966939
At round 11 global rounds: 30.842943583190294
At round 11 tau: 9.549968609856922
At round 11 accuracy: 0.8302325581395349
At round 11 training accuracy: 0.834916864608076
At round 11 training loss: 0.31573490460395154
At round 11 test loss: 0.4683410346594661
gradient difference: 0.6011754274368286
ground = 12 remain_eps = 0.020961755510955533	remain_tau = 9.041717024025916
update_location
xs = [-242.664762  362.664762 -347.664762 -302.776284 -152.776284  -52.776284  352.776284 -142.664762  452.776284  387.664762]
ys = [-262.664762  317.664762 -362.664762  431.383043  361.383043  311.383043   83.616957 -162.664762   33.616957  347.664762]
dists_uav = [662.508388 214.471981 805.875249 554.496873 392.988895 286.786873 227.905523 523.308188 329.597464 248.024907]
uav_gains = [6.560460e-13 4.024299e-11 4.157252e-13 1.001150e-12 2.540443e-12 1.077883e-11 3.285137e-11 1.153071e-12 5.117258e-12 2.322731e-11]
dists_bs = [339.432176 894.483869 373.807108 979.36094  874.826463 813.097644 681.952974 366.262607 699.823849 932.104885]
bs_gains = [3.752538e-11 2.878415e-12 2.906060e-11 2.263717e-12 3.053005e-12 3.706315e-12 5.907059e-12 3.067398e-11 5.515697e-12 2.580708e-12]
At round 12 optimal eta: 0.35497936019598464
At round 12 optimal freqs: [6.065460e+07 1.205270e+08 8.237220e+07 2.550297e+08 1.259807e+08 1.463044e+08 1.738839e+08 6.593237e+07 9.878682e+07 1.226531e+08]
At round 12 optimal decs: [0 0 0 0 0 0 0 0 0 0]
At round 12 optimal powers: [0.000113 0.001171 0.000225 0.004588 0.001201 0.00141  0.001522 0.000133 0.000604 0.001263]
At round 12 t_co: [0.287504 0.34057  0.214881 0.1626   0.319949 0.248983 0.17665  0.296183 0.343356 0.34917 ]
At round 12 e_co: [3.255758e-05 3.986830e-04 4.832780e-05 7.459437e-04 3.841482e-04 3.511411e-04 2.689260e-04 3.936025e-05 2.074891e-04 4.410088e-04]
At round 12 t_cp: [0.19131  0.106827 0.247006 0.314137 0.142578 0.221642 0.307156 0.214571 0.128727 0.098495]
At round 12 e_cp: [4.269029e-06 1.870391e-05 1.380544e-05 5.210636e-04 2.850789e-05 6.941032e-05 1.614867e-04 6.149874e-06 1.240986e-05 1.817394e-05]
At round 12 average t_co: 0.34917027775935294 average t_cp: 0.3141367033797311 t: 0.5107536858864066
At round 12 average e_co: 0.002917585586022028 average e_cp: 0.0008539806025528868 e: 0.0037715661885749157
At round 12 a_n: 19.894335203468554
At round 12 local rounds: 15.895669695966939
At round 12 global rounds: 30.842943583190294
At round 12 tau: 9.041717024025916
At round 12 accuracy: 0.8372093023255814
At round 12 training accuracy: 0.838479809976247
At round 12 training loss: 0.2921287237364955
At round 12 test loss: 0.4657604072029999
gradient difference: 0.43971142172813416
ground = 13 remain_eps = 0.027011370640245252	remain_tau = 8.53096333813951
update_location
xs = [-239.553492  359.553492 -344.553492 -298.840974 -148.840974  -48.840974  348.840974 -139.553492  448.840974  384.553492]
ys = [-259.553492  314.553492 -359.553492  429.414963  359.414963  309.414963   85.585037 -159.553492   35.585037  344.553492]
dists_uav = [658.16322  210.707569 801.511545 550.179011 388.749993 282.695713 224.100464 518.996558 325.469982 244.076963]
uav_gains = [6.662505e-13 4.246075e-11 4.209901e-13 1.020276e-12 2.633567e-12 1.169311e-11 3.486749e-11 1.176877e-12 5.440831e-12 2.496790e-11]
dists_bs = [339.411842 890.379753 372.078393 976.277677 872.208527 810.887183 681.615625 367.938856 698.791494 927.982753]
bs_gains = [3.753134e-11 2.913708e-12 2.941977e-11 2.282712e-12 3.077348e-12 3.733150e-12 5.914810e-12 3.030505e-11 5.537317e-12 2.611198e-12]
At round 13 optimal eta: 0.35497936019598464
At round 13 optimal freqs: [6.065460e+07 1.205270e+08 8.237220e+07 2.550297e+08 1.259807e+08 1.463044e+08 1.738839e+08 6.593237e+07 9.878682e+07 1.226531e+08]
At round 13 optimal decs: [0 0 0 0 0 0 0 0 0 0]
At round 13 optimal powers: [0.000113 0.001171 0.000225 0.004588 0.001201 0.00141  0.001522 0.000133 0.000604 0.001263]
At round 13 t_co: [0.287471 0.337483 0.2132   0.161836 0.318088 0.24777  0.176514 0.298772 0.342351 0.346098]
At round 13 e_co: [3.255390e-05 3.950685e-04 4.794966e-05 7.424403e-04 3.819136e-04 3.494300e-04 2.687190e-04 3.970433e-05 2.068816e-04 4.371285e-04]
At round 13 t_cp: [0.19131  0.106827 0.247006 0.314137 0.142578 0.221642 0.307156 0.214571 0.128727 0.098495]
At round 13 e_cp: [4.269029e-06 1.870391e-05 1.380544e-05 5.210636e-04 2.850789e-05 6.941032e-05 1.614867e-04 6.149874e-06 1.240986e-05 1.817394e-05]
At round 13 average t_co: 0.3460980445512218 average t_cp: 0.3141367033797311 t: 0.5133428388464898
At round 13 average e_co: 0.0029017894333396663 average e_cp: 0.0008539806025528868 e: 0.003755770035892553
At round 13 a_n: 19.894335203468554
At round 13 local rounds: 15.895669695966939
At round 13 global rounds: 30.842943583190294
At round 13 tau: 8.53096333813951
At round 13 accuracy: 0.8372093023255814
At round 13 training accuracy: 0.8444180522565321
At round 13 training loss: 0.2675428996055799
At round 13 test loss: 0.4552839724646606
gradient difference: 0.536544144153595
ground = 14 remain_eps = 0.034806919844255164	remain_tau = 8.01762049929302
update_location
xs = [-236.442222  356.442222 -341.442222 -294.905665 -144.905665  -44.905665  344.905665 -136.442222  444.905665  381.442222]
ys = [-256.442222  311.442222 -356.442222  427.446884  357.446884  307.446884   87.553116 -156.442222   37.553116  341.442222]
dists_uav = [653.818786 206.968232 797.148239 545.862461 384.514712 278.613966 220.317563 514.686425 321.349732 240.144734]
uav_gains = [6.766881e-13 4.473726e-11 4.263515e-13 1.039963e-12 2.733186e-12 1.269297e-11 3.693140e-11 1.201456e-12 5.797816e-12 2.677742e-11]
dists_bs = [339.448546 886.278477 370.39388  973.204538 869.604974 808.69462  681.306526 369.65988  697.785356 923.863184]
bs_gains = [3.752058e-11 2.949575e-12 2.977566e-11 2.301864e-12 3.101824e-12 3.760031e-12 5.921923e-12 2.993260e-11 5.558500e-12 2.642167e-12]
At round 14 optimal eta: 0.35497936019598464
At round 14 optimal freqs: [6.065460e+07 1.205270e+08 8.237220e+07 2.550297e+08 1.259807e+08 1.463044e+08 1.738839e+08 6.593237e+07 9.878682e+07 1.226531e+08]
At round 14 optimal decs: [0 0 0 0 0 0 0 0 0 0]
At round 14 optimal powers: [0.000113 0.001171 0.000225 0.004588 0.001201 0.00141  0.001522 0.000133 0.000604 0.001263]
At round 14 t_co: [0.28753  0.334419 0.211572 0.161078 0.316246 0.246571 0.17639  0.301449 0.341373 0.343049]
At round 14 e_co: [3.256054e-05 3.914819e-04 4.758351e-05 7.389622e-04 3.797014e-04 3.477394e-04 2.685294e-04 4.006004e-05 2.062907e-04 4.332769e-04]
At round 14 t_cp: [0.19131  0.106827 0.247006 0.314137 0.142578 0.221642 0.307156 0.214571 0.128727 0.098495]
At round 14 e_cp: [4.269029e-06 1.870391e-05 1.380544e-05 5.210636e-04 2.850789e-05 6.941032e-05 1.614867e-04 6.149874e-06 1.240986e-05 1.817394e-05]
At round 14 average t_co: 0.3430485208528284 average t_cp: 0.3141367033797311 t: 0.516019584216995
At round 14 average e_co: 0.002886185962782057 average e_cp: 0.0008539806025528868 e: 0.0037401665653349434
At round 14 a_n: 19.894335203468554
At round 14 local rounds: 15.895669695966939
At round 14 global rounds: 30.842943583190294
At round 14 tau: 8.01762049929302
At round 14 accuracy: 0.8372093023255814
At round 14 training accuracy: 0.8414489311163895
At round 14 training loss: 0.27036229047809246
At round 14 test loss: 0.4582910991483188
gradient difference: 0.5519672632217407
ground = 15 remain_eps = 0.04485228406881776	remain_tau = 7.5016009150760254
update_location
xs = [-233.330952  353.330952 -338.330952 -290.970355 -140.970355  -40.970355  340.970355 -133.330952  440.970355  378.330952]
ys = [-253.330952  308.330952 -353.330952  425.478804  355.478804  305.478804   89.521196 -153.330952   39.521196  338.330952]
dists_uav = [649.4751   203.255352 792.78534  541.547254 380.28317  274.542051 216.557981 510.377825 317.236995 236.229005]
uav_gains = [6.873662e-13 4.707832e-11 4.318116e-13 1.060235e-12 2.839986e-12 1.378204e-11 3.904353e-11 1.226848e-12 6.192067e-12 2.865035e-11]
dists_bs = [339.542269 882.180078 368.754177 970.141621 867.015931 806.520101 681.025714 371.425055 696.80555  919.746212]
bs_gains = [3.749314e-11 2.986028e-12 3.012781e-11 2.321173e-12 3.126431e-12 3.786956e-12 5.928396e-12 2.955710e-11 5.579237e-12 2.673624e-12]
At round 15 optimal eta: 0.35497936019598464
At round 15 optimal freqs: [6.065460e+07 1.205270e+08 8.237220e+07 2.550297e+08 1.259807e+08 1.463044e+08 1.738839e+08 6.593237e+07 9.878682e+07 1.226531e+08]
At round 15 optimal decs: [0 0 0 0 0 0 0 0 0 0]
At round 15 optimal powers: [0.000113 0.001171 0.000225 0.004588 0.001201 0.00141  0.001522 0.000133 0.000604 0.001263]
At round 15 t_co: [0.28768  0.331379 0.209997 0.160325 0.314422 0.245387 0.176277 0.304214 0.340423 0.340022]
At round 15 e_co: [3.257750e-05 3.879229e-04 4.722931e-05 7.355092e-04 3.775115e-04 3.460691e-04 2.683573e-04 4.042748e-05 2.057166e-04 4.294539e-04]
At round 15 t_cp: [0.19131  0.106827 0.247006 0.314137 0.142578 0.221642 0.307156 0.214571 0.128727 0.098495]
At round 15 e_cp: [4.269029e-06 1.870391e-05 1.380544e-05 5.210636e-04 2.850789e-05 6.941032e-05 1.614867e-04 6.149874e-06 1.240986e-05 1.817394e-05]
At round 15 average t_co: 0.3404232542930352 average t_cp: 0.3141367033797311 t: 0.5187844760229245
At round 15 average e_co: 0.00287077471104106 average e_cp: 0.0008539806025528868 e: 0.0037247553135939465
At round 15 a_n: 19.894335203468554
At round 15 local rounds: 15.895669695966939
At round 15 global rounds: 30.842943583190294
At round 15 tau: 7.5016009150760254
At round 15 accuracy: 0.8372093023255814
At round 15 training accuracy: 0.8444180522565321
At round 15 training loss: 0.26072088947412003
At round 15 test loss: 0.462402045745547
gradient difference: 0.43760865926742554
ground = 16 remain_eps = 0.05779676556246492	remain_tau = 6.982816439053101
update_location
xs = [-230.219683  350.219683 -335.219683 -287.035045 -137.035045  -37.035045  337.035045 -130.219683  437.035045  375.219683]
ys = [-250.219683  305.219683 -350.219683  423.510724  353.510724  303.510724   91.489276 -150.219683   41.489276  335.219683]
dists_uav = [645.132177 199.570407 788.422853 537.233423 376.055495 270.480413 212.822954 506.070798 313.132067 232.33061 ]
uav_gains = [6.982923e-13 4.949082e-11 4.373731e-13 1.081116e-12 2.954744e-12 1.496291e-11 4.120582e-11 1.253094e-12 6.627782e-12 3.058171e-11]
dists_bs = [339.692963 878.084599 367.159882 967.089021 864.441531 804.363773 680.773226 373.233755 695.852187 915.631874]
bs_gains = [3.744908e-11 3.023077e-12 3.047574e-11 2.340639e-12 3.151165e-12 3.813919e-12 5.934225e-12 2.917905e-11 5.599516e-12 2.705579e-12]
At round 16 optimal eta: 0.35497936019598464
At round 16 optimal freqs: [6.065460e+07 1.205270e+08 8.237220e+07 2.550297e+08 1.259807e+08 1.463044e+08 1.738839e+08 6.593237e+07 9.878682e+07 1.226531e+08]
At round 16 optimal decs: [0 0 0 0 0 0 0 0 0 0]
At round 16 optimal powers: [0.000113 0.001171 0.000225 0.004588 0.001201 0.00141  0.001522 0.000133 0.000604 0.001263]
At round 16 t_co: [0.28792  0.328362 0.208475 0.159578 0.312616 0.244217 0.176175 0.307068 0.339501 0.337017]
At round 16 e_co: [3.260478e-05 3.843915e-04 4.688700e-05 7.320814e-04 3.753436e-04 3.444193e-04 2.682026e-04 4.080670e-05 2.051592e-04 4.256593e-04]
At round 16 t_cp: [0.19131  0.106827 0.247006 0.314137 0.142578 0.221642 0.307156 0.214571 0.128727 0.098495]
At round 16 e_cp: [4.269029e-06 1.870391e-05 1.380544e-05 5.210636e-04 2.850789e-05 6.941032e-05 1.614867e-04 6.149874e-06 1.240986e-05 1.817394e-05]
At round 16 average t_co: 0.33950078606940476 average t_cp: 0.3141367033797311 t: 0.5216380825539929
At round 16 average e_co: 0.0028555552238319543 average e_cp: 0.0008539806025528868 e: 0.003709535826384841
At round 16 a_n: 19.894335203468554
At round 16 local rounds: 15.895669695966939
At round 16 global rounds: 30.842943583190294
At round 16 tau: 6.982816439053101
At round 16 accuracy: 0.8441860465116279
At round 16 training accuracy: 0.8473871733966746
At round 16 training loss: 0.2509719079777728
At round 16 test loss: 0.4653381224801086
gradient difference: 0.5745682716369629
ground = 17 remain_eps = 0.07447705682852598	remain_tau = 6.461178356499108
update_location
xs = [-227.108413  347.108413 -332.108413 -283.099736 -133.099736  -33.099736  333.099736 -127.108413  433.099736  372.108413]
ys = [-247.108413  302.108413 -347.108413  421.542645  351.542645  301.542645   93.457355 -147.108413   43.457355  332.108413]
dists_uav = [640.790032 195.914973 784.060785 532.921    371.831818 266.429521 209.113798 501.765384 309.03526  228.450437]
uav_gains = [7.094743e-13 5.198259e-11 4.430382e-13 1.102635e-12 3.078335e-12 1.623692e-11 4.342164e-11 1.280237e-12 7.109486e-12 3.256752e-11]
dists_bs = [339.900553 873.99208  365.611591 964.046838 861.881903 802.225781 680.549092 375.085352 694.925376 911.520204]
bs_gains = [3.738850e-11 3.060735e-12 3.081894e-11 2.360263e-12 3.176025e-12 3.840913e-12 5.939405e-12 2.879889e-11 5.619328e-12 2.738040e-12]
At round 17 optimal eta: 0.35497936019598464
At round 17 optimal freqs: [6.065460e+07 1.205270e+08 8.237220e+07 2.550297e+08 1.259807e+08 1.463044e+08 1.738839e+08 6.593237e+07 9.878682e+07 1.226531e+08]
At round 17 optimal decs: [0 0 0 0 0 0 0 0 0 0]
At round 17 optimal powers: [0.000113 0.001171 0.000225 0.004588 0.001201 0.00141  0.001522 0.000133 0.000604 0.001263]
At round 17 t_co: [0.288253 0.325369 0.207006 0.158836 0.310829 0.243061 0.176085 0.31001  0.338606 0.334035]
At round 17 e_co: [3.264239e-05 3.808876e-04 4.655651e-05 7.286785e-04 3.731979e-04 3.427897e-04 2.680653e-04 4.119778e-05 2.046184e-04 4.218931e-04]
At round 17 t_cp: [0.19131  0.106827 0.247006 0.314137 0.142578 0.221642 0.307156 0.214571 0.128727 0.098495]
At round 17 e_cp: [4.269029e-06 1.870391e-05 1.380544e-05 5.210636e-04 2.850789e-05 6.941032e-05 1.614867e-04 6.149874e-06 1.240986e-05 1.817394e-05]
At round 17 average t_co: 0.3386058568442766 average t_cp: 0.3141367033797311 t: 0.5245809861018282
At round 17 average e_co: 0.0028405270558933 average e_cp: 0.0008539806025528868 e: 0.0036945076584461874
At round 17 a_n: 19.894335203468554
At round 17 local rounds: 15.895669695966939
At round 17 global rounds: 30.842943583190294
At round 17 tau: 6.461178356499108
At round 17 accuracy: 0.8441860465116279
At round 17 training accuracy: 0.8479809976247031
At round 17 training loss: 0.24243491513305068
At round 17 test loss: 0.4284206699618984
gradient difference: 0.42576080560684204
ground = 18 remain_eps = 0.0959713219218928	remain_tau = 5.93659737039728
update_location
xs = [-223.997143  343.997143 -328.997143 -279.164426 -129.164426  -29.164426  329.164426 -123.997143  429.164426  368.997143]
ys = [-243.997143  298.997143 -343.997143  419.574565  349.574565  299.574565   95.425435 -143.997143   45.425435  328.997143]
dists_uav = [636.448683 192.290732 779.699144 528.610021 367.612278 262.389873 205.431914 497.461625 304.946902 224.589429]
uav_gains = [7.209203e-13 5.456217e-11 4.488097e-13 1.124819e-12 3.211753e-12 1.760402e-11 4.569568e-11 1.308324e-12 7.642000e-12 3.460508e-11]
dists_bs = [340.164935 869.902563 364.109889 961.01517  859.337181 800.106273 680.353341 376.979211 694.025223 907.411238]
bs_gains = [3.731155e-11 3.099013e-12 3.115692e-11 2.380046e-12 3.201010e-12 3.867935e-12 5.943935e-12 2.841708e-11 5.638663e-12 2.771019e-12]
At round 18 optimal eta: 0.35497936019598464
At round 18 optimal freqs: [6.065460e+07 1.205270e+08 8.237220e+07 2.550297e+08 1.259807e+08 1.463044e+08 1.738839e+08 6.593237e+07 9.878682e+07 1.226531e+08]
At round 18 optimal decs: [0 0 0 0 0 0 0 0 0 0]
At round 18 optimal powers: [0.000113 0.001171 0.000225 0.004588 0.001201 0.00141  0.001522 0.000133 0.000604 0.001263]
At round 18 t_co: [0.288676 0.322399 0.205588 0.1581   0.30906  0.24192  0.176006 0.313043 0.337738 0.331076]
At round 18 e_co: [3.269034e-05 3.774110e-04 4.623780e-05 7.253007e-04 3.710741e-04 3.411803e-04 2.679454e-04 4.160082e-05 2.040942e-04 4.181551e-04]
At round 18 t_cp: [0.19131  0.106827 0.247006 0.314137 0.142578 0.221642 0.307156 0.214571 0.128727 0.098495]
At round 18 e_cp: [4.269029e-06 1.870391e-05 1.380544e-05 5.210636e-04 2.850789e-05 6.941032e-05 1.614867e-04 6.149874e-06 1.240986e-05 1.817394e-05]
At round 18 average t_co: 0.3377384106017291 average t_cp: 0.3141367033797311 t: 0.5276137826893688
At round 18 average e_co: 0.002825689770983239 average e_cp: 0.0008539806025528868 e: 0.003679670373536126
At round 18 a_n: 19.894335203468554
At round 18 local rounds: 15.895669695966939
At round 18 global rounds: 30.842943583190294
At round 18 tau: 5.93659737039728
At round 18 accuracy: 0.8441860465116279
At round 18 training accuracy: 0.8527315914489311
At round 18 training loss: 0.23350456814891463
At round 18 test loss: 0.4473676505238684
gradient difference: 0.6599729061126709
ground = 19 remain_eps = 0.12366888574345226	remain_tau = 5.408983587707911
update_location
xs = [-220.885873  340.885873 -325.885873 -275.229116 -125.229116  -25.229116  325.229116 -120.885873  425.229116  365.885873]
ys = [-240.885873  295.885873 -340.885873  417.606485  347.606485  297.606485   97.393515 -140.885873   47.393515  325.885873]
dists_uav = [632.108144 188.699483 775.337935 524.300521 363.397019 258.361997 201.778794 493.159565 300.867335 220.748592]
uav_gains = [7.326390e-13 5.723867e-11 4.546901e-13 1.147700e-12 3.356119e-12 1.906274e-11 4.803377e-11 1.337406e-12 8.230387e-12 3.669319e-11]
dists_bs = [340.485976 865.81609  362.655357 957.994117 856.807496 798.005397 680.185996 378.914701 693.151832 903.305014]
bs_gains = [3.721839e-11 3.137925e-12 3.148917e-11 2.399988e-12 3.226115e-12 3.894979e-12 5.947811e-12 2.803404e-11 5.657510e-12 2.804525e-12]
At round 19 optimal eta: 0.35497936019598464
At round 19 optimal freqs: [6.065460e+07 1.205270e+08 8.237220e+07 2.550297e+08 1.259807e+08 1.463044e+08 1.738839e+08 6.593237e+07 9.878682e+07 1.226531e+08]
At round 19 optimal decs: [0 0 0 0 0 0 0 0 0 0]
At round 19 optimal powers: [0.000113 0.001171 0.000225 0.004588 0.001201 0.00141  0.001522 0.000133 0.000604 0.001263]
At round 19 t_co: [0.289191 0.319452 0.204223 0.157369 0.30731  0.240793 0.175939 0.316167 0.336898 0.328138]
At round 19 e_co: [3.274864e-05 3.739616e-04 4.593081e-05 7.219478e-04 3.689723e-04 3.395911e-04 2.678430e-04 4.201588e-05 2.035865e-04 4.144452e-04]
At round 19 t_cp: [0.19131  0.106827 0.247006 0.314137 0.142578 0.221642 0.307156 0.214571 0.128727 0.098495]
At round 19 e_cp: [4.269029e-06 1.870391e-05 1.380544e-05 5.210636e-04 2.850789e-05 6.941032e-05 1.614867e-04 6.149874e-06 1.240986e-05 1.817394e-05]
At round 19 average t_co: 0.3368983929267178 average t_cp: 0.3141367033797311 t: 0.5307370817929161
At round 19 average e_co: 0.002811042941872303 average e_cp: 0.0008539806025528868 e: 0.00366502354442519
At round 19 a_n: 19.894335203468554
At round 19 local rounds: 15.895669695966939
At round 19 global rounds: 30.842943583190294
At round 19 tau: 5.408983587707911
At round 19 accuracy: 0.8511627906976744
At round 19 training accuracy: 0.8509501187648456
At round 19 training loss: 0.23266013300257218
At round 19 test loss: 0.4276667932604346
gradient difference: 0.5089530944824219
ground = 20 remain_eps = 0.15936003583939604	remain_tau = 4.878246505914995
update_location
xs = [-217.774603  337.774603 -322.774603 -271.293807 -121.293807  -21.293807  321.293807 -117.774603  421.293807  362.774603]
ys = [-237.774603  292.774603 -337.774603  415.638405  345.638405  295.638405   99.361595 -137.774603   49.361595  322.774603]
dists_uav = [627.768434 185.143145 770.977168 519.992536 359.18619  254.346451 198.15603  488.859249 296.796924 216.928999]
uav_gains = [7.446392e-13 6.002154e-11 4.606821e-13 1.171309e-12 3.512704e-12 2.061020e-11 5.044265e-11 1.367538e-12 8.879867e-12 3.883230e-11]
dists_bs = [340.863516 861.732705 361.248562 954.983779 854.292983 795.923299 680.04708  380.891186 692.305303 899.201568]
bs_gains = [3.710925e-11 3.177483e-12 3.181517e-11 2.420088e-12 3.251340e-12 3.922038e-12 5.951031e-12 2.765019e-11 5.675861e-12 2.838568e-12]
At round 20 optimal eta: 0.35497936019598464
At round 20 optimal freqs: [6.065460e+07 1.205270e+08 8.237220e+07 2.550297e+08 1.259807e+08 1.463044e+08 1.738839e+08 6.593237e+07 9.878682e+07 1.226531e+08]
At round 20 optimal decs: [0 0 0 0 0 0 0 0 0 0]
At round 20 optimal powers: [0.000113 0.001171 0.000225 0.004588 0.001201 0.00141  0.001522 0.000133 0.000604 0.001263]
At round 20 t_co: [0.289797 0.316529 0.20291  0.156644 0.305577 0.239681 0.175883 0.319381 0.336086 0.325223]
At round 20 e_co: [3.281730e-05 3.705394e-04 4.563550e-05 7.186196e-04 3.668923e-04 3.380220e-04 2.677580e-04 4.244305e-05 2.030955e-04 4.107634e-04]
At round 20 t_cp: [0.19131  0.106827 0.247006 0.314137 0.142578 0.221642 0.307156 0.214571 0.128727 0.098495]
At round 20 e_cp: [4.269029e-06 1.870391e-05 1.380544e-05 5.210636e-04 2.850789e-05 6.941032e-05 1.614867e-04 6.149874e-06 1.240986e-05 1.817394e-05]
At round 20 average t_co: 0.3360857510126266 average t_cp: 0.3141367033797311 t: 0.5339515060573408
At round 20 average e_co: 0.0027965861503328254 average e_cp: 0.0008539806025528868 e: 0.003650566752885712
At round 20 a_n: 19.894335203468554
At round 20 local rounds: 15.895669695966939
At round 20 global rounds: 30.842943583190294
At round 20 tau: 4.878246505914995
At round 20 accuracy: 0.8534883720930233
At round 20 training accuracy: 0.8545130641330166
At round 20 training loss: 0.22051928472761967
At round 20 test loss: 0.45926948620742836
gradient difference: 0.4884430766105652
ground = 21 remain_eps = 0.20535174122467725	remain_tau = 4.344294999857654
update_location
xs = [-214.663333  334.663333 -319.663333 -267.358497 -117.358497  -17.358497  317.358497 -114.663333  417.358497  359.663333]
ys = [-234.663333  289.663333 -334.663333  413.670326  343.670326  293.670326  101.329674 -134.663333   51.329674  319.663333]
dists_uav = [623.429568 181.623769 766.616849 515.686106 354.97995  250.34383  194.565318 484.560722 292.73605  213.13179 ]
uav_gains = [7.569304e-13 6.292042e-11 4.667887e-13 1.195684e-12 3.682948e-12 2.224232e-11 5.292983e-11 1.398779e-12 9.595711e-12 4.102448e-11]
dists_bs = [341.297368 857.652451 359.890067 951.984259 851.793775 793.860128 679.93661  382.908031 691.485737 895.10094 ]
bs_gains = [3.698437e-11 3.217700e-12 3.213442e-11 2.440347e-12 3.276681e-12 3.949108e-12 5.953594e-12 2.726592e-11 5.693705e-12 2.873159e-12]
At round 21 optimal eta: 0.35497936019598464
At round 21 optimal freqs: [6.065460e+07 1.205270e+08 8.237220e+07 2.550297e+08 1.259807e+08 1.463044e+08 1.738839e+08 6.593237e+07 9.878682e+07 1.226531e+08]
At round 21 optimal decs: [0 0 0 0 0 0 0 0 0 0]
At round 21 optimal powers: [0.000113 0.001171 0.000225 0.004588 0.001201 0.00141  0.001522 0.000133 0.000604 0.001263]
At round 21 t_co: [0.290495 0.313629 0.201649 0.155924 0.303863 0.238582 0.175839 0.322687 0.3353   0.32233 ]
At round 21 e_co: [3.289635e-05 3.671442e-04 4.535181e-05 7.153163e-04 3.648340e-04 3.364730e-04 2.676905e-04 4.288241e-05 2.026209e-04 4.071095e-04]
At round 21 t_cp: [0.19131  0.106827 0.247006 0.314137 0.142578 0.221642 0.307156 0.214571 0.128727 0.098495]
At round 21 e_cp: [4.269029e-06 1.870391e-05 1.380544e-05 5.210636e-04 2.850789e-05 6.941032e-05 1.614867e-04 6.149874e-06 1.240986e-05 1.817394e-05]
At round 21 average t_co: 0.3353004336685814 average t_cp: 0.3141367033797311 t: 0.537257691004961
At round 21 average e_co: 0.002782318987125034 average e_cp: 0.0008539806025528868 e: 0.0036362995896779206
At round 21 a_n: 19.894335203468554
At round 21 local rounds: 15.895669695966939
At round 21 global rounds: 30.842943583190294
At round 21 tau: 4.344294999857654
At round 21 accuracy: 0.8534883720930233
At round 21 training accuracy: 0.8580760095011877
At round 21 training loss: 0.21801531770556387
At round 21 test loss: 0.5445217687015732
gradient difference: 0.5100682973861694
ground = 22 remain_eps = 0.26461676794868016	remain_tau = 3.807037308852693
update_location
xs = [-211.552064  331.552064 -316.552064 -263.423187 -113.423187  -13.423187  313.423187 -111.552064  413.423187  356.552064]
ys = [-231.552064  286.552064 -331.552064  411.702246  341.702246  291.702246  103.297754 -131.552064   53.297754  316.552064]
dists_uav = [619.091566 178.143545 762.256986 511.381268 350.778464 246.354762 191.008465 480.264033 288.685115 209.358185]
uav_gains = [7.695221e-13 6.594504e-11 4.730126e-13 1.220859e-12 3.868478e-12 2.395405e-11 5.550334e-11 1.431193e-12 1.038309e-11 4.327341e-11]
dists_bs = [341.787317 853.575374 358.580418 948.995659 849.310008 791.816032 679.854598 384.964602 690.693229 891.003169]
bs_gains = [3.684404e-11 3.258589e-12 3.244637e-11 2.460766e-12 3.302136e-12 3.976181e-12 5.955497e-12 2.688162e-11 5.711034e-12 2.908309e-12]
At round 22 optimal eta: 0.35497936019598464
At round 22 optimal freqs: [6.065460e+07 1.205270e+08 8.237220e+07 2.550297e+08 1.259807e+08 1.463044e+08 1.738839e+08 6.593237e+07 9.878682e+07 1.226531e+08]
At round 22 optimal decs: [0 0 0 0 0 0 0 0 0 0]
At round 22 optimal powers: [0.000113 0.001171 0.000225 0.004588 0.001201 0.00141  0.001522 0.000133 0.000604 0.001263]
At round 22 t_co: [0.291285 0.310751 0.200439 0.155209 0.302167 0.237498 0.175806 0.326086 0.334542 0.319459]
At round 22 e_co: [3.298579e-05 3.637759e-04 4.507969e-05 7.120377e-04 3.627974e-04 3.349440e-04 2.676403e-04 4.333406e-05 2.021628e-04 4.034834e-04]
At round 22 t_cp: [0.19131  0.106827 0.247006 0.314137 0.142578 0.221642 0.307156 0.214571 0.128727 0.098495]
At round 22 e_cp: [4.269029e-06 1.870391e-05 1.380544e-05 5.210636e-04 2.850789e-05 6.941032e-05 1.614867e-04 6.149874e-06 1.240986e-05 1.817394e-05]
At round 22 average t_co: 0.33454239132651986 average t_cp: 0.3141367033797311 t: 0.5406562847386318
At round 22 average e_co: 0.00276824105197993 average e_cp: 0.0008539806025528868 e: 0.0036222216545328165
At round 22 a_n: 19.894335203468554
At round 22 local rounds: 15.895669695966939
At round 22 global rounds: 30.842943583190294
At round 22 tau: 3.807037308852693
At round 22 accuracy: 0.8534883720930233
At round 22 training accuracy: 0.8622327790973872
At round 22 training loss: 0.2065876678210445
At round 22 test loss: 0.5404075780984505
gradient difference: 0.4022948741912842
ground = 23 remain_eps = 0.3409858297865314	remain_tau = 3.266381024114061
update_location
xs = [-208.440794  328.440794 -313.440794 -259.487878 -109.487878   -9.487878  309.487878 -108.440794  409.487878  353.440794]
ys = [-228.440794  283.440794 -328.440794  409.734166  339.734166  289.734166  105.265834 -128.440794   55.265834  313.440794]
dists_uav = [614.754445 174.704813 757.897587 507.078065 346.581905 242.379918 187.487398 475.969232 284.644544 205.609482]
uav_gains = [7.824247e-13 6.910499e-11 4.793568e-13 1.246876e-12 4.071131e-12 2.573981e-11 5.817159e-11 1.464849e-12 1.124691e-11 4.558418e-11]
dists_bs = [342.333123 849.50152  357.320154 946.018082 846.841818 789.791158 679.801056 387.060266 689.927872 886.908293]
bs_gains = [3.668858e-11 3.300164e-12 3.275051e-11 2.481344e-12 3.327702e-12 4.003253e-12 5.956740e-12 2.649764e-11 5.727838e-12 2.944028e-12]
At round 23 optimal eta: 0.35497936019598464
At round 23 optimal freqs: [6.065460e+07 1.205270e+08 8.237220e+07 2.550297e+08 1.259807e+08 1.463044e+08 1.738839e+08 6.593237e+07 9.878682e+07 1.226531e+08]
At round 23 optimal decs: [0 0 0 0 0 0 0 0 0 0]
At round 23 optimal powers: [0.000113 0.001171 0.000225 0.004588 0.001201 0.00141  0.001522 0.000133 0.000604 0.001263]
At round 23 t_co: [0.292167 0.307897 0.19928  0.1545   0.300488 0.236428 0.175784 0.329577 0.333812 0.31661 ]
At round 23 e_co: [3.308566e-05 3.604344e-04 4.481911e-05 7.087838e-04 3.607824e-04 3.334348e-04 2.676076e-04 4.379807e-05 2.017212e-04 3.998849e-04]
At round 23 t_cp: [0.19131  0.106827 0.247006 0.314137 0.142578 0.221642 0.307156 0.214571 0.128727 0.098495]
At round 23 e_cp: [4.269029e-06 1.870391e-05 1.380544e-05 5.210636e-04 2.850789e-05 6.941032e-05 1.614867e-04 6.149874e-06 1.240986e-05 1.817394e-05]
At round 23 average t_co: 0.3338115760480252 average t_cp: 0.3141367033797311 t: 0.544147947639605
At round 23 average e_co: 0.002754351953579078 average e_cp: 0.0008539806025528868 e: 0.003608332556131965
At round 23 a_n: 19.894335203468554
At round 23 local rounds: 15.895669695966939
At round 23 global rounds: 30.842943583190294
At round 23 tau: 3.266381024114061
At round 23 accuracy: 0.8627906976744186
At round 23 training accuracy: 0.8598574821852731
At round 23 training loss: 0.21139750851824088
At round 23 test loss: 0.4265630291814576
gradient difference: 0.3820938766002655
ground = 24 remain_eps = 0.43939519410107475	remain_tau = 2.7222330764744562
update_location
xs = [-205.329524  325.329524 -310.329524 -255.552568 -105.552568   -5.552568  305.552568 -105.329524  405.552568  350.329524]
ys = [-225.329524  280.329524 -325.329524  407.766086  337.766086  287.766086  107.233914 -125.329524   57.233914  310.329524]
dists_uav = [610.418224 171.310073 753.53866  502.776536 342.390454 238.420009 184.004171 471.67637  280.614784 201.887069]
uav_gains = [7.956487e-13 7.240964e-11 4.858246e-13 1.273778e-12 4.292985e-12 2.759388e-11 6.094315e-11 1.499822e-12 1.219161e-11 4.796321e-11]
dists_bs = [342.934518 845.430934 356.109799 943.051633 844.389342 787.785655 679.775991 389.194391 689.189756 882.816353]
bs_gains = [3.651833e-11 3.342439e-12 3.304632e-11 2.502082e-12 3.353376e-12 4.030317e-12 5.957323e-12 2.611434e-11 5.744109e-12 2.980328e-12]
At round 24 optimal eta: 0.35497936019598464
At round 24 optimal freqs: [6.065460e+07 1.205270e+08 8.237220e+07 2.550297e+08 1.259807e+08 1.463044e+08 1.738839e+08 6.593237e+07 9.878682e+07 1.226531e+08]
At round 24 optimal decs: [0 0 0 0 0 0 0 0 0 0]
At round 24 optimal powers: [0.000113 0.001171 0.000225 0.004588 0.001201 0.00141  0.001522 0.000133 0.000604 0.001263]
At round 24 t_co: [0.293141 0.305065 0.198173 0.153796 0.298828 0.235372 0.175774 0.333163 0.333108 0.313783]
At round 24 e_co: [3.319597e-05 3.571196e-04 4.457002e-05 7.055544e-04 3.587890e-04 3.319455e-04 2.675922e-04 4.427454e-05 2.012960e-04 3.963140e-04]
At round 24 t_cp: [0.19131  0.106827 0.247006 0.314137 0.142578 0.221642 0.307156 0.214571 0.128727 0.098495]
At round 24 e_cp: [4.269029e-06 1.870391e-05 1.380544e-05 5.210636e-04 2.850789e-05 6.941032e-05 1.614867e-04 6.149874e-06 1.240986e-05 1.817394e-05]
At round 24 average t_co: 0.3331627780735041 average t_cp: 0.3141367033797311 t: 0.547733352060729
At round 24 average e_co: 0.0027406513095313938 average e_cp: 0.0008539806025528868 e: 0.0035946319120842805
At round 24 a_n: 19.894335203468554
At round 24 local rounds: 15.895669695966939
At round 24 global rounds: 30.842943583190294
At round 24 tau: 2.7222330764744562
At round 24 accuracy: 0.8627906976744186
At round 24 training accuracy: 0.8634204275534442
At round 24 training loss: 0.20477530252238588
At round 24 test loss: 0.4019739224965316
gradient difference: 0.42836132645606995
ground = 25 remain_eps = 0.5662057473766235	remain_tau = 2.174499724413727
update_location
xs = [-202.218254  322.218254 -307.218254 -251.617258 -101.617258   -1.617258  301.617258 -102.218254  401.617258  347.218254]
ys = [-222.218254  277.218254 -322.218254  405.798007  335.798007  285.798007  109.201993 -122.218254   59.201993  307.218254]
dists_uav = [606.082922 167.96199  749.180214 498.476727 338.204301 234.475791 180.560974 467.385501 276.596308 198.192427]
uav_gains = [8.092053e-13 7.586796e-11 4.924190e-13 1.301611e-12 4.536376e-12 2.951088e-11 6.382664e-11 1.536193e-12 1.322094e-11 5.041797e-11]
dists_bs = [343.591212 841.363666 354.949862 940.096417 841.952716 785.799671 679.779405 391.366349 688.47897  878.72739 ]
bs_gains = [3.633366e-11 3.385428e-12 3.333327e-11 2.522979e-12 3.379155e-12 4.057366e-12 5.957243e-12 2.573205e-11 5.759838e-12 3.017220e-12]
At round 25 optimal eta: 0.35497936019598464
At round 25 optimal freqs: [6.065460e+07 1.205270e+08 8.237220e+07 2.550297e+08 1.259807e+08 1.463044e+08 1.738839e+08 6.593237e+07 9.878682e+07 1.226531e+08]
At round 25 optimal decs: [0 0 0 0 0 0 0 0 0 0]
At round 25 optimal powers: [0.000113 0.001171 0.000225 0.004588 0.001201 0.00141  0.001522 0.000133 0.000604 0.001263]
At round 25 t_co: [0.294208 0.302256 0.197116 0.153097 0.297186 0.23433  0.175776 0.336843 0.332431 0.310978]
At round 25 e_co: [3.331676e-05 3.538313e-04 4.433238e-05 7.023495e-04 3.568170e-04 3.304761e-04 2.675943e-04 4.476356e-05 2.008872e-04 3.927706e-04]
At round 25 t_cp: [0.19131  0.106827 0.247006 0.314137 0.142578 0.221642 0.307156 0.214571 0.128727 0.098495]
At round 25 e_cp: [4.269029e-06 1.870391e-05 1.380544e-05 5.210636e-04 2.850789e-05 6.941032e-05 1.614867e-04 6.149874e-06 1.240986e-05 1.817394e-05]
At round 25 average t_co: 0.3368426080283429 average t_cp: 0.3141367033797311 t: 0.5514131820155679
At round 25 average e_co: 0.002727138746347096 average e_cp: 0.0008539806025528868 e: 0.003581119348899983
At round 25 a_n: 19.894335203468554
At round 25 local rounds: 15.895669695966939
At round 25 global rounds: 30.842943583190294
At round 25 tau: 2.174499724413727
At round 25 accuracy: 0.8651162790697674
At round 25 training accuracy: 0.8634204275534442
At round 25 training loss: 0.20010434917807696
At round 25 test loss: 0.47781001243509297
gradient difference: 0.3901095986366272
ground = 26 remain_eps = 0.7296141438647034	remain_tau = 1.6230865423981593
update_location
xs = [-199.106984  319.106984 -304.106984 -247.681949  -97.681949    2.318051  297.681949  -99.106984  397.681949  344.106984]
ys = [-219.106984  274.106984 -319.106984  403.829927  333.829927  283.829927  111.170073 -119.106984   61.170073  304.106984]
dists_uav = [601.748559 164.663413 744.822255 494.178681 334.023644 230.54807  177.160143 463.09668  272.589616 194.527139]
uav_gains = [8.231062e-13 7.948833e-11 4.991433e-13 1.330423e-12 4.803928e-12 3.148623e-11 6.683054e-11 1.574053e-12 1.433774e-11 5.295685e-11]
dists_bs = [344.302886 837.299761 353.840841 937.152541 839.532078 783.833355 679.811298 393.575512 687.795597 874.641446]
bs_gains = [3.613498e-11 3.429146e-12 3.361085e-11 2.544036e-12 3.405036e-12 4.084394e-12 5.956503e-12 2.535106e-11 5.775015e-12 3.054716e-12]
At round 26 optimal eta: 0.35497936019598464
At round 26 optimal freqs: [6.065460e+07 1.205270e+08 8.237220e+07 2.550297e+08 1.259807e+08 1.463044e+08 1.738839e+08 6.593237e+07 9.878682e+07 1.226531e+08]
At round 26 optimal decs: [0 0 0 0 0 0 0 0 0 0]
At round 26 optimal powers: [0.000113 0.001171 0.000225 0.004588 0.001201 0.00141  0.001522 0.000133 0.000604 0.001263]
At round 26 t_co: [0.295367 0.29947  0.19611  0.152404 0.295561 0.233302 0.175788 0.340618 0.331782 0.308194]
At round 26 e_co: [3.344805e-05 3.505695e-04 4.410615e-05 6.991692e-04 3.548664e-04 3.290264e-04 2.676138e-04 4.526522e-05 2.004947e-04 3.892546e-04]
At round 26 t_cp: [0.19131  0.106827 0.247006 0.314137 0.142578 0.221642 0.307156 0.214571 0.128727 0.098495]
At round 26 e_cp: [4.269029e-06 1.870391e-05 1.380544e-05 5.210636e-04 2.850789e-05 6.941032e-05 1.614867e-04 6.149874e-06 1.240986e-05 1.817394e-05]
At round 26 average t_co: 0.34061755887680095 average t_cp: 0.3141367033797311 t: 0.555188132864026
At round 26 average e_co: 0.0027138138994089412 average e_cp: 0.0008539806025528868 e: 0.0035677945019618276
At round 26 a_n: 19.894335203468554
At round 26 local rounds: 15.895669695966939
At round 26 global rounds: 30.842943583190294
At round 26 tau: 1.6230865423981593
At round 26 accuracy: 0.8651162790697674
At round 26 training accuracy: 0.8693586698337292
At round 26 training loss: 0.1914333823608177
At round 26 test loss: 0.4039697806812938
gradient difference: 0.4304061532020569
ground = 27 remain_eps = 0.940182612758484	remain_tau = 1.0678984095341333
update_location
xs = [-195.995714  315.995714 -300.995714 -243.746639  -93.746639    6.253361  293.746639  -95.995714  393.746639  340.995714]
ys = [-215.995714  270.995714 -315.995714  401.861847  331.861847  281.861847  113.138153 -115.995714   63.138153  300.995714]
dists_uav = [597.415156 161.417374 740.464794 489.882446 329.848694 226.637703 173.804162 458.809964 268.595233 190.892895]
uav_gains = [8.373636e-13 8.327839e-11 5.060010e-13 1.360270e-12 5.098579e-12 3.351652e-11 6.996304e-11 1.613498e-12 1.554376e-11 5.558894e-11]
dists_bs = [345.069202 833.239271 352.783216 934.220111 837.127568 781.886854 679.871666 395.821258 687.13972  870.558563]
bs_gains = [3.592271e-11 3.473608e-12 3.387853e-11 2.565253e-12 3.431016e-12 4.111395e-12 5.955101e-12 2.497169e-11 5.789635e-12 3.092829e-12]
At round 27 optimal eta: 0.35497936019598464
At round 27 optimal freqs: [6.065460e+07 1.205270e+08 8.237220e+07 2.550297e+08 1.259807e+08 1.463044e+08 1.738839e+08 6.593237e+07 9.878682e+07 1.226531e+08]
At round 27 optimal decs: [0 0 0 0 0 0 0 0 0 0]
At round 27 optimal powers: [0.000113 0.001171 0.000225 0.004588 0.001201 0.00141  0.001522 0.000133 0.000604 0.001263]
At round 27 t_co: [0.296619 0.296706 0.195155 0.151716 0.293954 0.232288 0.175813 0.344488 0.33116  0.305431]
At round 27 e_co: [3.358988e-05 3.473340e-04 4.389130e-05 6.960132e-04 3.529370e-04 3.275963e-04 2.676508e-04 4.577961e-05 2.001187e-04 3.857657e-04]
At round 27 t_cp: [0.19131  0.106827 0.247006 0.314137 0.142578 0.221642 0.307156 0.214571 0.128727 0.098495]
At round 27 e_cp: [4.269029e-06 1.870391e-05 1.380544e-05 5.210636e-04 2.850789e-05 6.941032e-05 1.614867e-04 6.149874e-06 1.240986e-05 1.817394e-05]
At round 27 average t_co: 0.34448833700783854 average t_cp: 0.3141367033797311 t: 0.5590589109950636
At round 27 average e_co: 0.0027006764129408807 average e_cp: 0.0008539806025528868 e: 0.0035546570154937683
At round 27 a_n: 19.894335203468554
At round 27 local rounds: 15.895669695966939
At round 27 global rounds: 30.842943583190294
At round 27 tau: 1.0678984095341333
At round 27 accuracy: 0.8651162790697674
At round 27 training accuracy: 0.8687648456057007
At round 27 training loss: 0.18918826581168438
At round 27 test loss: 0.4020333680118499
gradient difference: 0.5140188336372375
ground = 28 remain_eps = 1.2115216690444042	remain_tau = 0.5088394985390697
update_location
xs = [-192.884445  312.884445 -297.884445 -239.811329  -89.811329   10.188671  289.811329  -92.884445  389.811329  337.884445]
ys = [-212.884445  267.884445 -312.884445  399.893767  329.893767  279.893767  115.106233 -112.884445   65.106233  297.884445]
dists_uav = [593.082734 158.227108 736.10784  485.588069 325.679669 222.745604 170.495681 454.525413 264.613718 187.291502]
uav_gains = [8.519902e-13 8.724479e-11 5.129957e-13 1.391207e-12 5.423604e-12 3.559979e-11 7.323190e-11 1.654635e-12 1.683948e-11 5.832384e-11]
dists_bs = [345.889796 829.182245 351.777449 931.299236 834.739325 779.960318 679.960502 398.102968 686.511418 866.478785]
bs_gains = [3.569731e-11 3.518828e-12 3.413582e-11 2.586628e-12 3.457090e-12 4.138361e-12 5.953040e-12 2.459420e-11 5.803687e-12 3.131569e-12]
Model saved in /Volumes/Research/code/fedcom-torch/models/mnist/s1
