Arguments:
	      dataset : mnist
	learning_rate : 0.01
	        model : mclr
	 model_params : (784, 10)
	        optim : 1
	      sce_idx : 1
	          tau : 15.0
['f_00000', 'f_00001', 'f_00002', 'f_00003', 'f_00004', 'f_00005', 'f_00006', 'f_00007', 'f_00008', 'f_00009']
10
dict_keys(['x', 'y'])
id = f_00000, model = <class 'flearn.models.mnist.mclr.Model'>, device = cpu, num_samples = 73
id = f_00001, model = <class 'flearn.models.mnist.mclr.Model'>, device = cpu, num_samples = 81
id = f_00002, model = <class 'flearn.models.mnist.mclr.Model'>, device = cpu, num_samples = 128
id = f_00003, model = <class 'flearn.models.mnist.mclr.Model'>, device = cpu, num_samples = 504
id = f_00004, model = <class 'flearn.models.mnist.mclr.Model'>, device = cpu, num_samples = 113
id = f_00005, model = <class 'flearn.models.mnist.mclr.Model'>, device = cpu, num_samples = 204
id = f_00006, model = <class 'flearn.models.mnist.mclr.Model'>, device = cpu, num_samples = 336
id = f_00007, model = <class 'flearn.models.mnist.mclr.Model'>, device = cpu, num_samples = 89
id = f_00008, model = <class 'flearn.models.mnist.mclr.Model'>, device = cpu, num_samples = 80
id = f_00009, model = <class 'flearn.models.mnist.mclr.Model'>, device = cpu, num_samples = 76
BaseFederated generated!
num_samples = [ 73  81 128 504 113 204 336  89  80  76]
msize = 300240
xs = [-280.  400. -385. -350. -200. -100.  400. -180.  500.  425.]
ys = [-300.  355. -400.  455.  385.  335.   60. -200.   10.  385.]
dists_uav = [714.702735 261.199158 858.268606 606.403331 444.100214 336.489227 274.954542 575.152154 379.605058 296.395007]
uav_gains = [5.494875e-13 1.802536e-11 3.593089e-13 8.081917e-13 1.762643e-12 4.643011e-12 1.366745e-11 9.167988e-13 2.857829e-12 8.947599e-12]
dists_bs = [ 344.093011  943.941206  397.775062 1017.116021  907.317475  840.966706  688.186021  349.857114  714.212853  981.758626]
bs_gains = [3.619341e-11 2.495838e-12 2.464796e-11 2.047806e-12 2.771778e-12 3.389665e-12 5.766337e-12 3.463460e-11 5.226094e-12 2.249096e-12]
v = 14.728130493592673 a_0 = 14.091616720954645
SystemModel __init__!
solve_bound_eta tau = 15.0
af = [0.109289 0.121266 0.19163  0.754542 0.169173 0.30541  0.503028 0.133243 0.119769 0.11378 ]
bf = [0.430706 0.706756 0.456424 0.741497 0.68959  0.658816 0.589135 0.433505 0.600925 0.724633]
tmp = [-1.744721e-56 -8.003842e-50 -8.574772e-32 -1.234785e-07 -1.624247e-35 -1.985965e-19 -1.078280e-11 -3.741246e-46 -7.674948e-51 -4.280600e-53]
w0 = [-1.744721e-56+0.j -8.003842e-50+0.j -8.574772e-32+0.j -1.234785e-07+0.j -1.624247e-35+0.j -1.985965e-19+0.j -1.078280e-11+0.j -3.741246e-46+0.j -7.674948e-51+0.j -4.280600e-53+0.j]
w_1 = [-133.280627+0.j -117.818478+0.j  -75.862825+0.j  -18.843359+0.j  -84.542691+0.j  -46.91127 +0.j  -28.60671 +0.j -109.293533+0.j -120.182893+0.j -125.414541+0.j]
xs_min = [-133.309981 -117.867154  -75.894139  -18.896893  -84.590317  -46.957163  -28.648228 -109.32313  -120.224122 -125.464454]
xs_max = [-0.029354 -0.048676 -0.031314 -0.053534 -0.047626 -0.045893 -0.041518 -0.029597 -0.041229 -0.049913]
solve_bound_eta x_min = -18.89689270458994	x_max = -0.05353374346638162
solve_bound_eta eta_min = 6.21131812798525e-09	eta_max = 0.9478739559111969
af = 2.016903237681796	bf = 0.6031988058982731	zeta = 2.037072270058614	eta = 0.9900990099009902
af = 2.016903237681796	bf = 0.6031988058982731	zeta = 62.950033701615936	eta = 0.032039748338212916
af = 2.016903237681796	bf = 0.6031988058982731	zeta = 7.792587664975795	eta = 0.2588232977791031
af = 2.016903237681796	bf = 0.6031988058982731	zeta = 4.491863778307481	eta = 0.44901255630725256
af = 2.016903237681796	bf = 0.6031988058982731	zeta = 4.0257580852119075	eta = 0.5009996117478158
af = 2.016903237681796	bf = 0.6031988058982731	zeta = 4.002364387980845	eta = 0.5039279391298264
af = 2.016903237681796	bf = 0.6031988058982731	zeta = 4.00229547528696	eta = 0.503936615908446
eta = 0.503936615908446
opt_as = [0.208111 0.208111 0.208111 0.208111 0.208111 0.208111 0.208111 0.208111 0.208111 0.208111]
opt_bs = [9048.353179  623.959564 6161.990667  511.951403  692.944528  847.416125 1441.584338 8658.649719 1306.523561  562.274031]
opt_cs = [10629890.335881 11794809.824745 18638711.821819 73389927.798413 16454487.7802   29705446.966024 48926618.532275 12959729.313609 11649194.888637 11066735.144205]
opt_tau = [0.528041 0.528041 0.528041 0.528041 0.528041 0.528041 0.528041 0.528041 0.528041 0.528041]
iter = 15 converged! (z, t) = (1.6048916073401578, 18.25476458694186)
iter = 14 converged! (z, t) = (2.026679965481043, 9.009687916575801)
iter = 15 converged! (z, t) = (1.3163284114853322, 13.632872368296045)
iter = 7 converged! (z, t) = (0.9551467974586083, 4.486513053404575)
iter = 12 converged! (z, t) = (1.8501468580248113, 8.690999829432569)
iter = 10 converged! (z, t) = (1.448893343119913, 7.625235337217098)
iter = 10 converged! (z, t) = (0.9934350237720383, 6.566909719966713)
iter = 18 converged! (z, t) = (1.4857417117178462, 16.88634738076797)
iter = 17 converged! (z, t) = (1.9187732541356721, 11.050040578984012)
iter = 12 converged! (z, t) = (2.067044775397205, 8.843368267504562)
opt_freqs = [5.478022e+07 1.109916e+08 7.335211e+07 2.228902e+08 1.150616e+08 1.311435e+08 1.522786e+08 5.921944e+07 9.049741e+07 1.130791e+08]
opt_powers = [9.556329e-05 1.022349e-03 1.846174e-04 3.611623e-03 1.034514e-03 1.173070e-03 1.204442e-03 1.108990e-04 5.235195e-04 1.106576e-03]
optimize_network iter = 0 obj = 0.10109790626121096
solve_bound_eta tau = 15.0
af = [3.990084 2.185132 5.224928 6.770527 2.940568 4.657645 6.606681 4.499961 2.646896 2.0124  ]
bf = [4.706527 5.943469 3.860283 2.801076 5.425766 4.249044 2.913361 4.357106 5.62702  6.061843]
tmp = [-0.284926 -0.1088   -0.340472 -0.36557  -0.196623 -0.320236 -0.364405 -0.313133 -0.164235 -0.087789]
w0 = [-0.444324+0.j -0.123046+0.j -0.656326+0.j -0.891931+0.j -0.253305+0.j -0.56143 +0.j -0.868496+0.j -0.534267+0.j -0.200747+0.j -0.096702+0.j]
w_1 = [-1.894458+0.j -3.45931 +0.j -1.446728+0.j -1.116464+0.j -2.570609+0.j -1.622934+0.j -1.144152+0.j -1.679803+0.j -2.855817+0.j -3.756236+0.j]
xs_min = [-2.135439 -4.021568 -1.475706 -0.909837 -3.002609 -1.746809 -0.960961 -1.830841 -3.340375 -4.344838]
xs_max = [-0.685305 -0.685305 -0.685305 -0.685305 -0.685305 -0.685305 -0.685305 -0.685305 -0.685305 -0.685305]
solve_bound_eta x_min = -0.9098373232196603	x_max = -0.6853047809058999
solve_bound_eta eta_min = 0.4025897107048465	eta_max = 0.5039366159084457
af = 0.012479723527259413	bf = 0.041598555306892306	zeta = 0.012604520762532007	eta = 0.9900990099009901
af = 0.012479723527259413	bf = 0.041598555306892306	zeta = 4.2139960011794	eta = 0.0029614939178315845
af = 0.012479723527259413	bf = 0.041598555306892306	zeta = 0.11459564669753658	eta = 0.10890224792044989
af = 0.012479723527259413	bf = 0.041598555306892306	zeta = 0.07773547135401493	eta = 0.16054091278903465
af = 0.012479723527259413	bf = 0.041598555306892306	zeta = 0.07674769049545911	eta = 0.16260715399635112
af = 0.012479723527259413	bf = 0.041598555306892306	zeta = 0.07674647703081074	eta = 0.1626097250333626
eta = 0.1626097250333626
opt_as = [0.208111 0.208111 0.208111 0.208111 0.208111 0.208111 0.208111 0.208111 0.208111 0.208111]
opt_bs = [9048.353179  623.959564 6161.990667  511.951403  692.944528  847.416125 1441.584338 8658.649719 1306.523561  562.274031]
opt_cs = [14112656.497934 15659248.990858 24745479.886788 97435327.054227 21845618.962555 39438108.569568 64956884.702818 17205841.483782 15465924.929242 14692628.68278 ]
opt_tau = [0.635921 0.635921 0.635921 0.635921 0.635921 0.635921 0.635921 0.635921 0.635921 0.635921]
iter = 17 converged! (z, t) = (1.7362887413577026, 19.456366616863257)
iter = 17 converged! (z, t) = (2.3060470316367914, 9.962695578558845)
iter = 14 converged! (z, t) = (1.3745046910784307, 14.13882791490787)
iter = 11 converged! (z, t) = (0.9551464464026358, 4.486513803219242)
iter = 11 converged! (z, t) = (2.062307727017269, 9.463363885754722)
iter = 12 converged! (z, t) = (1.5378786096755628, 8.009315451755803)
iter = 12 converged! (z, t) = (0.9978001955378947, 6.593115544950663)
iter = 9 converged! (z, t) = (1.5837616620751878, 17.803459786088702)
iter = 11 converged! (z, t) = (2.1566612318893332, 12.097374482093043)
iter = 13 converged! (z, t) = (2.363438486075554, 9.805227435572295)
opt_freqs = [5.139706e+07 1.003744e+08 7.072722e+07 2.228902e+08 1.056707e+08 1.248546e+08 1.516734e+08 5.616886e+07 8.266256e+07 1.019864e+08]
opt_powers = [8.607132e-05 8.700359e-04 1.736405e-04 3.611625e-03 9.005084e-04 1.080948e-03 1.196102e-03 1.016621e-04 4.515140e-04 9.367422e-04]
optimize_network iter = 1 obj = 0.08671972102698254
solve_bound_eta tau = 15.0
af = [4.252728 2.416267 5.41884  6.770528 3.201894 4.892249 6.633045 4.744357 2.897771 2.231281]
bf = [5.091864 6.762745 4.030891 2.801075 6.047952 4.510004 2.926162 4.644561 6.324654 6.931052]
tmp = [-0.343235 -0.205305 -0.365647 -0.36557  -0.28606  -0.359224 -0.366312 -0.356439 -0.25932  -0.180719]
w0 = [-0.672319+0.j -0.268554+0.j -0.893696+0.j -0.891931+0.j -0.447521+0.j -0.797359+0.j -0.910418+0.j -0.769244+0.j -0.378712+0.j -0.226705+0.j]
w_1 = [-1.419993+0.j -2.499246+0.j -1.114417+0.j -1.116464+0.j -1.886023+0.j -1.23437 +0.j -1.095274+0.j -1.272848+0.j -2.083962+0.j -2.706448+0.j]
xs_min = [-1.657511 -3.14053  -1.130558 -0.909837 -2.348339 -1.346849 -0.909837 -1.413441 -2.615087 -3.38958 ]
xs_max = [-0.909837 -0.909837 -0.909837 -0.685304 -0.909837 -0.909837 -0.724982 -0.909837 -0.909837 -0.909837]
solve_bound_eta x_min = -0.9098373232196599	x_max = -0.9098373232196633
solve_bound_eta eta_min = 0.40258971070484667	eta_max = 0.4025897107048453
Done!
af = 0.012119800301117534	bf = 0.040780206962399035	zeta = 0.01224099830412871	eta = 0.9900990099009901
af = 0.012119800301117534	bf = 0.040780206962399035	zeta = 4.130981101512214	eta = 0.0029338793868315884
af = 0.012119800301117534	bf = 0.040780206962399035	zeta = 0.1117839310752988	eta = 0.10842166834295273
af = 0.012119800301117534	bf = 0.040780206962399035	zeta = 0.07594071767993192	eta = 0.15959554599153214
af = 0.012119800301117534	bf = 0.040780206962399035	zeta = 0.0749893741188744	eta = 0.16162023544702514
af = 0.012119800301117534	bf = 0.040780206962399035	zeta = 0.07498823019744433	eta = 0.16162270091194375
eta = 0.16162270091194375
At round 0 optimal eta: 0.40258971070484667
At round 0 optimal freqs: [5.139706e+07 1.003744e+08 7.072722e+07 2.228902e+08 1.056707e+08 1.248546e+08 1.516734e+08 5.616886e+07 8.266256e+07 1.019864e+08]
At round 0 optimal decs: [0 0 0 0 0 0 0 0 0 0]
At round 0 optimal powers: [8.607132e-05 8.700359e-04 1.736405e-04 3.611625e-03 9.005084e-04 1.080948e-03 1.196102e-03 1.016621e-04 4.515140e-04 9.367422e-04]
At round 0 t_co: [0.36134  0.479913 0.286049 0.198776 0.429188 0.320049 0.207653 0.329597 0.448824 0.491856]
At round 0 e_co: [3.110101e-05 4.175412e-04 4.966968e-05 7.179045e-04 3.864873e-04 3.459560e-04 2.483737e-04 3.350756e-05 2.026502e-04 4.607426e-04]
At round 0 t_cp: [0.274581 0.156008 0.349872 0.437145 0.206733 0.315872 0.428268 0.306324 0.187097 0.144065]
At round 0 e_cp: [3.728081e-06 1.577674e-05 1.237853e-05 4.840591e-04 2.439345e-05 6.147879e-05 1.494321e-04 5.428341e-06 1.056802e-05 1.528214e-05]
At round 0 average t_co: 0.49185638748857274 average t_cp: 0.43714493974997215 t: 0.6359209533496468
At round 0 average e_co: 0.002893933873588662 average e_cp: 0.0007825253043909481 e: 0.00367645917797961
At round 0 a_n: 14.091616720954645
At round 0 local rounds: 19.332406161553042
At round 0 global rounds: 23.587837326304594
At round 0 tau: 15.0
At round 0 accuracy: 0.11395348837209303
At round 0 training accuracy: 0.09026128266033254
At round 0 training loss: 2.4186245994301707
At round 0 test loss: 2.377839219200519
gradient difference: 69.97232055664062
ground = 1 remain_eps = 0.0014141319724557946	remain_tau = 14.364079046650353
update_location
xs = [-276.88873  396.88873 -381.88873 -346.06469 -196.06469  -96.06469  396.06469 -176.88873  496.06469  421.88873]
ys = [-296.88873  351.88873 -396.88873  453.03192  383.03192  333.03192   61.96808 -196.88873   11.96808  381.88873]
dists_uav = [710.349787 257.215492 853.90058  602.071858 439.8257   332.310872 270.952857 570.825129 375.408552 292.30561 ]
uav_gains = [5.573691e-13 1.949518e-11 3.635755e-13 8.220571e-13 1.810530e-12 4.921303e-12 1.482062e-11 9.335520e-13 2.973071e-12 9.675801e-12]
dists_bs = [ 343.397083  939.80587   395.564073 1013.918444  904.536752  838.552685  687.513899  350.950231  712.875509  977.608221]
bs_gains = [3.638811e-11 2.525047e-12 2.501474e-11 2.064964e-12 2.794416e-12 3.415585e-12 5.781288e-12 3.434946e-11 5.252115e-12 2.274488e-12]
At round 1 optimal eta: 0.40258971070484667
At round 1 optimal freqs: [5.139706e+07 1.003744e+08 7.072722e+07 2.228902e+08 1.056707e+08 1.248546e+08 1.516734e+08 5.616886e+07 8.266256e+07 1.019864e+08]
At round 1 optimal decs: [0 0 0 0 0 0 0 0 0 0]
At round 1 optimal powers: [8.607132e-05 8.700359e-04 1.736405e-04 3.611625e-03 9.005084e-04 1.080948e-03 1.196102e-03 1.016621e-04 4.515140e-04 9.367422e-04]
At round 1 t_co: [0.35987  0.475408 0.283068 0.197752 0.426432 0.318263 0.207314 0.331626 0.447044 0.487379]
At round 1 e_co: [3.097449e-05 4.136216e-04 4.915202e-05 7.142049e-04 3.840060e-04 3.440254e-04 2.479680e-04 3.371376e-05 2.018468e-04 4.565480e-04]
At round 1 t_cp: [0.274581 0.156008 0.349872 0.437145 0.206733 0.315872 0.428268 0.306324 0.187097 0.144065]
At round 1 e_cp: [3.728081e-06 1.577674e-05 1.237853e-05 4.840591e-04 2.439345e-05 6.147879e-05 1.494321e-04 5.428341e-06 1.056802e-05 1.528214e-05]
At round 1 average t_co: 0.48737852813228083 average t_cp: 0.43714493974997215 t: 0.6379491912718338
At round 1 average e_co: 0.0028760609708701167 average e_cp: 0.0007825253043909481 e: 0.0036585862752610645
At round 1 a_n: 14.091616720954645
At round 1 local rounds: 19.332406161553042
At round 1 global rounds: 23.587837326304594
At round 1 tau: 14.364079046650353
At round 1 accuracy: 0.7441860465116279
At round 1 training accuracy: 0.7375296912114014
At round 1 training loss: 0.9403149906714002
At round 1 test loss: 0.9643908273919609
gradient difference: 0.6443104147911072
ground = 2 remain_eps = 0.001999769235521716	remain_tau = 13.72612985537852
update_location
xs = [-273.77746   393.77746  -378.77746  -342.129381 -192.129381  -92.129381  392.129381 -173.77746   492.129381  418.77746 ]
ys = [-293.77746   348.77746  -393.77746   451.063841  381.063841  331.063841   63.936159 -193.77746    13.936159  378.77746 ]
dists_uav = [705.997423 253.245609 849.532883 597.741385 435.553684 328.138312 266.963708 566.499229 371.216758 288.225362]
uav_gains = [5.654156e-13 2.105031e-11 3.679153e-13 8.362774e-13 1.860718e-12 5.227995e-12 1.606337e-11 9.507689e-13 3.097138e-12 1.047733e-11]
dists_bs = [ 342.756231  935.672948  393.389873 1010.729906  901.768923  836.154848  686.869306  352.094944  711.56286   973.460007]
bs_gains = [3.656868e-11 2.554711e-12 2.538278e-11 2.082272e-12 2.817203e-12 3.441603e-12 5.795677e-12 3.405431e-11 5.277830e-12 2.300263e-12]
At round 2 optimal eta: 0.40258971070484667
At round 2 optimal freqs: [5.139706e+07 1.003744e+08 7.072722e+07 2.228902e+08 1.056707e+08 1.248546e+08 1.516734e+08 5.616886e+07 8.266256e+07 1.019864e+08]
At round 2 optimal decs: [0 0 0 0 0 0 0 0 0 0]
At round 2 optimal powers: [8.607132e-05 8.700359e-04 1.736405e-04 3.611625e-03 9.005084e-04 1.080948e-03 1.196102e-03 1.016621e-04 4.515140e-04 9.367422e-04]
At round 2 t_co: [0.35852  0.470936 0.28016  0.196735 0.423703 0.316496 0.206989 0.33376  0.445303 0.482933]
At round 2 e_co: [3.085833e-05 4.097315e-04 4.864714e-05 7.105315e-04 3.815479e-04 3.421159e-04 2.475795e-04 3.393074e-05 2.010605e-04 4.523837e-04]
At round 2 t_cp: [0.274581 0.156008 0.349872 0.437145 0.206733 0.315872 0.428268 0.306324 0.187097 0.144065]
At round 2 e_cp: [3.728081e-06 1.577674e-05 1.237853e-05 4.840591e-04 2.439345e-05 6.147879e-05 1.494321e-04 5.428341e-06 1.056802e-05 1.528214e-05]
At round 2 average t_co: 0.48293303445357794 average t_cp: 0.43714493974997215 t: 0.6400834913051383
At round 2 average e_co: 0.002858386763076685 average e_cp: 0.0007825253043909481 e: 0.0036409120674676335
At round 2 a_n: 14.091616720954645
At round 2 local rounds: 19.332406161553042
At round 2 global rounds: 23.587837326304594
At round 2 tau: 13.72612985537852
At round 2 accuracy: 0.7813953488372093
At round 2 training accuracy: 0.7796912114014252
At round 2 training loss: 0.6252489928111894
At round 2 test loss: 0.7072892720038577
gradient difference: 0.5097000002861023
ground = 3 remain_eps = 0.002827937613484741	remain_tau = 13.086046364073383
update_location
xs = [-270.66619   390.66619  -375.66619  -338.194071 -188.194071  -88.194071  388.194071 -170.66619   488.194071  415.66619 ]
ys = [-290.66619   345.66619  -390.66619   449.095761  379.095761  329.095761   65.904239 -190.66619    15.904239  375.66619 ]
dists_uav = [701.645652 249.290168 845.165522 593.411936 431.284243 323.97177  262.987665 562.174479 367.029838 284.154656]
uav_gains = [5.736313e-13 2.268636e-11 3.723298e-13 8.508654e-13 1.913387e-12 5.566505e-12 1.739564e-11 9.684679e-13 3.231013e-12 1.135723e-11]
dists_bs = [ 342.170762  931.542473  391.253075 1007.550491  899.014107  833.773335  686.252319  353.29075   710.275042  969.314015]
bs_gains = [3.673473e-11 2.584839e-12 2.575179e-11 2.099730e-12 2.840137e-12 3.467715e-12 5.809495e-12 3.374971e-11 5.303226e-12 2.326428e-12]
At round 3 optimal eta: 0.40258971070484667
At round 3 optimal freqs: [5.139706e+07 1.003744e+08 7.072722e+07 2.228902e+08 1.056707e+08 1.248546e+08 1.516734e+08 5.616886e+07 8.266256e+07 1.019864e+08]
At round 3 optimal decs: [0 0 0 0 0 0 0 0 0 0]
At round 3 optimal powers: [8.607132e-05 8.700359e-04 1.736405e-04 3.611625e-03 9.005084e-04 1.080948e-03 1.196102e-03 1.016621e-04 4.515140e-04 9.367422e-04]
At round 3 t_co: [0.357291 0.466499 0.277325 0.195725 0.420999 0.314749 0.206678 0.336001 0.443599 0.47852 ]
At round 3 e_co: [3.075250e-05 4.058707e-04 4.815495e-05 7.068842e-04 3.791132e-04 3.402277e-04 2.472080e-04 3.415855e-05 2.002912e-04 4.482497e-04]
At round 3 t_cp: [0.274581 0.156008 0.349872 0.437145 0.206733 0.315872 0.428268 0.306324 0.187097 0.144065]
At round 3 e_cp: [3.728081e-06 1.577674e-05 1.237853e-05 4.840591e-04 2.439345e-05 6.147879e-05 1.494321e-04 5.428341e-06 1.056802e-05 1.528214e-05]
At round 3 average t_co: 0.4785197939753013 average t_cp: 0.43714493974997215 t: 0.6423243696762228
At round 3 average e_co: 0.002840910661120434 average e_cp: 0.0007825253043909481 e: 0.003623435965511382
At round 3 a_n: 14.091616720954645
At round 3 local rounds: 19.332406161553042
At round 3 global rounds: 23.587837326304594
At round 3 tau: 13.086046364073383
At round 3 accuracy: 0.7906976744186046
At round 3 training accuracy: 0.7880047505938242
At round 3 training loss: 0.5294597928569322
At round 3 test loss: 0.6768210249902434
gradient difference: 0.5145044326782227
ground = 4 remain_eps = 0.003999076995339109	remain_tau = 12.44372199439716
update_location
xs = [-267.554921  387.554921 -372.554921 -334.258761 -184.258761  -84.258761  384.258761 -167.554921  484.258761  412.554921]
ys = [-287.554921  342.554921 -387.554921  447.127681  377.127681  327.127681   67.872319 -187.554921   17.872319  372.554921]
dists_uav = [697.294487 245.349866 840.798501 589.083532 427.017451 319.811481 259.025332 557.850906 362.847961 280.093909]
uav_gains = [5.820212e-13 2.439814e-11 3.768209e-13 8.658344e-13 1.968736e-12 5.940609e-12 1.881600e-11 9.866684e-13 3.375805e-12 1.232003e-11]
dists_bs = [ 341.640963  927.414476  389.154294 1004.380288  896.272425  831.408287  685.663012  354.537134  709.012191  965.170271]
bs_gains = [3.688589e-11 2.615440e-12 2.612148e-11 2.117339e-12 2.863218e-12 3.493916e-12 5.822736e-12 3.343620e-11 5.328295e-12 2.352990e-12]
At round 4 optimal eta: 0.40258971070484667
At round 4 optimal freqs: [5.139706e+07 1.003744e+08 7.072722e+07 2.228902e+08 1.056707e+08 1.248546e+08 1.516734e+08 5.616886e+07 8.266256e+07 1.019864e+08]
At round 4 optimal decs: [0 0 0 0 0 0 0 0 0 0]
At round 4 optimal powers: [8.607132e-05 8.700359e-04 1.736405e-04 3.611625e-03 9.005084e-04 1.080948e-03 1.196102e-03 1.016621e-04 4.515140e-04 9.367422e-04]
At round 4 t_co: [0.356181 0.462095 0.274564 0.194722 0.418321 0.313022 0.206382 0.338349 0.441933 0.474139]
At round 4 e_co: [3.065698e-05 4.020392e-04 4.767536e-05 7.032628e-04 3.767016e-04 3.383605e-04 2.468536e-04 3.439725e-05 1.995390e-04 4.441457e-04]
At round 4 t_cp: [0.274581 0.156008 0.349872 0.437145 0.206733 0.315872 0.428268 0.306324 0.187097 0.144065]
At round 4 e_cp: [3.728081e-06 1.577674e-05 1.237853e-05 4.840591e-04 2.439345e-05 6.147879e-05 1.494321e-04 5.428341e-06 1.056802e-05 1.528214e-05]
At round 4 average t_co: 0.4741386939745867 average t_cp: 0.43714493974997215 t: 0.6446723654206481
At round 4 average e_co: 0.0028236320847708734 average e_cp: 0.0007825253043909481 e: 0.0036061573891618217
At round 4 a_n: 14.091616720954645
At round 4 local rounds: 19.332406161553042
At round 4 global rounds: 23.587837326304594
At round 4 tau: 12.44372199439716
At round 4 accuracy: 0.8069767441860465
At round 4 training accuracy: 0.8046318289786223
At round 4 training loss: 0.4565955415550953
At round 4 test loss: 0.5813546616305207
gradient difference: 0.3997323513031006
ground = 5 remain_eps = 0.005655222639421486	remain_tau = 11.799049628976512
update_location
xs = [-264.443651  384.443651 -369.443651 -330.323452 -180.323452  -80.323452  380.323452 -164.443651  480.323452  409.443651]
ys = [-284.443651  339.443651 -384.443651  445.159601  375.159601  325.159601   69.840399 -184.443651   19.840399  369.443651]
dists_uav = [692.943938 241.425446 836.431825 584.756197 422.753391 315.657693 255.077347 553.528537 358.671303 276.043561]
uav_gains = [5.905903e-13 2.618002e-11 3.813903e-13 8.811984e-13 2.026983e-12 6.354455e-12 2.032173e-11 1.005391e-12 3.532770e-12 1.336956e-11]
dists_bs = [ 341.167091  923.288992  387.09415  1001.219384  893.543997  829.059844  685.101458  355.833562  707.77444   961.028806]
bs_gains = [3.702181e-11 2.646523e-12 2.649150e-11 2.135099e-12 2.886445e-12 3.520205e-12 5.835393e-12 3.311435e-11 5.353023e-12 2.379957e-12]
At round 5 optimal eta: 0.40258971070484667
At round 5 optimal freqs: [5.139706e+07 1.003744e+08 7.072722e+07 2.228902e+08 1.056707e+08 1.248546e+08 1.516734e+08 5.616886e+07 8.266256e+07 1.019864e+08]
At round 5 optimal decs: [0 0 0 0 0 0 0 0 0 0]
At round 5 optimal powers: [8.607132e-05 8.700359e-04 1.736405e-04 3.611625e-03 9.005084e-04 1.080948e-03 1.196102e-03 1.016621e-04 4.515140e-04 9.367422e-04]
At round 5 t_co: [0.355191 0.457725 0.271874 0.193726 0.415669 0.311314 0.2061   0.340805 0.440305 0.46979 ]
At round 5 e_co: [3.057173e-05 3.982368e-04 4.720830e-05 6.996673e-04 3.743132e-04 3.365143e-04 2.465164e-04 3.464690e-05 1.988038e-04 4.400718e-04]
At round 5 t_cp: [0.274581 0.156008 0.349872 0.437145 0.206733 0.315872 0.428268 0.306324 0.187097 0.144065]
At round 5 e_cp: [3.728081e-06 1.577674e-05 1.237853e-05 4.840591e-04 2.439345e-05 6.147879e-05 1.494321e-04 5.428341e-06 1.056802e-05 1.528214e-05]
At round 5 average t_co: 0.4697896214823369 average t_cp: 0.43714493974997215 t: 0.64712804009189
At round 5 average e_co: 0.002806550462704965 average e_cp: 0.0007825253043909481 e: 0.0035890757670959143
At round 5 a_n: 14.091616720954645
At round 5 local rounds: 19.332406161553042
At round 5 global rounds: 23.587837326304594
At round 5 tau: 11.799049628976512
At round 5 accuracy: 0.8093023255813954
At round 5 training accuracy: 0.8081947743467933
At round 5 training loss: 0.4233041200949054
At round 5 test loss: 0.5883409432778063
gradient difference: 0.44746121764183044
ground = 6 remain_eps = 0.007997231145761771	remain_tau = 11.151921588884623
update_location
xs = [-261.332381  381.332381 -366.332381 -326.388142 -176.388142  -76.388142  376.388142 -161.332381  476.388142  406.332381]
ys = [-281.332381  336.332381 -381.332381  443.191522  373.191522  323.191522   71.808478 -181.332381   21.808478  366.332381]
dists_uav = [688.594018 237.517695 832.065501 580.429954 418.492145 311.510666 251.144388 549.207401 354.500048 272.004076]
uav_gains = [5.993435e-13 2.802638e-11 3.860397e-13 8.969722e-13 2.088374e-12 6.812551e-12 2.190890e-11 1.024657e-12 3.703324e-12 1.450869e-11]
dists_bs = [340.749381 919.166055 385.073262 998.067866 890.828945 826.728147 684.567724 357.179491 706.561922 956.889648]
bs_gains = [3.714220e-11 2.678098e-12 2.686152e-11 2.153011e-12 2.909816e-12 3.546576e-12 5.847457e-12 3.278470e-11 5.377401e-12 2.407336e-12]
At round 6 optimal eta: 0.40258971070484667
At round 6 optimal freqs: [5.139706e+07 1.003744e+08 7.072722e+07 2.228902e+08 1.056707e+08 1.248546e+08 1.516734e+08 5.616886e+07 8.266256e+07 1.019864e+08]
At round 6 optimal decs: [0 0 0 0 0 0 0 0 0 0]
At round 6 optimal powers: [8.607132e-05 8.700359e-04 1.736405e-04 3.611625e-03 9.005084e-04 1.080948e-03 1.196102e-03 1.016621e-04 4.515140e-04 9.367422e-04]
At round 6 t_co: [0.354319 0.453388 0.269255 0.192738 0.413042 0.309626 0.205832 0.343368 0.438714 0.465472]
At round 6 e_co: [3.049673e-05 3.944634e-04 4.675367e-05 6.960977e-04 3.719477e-04 3.346891e-04 2.461961e-04 3.490755e-05 1.980856e-04 4.360277e-04]
At round 6 t_cp: [0.274581 0.156008 0.349872 0.437145 0.206733 0.315872 0.428268 0.306324 0.187097 0.144065]
At round 6 e_cp: [3.728081e-06 1.577674e-05 1.237853e-05 4.840591e-04 2.439345e-05 6.147879e-05 1.494321e-04 5.428341e-06 1.056802e-05 1.528214e-05]
At round 6 average t_co: 0.4654724632827319 average t_cp: 0.43714493974997215 t: 0.6496919774570142
At round 6 average e_co: 0.002789665232553352 average e_cp: 0.0007825253043909481 e: 0.0035721905369443005
At round 6 a_n: 14.091616720954645
At round 6 local rounds: 19.332406161553042
At round 6 global rounds: 23.587837326304594
At round 6 tau: 11.151921588884623
At round 6 accuracy: 0.8209302325581396
At round 6 training accuracy: 0.8165083135391924
At round 6 training loss: 0.3899577173412507
At round 6 test loss: 0.5252875007385778
gradient difference: 0.5271269083023071
ground = 7 remain_eps = 0.011309140254341007	remain_tau = 10.502229611427609
update_location
xs = [-258.221111  378.221111 -363.221111 -322.452832 -172.452832  -72.452832  372.452832 -158.221111  472.452832  403.221111]
ys = [-278.221111  333.221111 -378.221111  441.223442  371.223442  321.223442   73.776558 -178.221111   23.776558  363.221111]
dists_uav = [684.244739 233.627448 827.699534 576.104828 414.233801 307.370674 247.227172 544.887528 350.33439  267.975944]
uav_gains = [6.082864e-13 2.993202e-11 3.907711e-13 9.131713e-13 2.153180e-12 7.319753e-12 2.357265e-11 1.044491e-12 3.889067e-12 1.573914e-11]
dists_bs = [340.38804  915.045698 383.092252 994.925825 888.127392 824.41334  684.061877 358.574362 705.374767 952.752828]
bs_gains = [3.724677e-11 2.710174e-12 2.723119e-11 2.171077e-12 2.933331e-12 3.573027e-12 5.858923e-12 3.244782e-11 5.401418e-12 2.435134e-12]
At round 7 optimal eta: 0.40258971070484667
At round 7 optimal freqs: [5.139706e+07 1.003744e+08 7.072722e+07 2.228902e+08 1.056707e+08 1.248546e+08 1.516734e+08 5.616886e+07 8.266256e+07 1.019864e+08]
At round 7 optimal decs: [0 0 0 0 0 0 0 0 0 0]
At round 7 optimal powers: [8.607132e-05 8.700359e-04 1.736405e-04 3.611625e-03 9.005084e-04 1.080948e-03 1.196102e-03 1.016621e-04 4.515140e-04 9.367422e-04]
At round 7 t_co: [0.353567 0.449084 0.266708 0.191757 0.41044  0.307956 0.205579 0.346041 0.437161 0.461187]
At round 7 e_co: [3.043197e-05 3.907189e-04 4.631140e-05 6.925538e-04 3.696051e-04 3.328848e-04 2.458929e-04 3.517928e-05 1.973842e-04 4.320134e-04]
At round 7 t_cp: [0.274581 0.156008 0.349872 0.437145 0.206733 0.315872 0.428268 0.306324 0.187097 0.144065]
At round 7 e_cp: [3.728081e-06 1.577674e-05 1.237853e-05 4.840591e-04 2.439345e-05 6.147879e-05 1.494321e-04 5.428341e-06 1.056802e-05 1.528214e-05]
At round 7 average t_co: 0.4611871059127941 average t_cp: 0.43714493974997215 t: 0.6523647831792683
At round 7 average e_co: 0.002772975840942763 average e_cp: 0.0007825253043909481 e: 0.0035555011453337116
At round 7 a_n: 14.091616720954645
At round 7 local rounds: 19.332406161553042
At round 7 global rounds: 23.587837326304594
At round 7 tau: 10.502229611427609
At round 7 accuracy: 0.8209302325581396
At round 7 training accuracy: 0.8224465558194775
At round 7 training loss: 0.3602657931906217
At round 7 test loss: 0.5506178155122685
gradient difference: 0.41109734773635864
ground = 8 remain_eps = 0.015992616814650473	remain_tau = 9.849864828248341
update_location
xs = [-255.109841  375.109841 -360.109841 -318.517523 -168.517523  -68.517523  368.517523 -155.109841  468.517523  400.109841]
ys = [-275.109841  330.109841 -375.109841  439.255362  369.255362  319.255362   75.744638 -175.109841   25.744638  360.109841]
dists_uav = [679.896112 229.755596 823.333928 571.780845 409.978448 303.238004 243.326458 540.568947 346.174531 263.959687]
uav_gains = [6.174244e-13 3.189260e-11 3.955862e-13 9.298121e-13 2.221705e-12 7.881217e-12 2.530755e-11 1.064915e-12 4.091804e-12 1.706130e-11]
dists_bs = [340.083247 910.927956 381.151741 991.793349 885.439462 822.115563 683.583976 360.017608 704.213102 948.618376]
bs_gains = [3.733530e-11 2.742760e-12 2.760013e-11 2.189295e-12 2.956988e-12 3.599552e-12 5.869783e-12 3.210426e-11 5.425062e-12 2.463361e-12]
At round 8 optimal eta: 0.40258971070484667
At round 8 optimal freqs: [5.139706e+07 1.003744e+08 7.072722e+07 2.228902e+08 1.056707e+08 1.248546e+08 1.516734e+08 5.616886e+07 8.266256e+07 1.019864e+08]
At round 8 optimal decs: [0 0 0 0 0 0 0 0 0 0]
At round 8 optimal powers: [8.607132e-05 8.700359e-04 1.736405e-04 3.611625e-03 9.005084e-04 1.080948e-03 1.196102e-03 1.016621e-04 4.515140e-04 9.367422e-04]
At round 8 t_co: [0.352933 0.444813 0.264232 0.190783 0.407864 0.306306 0.205339 0.348824 0.435645 0.456933]
At round 8 e_co: [3.037743e-05 3.870033e-04 4.588141e-05 6.890356e-04 3.672854e-04 3.311013e-04 2.456068e-04 3.546213e-05 1.966997e-04 4.280288e-04]
At round 8 t_cp: [0.274581 0.156008 0.349872 0.437145 0.206733 0.315872 0.428268 0.306324 0.187097 0.144065]
At round 8 e_cp: [3.728081e-06 1.577674e-05 1.237853e-05 4.840591e-04 2.439345e-05 6.147879e-05 1.494321e-04 5.428341e-06 1.056802e-05 1.528214e-05]
At round 8 average t_co: 0.4569334356620043 average t_cp: 0.43714493974997215 t: 0.6551470844879304
At round 8 average e_co: 0.0027564817435345662 average e_cp: 0.0007825253043909481 e: 0.0035390070479255136
At round 8 a_n: 14.091616720954645
At round 8 local rounds: 19.332406161553042
At round 8 global rounds: 23.587837326304594
At round 8 tau: 9.849864828248341
At round 8 accuracy: 0.8302325581395349
At round 8 training accuracy: 0.8254156769596199
At round 8 training loss: 0.3372387074801248
At round 8 test loss: 0.5104881676049297
gradient difference: 0.34836143255233765
ground = 9 remain_eps = 0.022615670760831378	remain_tau = 9.19471774376041
update_location
xs = [-251.998571  371.998571 -356.998571 -314.582213 -164.582213  -64.582213  364.582213 -151.998571  464.582213  396.998571]
ys = [-271.998571  326.998571 -371.998571  437.287282  367.287282  317.287282   77.712718 -171.998571   27.712718  356.998571]
dists_uav = [675.54815  225.903083 818.968691 567.458031 405.726181 299.11296  239.443053 536.251689 342.020681 259.955853]
uav_gains = [6.267633e-13 3.390495e-11 4.004872e-13 9.469116e-13 2.294290e-12 8.502336e-12 2.710795e-11 1.085957e-12 4.313569e-12 1.847419e-11]
dists_bs = [339.835153 906.812866 379.252351 988.670531 882.765277 819.834962 683.134082 361.508648 703.077055 944.486325]
bs_gains = [3.740757e-11 2.775867e-12 2.796795e-11 2.207668e-12 2.980785e-12 3.626148e-12 5.880033e-12 3.175455e-11 5.448322e-12 2.492023e-12]
At round 9 optimal eta: 0.40258971070484667
At round 9 optimal freqs: [5.139706e+07 1.003744e+08 7.072722e+07 2.228902e+08 1.056707e+08 1.248546e+08 1.516734e+08 5.616886e+07 8.266256e+07 1.019864e+08]
At round 9 optimal decs: [0 0 0 0 0 0 0 0 0 0]
At round 9 optimal powers: [8.607132e-05 8.700359e-04 1.736405e-04 3.611625e-03 9.005084e-04 1.080948e-03 1.196102e-03 1.016621e-04 4.515140e-04 9.367422e-04]
At round 9 t_co: [0.352418 0.440575 0.261826 0.189816 0.405314 0.304676 0.205114 0.351716 0.434166 0.452711]
At round 9 e_co: [3.033309e-05 3.833163e-04 4.546362e-05 6.855429e-04 3.649884e-04 3.293385e-04 2.453377e-04 3.575618e-05 1.960320e-04 4.240738e-04]
At round 9 t_cp: [0.274581 0.156008 0.349872 0.437145 0.206733 0.315872 0.428268 0.306324 0.187097 0.144065]
At round 9 e_cp: [3.728081e-06 1.577674e-05 1.237853e-05 4.840591e-04 2.439345e-05 6.147879e-05 1.494321e-04 5.428341e-06 1.056802e-05 1.528214e-05]
At round 9 average t_co: 0.4527113385719682 average t_cp: 0.43714493974997215 t: 0.6580395298357993
At round 9 average e_co: 0.0027401824050594177 average e_cp: 0.0007825253043909481 e: 0.0035227077094503656
At round 9 a_n: 14.091616720954645
At round 9 local rounds: 19.332406161553042
At round 9 global rounds: 23.587837326304594
At round 9 tau: 9.19471774376041
At round 9 accuracy: 0.8302325581395349
At round 9 training accuracy: 0.8295724465558195
At round 9 training loss: 0.31440127345770946
At round 9 test loss: 0.49795660017736887
gradient difference: 0.30369460582733154
ground = 10 remain_eps = 0.031981543101425314	remain_tau = 8.536678213924612
update_location
xs = [-248.887302  368.887302 -353.887302 -310.646903 -160.646903  -60.646903  360.646903 -148.887302  460.646903  393.887302]
ys = [-268.887302  323.887302 -368.887302  435.319203  365.319203  315.319203   79.680797 -168.887302   29.680797  353.887302]
dists_uav = [671.200867 222.070917 814.603828 563.136412 401.477097 294.995862 235.577813 531.935788 337.873064 255.965027]
uav_gains = [6.363090e-13 3.596731e-11 4.054759e-13 9.644881e-13 2.371314e-12 9.188644e-12 2.896842e-11 1.107644e-12 4.556644e-12 1.997543e-11]
dists_bs = [339.643884 902.700464 377.394703 985.557461 880.104965 817.571678 682.71225  363.046895 701.966749 940.356704]
bs_gains = [3.746342e-11 2.809505e-12 2.833425e-11 2.226196e-12 3.004721e-12 3.652810e-12 5.889666e-12 3.139925e-11 5.471189e-12 2.521129e-12]
At round 10 optimal eta: 0.40258971070484667
At round 10 optimal freqs: [5.139706e+07 1.003744e+08 7.072722e+07 2.228902e+08 1.056707e+08 1.248546e+08 1.516734e+08 5.616886e+07 8.266256e+07 1.019864e+08]
At round 10 optimal decs: [0 0 0 0 0 0 0 0 0 0]
At round 10 optimal powers: [8.607132e-05 8.700359e-04 1.736405e-04 3.611625e-03 9.005084e-04 1.080948e-03 1.196102e-03 1.016621e-04 4.515140e-04 9.367422e-04]
At round 10 t_co: [0.352021 0.43637  0.25949  0.188856 0.402788 0.303064 0.204904 0.354719 0.432724 0.448521]
At round 10 e_co: [3.029894e-05 3.796579e-04 4.505796e-05 6.820758e-04 3.627140e-04 3.275963e-04 2.450855e-04 3.606150e-05 1.953811e-04 4.201483e-04]
At round 10 t_cp: [0.274581 0.156008 0.349872 0.437145 0.206733 0.315872 0.428268 0.306324 0.187097 0.144065]
At round 10 e_cp: [3.728081e-06 1.577674e-05 1.237853e-05 4.840591e-04 2.439345e-05 6.147879e-05 1.494321e-04 5.428341e-06 1.056802e-05 1.528214e-05]
At round 10 average t_co: 0.4485207004361445 average t_cp: 0.43714493974997215 t: 0.66104278854477
At round 10 average e_co: 0.002724077299348022 average e_cp: 0.0007825253043909481 e: 0.00350660260373897
At round 10 a_n: 14.091616720954645
At round 10 local rounds: 19.332406161553042
At round 10 global rounds: 23.587837326304594
At round 10 tau: 8.536678213924612
At round 10 accuracy: 0.8302325581395349
At round 10 training accuracy: 0.8307600950118765
At round 10 training loss: 0.3098992619094212
At round 10 test loss: 0.49380540349773433
gradient difference: 0.4576469361782074
ground = 11 remain_eps = 0.04522612262819859	remain_tau = 7.8756354253798415
update_location
xs = [-245.776032  365.776032 -350.776032 -306.711594 -156.711594  -56.711594  356.711594 -145.776032  456.711594  390.776032]
ys = [-265.776032  320.776032 -365.776032  433.351123  363.351123  313.351123   81.648877 -165.776032   31.648877  350.776032]
dists_uav = [666.854275 218.260169 810.239345 558.816017 397.2313   290.887048 231.731648 527.621276 333.73191  251.987827]
uav_gains = [6.460678e-13 3.807952e-11 4.105546e-13 9.825607e-13 2.453205e-12 9.945680e-12 3.088417e-11 1.130005e-12 4.823588e-12 2.156136e-11]
dists_bs = [339.509536 898.590786 375.579417 982.454233 877.458651 815.325858 682.318531 364.631749 700.882307 936.229546]
bs_gains = [3.750272e-11 2.843684e-12 2.869861e-11 2.244879e-12 3.028795e-12 3.679534e-12 5.898676e-12 3.103889e-11 5.493651e-12 2.550688e-12]
At round 11 optimal eta: 0.40258971070484667
At round 11 optimal freqs: [5.139706e+07 1.003744e+08 7.072722e+07 2.228902e+08 1.056707e+08 1.248546e+08 1.516734e+08 5.616886e+07 8.266256e+07 1.019864e+08]
At round 11 optimal decs: [0 0 0 0 0 0 0 0 0 0]
At round 11 optimal powers: [8.607132e-05 8.700359e-04 1.736405e-04 3.611625e-03 9.005084e-04 1.080948e-03 1.196102e-03 1.016621e-04 4.515140e-04 9.367422e-04]
At round 11 t_co: [0.351743 0.432198 0.257223 0.187903 0.400287 0.301471 0.204707 0.357834 0.43132  0.444361]
At round 11 e_co: [3.027496e-05 3.760280e-04 4.466434e-05 6.786342e-04 3.604622e-04 3.258747e-04 2.448504e-04 3.637815e-05 1.947469e-04 4.162521e-04]
At round 11 t_cp: [0.274581 0.156008 0.349872 0.437145 0.206733 0.315872 0.428268 0.306324 0.187097 0.144065]
At round 11 e_cp: [3.728081e-06 1.577674e-05 1.237853e-05 4.840591e-04 2.439345e-05 6.147879e-05 1.494321e-04 5.428341e-06 1.056802e-05 1.528214e-05]
At round 11 average t_co: 0.44436140679962766 average t_cp: 0.43714493974997215 t: 0.6641575504399753
At round 11 average e_co: 0.002708165909357964 average e_cp: 0.0007825253043909481 e: 0.0034906912137489116
At round 11 a_n: 14.091616720954645
At round 11 local rounds: 19.332406161553042
At round 11 global rounds: 23.587837326304594
At round 11 tau: 7.8756354253798415
At round 11 accuracy: 0.8302325581395349
At round 11 training accuracy: 0.834916864608076
At round 11 training loss: 0.2911890723513217
At round 11 test loss: 0.4716659275923184
gradient difference: 0.3585200607776642
ground = 12 remain_eps = 0.06395570599874212	remain_tau = 7.211477874939867
update_location
xs = [-242.664762  362.664762 -347.664762 -302.776284 -152.776284  -52.776284  352.776284 -142.664762  452.776284  387.664762]
ys = [-262.664762  317.664762 -362.664762  431.383043  361.383043  311.383043   83.616957 -162.664762   33.616957  347.664762]
dists_uav = [662.508388 214.471981 805.875249 554.496873 392.988895 286.786873 227.905523 523.308188 329.597464 248.024907]
uav_gains = [6.560460e-13 4.024299e-11 4.157252e-13 1.001150e-12 2.540443e-12 1.077883e-11 3.285137e-11 1.153071e-12 5.117258e-12 2.322731e-11]
dists_bs = [339.432176 894.483869 373.807108 979.36094  874.826463 813.097644 681.952974 366.262607 699.823849 932.104885]
bs_gains = [3.752538e-11 2.878415e-12 2.906060e-11 2.263717e-12 3.053005e-12 3.706315e-12 5.907059e-12 3.067398e-11 5.515697e-12 2.580708e-12]
At round 12 optimal eta: 0.40258971070484667
At round 12 optimal freqs: [5.139706e+07 1.003744e+08 7.072722e+07 2.228902e+08 1.056707e+08 1.248546e+08 1.516734e+08 5.616886e+07 8.266256e+07 1.019864e+08]
At round 12 optimal decs: [0 0 0 0 0 0 0 0 0 0]
At round 12 optimal powers: [8.607132e-05 8.700359e-04 1.736405e-04 3.611625e-03 9.005084e-04 1.080948e-03 1.196102e-03 1.016621e-04 4.515140e-04 9.367422e-04]
At round 12 t_co: [0.351582 0.428059 0.255025 0.186957 0.397812 0.299898 0.204525 0.361061 0.429952 0.440233]
At round 12 e_co: [3.026117e-05 3.724264e-04 4.428271e-05 6.752179e-04 3.582330e-04 3.241737e-04 2.446323e-04 3.670622e-05 1.941293e-04 4.123851e-04]
At round 12 t_cp: [0.274581 0.156008 0.349872 0.437145 0.206733 0.315872 0.428268 0.306324 0.187097 0.144065]
At round 12 e_cp: [3.728081e-06 1.577674e-05 1.237853e-05 4.840591e-04 2.439345e-05 6.147879e-05 1.494321e-04 5.428341e-06 1.056802e-05 1.528214e-05]
At round 12 average t_co: 0.44023334295899413 average t_cp: 0.43714493974997215 t: 0.6673845254730262
At round 12 average e_co: 0.0026924477271966225 average e_cp: 0.0007825253043909481 e: 0.0034749730315875704
At round 12 a_n: 14.091616720954645
At round 12 local rounds: 19.332406161553042
At round 12 global rounds: 23.587837326304594
At round 12 tau: 7.211477874939867
At round 12 accuracy: 0.8348837209302326
At round 12 training accuracy: 0.8420427553444181
At round 12 training loss: 0.2728142697597107
At round 12 test loss: 0.4807384228781444
gradient difference: 0.32646673917770386
ground = 13 remain_eps = 0.09044180867380408	remain_tau = 6.5440933494668405
update_location
xs = [-239.553492  359.553492 -344.553492 -298.840974 -148.840974  -48.840974  348.840974 -139.553492  448.840974  384.553492]
ys = [-259.553492  314.553492 -359.553492  429.414963  359.414963  309.414963   85.585037 -159.553492   35.585037  344.553492]
dists_uav = [658.16322  210.707569 801.511545 550.179011 388.749993 282.695713 224.100464 518.996558 325.469982 244.076963]
uav_gains = [6.662505e-13 4.246075e-11 4.209901e-13 1.020276e-12 2.633567e-12 1.169311e-11 3.486749e-11 1.176877e-12 5.440831e-12 2.496790e-11]
dists_bs = [339.411842 890.379753 372.078393 976.277677 872.208527 810.887183 681.615625 367.938856 698.791494 927.982753]
bs_gains = [3.753134e-11 2.913708e-12 2.941977e-11 2.282712e-12 3.077348e-12 3.733150e-12 5.914810e-12 3.030505e-11 5.537317e-12 2.611198e-12]
At round 13 optimal eta: 0.40258971070484667
At round 13 optimal freqs: [5.139706e+07 1.003744e+08 7.072722e+07 2.228902e+08 1.056707e+08 1.248546e+08 1.516734e+08 5.616886e+07 8.266256e+07 1.019864e+08]
At round 13 optimal decs: [0 0 0 0 0 0 0 0 0 0]
At round 13 optimal powers: [8.607132e-05 8.700359e-04 1.736405e-04 3.611625e-03 9.005084e-04 1.080948e-03 1.196102e-03 1.016621e-04 4.515140e-04 9.367422e-04]
At round 13 t_co: [0.35154  0.423952 0.252896 0.186018 0.395361 0.298343 0.204356 0.364401 0.428621 0.436136]
At round 13 e_co: [3.025754e-05 3.688531e-04 4.391298e-05 6.718269e-04 3.560261e-04 3.224930e-04 2.444311e-04 3.704576e-05 1.935284e-04 4.085474e-04]
At round 13 t_cp: [0.274581 0.156008 0.349872 0.437145 0.206733 0.315872 0.428268 0.306324 0.187097 0.144065]
At round 13 e_cp: [3.728081e-06 1.577674e-05 1.237853e-05 4.840591e-04 2.439345e-05 6.147879e-05 1.494321e-04 5.428341e-06 1.056802e-05 1.528214e-05]
At round 13 average t_co: 0.43613639396221154 average t_cp: 0.43714493974997215 t: 0.6707244433349269
At round 13 average e_co: 0.002676922254140179 average e_cp: 0.0007825253043909481 e: 0.003459447558531127
At round 13 a_n: 14.091616720954645
At round 13 local rounds: 19.332406161553042
At round 13 global rounds: 23.587837326304594
At round 13 tau: 6.5440933494668405
At round 13 accuracy: 0.8348837209302326
At round 13 training accuracy: 0.8420427553444181
At round 13 training loss: 0.2691646196007115
At round 13 test loss: 0.44941177901328194
gradient difference: 0.2724771797657013
ground = 14 remain_eps = 0.12789665329235614	remain_tau = 5.873368906131914
update_location
xs = [-236.442222  356.442222 -341.442222 -294.905665 -144.905665  -44.905665  344.905665 -136.442222  444.905665  381.442222]
ys = [-256.442222  311.442222 -356.442222  427.446884  357.446884  307.446884   87.553116 -156.442222   37.553116  341.442222]
dists_uav = [653.818786 206.968232 797.148239 545.862461 384.514712 278.613966 220.317563 514.686425 321.349732 240.144734]
uav_gains = [6.766881e-13 4.473726e-11 4.263515e-13 1.039963e-12 2.733186e-12 1.269297e-11 3.693140e-11 1.201456e-12 5.797816e-12 2.677742e-11]
dists_bs = [339.448546 886.278477 370.39388  973.204538 869.604974 808.69462  681.306526 369.65988  697.785356 923.863184]
bs_gains = [3.752058e-11 2.949575e-12 2.977566e-11 2.301864e-12 3.101824e-12 3.760031e-12 5.921923e-12 2.993260e-11 5.558500e-12 2.642167e-12]
At round 14 optimal eta: 0.40258971070484667
At round 14 optimal freqs: [5.139706e+07 1.003744e+08 7.072722e+07 2.228902e+08 1.056707e+08 1.248546e+08 1.516734e+08 5.616886e+07 8.266256e+07 1.019864e+08]
At round 14 optimal decs: [0 0 0 0 0 0 0 0 0 0]
At round 14 optimal powers: [8.607132e-05 8.700359e-04 1.736405e-04 3.611625e-03 9.005084e-04 1.080948e-03 1.196102e-03 1.016621e-04 4.515140e-04 9.367422e-04]
At round 14 t_co: [0.351616 0.419877 0.250835 0.185086 0.392935 0.296807 0.204202 0.367855 0.427327 0.43207 ]
At round 14 e_co: [3.026409e-05 3.653080e-04 4.355509e-05 6.684611e-04 3.538415e-04 3.208328e-04 2.442469e-04 3.739686e-05 1.929441e-04 4.047386e-04]
At round 14 t_cp: [0.274581 0.156008 0.349872 0.437145 0.206733 0.315872 0.428268 0.306324 0.187097 0.144065]
At round 14 e_cp: [3.728081e-06 1.577674e-05 1.237853e-05 4.840591e-04 2.439345e-05 6.147879e-05 1.494321e-04 5.428341e-06 1.056802e-05 1.528214e-05]
At round 14 average t_co: 0.4320704446086159 average t_cp: 0.43714493974997215 t: 0.6741780530592749
At round 14 average e_co: 0.002661589000648737 average e_cp: 0.0007825253043909481 e: 0.0034441143050396856
At round 14 a_n: 14.091616720954645
At round 14 local rounds: 19.332406161553042
At round 14 global rounds: 23.587837326304594
At round 14 tau: 5.873368906131914
At round 14 accuracy: 0.8418604651162791
At round 14 training accuracy: 0.8485748218527316
At round 14 training loss: 0.2478732332973634
At round 14 test loss: 0.43250459079228404
gradient difference: 0.461353600025177
ground = 15 remain_eps = 0.18086274659081447	remain_tau = 5.199190853072639
update_location
xs = [-233.330952  353.330952 -338.330952 -290.970355 -140.970355  -40.970355  340.970355 -133.330952  440.970355  378.330952]
ys = [-253.330952  308.330952 -353.330952  425.478804  355.478804  305.478804   89.521196 -153.330952   39.521196  338.330952]
dists_uav = [649.4751   203.255352 792.78534  541.547254 380.28317  274.542051 216.557981 510.377825 317.236995 236.229005]
uav_gains = [6.873662e-13 4.707832e-11 4.318116e-13 1.060235e-12 2.839986e-12 1.378204e-11 3.904353e-11 1.226848e-12 6.192067e-12 2.865035e-11]
dists_bs = [339.542269 882.180078 368.754177 970.141621 867.015931 806.520101 681.025714 371.425055 696.80555  919.746212]
bs_gains = [3.749314e-11 2.986028e-12 3.012781e-11 2.321173e-12 3.126431e-12 3.786956e-12 5.928396e-12 2.955710e-11 5.579237e-12 2.673624e-12]
At round 15 optimal eta: 0.40258971070484667
At round 15 optimal freqs: [5.139706e+07 1.003744e+08 7.072722e+07 2.228902e+08 1.056707e+08 1.248546e+08 1.516734e+08 5.616886e+07 8.266256e+07 1.019864e+08]
At round 15 optimal decs: [0 0 0 0 0 0 0 0 0 0]
At round 15 optimal powers: [8.607132e-05 8.700359e-04 1.736405e-04 3.611625e-03 9.005084e-04 1.080948e-03 1.196102e-03 1.016621e-04 4.515140e-04 9.367422e-04]
At round 15 t_co: [0.351811 0.415834 0.248842 0.184161 0.390534 0.29529  0.204063 0.371423 0.42607  0.428035]
At round 15 e_co: [3.028080e-05 3.617909e-04 4.320898e-05 6.651204e-04 3.516792e-04 3.191928e-04 2.440796e-04 3.775960e-05 1.923764e-04 4.009588e-04]
At round 15 t_cp: [0.274581 0.156008 0.349872 0.437145 0.206733 0.315872 0.428268 0.306324 0.187097 0.144065]
At round 15 e_cp: [3.728081e-06 1.577674e-05 1.237853e-05 4.840591e-04 2.439345e-05 6.147879e-05 1.494321e-04 5.428341e-06 1.056802e-05 1.528214e-05]
At round 15 average t_co: 0.4280353794489552 average t_cp: 0.43714493974997215 t: 0.6777461226163939
At round 15 average e_co: 0.0026464474863775707 average e_cp: 0.0007825253043909481 e: 0.003428972790768519
At round 15 a_n: 14.091616720954645
At round 15 local rounds: 19.332406161553042
At round 15 global rounds: 23.587837326304594
At round 15 tau: 5.199190853072639
At round 15 accuracy: 0.8441860465116279
At round 15 training accuracy: 0.8473871733966746
At round 15 training loss: 0.24717173580263144
At round 15 test loss: 0.43997835617895104
gradient difference: 0.2913312315940857
ground = 16 remain_eps = 0.255763792580241	remain_tau = 4.5214447304562455
update_location
xs = [-230.219683  350.219683 -335.219683 -287.035045 -137.035045  -37.035045  337.035045 -130.219683  437.035045  375.219683]
ys = [-250.219683  305.219683 -350.219683  423.510724  353.510724  303.510724   91.489276 -150.219683   41.489276  335.219683]
dists_uav = [645.132177 199.570407 788.422853 537.233423 376.055495 270.480413 212.822954 506.070798 313.132067 232.33061 ]
uav_gains = [6.982923e-13 4.949082e-11 4.373731e-13 1.081116e-12 2.954744e-12 1.496291e-11 4.120582e-11 1.253094e-12 6.627782e-12 3.058171e-11]
dists_bs = [339.692963 878.084599 367.159882 967.089021 864.441531 804.363773 680.773226 373.233755 695.852187 915.631874]
bs_gains = [3.744908e-11 3.023077e-12 3.047574e-11 2.340639e-12 3.151165e-12 3.813919e-12 5.934225e-12 2.917905e-11 5.599516e-12 2.705579e-12]
At round 16 optimal eta: 0.40258971070484667
At round 16 optimal freqs: [5.139706e+07 1.003744e+08 7.072722e+07 2.228902e+08 1.056707e+08 1.248546e+08 1.516734e+08 5.616886e+07 8.266256e+07 1.019864e+08]
At round 16 optimal decs: [0 0 0 0 0 0 0 0 0 0]
At round 16 optimal powers: [8.607132e-05 8.700359e-04 1.736405e-04 3.611625e-03 9.005084e-04 1.080948e-03 1.196102e-03 1.016621e-04 4.515140e-04 9.367422e-04]
At round 16 t_co: [0.352123 0.411824 0.246916 0.183243 0.388157 0.293791 0.203937 0.375106 0.424849 0.424031]
At round 16 e_co: [3.030770e-05 3.583017e-04 4.287457e-05 6.618048e-04 3.495390e-04 3.175731e-04 2.439294e-04 3.813405e-05 1.918252e-04 3.972078e-04]
At round 16 t_cp: [0.274581 0.156008 0.349872 0.437145 0.206733 0.315872 0.428268 0.306324 0.187097 0.144065]
At round 16 e_cp: [3.728081e-06 1.577674e-05 1.237853e-05 4.840591e-04 2.439345e-05 6.147879e-05 1.494321e-04 5.428341e-06 1.056802e-05 1.528214e-05]
At round 16 average t_co: 0.4248488229524454 average t_cp: 0.43714493974997215 t: 0.6814294384990844
At round 16 average e_co: 0.0026314972401845524 average e_cp: 0.0007825253043909481 e: 0.0034140225445754993
At round 16 a_n: 14.091616720954645
At round 16 local rounds: 19.332406161553042
At round 16 global rounds: 23.587837326304594
At round 16 tau: 4.5214447304562455
At round 16 accuracy: 0.8441860465116279
At round 16 training accuracy: 0.850356294536817
At round 16 training loss: 0.24584527461039624
At round 16 test loss: 0.42980422402638224
gradient difference: 0.29737958312034607
ground = 17 remain_eps = 0.3616837564842709	remain_tau = 3.840015291957161
update_location
xs = [-227.108413  347.108413 -332.108413 -283.099736 -133.099736  -33.099736  333.099736 -127.108413  433.099736  372.108413]
ys = [-247.108413  302.108413 -347.108413  421.542645  351.542645  301.542645   93.457355 -147.108413   43.457355  332.108413]
dists_uav = [640.790032 195.914973 784.060785 532.921    371.831818 266.429521 209.113798 501.765384 309.03526  228.450437]
uav_gains = [7.094743e-13 5.198259e-11 4.430382e-13 1.102635e-12 3.078335e-12 1.623692e-11 4.342164e-11 1.280237e-12 7.109486e-12 3.256752e-11]
dists_bs = [339.900553 873.99208  365.611591 964.046838 861.881903 802.225781 680.549092 375.085352 694.925376 911.520204]
bs_gains = [3.738850e-11 3.060735e-12 3.081894e-11 2.360263e-12 3.176025e-12 3.840913e-12 5.939405e-12 2.879889e-11 5.619328e-12 2.738040e-12]
At round 17 optimal eta: 0.40258971070484667
At round 17 optimal freqs: [5.139706e+07 1.003744e+08 7.072722e+07 2.228902e+08 1.056707e+08 1.248546e+08 1.516734e+08 5.616886e+07 8.266256e+07 1.019864e+08]
At round 17 optimal decs: [0 0 0 0 0 0 0 0 0 0]
At round 17 optimal powers: [8.607132e-05 8.700359e-04 1.736405e-04 3.611625e-03 9.005084e-04 1.080948e-03 1.196102e-03 1.016621e-04 4.515140e-04 9.367422e-04]
At round 17 t_co: [0.352554 0.407846 0.245057 0.182332 0.385805 0.292311 0.203825 0.378905 0.423665 0.420057]
At round 17 e_co: [3.034477e-05 3.548404e-04 4.255181e-05 6.585142e-04 3.474209e-04 3.159735e-04 2.437960e-04 3.852030e-05 1.912904e-04 3.934855e-04]
At round 17 t_cp: [0.274581 0.156008 0.349872 0.437145 0.206733 0.315872 0.428268 0.306324 0.187097 0.144065]
At round 17 e_cp: [3.728081e-06 1.577674e-05 1.237853e-05 4.840591e-04 2.439345e-05 6.147879e-05 1.494321e-04 5.428341e-06 1.056802e-05 1.528214e-05]
At round 17 average t_co: 0.42366451100489805 average t_cp: 0.43714493974997215 t: 0.6852288053006974
At round 17 average e_co: 0.00261673780013379 average e_cp: 0.0007825253043909481 e: 0.003399263104524738
At round 17 a_n: 14.091616720954645
At round 17 local rounds: 19.332406161553042
At round 17 global rounds: 23.587837326304594
At round 17 tau: 3.840015291957161
At round 17 accuracy: 0.8441860465116279
At round 17 training accuracy: 0.8562945368171021
At round 17 training loss: 0.23033624790367016
At round 17 test loss: 0.4257587676521304
gradient difference: 0.2973841428756714
ground = 18 remain_eps = 0.5114685639623233	remain_tau = 3.154786486656463
update_location
xs = [-223.997143  343.997143 -328.997143 -279.164426 -129.164426  -29.164426  329.164426 -123.997143  429.164426  368.997143]
ys = [-243.997143  298.997143 -343.997143  419.574565  349.574565  299.574565   95.425435 -143.997143   45.425435  328.997143]
dists_uav = [636.448683 192.290732 779.699144 528.610021 367.612278 262.389873 205.431914 497.461625 304.946902 224.589429]
uav_gains = [7.209203e-13 5.456217e-11 4.488097e-13 1.124819e-12 3.211753e-12 1.760402e-11 4.569568e-11 1.308324e-12 7.642000e-12 3.460508e-11]
dists_bs = [340.164935 869.902563 364.109889 961.01517  859.337181 800.106273 680.353341 376.979211 694.025223 907.411238]
bs_gains = [3.731155e-11 3.099013e-12 3.115692e-11 2.380046e-12 3.201010e-12 3.867935e-12 5.943935e-12 2.841708e-11 5.638663e-12 2.771019e-12]
At round 18 optimal eta: 0.40258971070484667
At round 18 optimal freqs: [5.139706e+07 1.003744e+08 7.072722e+07 2.228902e+08 1.056707e+08 1.248546e+08 1.516734e+08 5.616886e+07 8.266256e+07 1.019864e+08]
At round 18 optimal decs: [0 0 0 0 0 0 0 0 0 0]
At round 18 optimal powers: [8.607132e-05 8.700359e-04 1.736405e-04 3.611625e-03 9.005084e-04 1.080948e-03 1.196102e-03 1.016621e-04 4.515140e-04 9.367422e-04]
At round 18 t_co: [0.353103 0.403899 0.243265 0.181428 0.383478 0.29085  0.203728 0.382822 0.422517 0.416114]
At round 18 e_co: [3.039204e-05 3.514067e-04 4.224063e-05 6.552486e-04 3.453247e-04 3.143940e-04 2.436796e-04 3.891844e-05 1.907722e-04 3.897918e-04]
At round 18 t_cp: [0.274581 0.156008 0.349872 0.437145 0.206733 0.315872 0.428268 0.306324 0.187097 0.144065]
At round 18 e_cp: [3.728081e-06 1.577674e-05 1.237853e-05 4.840591e-04 2.439345e-05 6.147879e-05 1.494321e-04 5.428341e-06 1.056802e-05 1.528214e-05]
At round 18 average t_co: 0.42251662923220057 average t_cp: 0.43714493974997215 t: 0.6891450452862639
At round 18 average e_co: 0.0026021687134955515 average e_cp: 0.0007825253043909481 e: 0.0033846940178864993
At round 18 a_n: 14.091616720954645
At round 18 local rounds: 19.332406161553042
At round 18 global rounds: 23.587837326304594
At round 18 tau: 3.154786486656463
At round 18 accuracy: 0.8465116279069768
At round 18 training accuracy: 0.8568883610451307
At round 18 training loss: 0.22209217949215138
At round 18 test loss: 0.4186798474917463
gradient difference: 0.4287949204444885
ground = 19 remain_eps = 0.723284049205173	remain_tau = 2.4656414413701992
update_location
xs = [-220.885873  340.885873 -325.885873 -275.229116 -125.229116  -25.229116  325.229116 -120.885873  425.229116  365.885873]
ys = [-240.885873  295.885873 -340.885873  417.606485  347.606485  297.606485   97.393515 -140.885873   47.393515  325.885873]
dists_uav = [632.108144 188.699483 775.337935 524.300521 363.397019 258.361997 201.778794 493.159565 300.867335 220.748592]
uav_gains = [7.326390e-13 5.723867e-11 4.546901e-13 1.147700e-12 3.356119e-12 1.906274e-11 4.803377e-11 1.337406e-12 8.230387e-12 3.669319e-11]
dists_bs = [340.485976 865.81609  362.655357 957.994117 856.807496 798.005397 680.185996 378.914701 693.151832 903.305014]
bs_gains = [3.721839e-11 3.137925e-12 3.148917e-11 2.399988e-12 3.226115e-12 3.894979e-12 5.947811e-12 2.803404e-11 5.657510e-12 2.804525e-12]
At round 19 optimal eta: 0.40258971070484667
At round 19 optimal freqs: [5.139706e+07 1.003744e+08 7.072722e+07 2.228902e+08 1.056707e+08 1.248546e+08 1.516734e+08 5.616886e+07 8.266256e+07 1.019864e+08]
At round 19 optimal decs: [0 0 0 0 0 0 0 0 0 0]
At round 19 optimal powers: [8.607132e-05 8.700359e-04 1.736405e-04 3.611625e-03 9.005084e-04 1.080948e-03 1.196102e-03 1.016621e-04 4.515140e-04 9.367422e-04]
At round 19 t_co: [0.353771 0.399984 0.241539 0.18053  0.381174 0.289408 0.203645 0.386855 0.421405 0.412202]
At round 19 e_co: [3.044951e-05 3.480007e-04 4.194098e-05 6.520077e-04 3.432505e-04 3.128346e-04 2.435801e-04 3.932854e-05 1.902703e-04 3.861267e-04]
At round 19 t_cp: [0.274581 0.156008 0.349872 0.437145 0.206733 0.315872 0.428268 0.306324 0.187097 0.144065]
At round 19 e_cp: [3.728081e-06 1.577674e-05 1.237853e-05 4.840591e-04 2.439345e-05 6.147879e-05 1.494321e-04 5.428341e-06 1.056802e-05 1.528214e-05]
At round 19 average t_co: 0.4214051003712994 average t_cp: 0.43714493974997215 t: 0.6931789979574309
At round 19 average e_co: 0.002587789536742511 average e_cp: 0.0007825253043909481 e: 0.00337031484113346
At round 19 a_n: 14.091616720954645
At round 19 local rounds: 19.332406161553042
At round 19 global rounds: 23.587837326304594
At round 19 tau: 2.4656414413701992
At round 19 accuracy: 0.8488372093023255
At round 19 training accuracy: 0.8616389548693587
At round 19 training loss: 0.2048520992184832
At round 19 test loss: 0.4192744424393357
gradient difference: 0.32207876443862915
ground = 20 remain_eps = 1.0228190991483253	remain_tau = 1.7724624434127683
update_location
xs = [-217.774603  337.774603 -322.774603 -271.293807 -121.293807  -21.293807  321.293807 -117.774603  421.293807  362.774603]
ys = [-237.774603  292.774603 -337.774603  415.638405  345.638405  295.638405   99.361595 -137.774603   49.361595  322.774603]
dists_uav = [627.768434 185.143145 770.977168 519.992536 359.18619  254.346451 198.15603  488.859249 296.796924 216.928999]
uav_gains = [7.446392e-13 6.002154e-11 4.606821e-13 1.171309e-12 3.512704e-12 2.061020e-11 5.044265e-11 1.367538e-12 8.879867e-12 3.883230e-11]
dists_bs = [340.863516 861.732705 361.248562 954.983779 854.292983 795.923299 680.04708  380.891186 692.305303 899.201568]
bs_gains = [3.710925e-11 3.177483e-12 3.181517e-11 2.420088e-12 3.251340e-12 3.922038e-12 5.951031e-12 2.765019e-11 5.675861e-12 2.838568e-12]
Model saved in /Volumes/Research/code/fedcom-torch/models/mnist/s1
