Arguments:
	      dataset : mnist
	learning_rate : 0.01
	        model : mclr
	 model_params : (784, 10)
	        optim : 1
	      sce_idx : 1
	          tau : 15.0
['f_00000', 'f_00001', 'f_00002', 'f_00003', 'f_00004', 'f_00005', 'f_00006', 'f_00007', 'f_00008', 'f_00009']
10
dict_keys(['x', 'y'])
id = f_00000, model = <class 'flearn.models.mnist.mclr.Model'>, device = cpu, num_samples = 73
id = f_00001, model = <class 'flearn.models.mnist.mclr.Model'>, device = cpu, num_samples = 81
id = f_00002, model = <class 'flearn.models.mnist.mclr.Model'>, device = cpu, num_samples = 128
id = f_00003, model = <class 'flearn.models.mnist.mclr.Model'>, device = cpu, num_samples = 504
id = f_00004, model = <class 'flearn.models.mnist.mclr.Model'>, device = cpu, num_samples = 113
id = f_00005, model = <class 'flearn.models.mnist.mclr.Model'>, device = cpu, num_samples = 204
id = f_00006, model = <class 'flearn.models.mnist.mclr.Model'>, device = cpu, num_samples = 336
id = f_00007, model = <class 'flearn.models.mnist.mclr.Model'>, device = cpu, num_samples = 89
id = f_00008, model = <class 'flearn.models.mnist.mclr.Model'>, device = cpu, num_samples = 80
id = f_00009, model = <class 'flearn.models.mnist.mclr.Model'>, device = cpu, num_samples = 76
BaseFederated generated!
num_samples = [ 73  81 128 504 113 204 336  89  80  76]
msize = 300240
xs = [-280.  400. -385. -350. -200. -100.  400. -180.  500.  425.]
ys = [-300.  355. -400.  455.  385.  335.   60. -200.   10.  385.]
dists_uav = [714.702735 261.199158 858.268606 606.403331 444.100214 336.489227 274.954542 575.152154 379.605058 296.395007]
uav_gains = [5.494875e-13 1.802536e-11 3.593089e-13 8.081917e-13 1.762643e-12 4.643011e-12 1.366745e-11 9.167988e-13 2.857829e-12 8.947599e-12]
dists_bs = [ 344.093011  943.941206  397.775062 1017.116021  907.317475  840.966706  688.186021  349.857114  714.212853  981.758626]
bs_gains = [3.619341e-11 2.495838e-12 2.464796e-11 2.047806e-12 2.771778e-12 3.389665e-12 5.766337e-12 3.463460e-11 5.226094e-12 2.249096e-12]
v = 7.285974499089253 a_0 = 17.745255783340777
SystemModel __init__!
solve_bound_eta tau = 15.0
af = [0.068083 0.075544 0.119378 0.470051 0.105388 0.190259 0.313367 0.083005 0.074611 0.070881]
bf = [0.542378 0.890002 0.574765 0.933751 0.868385 0.829632 0.741885 0.545904 0.756731 0.912514]
tmp = [-1.315446e-90 -1.516730e-79 -4.173501e-51 -3.218911e-12 -8.287325e-57 -3.554101e-31 -8.313344e-19 -4.276070e-74 -2.492328e-81 -1.022987e-84]
w0 = [-1.315446e-90+0.j -1.516730e-79+0.j -4.173501e-51+0.j -3.218911e-12+0.j -8.287325e-57+0.j -3.554101e-31+0.j -8.313344e-19+0.j -4.276070e-74+0.j -2.492328e-81+0.j -1.022987e-84+0.j]
w_1 = [-212.316561+0.j -186.717261+0.j -120.797198+0.j  -29.858446+0.j -134.030692+0.j  -74.421784+0.j  -45.44782 +0.j -174.09788 +0.j -190.847651+0.j -198.686147+0.j]
xs_min = [-212.353563 -186.778757 -120.836595  -29.924942 -134.090776  -74.479456  -45.499684 -174.135167 -190.899689 -198.749228]
xs_max = [-0.037003 -0.061496 -0.039397 -0.066497 -0.060084 -0.057672 -0.051865 -0.037286 -0.052038 -0.063081]
solve_bound_eta x_min = -29.924942120067502	x_max = -0.06649652466312617
solve_bound_eta eta_min = 1.0087017307051787e-13	eta_max = 0.9356661676058142
af = 1.256453811299013	bf = 0.7595946803572613	zeta = 1.269018349412003	eta = 0.9900990099009901
af = 1.256453811299013	bf = 0.7595946803572613	zeta = 77.98177795962239	eta = 0.01611214624972494
af = 1.256453811299013	bf = 0.7595946803572613	zeta = 6.0438438150605425	eta = 0.2078898544942672
af = 1.256453811299013	bf = 0.7595946803572613	zeta = 3.450486786983981	eta = 0.36413813147717067
af = 1.256453811299013	bf = 0.7595946803572613	zeta = 3.1907747020586794	eta = 0.39377703806174474
af = 1.256453811299013	bf = 0.7595946803572613	zeta = 3.184591465019488	eta = 0.39454159979397047
af = 1.256453811299013	bf = 0.7595946803572613	zeta = 3.1845875635047407	eta = 0.3945420831563649
eta = 0.3945420831563649
opt_as = [0.208111 0.208111 0.208111 0.208111 0.208111 0.208111 0.208111 0.208111 0.208111 0.208111]
opt_bs = [9048.353179  623.959564 6161.990667  511.951403  692.944528  847.416125 1441.584338 8658.649719 1306.523561  562.274031]
opt_cs = [ 7136442.257232  7918518.121039 12513213.820901 49270779.419797 11046821.576264 19942934.527061 32847186.279865  8700593.984845  7820758.638063  7429720.70616 ]
opt_tau = [0.511791 0.511791 0.511791 0.511791 0.511791 0.511791 0.511791 0.511791 0.511791 0.511791]
iter = 15 converged! (z, t) = (1.779759474331071, 19.81445558489645)
iter = 13 converged! (z, t) = (2.1060380454482583, 9.282383060224888)
iter = 13 converged! (z, t) = (1.530421384643825, 15.44723823848165)
iter = 13 converged! (z, t) = (1.1782782906048783, 5.41049435129697)
iter = 12 converged! (z, t) = (1.973786219898763, 9.145229020639558)
iter = 11 converged! (z, t) = (1.6475130716372772, 8.47049786749756)
iter = 14 converged! (z, t) = (1.2181422844380283, 7.863174503508775)
iter = 15 converged! (z, t) = (1.6797971634214341, 18.64331629265579)
iter = 15 converged! (z, t) = (2.026710751870656, 11.509313369388153)
iter = 13 converged! (z, t) = (2.1354652846757203, 9.068793213774768)
opt_freqs = [5.046820e+07 1.077310e+08 6.473649e+07 1.848260e+08 1.093466e+08 1.180568e+08 1.271751e+08 5.363853e+07 8.688616e+07 1.102683e+08]
opt_powers = [8.332519e-05 9.739945e-04 1.496421e-04 2.610790e-03 9.520329e-04 9.851988e-04 8.827750e-04 9.396304e-05 4.882365e-04 1.062201e-03]
optimize_network iter = 0 obj = 0.09101033595765921
solve_bound_eta tau = 15.0
af = [2.698047 1.402455 3.688122 5.086417 1.927602 3.223173 4.928124 3.094978 1.717449 1.285605]
bf = [6.572606 7.777544 5.651807 4.351351 7.289142 6.084223 4.498568 6.203448 7.484591 7.886218]
tmp = [-0.244633 -0.062036 -0.322471 -0.363466 -0.142493 -0.292742 -0.361379 -0.282541 -0.109843 -0.046116]
w0 = [-0.345641+0.j -0.066288+0.j -0.570499+0.j -0.852572+0.j -0.168674+0.j -0.466966+0.j -0.822871+0.j -0.437692+0.j -0.124393+0.j -0.048403+0.j]
w_1 = [-2.193487+0.j -4.219837+0.j -1.604646+0.j -1.163517+0.j -3.070203+0.j -1.83612 +0.j -1.200889+0.j -1.912172+0.j -3.445885+0.j -4.603382+0.j]
xs_min = [-2.777875 -5.083579 -1.964177 -1.240975 -3.831558 -2.299184 -1.308048 -2.40451  -4.251521 -5.485009]
xs_max = [-0.930029 -0.930029 -0.930029 -0.930029 -0.930029 -0.930029 -0.930029 -0.930029 -0.930029 -0.930029]
solve_bound_eta x_min = -1.2409745079366599	x_max = -0.9300294697179554
solve_bound_eta eta_min = 0.28910234808643603	eta_max = 0.3945420831563644
af = 0.005650336031794658	bf = 0.0498479493967855	zeta = 0.0057068393921126045	eta = 0.9900990099009901
af = 0.005650336031794658	bf = 0.0498479493967855	zeta = 5.040321383083072	eta = 0.0011210269350599327
af = 0.005650336031794658	bf = 0.0498479493967855	zeta = 0.08833258754929012	eta = 0.06396660834419388
af = 0.005650336031794658	bf = 0.0498479493967855	zeta = 0.06985108693250175	eta = 0.08089116834008138
af = 0.005650336031794658	bf = 0.0498479493967855	zeta = 0.06969421709791676	eta = 0.08107324060841703
af = 0.005650336031794658	bf = 0.0498479493967855	zeta = 0.06969420156880016	eta = 0.08107325867298738
eta = 0.08107325867298738
opt_as = [0.208111 0.208111 0.208111 0.208111 0.208111 0.208111 0.208111 0.208111 0.208111 0.208111]
opt_bs = [9048.353179  623.959564 6161.990667  511.951403  692.944528  847.416125 1441.584338 8658.649719 1306.523561  562.274031]
opt_cs = [ 9522432.575468 10565986.830314 16696868.077533 65743918.055286 14740203.849697 26610633.498568 43829278.703524 11609541.08516  10435542.548458  9913765.421035]
opt_tau = [0.600919 0.600919 0.600919 0.600919 0.600919 0.600919 0.600919 0.600919 0.600919 0.600919]
iter = 20 converged! (z, t) = (1.922622191137003, 21.087186210283157)
iter = 13 converged! (z, t) = (2.370855689068551, 10.175973999861279)
iter = 13 converged! (z, t) = (1.6011124384892077, 16.033597802928576)
iter = 10 converged! (z, t) = (1.1782761080946467, 5.410501259971247)
iter = 12 converged! (z, t) = (2.1865310856738973, 9.896680933309797)
iter = 11 converged! (z, t) = (1.7503700855992577, 8.893015731884255)
iter = 12 converged! (z, t) = (1.2242874826646424, 7.8972803365250055)
iter = 15 converged! (z, t) = (1.7913035700931554, 19.650224961648938)
iter = 14 converged! (z, t) = (2.258554313972042, 12.542740643168559)
iter = 15 converged! (z, t) = (2.412952237758552, 9.96175205668075)
opt_freqs = [4.742216e+07 9.827069e+07 6.236903e+07 1.848258e+08 1.010440e+08 1.124478e+08 1.266259e+08 5.089000e+07 7.972739e+07 1.003839e+08]
opt_powers = [7.539875e-05 8.408978e-04 1.407719e-04 2.610798e-03 8.368268e-04 9.093301e-04 8.762925e-04 8.634327e-05 4.263225e-04 9.132699e-04]
optimize_network iter = 1 obj = 0.07839690082862055
solve_bound_eta tau = 15.0
af = [2.871349 1.537466 3.828119 5.086423 2.085991 3.383948 4.949499 3.262135 1.87166  1.412192]
bf = [7.100194 8.755509 5.912867 4.351343 8.074803 6.464072 4.521262 6.615238 8.340783 8.91097 ]
tmp = [-0.333543 -0.168027 -0.364908 -0.363466 -0.260005 -0.355771 -0.364814 -0.351811 -0.228391 -0.142438]
w0 = [-0.620084+0.j -0.206584+0.j -0.877999+0.j -0.852571+0.j -0.380326+0.j -0.763091+0.j -0.876156+0.j -0.730134+0.j -0.312025+0.j -0.168595+0.j]
w_1 = [-1.510278+0.j -2.820573+0.j -1.132811+0.j -1.163518+0.j -2.078885+0.j -1.281502+0.j -1.134998+0.j -1.329355+0.j -2.316946+0.j -3.070783+0.j]
xs_min = [-2.131169 -3.854964 -1.495787 -1.240975 -2.939534 -1.759386 -1.240975 -1.840195 -3.245896 -4.143162]
xs_max = [-1.240975 -1.240975 -1.240975 -0.930027 -1.240975 -1.240975 -0.982133 -1.240975 -1.240975 -1.240975]
solve_bound_eta x_min = -1.2409745079366654	x_max = -1.2409745079366594
solve_bound_eta eta_min = 0.2891023480864344	eta_max = 0.28910234808643615
Done!
af = 0.005462801676458183	bf = 0.04895297509396863	zeta = 0.005517429693222765	eta = 0.9900990099009901
af = 0.005462801676458183	bf = 0.04895297509396863	zeta = 4.949740509581494	eta = 0.0011036541543710276
af = 0.005462801676458183	bf = 0.04895297509396863	zeta = 0.0862450792174773	eta = 0.06334044476535379
af = 0.005462801676458183	bf = 0.04895297509396863	zeta = 0.06835579442795958	eta = 0.07991717047799728
af = 0.005462801676458183	bf = 0.04895297509396863	zeta = 0.0682071077716743	eta = 0.08009138424026283
af = 0.005462801676458183	bf = 0.04895297509396863	zeta = 0.06820709370263559	eta = 0.08009140076066744
eta = 0.08009140076066744
At round 0 optimal eta: 0.2891023480864344
At round 0 optimal freqs: [4.742216e+07 9.827069e+07 6.236903e+07 1.848258e+08 1.010440e+08 1.124478e+08 1.266259e+08 5.089000e+07 7.972739e+07 1.003839e+08]
At round 0 optimal decs: [0 0 0 0 0 0 0 0 0 0]
At round 0 optimal powers: [7.539875e-05 8.408978e-04 1.407719e-04 2.610798e-03 8.368268e-04 9.093301e-04 8.762925e-04 8.634327e-05 4.263225e-04 9.132699e-04]
At round 0 t_co: [0.400118 0.4934   0.333208 0.245212 0.45504  0.36427  0.254787 0.372789 0.470029 0.502161]
At round 0 e_co: [3.016839e-05 4.148990e-04 4.690635e-05 6.401980e-04 3.807897e-04 3.312421e-04 2.232680e-04 3.218783e-05 2.003839e-04 4.586082e-04]
At round 0 t_cp: [0.200801 0.107519 0.267711 0.355708 0.145879 0.236649 0.346132 0.22813  0.13089  0.098758]
At round 0 e_cp: [2.141463e-06 1.020371e-05 6.494909e-06 2.245849e-04 1.504958e-05 3.364783e-05 7.027635e-05 3.006630e-06 6.633308e-06 9.990039e-06]
At round 0 average t_co: 0.5021607195781481 average t_cp: 0.3557075514735727 t: 0.6009191926505975
At round 0 average e_co: 0.0027586514216338103 average e_cp: 0.00038202873518242467 e: 0.003140680156816235
At round 0 a_n: 17.745255783340777
At round 0 local rounds: 13.044428185572668
At round 0 global rounds: 24.961758891135474
At round 0 tau: 15.0
At round 0 accuracy: 0.11162790697674418
At round 0 training accuracy: 0.08669833729216152
At round 0 training loss: 2.439086775367258
At round 0 test loss: 2.3817663075387943
gradient difference: 59.06897735595703
ground = 1 remain_eps = 0.0013826162566142432	remain_tau = 14.399080807349403
update_location
xs = [-276.88873  396.88873 -381.88873 -346.06469 -196.06469  -96.06469  396.06469 -176.88873  496.06469  421.88873]
ys = [-296.88873  351.88873 -396.88873  453.03192  383.03192  333.03192   61.96808 -196.88873   11.96808  381.88873]
dists_uav = [710.349787 257.215492 853.90058  602.071858 439.8257   332.310872 270.952857 570.825129 375.408552 292.30561 ]
uav_gains = [5.573691e-13 1.949518e-11 3.635755e-13 8.220571e-13 1.810530e-12 4.921303e-12 1.482062e-11 9.335520e-13 2.973071e-12 9.675801e-12]
dists_bs = [ 343.397083  939.80587   395.564073 1013.918444  904.536752  838.552685  687.513899  350.950231  712.875509  977.608221]
bs_gains = [3.638811e-11 2.525047e-12 2.501474e-11 2.064964e-12 2.794416e-12 3.415585e-12 5.781288e-12 3.434946e-11 5.252115e-12 2.274488e-12]
At round 1 optimal eta: 0.2891023480864344
At round 1 optimal freqs: [4.742216e+07 9.827069e+07 6.236903e+07 1.848258e+08 1.010440e+08 1.124478e+08 1.266259e+08 5.089000e+07 7.972739e+07 1.003839e+08]
At round 1 optimal decs: [0 0 0 0 0 0 0 0 0 0]
At round 1 optimal powers: [7.539875e-05 8.408978e-04 1.407719e-04 2.610798e-03 8.368268e-04 9.093301e-04 8.762925e-04 8.634327e-05 4.263225e-04 9.132699e-04]
At round 1 t_co: [0.398448 0.488743 0.329573 0.243838 0.452081 0.362164 0.254337 0.37516  0.468147 0.497571]
At round 1 e_co: [3.004251e-05 4.109827e-04 4.639467e-05 6.366113e-04 3.783138e-04 3.293268e-04 2.228734e-04 3.239255e-05 1.995817e-04 4.544162e-04]
At round 1 t_cp: [0.200801 0.107519 0.267711 0.355708 0.145879 0.236649 0.346132 0.22813  0.13089  0.098758]
At round 1 e_cp: [2.141463e-06 1.020371e-05 6.494909e-06 2.245849e-04 1.504958e-05 3.364783e-05 7.027635e-05 3.006630e-06 6.633308e-06 9.990039e-06]
At round 1 average t_co: 0.49757057014088446 average t_cp: 0.3557075514735727 t: 0.6032902109377223
At round 1 average e_co: 0.002740935608549101 average e_cp: 0.00038202873518242467 e: 0.003122964343731526
At round 1 a_n: 17.745255783340777
At round 1 local rounds: 13.044428185572668
At round 1 global rounds: 24.961758891135474
At round 1 tau: 14.399080807349403
At round 1 accuracy: 0.7465116279069768
At round 1 training accuracy: 0.732185273159145
At round 1 training loss: 1.0289356060827524
At round 1 test loss: 1.0913744921139046
gradient difference: 0.9999696016311646
ground = 2 remain_eps = 0.001911627713053983	remain_tau = 13.795790596411681
update_location
xs = [-273.77746   393.77746  -378.77746  -342.129381 -192.129381  -92.129381  392.129381 -173.77746   492.129381  418.77746 ]
ys = [-293.77746   348.77746  -393.77746   451.063841  381.063841  331.063841   63.936159 -193.77746    13.936159  378.77746 ]
dists_uav = [705.997423 253.245609 849.532883 597.741385 435.553684 328.138312 266.963708 566.499229 371.216758 288.225362]
uav_gains = [5.654156e-13 2.105031e-11 3.679153e-13 8.362774e-13 1.860718e-12 5.227995e-12 1.606337e-11 9.507689e-13 3.097138e-12 1.047733e-11]
dists_bs = [ 342.756231  935.672948  393.389873 1010.729906  901.768923  836.154848  686.869306  352.094944  711.56286   973.460007]
bs_gains = [3.656868e-11 2.554711e-12 2.538278e-11 2.082272e-12 2.817203e-12 3.441603e-12 5.795677e-12 3.405431e-11 5.277830e-12 2.300263e-12]
At round 2 optimal eta: 0.2891023480864344
At round 2 optimal freqs: [4.742216e+07 9.827069e+07 6.236903e+07 1.848258e+08 1.010440e+08 1.124478e+08 1.266259e+08 5.089000e+07 7.972739e+07 1.003839e+08]
At round 2 optimal decs: [0 0 0 0 0 0 0 0 0 0]
At round 2 optimal powers: [7.539875e-05 8.408978e-04 1.407719e-04 2.610798e-03 8.368268e-04 9.093301e-04 8.762925e-04 8.634327e-05 4.263225e-04 9.132699e-04]
At round 2 t_co: [0.396916 0.484121 0.326029 0.242474 0.44915  0.360081 0.253906 0.377655 0.466306 0.493014]
At round 2 e_co: [2.992695e-05 4.070960e-04 4.589572e-05 6.330509e-04 3.758611e-04 3.274328e-04 2.224955e-04 3.260800e-05 1.987966e-04 4.502545e-04]
At round 2 t_cp: [0.200801 0.107519 0.267711 0.355708 0.145879 0.236649 0.346132 0.22813  0.13089  0.098758]
At round 2 e_cp: [2.141463e-06 1.020371e-05 6.494909e-06 2.245849e-04 1.504958e-05 3.364783e-05 7.027635e-05 3.006630e-06 6.633308e-06 9.990039e-06]
At round 2 average t_co: 0.49301364416312704 average t_cp: 0.3557075514735727 t: 0.605785411633798
At round 2 average e_co: 0.0027234180601837647 average e_cp: 0.00038202873518242467 e: 0.003105446795366189
At round 2 a_n: 17.745255783340777
At round 2 local rounds: 13.044428185572668
At round 2 global rounds: 24.961758891135474
At round 2 tau: 13.795790596411681
At round 2 accuracy: 0.7953488372093023
At round 2 training accuracy: 0.7701900237529691
At round 2 training loss: 0.696978845247322
At round 2 test loss: 0.8213331887570694
gradient difference: 1.044445276260376
ground = 3 remain_eps = 0.002643047552662745	remain_tau = 13.190005184777883
update_location
xs = [-270.66619   390.66619  -375.66619  -338.194071 -188.194071  -88.194071  388.194071 -170.66619   488.194071  415.66619 ]
ys = [-290.66619   345.66619  -390.66619   449.095761  379.095761  329.095761   65.904239 -190.66619    15.904239  375.66619 ]
dists_uav = [701.645652 249.290168 845.165522 593.411936 431.284243 323.97177  262.987665 562.174479 367.029838 284.154656]
uav_gains = [5.736313e-13 2.268636e-11 3.723298e-13 8.508654e-13 1.913387e-12 5.566505e-12 1.739564e-11 9.684679e-13 3.231013e-12 1.135723e-11]
dists_bs = [ 342.170762  931.542473  391.253075 1007.550491  899.014107  833.773335  686.252319  353.29075   710.275042  969.314015]
bs_gains = [3.673473e-11 2.584839e-12 2.575179e-11 2.099730e-12 2.840137e-12 3.467715e-12 5.809495e-12 3.374971e-11 5.303226e-12 2.326428e-12]
At round 3 optimal eta: 0.2891023480864344
At round 3 optimal freqs: [4.742216e+07 9.827069e+07 6.236903e+07 1.848258e+08 1.010440e+08 1.124478e+08 1.266259e+08 5.089000e+07 7.972739e+07 1.003839e+08]
At round 3 optimal decs: [0 0 0 0 0 0 0 0 0 0]
At round 3 optimal powers: [7.539875e-05 8.408978e-04 1.407719e-04 2.610798e-03 8.368268e-04 9.093301e-04 8.762925e-04 8.634327e-05 4.263225e-04 9.132699e-04]
At round 3 t_co: [0.395519 0.479533 0.322575 0.24112  0.446247 0.358022 0.253493 0.380275 0.464504 0.48849 ]
At round 3 e_co: [2.982167e-05 4.032386e-04 4.540942e-05 6.295167e-04 3.734318e-04 3.255599e-04 2.221343e-04 3.283422e-05 1.980286e-04 4.461230e-04]
At round 3 t_cp: [0.200801 0.107519 0.267711 0.355708 0.145879 0.236649 0.346132 0.22813  0.13089  0.098758]
At round 3 e_cp: [2.141463e-06 1.020371e-05 6.494909e-06 2.245849e-04 1.504958e-05 3.364783e-05 7.027635e-05 3.006630e-06 6.633308e-06 9.990039e-06]
At round 3 average t_co: 0.4884898264817819 average t_cp: 0.3557075514735727 t: 0.6084054246422557
At round 3 average e_co: 0.002706098172462614 average e_cp: 0.00038202873518242467 e: 0.003088126907645039
At round 3 a_n: 17.745255783340777
At round 3 local rounds: 13.044428185572668
At round 3 global rounds: 24.961758891135474
At round 3 tau: 13.190005184777883
At round 3 accuracy: 0.8116279069767441
At round 3 training accuracy: 0.7891923990498813
At round 3 training loss: 0.5711393369773221
At round 3 test loss: 0.6455091064714632
gradient difference: 0.9764725565910339
ground = 4 remain_eps = 0.003654320513316001	remain_tau = 12.581599760135628
update_location
xs = [-267.554921  387.554921 -372.554921 -334.258761 -184.258761  -84.258761  384.258761 -167.554921  484.258761  412.554921]
ys = [-287.554921  342.554921 -387.554921  447.127681  377.127681  327.127681   67.872319 -187.554921   17.872319  372.554921]
dists_uav = [697.294487 245.349866 840.798501 589.083532 427.017451 319.811481 259.025332 557.850906 362.847961 280.093909]
uav_gains = [5.820212e-13 2.439814e-11 3.768209e-13 8.658344e-13 1.968736e-12 5.940609e-12 1.881600e-11 9.866684e-13 3.375805e-12 1.232003e-11]
dists_bs = [ 341.640963  927.414476  389.154294 1004.380288  896.272425  831.408287  685.663012  354.537134  709.012191  965.170271]
bs_gains = [3.688589e-11 2.615440e-12 2.612148e-11 2.117339e-12 2.863218e-12 3.493916e-12 5.822736e-12 3.343620e-11 5.328295e-12 2.352990e-12]
At round 4 optimal eta: 0.2891023480864344
At round 4 optimal freqs: [4.742216e+07 9.827069e+07 6.236903e+07 1.848258e+08 1.010440e+08 1.124478e+08 1.266259e+08 5.089000e+07 7.972739e+07 1.003839e+08]
At round 4 optimal decs: [0 0 0 0 0 0 0 0 0 0]
At round 4 optimal powers: [7.539875e-05 8.408978e-04 1.407719e-04 2.610798e-03 8.368268e-04 9.093301e-04 8.762925e-04 8.634327e-05 4.263225e-04 9.132699e-04]
At round 4 t_co: [0.394259 0.474981 0.319209 0.239777 0.443372 0.355985 0.2531   0.383021 0.462743 0.483999]
At round 4 e_co: [2.972664e-05 3.994105e-04 4.493568e-05 6.260085e-04 3.710256e-04 3.237081e-04 2.217897e-04 3.307127e-05 1.972776e-04 4.420217e-04]
At round 4 t_cp: [0.200801 0.107519 0.267711 0.355708 0.145879 0.236649 0.346132 0.22813  0.13089  0.098758]
At round 4 e_cp: [2.141463e-06 1.020371e-05 6.494909e-06 2.245849e-04 1.504958e-05 3.364783e-05 7.027635e-05 3.006630e-06 6.633308e-06 9.990039e-06]
At round 4 average t_co: 0.4839990016815329 average t_cp: 0.3557075514735727 t: 0.6111509072567527
At round 4 average e_co: 0.0026889753502015923 average e_cp: 0.00038202873518242467 e: 0.0030710040853840176
At round 4 a_n: 17.745255783340777
At round 4 local rounds: 13.044428185572668
At round 4 global rounds: 24.961758891135474
At round 4 tau: 12.581599760135628
At round 4 accuracy: 0.8209302325581396
At round 4 training accuracy: 0.7969121140142518
At round 4 training loss: 0.5172028378295171
At round 4 test loss: 0.5897719627159625
gradient difference: 0.9554713368415833
ground = 5 remain_eps = 0.00505252294858961	remain_tau = 11.970448852878874
update_location
xs = [-264.443651  384.443651 -369.443651 -330.323452 -180.323452  -80.323452  380.323452 -164.443651  480.323452  409.443651]
ys = [-284.443651  339.443651 -384.443651  445.159601  375.159601  325.159601   69.840399 -184.443651   19.840399  369.443651]
dists_uav = [692.943938 241.425446 836.431825 584.756197 422.753391 315.657693 255.077347 553.528537 358.671303 276.043561]
uav_gains = [5.905903e-13 2.618002e-11 3.813903e-13 8.811984e-13 2.026983e-12 6.354455e-12 2.032173e-11 1.005391e-12 3.532770e-12 1.336956e-11]
dists_bs = [ 341.167091  923.288992  387.09415  1001.219384  893.543997  829.059844  685.101458  355.833562  707.77444   961.028806]
bs_gains = [3.702181e-11 2.646523e-12 2.649150e-11 2.135099e-12 2.886445e-12 3.520205e-12 5.835393e-12 3.311435e-11 5.353023e-12 2.379957e-12]
At round 5 optimal eta: 0.2891023480864344
At round 5 optimal freqs: [4.742216e+07 9.827069e+07 6.236903e+07 1.848258e+08 1.010440e+08 1.124478e+08 1.266259e+08 5.089000e+07 7.972739e+07 1.003839e+08]
At round 5 optimal decs: [0 0 0 0 0 0 0 0 0 0]
At round 5 optimal powers: [7.539875e-05 8.408978e-04 1.407719e-04 2.610798e-03 8.368268e-04 9.093301e-04 8.762925e-04 8.634327e-05 4.263225e-04 9.132699e-04]
At round 5 t_co: [0.393134 0.470463 0.315932 0.238443 0.440524 0.353972 0.252726 0.385892 0.461021 0.479541]
At round 5 e_co: [2.964183e-05 3.956115e-04 4.447439e-05 6.225265e-04 3.686425e-04 3.218773e-04 2.214617e-04 3.331922e-05 1.965436e-04 4.379504e-04]
At round 5 t_cp: [0.200801 0.107519 0.267711 0.355708 0.145879 0.236649 0.346132 0.22813  0.13089  0.098758]
At round 5 e_cp: [2.141463e-06 1.020371e-05 6.494909e-06 2.245849e-04 1.504958e-05 3.364783e-05 7.027635e-05 3.006630e-06 6.633308e-06 9.990039e-06]
At round 5 average t_co: 0.47954105409422376 average t_cp: 0.3557075514735727 t: 0.6140225437585254
At round 5 average e_co: 0.002672049007162071 average e_cp: 0.00038202873518242467 e: 0.003054077742344495
At round 5 a_n: 17.745255783340777
At round 5 local rounds: 13.044428185572668
At round 5 global rounds: 24.961758891135474
At round 5 tau: 11.970448852878874
At round 5 accuracy: 0.8209302325581396
At round 5 training accuracy: 0.8087885985748219
At round 5 training loss: 0.4483089282176651
At round 5 test loss: 0.6059555486162271
gradient difference: 0.9123181104660034
ground = 6 remain_eps = 0.0069857003656365255	remain_tau = 11.35642630912035
update_location
xs = [-261.332381  381.332381 -366.332381 -326.388142 -176.388142  -76.388142  376.388142 -161.332381  476.388142  406.332381]
ys = [-281.332381  336.332381 -381.332381  443.191522  373.191522  323.191522   71.808478 -181.332381   21.808478  366.332381]
dists_uav = [688.594018 237.517695 832.065501 580.429954 418.492145 311.510666 251.144388 549.207401 354.500048 272.004076]
uav_gains = [5.993435e-13 2.802638e-11 3.860397e-13 8.969722e-13 2.088374e-12 6.812551e-12 2.190890e-11 1.024657e-12 3.703324e-12 1.450869e-11]
dists_bs = [340.749381 919.166055 385.073262 998.067866 890.828945 826.728147 684.567724 357.179491 706.561922 956.889648]
bs_gains = [3.714220e-11 2.678098e-12 2.686152e-11 2.153011e-12 2.909816e-12 3.546576e-12 5.847457e-12 3.278470e-11 5.377401e-12 2.407336e-12]
At round 6 optimal eta: 0.2891023480864344
At round 6 optimal freqs: [4.742216e+07 9.827069e+07 6.236903e+07 1.848258e+08 1.010440e+08 1.124478e+08 1.266259e+08 5.089000e+07 7.972739e+07 1.003839e+08]
At round 6 optimal decs: [0 0 0 0 0 0 0 0 0 0]
At round 6 optimal powers: [7.539875e-05 8.408978e-04 1.407719e-04 2.610798e-03 8.368268e-04 9.093301e-04 8.762925e-04 8.634327e-05 4.263225e-04 9.132699e-04]
At round 6 t_co: [0.392145 0.46598  0.312744 0.237119 0.437704 0.351982 0.25237  0.388891 0.459339 0.475116]
At round 6 e_co: [2.956723e-05 3.918416e-04 4.402549e-05 6.190703e-04 3.662825e-04 3.200674e-04 2.211504e-04 3.357812e-05 1.958265e-04 4.339090e-04]
At round 6 t_cp: [0.200801 0.107519 0.267711 0.355708 0.145879 0.236649 0.346132 0.22813  0.13089  0.098758]
At round 6 e_cp: [2.141463e-06 1.020371e-05 6.494909e-06 2.245849e-04 1.504958e-05 3.364783e-05 7.027635e-05 3.006630e-06 6.633308e-06 9.990039e-06]
At round 6 average t_co: 0.4751158677982819 average t_cp: 0.3557075514735727 t: 0.6170210449980682
At round 6 average e_co: 0.002655318566101461 average e_cp: 0.00038202873518242467 e: 0.003037347301283886
At round 6 a_n: 17.745255783340777
At round 6 local rounds: 13.044428185572668
At round 6 global rounds: 24.961758891135474
At round 6 tau: 11.35642630912035
At round 6 accuracy: 0.8255813953488372
At round 6 training accuracy: 0.8147268408551069
At round 6 training loss: 0.42339672959178853
At round 6 test loss: 0.5591540299890231
gradient difference: 0.7792574167251587
ground = 7 remain_eps = 0.009658542889365124	remain_tau = 10.739405264122281
update_location
xs = [-258.221111  378.221111 -363.221111 -322.452832 -172.452832  -72.452832  372.452832 -158.221111  472.452832  403.221111]
ys = [-278.221111  333.221111 -378.221111  441.223442  371.223442  321.223442   73.776558 -178.221111   23.776558  363.221111]
dists_uav = [684.244739 233.627448 827.699534 576.104828 414.233801 307.370674 247.227172 544.887528 350.33439  267.975944]
uav_gains = [6.082864e-13 2.993202e-11 3.907711e-13 9.131713e-13 2.153180e-12 7.319753e-12 2.357265e-11 1.044491e-12 3.889067e-12 1.573914e-11]
dists_bs = [340.38804  915.045698 383.092252 994.925825 888.127392 824.41334  684.061877 358.574362 705.374767 952.752828]
bs_gains = [3.724677e-11 2.710174e-12 2.723119e-11 2.171077e-12 2.933331e-12 3.573027e-12 5.858923e-12 3.244782e-11 5.401418e-12 2.435134e-12]
At round 7 optimal eta: 0.2891023480864344
At round 7 optimal freqs: [4.742216e+07 9.827069e+07 6.236903e+07 1.848258e+08 1.010440e+08 1.124478e+08 1.266259e+08 5.089000e+07 7.972739e+07 1.003839e+08]
At round 7 optimal decs: [0 0 0 0 0 0 0 0 0 0]
At round 7 optimal powers: [7.539875e-05 8.408978e-04 1.407719e-04 2.610798e-03 8.368268e-04 9.093301e-04 8.762925e-04 8.634327e-05 4.263225e-04 9.132699e-04]
At round 7 t_co: [0.39129  0.461531 0.309642 0.235805 0.434911 0.350014 0.252034 0.392017 0.457697 0.470723]
At round 7 e_co: [2.950281e-05 3.881007e-04 4.358888e-05 6.156400e-04 3.639453e-04 3.182783e-04 2.208556e-04 3.384804e-05 1.951263e-04 4.298974e-04]
At round 7 t_cp: [0.200801 0.107519 0.267711 0.355708 0.145879 0.236649 0.346132 0.22813  0.13089  0.098758]
At round 7 e_cp: [2.141463e-06 1.020371e-05 6.494909e-06 2.245849e-04 1.504958e-05 3.364783e-05 7.027635e-05 3.006630e-06 6.633308e-06 9.990039e-06]
At round 7 average t_co: 0.4707233266181945 average t_cp: 0.3557075514735727 t: 0.620147147961726
At round 7 average e_co: 0.002638783458820122 average e_cp: 0.00038202873518242467 e: 0.0030208121940025466
At round 7 a_n: 17.745255783340777
At round 7 local rounds: 13.044428185572668
At round 7 global rounds: 24.961758891135474
At round 7 tau: 10.739405264122281
At round 7 accuracy: 0.8302325581395349
At round 7 training accuracy: 0.8200712589073634
At round 7 training loss: 0.3955829735824681
At round 7 test loss: 0.5149493297164928
gradient difference: 0.7678987979888916
ground = 8 remain_eps = 0.013354058414042125	remain_tau = 10.119258116160555
update_location
xs = [-255.109841  375.109841 -360.109841 -318.517523 -168.517523  -68.517523  368.517523 -155.109841  468.517523  400.109841]
ys = [-275.109841  330.109841 -375.109841  439.255362  369.255362  319.255362   75.744638 -175.109841   25.744638  360.109841]
dists_uav = [679.896112 229.755596 823.333928 571.780845 409.978448 303.238004 243.326458 540.568947 346.174531 263.959687]
uav_gains = [6.174244e-13 3.189260e-11 3.955862e-13 9.298121e-13 2.221705e-12 7.881217e-12 2.530755e-11 1.064915e-12 4.091804e-12 1.706130e-11]
dists_bs = [340.083247 910.927956 381.151741 991.793349 885.439462 822.115563 683.583976 360.017608 704.213102 948.618376]
bs_gains = [3.733530e-11 2.742760e-12 2.760013e-11 2.189295e-12 2.956988e-12 3.599552e-12 5.869783e-12 3.210426e-11 5.425062e-12 2.463361e-12]
At round 8 optimal eta: 0.2891023480864344
At round 8 optimal freqs: [4.742216e+07 9.827069e+07 6.236903e+07 1.848258e+08 1.010440e+08 1.124478e+08 1.266259e+08 5.089000e+07 7.972739e+07 1.003839e+08]
At round 8 optimal decs: [0 0 0 0 0 0 0 0 0 0]
At round 8 optimal powers: [7.539875e-05 8.408978e-04 1.407719e-04 2.610798e-03 8.368268e-04 9.093301e-04 8.762925e-04 8.634327e-05 4.263225e-04 9.132699e-04]
At round 8 t_co: [0.390571 0.457117 0.306627 0.234501 0.432146 0.348069 0.251717 0.395272 0.456094 0.466363]
At round 8 e_co: [2.944855e-05 3.843886e-04 4.316448e-05 6.122355e-04 3.616310e-04 3.165100e-04 2.205774e-04 3.412904e-05 1.944430e-04 4.259156e-04]
At round 8 t_cp: [0.200801 0.107519 0.267711 0.355708 0.145879 0.236649 0.346132 0.22813  0.13089  0.098758]
At round 8 e_cp: [2.141463e-06 1.020371e-05 6.494909e-06 2.245849e-04 1.504958e-05 3.364783e-05 7.027635e-05 3.006630e-06 6.633308e-06 9.990039e-06]
At round 8 average t_co: 0.4663633141240349 average t_cp: 0.3557075514735727 t: 0.6234016153238453
At round 8 average e_co: 0.0026224431262045042 average e_cp: 0.00038202873518242467 e: 0.003004471861386929
At round 8 a_n: 17.745255783340777
At round 8 local rounds: 13.044428185572668
At round 8 global rounds: 24.961758891135474
At round 8 tau: 10.119258116160555
At round 8 accuracy: 0.8302325581395349
At round 8 training accuracy: 0.8254156769596199
At round 8 training loss: 0.36764605695990843
At round 8 test loss: 0.5356327560001104
gradient difference: 0.7701321244239807
ground = 9 remain_eps = 0.018463538255030863	remain_tau = 9.49585650083671
update_location
xs = [-251.998571  371.998571 -356.998571 -314.582213 -164.582213  -64.582213  364.582213 -151.998571  464.582213  396.998571]
ys = [-271.998571  326.998571 -371.998571  437.287282  367.287282  317.287282   77.712718 -171.998571   27.712718  356.998571]
dists_uav = [675.54815  225.903083 818.968691 567.458031 405.726181 299.11296  239.443053 536.251689 342.020681 259.955853]
uav_gains = [6.267633e-13 3.390495e-11 4.004872e-13 9.469116e-13 2.294290e-12 8.502336e-12 2.710795e-11 1.085957e-12 4.313569e-12 1.847419e-11]
dists_bs = [339.835153 906.812866 379.252351 988.670531 882.765277 819.834962 683.134082 361.508648 703.077055 944.486325]
bs_gains = [3.740757e-11 2.775867e-12 2.796795e-11 2.207668e-12 2.980785e-12 3.626148e-12 5.880033e-12 3.175455e-11 5.448322e-12 2.492023e-12]
At round 9 optimal eta: 0.2891023480864344
At round 9 optimal freqs: [4.742216e+07 9.827069e+07 6.236903e+07 1.848258e+08 1.010440e+08 1.124478e+08 1.266259e+08 5.089000e+07 7.972739e+07 1.003839e+08]
At round 9 optimal decs: [0 0 0 0 0 0 0 0 0 0]
At round 9 optimal powers: [7.539875e-05 8.408978e-04 1.407719e-04 2.610798e-03 8.368268e-04 9.093301e-04 8.762925e-04 8.634327e-05 4.263225e-04 9.132699e-04]
At round 9 t_co: [0.389986 0.452737 0.303699 0.233207 0.429407 0.346148 0.251418 0.398655 0.45453  0.462036]
At round 9 e_co: [2.940444e-05 3.807052e-04 4.275221e-05 6.088567e-04 3.593395e-04 3.147624e-04 2.203158e-04 3.442119e-05 1.937764e-04 4.219633e-04]
At round 9 t_cp: [0.200801 0.107519 0.267711 0.355708 0.145879 0.236649 0.346132 0.22813  0.13089  0.098758]
At round 9 e_cp: [2.141463e-06 1.020371e-05 6.494909e-06 2.245849e-04 1.504958e-05 3.364783e-05 7.027635e-05 3.006630e-06 6.633308e-06 9.990039e-06]
At round 9 average t_co: 0.46203571363103974 average t_cp: 0.3557075514735727 t: 0.6267852349851619
At round 9 average e_co: 0.0026062970182665155 average e_cp: 0.00038202873518242467 e: 0.00298832575344894
At round 9 a_n: 17.745255783340777
At round 9 local rounds: 13.044428185572668
At round 9 global rounds: 24.961758891135474
At round 9 tau: 9.49585650083671
At round 9 accuracy: 0.8325581395348837
At round 9 training accuracy: 0.830166270783848
At round 9 training loss: 0.34172679056588234
At round 9 test loss: 0.6239447654990206
gradient difference: 0.7143470048904419
ground = 10 remain_eps = 0.02552798814602465	remain_tau = 8.869071265851549
update_location
xs = [-248.887302  368.887302 -353.887302 -310.646903 -160.646903  -60.646903  360.646903 -148.887302  460.646903  393.887302]
ys = [-268.887302  323.887302 -368.887302  435.319203  365.319203  315.319203   79.680797 -168.887302   29.680797  353.887302]
dists_uav = [671.200867 222.070917 814.603828 563.136412 401.477097 294.995862 235.577813 531.935788 337.873064 255.965027]
uav_gains = [6.363090e-13 3.596731e-11 4.054759e-13 9.644881e-13 2.371314e-12 9.188644e-12 2.896842e-11 1.107644e-12 4.556644e-12 1.997543e-11]
dists_bs = [339.643884 902.700464 377.394703 985.557461 880.104965 817.571678 682.71225  363.046895 701.966749 940.356704]
bs_gains = [3.746342e-11 2.809505e-12 2.833425e-11 2.226196e-12 3.004721e-12 3.652810e-12 5.889666e-12 3.139925e-11 5.471189e-12 2.521129e-12]
At round 10 optimal eta: 0.2891023480864344
At round 10 optimal freqs: [4.742216e+07 9.827069e+07 6.236903e+07 1.848258e+08 1.010440e+08 1.124478e+08 1.266259e+08 5.089000e+07 7.972739e+07 1.003839e+08]
At round 10 optimal decs: [0 0 0 0 0 0 0 0 0 0]
At round 10 optimal powers: [7.539875e-05 8.408978e-04 1.407719e-04 2.610798e-03 8.368268e-04 9.093301e-04 8.762925e-04 8.634327e-05 4.263225e-04 9.132699e-04]
At round 10 t_co: [0.389535 0.44839  0.300855 0.231923 0.426696 0.344248 0.251138 0.402169 0.453006 0.45774 ]
At round 10 e_co: [2.937047e-05 3.770504e-04 4.235198e-05 6.055034e-04 3.570706e-04 3.130354e-04 2.200707e-04 3.472456e-05 1.931265e-04 4.180405e-04]
At round 10 t_cp: [0.200801 0.107519 0.267711 0.355708 0.145879 0.236649 0.346132 0.22813  0.13089  0.098758]
At round 10 e_cp: [2.141463e-06 1.020371e-05 6.494909e-06 2.245849e-04 1.504958e-05 3.364783e-05 7.027635e-05 3.006630e-06 6.633308e-06 9.990039e-06]
At round 10 average t_co: 0.4577404081992437 average t_cp: 0.3557075514735727 t: 0.6302988195981659
At round 10 average e_co: 0.0025903445941790806 average e_cp: 0.00038202873518242467 e: 0.0029723733293615046
At round 10 a_n: 17.745255783340777
At round 10 local rounds: 13.044428185572668
At round 10 global rounds: 24.961758891135474
At round 10 tau: 8.869071265851549
At round 10 accuracy: 0.8302325581395349
At round 10 training accuracy: 0.830166270783848
At round 10 training loss: 0.3376604551574774
At round 10 test loss: 0.6444773488555307
gradient difference: 0.841897189617157
ground = 11 remain_eps = 0.03529541140934937	remain_tau = 8.238772446253384
update_location
xs = [-245.776032  365.776032 -350.776032 -306.711594 -156.711594  -56.711594  356.711594 -145.776032  456.711594  390.776032]
ys = [-265.776032  320.776032 -365.776032  433.351123  363.351123  313.351123   81.648877 -165.776032   31.648877  350.776032]
dists_uav = [666.854275 218.260169 810.239345 558.816017 397.2313   290.887048 231.731648 527.621276 333.73191  251.987827]
uav_gains = [6.460678e-13 3.807952e-11 4.105546e-13 9.825607e-13 2.453205e-12 9.945680e-12 3.088417e-11 1.130005e-12 4.823588e-12 2.156136e-11]
dists_bs = [339.509536 898.590786 375.579417 982.454233 877.458651 815.325858 682.318531 364.631749 700.882307 936.229546]
bs_gains = [3.750272e-11 2.843684e-12 2.869861e-11 2.244879e-12 3.028795e-12 3.679534e-12 5.898676e-12 3.103889e-11 5.493651e-12 2.550688e-12]
At round 11 optimal eta: 0.2891023480864344
At round 11 optimal freqs: [4.742216e+07 9.827069e+07 6.236903e+07 1.848258e+08 1.010440e+08 1.124478e+08 1.266259e+08 5.089000e+07 7.972739e+07 1.003839e+08]
At round 11 optimal decs: [0 0 0 0 0 0 0 0 0 0]
At round 11 optimal powers: [7.539875e-05 8.408978e-04 1.407719e-04 2.610798e-03 8.368268e-04 9.093301e-04 8.762925e-04 8.634327e-05 4.263225e-04 9.132699e-04]
At round 11 t_co: [0.389219 0.444078 0.298097 0.230648 0.424012 0.342372 0.250878 0.405813 0.451521 0.453477]
At round 11 e_co: [2.934663e-05 3.734241e-04 4.196372e-05 6.021757e-04 3.548243e-04 3.113290e-04 2.198421e-04 3.503923e-05 1.924934e-04 4.141471e-04]
At round 11 t_cp: [0.200801 0.107519 0.267711 0.355708 0.145879 0.236649 0.346132 0.22813  0.13089  0.098758]
At round 11 e_cp: [2.141463e-06 1.020371e-05 6.494909e-06 2.245849e-04 1.504958e-05 3.364783e-05 7.027635e-05 3.006630e-06 6.633308e-06 9.990039e-06]
At round 11 average t_co: 0.45347728063317055 average t_cp: 0.3557075514735727 t: 0.6339432060802105
At round 11 average e_co: 0.002574585322307907 average e_cp: 0.00038202873518242467 e: 0.0029566140574903317
At round 11 a_n: 17.745255783340777
At round 11 local rounds: 13.044428185572668
At round 11 global rounds: 24.961758891135474
At round 11 tau: 8.238772446253384
At round 11 accuracy: 0.8348837209302326
At round 11 training accuracy: 0.8378859857482185
At round 11 training loss: 0.3083637204667168
At round 11 test loss: 0.4960562333710087
gradient difference: 0.7054778337478638
ground = 12 remain_eps = 0.048800009598454284	remain_tau = 7.604829240173173
update_location
xs = [-242.664762  362.664762 -347.664762 -302.776284 -152.776284  -52.776284  352.776284 -142.664762  452.776284  387.664762]
ys = [-262.664762  317.664762 -362.664762  431.383043  361.383043  311.383043   83.616957 -162.664762   33.616957  347.664762]
dists_uav = [662.508388 214.471981 805.875249 554.496873 392.988895 286.786873 227.905523 523.308188 329.597464 248.024907]
uav_gains = [6.560460e-13 4.024299e-11 4.157252e-13 1.001150e-12 2.540443e-12 1.077883e-11 3.285137e-11 1.153071e-12 5.117258e-12 2.322731e-11]
dists_bs = [339.432176 894.483869 373.807108 979.36094  874.826463 813.097644 681.952974 366.262607 699.823849 932.104885]
bs_gains = [3.752538e-11 2.878415e-12 2.906060e-11 2.263717e-12 3.053005e-12 3.706315e-12 5.907059e-12 3.067398e-11 5.515697e-12 2.580708e-12]
At round 12 optimal eta: 0.2891023480864344
At round 12 optimal freqs: [4.742216e+07 9.827069e+07 6.236903e+07 1.848258e+08 1.010440e+08 1.124478e+08 1.266259e+08 5.089000e+07 7.972739e+07 1.003839e+08]
At round 12 optimal decs: [0 0 0 0 0 0 0 0 0 0]
At round 12 optimal powers: [7.539875e-05 8.408978e-04 1.407719e-04 2.610798e-03 8.368268e-04 9.093301e-04 8.762925e-04 8.634327e-05 4.263225e-04 9.132699e-04]
At round 12 t_co: [0.389037 0.439799 0.295424 0.229383 0.421354 0.340518 0.250636 0.409589 0.450075 0.449246]
At round 12 e_co: [2.933290e-05 3.698263e-04 4.158736e-05 5.988734e-04 3.526004e-04 3.096430e-04 2.196301e-04 3.536527e-05 1.918769e-04 4.102830e-04]
At round 12 t_cp: [0.200801 0.107519 0.267711 0.355708 0.145879 0.236649 0.346132 0.22813  0.13089  0.098758]
At round 12 e_cp: [2.141463e-06 1.020371e-05 6.494909e-06 2.245849e-04 1.504958e-05 3.364783e-05 7.027635e-05 3.006630e-06 6.633308e-06 9.990039e-06]
At round 12 average t_co: 0.4500745530878703 average t_cp: 0.3557075514735727 t: 0.6377192551151839
At round 12 average e_co: 0.002559018680239413 average e_cp: 0.00038202873518242467 e: 0.0029410474154218376
At round 12 a_n: 17.745255783340777
At round 12 local rounds: 13.044428185572668
At round 12 global rounds: 24.961758891135474
At round 12 tau: 7.604829240173173
At round 12 accuracy: 0.8372093023255814
At round 12 training accuracy: 0.836104513064133
At round 12 training loss: 0.3035554236802475
At round 12 test loss: 0.541246693558962
gradient difference: 0.5859715938568115
ground = 13 remain_eps = 0.06747168659375401	remain_tau = 6.96710998505799
update_location
xs = [-239.553492  359.553492 -344.553492 -298.840974 -148.840974  -48.840974  348.840974 -139.553492  448.840974  384.553492]
ys = [-259.553492  314.553492 -359.553492  429.414963  359.414963  309.414963   85.585037 -159.553492   35.585037  344.553492]
dists_uav = [658.16322  210.707569 801.511545 550.179011 388.749993 282.695713 224.100464 518.996558 325.469982 244.076963]
uav_gains = [6.662505e-13 4.246075e-11 4.209901e-13 1.020276e-12 2.633567e-12 1.169311e-11 3.486749e-11 1.176877e-12 5.440831e-12 2.496790e-11]
dists_bs = [339.411842 890.379753 372.078393 976.277677 872.208527 810.887183 681.615625 367.938856 698.791494 927.982753]
bs_gains = [3.753134e-11 2.913708e-12 2.941977e-11 2.282712e-12 3.077348e-12 3.733150e-12 5.914810e-12 3.030505e-11 5.537317e-12 2.611198e-12]
At round 13 optimal eta: 0.2891023480864344
At round 13 optimal freqs: [4.742216e+07 9.827069e+07 6.236903e+07 1.848258e+08 1.010440e+08 1.124478e+08 1.266259e+08 5.089000e+07 7.972739e+07 1.003839e+08]
At round 13 optimal decs: [0 0 0 0 0 0 0 0 0 0]
At round 13 optimal powers: [7.539875e-05 8.408978e-04 1.407719e-04 2.610798e-03 8.368268e-04 9.093301e-04 8.762925e-04 8.634327e-05 4.263225e-04 9.132699e-04]
At round 13 t_co: [0.388989 0.435554 0.292834 0.228128 0.418723 0.338686 0.250412 0.413498 0.448667 0.445047]
At round 13 e_co: [2.932930e-05 3.662567e-04 4.122281e-05 5.955965e-04 3.503990e-04 3.079774e-04 2.194346e-04 3.570275e-05 1.912770e-04 4.064481e-04]
At round 13 t_cp: [0.200801 0.107519 0.267711 0.355708 0.145879 0.236649 0.346132 0.22813  0.13089  0.098758]
At round 13 e_cp: [2.141463e-06 1.020371e-05 6.494909e-06 2.245849e-04 1.504958e-05 3.364783e-05 7.027635e-05 3.006630e-06 6.633308e-06 9.990039e-06]
At round 13 average t_co: 0.4486674643544375 average t_cp: 0.3557075514735727 t: 0.6416278506445845
At round 13 average e_co: 0.0025436441548048615 average e_cp: 0.00038202873518242467 e: 0.0029256728899872864
At round 13 a_n: 17.745255783340777
At round 13 local rounds: 13.044428185572668
At round 13 global rounds: 24.961758891135474
At round 13 tau: 6.96710998505799
At round 13 accuracy: 0.8418604651162791
At round 13 training accuracy: 0.8438242280285035
At round 13 training loss: 0.28066149252162315
At round 13 test loss: 0.44966935505151984
gradient difference: 0.6814139485359192
ground = 14 remain_eps = 0.09328745074570559	remain_tau = 6.325482134413405
update_location
xs = [-236.442222  356.442222 -341.442222 -294.905665 -144.905665  -44.905665  344.905665 -136.442222  444.905665  381.442222]
ys = [-256.442222  311.442222 -356.442222  427.446884  357.446884  307.446884   87.553116 -156.442222   37.553116  341.442222]
dists_uav = [653.818786 206.968232 797.148239 545.862461 384.514712 278.613966 220.317563 514.686425 321.349732 240.144734]
uav_gains = [6.766881e-13 4.473726e-11 4.263515e-13 1.039963e-12 2.733186e-12 1.269297e-11 3.693140e-11 1.201456e-12 5.797816e-12 2.677742e-11]
dists_bs = [339.448546 886.278477 370.39388  973.204538 869.604974 808.69462  681.306526 369.65988  697.785356 923.863184]
bs_gains = [3.752058e-11 2.949575e-12 2.977566e-11 2.301864e-12 3.101824e-12 3.760031e-12 5.921923e-12 2.993260e-11 5.558500e-12 2.642167e-12]
At round 14 optimal eta: 0.2891023480864344
At round 14 optimal freqs: [4.742216e+07 9.827069e+07 6.236903e+07 1.848258e+08 1.010440e+08 1.124478e+08 1.266259e+08 5.089000e+07 7.972739e+07 1.003839e+08]
At round 14 optimal decs: [0 0 0 0 0 0 0 0 0 0]
At round 14 optimal powers: [7.539875e-05 8.408978e-04 1.407719e-04 2.610798e-03 8.368268e-04 9.093301e-04 8.762925e-04 8.634327e-05 4.263225e-04 9.132699e-04]
At round 14 t_co: [0.389076 0.431343 0.290328 0.226883 0.416119 0.336877 0.250208 0.41754  0.447299 0.44088 ]
At round 14 e_co: [2.933581e-05 3.627153e-04 4.087000e-05 5.923449e-04 3.482199e-04 3.063321e-04 2.192555e-04 3.605175e-05 1.906937e-04 4.026422e-04]
At round 14 t_cp: [0.200801 0.107519 0.267711 0.355708 0.145879 0.236649 0.346132 0.22813  0.13089  0.098758]
At round 14 e_cp: [2.141463e-06 1.020371e-05 6.494909e-06 2.245849e-04 1.504958e-05 3.364783e-05 7.027635e-05 3.006630e-06 6.633308e-06 9.990039e-06]
At round 14 average t_co: 0.4472992557682849 average t_cp: 0.3557075514735727 t: 0.6456698993488872
At round 14 average e_co: 0.0025284612421006937 average e_cp: 0.00038202873518242467 e: 0.002910489977283118
At round 14 a_n: 17.745255783340777
At round 14 local rounds: 13.044428185572668
At round 14 global rounds: 24.961758891135474
At round 14 tau: 6.325482134413405
At round 14 accuracy: 0.8441860465116279
At round 14 training accuracy: 0.8414489311163895
At round 14 training loss: 0.28260289669709365
At round 14 test loss: 0.44521285065543625
gradient difference: 0.5944370031356812
ground = 15 remain_eps = 0.12898074593911305	remain_tau = 5.679812235064517
update_location
xs = [-233.330952  353.330952 -338.330952 -290.970355 -140.970355  -40.970355  340.970355 -133.330952  440.970355  378.330952]
ys = [-253.330952  308.330952 -353.330952  425.478804  355.478804  305.478804   89.521196 -153.330952   39.521196  338.330952]
dists_uav = [649.4751   203.255352 792.78534  541.547254 380.28317  274.542051 216.557981 510.377825 317.236995 236.229005]
uav_gains = [6.873662e-13 4.707832e-11 4.318116e-13 1.060235e-12 2.839986e-12 1.378204e-11 3.904353e-11 1.226848e-12 6.192067e-12 2.865035e-11]
dists_bs = [339.542269 882.180078 368.754177 970.141621 867.015931 806.520101 681.025714 371.425055 696.80555  919.746212]
bs_gains = [3.749314e-11 2.986028e-12 3.012781e-11 2.321173e-12 3.126431e-12 3.786956e-12 5.928396e-12 2.955710e-11 5.579237e-12 2.673624e-12]
At round 15 optimal eta: 0.2891023480864344
At round 15 optimal freqs: [4.742216e+07 9.827069e+07 6.236903e+07 1.848258e+08 1.010440e+08 1.124478e+08 1.266259e+08 5.089000e+07 7.972739e+07 1.003839e+08]
At round 15 optimal decs: [0 0 0 0 0 0 0 0 0 0]
At round 15 optimal powers: [7.539875e-05 8.408978e-04 1.407719e-04 2.610798e-03 8.368268e-04 9.093301e-04 8.762925e-04 8.634327e-05 4.263225e-04 9.132699e-04]
At round 15 t_co: [0.389296 0.427165 0.287905 0.225647 0.413542 0.33509  0.250023 0.421716 0.44597  0.436744]
At round 15 e_co: [2.935244e-05 3.592020e-04 4.052887e-05 5.891184e-04 3.460631e-04 3.047070e-04 2.190930e-04 3.641236e-05 1.901270e-04 3.988653e-04]
At round 15 t_cp: [0.200801 0.107519 0.267711 0.355708 0.145879 0.236649 0.346132 0.22813  0.13089  0.098758]
At round 15 e_cp: [2.141463e-06 1.020371e-05 6.494909e-06 2.245849e-04 1.504958e-05 3.364783e-05 7.027635e-05 3.006630e-06 6.633308e-06 9.990039e-06]
At round 15 average t_co: 0.4459698352922202 average t_cp: 0.3557075514735727 t: 0.6498463301200923
At round 15 average e_co: 0.002513469447505082 average e_cp: 0.00038202873518242467 e: 0.0028954981826875073
At round 15 a_n: 17.745255783340777
At round 15 local rounds: 13.044428185572668
At round 15 global rounds: 24.961758891135474
At round 15 tau: 5.679812235064517
At round 15 accuracy: 0.8441860465116279
At round 15 training accuracy: 0.8473871733966746
At round 15 training loss: 0.266591675711688
At round 15 test loss: 0.43173032768734904
gradient difference: 0.664520263671875
ground = 16 remain_eps = 0.17833087612564924	remain_tau = 5.029965904944425
update_location
xs = [-230.219683  350.219683 -335.219683 -287.035045 -137.035045  -37.035045  337.035045 -130.219683  437.035045  375.219683]
ys = [-250.219683  305.219683 -350.219683  423.510724  353.510724  303.510724   91.489276 -150.219683   41.489276  335.219683]
dists_uav = [645.132177 199.570407 788.422853 537.233423 376.055495 270.480413 212.822954 506.070798 313.132067 232.33061 ]
uav_gains = [6.982923e-13 4.949082e-11 4.373731e-13 1.081116e-12 2.954744e-12 1.496291e-11 4.120582e-11 1.253094e-12 6.627782e-12 3.058171e-11]
dists_bs = [339.692963 878.084599 367.159882 967.089021 864.441531 804.363773 680.773226 373.233755 695.852187 915.631874]
bs_gains = [3.744908e-11 3.023077e-12 3.047574e-11 2.340639e-12 3.151165e-12 3.813919e-12 5.934225e-12 2.917905e-11 5.599516e-12 2.705579e-12]
At round 16 optimal eta: 0.2891023480864344
At round 16 optimal freqs: [4.742216e+07 9.827069e+07 6.236903e+07 1.848258e+08 1.010440e+08 1.124478e+08 1.266259e+08 5.089000e+07 7.972739e+07 1.003839e+08]
At round 16 optimal decs: [0 0 0 0 0 0 0 0 0 0]
At round 16 optimal powers: [7.539875e-05 8.408978e-04 1.407719e-04 2.610798e-03 8.368268e-04 9.093301e-04 8.762925e-04 8.634327e-05 4.263225e-04 9.132699e-04]
At round 16 t_co: [0.389651 0.42302  0.285564 0.224421 0.410991 0.333325 0.249856 0.426028 0.444679 0.43264 ]
At round 16 e_co: [2.937918e-05 3.557167e-04 4.019934e-05 5.859170e-04 3.439284e-04 3.031022e-04 2.189469e-04 3.678465e-05 1.895767e-04 3.951172e-04]
At round 16 t_cp: [0.200801 0.107519 0.267711 0.355708 0.145879 0.236649 0.346132 0.22813  0.13089  0.098758]
At round 16 e_cp: [2.141463e-06 1.020371e-05 6.494909e-06 2.245849e-04 1.504958e-05 3.364783e-05 7.027635e-05 3.006630e-06 6.633308e-06 9.990039e-06]
At round 16 average t_co: 0.4446791132279623 average t_cp: 0.3557075514735727 t: 0.6541580935263991
At round 16 average e_co: 0.0024986682856907388 average e_cp: 0.00038202873518242467 e: 0.002880697020873163
At round 16 a_n: 17.745255783340777
At round 16 local rounds: 13.044428185572668
At round 16 global rounds: 24.961758891135474
At round 16 tau: 5.029965904944425
At round 16 accuracy: 0.8465116279069768
At round 16 training accuracy: 0.8491686460807601
At round 16 training loss: 0.25799486152237827
At round 16 test loss: 0.42351490829751404
gradient difference: 0.5846930146217346
ground = 17 remain_eps = 0.24656316838758346	remain_tau = 4.375807811418026
update_location
xs = [-227.108413  347.108413 -332.108413 -283.099736 -133.099736  -33.099736  333.099736 -127.108413  433.099736  372.108413]
ys = [-247.108413  302.108413 -347.108413  421.542645  351.542645  301.542645   93.457355 -147.108413   43.457355  332.108413]
dists_uav = [640.790032 195.914973 784.060785 532.921    371.831818 266.429521 209.113798 501.765384 309.03526  228.450437]
uav_gains = [7.094743e-13 5.198259e-11 4.430382e-13 1.102635e-12 3.078335e-12 1.623692e-11 4.342164e-11 1.280237e-12 7.109486e-12 3.256752e-11]
dists_bs = [339.900553 873.99208  365.611591 964.046838 861.881903 802.225781 680.549092 375.085352 694.925376 911.520204]
bs_gains = [3.738850e-11 3.060735e-12 3.081894e-11 2.360263e-12 3.176025e-12 3.840913e-12 5.939405e-12 2.879889e-11 5.619328e-12 2.738040e-12]
At round 17 optimal eta: 0.2891023480864344
At round 17 optimal freqs: [4.742216e+07 9.827069e+07 6.236903e+07 1.848258e+08 1.010440e+08 1.124478e+08 1.266259e+08 5.089000e+07 7.972739e+07 1.003839e+08]
At round 17 optimal decs: [0 0 0 0 0 0 0 0 0 0]
At round 17 optimal powers: [7.539875e-05 8.408978e-04 1.407719e-04 2.610798e-03 8.368268e-04 9.093301e-04 8.762925e-04 8.634327e-05 4.263225e-04 9.132699e-04]
At round 17 t_co: [0.39014  0.418908 0.283305 0.223204 0.408467 0.331582 0.249708 0.430476 0.443427 0.428568]
At round 17 e_co: [2.941606e-05 3.522592e-04 3.988134e-05 5.827407e-04 3.418157e-04 3.015174e-04 2.188173e-04 3.716871e-05 1.890429e-04 3.913979e-04]
At round 17 t_cp: [0.200801 0.107519 0.267711 0.355708 0.145879 0.236649 0.346132 0.22813  0.13089  0.098758]
At round 17 e_cp: [2.141463e-06 1.020371e-05 6.494909e-06 2.245849e-04 1.504958e-05 3.364783e-05 7.027635e-05 3.006630e-06 6.633308e-06 9.990039e-06]
At round 17 average t_co: 0.4434270022321779 average t_cp: 0.3557075514735727 t: 0.6586061612699312
At round 17 average e_co: 0.002484057280634005 average e_cp: 0.00038202873518242467 e: 0.00286608601581643
At round 17 a_n: 17.745255783340777
At round 17 local rounds: 13.044428185572668
At round 17 global rounds: 24.961758891135474
At round 17 tau: 4.375807811418026
At round 17 accuracy: 0.8488372093023255
At round 17 training accuracy: 0.8527315914489311
At round 17 training loss: 0.24362942907732107
At round 17 test loss: 0.42773324015131586
gradient difference: 0.5518170595169067
ground = 18 remain_eps = 0.340902244894988	remain_tau = 3.7172016501480947
update_location
xs = [-223.997143  343.997143 -328.997143 -279.164426 -129.164426  -29.164426  329.164426 -123.997143  429.164426  368.997143]
ys = [-243.997143  298.997143 -343.997143  419.574565  349.574565  299.574565   95.425435 -143.997143   45.425435  328.997143]
dists_uav = [636.448683 192.290732 779.699144 528.610021 367.612278 262.389873 205.431914 497.461625 304.946902 224.589429]
uav_gains = [7.209203e-13 5.456217e-11 4.488097e-13 1.124819e-12 3.211753e-12 1.760402e-11 4.569568e-11 1.308324e-12 7.642000e-12 3.460508e-11]
dists_bs = [340.164935 869.902563 364.109889 961.01517  859.337181 800.106273 680.353341 376.979211 694.025223 907.411238]
bs_gains = [3.731155e-11 3.099013e-12 3.115692e-11 2.380046e-12 3.201010e-12 3.867935e-12 5.943935e-12 2.841708e-11 5.638663e-12 2.771019e-12]
At round 18 optimal eta: 0.2891023480864344
At round 18 optimal freqs: [4.742216e+07 9.827069e+07 6.236903e+07 1.848258e+08 1.010440e+08 1.124478e+08 1.266259e+08 5.089000e+07 7.972739e+07 1.003839e+08]
At round 18 optimal decs: [0 0 0 0 0 0 0 0 0 0]
At round 18 optimal powers: [7.539875e-05 8.408978e-04 1.407719e-04 2.610798e-03 8.368268e-04 9.093301e-04 8.762925e-04 8.634327e-05 4.263225e-04 9.132699e-04]
At round 18 t_co: [0.390764 0.41483  0.281127 0.221997 0.405968 0.329861 0.249579 0.435061 0.442213 0.424526]
At round 18 e_co: [2.946308e-05 3.488294e-04 3.957482e-05 5.795893e-04 3.397251e-04 2.999527e-04 2.187042e-04 3.756463e-05 1.885255e-04 3.877072e-04]
At round 18 t_cp: [0.200801 0.107519 0.267711 0.355708 0.145879 0.236649 0.346132 0.22813  0.13089  0.098758]
At round 18 e_cp: [2.141463e-06 1.020371e-05 6.494909e-06 2.245849e-04 1.504958e-05 3.364783e-05 7.027635e-05 3.006630e-06 6.633308e-06 9.990039e-06]
At round 18 average t_co: 0.4422134173321357 average t_cp: 0.3557075514735727 t: 0.6631915256384802
At round 18 average e_co: 0.002469635965620284 average e_cp: 0.00038202873518242467 e: 0.0028516647008027087
At round 18 a_n: 17.745255783340777
At round 18 local rounds: 13.044428185572668
At round 18 global rounds: 24.961758891135474
At round 18 tau: 3.7172016501480947
At round 18 accuracy: 0.8511627906976744
At round 18 training accuracy: 0.8574821852731591
At round 18 training loss: 0.23582225979105972
At round 18 test loss: 0.4279020351383478
gradient difference: 0.6705729365348816
ground = 19 remain_eps = 0.47133698570810034	remain_tau = 3.0540101245096145
update_location
xs = [-220.885873  340.885873 -325.885873 -275.229116 -125.229116  -25.229116  325.229116 -120.885873  425.229116  365.885873]
ys = [-240.885873  295.885873 -340.885873  417.606485  347.606485  297.606485   97.393515 -140.885873   47.393515  325.885873]
dists_uav = [632.108144 188.699483 775.337935 524.300521 363.397019 258.361997 201.778794 493.159565 300.867335 220.748592]
uav_gains = [7.326390e-13 5.723867e-11 4.546901e-13 1.147700e-12 3.356119e-12 1.906274e-11 4.803377e-11 1.337406e-12 8.230387e-12 3.669319e-11]
dists_bs = [340.485976 865.81609  362.655357 957.994117 856.807496 798.005397 680.185996 378.914701 693.151832 903.305014]
bs_gains = [3.721839e-11 3.137925e-12 3.148917e-11 2.399988e-12 3.226115e-12 3.894979e-12 5.947811e-12 2.803404e-11 5.657510e-12 2.804525e-12]
At round 19 optimal eta: 0.2891023480864344
At round 19 optimal freqs: [4.742216e+07 9.827069e+07 6.236903e+07 1.848258e+08 1.010440e+08 1.124478e+08 1.266259e+08 5.089000e+07 7.972739e+07 1.003839e+08]
At round 19 optimal decs: [0 0 0 0 0 0 0 0 0 0]
At round 19 optimal powers: [7.539875e-05 8.408978e-04 1.407719e-04 2.610798e-03 8.368268e-04 9.093301e-04 8.762925e-04 8.634327e-05 4.263225e-04 9.132699e-04]
At round 19 t_co: [0.391522 0.410784 0.279031 0.2208   0.403496 0.328162 0.249469 0.439785 0.441038 0.420517]
At round 19 e_co: [2.952026e-05 3.454273e-04 3.927970e-05 5.764628e-04 3.376563e-04 2.984079e-04 2.186075e-04 3.797249e-05 1.880245e-04 3.840451e-04]
At round 19 t_cp: [0.200801 0.107519 0.267711 0.355708 0.145879 0.236649 0.346132 0.22813  0.13089  0.098758]
At round 19 e_cp: [2.141463e-06 1.020371e-05 6.494909e-06 2.245849e-04 1.504958e-05 3.364783e-05 7.027635e-05 3.006630e-06 6.633308e-06 9.990039e-06]
At round 19 average t_co: 0.44103827594097317 average t_cp: 0.3557075514735727 t: 0.6679151989522205
At round 19 average e_co: 0.0024554038832458407 average e_cp: 0.00038202873518242467 e: 0.002837432618428265
At round 19 a_n: 17.745255783340777
At round 19 local rounds: 13.044428185572668
At round 19 global rounds: 24.961758891135474
At round 19 tau: 3.0540101245096145
At round 19 accuracy: 0.8511627906976744
At round 19 training accuracy: 0.8562945368171021
At round 19 training loss: 0.24147551782777266
At round 19 test loss: 0.44010614546001414
gradient difference: 0.5054459571838379
ground = 20 remain_eps = 0.6516781787835748	remain_tau = 2.386094925557394
update_location
xs = [-217.774603  337.774603 -322.774603 -271.293807 -121.293807  -21.293807  321.293807 -117.774603  421.293807  362.774603]
ys = [-237.774603  292.774603 -337.774603  415.638405  345.638405  295.638405   99.361595 -137.774603   49.361595  322.774603]
dists_uav = [627.768434 185.143145 770.977168 519.992536 359.18619  254.346451 198.15603  488.859249 296.796924 216.928999]
uav_gains = [7.446392e-13 6.002154e-11 4.606821e-13 1.171309e-12 3.512704e-12 2.061020e-11 5.044265e-11 1.367538e-12 8.879867e-12 3.883230e-11]
dists_bs = [340.863516 861.732705 361.248562 954.983779 854.292983 795.923299 680.04708  380.891186 692.305303 899.201568]
bs_gains = [3.710925e-11 3.177483e-12 3.181517e-11 2.420088e-12 3.251340e-12 3.922038e-12 5.951031e-12 2.765019e-11 5.675861e-12 2.838568e-12]
At round 20 optimal eta: 0.2891023480864344
At round 20 optimal freqs: [4.742216e+07 9.827069e+07 6.236903e+07 1.848258e+08 1.010440e+08 1.124478e+08 1.266259e+08 5.089000e+07 7.972739e+07 1.003839e+08]
At round 20 optimal decs: [0 0 0 0 0 0 0 0 0 0]
At round 20 optimal powers: [7.539875e-05 8.408978e-04 1.407719e-04 2.610798e-03 8.368268e-04 9.093301e-04 8.762925e-04 8.634327e-05 4.263225e-04 9.132699e-04]
At round 20 t_co: [0.392415 0.406771 0.277015 0.219611 0.40105  0.326485 0.249377 0.444648 0.439901 0.416538]
At round 20 e_co: [2.958760e-05 3.420527e-04 3.899593e-05 5.733611e-04 3.356094e-04 2.968830e-04 2.185273e-04 3.839237e-05 1.875399e-04 3.804113e-04]
At round 20 t_cp: [0.200801 0.107519 0.267711 0.355708 0.145879 0.236649 0.346132 0.22813  0.13089  0.098758]
At round 20 e_cp: [2.141463e-06 1.020371e-05 6.494909e-06 2.245849e-04 1.504958e-05 3.364783e-05 7.027635e-05 3.006630e-06 6.633308e-06 9.990039e-06]
At round 20 average t_co: 0.4446481189814714 average t_cp: 0.3557075514735727 t: 0.6727782130063649
At round 20 average e_co: 0.0024413605854160594 average e_cp: 0.00038202873518242467 e: 0.002823389320598484
At round 20 a_n: 17.745255783340777
At round 20 local rounds: 13.044428185572668
At round 20 global rounds: 24.961758891135474
At round 20 tau: 2.386094925557394
At round 20 accuracy: 0.8534883720930233
At round 20 training accuracy: 0.8598574821852731
At round 20 training loss: 0.22526964943233643
At round 20 test loss: 0.4209610937401479
gradient difference: 0.5429636240005493
ground = 21 remain_eps = 0.9010208440669337	remain_tau = 1.7133167125510294
update_location
xs = [-214.663333  334.663333 -319.663333 -267.358497 -117.358497  -17.358497  317.358497 -114.663333  417.358497  359.663333]
ys = [-234.663333  289.663333 -334.663333  413.670326  343.670326  293.670326  101.329674 -134.663333   51.329674  319.663333]
dists_uav = [623.429568 181.623769 766.616849 515.686106 354.97995  250.34383  194.565318 484.560722 292.73605  213.13179 ]
uav_gains = [7.569304e-13 6.292042e-11 4.667887e-13 1.195684e-12 3.682948e-12 2.224232e-11 5.292983e-11 1.398779e-12 9.595711e-12 4.102448e-11]
dists_bs = [341.297368 857.652451 359.890067 951.984259 851.793775 793.860128 679.93661  382.908031 691.485737 895.10094 ]
bs_gains = [3.698437e-11 3.217700e-12 3.213442e-11 2.440347e-12 3.276681e-12 3.949108e-12 5.953594e-12 2.726592e-11 5.693705e-12 2.873159e-12]
At round 21 optimal eta: 0.2891023480864344
At round 21 optimal freqs: [4.742216e+07 9.827069e+07 6.236903e+07 1.848258e+08 1.010440e+08 1.124478e+08 1.266259e+08 5.089000e+07 7.972739e+07 1.003839e+08]
At round 21 optimal decs: [0 0 0 0 0 0 0 0 0 0]
At round 21 optimal powers: [7.539875e-05 8.408978e-04 1.407719e-04 2.610798e-03 8.368268e-04 9.093301e-04 8.762925e-04 8.634327e-05 4.263225e-04 9.132699e-04]
At round 21 t_co: [0.393443 0.40279  0.275079 0.218433 0.39863  0.32483  0.249304 0.449652 0.438803 0.41259 ]
At round 21 e_co: [2.966513e-05 3.387056e-04 3.872344e-05 5.702840e-04 3.335842e-04 2.953780e-04 2.184635e-04 3.882438e-05 1.870716e-04 3.768058e-04]
At round 21 t_cp: [0.200801 0.107519 0.267711 0.355708 0.145879 0.236649 0.346132 0.22813  0.13089  0.098758]
At round 21 e_cp: [2.141463e-06 1.020371e-05 6.494909e-06 2.245849e-04 1.504958e-05 3.364783e-05 7.027635e-05 3.006630e-06 6.633308e-06 9.990039e-06]
At round 21 average t_co: 0.4496515244858273 average t_cp: 0.3557075514735727 t: 0.6777816185107208
At round 21 average e_co: 0.002427505633340204 average e_cp: 0.00038202873518242467 e: 0.002809534368522629
At round 21 a_n: 17.745255783340777
At round 21 local rounds: 13.044428185572668
At round 21 global rounds: 24.961758891135474
At round 21 tau: 1.7133167125510294
At round 21 accuracy: 0.8558139534883721
At round 21 training accuracy: 0.8616389548693587
At round 21 training loss: 0.21968283786048326
At round 21 test loss: 0.4130204082141782
gradient difference: 0.6188468337059021
ground = 22 remain_eps = 1.2457660665552297	remain_tau = 1.0355350940403085
update_location
xs = [-211.552064  331.552064 -316.552064 -263.423187 -113.423187  -13.423187  313.423187 -111.552064  413.423187  356.552064]
ys = [-231.552064  286.552064 -331.552064  411.702246  341.702246  291.702246  103.297754 -131.552064   53.297754  316.552064]
dists_uav = [619.091566 178.143545 762.256986 511.381268 350.778464 246.354762 191.008465 480.264033 288.685115 209.358185]
uav_gains = [7.695221e-13 6.594504e-11 4.730126e-13 1.220859e-12 3.868478e-12 2.395405e-11 5.550334e-11 1.431193e-12 1.038309e-11 4.327341e-11]
dists_bs = [341.787317 853.575374 358.580418 948.995659 849.310008 791.816032 679.854598 384.964602 690.693229 891.003169]
bs_gains = [3.684404e-11 3.258589e-12 3.244637e-11 2.460766e-12 3.302136e-12 3.976181e-12 5.955497e-12 2.688162e-11 5.711034e-12 2.908309e-12]
Model saved in /Volumes/Research/code/fedcom-torch/models/mnist/s1
