Arguments:
	      dataset : mnist
	learning_rate : 0.01
	        model : mclr
	 model_params : (784, 10)
	        optim : 1
	      sce_idx : 1
	          tau : 15.0
['f_00000', 'f_00001', 'f_00002', 'f_00003', 'f_00004', 'f_00005', 'f_00006', 'f_00007', 'f_00008', 'f_00009']
10
dict_keys(['x', 'y'])
id = f_00000, model = <class 'flearn.models.mnist.mclr.Model'>, device = cpu, num_samples = 73
id = f_00001, model = <class 'flearn.models.mnist.mclr.Model'>, device = cpu, num_samples = 81
id = f_00002, model = <class 'flearn.models.mnist.mclr.Model'>, device = cpu, num_samples = 128
id = f_00003, model = <class 'flearn.models.mnist.mclr.Model'>, device = cpu, num_samples = 504
id = f_00004, model = <class 'flearn.models.mnist.mclr.Model'>, device = cpu, num_samples = 113
id = f_00005, model = <class 'flearn.models.mnist.mclr.Model'>, device = cpu, num_samples = 204
id = f_00006, model = <class 'flearn.models.mnist.mclr.Model'>, device = cpu, num_samples = 336
id = f_00007, model = <class 'flearn.models.mnist.mclr.Model'>, device = cpu, num_samples = 89
id = f_00008, model = <class 'flearn.models.mnist.mclr.Model'>, device = cpu, num_samples = 80
id = f_00009, model = <class 'flearn.models.mnist.mclr.Model'>, device = cpu, num_samples = 76
BaseFederated generated!
num_samples = [ 73  81 128 504 113 204 336  89  80  76]
msize = 300240
xs = [-280.  400. -385. -350. -200. -100.  400. -180.  500.  425.]
ys = [-300.  355. -400.  455.  385.  335.   60. -200.   10.  385.]
dists_uav = [714.702735 261.199158 858.268606 606.403331 444.100214 336.489227 274.954542 575.152154 379.605058 296.395007]
uav_gains = [5.494875e-13 1.802536e-11 3.593089e-13 8.081917e-13 1.762643e-12 4.643011e-12 1.366745e-11 9.167988e-13 2.857829e-12 8.947599e-12]
dists_bs = [ 344.093011  943.941206  397.775062 1017.116021  907.317475  840.966706  688.186021  349.857114  714.212853  981.758626]
bs_gains = [3.619341e-11 2.495838e-12 2.464796e-11 2.047806e-12 2.771778e-12 3.389665e-12 5.766337e-12 3.463460e-11 5.226094e-12 2.249096e-12]
v = 5.617977528089887 a_0 = 16.71676777513677
SystemModel __init__!
solve_bound_eta tau = 15.0
af = [0.049454 0.054873 0.086714 0.341434 0.076552 0.1382   0.227623 0.060293 0.054196 0.051486]
bf = [0.510943 0.838419 0.541452 0.879632 0.818055 0.781548 0.698886 0.514264 0.712872 0.859626]
tmp = [-1.744121e-125 -2.265499e-110 -6.669098e-071 -4.809468e-017 -6.838367e-079 -2.258878e-043 -3.411855e-026 -1.132652e-102 -8.984308e-113 -1.541470e-117]
w0 = [-1.744121e-125+0.j -2.265499e-110+0.j -6.669098e-071+0.j -4.809468e-017+0.j -6.838367e-079+0.j -2.258878e-043+0.j -3.411855e-026+0.j -1.132652e-102+0.j -8.984308e-113+0.j -1.541470e-117+0.j]
w_1 = [-292.946877+0.j -258.019601+0.j -166.702266+0.j  -41.294079+0.j -185.203127+0.j -102.829362+0.j  -62.779586+0.j -240.220675+0.j -263.570959+0.j -274.58498 +0.j]
xs_min = [-292.981652 -258.077342 -166.739253  -41.35601  -185.259512 -102.883397  -62.828071 -240.255707 -263.619835 -274.644212]
xs_max = [-0.034775 -0.057741 -0.036986 -0.061931 -0.056385 -0.054035 -0.048485 -0.035032 -0.048877 -0.059232]
solve_bound_eta x_min = -41.35600982148166	x_max = -0.06193052392717391
solve_bound_eta eta_min = 1.094745430207518e-18	eta_max = 0.9399481884314042
af = 0.9126598062830943	bf = 0.7155697291600844	zeta = 0.9217864043459253	eta = 0.99009900990099
af = 0.9126598062830943	bf = 0.7155697291600844	zeta = 73.18975061508708	eta = 0.01246977614506261
af = 0.9126598062830943	bf = 0.7155697291600844	zeta = 4.776642369712673	eta = 0.1910672258132637
af = 0.9126598062830943	bf = 0.7155697291600844	zeta = 2.751947226524444	eta = 0.33164146371939435
af = 0.9126598062830943	bf = 0.7155697291600844	zeta = 2.577767791070853	eta = 0.35405043442798173
af = 0.9126598062830943	bf = 0.7155697291600844	zeta = 2.57481235580792	eta = 0.3544568225425971
af = 0.9126598062830943	bf = 0.7155697291600844	zeta = 2.574811425897624	eta = 0.35445695055703946
eta = 0.35445695055703946
opt_as = [0.208111 0.208111 0.208111 0.208111 0.208111 0.208111 0.208111 0.208111 0.208111 0.208111]
opt_bs = [9048.353179  623.959564 6161.990667  511.951403  692.944528  847.416125 1441.584338 8658.649719 1306.523561  562.274031]
opt_cs = [ 6136583.722193  6809086.047913 10760037.211516 42367646.520345  9499095.350792 17148809.305854 28245097.68023   7481588.373632  6725023.257198  6388772.094338]
opt_tau = [0.579247 0.579247 0.579247 0.579247 0.579247 0.579247 0.579247 0.579247 0.579247 0.579247]
iter = 17 converged! (z, t) = (2.1203899231810097, 22.48352944204432)
iter = 15 converged! (z, t) = (2.442853240368316, 10.407278606958787)
iter = 17 converged! (z, t) = (1.8518258717304958, 18.016950923034383)
iter = 14 converged! (z, t) = (1.4615257365612555, 6.492893633409945)
iter = 7 converged! (z, t) = (2.3122489603179837, 10.321422701000566)
iter = 12 converged! (z, t) = (1.9765686541678609, 9.790929234030909)
iter = 6 converged! (z, t) = (1.5070923607149755, 9.40360454415663)
iter = 19 converged! (z, t) = (2.012270518034849, 21.449034251592703)
iter = 14 converged! (z, t) = (2.3648682492976345, 12.950669232342584)
iter = 19 converged! (z, t) = (2.471942429555717, 10.144404686832278)
opt_freqs = [4.447700e+07 9.608660e+07 5.550329e+07 1.540145e+08 9.688587e+07 1.021354e+08 1.063422e+08 4.662215e+07 7.721609e+07 9.857651e+07]
opt_powers = [6.659493e-05 8.107092e-04 1.161994e-04 1.918577e-03 7.808326e-04 7.770949e-04 6.531931e-04 7.434209e-05 4.028364e-04 8.867798e-04]
optimize_network iter = 0 obj = 0.0734820719839769
solve_bound_eta tau = 15.0
af = [2.223792 1.142166 3.124626 4.433796 1.580247 2.706206 4.280953 2.586453 1.403748 1.044593]
bf = [7.376699 8.498528 6.442382 5.084553 8.044164 6.876354 5.243076 7.000558 8.227223 8.599727]
tmp = [-0.218881 -0.044285 -0.310358 -0.361483 -0.116336 -0.275448 -0.358699 -0.263142 -0.085788 -0.031347]
w0 = [-0.293562+0.j -0.046388+0.j -0.524258+0.j -0.824212+0.j -0.132867+0.j -0.418661+0.j -0.791699+0.j -0.387803+0.j -0.094268+0.j -0.032379+0.j]
w_1 = [-2.390895+0.j -4.655065+0.j -1.701597+0.j -1.199165+0.j -3.364573+0.j -1.964689+0.j -1.241979+0.j -2.055655+0.j -3.787614+0.j -5.089882+0.j]
xs_min = [-3.134501 -5.645845 -2.214507 -1.412122 -4.268874 -2.583197 -1.487448 -2.70502  -4.730514 -6.094672]
xs_max = [-1.037168 -1.037168 -1.037168 -1.037168 -1.037168 -1.037168 -1.037168 -1.037168 -1.037168 -1.037168]
solve_bound_eta x_min = -1.4121221541426876	x_max = -1.0371683774586762
solve_bound_eta eta_min = 0.24362572283930373	eta_max = 0.35445695055703913
af = 0.0029318826306477296	bf = 0.04439498487699541	zeta = 0.002961201456954207	eta = 0.9900990099009901
af = 0.0029318826306477296	bf = 0.04439498487699541	zeta = 4.48683996599849	eta = 0.0006534404286459269
af = 0.0029318826306477296	bf = 0.04439498487699541	zeta = 0.06593832688035124	eta = 0.04446401310678983
af = 0.0029318826306477296	bf = 0.04439498487699541	zeta = 0.05601270539006115	eta = 0.05234317125428404
af = 0.0029318826306477296	bf = 0.04439498487699541	zeta = 0.055973684693468605	eta = 0.052379661026493794
eta = 0.052379661026493794
opt_as = [0.208111 0.208111 0.208111 0.208111 0.208111 0.208111 0.208111 0.208111 0.208111 0.208111]
opt_bs = [9048.353179  623.959564 6161.990667  511.951403  692.944528  847.416125 1441.584338 8658.649719 1306.523561  562.274031]
opt_cs = [ 8355061.736546  9270684.94055  14649971.26408  57684261.852314 12933177.75657  23348391.702127 38456174.568209 10186308.144555  9156232.04005   8698420.438047]
opt_tau = [0.678697 0.678697 0.678697 0.678697 0.678697 0.678697 0.678697 0.678697 0.678697 0.678697]
iter = 15 converged! (z, t) = (2.2934141596588393, 24.10671031634436)
iter = 15 converged! (z, t) = (2.7536590062733985, 11.394116412729007)
iter = 14 converged! (z, t) = (1.943818439457925, 18.714548408521626)
iter = 11 converged! (z, t) = (1.461514871746048, 6.4929328309684395)
iter = 14 converged! (z, t) = (2.565829437728803, 11.189869448148114)
iter = 15 converged! (z, t) = (2.106740228138763, 10.290295923619306)
iter = 14 converged! (z, t) = (1.5155332860456927, 9.447071685325314)
iter = 16 converged! (z, t) = (2.1509591462033844, 22.683334836221565)
iter = 13 converged! (z, t) = (2.640743562720772, 14.102979627506047)
iter = 12 converged! (z, t) = (2.795883603064111, 11.133501970493963)
opt_freqs = [4.148223e+07 8.776459e+07 5.343436e+07 1.540136e+08 8.936655e+07 9.717894e+07 1.058529e+08 4.408523e+07 7.090700e+07 8.981900e+07]
opt_powers = [6.040403e-05 7.017379e-04 1.091726e-04 1.918597e-03 6.877797e-04 7.168601e-04 6.482248e-04 6.835582e-05 3.523530e-04 7.647370e-04]
optimize_network iter = 1 obj = 0.06304484419635703
solve_bound_eta tau = 15.0
af = [2.384337 1.250468 3.245609 4.433822 1.713209 2.844231 4.300741 2.735292 1.528649 1.146442]
bf = [7.978639 9.579801 6.762418 5.084515 8.926354 7.329212 5.272442 7.483047 9.186975 9.726697]
tmp = [-0.330994 -0.157236 -0.365195 -0.361483 -0.252712 -0.355509 -0.363284 -0.351227 -0.218919 -0.131556]
w0 = [-0.607882+0.j -0.190171+0.j -0.883814+0.j -0.824207+0.j -0.363483+0.j -0.760732+0.j -0.849711+0.j -0.725688+0.j -0.293634+0.j -0.153361+0.j]
w_1 = [-1.532663+0.j -2.922415+0.j -1.125948+0.j -1.199172+0.j -2.133065+0.j -1.284841+0.j -1.167045+0.j -1.336013+0.j -2.390599+0.j -3.187588+0.j]
xs_min = [-2.336903 -4.144367 -1.654256 -1.412122 -3.181704 -1.936231 -1.412122 -2.022447 -3.509087 -4.446349]
xs_max = [-1.412122 -1.412122 -1.412122 -1.037157 -1.412122 -1.412122 -1.094788 -1.412122 -1.412122 -1.412122]
solve_bound_eta x_min = -1.4121221541426887	x_max = -1.412122154142689
solve_bound_eta eta_min = 0.24362572283930345	eta_max = 0.24362572283930342
Done!
af = 0.0028252495644535912	bf = 0.04369590095678137	zeta = 0.0028535020600981274	eta = 0.99009900990099
af = 0.0028252495644535912	bf = 0.04369590095678137	zeta = 4.416125325593683	eta = 0.0006397575603391143
af = 0.0028252495644535912	bf = 0.04369590095678137	zeta = 0.06451525055281257	eta = 0.04379196453931191
af = 0.0028252495644535912	bf = 0.04369590095678137	zeta = 0.05494007702060065	eta = 0.051424201014392816
af = 0.0028252495644535912	bf = 0.04369590095678137	zeta = 0.05490361725057893	eta = 0.051458350213233
eta = 0.051458350213233
At round 0 optimal eta: 0.24362572283930345
At round 0 optimal freqs: [4.148223e+07 8.776459e+07 5.343436e+07 1.540136e+08 8.936655e+07 9.717894e+07 1.058529e+08 4.408523e+07 7.090700e+07 8.981900e+07]
At round 0 optimal decs: [0 0 0 0 0 0 0 0 0 0]
At round 0 optimal powers: [6.040403e-05 7.017379e-04 1.091726e-04 1.918597e-03 6.877797e-04 7.168601e-04 6.482248e-04 6.835582e-05 3.523530e-04 7.647370e-04]
At round 0 t_co: [0.477284 0.573065 0.404529 0.304157 0.533976 0.438435 0.315398 0.447637 0.549566 0.581853]
At round 0 e_co: [2.882985e-05 4.021417e-04 4.416348e-05 5.835538e-04 3.672579e-04 3.142964e-04 2.044491e-04 3.059861e-05 1.936414e-04 4.449643e-04]
At round 0 t_cp: [0.201413 0.105631 0.274168 0.37454  0.144721 0.240262 0.363298 0.231059 0.12913  0.096844]
At round 0 e_cp: [1.437718e-06 7.140860e-06 4.182906e-06 1.368282e-04 1.032893e-05 2.204963e-05 4.308952e-05 1.979716e-06 4.603573e-06 7.017409e-06]
At round 0 average t_co: 0.581852761112094 average t_cp: 0.37454003761107124 t: 0.6786966421992797
At round 0 average e_co: 0.0026138965106502995 average e_cp: 0.0002386584269526504 e: 0.0028525549376029495
At round 0 a_n: 16.71676777513677
At round 0 local rounds: 11.445290050062344
At round 0 global rounds: 22.101184929091907
At round 0 tau: 15.0
At round 0 accuracy: 0.06976744186046512
At round 0 training accuracy: 0.06116389548693587
At round 0 training loss: 2.4594067659580032
At round 0 test loss: 2.479679952480996
gradient difference: 34.297035217285156
ground = 1 remain_eps = 0.0014546541128672833	remain_tau = 14.321303357800721
update_location
xs = [-276.88873  396.88873 -381.88873 -346.06469 -196.06469  -96.06469  396.06469 -176.88873  496.06469  421.88873]
ys = [-296.88873  351.88873 -396.88873  453.03192  383.03192  333.03192   61.96808 -196.88873   11.96808  381.88873]
dists_uav = [710.349787 257.215492 853.90058  602.071858 439.8257   332.310872 270.952857 570.825129 375.408552 292.30561 ]
uav_gains = [5.573691e-13 1.949518e-11 3.635755e-13 8.220571e-13 1.810530e-12 4.921303e-12 1.482062e-11 9.335520e-13 2.973071e-12 9.675801e-12]
dists_bs = [ 343.397083  939.80587   395.564073 1013.918444  904.536752  838.552685  687.513899  350.950231  712.875509  977.608221]
bs_gains = [3.638811e-11 2.525047e-12 2.501474e-11 2.064964e-12 2.794416e-12 3.415585e-12 5.781288e-12 3.434946e-11 5.252115e-12 2.274488e-12]
At round 1 optimal eta: 0.24362572283930345
At round 1 optimal freqs: [4.148223e+07 8.776459e+07 5.343436e+07 1.540136e+08 8.936655e+07 9.717894e+07 1.058529e+08 4.408523e+07 7.090700e+07 8.981900e+07]
At round 1 optimal decs: [0 0 0 0 0 0 0 0 0 0]
At round 1 optimal powers: [6.040403e-05 7.017379e-04 1.091726e-04 1.918597e-03 6.877797e-04 7.168601e-04 6.482248e-04 6.835582e-05 3.523530e-04 7.647370e-04]
At round 1 t_co: [0.475214 0.567506 0.399891 0.302326 0.530393 0.435785 0.314801 0.450609 0.5473   0.576391]
At round 1 e_co: [2.870481e-05 3.982406e-04 4.365714e-05 5.800413e-04 3.647937e-04 3.123972e-04 2.040620e-04 3.080172e-05 1.928427e-04 4.407877e-04]
At round 1 t_cp: [0.201413 0.105631 0.274168 0.37454  0.144721 0.240262 0.363298 0.231059 0.12913  0.096844]
At round 1 e_cp: [1.437718e-06 7.140860e-06 4.182906e-06 1.368282e-04 1.032893e-05 2.204963e-05 4.308952e-05 1.979716e-06 4.603573e-06 7.017409e-06]
At round 1 average t_co: 0.5763911811935569 average t_cp: 0.37454003761107124 t: 0.6816680759927576
At round 1 average e_co: 0.002596328837806065 average e_cp: 0.0002386584269526504 e: 0.002834987264758716
At round 1 a_n: 16.71676777513677
At round 1 local rounds: 11.445290050062344
At round 1 global rounds: 22.101184929091907
At round 1 tau: 14.321303357800721
At round 1 accuracy: 0.727906976744186
At round 1 training accuracy: 0.7161520190023754
At round 1 training loss: 1.0341663477634118
At round 1 test loss: 1.0949146221890005
gradient difference: 1.4388381242752075
ground = 2 remain_eps = 0.002116018588081703	remain_tau = 13.639635281807964
update_location
xs = [-273.77746   393.77746  -378.77746  -342.129381 -192.129381  -92.129381  392.129381 -173.77746   492.129381  418.77746 ]
ys = [-293.77746   348.77746  -393.77746   451.063841  381.063841  331.063841   63.936159 -193.77746    13.936159  378.77746 ]
dists_uav = [705.997423 253.245609 849.532883 597.741385 435.553684 328.138312 266.963708 566.499229 371.216758 288.225362]
uav_gains = [5.654156e-13 2.105031e-11 3.679153e-13 8.362774e-13 1.860718e-12 5.227995e-12 1.606337e-11 9.507689e-13 3.097138e-12 1.047733e-11]
dists_bs = [ 342.756231  935.672948  393.389873 1010.729906  901.768923  836.154848  686.869306  352.094944  711.56286   973.460007]
bs_gains = [3.656868e-11 2.554711e-12 2.538278e-11 2.082272e-12 2.817203e-12 3.441603e-12 5.795677e-12 3.405431e-11 5.277830e-12 2.300263e-12]
At round 2 optimal eta: 0.24362572283930345
At round 2 optimal freqs: [4.148223e+07 8.776459e+07 5.343436e+07 1.540136e+08 8.936655e+07 9.717894e+07 1.058529e+08 4.408523e+07 7.090700e+07 8.981900e+07]
At round 2 optimal decs: [0 0 0 0 0 0 0 0 0 0]
At round 2 optimal powers: [6.040403e-05 7.017379e-04 1.091726e-04 1.918597e-03 6.877797e-04 7.168601e-04 6.482248e-04 6.835582e-05 3.523530e-04 7.647370e-04]
At round 2 t_co: [0.473313 0.561989 0.395369 0.300509 0.526845 0.433166 0.314229 0.453736 0.545082 0.570969]
At round 2 e_co: [2.859003e-05 3.943690e-04 4.316351e-05 5.765553e-04 3.623530e-04 3.105192e-04 2.036913e-04 3.101550e-05 1.920611e-04 4.366415e-04]
At round 2 t_cp: [0.201413 0.105631 0.274168 0.37454  0.144721 0.240262 0.363298 0.231059 0.12913  0.096844]
At round 2 e_cp: [1.437718e-06 7.140860e-06 4.182906e-06 1.368282e-04 1.032893e-05 2.204963e-05 4.308952e-05 1.979716e-06 4.603573e-06 7.017409e-06]
At round 2 average t_co: 0.570969471210579 average t_cp: 0.37454003761107124 t: 0.6847954241742787
At round 2 average e_co: 0.002578959391204947 average e_cp: 0.0002386584269526504 e: 0.0028176178181575974
At round 2 a_n: 16.71676777513677
At round 2 local rounds: 11.445290050062344
At round 2 global rounds: 22.101184929091907
At round 2 tau: 13.639635281807964
At round 2 accuracy: 0.772093023255814
At round 2 training accuracy: 0.7606888361045131
At round 2 training loss: 0.7023317610271281
At round 2 test loss: 0.8035750942752342
gradient difference: 1.3775475025177002
ground = 3 remain_eps = 0.003078075142056671	remain_tau = 12.954839857633685
update_location
xs = [-270.66619   390.66619  -375.66619  -338.194071 -188.194071  -88.194071  388.194071 -170.66619   488.194071  415.66619 ]
ys = [-290.66619   345.66619  -390.66619   449.095761  379.095761  329.095761   65.904239 -190.66619    15.904239  375.66619 ]
dists_uav = [701.645652 249.290168 845.165522 593.411936 431.284243 323.97177  262.987665 562.174479 367.029838 284.154656]
uav_gains = [5.736313e-13 2.268636e-11 3.723298e-13 8.508654e-13 1.913387e-12 5.566505e-12 1.739564e-11 9.684679e-13 3.231013e-12 1.135723e-11]
dists_bs = [ 342.170762  931.542473  391.253075 1007.550491  899.014107  833.773335  686.252319  353.29075   710.275042  969.314015]
bs_gains = [3.673473e-11 2.584839e-12 2.575179e-11 2.099730e-12 2.840137e-12 3.467715e-12 5.809495e-12 3.374971e-11 5.303226e-12 2.326428e-12]
At round 3 optimal eta: 0.24362572283930345
At round 3 optimal freqs: [4.148223e+07 8.776459e+07 5.343436e+07 1.540136e+08 8.936655e+07 9.717894e+07 1.058529e+08 4.408523e+07 7.090700e+07 8.981900e+07]
At round 3 optimal decs: [0 0 0 0 0 0 0 0 0 0]
At round 3 optimal powers: [6.040403e-05 7.017379e-04 1.091726e-04 1.918597e-03 6.877797e-04 7.168601e-04 6.482248e-04 6.835582e-05 3.523530e-04 7.647370e-04]
At round 3 t_co: [0.471582 0.556514 0.390963 0.298706 0.52333  0.430576 0.313683 0.45702  0.542912 0.565587]
At round 3 e_co: [2.848546e-05 3.905270e-04 4.268248e-05 5.730956e-04 3.599355e-04 3.086624e-04 2.033369e-04 3.123998e-05 1.912965e-04 4.325257e-04]
At round 3 t_cp: [0.201413 0.105631 0.274168 0.37454  0.144721 0.240262 0.363298 0.231059 0.12913  0.096844]
At round 3 e_cp: [1.437718e-06 7.140860e-06 4.182906e-06 1.368282e-04 1.032893e-05 2.204963e-05 4.308952e-05 1.979716e-06 4.603573e-06 7.017409e-06]
At round 3 average t_co: 0.5655874952928427 average t_cp: 0.37454003761107124 t: 0.6880795144951515
At round 3 average e_co: 0.002561787555655036 average e_cp: 0.0002386584269526504 e: 0.0028004459826076866
At round 3 a_n: 16.71676777513677
At round 3 local rounds: 11.445290050062344
At round 3 global rounds: 22.101184929091907
At round 3 tau: 12.954839857633685
At round 3 accuracy: 0.786046511627907
At round 3 training accuracy: 0.7808788598574822
At round 3 training loss: 0.588828600939549
At round 3 test loss: 0.6754072674456261
gradient difference: 1.2284177541732788
ground = 4 remain_eps = 0.0044775346651072835	remain_tau = 12.266760343138532
update_location
xs = [-267.554921  387.554921 -372.554921 -334.258761 -184.258761  -84.258761  384.258761 -167.554921  484.258761  412.554921]
ys = [-287.554921  342.554921 -387.554921  447.127681  377.127681  327.127681   67.872319 -187.554921   17.872319  372.554921]
dists_uav = [697.294487 245.349866 840.798501 589.083532 427.017451 319.811481 259.025332 557.850906 362.847961 280.093909]
uav_gains = [5.820212e-13 2.439814e-11 3.768209e-13 8.658344e-13 1.968736e-12 5.940609e-12 1.881600e-11 9.866684e-13 3.375805e-12 1.232003e-11]
dists_bs = [ 341.640963  927.414476  389.154294 1004.380288  896.272425  831.408287  685.663012  354.537134  709.012191  965.170271]
bs_gains = [3.688589e-11 2.615440e-12 2.612148e-11 2.117339e-12 2.863218e-12 3.493916e-12 5.822736e-12 3.343620e-11 5.328295e-12 2.352990e-12]
At round 4 optimal eta: 0.24362572283930345
At round 4 optimal freqs: [4.148223e+07 8.776459e+07 5.343436e+07 1.540136e+08 8.936655e+07 9.717894e+07 1.058529e+08 4.408523e+07 7.090700e+07 8.981900e+07]
At round 4 optimal decs: [0 0 0 0 0 0 0 0 0 0]
At round 4 optimal powers: [6.040403e-05 7.017379e-04 1.091726e-04 1.918597e-03 6.877797e-04 7.168601e-04 6.482248e-04 6.835582e-05 3.523530e-04 7.647370e-04]
At round 4 t_co: [0.47002  0.551081 0.386672 0.296916 0.519848 0.428015 0.313161 0.460462 0.54079  0.560245]
At round 4 e_co: [2.839107e-05 3.867145e-04 4.221397e-05 5.696621e-04 3.575412e-04 3.068266e-04 2.029989e-04 3.147524e-05 1.905489e-04 4.284402e-04]
At round 4 t_cp: [0.201413 0.105631 0.274168 0.37454  0.144721 0.240262 0.363298 0.231059 0.12913  0.096844]
At round 4 e_cp: [1.437718e-06 7.140860e-06 4.182906e-06 1.368282e-04 1.032893e-05 2.204963e-05 4.308952e-05 1.979716e-06 4.603573e-06 7.017409e-06]
At round 4 average t_co: 0.5602451172706056 average t_cp: 0.37454003761107124 t: 0.6915212100331793
At round 4 average e_co: 0.002544812724879459 average e_cp: 0.0002386584269526504 e: 0.002783471151832109
At round 4 a_n: 16.71676777513677
At round 4 local rounds: 11.445290050062344
At round 4 global rounds: 22.101184929091907
At round 4 tau: 12.266760343138532
At round 4 accuracy: 0.8046511627906977
At round 4 training accuracy: 0.7998812351543944
At round 4 training loss: 0.5137711205998301
At round 4 test loss: 0.6648516515197679
gradient difference: 1.1660616397857666
ground = 5 remain_eps = 0.006513264216104144	remain_tau = 11.575239133105352
update_location
xs = [-264.443651  384.443651 -369.443651 -330.323452 -180.323452  -80.323452  380.323452 -164.443651  480.323452  409.443651]
ys = [-284.443651  339.443651 -384.443651  445.159601  375.159601  325.159601   69.840399 -184.443651   19.840399  369.443651]
dists_uav = [692.943938 241.425446 836.431825 584.756197 422.753391 315.657693 255.077347 553.528537 358.671303 276.043561]
uav_gains = [5.905903e-13 2.618002e-11 3.813903e-13 8.811984e-13 2.026983e-12 6.354455e-12 2.032173e-11 1.005391e-12 3.532770e-12 1.336956e-11]
dists_bs = [ 341.167091  923.288992  387.09415  1001.219384  893.543997  829.059844  685.101458  355.833562  707.77444   961.028806]
bs_gains = [3.702181e-11 2.646523e-12 2.649150e-11 2.135099e-12 2.886445e-12 3.520205e-12 5.835393e-12 3.311435e-11 5.353023e-12 2.379957e-12]
At round 5 optimal eta: 0.24362572283930345
At round 5 optimal freqs: [4.148223e+07 8.776459e+07 5.343436e+07 1.540136e+08 8.936655e+07 9.717894e+07 1.058529e+08 4.408523e+07 7.090700e+07 8.981900e+07]
At round 5 optimal decs: [0 0 0 0 0 0 0 0 0 0]
At round 5 optimal powers: [6.040403e-05 7.017379e-04 1.091726e-04 1.918597e-03 6.877797e-04 7.168601e-04 6.482248e-04 6.835582e-05 3.523530e-04 7.647370e-04]
At round 5 t_co: [0.468625 0.54569  0.382494 0.29514  0.516401 0.425483 0.312665 0.464062 0.538716 0.554942]
At round 5 e_co: [2.830685e-05 3.829312e-04 4.175788e-05 5.662549e-04 3.551701e-04 3.050118e-04 2.026773e-04 3.172134e-05 1.898182e-04 4.243848e-04]
At round 5 t_cp: [0.201413 0.105631 0.274168 0.37454  0.144721 0.240262 0.363298 0.231059 0.12913  0.096844]
At round 5 e_cp: [1.437718e-06 7.140860e-06 4.182906e-06 1.368282e-04 1.032893e-05 2.204963e-05 4.308952e-05 1.979716e-06 4.603573e-06 7.017409e-06]
At round 5 average t_co: 0.5549422006734611 average t_cp: 0.37454003761107124 t: 0.6951214085925652
At round 5 average e_co: 0.002528034301573932 average e_cp: 0.0002386584269526504 e: 0.0027666927285265822
At round 5 a_n: 16.71676777513677
At round 5 local rounds: 11.445290050062344
At round 5 global rounds: 22.101184929091907
At round 5 tau: 11.575239133105352
At round 5 accuracy: 0.8093023255813954
At round 5 training accuracy: 0.8105700712589073
At round 5 training loss: 0.4551969042807369
At round 5 test loss: 0.597159402601262
gradient difference: 1.1561293601989746
ground = 6 remain_eps = 0.009474546580147195	remain_tau = 10.880117724512788
update_location
xs = [-261.332381  381.332381 -366.332381 -326.388142 -176.388142  -76.388142  376.388142 -161.332381  476.388142  406.332381]
ys = [-281.332381  336.332381 -381.332381  443.191522  373.191522  323.191522   71.808478 -181.332381   21.808478  366.332381]
dists_uav = [688.594018 237.517695 832.065501 580.429954 418.492145 311.510666 251.144388 549.207401 354.500048 272.004076]
uav_gains = [5.993435e-13 2.802638e-11 3.860397e-13 8.969722e-13 2.088374e-12 6.812551e-12 2.190890e-11 1.024657e-12 3.703324e-12 1.450869e-11]
dists_bs = [340.749381 919.166055 385.073262 998.067866 890.828945 826.728147 684.567724 357.179491 706.561922 956.889648]
bs_gains = [3.714220e-11 2.678098e-12 2.686152e-11 2.153011e-12 2.909816e-12 3.546576e-12 5.847457e-12 3.278470e-11 5.377401e-12 2.407336e-12]
At round 6 optimal eta: 0.24362572283930345
At round 6 optimal freqs: [4.148223e+07 8.776459e+07 5.343436e+07 1.540136e+08 8.936655e+07 9.717894e+07 1.058529e+08 4.408523e+07 7.090700e+07 8.981900e+07]
At round 6 optimal decs: [0 0 0 0 0 0 0 0 0 0]
At round 6 optimal powers: [6.040403e-05 7.017379e-04 1.091726e-04 1.918597e-03 6.877797e-04 7.168601e-04 6.482248e-04 6.835582e-05 3.523530e-04 7.647370e-04]
At round 6 t_co: [0.467399 0.54034  0.378429 0.293378 0.512987 0.422981 0.312194 0.467822 0.53669  0.549679]
At round 6 e_co: [2.823276e-05 3.791771e-04 4.131412e-05 5.628737e-04 3.528220e-04 3.032179e-04 2.023719e-04 3.197833e-05 1.891044e-04 4.203596e-04]
At round 6 t_cp: [0.201413 0.105631 0.274168 0.37454  0.144721 0.240262 0.363298 0.231059 0.12913  0.096844]
At round 6 e_cp: [1.437718e-06 7.140860e-06 4.182906e-06 1.368282e-04 1.032893e-05 2.204963e-05 4.308952e-05 1.979716e-06 4.603573e-06 7.017409e-06]
At round 6 average t_co: 0.5496786087291281 average t_cp: 0.37454003761107124 t: 0.6988810420843847
At round 6 average e_co: 0.002511451697460699 average e_cp: 0.0002386584269526504 e: 0.0027501101244133495
At round 6 a_n: 16.71676777513677
At round 6 local rounds: 11.445290050062344
At round 6 global rounds: 22.101184929091907
At round 6 tau: 10.880117724512788
At round 6 accuracy: 0.813953488372093
At round 6 training accuracy: 0.8129453681710214
At round 6 training loss: 0.4245377981429146
At round 6 test loss: 0.5585335130463969
gradient difference: 0.9926130175590515
ground = 7 remain_eps = 0.013782188150363769	remain_tau = 10.181236682428404
update_location
xs = [-258.221111  378.221111 -363.221111 -322.452832 -172.452832  -72.452832  372.452832 -158.221111  472.452832  403.221111]
ys = [-278.221111  333.221111 -378.221111  441.223442  371.223442  321.223442   73.776558 -178.221111   23.776558  363.221111]
dists_uav = [684.244739 233.627448 827.699534 576.104828 414.233801 307.370674 247.227172 544.887528 350.33439  267.975944]
uav_gains = [6.082864e-13 2.993202e-11 3.907711e-13 9.131713e-13 2.153180e-12 7.319753e-12 2.357265e-11 1.044491e-12 3.889067e-12 1.573914e-11]
dists_bs = [340.38804  915.045698 383.092252 994.925825 888.127392 824.41334  684.061877 358.574362 705.374767 952.752828]
bs_gains = [3.724677e-11 2.710174e-12 2.723119e-11 2.171077e-12 2.933331e-12 3.573027e-12 5.858923e-12 3.244782e-11 5.401418e-12 2.435134e-12]
At round 7 optimal eta: 0.24362572283930345
At round 7 optimal freqs: [4.148223e+07 8.776459e+07 5.343436e+07 1.540136e+08 8.936655e+07 9.717894e+07 1.058529e+08 4.408523e+07 7.090700e+07 8.981900e+07]
At round 7 optimal decs: [0 0 0 0 0 0 0 0 0 0]
At round 7 optimal powers: [6.040403e-05 7.017379e-04 1.091726e-04 1.918597e-03 6.877797e-04 7.168601e-04 6.482248e-04 6.835582e-05 3.523530e-04 7.647370e-04]
At round 7 t_co: [0.46634  0.535032 0.374477 0.291629 0.509606 0.420507 0.311748 0.471742 0.534712 0.544454]
At round 7 e_co: [2.816879e-05 3.754522e-04 4.088260e-05 5.595184e-04 3.504968e-04 3.014448e-04 2.020828e-04 3.224629e-05 1.884073e-04 4.163643e-04]
At round 7 t_cp: [0.201413 0.105631 0.274168 0.37454  0.144721 0.240262 0.363298 0.231059 0.12913  0.096844]
At round 7 e_cp: [1.437718e-06 7.140860e-06 4.182906e-06 1.368282e-04 1.032893e-05 2.204963e-05 4.308952e-05 1.979716e-06 4.603573e-06 7.017409e-06]
At round 7 average t_co: 0.544454204362288 average t_cp: 0.37454003761107124 t: 0.7028010758887813
At round 7 average e_co: 0.002495064333338842 average e_cp: 0.0002386584269526504 e: 0.0027337227602914926
At round 7 a_n: 16.71676777513677
At round 7 local rounds: 11.445290050062344
At round 7 global rounds: 22.101184929091907
At round 7 tau: 10.181236682428404
At round 7 accuracy: 0.813953488372093
At round 7 training accuracy: 0.8224465558194775
At round 7 training loss: 0.39212728522287316
At round 7 test loss: 0.5739360718150414
gradient difference: 0.9588512182235718
ground = 8 remain_eps = 0.02004831667723739	remain_tau = 9.478435606539623
update_location
xs = [-255.109841  375.109841 -360.109841 -318.517523 -168.517523  -68.517523  368.517523 -155.109841  468.517523  400.109841]
ys = [-275.109841  330.109841 -375.109841  439.255362  369.255362  319.255362   75.744638 -175.109841   25.744638  360.109841]
dists_uav = [679.896112 229.755596 823.333928 571.780845 409.978448 303.238004 243.326458 540.568947 346.174531 263.959687]
uav_gains = [6.174244e-13 3.189260e-11 3.955862e-13 9.298121e-13 2.221705e-12 7.881217e-12 2.530755e-11 1.064915e-12 4.091804e-12 1.706130e-11]
dists_bs = [340.083247 910.927956 381.151741 991.793349 885.439462 822.115563 683.583976 360.017608 704.213102 948.618376]
bs_gains = [3.733530e-11 2.742760e-12 2.760013e-11 2.189295e-12 2.956988e-12 3.599552e-12 5.869783e-12 3.210426e-11 5.425062e-12 2.463361e-12]
At round 8 optimal eta: 0.24362572283930345
At round 8 optimal freqs: [4.148223e+07 8.776459e+07 5.343436e+07 1.540136e+08 8.936655e+07 9.717894e+07 1.058529e+08 4.408523e+07 7.090700e+07 8.981900e+07]
At round 8 optimal decs: [0 0 0 0 0 0 0 0 0 0]
At round 8 optimal powers: [6.040403e-05 7.017379e-04 1.091726e-04 1.918597e-03 6.877797e-04 7.168601e-04 6.482248e-04 6.835582e-05 3.523530e-04 7.647370e-04]
At round 8 t_co: [0.465448 0.529765 0.370635 0.289894 0.506259 0.418063 0.311327 0.475823 0.532781 0.539269]
At round 8 e_co: [2.811490e-05 3.717562e-04 4.046323e-05 5.561891e-04 3.481945e-04 2.996924e-04 2.018100e-04 3.252528e-05 1.877271e-04 4.123988e-04]
At round 8 t_cp: [0.201413 0.105631 0.274168 0.37454  0.144721 0.240262 0.363298 0.231059 0.12913  0.096844]
At round 8 e_cp: [1.437718e-06 7.140860e-06 4.182906e-06 1.368282e-04 1.032893e-05 2.204963e-05 4.308952e-05 1.979716e-06 4.603573e-06 7.017409e-06]
At round 8 average t_co: 0.5392688501934575 average t_cp: 0.37454003761107124 t: 0.7068825082000644
At round 8 average e_co: 0.0024788716391308885 average e_cp: 0.0002386584269526504 e: 0.0027175300660835394
At round 8 a_n: 16.71676777513677
At round 8 local rounds: 11.445290050062344
At round 8 global rounds: 22.101184929091907
At round 8 tau: 9.478435606539623
At round 8 accuracy: 0.8186046511627907
At round 8 training accuracy: 0.8224465558194775
At round 8 training loss: 0.3785982912670311
At round 8 test loss: 0.5291300027638443
gradient difference: 1.1140168905258179
ground = 9 remain_eps = 0.029163366310609118	remain_tau = 8.77155309833956
update_location
xs = [-251.998571  371.998571 -356.998571 -314.582213 -164.582213  -64.582213  364.582213 -151.998571  464.582213  396.998571]
ys = [-271.998571  326.998571 -371.998571  437.287282  367.287282  317.287282   77.712718 -171.998571   27.712718  356.998571]
dists_uav = [675.54815  225.903083 818.968691 567.458031 405.726181 299.11296  239.443053 536.251689 342.020681 259.955853]
uav_gains = [6.267633e-13 3.390495e-11 4.004872e-13 9.469116e-13 2.294290e-12 8.502336e-12 2.710795e-11 1.085957e-12 4.313569e-12 1.847419e-11]
dists_bs = [339.835153 906.812866 379.252351 988.670531 882.765277 819.834962 683.134082 361.508648 703.077055 944.486325]
bs_gains = [3.740757e-11 2.775867e-12 2.796795e-11 2.207668e-12 2.980785e-12 3.626148e-12 5.880033e-12 3.175455e-11 5.448322e-12 2.492023e-12]
At round 9 optimal eta: 0.24362572283930345
At round 9 optimal freqs: [4.148223e+07 8.776459e+07 5.343436e+07 1.540136e+08 8.936655e+07 9.717894e+07 1.058529e+08 4.408523e+07 7.090700e+07 8.981900e+07]
At round 9 optimal decs: [0 0 0 0 0 0 0 0 0 0]
At round 9 optimal powers: [6.040403e-05 7.017379e-04 1.091726e-04 1.918597e-03 6.877797e-04 7.168601e-04 6.482248e-04 6.835582e-05 3.523530e-04 7.647370e-04]
At round 9 t_co: [0.464722 0.524539 0.366905 0.288172 0.502944 0.415647 0.310931 0.480067 0.530898 0.534122]
At round 9 e_co: [2.807110e-05 3.680891e-04 4.005593e-05 5.528856e-04 3.459150e-04 2.979607e-04 2.015534e-04 3.281537e-05 1.870636e-04 4.084632e-04]
At round 9 t_cp: [0.201413 0.105631 0.274168 0.37454  0.144721 0.240262 0.363298 0.231059 0.12913  0.096844]
At round 9 e_cp: [1.437718e-06 7.140860e-06 4.182906e-06 1.368282e-04 1.032893e-05 2.204963e-05 4.308952e-05 1.979716e-06 4.603573e-06 7.017409e-06]
At round 9 average t_co: 0.5341224085379062 average t_cp: 0.37454003761107124 t: 0.7111263693559337
At round 9 average e_co: 0.0024628730539257206 average e_cp: 0.0002386584269526504 e: 0.002701531480878371
At round 9 a_n: 16.71676777513677
At round 9 local rounds: 11.445290050062344
At round 9 global rounds: 22.101184929091907
At round 9 tau: 8.77155309833956
At round 9 accuracy: 0.8209302325581396
At round 9 training accuracy: 0.8283847980997625
At round 9 training loss: 0.3541142356302515
At round 9 test loss: 0.5481415623697893
gradient difference: 0.8638882637023926
ground = 10 remain_eps = 0.04242261074878272	remain_tau = 8.060426728983625
update_location
xs = [-248.887302  368.887302 -353.887302 -310.646903 -160.646903  -60.646903  360.646903 -148.887302  460.646903  393.887302]
ys = [-268.887302  323.887302 -368.887302  435.319203  365.319203  315.319203   79.680797 -168.887302   29.680797  353.887302]
dists_uav = [671.200867 222.070917 814.603828 563.136412 401.477097 294.995862 235.577813 531.935788 337.873064 255.965027]
uav_gains = [6.363090e-13 3.596731e-11 4.054759e-13 9.644881e-13 2.371314e-12 9.188644e-12 2.896842e-11 1.107644e-12 4.556644e-12 1.997543e-11]
dists_bs = [339.643884 902.700464 377.394703 985.557461 880.104965 817.571678 682.71225  363.046895 701.966749 940.356704]
bs_gains = [3.746342e-11 2.809505e-12 2.833425e-11 2.226196e-12 3.004721e-12 3.652810e-12 5.889666e-12 3.139925e-11 5.471189e-12 2.521129e-12]
At round 10 optimal eta: 0.24362572283930345
At round 10 optimal freqs: [4.148223e+07 8.776459e+07 5.343436e+07 1.540136e+08 8.936655e+07 9.717894e+07 1.058529e+08 4.408523e+07 7.090700e+07 8.981900e+07]
At round 10 optimal decs: [0 0 0 0 0 0 0 0 0 0]
At round 10 optimal powers: [6.040403e-05 7.017379e-04 1.091726e-04 1.918597e-03 6.877797e-04 7.168601e-04 6.482248e-04 6.835582e-05 3.523530e-04 7.647370e-04]
At round 10 t_co: [0.464164 0.519355 0.363284 0.286463 0.499663 0.41326  0.310561 0.484474 0.529063 0.529015]
At round 10 e_co: [2.803737e-05 3.644508e-04 3.966062e-05 5.496078e-04 3.436581e-04 2.962496e-04 2.013131e-04 3.311664e-05 1.864168e-04 4.045571e-04]
At round 10 t_cp: [0.201413 0.105631 0.274168 0.37454  0.144721 0.240262 0.363298 0.231059 0.12913  0.096844]
At round 10 e_cp: [1.437718e-06 7.140860e-06 4.182906e-06 1.368282e-04 1.032893e-05 2.204963e-05 4.308952e-05 1.979716e-06 4.603573e-06 7.017409e-06]
At round 10 average t_co: 0.5290626492189617 average t_cp: 0.37454003761107124 t: 0.7155337211520905
At round 10 average e_co: 0.0024470680260177576 average e_cp: 0.0002386584269526504 e: 0.002685726452970408
At round 10 a_n: 16.71676777513677
At round 10 local rounds: 11.445290050062344
At round 10 global rounds: 22.101184929091907
At round 10 tau: 8.060426728983625
At round 10 accuracy: 0.8302325581395349
At round 10 training accuracy: 0.831353919239905
At round 10 training loss: 0.3418652664035299
At round 10 test loss: 0.4907930187404502
gradient difference: 1.0236175060272217
ground = 11 remain_eps = 0.06171022520428461	remain_tau = 7.344893007831534
update_location
xs = [-245.776032  365.776032 -350.776032 -306.711594 -156.711594  -56.711594  356.711594 -145.776032  456.711594  390.776032]
ys = [-265.776032  320.776032 -365.776032  433.351123  363.351123  313.351123   81.648877 -165.776032   31.648877  350.776032]
dists_uav = [666.854275 218.260169 810.239345 558.816017 397.2313   290.887048 231.731648 527.621276 333.73191  251.987827]
uav_gains = [6.460678e-13 3.807952e-11 4.105546e-13 9.825607e-13 2.453205e-12 9.945680e-12 3.088417e-11 1.130005e-12 4.823588e-12 2.156136e-11]
dists_bs = [339.509536 898.590786 375.579417 982.454233 877.458651 815.325858 682.318531 364.631749 700.882307 936.229546]
bs_gains = [3.750272e-11 2.843684e-12 2.869861e-11 2.244879e-12 3.028795e-12 3.679534e-12 5.898676e-12 3.103889e-11 5.493651e-12 2.550688e-12]
At round 11 optimal eta: 0.24362572283930345
At round 11 optimal freqs: [4.148223e+07 8.776459e+07 5.343436e+07 1.540136e+08 8.936655e+07 9.717894e+07 1.058529e+08 4.408523e+07 7.090700e+07 8.981900e+07]
At round 11 optimal decs: [0 0 0 0 0 0 0 0 0 0]
At round 11 optimal powers: [6.040403e-05 7.017379e-04 1.091726e-04 1.918597e-03 6.877797e-04 7.168601e-04 6.482248e-04 6.835582e-05 3.523530e-04 7.647370e-04]
At round 11 t_co: [0.463772 0.514211 0.359772 0.284768 0.496415 0.410902 0.310215 0.489046 0.527274 0.523946]
At round 11 e_co: [2.801369e-05 3.608412e-04 3.927720e-05 5.463557e-04 3.414238e-04 2.945590e-04 2.010890e-04 3.342916e-05 1.857866e-04 4.006807e-04]
At round 11 t_cp: [0.201413 0.105631 0.274168 0.37454  0.144721 0.240262 0.363298 0.231059 0.12913  0.096844]
At round 11 e_cp: [1.437718e-06 7.140860e-06 4.182906e-06 1.368282e-04 1.032893e-05 2.204963e-05 4.308952e-05 1.979716e-06 4.603573e-06 7.017409e-06]
At round 11 average t_co: 0.5272741533736113 average t_cp: 0.37454003761107124 t: 0.720105656143522
At round 11 average e_co: 0.0024314560129424013 average e_cp: 0.0002386584269526504 e: 0.002670114439895052
At round 11 a_n: 16.71676777513677
At round 11 local rounds: 11.445290050062344
At round 11 global rounds: 22.101184929091907
At round 11 tau: 7.344893007831534
At round 11 accuracy: 0.8325581395348837
At round 11 training accuracy: 0.834916864608076
At round 11 training loss: 0.32017043782420224
At round 11 test loss: 0.5115418150039145
gradient difference: 1.0302298069000244
ground = 12 remain_eps = 0.0897670328993789	remain_tau = 6.6247873516880125
update_location
xs = [-242.664762  362.664762 -347.664762 -302.776284 -152.776284  -52.776284  352.776284 -142.664762  452.776284  387.664762]
ys = [-262.664762  317.664762 -362.664762  431.383043  361.383043  311.383043   83.616957 -162.664762   33.616957  347.664762]
dists_uav = [662.508388 214.471981 805.875249 554.496873 392.988895 286.786873 227.905523 523.308188 329.597464 248.024907]
uav_gains = [6.560460e-13 4.024299e-11 4.157252e-13 1.001150e-12 2.540443e-12 1.077883e-11 3.285137e-11 1.153071e-12 5.117258e-12 2.322731e-11]
dists_bs = [339.432176 894.483869 373.807108 979.36094  874.826463 813.097644 681.952974 366.262607 699.823849 932.104885]
bs_gains = [3.752538e-11 2.878415e-12 2.906060e-11 2.263717e-12 3.053005e-12 3.706315e-12 5.907059e-12 3.067398e-11 5.515697e-12 2.580708e-12]
At round 12 optimal eta: 0.24362572283930345
At round 12 optimal freqs: [4.148223e+07 8.776459e+07 5.343436e+07 1.540136e+08 8.936655e+07 9.717894e+07 1.058529e+08 4.408523e+07 7.090700e+07 8.981900e+07]
At round 12 optimal decs: [0 0 0 0 0 0 0 0 0 0]
At round 12 optimal powers: [6.040403e-05 7.017379e-04 1.091726e-04 1.918597e-03 6.877797e-04 7.168601e-04 6.482248e-04 6.835582e-05 3.523530e-04 7.647370e-04]
At round 12 t_co: [0.463546 0.509108 0.356368 0.283087 0.493199 0.408572 0.309894 0.493784 0.525533 0.518915]
At round 12 e_co: [2.800007e-05 3.572601e-04 3.890560e-05 5.431291e-04 3.392121e-04 2.928888e-04 2.008811e-04 3.375300e-05 1.851730e-04 3.968336e-04]
At round 12 t_cp: [0.201413 0.105631 0.274168 0.37454  0.144721 0.240262 0.363298 0.231059 0.12913  0.096844]
At round 12 e_cp: [1.437718e-06 7.140860e-06 4.182906e-06 1.368282e-04 1.032893e-05 2.204963e-05 4.308952e-05 1.979716e-06 4.603573e-06 7.017409e-06]
At round 12 average t_co: 0.5255327580605424 average t_cp: 0.37454003761107124 t: 0.7248432969337733
At round 12 average e_co: 0.0024160364815077255 average e_cp: 0.0002386584269526504 e: 0.0026546949084603763
At round 12 a_n: 16.71676777513677
At round 12 local rounds: 11.445290050062344
At round 12 global rounds: 22.101184929091907
At round 12 tau: 6.6247873516880125
At round 12 accuracy: 0.8302325581395349
At round 12 training accuracy: 0.8343230403800475
At round 12 training loss: 0.31415659325995193
At round 12 test loss: 0.49310142371168203
gradient difference: 0.8687580227851868
ground = 13 remain_eps = 0.13057998360697426	remain_tau = 5.899944054754239
update_location
xs = [-239.553492  359.553492 -344.553492 -298.840974 -148.840974  -48.840974  348.840974 -139.553492  448.840974  384.553492]
ys = [-259.553492  314.553492 -359.553492  429.414963  359.414963  309.414963   85.585037 -159.553492   35.585037  344.553492]
dists_uav = [658.16322  210.707569 801.511545 550.179011 388.749993 282.695713 224.100464 518.996558 325.469982 244.076963]
uav_gains = [6.662505e-13 4.246075e-11 4.209901e-13 1.020276e-12 2.633567e-12 1.169311e-11 3.486749e-11 1.176877e-12 5.440831e-12 2.496790e-11]
dists_bs = [339.411842 890.379753 372.078393 976.277677 872.208527 810.887183 681.615625 367.938856 698.791494 927.982753]
bs_gains = [3.753134e-11 2.913708e-12 2.941977e-11 2.282712e-12 3.077348e-12 3.733150e-12 5.914810e-12 3.030505e-11 5.537317e-12 2.611198e-12]
At round 13 optimal eta: 0.24362572283930345
At round 13 optimal freqs: [4.148223e+07 8.776459e+07 5.343436e+07 1.540136e+08 8.936655e+07 9.717894e+07 1.058529e+08 4.408523e+07 7.090700e+07 8.981900e+07]
At round 13 optimal decs: [0 0 0 0 0 0 0 0 0 0]
At round 13 optimal powers: [6.040403e-05 7.017379e-04 1.091726e-04 1.918597e-03 6.877797e-04 7.168601e-04 6.482248e-04 6.835582e-05 3.523530e-04 7.647370e-04]
At round 13 t_co: [0.463487 0.504045 0.353072 0.281418 0.490016 0.40627  0.309598 0.498688 0.523838 0.513923]
At round 13 e_co: [2.799648e-05 3.537075e-04 3.854574e-05 5.399280e-04 3.370227e-04 2.912389e-04 2.006894e-04 3.408825e-05 1.845760e-04 3.930159e-04]
At round 13 t_cp: [0.201413 0.105631 0.274168 0.37454  0.144721 0.240262 0.363298 0.231059 0.12913  0.096844]
At round 13 e_cp: [1.437718e-06 7.140860e-06 4.182906e-06 1.368282e-04 1.032893e-05 2.204963e-05 4.308952e-05 1.979716e-06 4.603573e-06 7.017409e-06]
At round 13 average t_co: 0.5238383434014031 average t_cp: 0.37454003761107124 t: 0.729747795453528
At round 13 average e_co: 0.0024008089078224283 average e_cp: 0.0002386584269526504 e: 0.002639467334775079
At round 13 a_n: 16.71676777513677
At round 13 local rounds: 11.445290050062344
At round 13 global rounds: 22.101184929091907
At round 13 tau: 5.899944054754239
At round 13 accuracy: 0.8325581395348837
At round 13 training accuracy: 0.83729216152019
At round 13 training loss: 0.2902942779753431
At round 13 test loss: 0.4750827580780629
gradient difference: 0.8015840649604797
ground = 14 remain_eps = 0.18994871021202753	remain_tau = 5.170196259300711
update_location
xs = [-236.442222  356.442222 -341.442222 -294.905665 -144.905665  -44.905665  344.905665 -136.442222  444.905665  381.442222]
ys = [-256.442222  311.442222 -356.442222  427.446884  357.446884  307.446884   87.553116 -156.442222   37.553116  341.442222]
dists_uav = [653.818786 206.968232 797.148239 545.862461 384.514712 278.613966 220.317563 514.686425 321.349732 240.144734]
uav_gains = [6.766881e-13 4.473726e-11 4.263515e-13 1.039963e-12 2.733186e-12 1.269297e-11 3.693140e-11 1.201456e-12 5.797816e-12 2.677742e-11]
dists_bs = [339.448546 886.278477 370.39388  973.204538 869.604974 808.69462  681.306526 369.65988  697.785356 923.863184]
bs_gains = [3.752058e-11 2.949575e-12 2.977566e-11 2.301864e-12 3.101824e-12 3.760031e-12 5.921923e-12 2.993260e-11 5.558500e-12 2.642167e-12]
At round 14 optimal eta: 0.24362572283930345
At round 14 optimal freqs: [4.148223e+07 8.776459e+07 5.343436e+07 1.540136e+08 8.936655e+07 9.717894e+07 1.058529e+08 4.408523e+07 7.090700e+07 8.981900e+07]
At round 14 optimal decs: [0 0 0 0 0 0 0 0 0 0]
At round 14 optimal powers: [6.040403e-05 7.017379e-04 1.091726e-04 1.918597e-03 6.877797e-04 7.168601e-04 6.482248e-04 6.835582e-05 3.523530e-04 7.647370e-04]
At round 14 t_co: [0.463594 0.499023 0.349882 0.279763 0.486865 0.403997 0.309328 0.503761 0.522191 0.508969]
At round 14 e_co: [2.800295e-05 3.501832e-04 3.819754e-05 5.367522e-04 3.348557e-04 2.896093e-04 2.005138e-04 3.443499e-05 1.839955e-04 3.892275e-04]
At round 14 t_cp: [0.201413 0.105631 0.274168 0.37454  0.144721 0.240262 0.363298 0.231059 0.12913  0.096844]
At round 14 e_cp: [1.437718e-06 7.140860e-06 4.182906e-06 1.368282e-04 1.032893e-05 2.204963e-05 4.308952e-05 1.979716e-06 4.603573e-06 7.017409e-06]
At round 14 average t_co: 0.5221907923505654 average t_cp: 0.37454003761107124 t: 0.7348203322298523
At round 14 average e_co: 0.0023857727773200395 average e_cp: 0.0002386584269526504 e: 0.0026244312042726895
At round 14 a_n: 16.71676777513677
At round 14 local rounds: 11.445290050062344
At round 14 global rounds: 22.101184929091907
At round 14 tau: 5.170196259300711
At round 14 accuracy: 0.8302325581395349
At round 14 training accuracy: 0.8390736342042755
At round 14 training loss: 0.2847669320619021
At round 14 test loss: 0.48089627490285064
gradient difference: 0.7759736776351929
ground = 15 remain_eps = 0.2763096725437616	remain_tau = 4.435375927070859
update_location
xs = [-233.330952  353.330952 -338.330952 -290.970355 -140.970355  -40.970355  340.970355 -133.330952  440.970355  378.330952]
ys = [-253.330952  308.330952 -353.330952  425.478804  355.478804  305.478804   89.521196 -153.330952   39.521196  338.330952]
dists_uav = [649.4751   203.255352 792.78534  541.547254 380.28317  274.542051 216.557981 510.377825 317.236995 236.229005]
uav_gains = [6.873662e-13 4.707832e-11 4.318116e-13 1.060235e-12 2.839986e-12 1.378204e-11 3.904353e-11 1.226848e-12 6.192067e-12 2.865035e-11]
dists_bs = [339.542269 882.180078 368.754177 970.141621 867.015931 806.520101 681.025714 371.425055 696.80555  919.746212]
bs_gains = [3.749314e-11 2.986028e-12 3.012781e-11 2.321173e-12 3.126431e-12 3.786956e-12 5.928396e-12 2.955710e-11 5.579237e-12 2.673624e-12]
At round 15 optimal eta: 0.24362572283930345
At round 15 optimal freqs: [4.148223e+07 8.776459e+07 5.343436e+07 1.540136e+08 8.936655e+07 9.717894e+07 1.058529e+08 4.408523e+07 7.090700e+07 8.981900e+07]
At round 15 optimal decs: [0 0 0 0 0 0 0 0 0 0]
At round 15 optimal powers: [6.040403e-05 7.017379e-04 1.091726e-04 1.918597e-03 6.877797e-04 7.168601e-04 6.482248e-04 6.835582e-05 3.523530e-04 7.647370e-04]
At round 15 t_co: [0.463867 0.494041 0.346799 0.278121 0.483746 0.401752 0.309082 0.509003 0.52059  0.504053]
At round 15 e_co: [2.801946e-05 3.466872e-04 3.786092e-05 5.336017e-04 3.327110e-04 2.880000e-04 2.003545e-04 3.479330e-05 1.834314e-04 3.854681e-04]
At round 15 t_cp: [0.201413 0.105631 0.274168 0.37454  0.144721 0.240262 0.363298 0.231059 0.12913  0.096844]
At round 15 e_cp: [1.437718e-06 7.140860e-06 4.182906e-06 1.368282e-04 1.032893e-05 2.204963e-05 4.308952e-05 1.979716e-06 4.603573e-06 7.017409e-06]
At round 15 average t_co: 0.5205899907176843 average t_cp: 0.37454003761107124 t: 0.7400621156474319
At round 15 average e_co: 0.00237092758477941 average e_cp: 0.0002386584269526504 e: 0.00260958601173206
At round 15 a_n: 16.71676777513677
At round 15 local rounds: 11.445290050062344
At round 15 global rounds: 22.101184929091907
At round 15 tau: 4.435375927070859
At round 15 accuracy: 0.8325581395348837
At round 15 training accuracy: 0.8479809976247031
At round 15 training loss: 0.2653033103490055
At round 15 test loss: 0.46993421264418744
gradient difference: 0.7180511355400085
ground = 16 remain_eps = 0.40193500159079504	remain_tau = 3.6953138114234267
update_location
xs = [-230.219683  350.219683 -335.219683 -287.035045 -137.035045  -37.035045  337.035045 -130.219683  437.035045  375.219683]
ys = [-250.219683  305.219683 -350.219683  423.510724  353.510724  303.510724   91.489276 -150.219683   41.489276  335.219683]
dists_uav = [645.132177 199.570407 788.422853 537.233423 376.055495 270.480413 212.822954 506.070798 313.132067 232.33061 ]
uav_gains = [6.982923e-13 4.949082e-11 4.373731e-13 1.081116e-12 2.954744e-12 1.496291e-11 4.120582e-11 1.253094e-12 6.627782e-12 3.058171e-11]
dists_bs = [339.692963 878.084599 367.159882 967.089021 864.441531 804.363773 680.773226 373.233755 695.852187 915.631874]
bs_gains = [3.744908e-11 3.023077e-12 3.047574e-11 2.340639e-12 3.151165e-12 3.813919e-12 5.934225e-12 2.917905e-11 5.599516e-12 2.705579e-12]
At round 16 optimal eta: 0.24362572283930345
At round 16 optimal freqs: [4.148223e+07 8.776459e+07 5.343436e+07 1.540136e+08 8.936655e+07 9.717894e+07 1.058529e+08 4.408523e+07 7.090700e+07 8.981900e+07]
At round 16 optimal decs: [0 0 0 0 0 0 0 0 0 0]
At round 16 optimal powers: [6.040403e-05 7.017379e-04 1.091726e-04 1.918597e-03 6.877797e-04 7.168601e-04 6.482248e-04 6.835582e-05 3.523530e-04 7.647370e-04]
At round 16 t_co: [0.464307 0.489099 0.343821 0.276492 0.48066  0.399535 0.308861 0.514415 0.519036 0.499175]
At round 16 e_co: [2.804602e-05 3.432193e-04 3.753582e-05 5.304765e-04 3.305884e-04 2.864107e-04 2.002113e-04 3.516326e-05 1.828838e-04 3.817378e-04]
At round 16 t_cp: [0.201413 0.105631 0.274168 0.37454  0.144721 0.240262 0.363298 0.231059 0.12913  0.096844]
At round 16 e_cp: [1.437718e-06 7.140860e-06 4.182906e-06 1.368282e-04 1.032893e-05 2.204963e-05 4.308952e-05 1.979716e-06 4.603573e-06 7.017409e-06]
At round 16 average t_co: 0.5190358271897932 average t_cp: 0.37454003761107124 t: 0.7454743812031679
At round 16 average e_co: 0.002356272834341484 average e_cp: 0.0002386584269526504 e: 0.002594931261294134
At round 16 a_n: 16.71676777513677
At round 16 local rounds: 11.445290050062344
At round 16 global rounds: 22.101184929091907
At round 16 tau: 3.6953138114234267
At round 16 accuracy: 0.8348837209302326
At round 16 training accuracy: 0.8473871733966746
At round 16 training loss: 0.2638093423089477
At round 16 test loss: 0.4535797020832511
gradient difference: 0.7416742444038391
ground = 17 remain_eps = 0.5846764031693681	remain_tau = 2.949839430220259
update_location
xs = [-227.108413  347.108413 -332.108413 -283.099736 -133.099736  -33.099736  333.099736 -127.108413  433.099736  372.108413]
ys = [-247.108413  302.108413 -347.108413  421.542645  351.542645  301.542645   93.457355 -147.108413   43.457355  332.108413]
dists_uav = [640.790032 195.914973 784.060785 532.921    371.831818 266.429521 209.113798 501.765384 309.03526  228.450437]
uav_gains = [7.094743e-13 5.198259e-11 4.430382e-13 1.102635e-12 3.078335e-12 1.623692e-11 4.342164e-11 1.280237e-12 7.109486e-12 3.256752e-11]
dists_bs = [339.900553 873.99208  365.611591 964.046838 861.881903 802.225781 680.549092 375.085352 694.925376 911.520204]
bs_gains = [3.738850e-11 3.060735e-12 3.081894e-11 2.360263e-12 3.176025e-12 3.840913e-12 5.939405e-12 2.879889e-11 5.619328e-12 2.738040e-12]
At round 17 optimal eta: 0.24362572283930345
At round 17 optimal freqs: [4.148223e+07 8.776459e+07 5.343436e+07 1.540136e+08 8.936655e+07 9.717894e+07 1.058529e+08 4.408523e+07 7.090700e+07 8.981900e+07]
At round 17 optimal decs: [0 0 0 0 0 0 0 0 0 0]
At round 17 optimal powers: [6.040403e-05 7.017379e-04 1.091726e-04 1.918597e-03 6.877797e-04 7.168601e-04 6.482248e-04 6.835582e-05 3.523530e-04 7.647370e-04]
At round 17 t_co: [0.464913 0.484197 0.340948 0.274876 0.477606 0.397346 0.308665 0.519999 0.517528 0.494335]
At round 17 e_co: [2.808265e-05 3.397794e-04 3.722216e-05 5.273763e-04 3.284879e-04 2.848415e-04 2.000842e-04 3.554496e-05 1.823526e-04 3.780363e-04]
At round 17 t_cp: [0.201413 0.105631 0.274168 0.37454  0.144721 0.240262 0.363298 0.231059 0.12913  0.096844]
At round 17 e_cp: [1.437718e-06 7.140860e-06 4.182906e-06 1.368282e-04 1.032893e-05 2.204963e-05 4.308952e-05 1.979716e-06 4.603573e-06 7.017409e-06]
At round 17 average t_co: 0.5199989523675774 average t_cp: 0.37454003761107124 t: 0.7510583907554604
At round 17 average e_co: 0.002341808039522401 average e_cp: 0.0002386584269526504 e: 0.002580466466475051
At round 17 a_n: 16.71676777513677
At round 17 local rounds: 11.445290050062344
At round 17 global rounds: 22.101184929091907
At round 17 tau: 2.949839430220259
At round 17 accuracy: 0.8395348837209302
At round 17 training accuracy: 0.8479809976247031
At round 17 training loss: 0.252362259184191
At round 17 test loss: 0.4494346564404608
gradient difference: 0.7239629030227661
ground = 18 remain_eps = 0.8505019345667711	remain_tau = 2.1987810394647984
update_location
xs = [-223.997143  343.997143 -328.997143 -279.164426 -129.164426  -29.164426  329.164426 -123.997143  429.164426  368.997143]
ys = [-243.997143  298.997143 -343.997143  419.574565  349.574565  299.574565   95.425435 -143.997143   45.425435  328.997143]
dists_uav = [636.448683 192.290732 779.699144 528.610021 367.612278 262.389873 205.431914 497.461625 304.946902 224.589429]
uav_gains = [7.209203e-13 5.456217e-11 4.488097e-13 1.124819e-12 3.211753e-12 1.760402e-11 4.569568e-11 1.308324e-12 7.642000e-12 3.460508e-11]
dists_bs = [340.164935 869.902563 364.109889 961.01517  859.337181 800.106273 680.353341 376.979211 694.025223 907.411238]
bs_gains = [3.731155e-11 3.099013e-12 3.115692e-11 2.380046e-12 3.201010e-12 3.867935e-12 5.943935e-12 2.841708e-11 5.638663e-12 2.771019e-12]
At round 18 optimal eta: 0.24362572283930345
At round 18 optimal freqs: [4.148223e+07 8.776459e+07 5.343436e+07 1.540136e+08 8.936655e+07 9.717894e+07 1.058529e+08 4.408523e+07 7.090700e+07 8.981900e+07]
At round 18 optimal decs: [0 0 0 0 0 0 0 0 0 0]
At round 18 optimal powers: [6.040403e-05 7.017379e-04 1.091726e-04 1.918597e-03 6.877797e-04 7.168601e-04 6.482248e-04 6.835582e-05 3.523530e-04 7.647370e-04]
At round 18 t_co: [0.465686 0.479335 0.338179 0.273273 0.474584 0.395185 0.308494 0.525756 0.516067 0.489533]
At round 18 e_co: [2.812934e-05 3.363675e-04 3.691987e-05 5.243012e-04 3.264094e-04 2.832923e-04 1.999733e-04 3.593848e-05 1.818377e-04 3.743637e-04]
At round 18 t_cp: [0.201413 0.105631 0.274168 0.37454  0.144721 0.240262 0.363298 0.231059 0.12913  0.096844]
At round 18 e_cp: [1.437718e-06 7.140860e-06 4.182906e-06 1.368282e-04 1.032893e-05 2.204963e-05 4.308952e-05 1.979716e-06 4.603573e-06 7.017409e-06]
At round 18 average t_co: 0.5257559933816328 average t_cp: 0.37454003761107124 t: 0.7568154317695157
At round 18 average e_co: 0.0023275327232229505 average e_cp: 0.0002386584269526504 e: 0.0025661911501756005
At round 18 a_n: 16.71676777513677
At round 18 local rounds: 11.445290050062344
At round 18 global rounds: 22.101184929091907
At round 18 tau: 2.1987810394647984
At round 18 accuracy: 0.8418604651162791
At round 18 training accuracy: 0.8533254156769596
At round 18 training loss: 0.24667125965276127
At round 18 test loss: 0.4470436985279585
gradient difference: 0.7642764449119568
ground = 19 remain_eps = 1.2371861371191346	remain_tau = 1.4419656076952827
update_location
xs = [-220.885873  340.885873 -325.885873 -275.229116 -125.229116  -25.229116  325.229116 -120.885873  425.229116  365.885873]
ys = [-240.885873  295.885873 -340.885873  417.606485  347.606485  297.606485   97.393515 -140.885873   47.393515  325.885873]
dists_uav = [632.108144 188.699483 775.337935 524.300521 363.397019 258.361997 201.778794 493.159565 300.867335 220.748592]
uav_gains = [7.326390e-13 5.723867e-11 4.546901e-13 1.147700e-12 3.356119e-12 1.906274e-11 4.803377e-11 1.337406e-12 8.230387e-12 3.669319e-11]
dists_bs = [340.485976 865.81609  362.655357 957.994117 856.807496 798.005397 680.185996 378.914701 693.151832 903.305014]
bs_gains = [3.721839e-11 3.137925e-12 3.148917e-11 2.399988e-12 3.226115e-12 3.894979e-12 5.947811e-12 2.803404e-11 5.657510e-12 2.804525e-12]
Model saved in /Volumes/Research/code/fedcom-torch/models/mnist/s1
