Arguments:
	      dataset : mnist
	learning_rate : 0.01
	        model : mclr
	 model_params : (784, 10)
	        optim : 1
	      sce_idx : 1
	          tau : 12.0
['f_00000', 'f_00001', 'f_00002', 'f_00003', 'f_00004', 'f_00005', 'f_00006', 'f_00007', 'f_00008', 'f_00009']
10
dict_keys(['x', 'y'])
id = f_00000, model = <class 'flearn.models.mnist.mclr.Model'>, device = cuda, num_samples = 73
id = f_00001, model = <class 'flearn.models.mnist.mclr.Model'>, device = cuda, num_samples = 81
id = f_00002, model = <class 'flearn.models.mnist.mclr.Model'>, device = cuda, num_samples = 128
id = f_00003, model = <class 'flearn.models.mnist.mclr.Model'>, device = cuda, num_samples = 504
id = f_00004, model = <class 'flearn.models.mnist.mclr.Model'>, device = cuda, num_samples = 113
id = f_00005, model = <class 'flearn.models.mnist.mclr.Model'>, device = cuda, num_samples = 204
id = f_00006, model = <class 'flearn.models.mnist.mclr.Model'>, device = cuda, num_samples = 336
id = f_00007, model = <class 'flearn.models.mnist.mclr.Model'>, device = cuda, num_samples = 89
id = f_00008, model = <class 'flearn.models.mnist.mclr.Model'>, device = cuda, num_samples = 80
id = f_00009, model = <class 'flearn.models.mnist.mclr.Model'>, device = cuda, num_samples = 76
BaseFederated generated!
num_samples = [ 73  81 128 504 113 204 336  89  80  76]
msize = 300240
xs = [-280.  400. -385. -350. -200. -100.  400. -180.  500.  425.]
ys = [-300.  355. -400.  455.  385.  335.   60. -200.   10.  385.]
dists_uav = [714.702735 261.199158 858.268606 606.403331 444.100214 336.489227 274.954542 575.152154 379.605058 296.395007]
uav_gains = [5.494875e-13 1.802536e-11 3.593089e-13 8.081917e-13 1.762643e-12 4.643011e-12 1.366745e-11 9.167988e-13 2.857829e-12 8.947599e-12]
dists_bs = [ 344.093011  943.941206  397.775062 1017.116021  907.317475  840.966706  688.186021  349.857114  714.212853  981.758626]
bs_gains = [3.619341e-11 2.495838e-12 2.464796e-11 2.047806e-12 2.771778e-12 3.389665e-12 5.766337e-12 3.463460e-11 5.226094e-12 2.249096e-12]
v = 14.728130493592673 a_0 = 14.091616720954645
SystemModel __init__!
solve_bound_eta tau = 12.0
af = [0.109289 0.121266 0.19163  0.754542 0.169173 0.30541  0.503028 0.133243 0.119769 0.11378 ]
bf = [0.430706 0.706756 0.456424 0.741497 0.68959  0.658816 0.589135 0.433505 0.600925 0.724633]
tmp = [-1.164886e-44 -3.551624e-39 -4.317919e-25 -5.265043e-06 -6.534630e-28 -2.931411e-15 -3.356620e-09 -1.796340e-36 -4.639856e-40 -9.671143e-42]
w0 = [-1.164886e-44+0.j -3.551624e-39+0.j -4.317919e-25+0.j -5.265071e-06+0.j -6.534630e-28+0.j -2.931411e-15+0.j -3.356620e-09+0.j -1.796340e-36+0.j -4.639856e-40+0.j -9.671143e-42+0.j]
w_1 = [-105.822887+0.j  -93.06673 +0.j  -60.199518+0.j  -14.852596+0.j  -66.796924+0.j  -37.076269+0.j  -22.631682+0.j  -86.77058 +0.j  -95.123901+0.j  -99.0349  +0.j]
xs_min = [-105.859788  -93.128091  -60.238951  -14.920967  -66.857006  -37.134299  -22.684347  -86.807803  -95.175821  -99.097821]
xs_max = [-0.036901 -0.061361 -0.039432 -0.068376 -0.060082 -0.05803  -0.052665 -0.037223 -0.05192  -0.062921]
solve_bound_eta x_min = -14.92096672097234	x_max = -0.06837608247618832
solve_bound_eta eta_min = 3.3105983054435114e-07	eta_max = 0.9339091806466039
af = 2.016903237681796	bf = 0.6031988058982731	zeta = 2.037072270058614	eta = 0.9900990099009902
af = 2.016903237681796	bf = 0.6031988058982731	zeta = 62.950033701615936	eta = 0.032039748338212916
af = 2.016903237681796	bf = 0.6031988058982731	zeta = 7.792587664975795	eta = 0.2588232977791031
af = 2.016903237681796	bf = 0.6031988058982731	zeta = 4.491863778307481	eta = 0.44901255630725256
af = 2.016903237681796	bf = 0.6031988058982731	zeta = 4.0257580852119075	eta = 0.5009996117478158
af = 2.016903237681796	bf = 0.6031988058982731	zeta = 4.002364387980845	eta = 0.5039279391298264
af = 2.016903237681796	bf = 0.6031988058982731	zeta = 4.00229547528696	eta = 0.503936615908446
eta = 0.503936615908446
opt_as = [0.208111 0.208111 0.208111 0.208111 0.208111 0.208111 0.208111 0.208111 0.208111 0.208111]
opt_bs = [9048.353179  623.959564 6161.990667  511.951403  692.944528  847.416125 1441.584338 8658.649719 1306.523561  562.274031]
opt_cs = [10629890.335881 11794809.824745 18638711.821819 73389927.798413 16454487.7802   29705446.966024 48926618.532275 12959729.313609 11649194.888637 11066735.144205]
opt_tau = [0.422433 0.422433 0.422433 0.422433 0.422433 0.422433 0.422433 0.422433 0.422433 0.422433]
iter = 15 converged! (z, t) = (1.2647604239601642, 14.978783727097749)
iter = 11 converged! (z, t) = (1.6054272229029845, 7.488589354264958)
iter = 12 converged! (z, t) = (1.0373526276152878, 11.081709010692911)
iter = 10 converged! (z, t) = (0.7588464196599576, 3.604157375712183)
iter = 15 converged! (z, t) = (1.4618677241279365, 7.183616366581509)
iter = 10 converged! (z, t) = (1.141315674222747, 6.224884559296774)
iter = 11 converged! (z, t) = (0.7880710541153158, 5.281928401427591)
iter = 15 converged! (z, t) = (1.1702594045872872, 13.803489204456097)
iter = 12 converged! (z, t) = (1.5175522331654705, 9.152065631503701)
iter = 14 converged! (z, t) = (1.638686412899276, 7.355818970366693)
opt_freqs = [6.676109e+07 1.335365e+08 9.023879e+07 2.774574e+08 1.392057e+08 1.606455e+08 1.893248e+08 7.244545e+07 1.092650e+08 1.359468e+08]
opt_powers = [0.000133 0.001385 0.000263 0.005343 0.001417 0.001654 0.001774 0.000156 0.000714 0.001496]
optimize_network iter = 0 obj = 0.11981317796338542
solve_bound_eta tau = 12.0
af = [3.274028 1.816218 4.247171 5.438978 2.43055  3.802283 5.313917 3.678425 2.19226  1.673893]
bf = [3.709054 4.708098 3.042154 2.225403 4.287093 3.347038 2.311108 3.431919 4.450394 4.805634]
tmp = [-0.291285 -0.119226 -0.342844 -0.365743 -0.206691 -0.324191 -0.364683 -0.317633 -0.174858 -0.097468]
w0 = [-0.462634+0.j -0.13669 +0.j -0.669997+0.j -0.895929+0.j -0.27104 +0.j -0.577669+0.j -0.873634+0.j -0.551199+0.j -0.217299+0.j -0.108655+0.j]
w_1 = [-1.847033+0.j -3.329578+0.j -1.423828+0.j -1.111834+0.j -2.488013+0.j -1.590423+0.j -1.138   +0.j -1.643975+0.j -2.75845 +0.j -3.61268 +0.j]
xs_min = [-2.069704 -3.878193 -1.439135 -0.901209 -2.902277 -1.698059 -0.949671 -1.778081 -3.226456 -4.18933 ]
xs_max = [-0.685305 -0.685305 -0.685305 -0.685305 -0.685305 -0.685305 -0.685305 -0.685305 -0.685305 -0.685305]
solve_bound_eta x_min = -0.9012093867098916	x_max = -0.6853047809058996
solve_bound_eta eta_min = 0.4060782570053268	eta_max = 0.5039366159084459
af = 0.019143813712001388	bf = 0.04631558345767413	zeta = 0.019335251849121403	eta = 0.99009900990099
af = 0.019143813712001388	bf = 0.04631558345767413	zeta = 4.697113144527839	eta = 0.004075655221187088
af = 0.019143813712001388	bf = 0.04631558345767413	zeta = 0.15227934001421703	eta = 0.12571510823604892
af = 0.019143813712001388	bf = 0.04631558345767413	zeta = 0.09838305414934062	eta = 0.19458446251263986
af = 0.019143813712001388	bf = 0.04631558345767413	zeta = 0.09641219603680262	eta = 0.19856215809765165
af = 0.019143813712001388	bf = 0.04631558345767413	zeta = 0.09640733814613847	eta = 0.19857216349011064
eta = 0.19857216349011064
opt_as = [0.208111 0.208111 0.208111 0.208111 0.208111 0.208111 0.208111 0.208111 0.208111 0.208111]
opt_bs = [9048.353179  623.959564 6161.990667  511.951403  692.944528  847.416125 1441.584338 8658.649719 1306.523561  562.274031]
opt_cs = [13978826.96474  15510753.207452 24510819.88338  96511353.29081  21638458.178297 39064119.189138 64340902.193874 17042679.450163 15319262.427113 14553299.305757]
opt_tau = [0.505766 0.505766 0.505766 0.505766 0.505766 0.505766 0.505766 0.505766 0.505766 0.505766]
iter = 15 converged! (z, t) = (1.3602296087265513, 15.930374164339762)
iter = 17 converged! (z, t) = (1.8143785274385058, 8.263607792252328)
iter = 15 converged! (z, t) = (1.0787379552155252, 11.47531240059923)
iter = 10 converged! (z, t) = (0.7588464682073716, 3.604157271027845)
iter = 16 converged! (z, t) = (1.6184545488677107, 7.807793821474254)
iter = 14 converged! (z, t) = (1.2051942336120944, 6.526511799657255)
iter = 13 converged! (z, t) = (0.7911191020067697, 5.301850142065198)
iter = 20 converged! (z, t) = (1.240987363536523, 14.52257017741981)
iter = 15 converged! (z, t) = (1.6937344833243104, 10.00583907259221)
iter = 11 converged! (z, t) = (1.8608033448818682, 8.143396625548807)
opt_freqs = [6.277316e+07 1.210125e+08 8.714360e+07 2.774574e+08 1.280772e+08 1.532212e+08 1.886134e+08 6.885833e+07 9.994164e+07 1.227989e+08]
opt_powers = [0.00012  0.001178 0.000248 0.005343 0.001234 0.001525 0.001762 0.000143 0.000616 0.001265]
optimize_network iter = 1 obj = 0.10444005708400314
solve_bound_eta tau = 12.0
af = [3.482024 2.004185 4.398023 5.438977 2.641738 3.986523 5.333959 3.870049 2.396771 1.853114]
bf = [3.989028 5.320871 3.163522 2.225403 4.746302 3.534369 2.320047 3.639336 4.967069 5.457017]
tmp = [-0.345289 -0.213755 -0.365883 -0.365743 -0.291611 -0.360027 -0.366424 -0.357467 -0.266188 -0.189614]
w0 = [-0.684922+0.j -0.283944+0.j -0.899271+0.j -0.895929+0.j -0.463598+0.j -0.8064  +0.j -0.913569+0.j -0.779116+0.j -0.395207+0.j -0.241379+0.j]
w_1 = [-1.399456+0.j -2.431382+0.j -1.107984+0.j -1.111834+0.j -1.844596+0.j -1.222353+0.j -1.091718+0.j -1.259141+0.j -2.033127+0.j -2.629595+0.j]
xs_min = [-1.615743 -3.048648 -1.109923 -0.901209 -2.282207 -1.317162 -0.901209 -1.381235 -2.539129 -3.289425]
xs_max = [-0.901209 -0.901209 -0.901209 -0.685305 -0.901209 -0.901209 -0.72306  -0.901209 -0.901209 -0.901209]
solve_bound_eta x_min = -0.9012093867098945	x_max = -0.901209386709898
solve_bound_eta eta_min = 0.4060782570053256	eta_max = 0.4060782570053242
Done!
af = 0.018626493337617605	bf = 0.045242850104444066	zeta = 0.018812758270993782	eta = 0.9900990099009901
af = 0.018626493337617605	bf = 0.045242850104444066	zeta = 4.588247177454553	eta = 0.004059609828594964
af = 0.018626493337617605	bf = 0.045242850104444066	zeta = 0.14841528071261928	eta = 0.12550253079185703
af = 0.018626493337617605	bf = 0.045242850104444066	zeta = 0.0959417541058515	eta = 0.19414376473737593
af = 0.018626493337617605	bf = 0.045242850104444066	zeta = 0.09402990436348944	eta = 0.19809116539790955
af = 0.018626493337617605	bf = 0.045242850104444066	zeta = 0.0940252303893387	eta = 0.19810101246749637
eta = 0.19810101246749637
At round 0 optimal eta: 0.4060782570053256
At round 0 optimal freqs: [6.277316e+07 1.210125e+08 8.714360e+07 2.774574e+08 1.280772e+08 1.532212e+08 1.886134e+08 6.885833e+07 9.994164e+07 1.227989e+08]
At round 0 optimal decs: [0 0 0 0 0 0 0 0 0 0]
At round 0 optimal powers: [0.00012  0.001178 0.000248 0.005343 0.001234 0.001525 0.001762 0.000143 0.000616 0.001265]
At round 0 t_co: [0.283078 0.377591 0.224497 0.157924 0.336817 0.250814 0.16464  0.258263 0.352484 0.387253]
At round 0 e_co: [3.397044e-05 4.449405e-04 5.563025e-05 8.437258e-04 4.155770e-04 3.826141e-04 2.900496e-04 3.694114e-05 2.171064e-04 4.900664e-04]
At round 0 t_cp: [0.222688 0.128175 0.281269 0.347842 0.168949 0.254952 0.341126 0.247504 0.153282 0.118513]
At round 0 e_cp: [5.508315e-06 2.271399e-05 1.861353e-05 7.429694e-04 3.549520e-05 9.170981e-05 2.288929e-04 8.080736e-06 1.530139e-05 2.194574e-05]
At round 0 average t_co: 0.3872527321665143 average t_cp: 0.34784209569981284 t: 0.5057660208241361
At round 0 average e_co: 0.0032106216767283082 average e_cp: 0.0011912309971068454 e: 0.004401852673835154
At round 0 a_n: 14.091616720954645
At round 0 local rounds: 19.14907803389103
At round 0 global rounds: 23.726386324740098
At round 0 tau: 12.0
At round 0 accuracy: 0.1558139534883721
At round 0 training accuracy: 0.13657957244655583
At round 0 training loss: 2.3403323196175547
At round 0 test loss: 2.316995235145554
gradient difference: 34.26457214355469
ground = 1 remain_eps = 0.0014107204242835465	remain_tau = 11.494233979175863
update_location
xs = [-276.88873  396.88873 -381.88873 -346.06469 -196.06469  -96.06469  396.06469 -176.88873  496.06469  421.88873]
ys = [-296.88873  351.88873 -396.88873  453.03192  383.03192  333.03192   61.96808 -196.88873   11.96808  381.88873]
dists_uav = [710.349787 257.215492 853.90058  602.071858 439.8257   332.310872 270.952857 570.825129 375.408552 292.30561 ]
uav_gains = [5.573691e-13 1.949518e-11 3.635755e-13 8.220571e-13 1.810530e-12 4.921303e-12 1.482062e-11 9.335520e-13 2.973071e-12 9.675801e-12]
dists_bs = [ 343.397083  939.80587   395.564073 1013.918444  904.536752  838.552685  687.513899  350.950231  712.875509  977.608221]
bs_gains = [3.638811e-11 2.525047e-12 2.501474e-11 2.064964e-12 2.794416e-12 3.415585e-12 5.781288e-12 3.434946e-11 5.252115e-12 2.274488e-12]
At round 1 optimal eta: 0.4060782570053256
At round 1 optimal freqs: [6.277316e+07 1.210125e+08 8.714360e+07 2.774574e+08 1.280772e+08 1.532212e+08 1.886134e+08 6.885833e+07 9.994164e+07 1.227989e+08]
At round 1 optimal decs: [0 0 0 0 0 0 0 0 0 0]
At round 1 optimal powers: [0.00012  0.001178 0.000248 0.005343 0.001234 0.001525 0.001762 0.000143 0.000616 0.001265]
At round 1 t_co: [0.282005 0.374233 0.22235  0.157194 0.334782 0.24952  0.164398 0.259734 0.351165 0.383908]
At round 1 e_co: [3.384171e-05 4.409828e-04 5.509820e-05 8.398274e-04 4.130651e-04 3.806405e-04 2.896238e-04 3.715163e-05 2.162939e-04 4.858331e-04]
At round 1 t_cp: [0.222688 0.128175 0.281269 0.347842 0.168949 0.254952 0.341126 0.247504 0.153282 0.118513]
At round 1 e_cp: [5.508315e-06 2.271399e-05 1.861353e-05 7.429694e-04 3.549520e-05 9.170981e-05 2.288929e-04 8.080736e-06 1.530139e-05 2.194574e-05]
At round 1 average t_co: 0.38390755639176305 average t_cp: 0.34784209569981284 t: 0.5072375812453043
At round 1 average e_co: 0.003192358178942256 average e_cp: 0.0011912309971068454 e: 0.004383589176049101
At round 1 a_n: 14.091616720954645
At round 1 local rounds: 19.14907803389103
At round 1 global rounds: 23.726386324740098
At round 1 tau: 11.494233979175863
At round 1 accuracy: 0.7465116279069768
At round 1 training accuracy: 0.7280285035629454
At round 1 training loss: 0.9409567212360017
At round 1 test loss: 1.0410133562173491
gradient difference: 0.7157177329063416
ground = 2 remain_eps = 0.0019901321154907493	remain_tau = 10.98699639793056
update_location
xs = [-273.77746   393.77746  -378.77746  -342.129381 -192.129381  -92.129381  392.129381 -173.77746   492.129381  418.77746 ]
ys = [-293.77746   348.77746  -393.77746   451.063841  381.063841  331.063841   63.936159 -193.77746    13.936159  378.77746 ]
dists_uav = [705.997423 253.245609 849.532883 597.741385 435.553684 328.138312 266.963708 566.499229 371.216758 288.225362]
uav_gains = [5.654156e-13 2.105031e-11 3.679153e-13 8.362774e-13 1.860718e-12 5.227995e-12 1.606337e-11 9.507689e-13 3.097138e-12 1.047733e-11]
dists_bs = [ 342.756231  935.672948  393.389873 1010.729906  901.768923  836.154848  686.869306  352.094944  711.56286   973.460007]
bs_gains = [3.656868e-11 2.554711e-12 2.538278e-11 2.082272e-12 2.817203e-12 3.441603e-12 5.795677e-12 3.405431e-11 5.277830e-12 2.300263e-12]
At round 2 optimal eta: 0.4060782570053256
At round 2 optimal freqs: [6.277316e+07 1.210125e+08 8.714360e+07 2.774574e+08 1.280772e+08 1.532212e+08 1.886134e+08 6.885833e+07 9.994164e+07 1.227989e+08]
At round 2 optimal decs: [0 0 0 0 0 0 0 0 0 0]
At round 2 optimal powers: [0.00012  0.001178 0.000248 0.005343 0.001234 0.001525 0.001762 0.000143 0.000616 0.001265]
At round 2 t_co: [0.28102  0.370899 0.220255 0.156469 0.332765 0.24824  0.164167 0.261282 0.349874 0.380586]
At round 2 e_co: [3.372351e-05 4.370542e-04 5.457905e-05 8.359551e-04 4.105766e-04 3.786881e-04 2.892159e-04 3.737308e-05 2.154988e-04 4.816298e-04]
At round 2 t_cp: [0.222688 0.128175 0.281269 0.347842 0.168949 0.254952 0.341126 0.247504 0.153282 0.118513]
At round 2 e_cp: [5.508315e-06 2.271399e-05 1.861353e-05 7.429694e-04 3.549520e-05 9.170981e-05 2.288929e-04 8.080736e-06 1.530139e-05 2.194574e-05]
At round 2 average t_co: 0.38058607499876246 average t_cp: 0.34784209569981284 t: 0.5087857743903287
At round 2 average e_co: 0.0031742941065359214 average e_cp: 0.0011912309971068454 e: 0.004365525103642768
At round 2 a_n: 14.091616720954645
At round 2 local rounds: 19.14907803389103
At round 2 global rounds: 23.726386324740098
At round 2 tau: 10.98699639793056
At round 2 accuracy: 0.7813953488372093
At round 2 training accuracy: 0.7707838479809976
At round 2 training loss: 0.6418377309648272
At round 2 test loss: 0.7058618154261233
gradient difference: 0.6267699003219604
ground = 3 remain_eps = 0.0028075200223454215	remain_tau = 10.47821062354023
update_location
xs = [-270.66619   390.66619  -375.66619  -338.194071 -188.194071  -88.194071  388.194071 -170.66619   488.194071  415.66619 ]
ys = [-290.66619   345.66619  -390.66619   449.095761  379.095761  329.095761   65.904239 -190.66619    15.904239  375.66619 ]
dists_uav = [701.645652 249.290168 845.165522 593.411936 431.284243 323.97177  262.987665 562.174479 367.029838 284.154656]
uav_gains = [5.736313e-13 2.268636e-11 3.723298e-13 8.508654e-13 1.913387e-12 5.566505e-12 1.739564e-11 9.684679e-13 3.231013e-12 1.135723e-11]
dists_bs = [ 342.170762  931.542473  391.253075 1007.550491  899.014107  833.773335  686.252319  353.29075   710.275042  969.314015]
bs_gains = [3.673473e-11 2.584839e-12 2.575179e-11 2.099730e-12 2.840137e-12 3.467715e-12 5.809495e-12 3.374971e-11 5.303226e-12 2.326428e-12]
At round 3 optimal eta: 0.4060782570053256
At round 3 optimal freqs: [6.277316e+07 1.210125e+08 8.714360e+07 2.774574e+08 1.280772e+08 1.532212e+08 1.886134e+08 6.885833e+07 9.994164e+07 1.227989e+08]
At round 3 optimal decs: [0 0 0 0 0 0 0 0 0 0]
At round 3 optimal powers: [0.00012  0.001178 0.000248 0.005343 0.001234 0.001525 0.001762 0.000143 0.000616 0.001265]
At round 3 t_co: [0.280123 0.367589 0.218211 0.15575  0.330767 0.246974 0.163946 0.262907 0.348611 0.377288]
At round 3 e_co: [3.361581e-05 4.331546e-04 5.407273e-05 8.321089e-04 4.081112e-04 3.767570e-04 2.888259e-04 3.760554e-05 2.147208e-04 4.774563e-04]
At round 3 t_cp: [0.222688 0.128175 0.281269 0.347842 0.168949 0.254952 0.341126 0.247504 0.153282 0.118513]
At round 3 e_cp: [5.508315e-06 2.271399e-05 1.861353e-05 7.429694e-04 3.549520e-05 9.170981e-05 2.288929e-04 8.080736e-06 1.530139e-05 2.194574e-05]
At round 3 average t_co: 0.377288202977551 average t_cp: 0.34784209569981284 t: 0.5104109312710332
At round 3 average e_co: 0.0031564288998855517 average e_cp: 0.0011912309971068454 e: 0.004347659896992398
At round 3 a_n: 14.091616720954645
At round 3 local rounds: 19.14907803389103
At round 3 global rounds: 23.726386324740098
At round 3 tau: 10.47821062354023
At round 3 accuracy: 0.7813953488372093
At round 3 training accuracy: 0.7885985748218527
At round 3 training loss: 0.5317369789551716
At round 3 test loss: 0.6202480385065542
gradient difference: 0.569963276386261
ground = 4 remain_eps = 0.003960625837107685	remain_tau = 9.967799692269196
update_location
xs = [-267.554921  387.554921 -372.554921 -334.258761 -184.258761  -84.258761  384.258761 -167.554921  484.258761  412.554921]
ys = [-287.554921  342.554921 -387.554921  447.127681  377.127681  327.127681   67.872319 -187.554921   17.872319  372.554921]
dists_uav = [697.294487 245.349866 840.798501 589.083532 427.017451 319.811481 259.025332 557.850906 362.847961 280.093909]
uav_gains = [5.820212e-13 2.439814e-11 3.768209e-13 8.658344e-13 1.968736e-12 5.940609e-12 1.881600e-11 9.866684e-13 3.375805e-12 1.232003e-11]
dists_bs = [ 341.640963  927.414476  389.154294 1004.380288  896.272425  831.408287  685.663012  354.537134  709.012191  965.170271]
bs_gains = [3.688589e-11 2.615440e-12 2.612148e-11 2.117339e-12 2.863218e-12 3.493916e-12 5.822736e-12 3.343620e-11 5.328295e-12 2.352990e-12]
At round 4 optimal eta: 0.4060782570053256
At round 4 optimal freqs: [6.277316e+07 1.210125e+08 8.714360e+07 2.774574e+08 1.280772e+08 1.532212e+08 1.886134e+08 6.885833e+07 9.994164e+07 1.227989e+08]
At round 4 optimal decs: [0 0 0 0 0 0 0 0 0 0]
At round 4 optimal powers: [0.00012  0.001178 0.000248 0.005343 0.001234 0.001525 0.001762 0.000143 0.000616 0.001265]
At round 4 t_co: [0.279313 0.364305 0.21622  0.155034 0.328787 0.245722 0.163734 0.26461  0.347376 0.374014]
At round 4 e_co: [3.351858e-05 4.292840e-04 5.357916e-05 8.282886e-04 4.056690e-04 3.748471e-04 2.884538e-04 3.784905e-05 2.139601e-04 4.733127e-04]
At round 4 t_cp: [0.222688 0.128175 0.281269 0.347842 0.168949 0.254952 0.341126 0.247504 0.153282 0.118513]
At round 4 e_cp: [5.508315e-06 2.271399e-05 1.861353e-05 7.429694e-04 3.549520e-05 9.170981e-05 2.288929e-04 8.080736e-06 1.530139e-05 2.194574e-05]
At round 4 average t_co: 0.37401385514562646 average t_cp: 0.34784209569981284 t: 0.5121133981727296
At round 4 average e_co: 0.0031387620080459196 average e_cp: 0.0011912309971068454 e: 0.004329993005152765
At round 4 a_n: 14.091616720954645
At round 4 local rounds: 19.14907803389103
At round 4 global rounds: 23.726386324740098
At round 4 tau: 9.967799692269196
At round 4 accuracy: 0.7906976744186046
At round 4 training accuracy: 0.7975059382422803
At round 4 training loss: 0.47731146109382594
At round 4 test loss: 0.6211461656791872
gradient difference: 0.4335094392299652
ground = 5 remain_eps = 0.005587335761352929	remain_tau = 9.455686294096466
update_location
xs = [-264.443651  384.443651 -369.443651 -330.323452 -180.323452  -80.323452  380.323452 -164.443651  480.323452  409.443651]
ys = [-284.443651  339.443651 -384.443651  445.159601  375.159601  325.159601   69.840399 -184.443651   19.840399  369.443651]
dists_uav = [692.943938 241.425446 836.431825 584.756197 422.753391 315.657693 255.077347 553.528537 358.671303 276.043561]
uav_gains = [5.905903e-13 2.618002e-11 3.813903e-13 8.811984e-13 2.026983e-12 6.354455e-12 2.032173e-11 1.005391e-12 3.532770e-12 1.336956e-11]
dists_bs = [ 341.167091  923.288992  387.09415  1001.219384  893.543997  829.059844  685.101458  355.833562  707.77444   961.028806]
bs_gains = [3.702181e-11 2.646523e-12 2.649150e-11 2.135099e-12 2.886445e-12 3.520205e-12 5.835393e-12 3.311435e-11 5.353023e-12 2.379957e-12]
At round 5 optimal eta: 0.4060782570053256
At round 5 optimal freqs: [6.277316e+07 1.210125e+08 8.714360e+07 2.774574e+08 1.280772e+08 1.532212e+08 1.886134e+08 6.885833e+07 9.994164e+07 1.227989e+08]
At round 5 optimal decs: [0 0 0 0 0 0 0 0 0 0]
At round 5 optimal powers: [0.00012  0.001178 0.000248 0.005343 0.001234 0.001525 0.001762 0.000143 0.000616 0.001265]
At round 5 t_co: [0.27859  0.361044 0.214279 0.154324 0.326826 0.244484 0.163533 0.26639  0.346168 0.370763]
At round 5 e_co: [3.343181e-05 4.254421e-04 5.309827e-05 8.244941e-04 4.032498e-04 3.729584e-04 2.880996e-04 3.810368e-05 2.132164e-04 4.691987e-04]
At round 5 t_cp: [0.222688 0.128175 0.281269 0.347842 0.168949 0.254952 0.341126 0.247504 0.153282 0.118513]
At round 5 e_cp: [5.508315e-06 2.271399e-05 1.861353e-05 7.429694e-04 3.549520e-05 9.170981e-05 2.288929e-04 8.080736e-06 1.530139e-05 2.194574e-05]
At round 5 average t_co: 0.3707629461483346 average t_cp: 0.34784209569981284 t: 0.5138935365385842
At round 5 average e_co: 0.0031212928887919007 average e_cp: 0.0011912309971068454 e: 0.004312523885898746
At round 5 a_n: 14.091616720954645
At round 5 local rounds: 19.14907803389103
At round 5 global rounds: 23.726386324740098
At round 5 tau: 9.455686294096466
At round 5 accuracy: 0.7976744186046512
At round 5 training accuracy: 0.8105700712589073
At round 5 training loss: 0.4186682506180527
At round 5 test loss: 0.6891154578879707
gradient difference: 0.46957120299339294
ground = 6 remain_eps = 0.007882168675870436	remain_tau = 8.941792757557883
update_location
xs = [-261.332381  381.332381 -366.332381 -326.388142 -176.388142  -76.388142  376.388142 -161.332381  476.388142  406.332381]
ys = [-281.332381  336.332381 -381.332381  443.191522  373.191522  323.191522   71.808478 -181.332381   21.808478  366.332381]
dists_uav = [688.594018 237.517695 832.065501 580.429954 418.492145 311.510666 251.144388 549.207401 354.500048 272.004076]
uav_gains = [5.993435e-13 2.802638e-11 3.860397e-13 8.969722e-13 2.088374e-12 6.812551e-12 2.190890e-11 1.024657e-12 3.703324e-12 1.450869e-11]
dists_bs = [340.749381 919.166055 385.073262 998.067866 890.828945 826.728147 684.567724 357.179491 706.561922 956.889648]
bs_gains = [3.714220e-11 2.678098e-12 2.686152e-11 2.153011e-12 2.909816e-12 3.546576e-12 5.847457e-12 3.278470e-11 5.377401e-12 2.407336e-12]
At round 6 optimal eta: 0.4060782570053256
At round 6 optimal freqs: [6.277316e+07 1.210125e+08 8.714360e+07 2.774574e+08 1.280772e+08 1.532212e+08 1.886134e+08 6.885833e+07 9.994164e+07 1.227989e+08]
At round 6 optimal decs: [0 0 0 0 0 0 0 0 0 0]
At round 6 optimal powers: [0.00012  0.001178 0.000248 0.005343 0.001234 0.001525 0.001762 0.000143 0.000616 0.001265]
At round 6 t_co: [0.277953 0.357808 0.212389 0.153619 0.324884 0.24326  0.163342 0.268248 0.344989 0.367535]
At round 6 e_co: [3.335547e-05 4.216289e-04 5.262997e-05 8.207255e-04 4.008537e-04 3.710907e-04 2.877633e-04 3.836947e-05 2.124899e-04 4.651142e-04]
At round 6 t_cp: [0.222688 0.128175 0.281269 0.347842 0.168949 0.254952 0.341126 0.247504 0.153282 0.118513]
At round 6 e_cp: [5.508315e-06 2.271399e-05 1.861353e-05 7.429694e-04 3.549520e-05 9.170981e-05 2.288929e-04 8.080736e-06 1.530139e-05 2.194574e-05]
At round 6 average t_co: 0.3675353904593119 average t_cp: 0.34784209569981284 t: 0.5157517228446924
At round 6 average e_co: 0.0031040210086563814 average e_cp: 0.0011912309971068454 e: 0.004295252005763227
At round 6 a_n: 14.091616720954645
At round 6 local rounds: 19.14907803389103
At round 6 global rounds: 23.726386324740098
At round 6 tau: 8.941792757557883
At round 6 accuracy: 0.8069767441860465
At round 6 training accuracy: 0.8153206650831354
At round 6 training loss: 0.403377727625607
At round 6 test loss: 0.5258663129032582
gradient difference: 0.41247960925102234
ground = 7 remain_eps = 0.011119536338698421	remain_tau = 8.42604103471319
update_location
xs = [-258.221111  378.221111 -363.221111 -322.452832 -172.452832  -72.452832  372.452832 -158.221111  472.452832  403.221111]
ys = [-278.221111  333.221111 -378.221111  441.223442  371.223442  321.223442   73.776558 -178.221111   23.776558  363.221111]
dists_uav = [684.244739 233.627448 827.699534 576.104828 414.233801 307.370674 247.227172 544.887528 350.33439  267.975944]
uav_gains = [6.082864e-13 2.993202e-11 3.907711e-13 9.131713e-13 2.153180e-12 7.319753e-12 2.357265e-11 1.044491e-12 3.889067e-12 1.573914e-11]
dists_bs = [340.38804  915.045698 383.092252 994.925825 888.127392 824.41334  684.061877 358.574362 705.374767 952.752828]
bs_gains = [3.724677e-11 2.710174e-12 2.723119e-11 2.171077e-12 2.933331e-12 3.573027e-12 5.858923e-12 3.244782e-11 5.401418e-12 2.435134e-12]
At round 7 optimal eta: 0.4060782570053256
At round 7 optimal freqs: [6.277316e+07 1.210125e+08 8.714360e+07 2.774574e+08 1.280772e+08 1.532212e+08 1.886134e+08 6.885833e+07 9.994164e+07 1.227989e+08]
At round 7 optimal decs: [0 0 0 0 0 0 0 0 0 0]
At round 7 optimal powers: [0.00012  0.001178 0.000248 0.005343 0.001234 0.001525 0.001762 0.000143 0.000616 0.001265]
At round 7 t_co: [0.277404 0.354596 0.21055  0.152918 0.322961 0.242049 0.163162 0.270185 0.343837 0.364331]
At round 7 e_co: [3.328954e-05 4.178442e-04 5.217421e-05 8.169826e-04 3.984804e-04 3.692440e-04 2.874449e-04 3.864648e-05 2.117804e-04 4.610592e-04]
At round 7 t_cp: [0.222688 0.128175 0.281269 0.347842 0.168949 0.254952 0.341126 0.247504 0.153282 0.118513]
At round 7 e_cp: [5.508315e-06 2.271399e-05 1.861353e-05 7.429694e-04 3.549520e-05 9.170981e-05 2.288929e-04 8.080736e-06 1.530139e-05 2.194574e-05]
At round 7 average t_co: 0.3643311023809868 average t_cp: 0.34784209569981284 t: 0.5176883484657023
At round 7 average e_co: 0.00308694584296446 average e_cp: 0.0011912309971068454 e: 0.004278176840071306
At round 7 a_n: 14.091616720954645
At round 7 local rounds: 19.14907803389103
At round 7 global rounds: 23.726386324740098
At round 7 tau: 8.42604103471319
At round 7 accuracy: 0.8255813953488372
At round 7 training accuracy: 0.8242280285035629
At round 7 training loss: 0.3701700978287844
At round 7 test loss: 0.5131594612566365
gradient difference: 0.474902480840683
ground = 8 remain_eps = 0.015686557021564948	remain_tau = 7.908352686247488
update_location
xs = [-255.109841  375.109841 -360.109841 -318.517523 -168.517523  -68.517523  368.517523 -155.109841  468.517523  400.109841]
ys = [-275.109841  330.109841 -375.109841  439.255362  369.255362  319.255362   75.744638 -175.109841   25.744638  360.109841]
dists_uav = [679.896112 229.755596 823.333928 571.780845 409.978448 303.238004 243.326458 540.568947 346.174531 263.959687]
uav_gains = [6.174244e-13 3.189260e-11 3.955862e-13 9.298121e-13 2.221705e-12 7.881217e-12 2.530755e-11 1.064915e-12 4.091804e-12 1.706130e-11]
dists_bs = [340.083247 910.927956 381.151741 991.793349 885.439462 822.115563 683.583976 360.017608 704.213102 948.618376]
bs_gains = [3.733530e-11 2.742760e-12 2.760013e-11 2.189295e-12 2.956988e-12 3.599552e-12 5.869783e-12 3.210426e-11 5.425062e-12 2.463361e-12]
At round 8 optimal eta: 0.4060782570053256
At round 8 optimal freqs: [6.277316e+07 1.210125e+08 8.714360e+07 2.774574e+08 1.280772e+08 1.532212e+08 1.886134e+08 6.885833e+07 9.994164e+07 1.227989e+08]
At round 8 optimal decs: [0 0 0 0 0 0 0 0 0 0]
At round 8 optimal powers: [0.00012  0.001178 0.000248 0.005343 0.001234 0.001525 0.001762 0.000143 0.000616 0.001265]
At round 8 t_co: [0.276941 0.351409 0.208761 0.152223 0.321056 0.240852 0.162991 0.2722   0.342713 0.36115 ]
At round 8 e_co: [3.323401e-05 4.140880e-04 5.173091e-05 8.132655e-04 3.961298e-04 3.674182e-04 2.871443e-04 3.893477e-05 2.110879e-04 4.570335e-04]
At round 8 t_cp: [0.222688 0.128175 0.281269 0.347842 0.168949 0.254952 0.341126 0.247504 0.153282 0.118513]
At round 8 e_cp: [5.508315e-06 2.271399e-05 1.861353e-05 7.429694e-04 3.549520e-05 9.170981e-05 2.288929e-04 8.080736e-06 1.530139e-05 2.194574e-05]
At round 8 average t_co: 0.3611499960451423 average t_cp: 0.34784209569981284 t: 0.5197038195308817
At round 8 average e_co: 0.00307006687586389 average e_cp: 0.0011912309971068454 e: 0.0042612978729707355
At round 8 a_n: 14.091616720954645
At round 8 local rounds: 19.14907803389103
At round 8 global rounds: 23.726386324740098
At round 8 tau: 7.908352686247488
At round 8 accuracy: 0.8255813953488372
At round 8 training accuracy: 0.8271971496437055
At round 8 training loss: 0.34249503588921854
At round 8 test loss: 0.5153103937503211
gradient difference: 0.5210592150688171
ground = 9 remain_eps = 0.022129346377010146	remain_tau = 7.388648866716606
update_location
xs = [-251.998571  371.998571 -356.998571 -314.582213 -164.582213  -64.582213  364.582213 -151.998571  464.582213  396.998571]
ys = [-271.998571  326.998571 -371.998571  437.287282  367.287282  317.287282   77.712718 -171.998571   27.712718  356.998571]
dists_uav = [675.54815  225.903083 818.968691 567.458031 405.726181 299.11296  239.443053 536.251689 342.020681 259.955853]
uav_gains = [6.267633e-13 3.390495e-11 4.004872e-13 9.469116e-13 2.294290e-12 8.502336e-12 2.710795e-11 1.085957e-12 4.313569e-12 1.847419e-11]
dists_bs = [339.835153 906.812866 379.252351 988.670531 882.765277 819.834962 683.134082 361.508648 703.077055 944.486325]
bs_gains = [3.740757e-11 2.775867e-12 2.796795e-11 2.207668e-12 2.980785e-12 3.626148e-12 5.880033e-12 3.175455e-11 5.448322e-12 2.492023e-12]
At round 9 optimal eta: 0.4060782570053256
At round 9 optimal freqs: [6.277316e+07 1.210125e+08 8.714360e+07 2.774574e+08 1.280772e+08 1.532212e+08 1.886134e+08 6.885833e+07 9.994164e+07 1.227989e+08]
At round 9 optimal decs: [0 0 0 0 0 0 0 0 0 0]
At round 9 optimal powers: [0.00012  0.001178 0.000248 0.005343 0.001234 0.001525 0.001762 0.000143 0.000616 0.001265]
At round 9 t_co: [0.276565 0.348245 0.207022 0.151532 0.319169 0.239669 0.162831 0.274295 0.341616 0.357992]
At round 9 e_co: [3.318886e-05 4.103602e-04 5.130000e-05 8.095739e-04 3.938021e-04 3.656132e-04 2.868616e-04 3.923439e-05 2.104123e-04 4.530371e-04]
At round 9 t_cp: [0.222688 0.128175 0.281269 0.347842 0.168949 0.254952 0.341126 0.247504 0.153282 0.118513]
At round 9 e_cp: [5.508315e-06 2.271399e-05 1.861353e-05 7.429694e-04 3.549520e-05 9.170981e-05 2.288929e-04 8.080736e-06 1.530139e-05 2.194574e-05]
At round 9 average t_co: 0.3579919854135357 average t_cp: 0.34784209569981284 t: 0.5217985567705691
At round 9 average e_co: 0.0030533836003517425 average e_cp: 0.0011912309971068454 e: 0.004244614597458587
At round 9 a_n: 14.091616720954645
At round 9 local rounds: 19.14907803389103
At round 9 global rounds: 23.726386324740098
At round 9 tau: 7.388648866716606
At round 9 accuracy: 0.8255813953488372
At round 9 training accuracy: 0.8295724465558195
At round 9 training loss: 0.32731383736654585
At round 9 test loss: 0.49870922435075044
gradient difference: 0.40377354621887207
ground = 10 remain_eps = 0.031218320910093314	remain_tau = 6.866850309946037
update_location
xs = [-248.887302  368.887302 -353.887302 -310.646903 -160.646903  -60.646903  360.646903 -148.887302  460.646903  393.887302]
ys = [-268.887302  323.887302 -368.887302  435.319203  365.319203  315.319203   79.680797 -168.887302   29.680797  353.887302]
dists_uav = [671.200867 222.070917 814.603828 563.136412 401.477097 294.995862 235.577813 531.935788 337.873064 255.965027]
uav_gains = [6.363090e-13 3.596731e-11 4.054759e-13 9.644881e-13 2.371314e-12 9.188644e-12 2.896842e-11 1.107644e-12 4.556644e-12 1.997543e-11]
dists_bs = [339.643884 902.700464 377.394703 985.557461 880.104965 817.571678 682.71225  363.046895 701.966749 940.356704]
bs_gains = [3.746342e-11 2.809505e-12 2.833425e-11 2.226196e-12 3.004721e-12 3.652810e-12 5.889666e-12 3.139925e-11 5.471189e-12 2.521129e-12]
At round 10 optimal eta: 0.4060782570053256
At round 10 optimal freqs: [6.277316e+07 1.210125e+08 8.714360e+07 2.774574e+08 1.280772e+08 1.532212e+08 1.886134e+08 6.885833e+07 9.994164e+07 1.227989e+08]
At round 10 optimal decs: [0 0 0 0 0 0 0 0 0 0]
At round 10 optimal powers: [0.00012  0.001178 0.000248 0.005343 0.001234 0.001525 0.001762 0.000143 0.000616 0.001265]
At round 10 t_co: [0.276275 0.345106 0.205333 0.150845 0.317301 0.2385   0.16268  0.276469 0.340546 0.354857]
At round 10 e_co: [3.315409e-05 4.066606e-04 5.088141e-05 8.059078e-04 3.914969e-04 3.638291e-04 2.865968e-04 3.954542e-05 2.097537e-04 4.490697e-04]
At round 10 t_cp: [0.222688 0.128175 0.281269 0.347842 0.168949 0.254952 0.341126 0.247504 0.153282 0.118513]
At round 10 e_cp: [5.508315e-06 2.271399e-05 1.861353e-05 7.429694e-04 3.549520e-05 9.170981e-05 2.288929e-04 8.080736e-06 1.530139e-05 2.194574e-05]
At round 10 average t_co: 0.3548569842785855 average t_cp: 0.34784209569981284 t: 0.523972995353005
At round 10 average e_co: 0.003036895518297278 average e_cp: 0.0011912309971068454 e: 0.0042281265154041235
At round 10 a_n: 14.091616720954645
At round 10 local rounds: 19.14907803389103
At round 10 global rounds: 23.726386324740098
At round 10 tau: 6.866850309946037
At round 10 accuracy: 0.827906976744186
At round 10 training accuracy: 0.8331353919239906
At round 10 training loss: 0.3068446874267533
At round 10 test loss: 0.4702213044172738
gradient difference: 0.38362956047058105
ground = 11 remain_eps = 0.04404032291970675	remain_tau = 6.342877314593032
update_location
xs = [-245.776032  365.776032 -350.776032 -306.711594 -156.711594  -56.711594  356.711594 -145.776032  456.711594  390.776032]
ys = [-265.776032  320.776032 -365.776032  433.351123  363.351123  313.351123   81.648877 -165.776032   31.648877  350.776032]
dists_uav = [666.854275 218.260169 810.239345 558.816017 397.2313   290.887048 231.731648 527.621276 333.73191  251.987827]
uav_gains = [6.460678e-13 3.807952e-11 4.105546e-13 9.825607e-13 2.453205e-12 9.945680e-12 3.088417e-11 1.130005e-12 4.823588e-12 2.156136e-11]
dists_bs = [339.509536 898.590786 375.579417 982.454233 877.458651 815.325858 682.318531 364.631749 700.882307 936.229546]
bs_gains = [3.750272e-11 2.843684e-12 2.869861e-11 2.244879e-12 3.028795e-12 3.679534e-12 5.898676e-12 3.103889e-11 5.493651e-12 2.550688e-12]
At round 11 optimal eta: 0.4060782570053256
At round 11 optimal freqs: [6.277316e+07 1.210125e+08 8.714360e+07 2.774574e+08 1.280772e+08 1.532212e+08 1.886134e+08 6.885833e+07 9.994164e+07 1.227989e+08]
At round 11 optimal decs: [0 0 0 0 0 0 0 0 0 0]
At round 11 optimal powers: [0.00012  0.001178 0.000248 0.005343 0.001234 0.001525 0.001762 0.000143 0.000616 0.001265]
At round 11 t_co: [0.276072 0.34199  0.203693 0.150164 0.315451 0.237344 0.16254  0.278724 0.339504 0.351745]
At round 11 e_co: [3.312968e-05 4.029891e-04 5.047509e-05 8.022673e-04 3.892143e-04 3.620657e-04 2.863497e-04 3.986791e-05 2.091119e-04 4.451314e-04]
At round 11 t_cp: [0.222688 0.128175 0.281269 0.347842 0.168949 0.254952 0.341126 0.247504 0.153282 0.118513]
At round 11 e_cp: [5.508315e-06 2.271399e-05 1.861353e-05 7.429694e-04 3.549520e-05 9.170981e-05 2.288929e-04 8.080736e-06 1.530139e-05 2.194574e-05]
At round 11 average t_co: 0.3517449062641215 average t_cp: 0.34784209569981284 t: 0.5262275847115871
At round 11 average e_co: 0.0030206021404610155 average e_cp: 0.0011912309971068454 e: 0.0042118331375678615
At round 11 a_n: 14.091616720954645
At round 11 local rounds: 19.14907803389103
At round 11 global rounds: 23.726386324740098
At round 11 tau: 6.342877314593032
At round 11 accuracy: 0.8325581395348837
At round 11 training accuracy: 0.8390736342042755
At round 11 training loss: 0.28954244084119424
At round 11 test loss: 0.4770759774422519
gradient difference: 0.3385297954082489
ground = 12 remain_eps = 0.0621285830348731	remain_tau = 5.816649729881445
update_location
xs = [-242.664762  362.664762 -347.664762 -302.776284 -152.776284  -52.776284  352.776284 -142.664762  452.776284  387.664762]
ys = [-262.664762  317.664762 -362.664762  431.383043  361.383043  311.383043   83.616957 -162.664762   33.616957  347.664762]
dists_uav = [662.508388 214.471981 805.875249 554.496873 392.988895 286.786873 227.905523 523.308188 329.597464 248.024907]
uav_gains = [6.560460e-13 4.024299e-11 4.157252e-13 1.001150e-12 2.540443e-12 1.077883e-11 3.285137e-11 1.153071e-12 5.117258e-12 2.322731e-11]
dists_bs = [339.432176 894.483869 373.807108 979.36094  874.826463 813.097644 681.952974 366.262607 699.823849 932.104885]
bs_gains = [3.752538e-11 2.878415e-12 2.906060e-11 2.263717e-12 3.053005e-12 3.706315e-12 5.907059e-12 3.067398e-11 5.515697e-12 2.580708e-12]
At round 12 optimal eta: 0.4060782570053256
At round 12 optimal freqs: [6.277316e+07 1.210125e+08 8.714360e+07 2.774574e+08 1.280772e+08 1.532212e+08 1.886134e+08 6.885833e+07 9.994164e+07 1.227989e+08]
At round 12 optimal decs: [0 0 0 0 0 0 0 0 0 0]
At round 12 optimal powers: [0.00012  0.001178 0.000248 0.005343 0.001234 0.001525 0.001762 0.000143 0.000616 0.001265]
At round 12 t_co: [0.275955 0.338898 0.202103 0.149487 0.313619 0.236201 0.16241  0.281059 0.33849  0.348656]
At round 12 e_co: [3.311564e-05 3.993456e-04 5.008097e-05 7.986522e-04 3.869542e-04 3.603230e-04 2.861205e-04 4.020193e-05 2.084870e-04 4.412220e-04]
At round 12 t_cp: [0.222688 0.128175 0.281269 0.347842 0.168949 0.254952 0.341126 0.247504 0.153282 0.118513]
At round 12 e_cp: [5.508315e-06 2.271399e-05 1.861353e-05 7.429694e-04 3.549520e-05 9.170981e-05 2.288929e-04 8.080736e-06 1.530139e-05 2.194574e-05]
At round 12 average t_co: 0.34865566482620325 average t_cp: 0.34784209569981284 t: 0.5285627883626524
At round 12 average e_co: 0.003004502986509998 average e_cp: 0.0011912309971068454 e: 0.0041957339836168435
At round 12 a_n: 14.091616720954645
At round 12 local rounds: 19.14907803389103
At round 12 global rounds: 23.726386324740098
At round 12 tau: 5.816649729881445
At round 12 accuracy: 0.8372093023255814
At round 12 training accuracy: 0.8467933491686461
At round 12 training loss: 0.26635948891057587
At round 12 test loss: 0.47333493829206674
gradient difference: 0.3657383620738983
ground = 13 remain_eps = 0.08764606101909173	remain_tau = 5.2880869415187925
update_location
xs = [-239.553492  359.553492 -344.553492 -298.840974 -148.840974  -48.840974  348.840974 -139.553492  448.840974  384.553492]
ys = [-259.553492  314.553492 -359.553492  429.414963  359.414963  309.414963   85.585037 -159.553492   35.585037  344.553492]
dists_uav = [658.16322  210.707569 801.511545 550.179011 388.749993 282.695713 224.100464 518.996558 325.469982 244.076963]
uav_gains = [6.662505e-13 4.246075e-11 4.209901e-13 1.020276e-12 2.633567e-12 1.169311e-11 3.486749e-11 1.176877e-12 5.440831e-12 2.496790e-11]
dists_bs = [339.411842 890.379753 372.078393 976.277677 872.208527 810.887183 681.615625 367.938856 698.791494 927.982753]
bs_gains = [3.753134e-11 2.913708e-12 2.941977e-11 2.282712e-12 3.077348e-12 3.733150e-12 5.914810e-12 3.030505e-11 5.537317e-12 2.611198e-12]
At round 13 optimal eta: 0.4060782570053256
At round 13 optimal freqs: [6.277316e+07 1.210125e+08 8.714360e+07 2.774574e+08 1.280772e+08 1.532212e+08 1.886134e+08 6.885833e+07 9.994164e+07 1.227989e+08]
At round 13 optimal decs: [0 0 0 0 0 0 0 0 0 0]
At round 13 optimal powers: [0.00012  0.001178 0.000248 0.005343 0.001234 0.001525 0.001762 0.000143 0.000616 0.001265]
At round 13 t_co: [0.275924 0.33583  0.200561 0.148815 0.311806 0.235072 0.16229  0.283476 0.337503 0.345589]
At round 13 e_co: [3.311194e-05 3.957300e-04 4.969898e-05 7.950624e-04 3.847165e-04 3.586008e-04 2.859092e-04 4.054755e-05 2.078789e-04 4.373414e-04]
At round 13 t_cp: [0.222688 0.128175 0.281269 0.347842 0.168949 0.254952 0.341126 0.247504 0.153282 0.118513]
At round 13 e_cp: [5.508315e-06 2.271399e-05 1.861353e-05 7.429694e-04 3.549520e-05 9.170981e-05 2.288929e-04 8.080736e-06 1.530139e-05 2.194574e-05]
At round 13 average t_co: 0.3455891732540072 average t_cp: 0.34784209569981284 t: 0.5309790837139249
At round 13 average e_co: 0.00298859758502927 average e_cp: 0.0011912309971068454 e: 0.004179828582136116
At round 13 a_n: 14.091616720954645
At round 13 local rounds: 19.14907803389103
At round 13 global rounds: 23.726386324740098
At round 13 tau: 5.2880869415187925
At round 13 accuracy: 0.8418604651162791
At round 13 training accuracy: 0.8414489311163895
At round 13 training loss: 0.26805463458366413
At round 13 test loss: 0.4783490980260594
gradient difference: 0.34847673773765564
ground = 14 remain_eps = 0.12364408838763467	remain_tau = 4.757107857804868
update_location
xs = [-236.442222  356.442222 -341.442222 -294.905665 -144.905665  -44.905665  344.905665 -136.442222  444.905665  381.442222]
ys = [-256.442222  311.442222 -356.442222  427.446884  357.446884  307.446884   87.553116 -156.442222   37.553116  341.442222]
dists_uav = [653.818786 206.968232 797.148239 545.862461 384.514712 278.613966 220.317563 514.686425 321.349732 240.144734]
uav_gains = [6.766881e-13 4.473726e-11 4.263515e-13 1.039963e-12 2.733186e-12 1.269297e-11 3.693140e-11 1.201456e-12 5.797816e-12 2.677742e-11]
dists_bs = [339.448546 886.278477 370.39388  973.204538 869.604974 808.69462  681.306526 369.65988  697.785356 923.863184]
bs_gains = [3.752058e-11 2.949575e-12 2.977566e-11 2.301864e-12 3.101824e-12 3.760031e-12 5.921923e-12 2.993260e-11 5.558500e-12 2.642167e-12]
At round 14 optimal eta: 0.4060782570053256
At round 14 optimal freqs: [6.277316e+07 1.210125e+08 8.714360e+07 2.774574e+08 1.280772e+08 1.532212e+08 1.886134e+08 6.885833e+07 9.994164e+07 1.227989e+08]
At round 14 optimal decs: [0 0 0 0 0 0 0 0 0 0]
At round 14 optimal powers: [0.00012  0.001178 0.000248 0.005343 0.001234 0.001525 0.001762 0.000143 0.000616 0.001265]
At round 14 t_co: [0.27598  0.332785 0.199068 0.148148 0.31001  0.233957 0.16218  0.285973 0.336542 0.342545]
At round 14 e_co: [3.311861e-05 3.921422e-04 4.932908e-05 7.914979e-04 3.825011e-04 3.568992e-04 2.857156e-04 4.090484e-05 2.072875e-04 4.334894e-04]
At round 14 t_cp: [0.222688 0.128175 0.281269 0.347842 0.168949 0.254952 0.341126 0.247504 0.153282 0.118513]
At round 14 e_cp: [5.508315e-06 2.271399e-05 1.861353e-05 7.429694e-04 3.549520e-05 9.170981e-05 2.288929e-04 8.080736e-06 1.530139e-05 2.194574e-05]
At round 14 average t_co: 0.34254534467078734 average t_cp: 0.34784209569981284 t: 0.533476961863836
At round 14 average e_co: 0.002972885473529612 average e_cp: 0.0011912309971068454 e: 0.004164116470636458
At round 14 a_n: 14.091616720954645
At round 14 local rounds: 19.14907803389103
At round 14 global rounds: 23.726386324740098
At round 14 tau: 4.757107857804868
At round 14 accuracy: 0.8441860465116279
At round 14 training accuracy: 0.8497624703087886
At round 14 training loss: 0.25885521792530164
At round 14 test loss: 0.44658869591635436
gradient difference: 0.43530359864234924
ground = 15 remain_eps = 0.1744272408303563	remain_tau = 4.223630895941032
update_location
xs = [-233.330952  353.330952 -338.330952 -290.970355 -140.970355  -40.970355  340.970355 -133.330952  440.970355  378.330952]
ys = [-253.330952  308.330952 -353.330952  425.478804  355.478804  305.478804   89.521196 -153.330952   39.521196  338.330952]
dists_uav = [649.4751   203.255352 792.78534  541.547254 380.28317  274.542051 216.557981 510.377825 317.236995 236.229005]
uav_gains = [6.873662e-13 4.707832e-11 4.318116e-13 1.060235e-12 2.839986e-12 1.378204e-11 3.904353e-11 1.226848e-12 6.192067e-12 2.865035e-11]
dists_bs = [339.542269 882.180078 368.754177 970.141621 867.015931 806.520101 681.025714 371.425055 696.80555  919.746212]
bs_gains = [3.749314e-11 2.986028e-12 3.012781e-11 2.321173e-12 3.126431e-12 3.786956e-12 5.928396e-12 2.955710e-11 5.579237e-12 2.673624e-12]
At round 15 optimal eta: 0.4060782570053256
At round 15 optimal freqs: [6.277316e+07 1.210125e+08 8.714360e+07 2.774574e+08 1.280772e+08 1.532212e+08 1.886134e+08 6.885833e+07 9.994164e+07 1.227989e+08]
At round 15 optimal decs: [0 0 0 0 0 0 0 0 0 0]
At round 15 optimal powers: [0.00012  0.001178 0.000248 0.005343 0.001234 0.001525 0.001762 0.000143 0.000616 0.001265]
At round 15 t_co: [0.276122 0.329764 0.197624 0.147486 0.308232 0.232855 0.16208  0.288553 0.33561  0.339524]
At round 15 e_co: [3.313563e-05 3.885821e-04 4.897120e-05 7.879586e-04 3.803079e-04 3.552180e-04 2.855399e-04 4.127387e-05 2.067129e-04 4.296660e-04]
At round 15 t_cp: [0.222688 0.128175 0.281269 0.347842 0.168949 0.254952 0.341126 0.247504 0.153282 0.118513]
At round 15 e_cp: [5.508315e-06 2.271399e-05 1.861353e-05 7.429694e-04 3.549520e-05 9.170981e-05 2.288929e-04 8.080736e-06 1.530139e-05 2.194574e-05]
At round 15 average t_co: 0.33952409203490697 average t_cp: 0.34784209569981284 t: 0.5360569273919477
At round 15 average e_co: 0.0029573661984515338 average e_cp: 0.0011912309971068454 e: 0.004148597195558379
At round 15 a_n: 14.091616720954645
At round 15 local rounds: 19.14907803389103
At round 15 global rounds: 23.726386324740098
At round 15 tau: 4.223630895941032
At round 15 accuracy: 0.8441860465116279
At round 15 training accuracy: 0.850356294536817
At round 15 training loss: 0.2478385773676898
At round 15 test loss: 0.422597922723697
gradient difference: 0.46838265657424927
ground = 16 remain_eps = 0.24606807119080856	remain_tau = 3.687573968549084
update_location
xs = [-230.219683  350.219683 -335.219683 -287.035045 -137.035045  -37.035045  337.035045 -130.219683  437.035045  375.219683]
ys = [-250.219683  305.219683 -350.219683  423.510724  353.510724  303.510724   91.489276 -150.219683   41.489276  335.219683]
dists_uav = [645.132177 199.570407 788.422853 537.233423 376.055495 270.480413 212.822954 506.070798 313.132067 232.33061 ]
uav_gains = [6.982923e-13 4.949082e-11 4.373731e-13 1.081116e-12 2.954744e-12 1.496291e-11 4.120582e-11 1.253094e-12 6.627782e-12 3.058171e-11]
dists_bs = [339.692963 878.084599 367.159882 967.089021 864.441531 804.363773 680.773226 373.233755 695.852187 915.631874]
bs_gains = [3.744908e-11 3.023077e-12 3.047574e-11 2.340639e-12 3.151165e-12 3.813919e-12 5.934225e-12 2.917905e-11 5.599516e-12 2.705579e-12]
At round 16 optimal eta: 0.4060782570053256
At round 16 optimal freqs: [6.277316e+07 1.210125e+08 8.714360e+07 2.774574e+08 1.280772e+08 1.532212e+08 1.886134e+08 6.885833e+07 9.994164e+07 1.227989e+08]
At round 16 optimal decs: [0 0 0 0 0 0 0 0 0 0]
At round 16 optimal powers: [0.00012  0.001178 0.000248 0.005343 0.001234 0.001525 0.001762 0.000143 0.000616 0.001265]
At round 16 t_co: [0.27635  0.326766 0.196228 0.146828 0.306473 0.231766 0.161991 0.291216 0.334704 0.336525]
At round 16 e_co: [3.316301e-05 3.850496e-04 4.862529e-05 7.844446e-04 3.781369e-04 3.535573e-04 2.853819e-04 4.165472e-05 2.061549e-04 4.258711e-04]
At round 16 t_cp: [0.222688 0.128175 0.281269 0.347842 0.168949 0.254952 0.341126 0.247504 0.153282 0.118513]
At round 16 e_cp: [5.508315e-06 2.271399e-05 1.861353e-05 7.429694e-04 3.549520e-05 9.170981e-05 2.288929e-04 8.080736e-06 1.530139e-05 2.194574e-05]
At round 16 average t_co: 0.33652532814094976 average t_cp: 0.34784209569981284 t: 0.5387194981407762
At round 16 average e_co: 0.0029420393151655968 average e_cp: 0.0011912309971068454 e: 0.004133270312272442
At round 16 a_n: 14.091616720954645
At round 16 local rounds: 19.14907803389103
At round 16 global rounds: 23.726386324740098
At round 16 tau: 3.687573968549084
At round 16 accuracy: 0.8511627906976744
At round 16 training accuracy: 0.8515439429928741
At round 16 training loss: 0.2365759161145368
At round 16 test loss: 0.4399613104414108
gradient difference: 0.3213861882686615
ground = 17 remain_eps = 0.34713325379293136	remain_tau = 3.148854470408308
update_location
xs = [-227.108413  347.108413 -332.108413 -283.099736 -133.099736  -33.099736  333.099736 -127.108413  433.099736  372.108413]
ys = [-247.108413  302.108413 -347.108413  421.542645  351.542645  301.542645   93.457355 -147.108413   43.457355  332.108413]
dists_uav = [640.790032 195.914973 784.060785 532.921    371.831818 266.429521 209.113798 501.765384 309.03526  228.450437]
uav_gains = [7.094743e-13 5.198259e-11 4.430382e-13 1.102635e-12 3.078335e-12 1.623692e-11 4.342164e-11 1.280237e-12 7.109486e-12 3.256752e-11]
dists_bs = [339.900553 873.99208  365.611591 964.046838 861.881903 802.225781 680.549092 375.085352 694.925376 911.520204]
bs_gains = [3.738850e-11 3.060735e-12 3.081894e-11 2.360263e-12 3.176025e-12 3.840913e-12 5.939405e-12 2.879889e-11 5.619328e-12 2.738040e-12]
At round 17 optimal eta: 0.4060782570053256
At round 17 optimal freqs: [6.277316e+07 1.210125e+08 8.714360e+07 2.774574e+08 1.280772e+08 1.532212e+08 1.886134e+08 6.885833e+07 9.994164e+07 1.227989e+08]
At round 17 optimal decs: [0 0 0 0 0 0 0 0 0 0]
At round 17 optimal powers: [0.00012  0.001178 0.000248 0.005343 0.001234 0.001525 0.001762 0.000143 0.000616 0.001265]
At round 17 t_co: [0.276664 0.323791 0.19488  0.146175 0.304731 0.230691 0.161911 0.293962 0.333825 0.333549]
At round 17 e_co: [3.320076e-05 3.815445e-04 4.829130e-05 7.809556e-04 3.759879e-04 3.519169e-04 2.852418e-04 4.204745e-05 2.056137e-04 4.221046e-04]
At round 17 t_cp: [0.222688 0.128175 0.281269 0.347842 0.168949 0.254952 0.341126 0.247504 0.153282 0.118513]
At round 17 e_cp: [5.508315e-06 2.271399e-05 1.861353e-05 7.429694e-04 3.549520e-05 9.170981e-05 2.288929e-04 8.080736e-06 1.530139e-05 2.194574e-05]
At round 17 average t_co: 0.3338248750336098 average t_cp: 0.34784209569981284 t: 0.5414652049893349
At round 17 average e_co: 0.002926904387969114 average e_cp: 0.0011912309971068454 e: 0.004118135385075959
At round 17 a_n: 14.091616720954645
At round 17 local rounds: 19.14907803389103
At round 17 global rounds: 23.726386324740098
At round 17 tau: 3.148854470408308
At round 17 accuracy: 0.8558139534883721
At round 17 training accuracy: 0.8568883610451307
At round 17 training loss: 0.22277640971168577
At round 17 test loss: 0.4279492281918782
gradient difference: 0.41902777552604675
ground = 18 remain_eps = 0.4897079710736921	remain_tau = 2.607389265418973
update_location
xs = [-223.997143  343.997143 -328.997143 -279.164426 -129.164426  -29.164426  329.164426 -123.997143  429.164426  368.997143]
ys = [-243.997143  298.997143 -343.997143  419.574565  349.574565  299.574565   95.425435 -143.997143   45.425435  328.997143]
dists_uav = [636.448683 192.290732 779.699144 528.610021 367.612278 262.389873 205.431914 497.461625 304.946902 224.589429]
uav_gains = [7.209203e-13 5.456217e-11 4.488097e-13 1.124819e-12 3.211753e-12 1.760402e-11 4.569568e-11 1.308324e-12 7.642000e-12 3.460508e-11]
dists_bs = [340.164935 869.902563 364.109889 961.01517  859.337181 800.106273 680.353341 376.979211 694.025223 907.411238]
bs_gains = [3.731155e-11 3.099013e-12 3.115692e-11 2.380046e-12 3.201010e-12 3.867935e-12 5.943935e-12 2.841708e-11 5.638663e-12 2.771019e-12]
At round 18 optimal eta: 0.4060782570053256
At round 18 optimal freqs: [6.277316e+07 1.210125e+08 8.714360e+07 2.774574e+08 1.280772e+08 1.532212e+08 1.886134e+08 6.885833e+07 9.994164e+07 1.227989e+08]
At round 18 optimal decs: [0 0 0 0 0 0 0 0 0 0]
At round 18 optimal powers: [0.00012  0.001178 0.000248 0.005343 0.001234 0.001525 0.001762 0.000143 0.000616 0.001265]
At round 18 t_co: [0.277065 0.32084  0.19358  0.145527 0.303007 0.229629 0.161842 0.296791 0.332973 0.330595]
At round 18 e_co: [3.324888e-05 3.780668e-04 4.796917e-05 7.774917e-04 3.738609e-04 3.502968e-04 2.851194e-04 4.245216e-05 2.050890e-04 4.183662e-04]
At round 18 t_cp: [0.222688 0.128175 0.281269 0.347842 0.168949 0.254952 0.341126 0.247504 0.153282 0.118513]
At round 18 e_cp: [5.508315e-06 2.271399e-05 1.861353e-05 7.429694e-04 3.549520e-05 9.170981e-05 2.288929e-04 8.080736e-06 1.530139e-05 2.194574e-05]
At round 18 average t_co: 0.33297304646094394 average t_cp: 0.34784209569981284 t: 0.5442945916187671
At round 18 average e_co: 0.002911960990079297 average e_cp: 0.0011912309971068454 e: 0.004103191987186143
At round 18 a_n: 14.091616720954645
At round 18 local rounds: 19.14907803389103
At round 18 global rounds: 23.726386324740098
At round 18 tau: 2.607389265418973
At round 18 accuracy: 0.858139534883721
At round 18 training accuracy: 0.8574821852731591
At round 18 training loss: 0.22936009349786662
At round 18 test loss: 0.41964804014410323
gradient difference: 0.3117772042751312
ground = 19 remain_eps = 0.6908410367281136	remain_tau = 2.063094673800206
update_location
xs = [-220.885873  340.885873 -325.885873 -275.229116 -125.229116  -25.229116  325.229116 -120.885873  425.229116  365.885873]
ys = [-240.885873  295.885873 -340.885873  417.606485  347.606485  297.606485   97.393515 -140.885873   47.393515  325.885873]
dists_uav = [632.108144 188.699483 775.337935 524.300521 363.397019 258.361997 201.778794 493.159565 300.867335 220.748592]
uav_gains = [7.326390e-13 5.723867e-11 4.546901e-13 1.147700e-12 3.356119e-12 1.906274e-11 4.803377e-11 1.337406e-12 8.230387e-12 3.669319e-11]
dists_bs = [340.485976 865.81609  362.655357 957.994117 856.807496 798.005397 680.185996 378.914701 693.151832 903.305014]
bs_gains = [3.721839e-11 3.137925e-12 3.148917e-11 2.399988e-12 3.226115e-12 3.894979e-12 5.947811e-12 2.803404e-11 5.657510e-12 2.804525e-12]
At round 19 optimal eta: 0.4060782570053256
At round 19 optimal freqs: [6.277316e+07 1.210125e+08 8.714360e+07 2.774574e+08 1.280772e+08 1.532212e+08 1.886134e+08 6.885833e+07 9.994164e+07 1.227989e+08]
At round 19 optimal decs: [0 0 0 0 0 0 0 0 0 0]
At round 19 optimal powers: [0.00012  0.001178 0.000248 0.005343 0.001234 0.001525 0.001762 0.000143 0.000616 0.001265]
At round 19 t_co: [0.277553 0.317912 0.192328 0.144883 0.301301 0.22858  0.161782 0.299705 0.332148 0.327663]
At round 19 e_co: [3.330740e-05 3.746163e-04 4.765885e-05 7.740527e-04 3.717559e-04 3.486969e-04 2.850149e-04 4.286892e-05 2.045809e-04 4.146560e-04]
At round 19 t_cp: [0.222688 0.128175 0.281269 0.347842 0.168949 0.254952 0.341126 0.247504 0.153282 0.118513]
At round 19 e_cp: [5.508315e-06 2.271399e-05 1.861353e-05 7.429694e-04 3.549520e-05 9.170981e-05 2.288929e-04 8.080736e-06 1.530139e-05 2.194574e-05]
At round 19 average t_co: 0.3321481494036093 average t_cp: 0.34784209569981284 t: 0.5472082142704665
At round 19 average e_co: 0.002897208703622924 average e_cp: 0.0011912309971068454 e: 0.0040884397007297695
At round 19 a_n: 14.091616720954645
At round 19 local rounds: 19.14907803389103
At round 19 global rounds: 23.726386324740098
At round 19 tau: 2.063094673800206
At round 19 accuracy: 0.8604651162790697
At round 19 training accuracy: 0.8622327790973872
At round 19 training loss: 0.21592684750661242
At round 19 test loss: 0.40799783275126195
gradient difference: 0.3765100836753845
ground = 20 remain_eps = 0.9745835604455695	remain_tau = 1.5158864595297392
update_location
xs = [-217.774603  337.774603 -322.774603 -271.293807 -121.293807  -21.293807  321.293807 -117.774603  421.293807  362.774603]
ys = [-237.774603  292.774603 -337.774603  415.638405  345.638405  295.638405   99.361595 -137.774603   49.361595  322.774603]
dists_uav = [627.768434 185.143145 770.977168 519.992536 359.18619  254.346451 198.15603  488.859249 296.796924 216.928999]
uav_gains = [7.446392e-13 6.002154e-11 4.606821e-13 1.171309e-12 3.512704e-12 2.061020e-11 5.044265e-11 1.367538e-12 8.879867e-12 3.883230e-11]
dists_bs = [340.863516 861.732705 361.248562 954.983779 854.292983 795.923299 680.04708  380.891186 692.305303 899.201568]
bs_gains = [3.710925e-11 3.177483e-12 3.181517e-11 2.420088e-12 3.251340e-12 3.922038e-12 5.951031e-12 2.765019e-11 5.675861e-12 2.838568e-12]
At round 20 optimal eta: 0.4060782570053256
At round 20 optimal freqs: [6.277316e+07 1.210125e+08 8.714360e+07 2.774574e+08 1.280772e+08 1.532212e+08 1.886134e+08 6.885833e+07 9.994164e+07 1.227989e+08]
At round 20 optimal decs: [0 0 0 0 0 0 0 0 0 0]
At round 20 optimal powers: [0.00012  0.001178 0.000248 0.005343 0.001234 0.001525 0.001762 0.000143 0.000616 0.001265]
At round 20 t_co: [0.278127 0.315007 0.191123 0.144244 0.299613 0.227544 0.161733 0.302703 0.33135  0.324753]
At round 20 e_co: [3.337631e-05 3.711929e-04 4.736030e-05 7.706387e-04 3.696727e-04 3.471171e-04 2.849281e-04 4.329780e-05 2.040894e-04 4.109738e-04]
At round 20 t_cp: [0.222688 0.128175 0.281269 0.347842 0.168949 0.254952 0.341126 0.247504 0.153282 0.118513]
At round 20 e_cp: [5.508315e-06 2.271399e-05 1.861353e-05 7.429694e-04 3.549520e-05 9.170981e-05 2.288929e-04 8.080736e-06 1.530139e-05 2.194574e-05]
At round 20 average t_co: 0.33135013229667903 average t_cp: 0.34784209569981284 t: 0.5502066414971163
At round 20 average e_co: 0.0028826471196226155 average e_cp: 0.0011912309971068454 e: 0.004073878116729461
At round 20 a_n: 14.091616720954645
At round 20 local rounds: 19.14907803389103
At round 20 global rounds: 23.726386324740098
At round 20 tau: 1.5158864595297392
At round 20 accuracy: 0.8604651162790697
At round 20 training accuracy: 0.8604513064133017
At round 20 training loss: 0.20545895477861564
At round 20 test loss: 0.4076692673719733
gradient difference: 0.30471813678741455
ground = 21 remain_eps = 1.374864933891543	remain_tau = 0.9656798180326229
update_location
xs = [-214.663333  334.663333 -319.663333 -267.358497 -117.358497  -17.358497  317.358497 -114.663333  417.358497  359.663333]
ys = [-234.663333  289.663333 -334.663333  413.670326  343.670326  293.670326  101.329674 -134.663333   51.329674  319.663333]
dists_uav = [623.429568 181.623769 766.616849 515.686106 354.97995  250.34383  194.565318 484.560722 292.73605  213.13179 ]
uav_gains = [7.569304e-13 6.292042e-11 4.667887e-13 1.195684e-12 3.682948e-12 2.224232e-11 5.292983e-11 1.398779e-12 9.595711e-12 4.102448e-11]
dists_bs = [341.297368 857.652451 359.890067 951.984259 851.793775 793.860128 679.93661  382.908031 691.485737 895.10094 ]
bs_gains = [3.698437e-11 3.217700e-12 3.213442e-11 2.440347e-12 3.276681e-12 3.949108e-12 5.953594e-12 2.726592e-11 5.693705e-12 2.873159e-12]
Model saved in /home/hgiang/2022_coding/fedcom-torch/models/mnist/s1
