Arguments:
	      dataset : mnist
	learning_rate : 0.01
	        model : mclr
	 model_params : (784, 10)
	        optim : 1
	      sce_idx : 1
	          tau : 20.0
['f_00000', 'f_00001', 'f_00002', 'f_00003', 'f_00004', 'f_00005', 'f_00006', 'f_00007', 'f_00008', 'f_00009']
10
dict_keys(['x', 'y'])
id = f_00000, model = <class 'flearn.models.mnist.mclr.Model'>, device = cpu, num_samples = 523
id = f_00001, model = <class 'flearn.models.mnist.mclr.Model'>, device = cpu, num_samples = 516
id = f_00002, model = <class 'flearn.models.mnist.mclr.Model'>, device = cpu, num_samples = 580
id = f_00003, model = <class 'flearn.models.mnist.mclr.Model'>, device = cpu, num_samples = 496
id = f_00004, model = <class 'flearn.models.mnist.mclr.Model'>, device = cpu, num_samples = 536
id = f_00005, model = <class 'flearn.models.mnist.mclr.Model'>, device = cpu, num_samples = 783
id = f_00006, model = <class 'flearn.models.mnist.mclr.Model'>, device = cpu, num_samples = 672
id = f_00007, model = <class 'flearn.models.mnist.mclr.Model'>, device = cpu, num_samples = 1107
id = f_00008, model = <class 'flearn.models.mnist.mclr.Model'>, device = cpu, num_samples = 695
id = f_00009, model = <class 'flearn.models.mnist.mclr.Model'>, device = cpu, num_samples = 976
BaseFederated generated!
num_samples = [ 523  516  580  496  536  783  672 1107  695  976]
msize = 300240
xs = [-280.  400. -385. -350. -200. -100.  400. -180.  500.  425.]
ys = [-300.  355. -400.  455.  385.  335.   60. -200.   10.  385.]
dists_uav = [714.702735 261.199158 858.268606 606.403331 444.100214 336.489227 274.954542 575.152154 379.605058 296.395007]
uav_gains = [5.494875e-13 1.802536e-11 3.593089e-13 8.081917e-13 1.762643e-12 4.643011e-12 1.366745e-11 9.167988e-13 2.857829e-12 8.947599e-12]
dists_bs = [ 344.093011  943.941206  397.775062 1017.116021  907.317475  840.966706  688.186021  349.857114  714.212853  981.758626]
bs_gains = [3.619341e-11 2.495838e-12 2.464796e-11 2.047806e-12 2.771778e-12 3.389665e-12 5.766337e-12 3.463460e-11 5.226094e-12 2.249096e-12]
v = 14.757969303423849 a_0 = 15.679931012830304
SystemModel __init__!
solve_bound_eta tau = 20.0
af = [0.218251 0.21533  0.242038 0.206984 0.223676 0.326751 0.28043  0.461958 0.290028 0.407291]
bf = [0.479252 0.786417 0.507869 0.825074 0.767316 0.733074 0.655539 0.482367 0.668657 0.806309]
tmp = [-1.312466e-37 -1.646268e-37 -8.748568e-34 -5.652250e-39 -4.063003e-36 -1.508605e-24 -7.851636e-29 -1.939057e-17 -7.787760e-28 -1.678426e-19]
w0 = [-1.312466e-37+0.j -1.646268e-37+0.j -8.748568e-34+0.j -5.652250e-39+0.j -4.063003e-36+0.j -1.508605e-24+0.j -7.851636e-29+0.j -1.939057e-17+0.j -7.787760e-28+0.j -1.678426e-19+0.j]
w_1 = [-89.417052+0.j -89.187882+0.j -80.507352+0.j -92.597022+0.j -85.944847+0.j -58.927159+0.j -68.947592+0.j -42.224751+0.j -66.618816+0.j -47.083176+0.j]
xs_min = [-89.44158  -89.228452 -80.533397 -92.639611 -85.984428 -58.965146 -68.981409 -42.249757 -66.653339 -47.125219]
xs_max = [-0.024529 -0.04057  -0.026045 -0.042589 -0.039582 -0.037987 -0.033816 -0.025006 -0.034523 -0.042043]
solve_bound_eta x_min = -42.24975722750704	x_max = -0.0425886083155973
solve_bound_eta eta_min = 4.478819643952045e-19	eta_max = 0.9583055479183711
af = 2.298191165658961	bf = 0.6711874053061666	zeta = 2.3211730773155503	eta = 0.9900990099009902
af = 2.298191165658961	bf = 0.6711874053061666	zeta = 70.0995719445991	eta = 0.03278466760788869
af = 2.298191165658961	bf = 0.6711874053061666	zeta = 8.8149265638242	eta = 0.2607158606505658
af = 2.298191165658961	bf = 0.6711874053061666	zeta = 5.086949691239412	eta = 0.45178177594656277
af = 2.298191165658961	bf = 0.6711874053061666	zeta = 4.555173293873632	eta = 0.5045233226911161
af = 2.298191165658961	bf = 0.6711874053061666	zeta = 4.527911797047095	eta = 0.5075609394948329
af = 2.298191165658961	bf = 0.6711874053061666	zeta = 4.527827883835473	eta = 0.5075703460070988
eta = 0.5075703460070988
opt_as = [0.208111 0.208111 0.208111 0.208111 0.208111 0.208111 0.208111 0.208111 0.208111 0.208111]
opt_bs = [9048.353179  623.959564 6161.990667  511.951403  692.944528  847.416125 1441.584338 8658.649719 1306.523561  562.274031]
opt_cs = [18877712.601394 18625047.231968 20935130.609576 17903146.176465 19346948.287471 28262426.322928 24255875.464889 39957223.422071 25086061.678717 35228771.508529]
opt_tau = [0.628102 0.628102 0.628102 0.628102 0.628102 0.628102 0.628102 0.628102 0.628102 0.628102]
iter = 16 converged! (z, t) = (1.4735840163110356, 17.027141915399653)
iter = 13 converged! (z, t) = (2.1680997030844655, 9.497827086006273)
iter = 13 converged! (z, t) = (1.4939247255283945, 15.151583338979755)
iter = 13 converged! (z, t) = (2.2348983161548213, 9.104320719495307)
iter = 13 converged! (z, t) = (2.119407303248403, 9.667203087387879)
iter = 15 converged! (z, t) = (1.7891112972139755, 9.049787353446247)
iter = 12 converged! (z, t) = (1.769919801303129, 10.709277456625582)
iter = 15 converged! (z, t) = (0.9080362463115401, 10.990001017332379)
iter = 14 converged! (z, t) = (1.7691315457520977, 10.361408972844439)
iter = 14 converged! (z, t) = (1.7220900216298882, 7.656150600034628)
opt_freqs = [5.872976e+07 1.052872e+08 6.599970e+07 1.098380e+08 1.034425e+08 1.104998e+08 9.337698e+07 9.099180e+07 9.651197e+07 1.306139e+08]
opt_powers = [0.000107 0.000939 0.000155 0.001102 0.00087  0.000884 0.000527 0.000232 0.000582 0.0014  ]
optimize_network iter = 0 obj = 0.09345032900089324
solve_bound_eta tau = 20.0
af = [ 7.432394  4.090339  7.334513  3.768899  4.32465   5.914056  6.006407 10.153848  6.0102    6.236567]
bf = [4.808538 7.074853 4.874913 7.292827 6.915962 5.838154 5.775529 2.963066 5.772957 5.619453]
tmp = [-0.348517 -0.20746  -0.346789 -0.182202 -0.224461 -0.308446 -0.311826 -0.367879 -0.311961 -0.319646]
w0 = [-0.706172+0.j -0.272425+0.j -0.694555+0.j -0.229117+0.j -0.304294+0.j -0.517541+0.j -0.529513+0.j -0.99976 +0.j -0.530003+0.j -0.559082+0.j]
w_1 = [-1.365833+0.j -2.481801+0.j -1.38406 +0.j -2.693467+0.j -2.347336+0.j -1.716488+0.j -1.690096+0.j -1.00024 +0.j -1.68903 +0.j -1.627724+0.j]
xs_min = [-1.337781 -2.887496 -1.367625 -3.14247  -2.721162 -1.877067 -1.838704 -0.67812  -1.837147 -1.746762]
xs_max = [-0.67812  -0.67812  -0.67812  -0.67812  -0.67812  -0.67812  -0.67812  -0.677639 -0.67812  -0.67812 ]
solve_bound_eta x_min = -0.6781199648499633	x_max = -0.6781199648501957
solve_bound_eta eta_min = 0.5075703460072162	eta_max = 0.5075703460070983
Done!
af = 0.005798835455993668	bf = 0.042085407079842145	zeta = 0.005856823810553605	eta = 0.99009900990099
af = 0.005798835455993668	bf = 0.042085407079842145	zeta = 4.256453848530377	eta = 0.0013623630520499658
af = 0.005798835455993668	bf = 0.042085407079842145	zeta = 0.0804588373258322	eta = 0.07207207621594462
af = 0.005798835455993668	bf = 0.042085407079842145	zeta = 0.061790206597617185	eta = 0.09384716082527693
af = 0.005798835455993668	bf = 0.042085407079842145	zeta = 0.0615855938559055	eta = 0.09415895979766722
af = 0.005798835455993668	bf = 0.042085407079842145	zeta = 0.061585558680028914	eta = 0.09415901357852138
eta = 0.09415901357852138
At round 0 optimal eta: 0.5075703460072162
At round 0 optimal freqs: [5.872976e+07 1.052872e+08 6.599970e+07 1.098380e+08 1.034425e+08 1.104998e+08 9.337698e+07 9.099180e+07 9.651197e+07 1.306139e+08]
At round 0 optimal decs: [0 0 0 0 0 0 0 0 0 0]
At round 0 optimal powers: [0.000107 0.000939 0.000155 0.001102 0.00087  0.000884 0.000527 0.000232 0.000582 0.0014  ]
At round 0 t_co: [0.306668 0.451204 0.310901 0.465106 0.441071 0.372333 0.368339 0.188972 0.368175 0.358385]
At round 0 e_co: [3.291441e-05 4.237756e-04 4.808443e-05 5.126774e-04 3.837719e-04 3.290088e-04 1.940452e-04 4.382402e-05 2.141339e-04 5.017946e-04]
At round 0 t_cp: [0.321433 0.176897 0.3172   0.162996 0.187031 0.255769 0.259763 0.43913  0.259927 0.269717]
At round 0 e_cp: [6.511272e-06 2.064662e-05 9.119261e-06 2.159903e-05 2.070193e-05 3.450903e-05 2.114933e-05 3.308262e-05 2.336656e-05 6.010029e-05]
At round 0 average t_co: 0.4651058272362686 average t_cp: 0.43912992605818735 t: 0.6281018119147601
At round 0 average e_co: 0.0026840301175690903 average e_cp: 0.0002507859309056582 e: 0.0029348160484747483
At round 0 a_n: 15.679931012830304
At round 0 local rounds: 14.43802111004782
At round 0 global rounds: 31.84197150941702
At round 0 tau: 20.0
At round 0 accuracy: 0.058004640371229696
At round 0 training accuracy: 0.04997094712376525
At round 0 training loss: 2.540595296129713
At round 0 test loss: 2.50816742876935
gradient difference: 11.764200210571289
ground = 1 remain_eps = 0.0012770391984709944	remain_tau = 19.37189818808524
update_location
xs = [-276.88873  396.88873 -381.88873 -346.06469 -196.06469  -96.06469  396.06469 -176.88873  496.06469  421.88873]
ys = [-296.88873  351.88873 -396.88873  453.03192  383.03192  333.03192   61.96808 -196.88873   11.96808  381.88873]
dists_uav = [710.349787 257.215492 853.90058  602.071858 439.8257   332.310872 270.952857 570.825129 375.408552 292.30561 ]
uav_gains = [5.573691e-13 1.949518e-11 3.635755e-13 8.220571e-13 1.810530e-12 4.921303e-12 1.482062e-11 9.335520e-13 2.973071e-12 9.675801e-12]
dists_bs = [ 343.397083  939.80587   395.564073 1013.918444  904.536752  838.552685  687.513899  350.950231  712.875509  977.608221]
bs_gains = [3.638811e-11 2.525047e-12 2.501474e-11 2.064964e-12 2.794416e-12 3.415585e-12 5.781288e-12 3.434946e-11 5.252115e-12 2.274488e-12]
At round 1 optimal eta: 0.5075703460072162
At round 1 optimal freqs: [5.872976e+07 1.052872e+08 6.599970e+07 1.098380e+08 1.034425e+08 1.104998e+08 9.337698e+07 9.099180e+07 9.651197e+07 1.306139e+08]
At round 1 optimal decs: [0 0 0 0 0 0 0 0 0 0]
At round 1 optimal powers: [0.000107 0.000939 0.000155 0.001102 0.00087  0.000884 0.000527 0.000232 0.000582 0.0014  ]
At round 1 t_co: [0.305477 0.447022 0.307577 0.46199  0.438222 0.370168 0.367611 0.189922 0.366781 0.355349]
At round 1 e_co: [3.278653e-05 4.198479e-04 4.757026e-05 5.092425e-04 3.812932e-04 3.270957e-04 1.936618e-04 4.404442e-05 2.133234e-04 4.975441e-04]
At round 1 t_cp: [0.321433 0.176897 0.3172   0.162996 0.187031 0.255769 0.259763 0.43913  0.259927 0.269717]
At round 1 e_cp: [6.511272e-06 2.064662e-05 9.119261e-06 2.159903e-05 2.070193e-05 3.450903e-05 2.114933e-05 3.308262e-05 2.336656e-05 6.010029e-05]
At round 1 average t_co: 0.4619896320165726 average t_cp: 0.43912992605818735 t: 0.6290522244742115
At round 1 average e_co: 0.0026664097751909503 average e_cp: 0.0002507859309056582 e: 0.0029171957060966083
At round 1 a_n: 15.679931012830304
At round 1 local rounds: 14.43802111004782
At round 1 global rounds: 31.84197150941702
At round 1 tau: 19.37189818808524
At round 1 accuracy: 0.7256380510440835
At round 1 training accuracy: 0.7148460197559559
At round 1 training loss: 1.3317454896569214
At round 1 test loss: 1.3437959736510323
gradient difference: 2.0606772899627686
ground = 2 remain_eps = 0.0016308291144314397	remain_tau = 18.74284596361103
update_location
xs = [-273.77746   393.77746  -378.77746  -342.129381 -192.129381  -92.129381  392.129381 -173.77746   492.129381  418.77746 ]
ys = [-293.77746   348.77746  -393.77746   451.063841  381.063841  331.063841   63.936159 -193.77746    13.936159  378.77746 ]
dists_uav = [705.997423 253.245609 849.532883 597.741385 435.553684 328.138312 266.963708 566.499229 371.216758 288.225362]
uav_gains = [5.654156e-13 2.105031e-11 3.679153e-13 8.362774e-13 1.860718e-12 5.227995e-12 1.606337e-11 9.507689e-13 3.097138e-12 1.047733e-11]
dists_bs = [ 342.756231  935.672948  393.389873 1010.729906  901.768923  836.154848  686.869306  352.094944  711.56286   973.460007]
bs_gains = [3.656868e-11 2.554711e-12 2.538278e-11 2.082272e-12 2.817203e-12 3.441603e-12 5.795677e-12 3.405431e-11 5.277830e-12 2.300263e-12]
At round 2 optimal eta: 0.5075703460072162
At round 2 optimal freqs: [5.872976e+07 1.052872e+08 6.599970e+07 1.098380e+08 1.034425e+08 1.104998e+08 9.337698e+07 9.099180e+07 9.651197e+07 1.306139e+08]
At round 2 optimal decs: [0 0 0 0 0 0 0 0 0 0]
At round 2 optimal powers: [0.000107 0.000939 0.000155 0.001102 0.00087  0.000884 0.000527 0.000232 0.000582 0.0014  ]
At round 2 t_co: [0.304383 0.442872 0.304335 0.458898 0.4354   0.368027 0.366914 0.190922 0.365417 0.352335]
At round 2 e_co: [3.266911e-05 4.159496e-04 4.706885e-05 5.058343e-04 3.788377e-04 3.252039e-04 1.932946e-04 4.427622e-05 2.125302e-04 4.933235e-04]
At round 2 t_cp: [0.321433 0.176897 0.3172   0.162996 0.187031 0.255769 0.259763 0.43913  0.259927 0.269717]
At round 2 e_cp: [6.511272e-06 2.064662e-05 9.119261e-06 2.159903e-05 2.070193e-05 3.450903e-05 2.114933e-05 3.308262e-05 2.336656e-05 6.010029e-05]
At round 2 average t_co: 0.45889764992886084 average t_cp: 0.43912992605818735 t: 0.6300517388694569
At round 2 average e_co: 0.0026489880162258754 average e_cp: 0.0002507859309056582 e: 0.0028997739471315334
At round 2 a_n: 15.679931012830304
At round 2 local rounds: 14.43802111004782
At round 2 global rounds: 31.84197150941702
At round 2 tau: 18.74284596361103
At round 2 accuracy: 0.7784222737819025
At round 2 training accuracy: 0.7739686228936665
At round 2 training loss: 0.9694230335237651
At round 2 test loss: 0.9965702867163736
gradient difference: 2.0722978115081787
ground = 3 remain_eps = 0.0020826327051366874	remain_tau = 18.11279422474157
update_location
xs = [-270.66619   390.66619  -375.66619  -338.194071 -188.194071  -88.194071  388.194071 -170.66619   488.194071  415.66619 ]
ys = [-290.66619   345.66619  -390.66619   449.095761  379.095761  329.095761   65.904239 -190.66619    15.904239  375.66619 ]
dists_uav = [701.645652 249.290168 845.165522 593.411936 431.284243 323.97177  262.987665 562.174479 367.029838 284.154656]
uav_gains = [5.736313e-13 2.268636e-11 3.723298e-13 8.508654e-13 1.913387e-12 5.566505e-12 1.739564e-11 9.684679e-13 3.231013e-12 1.135723e-11]
dists_bs = [ 342.170762  931.542473  391.253075 1007.550491  899.014107  833.773335  686.252319  353.29075   710.275042  969.314015]
bs_gains = [3.673473e-11 2.584839e-12 2.575179e-11 2.099730e-12 2.840137e-12 3.467715e-12 5.809495e-12 3.374971e-11 5.303226e-12 2.326428e-12]
At round 3 optimal eta: 0.5075703460072162
At round 3 optimal freqs: [5.872976e+07 1.052872e+08 6.599970e+07 1.098380e+08 1.034425e+08 1.104998e+08 9.337698e+07 9.099180e+07 9.651197e+07 1.306139e+08]
At round 3 optimal decs: [0 0 0 0 0 0 0 0 0 0]
At round 3 optimal powers: [0.000107 0.000939 0.000155 0.001102 0.00087  0.000884 0.000527 0.000232 0.000582 0.0014  ]
At round 3 t_co: [0.303386 0.438752 0.301175 0.45583  0.432605 0.36591  0.366248 0.191971 0.364083 0.349342]
At round 3 e_co: [3.256213e-05 4.120806e-04 4.658010e-05 5.024526e-04 3.764056e-04 3.233333e-04 1.929437e-04 4.451944e-05 2.117541e-04 4.891327e-04]
At round 3 t_cp: [0.321433 0.176897 0.3172   0.162996 0.187031 0.255769 0.259763 0.43913  0.259927 0.269717]
At round 3 e_cp: [6.511272e-06 2.064662e-05 9.119261e-06 2.159903e-05 2.070193e-05 3.450903e-05 2.114933e-05 3.308262e-05 2.336656e-05 6.010029e-05]
At round 3 average t_co: 0.45582979650889005 average t_cp: 0.43912992605818735 t: 0.6311005148591514
At round 3 average e_co: 0.0026317642110316214 average e_cp: 0.0002507859309056582 e: 0.002882550141937279
At round 3 a_n: 15.679931012830304
At round 3 local rounds: 14.43802111004782
At round 3 global rounds: 31.84197150941702
At round 3 tau: 18.11279422474157
At round 3 accuracy: 0.8114849187935035
At round 3 training accuracy: 0.799535153980244
At round 3 training loss: 0.7915455828802487
At round 3 test loss: 0.821761378684696
gradient difference: 2.033799648284912
ground = 4 remain_eps = 0.002659603600477234	remain_tau = 17.481693709882418
update_location
xs = [-267.554921  387.554921 -372.554921 -334.258761 -184.258761  -84.258761  384.258761 -167.554921  484.258761  412.554921]
ys = [-287.554921  342.554921 -387.554921  447.127681  377.127681  327.127681   67.872319 -187.554921   17.872319  372.554921]
dists_uav = [697.294487 245.349866 840.798501 589.083532 427.017451 319.811481 259.025332 557.850906 362.847961 280.093909]
uav_gains = [5.820212e-13 2.439814e-11 3.768209e-13 8.658344e-13 1.968736e-12 5.940609e-12 1.881600e-11 9.866684e-13 3.375805e-12 1.232003e-11]
dists_bs = [ 341.640963  927.414476  389.154294 1004.380288  896.272425  831.408287  685.663012  354.537134  709.012191  965.170271]
bs_gains = [3.688589e-11 2.615440e-12 2.612148e-11 2.117339e-12 2.863218e-12 3.493916e-12 5.822736e-12 3.343620e-11 5.328295e-12 2.352990e-12]
At round 4 optimal eta: 0.5075703460072162
At round 4 optimal freqs: [5.872976e+07 1.052872e+08 6.599970e+07 1.098380e+08 1.034425e+08 1.104998e+08 9.337698e+07 9.099180e+07 9.651197e+07 1.306139e+08]
At round 4 optimal decs: [0 0 0 0 0 0 0 0 0 0]
At round 4 optimal powers: [0.000107 0.000939 0.000155 0.001102 0.00087  0.000884 0.000527 0.000232 0.000582 0.0014  ]
At round 4 t_co: [0.302486 0.434664 0.298096 0.452786 0.429836 0.363817 0.365613 0.193069 0.362778 0.34637 ]
At round 4 e_co: [3.246556e-05 4.082407e-04 4.610393e-05 4.990975e-04 3.739966e-04 3.214837e-04 1.926090e-04 4.477412e-05 2.109952e-04 4.849714e-04]
At round 4 t_cp: [0.321433 0.176897 0.3172   0.162996 0.187031 0.255769 0.259763 0.43913  0.259927 0.269717]
At round 4 e_cp: [6.511272e-06 2.064662e-05 9.119261e-06 2.159903e-05 2.070193e-05 3.450903e-05 2.114933e-05 3.308262e-05 2.336656e-05 6.010029e-05]
At round 4 average t_co: 0.4527859873738133 average t_cp: 0.43912992605818735 t: 0.6321987203420161
At round 4 average e_co: 0.002614737738169345 average e_cp: 0.0002507859309056582 e: 0.002865523669075003
At round 4 a_n: 15.679931012830304
At round 4 local rounds: 14.43802111004782
At round 4 global rounds: 31.84197150941702
At round 4 tau: 17.481693709882418
At round 4 accuracy: 0.8277262180974478
At round 4 training accuracy: 0.8169668797210924
At round 4 training loss: 0.6868431662027205
At round 4 test loss: 0.7316510812318197
gradient difference: 2.2635016441345215
ground = 5 remain_eps = 0.0033964180502040176	remain_tau = 16.849494989540403
update_location
xs = [-264.443651  384.443651 -369.443651 -330.323452 -180.323452  -80.323452  380.323452 -164.443651  480.323452  409.443651]
ys = [-284.443651  339.443651 -384.443651  445.159601  375.159601  325.159601   69.840399 -184.443651   19.840399  369.443651]
dists_uav = [692.943938 241.425446 836.431825 584.756197 422.753391 315.657693 255.077347 553.528537 358.671303 276.043561]
uav_gains = [5.905903e-13 2.618002e-11 3.813903e-13 8.811984e-13 2.026983e-12 6.354455e-12 2.032173e-11 1.005391e-12 3.532770e-12 1.336956e-11]
dists_bs = [ 341.167091  923.288992  387.09415  1001.219384  893.543997  829.059844  685.101458  355.833562  707.77444   961.028806]
bs_gains = [3.702181e-11 2.646523e-12 2.649150e-11 2.135099e-12 2.886445e-12 3.520205e-12 5.835393e-12 3.311435e-11 5.353023e-12 2.379957e-12]
At round 5 optimal eta: 0.5075703460072162
At round 5 optimal freqs: [5.872976e+07 1.052872e+08 6.599970e+07 1.098380e+08 1.034425e+08 1.104998e+08 9.337698e+07 9.099180e+07 9.651197e+07 1.306139e+08]
At round 5 optimal decs: [0 0 0 0 0 0 0 0 0 0]
At round 5 optimal powers: [0.000107 0.000939 0.000155 0.001102 0.00087  0.000884 0.000527 0.000232 0.000582 0.0014  ]
At round 5 t_co: [0.301683 0.430606 0.295098 0.449766 0.427094 0.361748 0.365008 0.194217 0.361503 0.343419]
At round 5 e_co: [3.237938e-05 4.044298e-04 4.564024e-05 4.957688e-04 3.716107e-04 3.196551e-04 1.922904e-04 4.504031e-05 2.102534e-04 4.808397e-04]
At round 5 t_cp: [0.321433 0.176897 0.3172   0.162996 0.187031 0.255769 0.259763 0.43913  0.259927 0.269717]
At round 5 e_cp: [6.511272e-06 2.064662e-05 9.119261e-06 2.159903e-05 2.070193e-05 3.450903e-05 2.114933e-05 3.308262e-05 2.336656e-05 6.010029e-05]
At round 5 average t_co: 0.44976613822619654 average t_cp: 0.43912992605818735 t: 0.6333465313859751
At round 5 average e_co: 0.002597907984491109 average e_cp: 0.0002507859309056582 e: 0.002848693915396767
At round 5 a_n: 15.679931012830304
At round 5 local rounds: 14.43802111004782
At round 5 global rounds: 31.84197150941702
At round 5 tau: 16.849494989540403
At round 5 accuracy: 0.8375870069605569
At round 5 training accuracy: 0.8298954096455549
At round 5 training loss: 0.6217622324437608
At round 5 test loss: 0.6376221086250795
gradient difference: 1.8771448135375977
ground = 6 remain_eps = 0.004337358984504956	remain_tau = 16.21614845815443
update_location
xs = [-261.332381  381.332381 -366.332381 -326.388142 -176.388142  -76.388142  376.388142 -161.332381  476.388142  406.332381]
ys = [-281.332381  336.332381 -381.332381  443.191522  373.191522  323.191522   71.808478 -181.332381   21.808478  366.332381]
dists_uav = [688.594018 237.517695 832.065501 580.429954 418.492145 311.510666 251.144388 549.207401 354.500048 272.004076]
uav_gains = [5.993435e-13 2.802638e-11 3.860397e-13 8.969722e-13 2.088374e-12 6.812551e-12 2.190890e-11 1.024657e-12 3.703324e-12 1.450869e-11]
dists_bs = [340.749381 919.166055 385.073262 998.067866 890.828945 826.728147 684.567724 357.179491 706.561922 956.889648]
bs_gains = [3.714220e-11 2.678098e-12 2.686152e-11 2.153011e-12 2.909816e-12 3.546576e-12 5.847457e-12 3.278470e-11 5.377401e-12 2.407336e-12]
At round 6 optimal eta: 0.5075703460072162
At round 6 optimal freqs: [5.872976e+07 1.052872e+08 6.599970e+07 1.098380e+08 1.034425e+08 1.104998e+08 9.337698e+07 9.099180e+07 9.651197e+07 1.306139e+08]
At round 6 optimal decs: [0 0 0 0 0 0 0 0 0 0]
At round 6 optimal powers: [0.000107 0.000939 0.000155 0.001102 0.00087  0.000884 0.000527 0.000232 0.000582 0.0014  ]
At round 6 t_co: [0.300977 0.42658  0.29218  0.44677  0.424378 0.359702 0.364434 0.195414 0.360257 0.340489]
At round 6 e_co: [3.230355e-05 4.006480e-04 4.518895e-05 4.924664e-04 3.692479e-04 3.178474e-04 1.919880e-04 4.531804e-05 2.095287e-04 4.767374e-04]
At round 6 t_cp: [0.321433 0.176897 0.3172   0.162996 0.187031 0.255769 0.259763 0.43913  0.259927 0.269717]
At round 6 e_cp: [6.511272e-06 2.064662e-05 9.119261e-06 2.159903e-05 2.070193e-05 3.450903e-05 2.114933e-05 3.308262e-05 2.336656e-05 6.010029e-05]
At round 6 average t_co: 0.4467701648581045 average t_cp: 0.43912992605818735 t: 0.6345441322522831
At round 6 average e_co: 0.002581274345224308 average e_cp: 0.0002507859309056582 e: 0.0028320602761299665
At round 6 a_n: 15.679931012830304
At round 6 local rounds: 14.43802111004782
At round 6 global rounds: 31.84197150941702
At round 6 tau: 16.21614845815443
At round 6 accuracy: 0.8428074245939675
At round 6 training accuracy: 0.8409355026147589
At round 6 training loss: 0.5701311204785928
At round 6 test loss: 0.6027587469737303
gradient difference: 1.904022455215454
ground = 7 remain_eps = 0.005538977441053175	remain_tau = 15.581604325902145
update_location
xs = [-258.221111  378.221111 -363.221111 -322.452832 -172.452832  -72.452832  372.452832 -158.221111  472.452832  403.221111]
ys = [-278.221111  333.221111 -378.221111  441.223442  371.223442  321.223442   73.776558 -178.221111   23.776558  363.221111]
dists_uav = [684.244739 233.627448 827.699534 576.104828 414.233801 307.370674 247.227172 544.887528 350.33439  267.975944]
uav_gains = [6.082864e-13 2.993202e-11 3.907711e-13 9.131713e-13 2.153180e-12 7.319753e-12 2.357265e-11 1.044491e-12 3.889067e-12 1.573914e-11]
dists_bs = [340.38804  915.045698 383.092252 994.925825 888.127392 824.41334  684.061877 358.574362 705.374767 952.752828]
bs_gains = [3.724677e-11 2.710174e-12 2.723119e-11 2.171077e-12 2.933331e-12 3.573027e-12 5.858923e-12 3.244782e-11 5.401418e-12 2.435134e-12]
At round 7 optimal eta: 0.5075703460072162
At round 7 optimal freqs: [5.872976e+07 1.052872e+08 6.599970e+07 1.098380e+08 1.034425e+08 1.104998e+08 9.337698e+07 9.099180e+07 9.651197e+07 1.306139e+08]
At round 7 optimal decs: [0 0 0 0 0 0 0 0 0 0]
At round 7 optimal powers: [0.000107 0.000939 0.000155 0.001102 0.00087  0.000884 0.000527 0.000232 0.000582 0.0014  ]
At round 7 t_co: [0.300367 0.422584 0.289342 0.443798 0.421689 0.35768  0.363891 0.196662 0.35904  0.33758 ]
At round 7 e_co: [3.223807e-05 3.968949e-04 4.474999e-05 4.891902e-04 3.669079e-04 3.160606e-04 1.917018e-04 4.560736e-05 2.088210e-04 4.726645e-04]
At round 7 t_cp: [0.321433 0.176897 0.3172   0.162996 0.187031 0.255769 0.259763 0.43913  0.259927 0.269717]
At round 7 e_cp: [6.511272e-06 2.064662e-05 9.119261e-06 2.159903e-05 2.070193e-05 3.450903e-05 2.114933e-05 3.308262e-05 2.336656e-05 6.010029e-05]
At round 7 average t_co: 0.4437979831552489 average t_cp: 0.43912992605818735 t: 0.6357917154140882
At round 7 average e_co: 0.002564836224052856 average e_cp: 0.0002507859309056582 e: 0.0028156221549585146
At round 7 a_n: 15.679931012830304
At round 7 local rounds: 14.43802111004782
At round 7 global rounds: 31.84197150941702
At round 7 tau: 15.581604325902145
At round 7 accuracy: 0.8503480278422274
At round 7 training accuracy: 0.8503776873910517
At round 7 training loss: 0.5340546676412532
At round 7 test loss: 0.5735541317101974
gradient difference: 2.6008753776550293
ground = 8 remain_eps = 0.007073491311671467	remain_tau = 14.945812610488057
update_location
xs = [-255.109841  375.109841 -360.109841 -318.517523 -168.517523  -68.517523  368.517523 -155.109841  468.517523  400.109841]
ys = [-275.109841  330.109841 -375.109841  439.255362  369.255362  319.255362   75.744638 -175.109841   25.744638  360.109841]
dists_uav = [679.896112 229.755596 823.333928 571.780845 409.978448 303.238004 243.326458 540.568947 346.174531 263.959687]
uav_gains = [6.174244e-13 3.189260e-11 3.955862e-13 9.298121e-13 2.221705e-12 7.881217e-12 2.530755e-11 1.064915e-12 4.091804e-12 1.706130e-11]
dists_bs = [340.083247 910.927956 381.151741 991.793349 885.439462 822.115563 683.583976 360.017608 704.213102 948.618376]
bs_gains = [3.733530e-11 2.742760e-12 2.760013e-11 2.189295e-12 2.956988e-12 3.599552e-12 5.869783e-12 3.210426e-11 5.425062e-12 2.463361e-12]
At round 8 optimal eta: 0.5075703460072162
At round 8 optimal freqs: [5.872976e+07 1.052872e+08 6.599970e+07 1.098380e+08 1.034425e+08 1.104998e+08 9.337698e+07 9.099180e+07 9.651197e+07 1.306139e+08]
At round 8 optimal decs: [0 0 0 0 0 0 0 0 0 0]
At round 8 optimal powers: [0.000107 0.000939 0.000155 0.001102 0.00087  0.000884 0.000527 0.000232 0.000582 0.0014  ]
At round 8 t_co: [0.299853 0.418618 0.286583 0.44085  0.419026 0.355681 0.363378 0.19796  0.357852 0.334692]
At round 8 e_co: [3.218292e-05 3.931706e-04 4.432326e-05 4.859401e-04 3.645908e-04 3.142945e-04 1.914316e-04 4.590833e-05 2.081302e-04 4.686207e-04]
At round 8 t_cp: [0.321433 0.176897 0.3172   0.162996 0.187031 0.255769 0.259763 0.43913  0.259927 0.269717]
At round 8 e_cp: [6.511272e-06 2.064662e-05 9.119261e-06 2.159903e-05 2.070193e-05 3.450903e-05 2.114933e-05 3.308262e-05 2.336656e-05 6.010029e-05]
At round 8 average t_co: 0.44084950910120646 average t_cp: 0.43912992605818735 t: 0.6370894815690069
At round 8 average e_co: 0.002548593033194986 average e_cp: 0.0002507859309056582 e: 0.002799378964100644
At round 8 a_n: 15.679931012830304
At round 8 local rounds: 14.43802111004782
At round 8 global rounds: 31.84197150941702
At round 8 tau: 14.945812610488057
At round 8 accuracy: 0.8549883990719258
At round 8 training accuracy: 0.8583672283556072
At round 8 training loss: 0.5026929729016233
At round 8 test loss: 0.5503591223231648
gradient difference: 1.6547378301620483
ground = 9 remain_eps = 0.009033125675048471	remain_tau = 14.30872312891905
update_location
xs = [-251.998571  371.998571 -356.998571 -314.582213 -164.582213  -64.582213  364.582213 -151.998571  464.582213  396.998571]
ys = [-271.998571  326.998571 -371.998571  437.287282  367.287282  317.287282   77.712718 -171.998571   27.712718  356.998571]
dists_uav = [675.54815  225.903083 818.968691 567.458031 405.726181 299.11296  239.443053 536.251689 342.020681 259.955853]
uav_gains = [6.267633e-13 3.390495e-11 4.004872e-13 9.469116e-13 2.294290e-12 8.502336e-12 2.710795e-11 1.085957e-12 4.313569e-12 1.847419e-11]
dists_bs = [339.835153 906.812866 379.252351 988.670531 882.765277 819.834962 683.134082 361.508648 703.077055 944.486325]
bs_gains = [3.740757e-11 2.775867e-12 2.796795e-11 2.207668e-12 2.980785e-12 3.626148e-12 5.880033e-12 3.175455e-11 5.448322e-12 2.492023e-12]
At round 9 optimal eta: 0.5075703460072162
At round 9 optimal freqs: [5.872976e+07 1.052872e+08 6.599970e+07 1.098380e+08 1.034425e+08 1.104998e+08 9.337698e+07 9.099180e+07 9.651197e+07 1.306139e+08]
At round 9 optimal decs: [0 0 0 0 0 0 0 0 0 0]
At round 9 optimal powers: [0.000107 0.000939 0.000155 0.001102 0.00087  0.000884 0.000527 0.000232 0.000582 0.0014  ]
At round 9 t_co: [0.299435 0.414684 0.283902 0.437925 0.416389 0.353706 0.362896 0.199308 0.356694 0.331825]
At round 9 e_co: [3.213808e-05 3.894749e-04 4.390869e-05 4.827161e-04 3.622964e-04 3.125491e-04 1.911776e-04 4.622097e-05 2.074564e-04 4.646060e-04]
At round 9 t_cp: [0.321433 0.176897 0.3172   0.162996 0.187031 0.255769 0.259763 0.43913  0.259927 0.269717]
At round 9 e_cp: [6.511272e-06 2.064662e-05 9.119261e-06 2.159903e-05 2.070193e-05 3.450903e-05 2.114933e-05 3.308262e-05 2.336656e-05 6.010029e-05]
At round 9 average t_co: 0.43792465878169695 average t_cp: 0.43912992605818735 t: 0.6384376396453341
At round 9 average e_co: 0.0025325441934775234 average e_cp: 0.0002507859309056582 e: 0.002783330124383181
At round 9 a_n: 15.679931012830304
At round 9 local rounds: 14.43802111004782
At round 9 global rounds: 31.84197150941702
At round 9 tau: 14.30872312891905
At round 9 accuracy: 0.8602088167053364
At round 9 training accuracy: 0.8608367228355607
At round 9 training loss: 0.48078430397142075
At round 9 test loss: 0.5295957596795396
gradient difference: 1.3379517793655396
ground = 10 remain_eps = 0.01153565557175166	remain_tau = 13.670285489273716
update_location
xs = [-248.887302  368.887302 -353.887302 -310.646903 -160.646903  -60.646903  360.646903 -148.887302  460.646903  393.887302]
ys = [-268.887302  323.887302 -368.887302  435.319203  365.319203  315.319203   79.680797 -168.887302   29.680797  353.887302]
dists_uav = [671.200867 222.070917 814.603828 563.136412 401.477097 294.995862 235.577813 531.935788 337.873064 255.965027]
uav_gains = [6.363090e-13 3.596731e-11 4.054759e-13 9.644881e-13 2.371314e-12 9.188644e-12 2.896842e-11 1.107644e-12 4.556644e-12 1.997543e-11]
dists_bs = [339.643884 902.700464 377.394703 985.557461 880.104965 817.571678 682.71225  363.046895 701.966749 940.356704]
bs_gains = [3.746342e-11 2.809505e-12 2.833425e-11 2.226196e-12 3.004721e-12 3.652810e-12 5.889666e-12 3.139925e-11 5.471189e-12 2.521129e-12]
At round 10 optimal eta: 0.5075703460072162
At round 10 optimal freqs: [5.872976e+07 1.052872e+08 6.599970e+07 1.098380e+08 1.034425e+08 1.104998e+08 9.337698e+07 9.099180e+07 9.651197e+07 1.306139e+08]
At round 10 optimal decs: [0 0 0 0 0 0 0 0 0 0]
At round 10 optimal powers: [0.000107 0.000939 0.000155 0.001102 0.00087  0.000884 0.000527 0.000232 0.000582 0.0014  ]
At round 10 t_co: [0.299113 0.410779 0.2813   0.435023 0.413778 0.351754 0.362444 0.200706 0.355564 0.328978]
At round 10 e_co: [3.210355e-05 3.858077e-04 4.350620e-05 4.795181e-04 3.600247e-04 3.108243e-04 1.909396e-04 4.654536e-05 2.067994e-04 4.606203e-04]
At round 10 t_cp: [0.321433 0.176897 0.3172   0.162996 0.187031 0.255769 0.259763 0.43913  0.259927 0.269717]
At round 10 e_cp: [6.511272e-06 2.064662e-05 9.119261e-06 2.159903e-05 2.070193e-05 3.450903e-05 2.114933e-05 3.308262e-05 2.336656e-05 6.010029e-05]
At round 10 average t_co: 0.4350233483889325 average t_cp: 0.43912992605818735 t: 0.6398364068015635
At round 10 average e_co: 0.0025166891344065045 average e_cp: 0.0002507859309056582 e: 0.0027674750653121625
At round 10 a_n: 15.679931012830304
At round 10 local rounds: 14.43802111004782
At round 10 global rounds: 31.84197150941702
At round 10 tau: 13.670285489273716
At round 10 accuracy: 0.8654292343387471
At round 10 training accuracy: 0.8638872748402092
At round 10 training loss: 0.4586317498723396
At round 10 test loss: 0.4907560883139359
gradient difference: 1.9005253314971924
ground = 11 remain_eps = 0.014731484345187201	remain_tau = 13.030449082472153
update_location
xs = [-245.776032  365.776032 -350.776032 -306.711594 -156.711594  -56.711594  356.711594 -145.776032  456.711594  390.776032]
ys = [-265.776032  320.776032 -365.776032  433.351123  363.351123  313.351123   81.648877 -165.776032   31.648877  350.776032]
dists_uav = [666.854275 218.260169 810.239345 558.816017 397.2313   290.887048 231.731648 527.621276 333.73191  251.987827]
uav_gains = [6.460678e-13 3.807952e-11 4.105546e-13 9.825607e-13 2.453205e-12 9.945680e-12 3.088417e-11 1.130005e-12 4.823588e-12 2.156136e-11]
dists_bs = [339.509536 898.590786 375.579417 982.454233 877.458651 815.325858 682.318531 364.631749 700.882307 936.229546]
bs_gains = [3.750272e-11 2.843684e-12 2.869861e-11 2.244879e-12 3.028795e-12 3.679534e-12 5.898676e-12 3.103889e-11 5.493651e-12 2.550688e-12]
At round 11 optimal eta: 0.5075703460072162
At round 11 optimal freqs: [5.872976e+07 1.052872e+08 6.599970e+07 1.098380e+08 1.034425e+08 1.104998e+08 9.337698e+07 9.099180e+07 9.651197e+07 1.306139e+08]
At round 11 optimal decs: [0 0 0 0 0 0 0 0 0 0]
At round 11 optimal powers: [0.000107 0.000939 0.000155 0.001102 0.00087  0.000884 0.000527 0.000232 0.000582 0.0014  ]
At round 11 t_co: [0.298888 0.406905 0.278775 0.432145 0.411193 0.349825 0.362023 0.202156 0.354464 0.326152]
At round 11 e_co: [3.207931e-05 3.821689e-04 4.311571e-05 4.763459e-04 3.577756e-04 3.091200e-04 1.907177e-04 4.688153e-05 2.061593e-04 4.566634e-04]
At round 11 t_cp: [0.321433 0.176897 0.3172   0.162996 0.187031 0.255769 0.259763 0.43913  0.259927 0.269717]
At round 11 e_cp: [6.511272e-06 2.064662e-05 9.119261e-06 2.159903e-05 2.070193e-05 3.450903e-05 2.114933e-05 3.308262e-05 2.336656e-05 6.010029e-05]
At round 11 average t_co: 0.4321454942260317 average t_cp: 0.43912992605818735 t: 0.6412860084189322
At round 11 average e_co: 0.0025010272942340406 average e_cp: 0.0002507859309056582 e: 0.002751813225139699
At round 11 a_n: 15.679931012830304
At round 11 local rounds: 14.43802111004782
At round 11 global rounds: 31.84197150941702
At round 11 tau: 13.030449082472153
At round 11 accuracy: 0.8694895591647331
At round 11 training accuracy: 0.8694073213248111
At round 11 training loss: 0.4411086545748694
At round 11 test loss: 0.4839528509387115
gradient difference: 2.3117146492004395
ground = 12 remain_eps = 0.018812682960465864	remain_tau = 12.38916307405322
update_location
xs = [-242.664762  362.664762 -347.664762 -302.776284 -152.776284  -52.776284  352.776284 -142.664762  452.776284  387.664762]
ys = [-262.664762  317.664762 -362.664762  431.383043  361.383043  311.383043   83.616957 -162.664762   33.616957  347.664762]
dists_uav = [662.508388 214.471981 805.875249 554.496873 392.988895 286.786873 227.905523 523.308188 329.597464 248.024907]
uav_gains = [6.560460e-13 4.024299e-11 4.157252e-13 1.001150e-12 2.540443e-12 1.077883e-11 3.285137e-11 1.153071e-12 5.117258e-12 2.322731e-11]
dists_bs = [339.432176 894.483869 373.807108 979.36094  874.826463 813.097644 681.952974 366.262607 699.823849 932.104885]
bs_gains = [3.752538e-11 2.878415e-12 2.906060e-11 2.263717e-12 3.053005e-12 3.706315e-12 5.907059e-12 3.067398e-11 5.515697e-12 2.580708e-12]
At round 12 optimal eta: 0.5075703460072162
At round 12 optimal freqs: [5.872976e+07 1.052872e+08 6.599970e+07 1.098380e+08 1.034425e+08 1.104998e+08 9.337698e+07 9.099180e+07 9.651197e+07 1.306139e+08]
At round 12 optimal decs: [0 0 0 0 0 0 0 0 0 0]
At round 12 optimal powers: [0.000107 0.000939 0.000155 0.001102 0.00087  0.000884 0.000527 0.000232 0.000582 0.0014  ]
At round 12 t_co: [0.298758 0.40306  0.276327 0.429291 0.408634 0.34792  0.361632 0.203657 0.353392 0.323347]
At round 12 e_co: [3.206536e-05 3.785583e-04 4.273715e-05 4.731994e-04 3.555489e-04 3.074362e-04 1.905119e-04 4.722955e-05 2.055360e-04 4.527354e-04]
At round 12 t_cp: [0.321433 0.176897 0.3172   0.162996 0.187031 0.255769 0.259763 0.43913  0.259927 0.269717]
At round 12 e_cp: [6.511272e-06 2.064662e-05 9.119261e-06 2.159903e-05 2.070193e-05 3.450903e-05 2.114933e-05 3.308262e-05 2.336656e-05 6.010029e-05]
At round 12 average t_co: 0.429291012711498 average t_cp: 0.43912992605818735 t: 0.6427866780867639
At round 12 average e_co: 0.002485558120021303 average e_cp: 0.0002507859309056582 e: 0.0027363440509269614
At round 12 a_n: 15.679931012830304
At round 12 local rounds: 14.43802111004782
At round 12 global rounds: 31.84197150941702
At round 12 tau: 12.38916307405322
At round 12 accuracy: 0.8706496519721578
At round 12 training accuracy: 0.8731841952353283
At round 12 training loss: 0.4263816881108983
At round 12 test loss: 0.46453702815336095
gradient difference: 1.8539642095565796
ground = 13 remain_eps = 0.02402453356892226	remain_tau = 11.746376395966456
update_location
xs = [-239.553492  359.553492 -344.553492 -298.840974 -148.840974  -48.840974  348.840974 -139.553492  448.840974  384.553492]
ys = [-259.553492  314.553492 -359.553492  429.414963  359.414963  309.414963   85.585037 -159.553492   35.585037  344.553492]
dists_uav = [658.16322  210.707569 801.511545 550.179011 388.749993 282.695713 224.100464 518.996558 325.469982 244.076963]
uav_gains = [6.662505e-13 4.246075e-11 4.209901e-13 1.020276e-12 2.633567e-12 1.169311e-11 3.486749e-11 1.176877e-12 5.440831e-12 2.496790e-11]
dists_bs = [339.411842 890.379753 372.078393 976.277677 872.208527 810.887183 681.615625 367.938856 698.791494 927.982753]
bs_gains = [3.753134e-11 2.913708e-12 2.941977e-11 2.282712e-12 3.077348e-12 3.733150e-12 5.914810e-12 3.030505e-11 5.537317e-12 2.611198e-12]
At round 13 optimal eta: 0.5075703460072162
At round 13 optimal freqs: [5.872976e+07 1.052872e+08 6.599970e+07 1.098380e+08 1.034425e+08 1.104998e+08 9.337698e+07 9.099180e+07 9.651197e+07 1.306139e+08]
At round 13 optimal decs: [0 0 0 0 0 0 0 0 0 0]
At round 13 optimal powers: [0.000107 0.000939 0.000155 0.001102 0.00087  0.000884 0.000527 0.000232 0.000582 0.0014  ]
At round 13 t_co: [0.298723 0.399246 0.273956 0.42646  0.406101 0.346037 0.361272 0.205209 0.352349 0.320562]
At round 13 e_co: [3.206169e-05 3.749760e-04 4.237044e-05 4.700786e-04 3.533446e-04 3.057728e-04 1.903220e-04 4.758946e-05 2.049294e-04 4.488359e-04]
At round 13 t_cp: [0.321433 0.176897 0.3172   0.162996 0.187031 0.255769 0.259763 0.43913  0.259927 0.269717]
At round 13 e_cp: [6.511272e-06 2.064662e-05 9.119261e-06 2.159903e-05 2.070193e-05 3.450903e-05 2.114933e-05 3.308262e-05 2.336656e-05 6.010029e-05]
At round 13 average t_co: 0.42645982038376606 average t_cp: 0.43912992605818735 t: 0.6443386575804224
At round 13 average e_co: 0.002470281067697561 average e_cp: 0.0002507859309056582 e: 0.002721066998603219
At round 13 a_n: 15.679931012830304
At round 13 local rounds: 14.43802111004782
At round 13 global rounds: 31.84197150941702
At round 13 tau: 11.746376395966456
At round 13 accuracy: 0.8723897911832946
At round 13 training accuracy: 0.8769610691458455
At round 13 training loss: 0.41315533790233316
At round 13 test loss: 0.4623978508722309
gradient difference: 1.5089777708053589
ground = 14 remain_eps = 0.03068027109249598	remain_tau = 11.102037738386034
update_location
xs = [-236.442222  356.442222 -341.442222 -294.905665 -144.905665  -44.905665  344.905665 -136.442222  444.905665  381.442222]
ys = [-256.442222  311.442222 -356.442222  427.446884  357.446884  307.446884   87.553116 -156.442222   37.553116  341.442222]
dists_uav = [653.818786 206.968232 797.148239 545.862461 384.514712 278.613966 220.317563 514.686425 321.349732 240.144734]
uav_gains = [6.766881e-13 4.473726e-11 4.263515e-13 1.039963e-12 2.733186e-12 1.269297e-11 3.693140e-11 1.201456e-12 5.797816e-12 2.677742e-11]
dists_bs = [339.448546 886.278477 370.39388  973.204538 869.604974 808.69462  681.306526 369.65988  697.785356 923.863184]
bs_gains = [3.752058e-11 2.949575e-12 2.977566e-11 2.301864e-12 3.101824e-12 3.760031e-12 5.921923e-12 2.993260e-11 5.558500e-12 2.642167e-12]
At round 14 optimal eta: 0.5075703460072162
At round 14 optimal freqs: [5.872976e+07 1.052872e+08 6.599970e+07 1.098380e+08 1.034425e+08 1.104998e+08 9.337698e+07 9.099180e+07 9.651197e+07 1.306139e+08]
At round 14 optimal decs: [0 0 0 0 0 0 0 0 0 0]
At round 14 optimal powers: [0.000107 0.000939 0.000155 0.001102 0.00087  0.000884 0.000527 0.000232 0.000582 0.0014  ]
At round 14 t_co: [0.298785 0.395462 0.271661 0.423652 0.403593 0.344178 0.360942 0.206812 0.351335 0.317797]
At round 14 e_co: [3.206831e-05 3.714217e-04 4.201551e-05 4.669835e-04 3.511627e-04 3.041297e-04 1.901482e-04 4.796134e-05 2.043396e-04 4.449650e-04]
At round 14 t_cp: [0.321433 0.176897 0.3172   0.162996 0.187031 0.255769 0.259763 0.43913  0.259927 0.269717]
At round 14 e_cp: [6.511272e-06 2.064662e-05 9.119261e-06 2.159903e-05 2.070193e-05 3.450903e-05 2.114933e-05 3.308262e-05 2.336656e-05 6.010029e-05]
At round 14 average t_co: 0.42365183390581324 average t_cp: 0.43912992605818735 t: 0.6459421968317476
At round 14 average e_co: 0.0024551956021151905 average e_cp: 0.0002507859309056582 e: 0.0027059815330208485
At round 14 a_n: 15.679931012830304
At round 14 local rounds: 14.43802111004782
At round 14 global rounds: 31.84197150941702
At round 14 tau: 11.102037738386034
At round 14 accuracy: 0.8735498839907193
At round 14 training accuracy: 0.8785589773387565
At round 14 training loss: 0.4030312329686417
At round 14 test loss: 0.471477818782853
gradient difference: 1.8234046697616577
ground = 15 remain_eps = 0.039179908804833886	remain_tau = 10.456095541554287
update_location
xs = [-233.330952  353.330952 -338.330952 -290.970355 -140.970355  -40.970355  340.970355 -133.330952  440.970355  378.330952]
ys = [-253.330952  308.330952 -353.330952  425.478804  355.478804  305.478804   89.521196 -153.330952   39.521196  338.330952]
dists_uav = [649.4751   203.255352 792.78534  541.547254 380.28317  274.542051 216.557981 510.377825 317.236995 236.229005]
uav_gains = [6.873662e-13 4.707832e-11 4.318116e-13 1.060235e-12 2.839986e-12 1.378204e-11 3.904353e-11 1.226848e-12 6.192067e-12 2.865035e-11]
dists_bs = [339.542269 882.180078 368.754177 970.141621 867.015931 806.520101 681.025714 371.425055 696.80555  919.746212]
bs_gains = [3.749314e-11 2.986028e-12 3.012781e-11 2.321173e-12 3.126431e-12 3.786956e-12 5.928396e-12 2.955710e-11 5.579237e-12 2.673624e-12]
At round 15 optimal eta: 0.5075703460072162
At round 15 optimal freqs: [5.872976e+07 1.052872e+08 6.599970e+07 1.098380e+08 1.034425e+08 1.104998e+08 9.337698e+07 9.099180e+07 9.651197e+07 1.306139e+08]
At round 15 optimal decs: [0 0 0 0 0 0 0 0 0 0]
At round 15 optimal powers: [0.000107 0.000939 0.000155 0.001102 0.00087  0.000884 0.000527 0.000232 0.000582 0.0014  ]
At round 15 t_co: [0.298943 0.391707 0.269442 0.420867 0.401111 0.342341 0.360642 0.208468 0.35035  0.315053]
At round 15 e_co: [3.208522e-05 3.678954e-04 4.167230e-05 4.639137e-04 3.490030e-04 3.025068e-04 1.899905e-04 4.834523e-05 2.037665e-04 4.411225e-04]
At round 15 t_cp: [0.321433 0.176897 0.3172   0.162996 0.187031 0.255769 0.259763 0.43913  0.259927 0.269717]
At round 15 e_cp: [6.511272e-06 2.064662e-05 9.119261e-06 2.159903e-05 2.070193e-05 3.450903e-05 2.114933e-05 3.308262e-05 2.336656e-05 6.010029e-05]
At round 15 average t_co: 0.42086697006984 average t_cp: 0.43912992605818735 t: 0.6475975538918815
At round 15 average e_co: 0.002440301197100592 average e_cp: 0.0002507859309056582 e: 0.0026910871280062506
At round 15 a_n: 15.679931012830304
At round 15 local rounds: 14.43802111004782
At round 15 global rounds: 31.84197150941702
At round 15 tau: 10.456095541554287
At round 15 accuracy: 0.877030162412993
At round 15 training accuracy: 0.8800116211504939
At round 15 training loss: 0.3931654534604653
At round 15 test loss: 0.43725008909826074
gradient difference: 1.981698989868164
ground = 16 remain_eps = 0.05003427933629172	remain_tau = 9.808497987662406
update_location
xs = [-230.219683  350.219683 -335.219683 -287.035045 -137.035045  -37.035045  337.035045 -130.219683  437.035045  375.219683]
ys = [-250.219683  305.219683 -350.219683  423.510724  353.510724  303.510724   91.489276 -150.219683   41.489276  335.219683]
dists_uav = [645.132177 199.570407 788.422853 537.233423 376.055495 270.480413 212.822954 506.070798 313.132067 232.33061 ]
uav_gains = [6.982923e-13 4.949082e-11 4.373731e-13 1.081116e-12 2.954744e-12 1.496291e-11 4.120582e-11 1.253094e-12 6.627782e-12 3.058171e-11]
dists_bs = [339.692963 878.084599 367.159882 967.089021 864.441531 804.363773 680.773226 373.233755 695.852187 915.631874]
bs_gains = [3.744908e-11 3.023077e-12 3.047574e-11 2.340639e-12 3.151165e-12 3.813919e-12 5.934225e-12 2.917905e-11 5.599516e-12 2.705579e-12]
At round 16 optimal eta: 0.5075703460072162
At round 16 optimal freqs: [5.872976e+07 1.052872e+08 6.599970e+07 1.098380e+08 1.034425e+08 1.104998e+08 9.337698e+07 9.099180e+07 9.651197e+07 1.306139e+08]
At round 16 optimal decs: [0 0 0 0 0 0 0 0 0 0]
At round 16 optimal powers: [0.000107 0.000939 0.000155 0.001102 0.00087  0.000884 0.000527 0.000232 0.000582 0.0014  ]
At round 16 t_co: [0.299196 0.387982 0.267298 0.418105 0.398654 0.340527 0.360373 0.210175 0.349393 0.312329]
At round 16 e_co: [3.211241e-05 3.643969e-04 4.134074e-05 4.608694e-04 3.468655e-04 3.009041e-04 1.898487e-04 4.874120e-05 2.032100e-04 4.373084e-04]
At round 16 t_cp: [0.321433 0.176897 0.3172   0.162996 0.187031 0.255769 0.259763 0.43913  0.259927 0.269717]
At round 16 e_cp: [6.511272e-06 2.064662e-05 9.119261e-06 2.159903e-05 2.070193e-05 3.450903e-05 2.114933e-05 3.308262e-05 2.336656e-05 6.010029e-05]
At round 16 average t_co: 0.418105145802011 average t_cp: 0.43912992605818735 t: 0.6493049948864511
At round 16 average e_co: 0.0024255973355009628 average e_cp: 0.0002507859309056582 e: 0.002676383266406621
At round 16 a_n: 15.679931012830304
At round 16 local rounds: 14.43802111004782
At round 16 global rounds: 31.84197150941702
At round 16 tau: 9.808497987662406
At round 16 accuracy: 0.8776102088167054
At round 16 training accuracy: 0.8821905868680999
At round 16 training loss: 0.3835278548089842
At round 16 test loss: 0.4130054987932441
gradient difference: 0.9676584005355835
ground = 17 remain_eps = 0.06389573597969181	remain_tau = 9.159192992775955
update_location
xs = [-227.108413  347.108413 -332.108413 -283.099736 -133.099736  -33.099736  333.099736 -127.108413  433.099736  372.108413]
ys = [-247.108413  302.108413 -347.108413  421.542645  351.542645  301.542645   93.457355 -147.108413   43.457355  332.108413]
dists_uav = [640.790032 195.914973 784.060785 532.921    371.831818 266.429521 209.113798 501.765384 309.03526  228.450437]
uav_gains = [7.094743e-13 5.198259e-11 4.430382e-13 1.102635e-12 3.078335e-12 1.623692e-11 4.342164e-11 1.280237e-12 7.109486e-12 3.256752e-11]
dists_bs = [339.900553 873.99208  365.611591 964.046838 861.881903 802.225781 680.549092 375.085352 694.925376 911.520204]
bs_gains = [3.738850e-11 3.060735e-12 3.081894e-11 2.360263e-12 3.176025e-12 3.840913e-12 5.939405e-12 2.879889e-11 5.619328e-12 2.738040e-12]
At round 17 optimal eta: 0.5075703460072162
At round 17 optimal freqs: [5.872976e+07 1.052872e+08 6.599970e+07 1.098380e+08 1.034425e+08 1.104998e+08 9.337698e+07 9.099180e+07 9.651197e+07 1.306139e+08]
At round 17 optimal decs: [0 0 0 0 0 0 0 0 0 0]
At round 17 optimal powers: [0.000107 0.000939 0.000155 0.001102 0.00087  0.000884 0.000527 0.000232 0.000582 0.0014  ]
At round 17 t_co: [0.299545 0.384287 0.26523  0.415366 0.396223 0.338736 0.360134 0.211935 0.348464 0.309625]
At round 17 e_co: [3.214990e-05 3.609262e-04 4.102075e-05 4.578504e-04 3.447500e-04 2.993215e-04 1.897229e-04 4.914931e-05 2.026701e-04 4.335224e-04]
At round 17 t_cp: [0.321433 0.176897 0.3172   0.162996 0.187031 0.255769 0.259763 0.43913  0.259927 0.269717]
At round 17 e_cp: [6.511272e-06 2.064662e-05 9.119261e-06 2.159903e-05 2.070193e-05 3.450903e-05 2.114933e-05 3.308262e-05 2.336656e-05 6.010029e-05]
At round 17 average t_co: 0.41536627816726773 average t_cp: 0.43912992605818735 t: 0.6510647939631089
At round 17 average e_co: 0.002411083509226888 average e_cp: 0.0002507859309056582 e: 0.0026618694401325466
At round 17 a_n: 15.679931012830304
At round 17 local rounds: 14.43802111004782
At round 17 global rounds: 31.84197150941702
At round 17 tau: 9.159192992775955
At round 17 accuracy: 0.8816705336426914
At round 17 training accuracy: 0.8833527019174898
At round 17 training loss: 0.3740140563144921
At round 17 test loss: 0.407437139466937
gradient difference: 2.019960403442383
ground = 18 remain_eps = 0.0815973594612199	remain_tau = 8.508128198812846
update_location
xs = [-223.997143  343.997143 -328.997143 -279.164426 -129.164426  -29.164426  329.164426 -123.997143  429.164426  368.997143]
ys = [-243.997143  298.997143 -343.997143  419.574565  349.574565  299.574565   95.425435 -143.997143   45.425435  328.997143]
dists_uav = [636.448683 192.290732 779.699144 528.610021 367.612278 262.389873 205.431914 497.461625 304.946902 224.589429]
uav_gains = [7.209203e-13 5.456217e-11 4.488097e-13 1.124819e-12 3.211753e-12 1.760402e-11 4.569568e-11 1.308324e-12 7.642000e-12 3.460508e-11]
dists_bs = [340.164935 869.902563 364.109889 961.01517  859.337181 800.106273 680.353341 376.979211 694.025223 907.411238]
bs_gains = [3.731155e-11 3.099013e-12 3.115692e-11 2.380046e-12 3.201010e-12 3.867935e-12 5.943935e-12 2.841708e-11 5.638663e-12 2.771019e-12]
At round 18 optimal eta: 0.5075703460072162
At round 18 optimal freqs: [5.872976e+07 1.052872e+08 6.599970e+07 1.098380e+08 1.034425e+08 1.104998e+08 9.337698e+07 9.099180e+07 9.651197e+07 1.306139e+08]
At round 18 optimal decs: [0 0 0 0 0 0 0 0 0 0]
At round 18 optimal powers: [0.000107 0.000939 0.000155 0.001102 0.00087  0.000884 0.000527 0.000232 0.000582 0.0014  ]
At round 18 t_co: [0.299991 0.380621 0.263235 0.41265  0.393817 0.336968 0.359926 0.213747 0.347565 0.306941]
At round 18 e_co: [3.219769e-05 3.574831e-04 4.071229e-05 4.548567e-04 3.426565e-04 2.977589e-04 1.896131e-04 4.956962e-05 2.021469e-04 4.297646e-04]
At round 18 t_cp: [0.321433 0.176897 0.3172   0.162996 0.187031 0.255769 0.259763 0.43913  0.259927 0.269717]
At round 18 e_cp: [6.511272e-06 2.064662e-05 9.119261e-06 2.159903e-05 2.070193e-05 3.450903e-05 2.114933e-05 3.308262e-05 2.336656e-05 6.010029e-05]
At round 18 average t_co: 0.41265028437420276 average t_cp: 0.43912992605818735 t: 0.652877233231481
At round 18 average e_co: 0.0023967592192907393 average e_cp: 0.0002507859309056582 e: 0.002647545150196398
At round 18 a_n: 15.679931012830304
At round 18 local rounds: 14.43802111004782
At round 18 global rounds: 31.84197150941702
At round 18 tau: 8.508128198812846
At round 18 accuracy: 0.8851508120649652
At round 18 training accuracy: 0.8850958744915747
At round 18 training loss: 0.36730300118414694
At round 18 test loss: 0.4062786779757066
gradient difference: 1.5813833475112915
ground = 19 remain_eps = 0.10420302652370587	remain_tau = 7.855250965581366
update_location
xs = [-220.885873  340.885873 -325.885873 -275.229116 -125.229116  -25.229116  325.229116 -120.885873  425.229116  365.885873]
ys = [-240.885873  295.885873 -340.885873  417.606485  347.606485  297.606485   97.393515 -140.885873   47.393515  325.885873]
dists_uav = [632.108144 188.699483 775.337935 524.300521 363.397019 258.361997 201.778794 493.159565 300.867335 220.748592]
uav_gains = [7.326390e-13 5.723867e-11 4.546901e-13 1.147700e-12 3.356119e-12 1.906274e-11 4.803377e-11 1.337406e-12 8.230387e-12 3.669319e-11]
dists_bs = [340.485976 865.81609  362.655357 957.994117 856.807496 798.005397 680.185996 378.914701 693.151832 903.305014]
bs_gains = [3.721839e-11 3.137925e-12 3.148917e-11 2.399988e-12 3.226115e-12 3.894979e-12 5.947811e-12 2.803404e-11 5.657510e-12 2.804525e-12]
At round 19 optimal eta: 0.5075703460072162
At round 19 optimal freqs: [5.872976e+07 1.052872e+08 6.599970e+07 1.098380e+08 1.034425e+08 1.104998e+08 9.337698e+07 9.099180e+07 9.651197e+07 1.306139e+08]
At round 19 optimal decs: [0 0 0 0 0 0 0 0 0 0]
At round 19 optimal powers: [0.000107 0.000939 0.000155 0.001102 0.00087  0.000884 0.000527 0.000232 0.000582 0.0014  ]
At round 19 t_co: [0.300532 0.376984 0.261315 0.409957 0.391436 0.335222 0.359748 0.215613 0.346694 0.304277]
At round 19 e_co: [3.225581e-05 3.540675e-04 4.041528e-05 4.518880e-04 3.405849e-04 2.962162e-04 1.895192e-04 5.000222e-05 2.016401e-04 4.260347e-04]
At round 19 t_cp: [0.321433 0.176897 0.3172   0.162996 0.187031 0.255769 0.259763 0.43913  0.259927 0.269717]
At round 19 e_cp: [6.511272e-06 2.064662e-05 9.119261e-06 2.159903e-05 2.070193e-05 3.450903e-05 2.114933e-05 3.308262e-05 2.336656e-05 6.010029e-05]
At round 19 average t_co: 0.4099570817800023 average t_cp: 0.43912992605818735 t: 0.6547426026956132
At round 19 average e_co: 0.0023826239758408495 average e_cp: 0.0002507859309056582 e: 0.0026334099067465075
At round 19 a_n: 15.679931012830304
At round 19 local rounds: 14.43802111004782
At round 19 global rounds: 31.84197150941702
At round 19 tau: 7.855250965581366
At round 19 accuracy: 0.8880510440835266
At round 19 training accuracy: 0.8861127251597908
At round 19 training loss: 0.3610060497060395
At round 19 test loss: 0.40014534532028884
gradient difference: 1.2217161655426025
ground = 20 remain_eps = 0.13307134947008512	remain_tau = 7.200508362885753
update_location
xs = [-217.774603  337.774603 -322.774603 -271.293807 -121.293807  -21.293807  321.293807 -117.774603  421.293807  362.774603]
ys = [-237.774603  292.774603 -337.774603  415.638405  345.638405  295.638405   99.361595 -137.774603   49.361595  322.774603]
dists_uav = [627.768434 185.143145 770.977168 519.992536 359.18619  254.346451 198.15603  488.859249 296.796924 216.928999]
uav_gains = [7.446392e-13 6.002154e-11 4.606821e-13 1.171309e-12 3.512704e-12 2.061020e-11 5.044265e-11 1.367538e-12 8.879867e-12 3.883230e-11]
dists_bs = [340.863516 861.732705 361.248562 954.983779 854.292983 795.923299 680.04708  380.891186 692.305303 899.201568]
bs_gains = [3.710925e-11 3.177483e-12 3.181517e-11 2.420088e-12 3.251340e-12 3.922038e-12 5.951031e-12 2.765019e-11 5.675861e-12 2.838568e-12]
At round 20 optimal eta: 0.5075703460072162
At round 20 optimal freqs: [5.872976e+07 1.052872e+08 6.599970e+07 1.098380e+08 1.034425e+08 1.104998e+08 9.337698e+07 9.099180e+07 9.651197e+07 1.306139e+08]
At round 20 optimal decs: [0 0 0 0 0 0 0 0 0 0]
At round 20 optimal powers: [0.000107 0.000939 0.000155 0.001102 0.00087  0.000884 0.000527 0.000232 0.000582 0.0014  ]
At round 20 t_co: [0.30117  0.373377 0.259468 0.407287 0.38908  0.333499 0.3596   0.217531 0.345851 0.301633]
At round 20 e_co: [3.232426e-05 3.506793e-04 4.012966e-05 4.489443e-04 3.385351e-04 2.946935e-04 1.894414e-04 5.044716e-05 2.011499e-04 4.223327e-04]
At round 20 t_cp: [0.321433 0.176897 0.3172   0.162996 0.187031 0.255769 0.259763 0.43913  0.259927 0.269717]
At round 20 e_cp: [6.511272e-06 2.064662e-05 9.119261e-06 2.159903e-05 2.070193e-05 3.450903e-05 2.114933e-05 3.308262e-05 2.336656e-05 6.010029e-05]
At round 20 average t_co: 0.4072865878954509 average t_cp: 0.43912992605818735 t: 0.6566612001790407
At round 20 average e_co: 0.0023686772981914776 average e_cp: 0.0002507859309056582 e: 0.002619463229097136
At round 20 a_n: 15.679931012830304
At round 20 local rounds: 14.43802111004782
At round 20 global rounds: 31.84197150941702
At round 20 tau: 7.200508362885753
At round 20 accuracy: 0.8897911832946636
At round 20 training accuracy: 0.8880011621150494
At round 20 training loss: 0.3539118994187571
At round 20 test loss: 0.4001673283998032
gradient difference: 1.2688510417938232
ground = 21 remain_eps = 0.16993732946673107	remain_tau = 6.543847162706712
update_location
xs = [-214.663333  334.663333 -319.663333 -267.358497 -117.358497  -17.358497  317.358497 -114.663333  417.358497  359.663333]
ys = [-234.663333  289.663333 -334.663333  413.670326  343.670326  293.670326  101.329674 -134.663333   51.329674  319.663333]
dists_uav = [623.429568 181.623769 766.616849 515.686106 354.97995  250.34383  194.565318 484.560722 292.73605  213.13179 ]
uav_gains = [7.569304e-13 6.292042e-11 4.667887e-13 1.195684e-12 3.682948e-12 2.224232e-11 5.292983e-11 1.398779e-12 9.595711e-12 4.102448e-11]
dists_bs = [341.297368 857.652451 359.890067 951.984259 851.793775 793.860128 679.93661  382.908031 691.485737 895.10094 ]
bs_gains = [3.698437e-11 3.217700e-12 3.213442e-11 2.440347e-12 3.276681e-12 3.949108e-12 5.953594e-12 2.726592e-11 5.693705e-12 2.873159e-12]
At round 21 optimal eta: 0.5075703460072162
At round 21 optimal freqs: [5.872976e+07 1.052872e+08 6.599970e+07 1.098380e+08 1.034425e+08 1.104998e+08 9.337698e+07 9.099180e+07 9.651197e+07 1.306139e+08]
At round 21 optimal decs: [0 0 0 0 0 0 0 0 0 0]
At round 21 optimal powers: [0.000107 0.000939 0.000155 0.001102 0.00087  0.000884 0.000527 0.000232 0.000582 0.0014  ]
At round 21 t_co: [0.301904 0.369799 0.257695 0.404639 0.386749 0.331798 0.359482 0.219503 0.345036 0.299009]
At round 21 e_co: [3.240305e-05 3.473184e-04 3.985539e-05 4.460257e-04 3.365071e-04 2.931905e-04 1.893794e-04 5.090451e-05 2.006762e-04 4.186584e-04]
At round 21 t_cp: [0.321433 0.176897 0.3172   0.162996 0.187031 0.255769 0.259763 0.43913  0.259927 0.269717]
At round 21 e_cp: [6.511272e-06 2.064662e-05 9.119261e-06 2.159903e-05 2.070193e-05 3.450903e-05 2.114933e-05 3.308262e-05 2.336656e-05 6.010029e-05]
At round 21 average t_co: 0.4046387203900056 average t_cp: 0.43912992605818735 t: 0.6586333312426451
At round 21 average e_co: 0.0023549187148485867 average e_cp: 0.0002507859309056582 e: 0.0026057046457542447
At round 21 a_n: 15.679931012830304
At round 21 local rounds: 14.43802111004782
At round 21 global rounds: 31.84197150941702
At round 21 tau: 6.543847162706712
At round 21 accuracy: 0.8909512761020881
At round 21 training accuracy: 0.8880011621150494
At round 21 training loss: 0.34852985217217763
At round 21 test loss: 0.38850055165679126
gradient difference: 1.9114795923233032
ground = 22 remain_eps = 0.21701663101249552	remain_tau = 5.885213831464067
update_location
xs = [-211.552064  331.552064 -316.552064 -263.423187 -113.423187  -13.423187  313.423187 -111.552064  413.423187  356.552064]
ys = [-231.552064  286.552064 -331.552064  411.702246  341.702246  291.702246  103.297754 -131.552064   53.297754  316.552064]
dists_uav = [619.091566 178.143545 762.256986 511.381268 350.778464 246.354762 191.008465 480.264033 288.685115 209.358185]
uav_gains = [7.695221e-13 6.594504e-11 4.730126e-13 1.220859e-12 3.868478e-12 2.395405e-11 5.550334e-11 1.431193e-12 1.038309e-11 4.327341e-11]
dists_bs = [341.787317 853.575374 358.580418 948.995659 849.310008 791.816032 679.854598 384.964602 690.693229 891.003169]
bs_gains = [3.684404e-11 3.258589e-12 3.244637e-11 2.460766e-12 3.302136e-12 3.976181e-12 5.955497e-12 2.688162e-11 5.711034e-12 2.908309e-12]
At round 22 optimal eta: 0.5075703460072162
At round 22 optimal freqs: [5.872976e+07 1.052872e+08 6.599970e+07 1.098380e+08 1.034425e+08 1.104998e+08 9.337698e+07 9.099180e+07 9.651197e+07 1.306139e+08]
At round 22 optimal decs: [0 0 0 0 0 0 0 0 0 0]
At round 22 optimal powers: [0.000107 0.000939 0.000155 0.001102 0.00087  0.000884 0.000527 0.000232 0.000582 0.0014  ]
At round 22 t_co: [0.302735 0.366249 0.255994 0.402013 0.384443 0.33012  0.359395 0.221529 0.34425  0.296404]
At round 22 e_co: [3.249222e-05 3.439847e-04 3.959240e-05 4.431318e-04 3.345007e-04 2.917073e-04 1.893335e-04 5.137435e-05 2.002189e-04 4.150118e-04]
At round 22 t_cp: [0.321433 0.176897 0.3172   0.162996 0.187031 0.255769 0.259763 0.43913  0.259927 0.269717]
At round 22 e_cp: [6.511272e-06 2.064662e-05 9.119261e-06 2.159903e-05 2.070193e-05 3.450903e-05 2.114933e-05 3.308262e-05 2.336656e-05 6.010029e-05]
At round 22 average t_co: 0.4020133970969286 average t_cp: 0.43912992605818735 t: 0.6606593090954951
At round 22 average e_co: 0.0023413477635314275 average e_cp: 0.0002507859309056582 e: 0.0025921336944370855
At round 22 a_n: 15.679931012830304
At round 22 local rounds: 14.43802111004782
At round 22 global rounds: 31.84197150941702
At round 22 tau: 5.885213831464067
At round 22 accuracy: 0.892691415313225
At round 22 training accuracy: 0.8887274840209181
At round 22 training loss: 0.34530622145566237
At round 22 test loss: 0.4139776893048426
gradient difference: 1.3146058320999146
ground = 23 remain_eps = 0.2771387445230728	remain_tau = 5.224554522368572
update_location
xs = [-208.440794  328.440794 -313.440794 -259.487878 -109.487878   -9.487878  309.487878 -108.440794  409.487878  353.440794]
ys = [-228.440794  283.440794 -328.440794  409.734166  339.734166  289.734166  105.265834 -128.440794   55.265834  313.440794]
dists_uav = [614.754445 174.704813 757.897587 507.078065 346.581905 242.379918 187.487398 475.969232 284.644544 205.609482]
uav_gains = [7.824247e-13 6.910499e-11 4.793568e-13 1.246876e-12 4.071131e-12 2.573981e-11 5.817159e-11 1.464849e-12 1.124691e-11 4.558418e-11]
dists_bs = [342.333123 849.50152  357.320154 946.018082 846.841818 789.791158 679.801056 387.060266 689.927872 886.908293]
bs_gains = [3.668858e-11 3.300164e-12 3.275051e-11 2.481344e-12 3.327702e-12 4.003253e-12 5.956740e-12 2.649764e-11 5.727838e-12 2.944028e-12]
At round 23 optimal eta: 0.5075703460072162
At round 23 optimal freqs: [5.872976e+07 1.052872e+08 6.599970e+07 1.098380e+08 1.034425e+08 1.104998e+08 9.337698e+07 9.099180e+07 9.651197e+07 1.306139e+08]
At round 23 optimal decs: [0 0 0 0 0 0 0 0 0 0]
At round 23 optimal powers: [0.000107 0.000939 0.000155 0.001102 0.00087  0.000884 0.000527 0.000232 0.000582 0.0014  ]
At round 23 t_co: [0.303662 0.362728 0.254366 0.399411 0.382162 0.328463 0.359338 0.22361  0.343492 0.293819]
At round 23 e_co: [3.259177e-05 3.406780e-04 3.934063e-05 4.402627e-04 3.325159e-04 2.902438e-04 1.893035e-04 5.185675e-05 1.997781e-04 4.113928e-04]
At round 23 t_cp: [0.321433 0.176897 0.3172   0.162996 0.187031 0.255769 0.259763 0.43913  0.259927 0.269717]
At round 23 e_cp: [6.511272e-06 2.064662e-05 9.119261e-06 2.159903e-05 2.070193e-05 3.450903e-05 2.114933e-05 3.308262e-05 2.336656e-05 6.010029e-05]
At round 23 average t_co: 0.39941053601849125 average t_cp: 0.43912992605818735 t: 0.6627394544988957
At round 23 average e_co: 0.0023279639911900187 average e_cp: 0.0002507859309056582 e: 0.0025787499220956763
At round 23 a_n: 15.679931012830304
At round 23 local rounds: 14.43802111004782
At round 23 global rounds: 31.84197150941702
At round 23 tau: 5.224554522368572
At round 23 accuracy: 0.8938515081206496
At round 23 training accuracy: 0.8916327716443928
At round 23 training loss: 0.33791990239013286
At round 23 test loss: 0.4123877106714138
gradient difference: 1.3844963312149048
ground = 24 remain_eps = 0.35391704017100256	remain_tau = 4.561815067869676
update_location
xs = [-205.329524  325.329524 -310.329524 -255.552568 -105.552568   -5.552568  305.552568 -105.329524  405.552568  350.329524]
ys = [-225.329524  280.329524 -325.329524  407.766086  337.766086  287.766086  107.233914 -125.329524   57.233914  310.329524]
dists_uav = [610.418224 171.310073 753.53866  502.776536 342.390454 238.420009 184.004171 471.67637  280.614784 201.887069]
uav_gains = [7.956487e-13 7.240964e-11 4.858246e-13 1.273778e-12 4.292985e-12 2.759388e-11 6.094315e-11 1.499822e-12 1.219161e-11 4.796321e-11]
dists_bs = [342.934518 845.430934 356.109799 943.051633 844.389342 787.785655 679.775991 389.194391 689.189756 882.816353]
bs_gains = [3.651833e-11 3.342439e-12 3.304632e-11 2.502082e-12 3.353376e-12 4.030317e-12 5.957323e-12 2.611434e-11 5.744109e-12 2.980328e-12]
At round 24 optimal eta: 0.5075703460072162
At round 24 optimal freqs: [5.872976e+07 1.052872e+08 6.599970e+07 1.098380e+08 1.034425e+08 1.104998e+08 9.337698e+07 9.099180e+07 9.651197e+07 1.306139e+08]
At round 24 optimal decs: [0 0 0 0 0 0 0 0 0 0]
At round 24 optimal powers: [0.000107 0.000939 0.000155 0.001102 0.00087  0.000884 0.000527 0.000232 0.000582 0.0014  ]
At round 24 t_co: [0.304687 0.359236 0.252811 0.39683  0.379906 0.326829 0.359312 0.225744 0.342762 0.291254]
At round 24 e_co: [3.270175e-05 3.373983e-04 3.910005e-05 4.374183e-04 3.305526e-04 2.887999e-04 1.892895e-04 5.235179e-05 1.993537e-04 4.078011e-04]
At round 24 t_cp: [0.321433 0.176897 0.3172   0.162996 0.187031 0.255769 0.259763 0.43913  0.259927 0.269717]
At round 24 e_cp: [6.511272e-06 2.064662e-05 9.119261e-06 2.159903e-05 2.070193e-05 3.450903e-05 2.114933e-05 3.308262e-05 2.336656e-05 6.010029e-05]
At round 24 average t_co: 0.39683005533123383 average t_cp: 0.43912992605818735 t: 0.6648740956639004
At round 24 average e_co: 0.002314766954018524 average e_cp: 0.0002507859309056582 e: 0.0025655528849241826
At round 24 a_n: 15.679931012830304
At round 24 local rounds: 14.43802111004782
At round 24 global rounds: 31.84197150941702
At round 24 tau: 4.561815067869676
At round 24 accuracy: 0.8950116009280742
At round 24 training accuracy: 0.8922138291690878
At round 24 training loss: 0.33438182247685194
At round 24 test loss: 0.38247690367593795
gradient difference: 1.3754874467849731
ground = 25 remain_eps = 0.4519659333052038	remain_tau = 3.8969409722057757
update_location
xs = [-202.218254  322.218254 -307.218254 -251.617258 -101.617258   -1.617258  301.617258 -102.218254  401.617258  347.218254]
ys = [-222.218254  277.218254 -322.218254  405.798007  335.798007  285.798007  109.201993 -122.218254   59.201993  307.218254]
dists_uav = [606.082922 167.96199  749.180214 498.476727 338.204301 234.475791 180.560974 467.385501 276.596308 198.192427]
uav_gains = [8.092053e-13 7.586796e-11 4.924190e-13 1.301611e-12 4.536376e-12 2.951088e-11 6.382664e-11 1.536193e-12 1.322094e-11 5.041797e-11]
dists_bs = [343.591212 841.363666 354.949862 940.096417 841.952716 785.799671 679.779405 391.366349 688.47897  878.72739 ]
bs_gains = [3.633366e-11 3.385428e-12 3.333327e-11 2.522979e-12 3.379155e-12 4.057366e-12 5.957243e-12 2.573205e-11 5.759838e-12 3.017220e-12]
At round 25 optimal eta: 0.5075703460072162
At round 25 optimal freqs: [5.872976e+07 1.052872e+08 6.599970e+07 1.098380e+08 1.034425e+08 1.104998e+08 9.337698e+07 9.099180e+07 9.651197e+07 1.306139e+08]
At round 25 optimal decs: [0 0 0 0 0 0 0 0 0 0]
At round 25 optimal powers: [0.000107 0.000939 0.000155 0.001102 0.00087  0.000884 0.000527 0.000232 0.000582 0.0014  ]
At round 25 t_co: [0.305809 0.355773 0.251327 0.394272 0.377674 0.325217 0.359315 0.227934 0.342061 0.288709]
At round 25 e_co: [3.282216e-05 3.341455e-04 3.887060e-05 4.345985e-04 3.286107e-04 2.873755e-04 1.892914e-04 5.285954e-05 1.989456e-04 4.042368e-04]
At round 25 t_cp: [0.321433 0.176897 0.3172   0.162996 0.187031 0.255769 0.259763 0.43913  0.259927 0.269717]
At round 25 e_cp: [6.511272e-06 2.064662e-05 9.119261e-06 2.159903e-05 2.070193e-05 3.450903e-05 2.114933e-05 3.308262e-05 2.336656e-05 6.010029e-05]
At round 25 average t_co: 0.3942718733912959 average t_cp: 0.43912992605818735 t: 0.667063568142561
At round 25 average e_co: 0.002301756217464627 average e_cp: 0.0002507859309056582 e: 0.002552542148370285
At round 25 a_n: 15.679931012830304
At round 25 local rounds: 14.43802111004782
At round 25 global rounds: 31.84197150941702
At round 25 tau: 3.8969409722057757
At round 25 accuracy: 0.8950116009280742
At round 25 training accuracy: 0.8929401510749564
At round 25 training loss: 0.3305781156822901
At round 25 test loss: 0.3729990384146498
gradient difference: 1.4946777820587158
ground = 26 remain_eps = 0.5771782132042723	remain_tau = 3.229877404063215
update_location
xs = [-199.106984  319.106984 -304.106984 -247.681949  -97.681949    2.318051  297.681949  -99.106984  397.681949  344.106984]
ys = [-219.106984  274.106984 -319.106984  403.829927  333.829927  283.829927  111.170073 -119.106984   61.170073  304.106984]
dists_uav = [601.748559 164.663413 744.822255 494.178681 334.023644 230.54807  177.160143 463.09668  272.589616 194.527139]
uav_gains = [8.231062e-13 7.948833e-11 4.991433e-13 1.330423e-12 4.803928e-12 3.148623e-11 6.683054e-11 1.574053e-12 1.433774e-11 5.295685e-11]
dists_bs = [344.302886 837.299761 353.840841 937.152541 839.532078 783.833355 679.811298 393.575512 687.795597 874.641446]
bs_gains = [3.613498e-11 3.429146e-12 3.361085e-11 2.544036e-12 3.405036e-12 4.084394e-12 5.956503e-12 2.535106e-11 5.775015e-12 3.054716e-12]
At round 26 optimal eta: 0.5075703460072162
At round 26 optimal freqs: [5.872976e+07 1.052872e+08 6.599970e+07 1.098380e+08 1.034425e+08 1.104998e+08 9.337698e+07 9.099180e+07 9.651197e+07 1.306139e+08]
At round 26 optimal decs: [0 0 0 0 0 0 0 0 0 0]
At round 26 optimal powers: [0.000107 0.000939 0.000155 0.001102 0.00087  0.000884 0.000527 0.000232 0.000582 0.0014  ]
At round 26 t_co: [0.307028 0.352338 0.249915 0.391736 0.375467 0.323627 0.359349 0.230178 0.341387 0.286182]
At round 26 e_co: [3.295305e-05 3.309193e-04 3.865223e-05 4.318031e-04 3.266901e-04 2.859706e-04 1.893092e-04 5.338009e-05 1.985539e-04 4.006996e-04]
At round 26 t_cp: [0.321433 0.176897 0.3172   0.162996 0.187031 0.255769 0.259763 0.43913  0.259927 0.269717]
At round 26 e_cp: [6.511272e-06 2.064662e-05 9.119261e-06 2.159903e-05 2.070193e-05 3.450903e-05 2.114933e-05 3.308262e-05 2.336656e-05 6.010029e-05]
At round 26 average t_co: 0.3917359087398045 average t_cp: 0.43912992605818735 t: 0.6693082147132143
At round 26 average e_co: 0.0022889313562349588 average e_cp: 0.0002507859309056582 e: 0.002539717287140617
At round 26 a_n: 15.679931012830304
At round 26 local rounds: 14.43802111004782
At round 26 global rounds: 31.84197150941702
At round 26 tau: 3.229877404063215
At round 26 accuracy: 0.8955916473317865
At round 26 training accuracy: 0.8942475305055201
At round 26 training loss: 0.323632370784238
At round 26 test loss: 0.3723079655204207
gradient difference: 1.179567575454712
ground = 27 remain_eps = 0.7370792027653046	remain_tau = 2.5605691893500007
update_location
xs = [-195.995714  315.995714 -300.995714 -243.746639  -93.746639    6.253361  293.746639  -95.995714  393.746639  340.995714]
ys = [-215.995714  270.995714 -315.995714  401.861847  331.861847  281.861847  113.138153 -115.995714   63.138153  300.995714]
dists_uav = [597.415156 161.417374 740.464794 489.882446 329.848694 226.637703 173.804162 458.809964 268.595233 190.892895]
uav_gains = [8.373636e-13 8.327839e-11 5.060010e-13 1.360270e-12 5.098579e-12 3.351652e-11 6.996304e-11 1.613498e-12 1.554376e-11 5.558894e-11]
dists_bs = [345.069202 833.239271 352.783216 934.220111 837.127568 781.886854 679.871666 395.821258 687.13972  870.558563]
bs_gains = [3.592271e-11 3.473608e-12 3.387853e-11 2.565253e-12 3.431016e-12 4.111395e-12 5.955101e-12 2.497169e-11 5.789635e-12 3.092829e-12]
At round 27 optimal eta: 0.5075703460072162
At round 27 optimal freqs: [5.872976e+07 1.052872e+08 6.599970e+07 1.098380e+08 1.034425e+08 1.104998e+08 9.337698e+07 9.099180e+07 9.651197e+07 1.306139e+08]
At round 27 optimal decs: [0 0 0 0 0 0 0 0 0 0]
At round 27 optimal powers: [0.000107 0.000939 0.000155 0.001102 0.00087  0.000884 0.000527 0.000232 0.000582 0.0014  ]
At round 27 t_co: [0.308346 0.348931 0.248575 0.389222 0.373284 0.32206  0.359413 0.232478 0.340742 0.283675]
At round 27 e_co: [3.309445e-05 3.277198e-04 3.844491e-05 4.290322e-04 3.247908e-04 2.845852e-04 1.893431e-04 5.391352e-05 1.981784e-04 3.971896e-04]
At round 27 t_cp: [0.321433 0.176897 0.3172   0.162996 0.187031 0.255769 0.259763 0.43913  0.259927 0.269717]
At round 27 e_cp: [6.511272e-06 2.064662e-05 9.119261e-06 2.159903e-05 2.070193e-05 3.450903e-05 2.114933e-05 3.308262e-05 2.336656e-05 6.010029e-05]
At round 27 average t_co: 0.38922208010832604 average t_cp: 0.43912992605818735 t: 0.671608385260123
At round 27 average e_co: 0.002276291954296674 average e_cp: 0.0002507859309056582 e: 0.0025270778852023324
At round 27 a_n: 15.679931012830304
At round 27 local rounds: 14.43802111004782
At round 27 global rounds: 31.84197150941702
At round 27 tau: 2.5605691893500007
At round 27 accuracy: 0.8973317865429234
At round 27 training accuracy: 0.89540964555491
At round 27 training loss: 0.3212533789625529
At round 27 test loss: 0.3969437868411423
gradient difference: 1.4899780750274658
ground = 28 remain_eps = 0.9412790343090441	remain_tau = 1.8889608040898778
update_location
xs = [-192.884445  312.884445 -297.884445 -239.811329  -89.811329   10.188671  289.811329  -92.884445  389.811329  337.884445]
ys = [-212.884445  267.884445 -312.884445  399.893767  329.893767  279.893767  115.106233 -112.884445   65.106233  297.884445]
dists_uav = [593.082734 158.227108 736.10784  485.588069 325.679669 222.745604 170.495681 454.525413 264.613718 187.291502]
uav_gains = [8.519902e-13 8.724479e-11 5.129957e-13 1.391207e-12 5.423604e-12 3.559979e-11 7.323190e-11 1.654635e-12 1.683948e-11 5.832384e-11]
dists_bs = [345.889796 829.182245 351.777449 931.299236 834.739325 779.960318 679.960502 398.102968 686.511418 866.478785]
bs_gains = [3.569731e-11 3.518828e-12 3.413582e-11 2.586628e-12 3.457090e-12 4.138361e-12 5.953040e-12 2.459420e-11 5.803687e-12 3.131569e-12]
At round 28 optimal eta: 0.5075703460072162
At round 28 optimal freqs: [5.872976e+07 1.052872e+08 6.599970e+07 1.098380e+08 1.034425e+08 1.104998e+08 9.337698e+07 9.099180e+07 9.651197e+07 1.306139e+08]
At round 28 optimal decs: [0 0 0 0 0 0 0 0 0 0]
At round 28 optimal powers: [0.000107 0.000939 0.000155 0.001102 0.00087  0.000884 0.000527 0.000232 0.000582 0.0014  ]
At round 28 t_co: [0.309761 0.345553 0.247305 0.38673  0.371125 0.320514 0.359508 0.234835 0.340124 0.281188]
At round 28 e_co: [3.324638e-05 3.245468e-04 3.824857e-05 4.262855e-04 3.229127e-04 2.832190e-04 1.893928e-04 5.445991e-05 1.978193e-04 3.937065e-04]
At round 28 t_cp: [0.321433 0.176897 0.3172   0.162996 0.187031 0.255769 0.259763 0.43913  0.259927 0.269717]
At round 28 e_cp: [6.511272e-06 2.064662e-05 9.119261e-06 2.159903e-05 2.070193e-05 3.450903e-05 2.114933e-05 3.308262e-05 2.336656e-05 6.010029e-05]
At round 28 average t_co: 0.38673030642438017 average t_cp: 0.43912992605818735 t: 0.673964436647798
At round 28 average e_co: 0.0022638376048752674 average e_cp: 0.0002507859309056582 e: 0.002514623535780926
At round 28 a_n: 15.679931012830304
At round 28 local rounds: 14.43802111004782
At round 28 global rounds: 31.84197150941702
At round 28 tau: 1.8889608040898778
At round 28 accuracy: 0.898491879350348
At round 28 training accuracy: 0.897007553747821
At round 28 training loss: 0.3178542843603179
At round 28 test loss: 0.3744214665578771
gradient difference: 1.5260961055755615
ground = 29 remain_eps = 1.2020502235115733	remain_tau = 1.2149963674420796
update_location
xs = [-189.773175  309.773175 -294.773175 -235.87602   -85.87602    14.12398   285.87602   -89.773175  385.87602   334.773175]
ys = [-209.773175  264.773175 -309.773175  397.925688  327.925688  277.925688  117.074312 -109.773175   67.074312  294.773175]
dists_uav = [588.751314 155.096058 731.7514   481.2956   321.5168   218.872748 167.23752  450.243089 260.645661 183.724893]
uav_gains = [8.669996e-13 9.139295e-11 5.201308e-13 1.423299e-12 5.782630e-12 3.773574e-11 7.664425e-11 1.697580e-12 1.822406e-11 6.117150e-11]
dists_bs = [346.764283 825.128735 350.823987 928.390024 832.367488 778.053894 680.077794 400.420027 685.910765 862.402155]
bs_gains = [3.545925e-11 3.564823e-12 3.438222e-11 2.608163e-12 3.483257e-12 4.165287e-12 5.950319e-12 2.421886e-11 5.817165e-12 3.170951e-12]
Model saved in /Volumes/Research/code/fedcom-torch/models/mnist/s1
