Arguments:
	      dataset : mnist
	learning_rate : 0.01
	        model : mclr
	 model_params : (784, 10)
	      sce_idx : 1
	          tau : 40.0
['f_00000', 'f_00001', 'f_00002', 'f_00003', 'f_00004', 'f_00005', 'f_00006', 'f_00007', 'f_00008', 'f_00009']
10
dict_keys(['x', 'y'])
id = f_00000, model = <class 'flearn.models.mnist.mclr.Model'>, device = cuda, num_samples = 73
id = f_00001, model = <class 'flearn.models.mnist.mclr.Model'>, device = cuda, num_samples = 81
id = f_00002, model = <class 'flearn.models.mnist.mclr.Model'>, device = cuda, num_samples = 128
id = f_00003, model = <class 'flearn.models.mnist.mclr.Model'>, device = cuda, num_samples = 504
id = f_00004, model = <class 'flearn.models.mnist.mclr.Model'>, device = cuda, num_samples = 113
id = f_00005, model = <class 'flearn.models.mnist.mclr.Model'>, device = cuda, num_samples = 204
id = f_00006, model = <class 'flearn.models.mnist.mclr.Model'>, device = cuda, num_samples = 336
id = f_00007, model = <class 'flearn.models.mnist.mclr.Model'>, device = cuda, num_samples = 89
id = f_00008, model = <class 'flearn.models.mnist.mclr.Model'>, device = cuda, num_samples = 80
id = f_00009, model = <class 'flearn.models.mnist.mclr.Model'>, device = cuda, num_samples = 76
BaseFederated generated!
num_samples = [ 73  81 128 504 113 204 336  89  80  76]
msize = 300240
xs = [-280.  400. -385. -350. -200. -100.  400. -180.  500.  425.]
ys = [-300.  355. -400.  455.  385.  335.   60. -200.   10.  385.]
dists_uav = [714.702735 261.199158 858.268606 606.403331 444.100214 336.489227 274.954542 575.152154 379.605058 296.395007]
uav_gains = [5.494875e-13 1.802536e-11 3.593089e-13 8.081917e-13 1.762643e-12 4.643011e-12 1.366745e-11 9.167988e-13 2.857829e-12 8.947599e-12]
dists_bs = [ 344.093011  943.941206  397.775062 1017.116021  907.317475  840.966706  688.186021  349.857114  714.212853  981.758626]
bs_gains = [2.252269e-11 1.476705e-12 1.522733e-11 1.207104e-12 1.643217e-12 2.017169e-12 3.466085e-12 2.153477e-11 3.135526e-12 1.328105e-12]
v = 50.607287449392715 a_0 = 19.894335203468554
SystemModel __init__!
solve_bound_eta tau = 40.0
af = [0.265082 0.294132 0.464801 1.830154 0.410332 0.740777 1.220102 0.323182 0.290501 0.275976]
bf = [0.653529 1.138857 0.696468 1.203657 1.107134 1.050762 0.925525 0.658181 0.946477 1.172103]
tmp = [-5.196691e-63 -5.673850e-56 -1.625122e-35 -1.359007e-08 -6.680521e-40 -7.900106e-22 -4.047029e-13 -1.677862e-51 -5.680952e-57 -1.145222e-59]
w0 = [-5.196691e-63+0.j -5.673850e-56+0.j -1.625122e-35+0.j -1.359007e-08+0.j -6.680521e-40+0.j -7.900106e-22+0.j -4.047029e-13+0.j -1.677862e-51+0.j -5.680952e-57+0.j -1.145222e-59+0.j]
w_1 = [-148.41485 +0.j -132.092399+0.j  -84.542145+0.j  -21.166339+0.j  -94.755508+0.j  -52.551795+0.j  -32.001403+0.j -121.71601 +0.j -134.411135+0.j -140.663291+0.j]
xs_min = [-148.431435 -132.121504  -84.559921  -21.198406  -94.783876  -52.578932  -32.025568 -121.732739 -134.435261 -140.693244]
xs_max = [-0.016585 -0.029105 -0.017775 -0.032067 -0.028368 -0.027136 -0.024165 -0.016729 -0.024126 -0.029953]
solve_bound_eta x_min = -21.19840624835994	x_max = -0.032067343900678225
solve_bound_eta eta_min = 6.217977428352473e-10	eta_max = 0.9684413612642645
af = 4.892030011929994	bf = 0.9552693697969767	zeta = 4.940950312049294	eta = 0.9900990099009901
af = 4.892030011929994	bf = 0.9552693697969767	zeta = 101.39861538289003	eta = 0.0482455307052987
af = 4.892030011929994	bf = 0.9552693697969767	zeta = 16.585395131376615	eta = 0.2949601123867796
af = 4.892030011929994	bf = 0.9552693697969767	zeta = 9.826426870510009	eta = 0.497844239457113
af = 4.892030011929994	bf = 0.9552693697969767	zeta = 8.697109968874598	eta = 0.5624891520789889
af = 4.892030011929994	bf = 0.9552693697969767	zeta = 8.617071775524336	eta = 0.5677137361006049
af = 4.892030011929994	bf = 0.9552693697969767	zeta = 8.61658959786591	eta = 0.5677455049201384
af = 4.892030011929994	bf = 0.9552693697969767	zeta = 8.616589580147265	eta = 0.5677455060876168
eta = 0.5677455060876168
opt_as = [0.208111 0.208111 0.208111 0.208111 0.208111 0.208111 0.208111 0.208111 0.208111 0.208111]
opt_bs = [5630.672476  369.176216 3806.831668  301.776021  410.804338  504.292255  866.52137  5383.691309  783.881432  332.026161]
opt_cs = [1.508550e+07 1.673871e+07 2.645129e+07 1.041520e+08 2.335153e+07 4.215675e+07 6.943465e+07 1.839192e+07 1.653206e+07 1.570546e+07]
opt_tau = [0.869101 0.869101 0.869101 0.869101 0.869101 0.869101 0.869101 0.869101 0.869101 0.869101]
iter = 15 converged! (z, t) = (2.5527888818495743, 22.394907345661654)
iter = 13 converged! (z, t) = (3.2969519633338953, 10.930968115617953)
iter = 17 converged! (z, t) = (2.0574839411209753, 16.668999927191383)
iter = 10 converged! (z, t) = (1.4576029029122477, 5.432044769557387)
iter = 12 converged! (z, t) = (2.992633000592075, 10.547584749879624)
iter = 13 converged! (z, t) = (2.3000025548583065, 9.261765859979475)
iter = 12 converged! (z, t) = (1.515754101066856, 7.973775559617798)
iter = 15 converged! (z, t) = (2.3468058718408424, 20.699621367956794)
iter = 11 converged! (z, t) = (3.1074590386536594, 13.452998903339628)
iter = 14 converged! (z, t) = (3.367623308421684, 10.713655957945015)
opt_freqs = [4.465301e+07 9.148321e+07 5.999160e+07 1.840927e+08 9.480843e+07 1.079708e+08 1.254111e+08 4.831006e+07 7.433287e+07 9.333882e+07]
opt_powers = [8.516494e-05 9.597987e-04 1.644017e-04 3.266898e-03 9.658079e-04 1.079982e-03 1.078202e-03 9.868524e-05 4.842793e-04 1.041309e-03]
optimize_network iter = 0 obj = 0.22555991854448137
solve_bound_eta tau = 40.0
af = [11.872964  6.430292 15.495534 19.882954  8.656025 13.721797 19.457647 13.379486  7.816208  5.913415]
bf = [10.569108 13.650107  8.518437  6.034797 12.39016   9.522517  6.275556  9.716293 12.865565 13.942702]
tmp = [-0.282465 -0.103321 -0.338468 -0.364496 -0.190321 -0.316255 -0.363279 -0.310899 -0.158995 -0.082512]
w0 = [-0.437483+0.j -0.116033+0.j -0.645325+0.j -0.870143+0.j -0.242567+0.j -0.545916+0.j -0.849633+0.j -0.526186+0.j -0.192805+0.j -0.09031 +0.j]
w_1 = [-1.912734+0.j -3.531694+0.j -1.465572+0.j -1.142175+0.j -2.623585+0.j -1.655018+0.j -1.167141+0.j -1.697361+0.j -2.905478+0.j -3.84039 +0.j]
xs_min = [-2.041333 -3.981743 -1.386329 -0.838114 -2.9471   -1.675184 -0.883591 -1.737257 -3.278755 -4.316162]
xs_max = [-0.566082 -0.566082 -0.566082 -0.566082 -0.566082 -0.566082 -0.566082 -0.566082 -0.566082 -0.566082]
solve_bound_eta x_min = -0.8381143143744108	x_max = -0.5660820133292197
solve_bound_eta eta_min = 0.43252536178055795	eta_max = 0.5677455060876163
af = 0.020592931542794797	bf = 0.08584200028926713	zeta = 0.020798860858222745	eta = 0.9900990099009901
af = 0.020592931542794797	bf = 0.08584200028926713	zeta = 8.690737583906804	eta = 0.002369526331220499
af = 0.020592931542794797	bf = 0.08584200028926713	zeta = 0.2108271747499958	eta = 0.09767683680822653
af = 0.020592931542794797	bf = 0.08584200028926713	zeta = 0.14822076505346876	eta = 0.13893418736144128
af = 0.020592931542794797	bf = 0.08584200028926713	zeta = 0.14689632150349208	eta = 0.14018684288364058
af = 0.020592931542794797	bf = 0.08584200028926713	zeta = 0.14689535960397465	eta = 0.1401877608544797
eta = 0.1401877608544797
opt_as = [0.208111 0.208111 0.208111 0.208111 0.208111 0.208111 0.208111 0.208111 0.208111 0.208111]
opt_bs = [5630.672476  369.176216 3806.831668  301.776021  410.804338  504.292255  866.52137  5383.691309  783.881432  332.026161]
opt_cs = [2.233489e+07 2.478254e+07 3.916254e+07 1.542025e+08 3.457318e+07 6.241530e+07 1.028017e+08 2.723020e+07 2.447659e+07 2.325276e+07]
opt_tau = [1.140977 1.140977 1.140977 1.140977 1.140977 1.140977 1.140977 1.140977 1.140977 1.140977]
iter = 15 converged! (z, t) = (2.861816067255531, 24.41934815009876)
iter = 12 converged! (z, t) = (3.9870235107642937, 12.558672077447051)
iter = 13 converged! (z, t) = (2.19003213846838, 17.496532700562312)
iter = 11 converged! (z, t) = (1.4575956771644867, 5.432054521206637)
iter = 14 converged! (z, t) = (3.5114871879423775, 11.86468722048824)
iter = 14 converged! (z, t) = (2.5118774768722982, 9.905091857026585)
iter = 9 converged! (z, t) = (1.5246758753536902, 8.012285393770169)
iter = 19 converged! (z, t) = (2.575156513235335, 22.220187447563767)
iter = 10 converged! (z, t) = (3.6897505897112075, 15.24319825764743)
iter = 14 converged! (z, t) = (4.100194008146848, 12.372032659609983)
opt_freqs = [4.095113e+07 7.962625e+07 5.715418e+07 1.840924e+08 8.428372e+07 1.009582e+08 1.248083e+08 4.500412e+07 6.560303e+07 8.082746e+07]
opt_powers = [7.428184e-05 7.721803e-04 1.520214e-04 3.266921e-03 8.020096e-04 9.696871e-04 1.069601e-03 8.813846e-05 3.971298e-04 8.318775e-04]
optimize_network iter = 1 obj = 0.17788327289655656
solve_bound_eta tau = 40.0
af = [12.946249  7.387811 16.26481  19.88299   9.736924 14.674919 19.551619 14.362325  8.856316  6.828757]
bf = [11.848549 16.507155  9.067215  6.034767 14.53833  10.399726  6.312494 10.661715 15.27638  16.975706]
tmp = [-0.351195 -0.22517  -0.367164 -0.364496 -0.300591 -0.362647 -0.365247 -0.361153 -0.276958 -0.201105]
w0 = [-0.725448+0.j -0.305679+0.j -0.938888+0.j -0.870141+0.j -0.491294+0.j -0.840144+0.j -0.884889+0.j -0.819985+0.j -0.42263 +0.j -0.261108+0.j]
w_1 = [-1.336373+0.j -2.341832+0.j -1.063708+0.j -1.142177+0.j -1.776846+0.j -1.178951+0.j -1.124685+0.j -1.204611+0.j -1.953523+0.j -2.533552+0.j]
xs_min = [-1.449039 -2.874268 -0.962935 -0.838114 -2.123666 -1.176922 -0.838114 -1.222741 -2.369007 -3.110559]
xs_max = [-0.838114 -0.838114 -0.838114 -0.566079 -0.838114 -0.838114 -0.598318 -0.838114 -0.838114 -0.838114]
solve_bound_eta x_min = -0.8381143145702247	x_max = -0.8381143143744152
solve_bound_eta eta_min = 0.4325253616958634	eta_max = 0.432525361780556
Done!
af = 0.019806090703597793	bf = 0.08434447780178046	zeta = 0.02000415161063377	eta = 0.9900990099009901
af = 0.019806090703597793	bf = 0.08434447780178046	zeta = 8.538697050676092	eta = 0.0023195682650468965
af = 0.019806090703597793	bf = 0.08434447780178046	zeta = 0.20497107992603011	eta = 0.09662870835605397
af = 0.019806090703597793	bf = 0.08434447780178046	zeta = 0.14460158768637707	eta = 0.13697007771833564
af = 0.019806090703597793	bf = 0.08434447780178046	zeta = 0.14335406001733855	eta = 0.1381620492729837
af = 0.019806090703597793	bf = 0.08434447780178046	zeta = 0.14335319980770525	eta = 0.13816287833243895
eta = 0.13816287833243895
At round 0 optimal eta: 0.4325253616958634
At round 0 optimal freqs: [4.095113e+07 7.962625e+07 5.715418e+07 1.840924e+08 8.428372e+07 1.009582e+08 1.248083e+08 4.500412e+07 6.560303e+07 8.082746e+07]
At round 0 optimal decs: [0 0 0 0 0 0 0 0 0 0]
At round 0 optimal powers: [7.428184e-05 7.721803e-04 1.520214e-04 3.266921e-03 8.020096e-04 9.696871e-04 1.069601e-03 8.813846e-05 3.971298e-04 8.318775e-04]
At round 0 t_co: [0.595574 0.829741 0.455769 0.303341 0.730777 0.522748 0.317301 0.535917 0.767876 0.853293]
At round 0 e_co: [4.424034e-05 6.407101e-04 6.928659e-05 9.909909e-04 5.860905e-04 5.069021e-04 3.393854e-04 4.723491e-05 3.049464e-04 7.098356e-04]
At round 0 t_cp: [0.545403 0.311236 0.685209 0.837636 0.4102   0.618229 0.823676 0.60506  0.373101 0.287684]
At round 0 e_cp: [3.745550e-06 1.571298e-05 1.279284e-05 5.225925e-04 2.455991e-05 6.361712e-05 1.601354e-04 5.515126e-06 1.053413e-05 1.519121e-05]
At round 0 average t_co: 0.8532934640486896 average t_cp: 0.8376363544907808 t: 1.1409773334978248
At round 0 average e_co: 0.004239622834296825 average e_cp: 0.0008343967247253086 e: 0.005074019559022134
At round 0 a_n: 19.894335203468554
At round 0 local rounds: 61.19146585670627
At round 0 global rounds: 35.05766400930545
At round 0 tau: 40.0
At round 0 accuracy: 0.06511627906976744
At round 0 training accuracy: 0.0498812351543943
At round 0 training loss: 2.6227015317949336
At round 0 test loss: 2.5831010507520777
gradient difference: 44.32726287841797
ground = 1 remain_eps = 0.001245391746920339	remain_tau = 38.85902266650218
update_location
xs = [-276.88873  396.88873 -381.88873 -346.06469 -196.06469  -96.06469  396.06469 -176.88873  496.06469  421.88873]
ys = [-296.88873  351.88873 -396.88873  453.03192  383.03192  333.03192   61.96808 -196.88873   11.96808  381.88873]
dists_uav = [710.349787 257.215492 853.90058  602.071858 439.8257   332.310872 270.952857 570.825129 375.408552 292.30561 ]
uav_gains = [5.573691e-13 1.949518e-11 3.635755e-13 8.220571e-13 1.810530e-12 4.921303e-12 1.482062e-11 9.335520e-13 2.973071e-12 9.675801e-12]
dists_bs = [ 343.397083  939.80587   395.564073 1013.918444  904.536752  838.552685  687.513899  350.950231  712.875509  977.608221]
bs_gains = [2.264614e-11 1.494315e-12 1.545822e-11 1.217410e-12 1.656892e-12 2.032886e-12 3.475242e-12 2.135414e-11 3.151433e-12 1.343383e-12]
At round 1 optimal eta: 0.4325253616958634
At round 1 optimal freqs: [4.095113e+07 7.962625e+07 5.715418e+07 1.840924e+08 8.428372e+07 1.009582e+08 1.248083e+08 4.500412e+07 6.560303e+07 8.082746e+07]
At round 1 optimal decs: [0 0 0 0 0 0 0 0 0 0]
At round 1 optimal powers: [7.428184e-05 7.721803e-04 1.520214e-04 3.266921e-03 8.020096e-04 9.696871e-04 1.069601e-03 8.813846e-05 3.971298e-04 8.318775e-04]
At round 1 t_co: [0.592834 0.821093 0.450302 0.301482 0.725529 0.519414 0.316688 0.539673 0.764481 0.844681]
At round 1 e_co: [4.403678e-05 6.340317e-04 6.845557e-05 9.849189e-04 5.818808e-04 5.036688e-04 3.387296e-04 4.756598e-05 3.035980e-04 7.026712e-04]
At round 1 t_cp: [0.545403 0.311236 0.685209 0.837636 0.4102   0.618229 0.823676 0.60506  0.373101 0.287684]
At round 1 e_cp: [3.745550e-06 1.571298e-05 1.279284e-05 5.225925e-04 2.455991e-05 6.361712e-05 1.601354e-04 5.515126e-06 1.053413e-05 1.519121e-05]
At round 1 average t_co: 0.8446810744333504 average t_cp: 0.8376363544907808 t: 1.1447335774744005
At round 1 average e_co: 0.0042095573700836 average e_cp: 0.0008343967247253086 e: 0.005043954094808909
At round 1 a_n: 19.894335203468554
At round 1 local rounds: 61.19146585670627
At round 1 global rounds: 35.05766400930545
At round 1 tau: 38.85902266650218
At round 1 accuracy: 0.7651162790697674
At round 1 training accuracy: 0.7541567695961995
At round 1 training loss: 0.819100818535872
At round 1 test loss: 0.8711982003073823
gradient difference: 0.1172301396727562
ground = 2 remain_eps = 0.0015510006032972937	remain_tau = 37.71428908902778
update_location
xs = [-273.77746   393.77746  -378.77746  -342.129381 -192.129381  -92.129381  392.129381 -173.77746   492.129381  418.77746 ]
ys = [-293.77746   348.77746  -393.77746   451.063841  381.063841  331.063841   63.936159 -193.77746    13.936159  378.77746 ]
dists_uav = [705.997423 253.245609 849.532883 597.741385 435.553684 328.138312 266.963708 566.499229 371.216758 288.225362]
uav_gains = [5.654156e-13 2.105031e-11 3.679153e-13 8.362774e-13 1.860718e-12 5.227995e-12 1.606337e-11 9.507689e-13 3.097138e-12 1.047733e-11]
dists_bs = [ 342.756231  935.672948  393.389873 1010.729906  901.768923  836.154848  686.869306  352.094944  711.56286   973.460007]
bs_gains = [2.276065e-11 1.512203e-12 1.568998e-11 1.227807e-12 1.670659e-12 2.048665e-12 3.484055e-12 2.116721e-11 3.167154e-12 1.358896e-12]
At round 2 optimal eta: 0.4325253616958634
At round 2 optimal freqs: [4.095113e+07 7.962625e+07 5.715418e+07 1.840924e+08 8.428372e+07 1.009582e+08 1.248083e+08 4.500412e+07 6.560303e+07 8.082746e+07]
At round 2 optimal decs: [0 0 0 0 0 0 0 0 0 0]
At round 2 optimal powers: [7.428184e-05 7.721803e-04 1.520214e-04 3.266921e-03 8.020096e-04 9.696871e-04 1.069601e-03 8.813846e-05 3.971298e-04 8.318775e-04]
At round 2 t_co: [0.590318 0.812513 0.444975 0.299638 0.720331 0.516117 0.316101 0.543628 0.761158 0.836134]
At round 2 e_co: [4.384994e-05 6.274062e-04 6.764570e-05 9.788934e-04 5.777121e-04 5.004723e-04 3.381015e-04 4.791450e-05 3.022787e-04 6.955612e-04]
At round 2 t_cp: [0.545403 0.311236 0.685209 0.837636 0.4102   0.618229 0.823676 0.60506  0.373101 0.287684]
At round 2 e_cp: [3.745550e-06 1.571298e-05 1.279284e-05 5.225925e-04 2.455991e-05 6.361712e-05 1.601354e-04 5.515126e-06 1.053413e-05 1.519121e-05]
At round 2 average t_co: 0.8361342420806774 average t_cp: 0.8376363544907808 t: 1.148687795464173
At round 2 average e_co: 0.004179835669267803 average e_cp: 0.0008343967247253086 e: 0.005014232393993112
At round 2 a_n: 19.894335203468554
At round 2 local rounds: 61.19146585670627
At round 2 global rounds: 35.05766400930545
At round 2 tau: 37.71428908902778
At round 2 accuracy: 0.7813953488372093
At round 2 training accuracy: 0.7826603325415677
At round 2 training loss: 0.5554359601983123
At round 2 test loss: 0.7633473638618409
gradient difference: 0.0735655352473259
ground = 3 remain_eps = 0.0019316033508149162	remain_tau = 36.56560129356361
update_location
xs = [-270.66619   390.66619  -375.66619  -338.194071 -188.194071  -88.194071  388.194071 -170.66619   488.194071  415.66619 ]
ys = [-290.66619   345.66619  -390.66619   449.095761  379.095761  329.095761   65.904239 -190.66619    15.904239  375.66619 ]
dists_uav = [701.645652 249.290168 845.165522 593.411936 431.284243 323.97177  262.987665 562.174479 367.029838 284.154656]
uav_gains = [5.736313e-13 2.268636e-11 3.723298e-13 8.508654e-13 1.913387e-12 5.566505e-12 1.739564e-11 9.684679e-13 3.231013e-12 1.135723e-11]
dists_bs = [ 342.170762  931.542473  391.253075 1007.550491  899.014107  833.773335  686.252319  353.29075   710.275042  969.314015]
bs_gains = [2.286595e-11 1.530375e-12 1.592242e-11 1.238296e-12 1.684517e-12 2.064503e-12 3.492519e-12 2.097432e-11 3.182683e-12 1.374646e-12]
At round 3 optimal eta: 0.4325253616958634
At round 3 optimal freqs: [4.095113e+07 7.962625e+07 5.715418e+07 1.840924e+08 8.428372e+07 1.009582e+08 1.248083e+08 4.500412e+07 6.560303e+07 8.082746e+07]
At round 3 optimal decs: [0 0 0 0 0 0 0 0 0 0]
At round 3 optimal powers: [7.428184e-05 7.721803e-04 1.520214e-04 3.266921e-03 8.020096e-04 9.696871e-04 1.069601e-03 8.813846e-05 3.971298e-04 8.318775e-04]
At round 3 t_co: [0.588027 0.804001 0.439785 0.297808 0.715184 0.512859 0.315539 0.547781 0.757909 0.827653]
At round 3 e_co: [4.367975e-05 6.208334e-04 6.685679e-05 9.729144e-04 5.735841e-04 4.973124e-04 3.375012e-04 4.828057e-05 3.009882e-04 6.885057e-04]
At round 3 t_cp: [0.545403 0.311236 0.685209 0.837636 0.4102   0.618229 0.823676 0.60506  0.373101 0.287684]
At round 3 e_cp: [3.745550e-06 1.571298e-05 1.279284e-05 5.225925e-04 2.455991e-05 6.361712e-05 1.601354e-04 5.515126e-06 1.053413e-05 1.519121e-05]
At round 3 average t_co: 0.8276527359144235 average t_cp: 0.8376363544907808 t: 1.1528411588343608
At round 3 average e_co: 0.004150456582114532 average e_cp: 0.0008343967247253086 e: 0.00498485330683984
At round 3 a_n: 19.894335203468554
At round 3 local rounds: 61.19146585670627
At round 3 global rounds: 35.05766400930545
At round 3 tau: 36.56560129356361
At round 3 accuracy: 0.7906976744186046
At round 3 training accuracy: 0.7969121140142518
At round 3 training loss: 0.4517662311198451
At round 3 test loss: 0.5869754565634238
gradient difference: 0.07591786235570908
ground = 4 remain_eps = 0.002405602871428569	remain_tau = 35.41276013472925
update_location
xs = [-267.554921  387.554921 -372.554921 -334.258761 -184.258761  -84.258761  384.258761 -167.554921  484.258761  412.554921]
ys = [-287.554921  342.554921 -387.554921  447.127681  377.127681  327.127681   67.872319 -187.554921   17.872319  372.554921]
dists_uav = [697.294487 245.349866 840.798501 589.083532 427.017451 319.811481 259.025332 557.850906 362.847961 280.093909]
uav_gains = [5.820212e-13 2.439814e-11 3.768209e-13 8.658344e-13 1.968736e-12 5.940609e-12 1.881600e-11 9.866684e-13 3.375805e-12 1.232003e-11]
dists_bs = [ 341.640963  927.414476  389.154294 1004.380288  896.272425  831.408287  685.663012  354.537134  709.012191  965.170271]
bs_gains = [2.296182e-11 1.548837e-12 1.615534e-11 1.248878e-12 1.698466e-12 2.080397e-12 3.500629e-12 2.077583e-11 3.198012e-12 1.390639e-12]
At round 4 optimal eta: 0.4325253616958634
At round 4 optimal freqs: [4.095113e+07 7.962625e+07 5.715418e+07 1.840924e+08 8.428372e+07 1.009582e+08 1.248083e+08 4.500412e+07 6.560303e+07 8.082746e+07]
At round 4 optimal decs: [0 0 0 0 0 0 0 0 0 0]
At round 4 optimal powers: [7.428184e-05 7.721803e-04 1.520214e-04 3.266921e-03 8.020096e-04 9.696871e-04 1.069601e-03 8.813846e-05 3.971298e-04 8.318775e-04]
At round 4 t_co: [0.58596  0.795556 0.434733 0.295992 0.710087 0.509638 0.315004 0.552135 0.754732 0.819236]
At round 4 e_co: [4.352616e-05 6.143131e-04 6.608869e-05 9.669816e-04 5.694967e-04 4.941890e-04 3.369287e-04 4.866430e-05 2.997266e-04 6.815042e-04]
At round 4 t_cp: [0.545403 0.311236 0.685209 0.837636 0.4102   0.618229 0.823676 0.60506  0.373101 0.287684]
At round 4 e_cp: [3.745550e-06 1.571298e-05 1.279284e-05 5.225925e-04 2.455991e-05 6.361712e-05 1.601354e-04 5.515126e-06 1.053413e-05 1.519121e-05]
At round 4 average t_co: 0.819236324435871 average t_cp: 0.8376363544907808 t: 1.1571948885176053
At round 4 average e_co: 0.004121418975243785 average e_cp: 0.0008343967247253086 e: 0.0049558156999690945
At round 4 a_n: 19.894335203468554
At round 4 local rounds: 61.19146585670627
At round 4 global rounds: 35.05766400930545
At round 4 tau: 35.41276013472925
At round 4 accuracy: 0.7930232558139535
At round 4 training accuracy: 0.8099762470308789
At round 4 training loss: 0.39347826446910183
At round 4 test loss: 0.5648853834949491
gradient difference: 0.059358056634664536
ground = 5 remain_eps = 0.002995917962445009	remain_tau = 34.25556524621164
update_location
xs = [-264.443651  384.443651 -369.443651 -330.323452 -180.323452  -80.323452  380.323452 -164.443651  480.323452  409.443651]
ys = [-284.443651  339.443651 -384.443651  445.159601  375.159601  325.159601   69.840399 -184.443651   19.840399  369.443651]
dists_uav = [692.943938 241.425446 836.431825 584.756197 422.753391 315.657693 255.077347 553.528537 358.671303 276.043561]
uav_gains = [5.905903e-13 2.618002e-11 3.813903e-13 8.811984e-13 2.026983e-12 6.354455e-12 2.032173e-11 1.005391e-12 3.532770e-12 1.336956e-11]
dists_bs = [ 341.167091  923.288992  387.09415  1001.219384  893.543997  829.059844  685.101458  355.833562  707.77444   961.028806]
bs_gains = [2.304803e-11 1.567593e-12 1.638854e-11 1.259552e-12 1.712506e-12 2.096347e-12 3.508382e-12 2.057209e-11 3.213134e-12 1.406879e-12]
At round 5 optimal eta: 0.4325253616958634
At round 5 optimal freqs: [4.095113e+07 7.962625e+07 5.715418e+07 1.840924e+08 8.428372e+07 1.009582e+08 1.248083e+08 4.500412e+07 6.560303e+07 8.082746e+07]
At round 5 optimal decs: [0 0 0 0 0 0 0 0 0 0]
At round 5 optimal powers: [7.428184e-05 7.721803e-04 1.520214e-04 3.266921e-03 8.020096e-04 9.696871e-04 1.069601e-03 8.813846e-05 3.971298e-04 8.318775e-04]
At round 5 t_co: [0.584115 0.78718  0.429816 0.29419  0.705041 0.506454 0.314495 0.55669  0.751628 0.810885]
At round 5 e_co: [4.338912e-05 6.078451e-04 6.534122e-05 9.610948e-04 5.654496e-04 4.911018e-04 3.363838e-04 4.906580e-05 2.984937e-04 6.745568e-04]
At round 5 t_cp: [0.545403 0.311236 0.685209 0.837636 0.4102   0.618229 0.823676 0.60506  0.373101 0.287684]
At round 5 e_cp: [3.745550e-06 1.571298e-05 1.279284e-05 5.225925e-04 2.455991e-05 6.361712e-05 1.601354e-04 5.515126e-06 1.053413e-05 1.519121e-05]
At round 5 average t_co: 0.8108847757212108 average t_cp: 0.8376363544907808 t: 1.1617502540912716
At round 5 average e_co: 0.004092721731734989 average e_cp: 0.0008343967247253086 e: 0.004927118456460298
At round 5 a_n: 19.894335203468554
At round 5 local rounds: 61.19146585670627
At round 5 global rounds: 35.05766400930545
At round 5 tau: 34.25556524621164
At round 5 accuracy: 0.8
At round 5 training accuracy: 0.8093824228028503
At round 5 training loss: 0.3682860058712421
At round 5 test loss: 0.5358247868341299
gradient difference: 0.05246158316731453
ground = 6 remain_eps = 0.0037310915048794123	remain_tau = 33.093814992120365
update_location
xs = [-261.332381  381.332381 -366.332381 -326.388142 -176.388142  -76.388142  376.388142 -161.332381  476.388142  406.332381]
ys = [-281.332381  336.332381 -381.332381  443.191522  373.191522  323.191522   71.808478 -181.332381   21.808478  366.332381]
dists_uav = [688.594018 237.517695 832.065501 580.429954 418.492145 311.510666 251.144388 549.207401 354.500048 272.004076]
uav_gains = [5.993435e-13 2.802638e-11 3.860397e-13 8.969722e-13 2.088374e-12 6.812551e-12 2.190890e-11 1.024657e-12 3.703324e-12 1.450869e-11]
dists_bs = [340.749381 919.166055 385.073262 998.067866 890.828945 826.728147 684.567724 357.179491 706.561922 956.889648]
bs_gains = [2.312439e-11 1.586651e-12 1.662180e-11 1.270319e-12 1.726634e-12 2.112349e-12 3.515772e-12 2.036346e-11 3.228044e-12 1.423371e-12]
At round 6 optimal eta: 0.4325253616958634
At round 6 optimal freqs: [4.095113e+07 7.962625e+07 5.715418e+07 1.840924e+08 8.428372e+07 1.009582e+08 1.248083e+08 4.500412e+07 6.560303e+07 8.082746e+07]
At round 6 optimal decs: [0 0 0 0 0 0 0 0 0 0]
At round 6 optimal powers: [7.428184e-05 7.721803e-04 1.520214e-04 3.266921e-03 8.020096e-04 9.696871e-04 1.069601e-03 8.813846e-05 3.971298e-04 8.318775e-04]
At round 6 t_co: [0.582492 0.778871 0.425034 0.292402 0.700045 0.503307 0.314011 0.561448 0.748595 0.802598]
At round 6 e_co: [4.326857e-05 6.014291e-04 6.461422e-05 9.552540e-04 5.614428e-04 4.880508e-04 3.358665e-04 4.948520e-05 2.972894e-04 6.676631e-04]
At round 6 t_cp: [0.545403 0.311236 0.685209 0.837636 0.4102   0.618229 0.823676 0.60506  0.373101 0.287684]
At round 6 e_cp: [3.745550e-06 1.571298e-05 1.279284e-05 5.225925e-04 2.455991e-05 6.361712e-05 1.601354e-04 5.515126e-06 1.053413e-05 1.519121e-05]
At round 6 average t_co: 0.8025978574189285 average t_cp: 0.8376363544907808 t: 1.1665085728602833
At round 6 average e_co: 0.004064363751225162 average e_cp: 0.0008343967247253086 e: 0.004898760475950469
At round 6 a_n: 19.894335203468554
At round 6 local rounds: 61.19146585670627
At round 6 global rounds: 35.05766400930545
At round 6 tau: 33.093814992120365
At round 6 accuracy: 0.8093023255813954
At round 6 training accuracy: 0.8200712589073634
At round 6 training loss: 0.3299350575111093
At round 6 test loss: 0.521323207628646
gradient difference: 0.04575088247656822
ground = 7 remain_eps = 0.004646670567181408	remain_tau = 31.92730641926008
update_location
xs = [-258.221111  378.221111 -363.221111 -322.452832 -172.452832  -72.452832  372.452832 -158.221111  472.452832  403.221111]
ys = [-278.221111  333.221111 -378.221111  441.223442  371.223442  321.223442   73.776558 -178.221111   23.776558  363.221111]
dists_uav = [684.244739 233.627448 827.699534 576.104828 414.233801 307.370674 247.227172 544.887528 350.33439  267.975944]
uav_gains = [6.082864e-13 2.993202e-11 3.907711e-13 9.131713e-13 2.153180e-12 7.319753e-12 2.357265e-11 1.044491e-12 3.889067e-12 1.573914e-11]
dists_bs = [340.38804  915.045698 383.092252 994.925825 888.127392 824.41334  684.061877 358.574362 705.374767 952.752828]
bs_gains = [2.319073e-11 1.606015e-12 1.685489e-11 1.281180e-12 1.740852e-12 2.128401e-12 3.522796e-12 2.015028e-11 3.242734e-12 1.440119e-12]
At round 7 optimal eta: 0.4325253616958634
At round 7 optimal freqs: [4.095113e+07 7.962625e+07 5.715418e+07 1.840924e+08 8.428372e+07 1.009582e+08 1.248083e+08 4.500412e+07 6.560303e+07 8.082746e+07]
At round 7 optimal decs: [0 0 0 0 0 0 0 0 0 0]
At round 7 optimal powers: [7.428184e-05 7.721803e-04 1.520214e-04 3.266921e-03 8.020096e-04 9.696871e-04 1.069601e-03 8.813846e-05 3.971298e-04 8.318775e-04]
At round 7 t_co: [0.581091 0.77063  0.420385 0.290628 0.695099 0.500198 0.313553 0.566411 0.745634 0.794375]
At round 7 e_co: [4.316449e-05 5.950651e-04 6.390751e-05 9.494589e-04 5.574761e-04 4.850358e-04 3.353769e-04 4.992259e-05 2.961136e-04 6.608230e-04]
At round 7 t_cp: [0.545403 0.311236 0.685209 0.837636 0.4102   0.618229 0.823676 0.60506  0.373101 0.287684]
At round 7 e_cp: [3.745550e-06 1.571298e-05 1.279284e-05 5.225925e-04 2.455991e-05 6.361712e-05 1.601354e-04 5.515126e-06 1.053413e-05 1.519121e-05]
At round 7 average t_co: 0.7943753367472057 average t_cp: 0.8376363544907808 t: 1.171471208916478
At round 7 average e_co: 0.004036343950000691 average e_cp: 0.0008343967247253086 e: 0.004870740674726
At round 7 a_n: 19.894335203468554
At round 7 local rounds: 61.19146585670627
At round 7 global rounds: 35.05766400930545
At round 7 tau: 31.92730641926008
At round 7 accuracy: 0.8232558139534883
At round 7 training accuracy: 0.8271971496437055
At round 7 training loss: 0.313629695860874
At round 7 test loss: 0.4907722203048351
gradient difference: 0.050137829035520554
ground = 8 remain_eps = 0.005786925175025376	remain_tau = 30.7558352103436
update_location
xs = [-255.109841  375.109841 -360.109841 -318.517523 -168.517523  -68.517523  368.517523 -155.109841  468.517523  400.109841]
ys = [-275.109841  330.109841 -375.109841  439.255362  369.255362  319.255362   75.744638 -175.109841   25.744638  360.109841]
dists_uav = [679.896112 229.755596 823.333928 571.780845 409.978448 303.238004 243.326458 540.568947 346.174531 263.959687]
uav_gains = [6.174244e-13 3.189260e-11 3.955862e-13 9.298121e-13 2.221705e-12 7.881217e-12 2.530755e-11 1.064915e-12 4.091804e-12 1.706130e-11]
dists_bs = [340.083247 910.927956 381.151741 991.793349 885.439462 822.115563 683.583976 360.017608 704.213102 948.618376]
bs_gains = [2.324689e-11 1.625692e-12 1.708759e-11 1.292135e-12 1.755158e-12 2.144501e-12 3.529450e-12 1.993292e-11 3.257197e-12 1.457129e-12]
At round 8 optimal eta: 0.4325253616958634
At round 8 optimal freqs: [4.095113e+07 7.962625e+07 5.715418e+07 1.840924e+08 8.428372e+07 1.009582e+08 1.248083e+08 4.500412e+07 6.560303e+07 8.082746e+07]
At round 8 optimal decs: [0 0 0 0 0 0 0 0 0 0]
At round 8 optimal powers: [7.428184e-05 7.721803e-04 1.520214e-04 3.266921e-03 8.020096e-04 9.696871e-04 1.069601e-03 8.813846e-05 3.971298e-04 8.318775e-04]
At round 8 t_co: [0.579911 0.762455 0.415869 0.288868 0.690203 0.497126 0.313121 0.571579 0.742745 0.786217]
At round 8 e_co: [4.307685e-05 5.887528e-04 6.322095e-05 9.437094e-04 5.535492e-04 4.820567e-04 3.349148e-04 5.037813e-05 2.949663e-04 6.540362e-04]
At round 8 t_cp: [0.545403 0.311236 0.685209 0.837636 0.4102   0.618229 0.823676 0.60506  0.373101 0.287684]
At round 8 e_cp: [3.745550e-06 1.571298e-05 1.279284e-05 5.225925e-04 2.455991e-05 6.361712e-05 1.601354e-04 5.515126e-06 1.053413e-05 1.519121e-05]
At round 8 average t_co: 0.786216980491339 average t_cp: 0.8376363544907808 t: 1.1766395721764327
At round 8 average e_co: 0.004008661261082645 average e_cp: 0.0008343967247253086 e: 0.004843057985807954
At round 8 a_n: 19.894335203468554
At round 8 local rounds: 61.19146585670627
At round 8 global rounds: 35.05766400930545
At round 8 tau: 30.7558352103436
At round 8 accuracy: 0.8255813953488372
At round 8 training accuracy: 0.833729216152019
At round 8 training loss: 0.2910885725137929
At round 8 test loss: 0.4899571386248942
gradient difference: 0.03954186663031578
ground = 9 remain_eps = 0.007206988853022142	remain_tau = 29.579195638167167
update_location
xs = [-251.998571  371.998571 -356.998571 -314.582213 -164.582213  -64.582213  364.582213 -151.998571  464.582213  396.998571]
ys = [-271.998571  326.998571 -371.998571  437.287282  367.287282  317.287282   77.712718 -171.998571   27.712718  356.998571]
dists_uav = [675.54815  225.903083 818.968691 567.458031 405.726181 299.11296  239.443053 536.251689 342.020681 259.955853]
uav_gains = [6.267633e-13 3.390495e-11 4.004872e-13 9.469116e-13 2.294290e-12 8.502336e-12 2.710795e-11 1.085957e-12 4.313569e-12 1.847419e-11]
dists_bs = [339.835153 906.812866 379.252351 988.670531 882.765277 819.834962 683.134082 361.508648 703.077055 944.486325]
bs_gains = [2.329274e-11 1.645687e-12 1.731963e-11 1.303184e-12 1.769550e-12 2.160646e-12 3.535729e-12 1.971172e-11 3.271426e-12 1.474405e-12]
At round 9 optimal eta: 0.4325253616958634
At round 9 optimal freqs: [4.095113e+07 7.962625e+07 5.715418e+07 1.840924e+08 8.428372e+07 1.009582e+08 1.248083e+08 4.500412e+07 6.560303e+07 8.082746e+07]
At round 9 optimal decs: [0 0 0 0 0 0 0 0 0 0]
At round 9 optimal powers: [7.428184e-05 7.721803e-04 1.520214e-04 3.266921e-03 8.020096e-04 9.696871e-04 1.069601e-03 8.813846e-05 3.971298e-04 8.318775e-04]
At round 9 t_co: [0.578952 0.754347 0.411484 0.287122 0.685356 0.494091 0.312715 0.576955 0.739928 0.778123]
At round 9 e_co: [4.300560e-05 5.824920e-04 6.255437e-05 9.380052e-04 5.496621e-04 4.791132e-04 3.344802e-04 5.085192e-05 2.938473e-04 6.473026e-04]
At round 9 t_cp: [0.545403 0.311236 0.685209 0.837636 0.4102   0.618229 0.823676 0.60506  0.373101 0.287684]
At round 9 e_cp: [3.745550e-06 1.571298e-05 1.279284e-05 5.225925e-04 2.455991e-05 6.361712e-05 1.601354e-04 5.515126e-06 1.053413e-05 1.519121e-05]
At round 9 average t_co: 0.7781225550011704 average t_cp: 0.8376363544907808 t: 1.1820151173997258
At round 9 average e_co: 0.003981314634305561 average e_cp: 0.0008343967247253086 e: 0.00481571135903087
At round 9 a_n: 19.894335203468554
At round 9 local rounds: 61.19146585670627
At round 9 global rounds: 35.05766400930545
At round 9 tau: 29.579195638167167
At round 9 accuracy: 0.8302325581395349
At round 9 training accuracy: 0.8414489311163895
At round 9 training loss: 0.2664984880954688
At round 9 test loss: 0.47801517176174724
gradient difference: 0.04629439860582352
ground = 10 remain_eps = 0.008975524437700656	remain_tau = 28.397180520767442
update_location
xs = [-248.887302  368.887302 -353.887302 -310.646903 -160.646903  -60.646903  360.646903 -148.887302  460.646903  393.887302]
ys = [-268.887302  323.887302 -368.887302  435.319203  365.319203  315.319203   79.680797 -168.887302   29.680797  353.887302]
dists_uav = [671.200867 222.070917 814.603828 563.136412 401.477097 294.995862 235.577813 531.935788 337.873064 255.965027]
uav_gains = [6.363090e-13 3.596731e-11 4.054759e-13 9.644881e-13 2.371314e-12 9.188644e-12 2.896842e-11 1.107644e-12 4.556644e-12 1.997543e-11]
dists_bs = [339.643884 902.700464 377.394703 985.557461 880.104965 817.571678 682.71225  363.046895 701.966749 940.356704]
bs_gains = [2.332818e-11 1.666008e-12 1.755078e-11 1.314328e-12 1.784029e-12 2.176834e-12 3.541631e-12 1.948703e-11 3.285416e-12 1.491952e-12]
At round 10 optimal eta: 0.4325253616958634
At round 10 optimal freqs: [4.095113e+07 7.962625e+07 5.715418e+07 1.840924e+08 8.428372e+07 1.009582e+08 1.248083e+08 4.500412e+07 6.560303e+07 8.082746e+07]
At round 10 optimal decs: [0 0 0 0 0 0 0 0 0 0]
At round 10 optimal powers: [7.428184e-05 7.721803e-04 1.520214e-04 3.266921e-03 8.020096e-04 9.696871e-04 1.069601e-03 8.813846e-05 3.971298e-04 8.318775e-04]
At round 10 t_co: [0.578213 0.746306 0.40723  0.28539  0.680559 0.491092 0.312335 0.582539 0.737181 0.770092]
At round 10 e_co: [4.295073e-05 5.762826e-04 6.190762e-05 9.323463e-04 5.458145e-04 4.762053e-04 3.340732e-04 5.134410e-05 2.927566e-04 6.406220e-04]
At round 10 t_cp: [0.545403 0.311236 0.685209 0.837636 0.4102   0.618229 0.823676 0.60506  0.373101 0.287684]
At round 10 e_cp: [3.745550e-06 1.571298e-05 1.279284e-05 5.225925e-04 2.455991e-05 6.361712e-05 1.601354e-04 5.515126e-06 1.053413e-05 1.519121e-05]
At round 10 average t_co: 0.7700918261885403 average t_cp: 0.8376363544907808 t: 1.1875993431896468
At round 10 average e_co: 0.003954303036389676 average e_cp: 0.0008343967247253086 e: 0.004788699761114984
At round 10 a_n: 19.894335203468554
At round 10 local rounds: 61.19146585670627
At round 10 global rounds: 35.05766400930545
At round 10 tau: 28.397180520767442
At round 10 accuracy: 0.8372093023255814
At round 10 training accuracy: 0.8426365795724465
At round 10 training loss: 0.2560871711491901
At round 10 test loss: 0.4929858968365764
gradient difference: 0.04671647772192955
ground = 11 remain_eps = 0.011178044058994212	remain_tau = 27.209581177577796
update_location
xs = [-245.776032  365.776032 -350.776032 -306.711594 -156.711594  -56.711594  356.711594 -145.776032  456.711594  390.776032]
ys = [-265.776032  320.776032 -365.776032  433.351123  363.351123  313.351123   81.648877 -165.776032   31.648877  350.776032]
dists_uav = [666.854275 218.260169 810.239345 558.816017 397.2313   290.887048 231.731648 527.621276 333.73191  251.987827]
uav_gains = [6.460678e-13 3.807952e-11 4.105546e-13 9.825607e-13 2.453205e-12 9.945680e-12 3.088417e-11 1.130005e-12 4.823588e-12 2.156136e-11]
dists_bs = [339.509536 898.590786 375.579417 982.454233 877.458651 815.325858 682.318531 364.631749 700.882307 936.229546]
bs_gains = [2.335311e-11 1.686661e-12 1.778076e-11 1.325567e-12 1.798594e-12 2.193061e-12 3.547151e-12 1.925919e-11 3.299159e-12 1.509777e-12]
At round 11 optimal eta: 0.4325253616958634
At round 11 optimal freqs: [4.095113e+07 7.962625e+07 5.715418e+07 1.840924e+08 8.428372e+07 1.009582e+08 1.248083e+08 4.500412e+07 6.560303e+07 8.082746e+07]
At round 11 optimal decs: [0 0 0 0 0 0 0 0 0 0]
At round 11 optimal powers: [7.428184e-05 7.721803e-04 1.520214e-04 3.266921e-03 8.020096e-04 9.696871e-04 1.069601e-03 8.813846e-05 3.971298e-04 8.318775e-04]
At round 11 t_co: [0.577695 0.73833  0.403105 0.283672 0.67581  0.488129 0.31198  0.588334 0.734506 0.762125]
At round 11 e_co: [4.291221e-05 5.701242e-04 6.128054e-05 9.267325e-04 5.420063e-04 4.733328e-04 3.336936e-04 5.185482e-05 2.916941e-04 6.339943e-04]
At round 11 t_cp: [0.545403 0.311236 0.685209 0.837636 0.4102   0.618229 0.823676 0.60506  0.373101 0.287684]
At round 11 e_cp: [3.745550e-06 1.571298e-05 1.279284e-05 5.225925e-04 2.455991e-05 6.361712e-05 1.601354e-04 5.515126e-06 1.053413e-05 1.519121e-05]
At round 11 average t_co: 0.7621245595247614 average t_cp: 0.8376363544907808 t: 1.193393790978333
At round 11 average e_co: 0.003927625451006599 average e_cp: 0.0008343967247253086 e: 0.004762022175731907
At round 11 a_n: 19.894335203468554
At round 11 local rounds: 61.19146585670627
At round 11 global rounds: 35.05766400930545
At round 11 tau: 27.209581177577796
At round 11 accuracy: 0.8441860465116279
At round 11 training accuracy: 0.8444180522565321
At round 11 training loss: 0.25433933028563416
At round 11 test loss: 0.47414752147665834
gradient difference: 0.06010165810585022
ground = 12 remain_eps = 0.01392104381778332	remain_tau = 26.016187386599462
update_location
xs = [-242.664762  362.664762 -347.664762 -302.776284 -152.776284  -52.776284  352.776284 -142.664762  452.776284  387.664762]
ys = [-262.664762  317.664762 -362.664762  431.383043  361.383043  311.383043   83.616957 -162.664762   33.616957  347.664762]
dists_uav = [662.508388 214.471981 805.875249 554.496873 392.988895 286.786873 227.905523 523.308188 329.597464 248.024907]
uav_gains = [6.560460e-13 4.024299e-11 4.157252e-13 1.001150e-12 2.540443e-12 1.077883e-11 3.285137e-11 1.153071e-12 5.117258e-12 2.322731e-11]
dists_bs = [339.432176 894.483869 373.807108 979.36094  874.826463 813.097644 681.952974 366.262607 699.823849 932.104885]
bs_gains = [2.336748e-11 1.707652e-12 1.800929e-11 1.336902e-12 1.813243e-12 2.209326e-12 3.552287e-12 1.902852e-11 3.312649e-12 1.527883e-12]
At round 12 optimal eta: 0.4325253616958634
At round 12 optimal freqs: [4.095113e+07 7.962625e+07 5.715418e+07 1.840924e+08 8.428372e+07 1.009582e+08 1.248083e+08 4.500412e+07 6.560303e+07 8.082746e+07]
At round 12 optimal decs: [0 0 0 0 0 0 0 0 0 0]
At round 12 optimal powers: [7.428184e-05 7.721803e-04 1.520214e-04 3.266921e-03 8.020096e-04 9.696871e-04 1.069601e-03 8.813846e-05 3.971298e-04 8.318775e-04]
At round 12 t_co: [0.577396 0.730421 0.399108 0.281967 0.671111 0.485204 0.31165  0.59434  0.731901 0.754221]
At round 12 e_co: [4.289005e-05 5.640167e-04 6.067299e-05 9.211636e-04 5.382374e-04 4.704956e-04 3.333415e-04 5.238420e-05 2.906597e-04 6.274191e-04]
At round 12 t_cp: [0.545403 0.311236 0.685209 0.837636 0.4102   0.618229 0.823676 0.60506  0.373101 0.287684]
At round 12 e_cp: [3.745550e-06 1.571298e-05 1.279284e-05 5.225925e-04 2.455991e-05 6.361712e-05 1.601354e-04 5.515126e-06 1.053413e-05 1.519121e-05]
At round 12 average t_co: 0.7542205200381142 average t_cp: 0.8376363544907808 t: 1.1994000439983714
At round 12 average e_co: 0.0039012808788383493 average e_cp: 0.0008343967247253086 e: 0.004735677603563658
At round 12 a_n: 19.894335203468554
At round 12 local rounds: 61.19146585670627
At round 12 global rounds: 35.05766400930545
At round 12 tau: 26.016187386599462
At round 12 accuracy: 0.8441860465116279
At round 12 training accuracy: 0.8485748218527316
At round 12 training loss: 0.23748729825019838
At round 12 test loss: 0.4563819963264806
gradient difference: 0.04334108531475067
ground = 13 remain_eps = 0.017337153079183754	remain_tau = 24.816787342601092
update_location
xs = [-239.553492  359.553492 -344.553492 -298.840974 -148.840974  -48.840974  348.840974 -139.553492  448.840974  384.553492]
ys = [-259.553492  314.553492 -359.553492  429.414963  359.414963  309.414963   85.585037 -159.553492   35.585037  344.553492]
dists_uav = [658.16322  210.707569 801.511545 550.179011 388.749993 282.695713 224.100464 518.996558 325.469982 244.076963]
uav_gains = [6.662505e-13 4.246075e-11 4.209901e-13 1.020276e-12 2.633567e-12 1.169311e-11 3.486749e-11 1.176877e-12 5.440831e-12 2.496790e-11]
dists_bs = [339.411842 890.379753 372.078393 976.277677 872.208527 810.887183 681.615625 367.938856 698.791494 927.982753]
bs_gains = [2.337126e-11 1.728987e-12 1.823610e-11 1.348332e-12 1.827975e-12 2.225624e-12 3.557036e-12 1.879537e-11 3.325879e-12 1.546277e-12]
At round 13 optimal eta: 0.4325253616958634
At round 13 optimal freqs: [4.095113e+07 7.962625e+07 5.715418e+07 1.840924e+08 8.428372e+07 1.009582e+08 1.248083e+08 4.500412e+07 6.560303e+07 8.082746e+07]
At round 13 optimal decs: [0 0 0 0 0 0 0 0 0 0]
At round 13 optimal powers: [7.428184e-05 7.721803e-04 1.520214e-04 3.266921e-03 8.020096e-04 9.696871e-04 1.069601e-03 8.813846e-05 3.971298e-04 8.318775e-04]
At round 13 t_co: [0.577318 0.722577 0.395239 0.280276 0.66646  0.482314 0.311347 0.60056  0.729367 0.746379]
At round 13 e_co: [4.288423e-05 5.579600e-04 6.008482e-05 9.156394e-04 5.345075e-04 4.676936e-04 3.330169e-04 5.293239e-05 2.896533e-04 6.208963e-04]
At round 13 t_cp: [0.545403 0.311236 0.685209 0.837636 0.4102   0.618229 0.823676 0.60506  0.373101 0.287684]
At round 13 e_cp: [3.745550e-06 1.571298e-05 1.279284e-05 5.225925e-04 2.455991e-05 6.361712e-05 1.601354e-04 5.515126e-06 1.053413e-05 1.519121e-05]
At round 13 average t_co: 0.7463794723113738 average t_cp: 0.8376363544907808 t: 1.2056197262428419
At round 13 average e_co: 0.0038752683376298224 average e_cp: 0.0008343967247253086 e: 0.004709665062355131
At round 13 a_n: 19.894335203468554
At round 13 local rounds: 61.19146585670627
At round 13 global rounds: 35.05766400930545
At round 13 tau: 24.816787342601092
At round 13 accuracy: 0.8465116279069768
At round 13 training accuracy: 0.8533254156769596
At round 13 training loss: 0.22058801044867044
At round 13 test loss: 0.4541844193181095
gradient difference: 0.04819133132696152
ground = 14 remain_eps = 0.02159154735990999	remain_tau = 23.61116761635825
update_location
xs = [-236.442222  356.442222 -341.442222 -294.905665 -144.905665  -44.905665  344.905665 -136.442222  444.905665  381.442222]
ys = [-256.442222  311.442222 -356.442222  427.446884  357.446884  307.446884   87.553116 -156.442222   37.553116  341.442222]
dists_uav = [653.818786 206.968232 797.148239 545.862461 384.514712 278.613966 220.317563 514.686425 321.349732 240.144734]
uav_gains = [6.766881e-13 4.473726e-11 4.263515e-13 1.039963e-12 2.733186e-12 1.269297e-11 3.693140e-11 1.201456e-12 5.797816e-12 2.677742e-11]
dists_bs = [339.448546 886.278477 370.39388  973.204538 869.604974 808.69462  681.306526 369.65988  697.785356 923.863184]
bs_gains = [2.336444e-11 1.750675e-12 1.846090e-11 1.359859e-12 1.842789e-12 2.241954e-12 3.561395e-12 1.856004e-11 3.338843e-12 1.564964e-12]
At round 14 optimal eta: 0.4325253616958634
At round 14 optimal freqs: [4.095113e+07 7.962625e+07 5.715418e+07 1.840924e+08 8.428372e+07 1.009582e+08 1.248083e+08 4.500412e+07 6.560303e+07 8.082746e+07]
At round 14 optimal decs: [0 0 0 0 0 0 0 0 0 0]
At round 14 optimal powers: [7.428184e-05 7.721803e-04 1.520214e-04 3.266921e-03 8.020096e-04 9.696871e-04 1.069601e-03 8.813846e-05 3.971298e-04 8.318775e-04]
At round 14 t_co: [0.577459 0.714799 0.391497 0.278599 0.661858 0.47946  0.311069 0.606994 0.726903 0.738601]
At round 14 e_co: [4.289474e-05 5.519538e-04 5.951589e-05 9.101598e-04 5.308165e-04 4.649264e-04 3.327196e-04 5.349954e-05 2.886748e-04 6.144257e-04]
At round 14 t_cp: [0.545403 0.311236 0.685209 0.837636 0.4102   0.618229 0.823676 0.60506  0.373101 0.287684]
At round 14 e_cp: [3.745550e-06 1.571298e-05 1.279284e-05 5.225925e-04 2.455991e-05 6.361712e-05 1.601354e-04 5.515126e-06 1.053413e-05 1.519121e-05]
At round 14 average t_co: 0.7386011804793619 average t_cp: 0.8376363544907808 t: 1.212054501415814
At round 14 average e_co: 0.0038495868622346343 average e_cp: 0.0008343967247253086 e: 0.004683983586959943
At round 14 a_n: 19.894335203468554
At round 14 local rounds: 61.19146585670627
At round 14 global rounds: 35.05766400930545
At round 14 tau: 23.61116761635825
At round 14 accuracy: 0.8488372093023255
At round 14 training accuracy: 0.8592636579572447
At round 14 training loss: 0.200026819227604
At round 14 test loss: 0.44693870147773196
gradient difference: 0.03004046157002449
ground = 15 remain_eps = 0.026889934885271537	remain_tau = 22.399113114942438
update_location
xs = [-233.330952  353.330952 -338.330952 -290.970355 -140.970355  -40.970355  340.970355 -133.330952  440.970355  378.330952]
ys = [-253.330952  308.330952 -353.330952  425.478804  355.478804  305.478804   89.521196 -153.330952   39.521196  338.330952]
dists_uav = [649.4751   203.255352 792.78534  541.547254 380.28317  274.542051 216.557981 510.377825 317.236995 236.229005]
uav_gains = [6.873662e-13 4.707832e-11 4.318116e-13 1.060235e-12 2.839986e-12 1.378204e-11 3.904353e-11 1.226848e-12 6.192067e-12 2.865035e-11]
dists_bs = [339.542269 882.180078 368.754177 970.141621 867.015931 806.520101 681.025714 371.425055 696.80555  919.746212]
bs_gains = [2.334703e-11 1.772721e-12 1.868337e-11 1.371482e-12 1.857684e-12 2.258312e-12 3.565362e-12 1.832284e-11 3.351535e-12 1.583950e-12]
At round 15 optimal eta: 0.4325253616958634
At round 15 optimal freqs: [4.095113e+07 7.962625e+07 5.715418e+07 1.840924e+08 8.428372e+07 1.009582e+08 1.248083e+08 4.500412e+07 6.560303e+07 8.082746e+07]
At round 15 optimal decs: [0 0 0 0 0 0 0 0 0 0]
At round 15 optimal powers: [7.428184e-05 7.721803e-04 1.520214e-04 3.266921e-03 8.020096e-04 9.696871e-04 1.069601e-03 8.813846e-05 3.971298e-04 8.318775e-04]
At round 15 t_co: [0.577821 0.707086 0.38788  0.276935 0.657304 0.476643 0.310817 0.613646 0.724509 0.730885]
At round 15 e_co: [4.292159e-05 5.459979e-04 5.896606e-05 9.047247e-04 5.271643e-04 4.621942e-04 3.324497e-04 5.408580e-05 2.877242e-04 6.080071e-04]
At round 15 t_cp: [0.545403 0.311236 0.685209 0.837636 0.4102   0.618229 0.823676 0.60506  0.373101 0.287684]
At round 15 e_cp: [3.745550e-06 1.571298e-05 1.279284e-05 5.225925e-04 2.455991e-05 6.361712e-05 1.601354e-04 5.515126e-06 1.053413e-05 1.519121e-05]
At round 15 average t_co: 0.7308854082265295 average t_cp: 0.8376363544907808 t: 1.2187060718752516
At round 15 average e_co: 0.003824235504654396 average e_cp: 0.0008343967247253086 e: 0.004658632229379705
At round 15 a_n: 19.894335203468554
At round 15 local rounds: 61.19146585670627
At round 15 global rounds: 35.05766400930545
At round 15 tau: 22.399113114942438
At round 15 accuracy: 0.8511627906976744
At round 15 training accuracy: 0.8604513064133017
At round 15 training loss: 0.19173060099366443
At round 15 test loss: 0.43730659549803175
gradient difference: 0.04764281213283539
ground = 16 remain_eps = 0.03348850298134248	remain_tau = 21.180407043067184
update_location
xs = [-230.219683  350.219683 -335.219683 -287.035045 -137.035045  -37.035045  337.035045 -130.219683  437.035045  375.219683]
ys = [-250.219683  305.219683 -350.219683  423.510724  353.510724  303.510724   91.489276 -150.219683   41.489276  335.219683]
dists_uav = [645.132177 199.570407 788.422853 537.233423 376.055495 270.480413 212.822954 506.070798 313.132067 232.33061 ]
uav_gains = [6.982923e-13 4.949082e-11 4.373731e-13 1.081116e-12 2.954744e-12 1.496291e-11 4.120582e-11 1.253094e-12 6.627782e-12 3.058171e-11]
dists_bs = [339.692963 878.084599 367.159882 967.089021 864.441531 804.363773 680.773226 373.233755 695.852187 915.631874]
bs_gains = [2.331908e-11 1.795134e-12 1.890323e-11 1.383202e-12 1.872660e-12 2.274696e-12 3.568933e-12 1.808409e-11 3.363947e-12 1.603240e-12]
At round 16 optimal eta: 0.4325253616958634
At round 16 optimal freqs: [4.095113e+07 7.962625e+07 5.715418e+07 1.840924e+08 8.428372e+07 1.009582e+08 1.248083e+08 4.500412e+07 6.560303e+07 8.082746e+07]
At round 16 optimal decs: [0 0 0 0 0 0 0 0 0 0]
At round 16 optimal powers: [7.428184e-05 7.721803e-04 1.520214e-04 3.266921e-03 8.020096e-04 9.696871e-04 1.069601e-03 8.813846e-05 3.971298e-04 8.318775e-04]
At round 16 t_co: [0.578402 0.699438 0.384388 0.275285 0.652798 0.473861 0.31059  0.620516 0.722186 0.723232]
At round 16 e_co: [4.296480e-05 5.400921e-04 5.843520e-05 8.993337e-04 5.235506e-04 4.594966e-04 3.322072e-04 5.469132e-05 2.868014e-04 6.016403e-04]
At round 16 t_cp: [0.545403 0.311236 0.685209 0.837636 0.4102   0.618229 0.823676 0.60506  0.373101 0.287684]
At round 16 e_cp: [3.745550e-06 1.571298e-05 1.279284e-05 5.225925e-04 2.455991e-05 6.361712e-05 1.601354e-04 5.515126e-06 1.053413e-05 1.519121e-05]
At round 16 average t_co: 0.7232319187845815 average t_cp: 0.8376363544907808 t: 1.2255761775702796
At round 16 average e_co: 0.0037992133340714208 average e_cp: 0.0008343967247253086 e: 0.004633610058796729
At round 16 a_n: 19.894335203468554
At round 16 local rounds: 61.19146585670627
At round 16 global rounds: 35.05766400930545
At round 16 tau: 21.180407043067184
At round 16 accuracy: 0.8511627906976744
At round 16 training accuracy: 0.8622327790973872
At round 16 training loss: 0.19089617358634184
At round 16 test loss: 0.43734073492575637
gradient difference: 0.032397206872701645
ground = 17 remain_eps = 0.04170630522968109	remain_tau = 19.954830865496906
update_location
xs = [-227.108413  347.108413 -332.108413 -283.099736 -133.099736  -33.099736  333.099736 -127.108413  433.099736  372.108413]
ys = [-247.108413  302.108413 -347.108413  421.542645  351.542645  301.542645   93.457355 -147.108413   43.457355  332.108413]
dists_uav = [640.790032 195.914973 784.060785 532.921    371.831818 266.429521 209.113798 501.765384 309.03526  228.450437]
uav_gains = [7.094743e-13 5.198259e-11 4.430382e-13 1.102635e-12 3.078335e-12 1.623692e-11 4.342164e-11 1.280237e-12 7.109486e-12 3.256752e-11]
dists_bs = [339.900553 873.99208  365.611591 964.046838 861.881903 802.225781 680.549092 375.085352 694.925376 911.520204]
bs_gains = [2.328064e-11 1.817920e-12 1.912014e-11 1.395019e-12 1.887714e-12 2.291101e-12 3.572107e-12 1.784406e-11 3.376074e-12 1.622841e-12]
At round 17 optimal eta: 0.4325253616958634
At round 17 optimal freqs: [4.095113e+07 7.962625e+07 5.715418e+07 1.840924e+08 8.428372e+07 1.009582e+08 1.248083e+08 4.500412e+07 6.560303e+07 8.082746e+07]
At round 17 optimal decs: [0 0 0 0 0 0 0 0 0 0]
At round 17 optimal powers: [7.428184e-05 7.721803e-04 1.520214e-04 3.266921e-03 8.020096e-04 9.696871e-04 1.069601e-03 8.813846e-05 3.971298e-04 8.318775e-04]
At round 17 t_co: [0.579204 0.691854 0.38102  0.273648 0.648341 0.471114 0.310389 0.627606 0.719932 0.71564 ]
At round 17 e_co: [4.302437e-05 5.342363e-04 5.792316e-05 8.939869e-04 5.199754e-04 4.568336e-04 3.319920e-04 5.531626e-05 2.859063e-04 5.953252e-04]
At round 17 t_cp: [0.545403 0.311236 0.685209 0.837636 0.4102   0.618229 0.823676 0.60506  0.373101 0.287684]
At round 17 e_cp: [3.745550e-06 1.571298e-05 1.279284e-05 5.225925e-04 2.455991e-05 6.361712e-05 1.601354e-04 5.515126e-06 1.053413e-05 1.519121e-05]
At round 17 average t_co: 0.7199317422531539 average t_cp: 0.8376363544907808 t: 1.2326665949747069
At round 17 average e_co: 0.003774519436874915 average e_cp: 0.0008343967247253086 e: 0.004608916161600224
At round 17 a_n: 19.894335203468554
At round 17 local rounds: 61.19146585670627
At round 17 global rounds: 35.05766400930545
At round 17 tau: 19.954830865496906
At round 17 accuracy: 0.8534883720930233
At round 17 training accuracy: 0.8663895486935868
At round 17 training loss: 0.17984063959653218
At round 17 test loss: 0.42831964202394646
gradient difference: 0.03340115770697594
ground = 18 remain_eps = 0.05194068832758541	remain_tau = 18.7221642705222
update_location
xs = [-223.997143  343.997143 -328.997143 -279.164426 -129.164426  -29.164426  329.164426 -123.997143  429.164426  368.997143]
ys = [-243.997143  298.997143 -343.997143  419.574565  349.574565  299.574565   95.425435 -143.997143   45.425435  328.997143]
dists_uav = [636.448683 192.290732 779.699144 528.610021 367.612278 262.389873 205.431914 497.461625 304.946902 224.589429]
uav_gains = [7.209203e-13 5.456217e-11 4.488097e-13 1.124819e-12 3.211753e-12 1.760402e-11 4.569568e-11 1.308324e-12 7.642000e-12 3.460508e-11]
dists_bs = [340.164935 869.902563 364.109889 961.01517  859.337181 800.106273 680.353341 376.979211 694.025223 907.411238]
bs_gains = [2.323182e-11 1.841087e-12 1.933381e-11 1.406933e-12 1.902845e-12 2.307525e-12 3.574883e-12 1.760306e-11 3.387910e-12 1.642759e-12]
At round 18 optimal eta: 0.4325253616958634
At round 18 optimal freqs: [4.095113e+07 7.962625e+07 5.715418e+07 1.840924e+08 8.428372e+07 1.009582e+08 1.248083e+08 4.500412e+07 6.560303e+07 8.082746e+07]
At round 18 optimal decs: [0 0 0 0 0 0 0 0 0 0]
At round 18 optimal powers: [7.428184e-05 7.721803e-04 1.520214e-04 3.266921e-03 8.020096e-04 9.696871e-04 1.069601e-03 8.813846e-05 3.971298e-04 8.318775e-04]
At round 18 t_co: [0.580227 0.684335 0.377775 0.272025 0.64393  0.468404 0.310213 0.634919 0.717747 0.708111]
At round 18 e_co: [4.310032e-05 5.284302e-04 5.742984e-05 8.886840e-04 5.164384e-04 4.542049e-04 3.318042e-04 5.596078e-05 2.850389e-04 5.890615e-04]
At round 18 t_cp: [0.545403 0.311236 0.685209 0.837636 0.4102   0.618229 0.823676 0.60506  0.373101 0.287684]
At round 18 e_cp: [3.745550e-06 1.571298e-05 1.279284e-05 5.225925e-04 2.455991e-05 6.361712e-05 1.601354e-04 5.515126e-06 1.053413e-05 1.519121e-05]
At round 18 average t_co: 0.7177474809668016 average t_cp: 0.8376363544907808 t: 1.2399791360186825
At round 18 average e_co: 0.003750152916680712 average e_cp: 0.0008343967247253086 e: 0.004584549641406021
At round 18 a_n: 19.894335203468554
At round 18 local rounds: 61.19146585670627
At round 18 global rounds: 35.05766400930545
At round 18 tau: 18.7221642705222
At round 18 accuracy: 0.8558139534883721
At round 18 training accuracy: 0.8687648456057007
At round 18 training loss: 0.17797827058201118
At round 18 test loss: 0.42272705205124195
gradient difference: 0.04424738511443138
ground = 19 remain_eps = 0.06468650457253645	remain_tau = 17.482185134503517
update_location
xs = [-220.885873  340.885873 -325.885873 -275.229116 -125.229116  -25.229116  325.229116 -120.885873  425.229116  365.885873]
ys = [-240.885873  295.885873 -340.885873  417.606485  347.606485  297.606485   97.393515 -140.885873   47.393515  325.885873]
dists_uav = [632.108144 188.699483 775.337935 524.300521 363.397019 258.361997 201.778794 493.159565 300.867335 220.748592]
uav_gains = [7.326390e-13 5.723867e-11 4.546901e-13 1.147700e-12 3.356119e-12 1.906274e-11 4.803377e-11 1.337406e-12 8.230387e-12 3.669319e-11]
dists_bs = [340.485976 865.81609  362.655357 957.994117 856.807496 798.005397 680.185996 378.914701 693.151832 903.305014]
bs_gains = [2.317273e-11 1.864643e-12 1.954389e-11 1.418944e-12 1.918051e-12 2.323964e-12 3.577258e-12 1.736134e-11 3.399448e-12 1.663000e-12]
At round 19 optimal eta: 0.4325253616958634
At round 19 optimal freqs: [4.095113e+07 7.962625e+07 5.715418e+07 1.840924e+08 8.428372e+07 1.009582e+08 1.248083e+08 4.500412e+07 6.560303e+07 8.082746e+07]
At round 19 optimal decs: [0 0 0 0 0 0 0 0 0 0]
At round 19 optimal powers: [7.428184e-05 7.721803e-04 1.520214e-04 3.266921e-03 8.020096e-04 9.696871e-04 1.069601e-03 8.813846e-05 3.971298e-04 8.318775e-04]
At round 19 t_co: [0.58147  0.67688  0.374652 0.270415 0.639568 0.465728 0.310063 0.642455 0.715633 0.700643]
At round 19 e_co: [4.319269e-05 5.226736e-04 5.695509e-05 8.834248e-04 5.129394e-04 4.516106e-04 3.316437e-04 5.662503e-05 2.841990e-04 5.828489e-04]
At round 19 t_cp: [0.545403 0.311236 0.685209 0.837636 0.4102   0.618229 0.823676 0.60506  0.373101 0.287684]
At round 19 e_cp: [3.745550e-06 1.571298e-05 1.279284e-05 5.225925e-04 2.455991e-05 6.361712e-05 1.601354e-04 5.515126e-06 1.053413e-05 1.519121e-05]
At round 19 average t_co: 0.7156326684869485 average t_cp: 0.8376363544907808 t: 1.2475156470202846
At round 19 average e_co: 0.003726112894344576 average e_cp: 0.0008343967247253086 e: 0.004560509619069884
At round 19 a_n: 19.894335203468554
At round 19 local rounds: 61.19146585670627
At round 19 global rounds: 35.05766400930545
At round 19 tau: 17.482185134503517
At round 19 accuracy: 0.8558139534883721
At round 19 training accuracy: 0.8681710213776722
At round 19 training loss: 0.16967991551300265
At round 19 test loss: 0.41683602552913324
gradient difference: 0.04491211101412773
ground = 20 remain_eps = 0.08056003893176167	remain_tau = 16.23466948748323
update_location
xs = [-217.774603  337.774603 -322.774603 -271.293807 -121.293807  -21.293807  321.293807 -117.774603  421.293807  362.774603]
ys = [-237.774603  292.774603 -337.774603  415.638405  345.638405  295.638405   99.361595 -137.774603   49.361595  322.774603]
dists_uav = [627.768434 185.143145 770.977168 519.992536 359.18619  254.346451 198.15603  488.859249 296.796924 216.928999]
uav_gains = [7.446392e-13 6.002154e-11 4.606821e-13 1.171309e-12 3.512704e-12 2.061020e-11 5.044265e-11 1.367538e-12 8.879867e-12 3.883230e-11]
dists_bs = [340.863516 861.732705 361.248562 954.983779 854.292983 795.923299 680.04708  380.891186 692.305303 899.201568]
bs_gains = [2.310349e-11 1.888596e-12 1.975006e-11 1.431053e-12 1.933333e-12 2.340414e-12 3.579232e-12 1.711916e-11 3.410683e-12 1.683569e-12]
At round 20 optimal eta: 0.4325253616958634
At round 20 optimal freqs: [4.095113e+07 7.962625e+07 5.715418e+07 1.840924e+08 8.428372e+07 1.009582e+08 1.248083e+08 4.500412e+07 6.560303e+07 8.082746e+07]
At round 20 optimal decs: [0 0 0 0 0 0 0 0 0 0]
At round 20 optimal powers: [7.428184e-05 7.721803e-04 1.520214e-04 3.266921e-03 8.020096e-04 9.696871e-04 1.069601e-03 8.813846e-05 3.971298e-04 8.318775e-04]
At round 20 t_co: [0.582935 0.669489 0.37165  0.268819 0.635252 0.463088 0.309939 0.650218 0.713587 0.693236]
At round 20 e_co: [4.330149e-05 5.169663e-04 5.649880e-05 8.782092e-04 5.094785e-04 4.490504e-04 3.315105e-04 5.730920e-05 2.833867e-04 5.766874e-04]
At round 20 t_cp: [0.545403 0.311236 0.685209 0.837636 0.4102   0.618229 0.823676 0.60506  0.373101 0.287684]
At round 20 e_cp: [3.745550e-06 1.571298e-05 1.279284e-05 5.225925e-04 2.455991e-05 6.361712e-05 1.601354e-04 5.515126e-06 1.053413e-05 1.519121e-05]
At round 20 average t_co: 0.7135871369869671 average t_cp: 0.8376363544907808 t: 1.2552780076188164
At round 20 average e_co: 0.003702398507969191 average e_cp: 0.0008343967247253086 e: 0.0045367952326945
At round 20 a_n: 19.894335203468554
At round 20 local rounds: 61.19146585670627
At round 20 global rounds: 35.05766400930545
At round 20 tau: 16.23466948748323
At round 20 accuracy: 0.858139534883721
At round 20 training accuracy: 0.8711401425178147
At round 20 training loss: 0.16388788298915363
At round 20 test loss: 0.4173166968473486
gradient difference: 0.03909742459654808
ground = 21 remain_eps = 0.10032880761719719	remain_tau = 14.979391479864415
update_location
xs = [-214.663333  334.663333 -319.663333 -267.358497 -117.358497  -17.358497  317.358497 -114.663333  417.358497  359.663333]
ys = [-234.663333  289.663333 -334.663333  413.670326  343.670326  293.670326  101.329674 -134.663333   51.329674  319.663333]
dists_uav = [623.429568 181.623769 766.616849 515.686106 354.97995  250.34383  194.565318 484.560722 292.73605  213.13179 ]
uav_gains = [7.569304e-13 6.292042e-11 4.667887e-13 1.195684e-12 3.682948e-12 2.224232e-11 5.292983e-11 1.398779e-12 9.595711e-12 4.102448e-11]
dists_bs = [341.297368 857.652451 359.890067 951.984259 851.793775 793.860128 679.93661  382.908031 691.485737 895.10094 ]
bs_gains = [2.302428e-11 1.912954e-12 1.995200e-11 1.443260e-12 1.948687e-12 2.356874e-12 3.580802e-12 1.687679e-11 3.421609e-12 1.704475e-12]
At round 21 optimal eta: 0.4325253616958634
At round 21 optimal freqs: [4.095113e+07 7.962625e+07 5.715418e+07 1.840924e+08 8.428372e+07 1.009582e+08 1.248083e+08 4.500412e+07 6.560303e+07 8.082746e+07]
At round 21 optimal decs: [0 0 0 0 0 0 0 0 0 0]
At round 21 optimal powers: [7.428184e-05 7.721803e-04 1.520214e-04 3.266921e-03 8.020096e-04 9.696871e-04 1.069601e-03 8.813846e-05 3.971298e-04 8.318775e-04]
At round 21 t_co: [0.584621 0.662161 0.36877  0.267235 0.630984 0.460483 0.30984  0.658208 0.711611 0.68589 ]
At round 21 e_co: [4.342676e-05 5.113081e-04 5.606086e-05 8.730371e-04 5.060553e-04 4.465242e-04 3.314046e-04 5.801343e-05 2.826018e-04 5.705768e-04]
At round 21 t_cp: [0.545403 0.311236 0.685209 0.837636 0.4102   0.618229 0.823676 0.60506  0.373101 0.287684]
At round 21 e_cp: [3.745550e-06 1.571298e-05 1.279284e-05 5.225925e-04 2.455991e-05 6.361712e-05 1.601354e-04 5.515126e-06 1.053413e-05 1.519121e-05]
At round 21 average t_co: 0.7116107236296838 average t_cp: 0.8376363544907808 t: 1.263268129711498
At round 21 average e_co: 0.003679008912904888 average e_cp: 0.0008343967247253086 e: 0.004513405637630196
At round 21 a_n: 19.894335203468554
At round 21 local rounds: 61.19146585670627
At round 21 global rounds: 35.05766400930545
At round 21 tau: 14.979391479864415
At round 21 accuracy: 0.8627906976744186
At round 21 training accuracy: 0.8711401425178147
At round 21 training loss: 0.1612782836826083
At round 21 test loss: 0.46532474904133425
gradient difference: 0.028452759608626366
ground = 22 remain_eps = 0.12494866898481582	remain_tau = 13.716123350152916
update_location
xs = [-211.552064  331.552064 -316.552064 -263.423187 -113.423187  -13.423187  313.423187 -111.552064  413.423187  356.552064]
ys = [-231.552064  286.552064 -331.552064  411.702246  341.702246  291.702246  103.297754 -131.552064   53.297754  316.552064]
dists_uav = [619.091566 178.143545 762.256986 511.381268 350.778464 246.354762 191.008465 480.264033 288.685115 209.358185]
uav_gains = [7.695221e-13 6.594504e-11 4.730126e-13 1.220859e-12 3.868478e-12 2.395405e-11 5.550334e-11 1.431193e-12 1.038309e-11 4.327341e-11]
dists_bs = [341.787317 853.575374 358.580418 948.995659 849.310008 791.816032 679.854598 384.964602 690.693229 891.003169]
bs_gains = [2.293528e-11 1.937724e-12 2.014936e-11 1.455565e-12 1.964112e-12 2.373337e-12 3.581968e-12 1.663447e-11 3.432219e-12 1.725723e-12]
At round 22 optimal eta: 0.4325253616958634
At round 22 optimal freqs: [4.095113e+07 7.962625e+07 5.715418e+07 1.840924e+08 8.428372e+07 1.009582e+08 1.248083e+08 4.500412e+07 6.560303e+07 8.082746e+07]
At round 22 optimal decs: [0 0 0 0 0 0 0 0 0 0]
At round 22 optimal powers: [7.428184e-05 7.721803e-04 1.520214e-04 3.266921e-03 8.020096e-04 9.696871e-04 1.069601e-03 8.813846e-05 3.971298e-04 8.318775e-04]
At round 22 t_co: [0.58653  0.654897 0.366009 0.265666 0.626763 0.457912 0.309766 0.666428 0.709703 0.678606]
At round 22 e_co: [4.356855e-05 5.056988e-04 5.564114e-05 8.679083e-04 5.026697e-04 4.440318e-04 3.313261e-04 5.873792e-05 2.818443e-04 5.645167e-04]
At round 22 t_cp: [0.545403 0.311236 0.685209 0.837636 0.4102   0.618229 0.823676 0.60506  0.373101 0.287684]
At round 22 e_cp: [3.745550e-06 1.571298e-05 1.279284e-05 5.225925e-04 2.455991e-05 6.361712e-05 1.601354e-04 5.515126e-06 1.053413e-05 1.519121e-05]
At round 22 average t_co: 0.7097032706023492 average t_cp: 0.8376363544907808 t: 1.2714879563951929
At round 22 average e_co: 0.0036559432817442113 average e_cp: 0.0008343967247253086 e: 0.00449034000646952
At round 22 a_n: 19.894335203468554
At round 22 local rounds: 61.19146585670627
At round 22 global rounds: 35.05766400930545
At round 22 tau: 13.716123350152916
At round 22 accuracy: 0.8651162790697674
At round 22 training accuracy: 0.8741092636579573
At round 22 training loss: 0.15296810768804234
At round 22 test loss: 0.4289877517563977
gradient difference: 0.03715033456683159
ground = 23 remain_eps = 0.15561004114237095	remain_tau = 12.444635393757723
update_location
xs = [-208.440794  328.440794 -313.440794 -259.487878 -109.487878   -9.487878  309.487878 -108.440794  409.487878  353.440794]
ys = [-228.440794  283.440794 -328.440794  409.734166  339.734166  289.734166  105.265834 -128.440794   55.265834  313.440794]
dists_uav = [614.754445 174.704813 757.897587 507.078065 346.581905 242.379918 187.487398 475.969232 284.644544 205.609482]
uav_gains = [7.824247e-13 6.910499e-11 4.793568e-13 1.246876e-12 4.071131e-12 2.573981e-11 5.817159e-11 1.464849e-12 1.124691e-11 4.558418e-11]
dists_bs = [342.333123 849.50152  357.320154 946.018082 846.841818 789.791158 679.801056 387.060266 689.927872 886.908293]
bs_gains = [2.283668e-11 1.962916e-12 2.034182e-11 1.467968e-12 1.979606e-12 2.389802e-12 3.582730e-12 1.639241e-11 3.442509e-12 1.747320e-12]
At round 23 optimal eta: 0.4325253616958634
At round 23 optimal freqs: [4.095113e+07 7.962625e+07 5.715418e+07 1.840924e+08 8.428372e+07 1.009582e+08 1.248083e+08 4.500412e+07 6.560303e+07 8.082746e+07]
At round 23 optimal decs: [0 0 0 0 0 0 0 0 0 0]
At round 23 optimal powers: [7.428184e-05 7.721803e-04 1.520214e-04 3.266921e-03 8.020096e-04 9.696871e-04 1.069601e-03 8.813846e-05 3.971298e-04 8.318775e-04]
At round 23 t_co: [0.588662 0.647696 0.363367 0.264109 0.622588 0.455377 0.309718 0.674879 0.707865 0.671381]
At round 23 e_co: [4.372690e-05 5.001383e-04 5.523955e-05 8.628226e-04 4.993215e-04 4.415732e-04 3.312748e-04 5.948282e-05 2.811141e-04 5.585071e-04]
At round 23 t_cp: [0.545403 0.311236 0.685209 0.837636 0.4102   0.618229 0.823676 0.60506  0.373101 0.287684]
At round 23 e_cp: [3.745550e-06 1.571298e-05 1.279284e-05 5.225925e-04 2.455991e-05 6.361712e-05 1.601354e-04 5.515126e-06 1.053413e-05 1.519121e-05]
At round 23 average t_co: 0.7078646251506994 average t_cp: 0.8376363544907808 t: 1.279939460914727
At round 23 average e_co: 0.00363320080431044 average e_cp: 0.0008343967247253086 e: 0.0044675975290357495
At round 23 a_n: 19.894335203468554
At round 23 local rounds: 61.19146585670627
At round 23 global rounds: 35.05766400930545
At round 23 tau: 12.444635393757723
At round 23 accuracy: 0.8651162790697674
At round 23 training accuracy: 0.8741092636579573
At round 23 training loss: 0.15281635238438762
At round 23 test loss: 0.41911510412162534
gradient difference: 0.03377196937799454
ground = 24 remain_eps = 0.19379546097664319	remain_tau = 11.164695932842996
update_location
xs = [-205.329524  325.329524 -310.329524 -255.552568 -105.552568   -5.552568  305.552568 -105.329524  405.552568  350.329524]
ys = [-225.329524  280.329524 -325.329524  407.766086  337.766086  287.766086  107.233914 -125.329524   57.233914  310.329524]
dists_uav = [610.418224 171.310073 753.53866  502.776536 342.390454 238.420009 184.004171 471.67637  280.614784 201.887069]
uav_gains = [7.956487e-13 7.240964e-11 4.858246e-13 1.273778e-12 4.292985e-12 2.759388e-11 6.094315e-11 1.499822e-12 1.219161e-11 4.796321e-11]
dists_bs = [342.934518 845.430934 356.109799 943.051633 844.389342 787.785655 679.775991 389.194391 689.189756 882.816353]
bs_gains = [2.272871e-11 1.988539e-12 2.052903e-11 1.480469e-12 1.995169e-12 2.406264e-12 3.583087e-12 1.615085e-11 3.452473e-12 1.769274e-12]
At round 24 optimal eta: 0.4325253616958634
At round 24 optimal freqs: [4.095113e+07 7.962625e+07 5.715418e+07 1.840924e+08 8.428372e+07 1.009582e+08 1.248083e+08 4.500412e+07 6.560303e+07 8.082746e+07]
At round 24 optimal decs: [0 0 0 0 0 0 0 0 0 0]
At round 24 optimal powers: [7.428184e-05 7.721803e-04 1.520214e-04 3.266921e-03 8.020096e-04 9.696871e-04 1.069601e-03 8.813846e-05 3.971298e-04 8.318775e-04]
At round 24 t_co: [0.591017 0.640558 0.360844 0.262565 0.61846  0.452876 0.309696 0.683564 0.706095 0.664218]
At round 24 e_co: [4.390187e-05 4.946262e-04 5.485597e-05 8.577798e-04 4.960107e-04 4.391482e-04 3.312507e-04 6.024832e-05 2.804112e-04 5.525477e-04]
At round 24 t_cp: [0.545403 0.311236 0.685209 0.837636 0.4102   0.618229 0.823676 0.60506  0.373101 0.287684]
At round 24 e_cp: [3.745550e-06 1.571298e-05 1.279284e-05 5.225925e-04 2.455991e-05 6.361712e-05 1.601354e-04 5.515126e-06 1.053413e-05 1.519121e-05]
At round 24 average t_co: 0.7060946396120736 average t_cp: 0.8376363544907808 t: 1.2886246456193002
At round 24 average e_co: 0.0036107806876401693 average e_cp: 0.0008343967247253086 e: 0.004445177412365478
At round 24 a_n: 19.894335203468554
At round 24 local rounds: 61.19146585670627
At round 24 global rounds: 35.05766400930545
At round 24 tau: 11.164695932842996
At round 24 accuracy: 0.8651162790697674
At round 24 training accuracy: 0.8794536817102138
At round 24 training loss: 0.14224398212281725
At round 24 test loss: 0.4556891340899549
gradient difference: 0.030705321580171585
ground = 25 remain_eps = 0.24135126769093404	remain_tau = 9.876071287223695
update_location
xs = [-202.218254  322.218254 -307.218254 -251.617258 -101.617258   -1.617258  301.617258 -102.218254  401.617258  347.218254]
ys = [-222.218254  277.218254 -322.218254  405.798007  335.798007  285.798007  109.201993 -122.218254   59.201993  307.218254]
dists_uav = [606.082922 167.96199  749.180214 498.476727 338.204301 234.475791 180.560974 467.385501 276.596308 198.192427]
uav_gains = [8.092053e-13 7.586796e-11 4.924190e-13 1.301611e-12 4.536376e-12 2.951088e-11 6.382664e-11 1.536193e-12 1.322094e-11 5.041797e-11]
dists_bs = [343.591212 841.363666 354.949862 940.096417 841.952716 785.799671 679.779405 391.366349 688.47897  878.72739 ]
bs_gains = [2.261161e-11 2.014600e-12 2.071067e-11 1.493068e-12 2.010797e-12 2.422719e-12 3.583038e-12 1.590998e-11 3.462105e-12 1.791591e-12]
At round 25 optimal eta: 0.4325253616958634
At round 25 optimal freqs: [4.095113e+07 7.962625e+07 5.715418e+07 1.840924e+08 8.428372e+07 1.009582e+08 1.248083e+08 4.500412e+07 6.560303e+07 8.082746e+07]
At round 25 optimal decs: [0 0 0 0 0 0 0 0 0 0]
At round 25 optimal powers: [7.428184e-05 7.721803e-04 1.520214e-04 3.266921e-03 8.020096e-04 9.696871e-04 1.069601e-03 8.813846e-05 3.971298e-04 8.318775e-04]
At round 25 t_co: [0.593597 0.633482 0.358438 0.261035 0.614378 0.45041  0.309699 0.692485 0.704393 0.657114]
At round 25 e_co: [4.409350e-05 4.891625e-04 5.449031e-05 8.527799e-04 4.927370e-04 4.367566e-04 3.312540e-04 6.103459e-05 2.797355e-04 5.466383e-04]
At round 25 t_cp: [0.545403 0.311236 0.685209 0.837636 0.4102   0.618229 0.823676 0.60506  0.373101 0.287684]
At round 25 e_cp: [3.745550e-06 1.571298e-05 1.279284e-05 5.225925e-04 2.455991e-05 6.361712e-05 1.601354e-04 5.515126e-06 1.053413e-05 1.519121e-05]
At round 25 average t_co: 0.7043931714475715 average t_cp: 0.8376363544907808 t: 1.2975455409283854
At round 25 average e_co: 0.0035886821559600744 average e_cp: 0.0008343967247253086 e: 0.004423078880685383
At round 25 a_n: 19.894335203468554
At round 25 local rounds: 61.19146585670627
At round 25 global rounds: 35.05766400930545
At round 25 tau: 9.876071287223695
At round 25 accuracy: 0.8651162790697674
At round 25 training accuracy: 0.8788598574821853
At round 25 training loss: 0.14127831899384752
At round 25 test loss: 0.417153022256355
gradient difference: 0.028953874483704567
ground = 26 remain_eps = 0.3005768768910507	remain_tau = 8.578525746295309
update_location
xs = [-199.106984  319.106984 -304.106984 -247.681949  -97.681949    2.318051  297.681949  -99.106984  397.681949  344.106984]
ys = [-219.106984  274.106984 -319.106984  403.829927  333.829927  283.829927  111.170073 -119.106984   61.170073  304.106984]
dists_uav = [601.748559 164.663413 744.822255 494.178681 334.023644 230.54807  177.160143 463.09668  272.589616 194.527139]
uav_gains = [8.231062e-13 7.948833e-11 4.991433e-13 1.330423e-12 4.803928e-12 3.148623e-11 6.683054e-11 1.574053e-12 1.433774e-11 5.295685e-11]
dists_bs = [344.302886 837.299761 353.840841 937.152541 839.532078 783.833355 679.811298 393.575512 687.795597 874.641446]
bs_gains = [2.248564e-11 2.041110e-12 2.088640e-11 1.505765e-12 2.026490e-12 2.439164e-12 3.582584e-12 1.567001e-11 3.471400e-12 1.814278e-12]
At round 26 optimal eta: 0.4325253616958634
At round 26 optimal freqs: [4.095113e+07 7.962625e+07 5.715418e+07 1.840924e+08 8.428372e+07 1.009582e+08 1.248083e+08 4.500412e+07 6.560303e+07 8.082746e+07]
At round 26 optimal decs: [0 0 0 0 0 0 0 0 0 0]
At round 26 optimal powers: [7.428184e-05 7.721803e-04 1.520214e-04 3.266921e-03 8.020096e-04 9.696871e-04 1.069601e-03 8.813846e-05 3.971298e-04 8.318775e-04]
At round 26 t_co: [0.596402 0.626469 0.35615  0.259517 0.610342 0.447978 0.309727 0.701644 0.70276  0.65007 ]
At round 26 e_co: [4.430186e-05 4.837468e-04 5.414246e-05 8.478226e-04 4.895002e-04 4.343984e-04 3.312846e-04 6.184182e-05 2.790869e-04 5.407787e-04]
At round 26 t_cp: [0.545403 0.311236 0.685209 0.837636 0.4102   0.618229 0.823676 0.60506  0.373101 0.287684]
At round 26 e_cp: [3.745550e-06 1.571298e-05 1.279284e-05 5.225925e-04 2.455991e-05 6.361712e-05 1.601354e-04 5.515126e-06 1.053413e-05 1.519121e-05]
At round 26 average t_co: 0.7027600832732287 average t_cp: 0.8376363544907808 t: 1.3067042043084736
At round 26 average e_co: 0.003566904450658029 average e_cp: 0.0008343967247253086 e: 0.004401301175383337
At round 26 a_n: 19.894335203468554
At round 26 local rounds: 61.19146585670627
At round 26 global rounds: 35.05766400930545
At round 26 tau: 8.578525746295309
At round 26 accuracy: 0.8674418604651163
At round 26 training accuracy: 0.8812351543942993
At round 26 training loss: 0.13189545476275275
At round 26 test loss: 0.4045656078731074
gradient difference: 0.024613266810774803
ground = 27 remain_eps = 0.37433596179520534	remain_tau = 7.271821541986835
update_location
xs = [-195.995714  315.995714 -300.995714 -243.746639  -93.746639    6.253361  293.746639  -95.995714  393.746639  340.995714]
ys = [-215.995714  270.995714 -315.995714  401.861847  331.861847  281.861847  113.138153 -115.995714   63.138153  300.995714]
dists_uav = [597.415156 161.417374 740.464794 489.882446 329.848694 226.637703 173.804162 458.809964 268.595233 190.892895]
uav_gains = [8.373636e-13 8.327839e-11 5.060010e-13 1.360270e-12 5.098579e-12 3.351652e-11 6.996304e-11 1.613498e-12 1.554376e-11 5.558894e-11]
dists_bs = [345.069202 833.239271 352.783216 934.220111 837.127568 781.886854 679.871666 395.821258 687.13972  870.558563]
bs_gains = [2.235107e-11 2.068077e-12 2.105589e-11 1.518561e-12 2.042244e-12 2.455594e-12 3.581726e-12 1.543112e-11 3.480354e-12 1.837344e-12]
At round 27 optimal eta: 0.4325253616958634
At round 27 optimal freqs: [4.095113e+07 7.962625e+07 5.715418e+07 1.840924e+08 8.428372e+07 1.009582e+08 1.248083e+08 4.500412e+07 6.560303e+07 8.082746e+07]
At round 27 optimal decs: [0 0 0 0 0 0 0 0 0 0]
At round 27 optimal powers: [7.428184e-05 7.721803e-04 1.520214e-04 3.266921e-03 8.020096e-04 9.696871e-04 1.069601e-03 8.813846e-05 3.971298e-04 8.318775e-04]
At round 27 t_co: [0.599433 0.619517 0.353979 0.258013 0.606352 0.44558  0.309781 0.711043 0.701195 0.643086]
At round 27 e_co: [4.452701e-05 4.783791e-04 5.381234e-05 8.429078e-04 4.863004e-04 4.320733e-04 3.313424e-04 6.267019e-05 2.784655e-04 5.349688e-04]
At round 27 t_cp: [0.545403 0.311236 0.685209 0.837636 0.4102   0.618229 0.823676 0.60506  0.373101 0.287684]
At round 27 e_cp: [3.745550e-06 1.571298e-05 1.279284e-05 5.225925e-04 2.455991e-05 6.361712e-05 1.601354e-04 5.515126e-06 1.053413e-05 1.519121e-05]
At round 27 average t_co: 0.711042519782275 average t_cp: 0.8376363544907808 t: 1.316102719261884
At round 27 average e_co: 0.0035454468302486704 average e_cp: 0.0008343967247253086 e: 0.0043798435549739795
At round 27 a_n: 19.894335203468554
At round 27 local rounds: 61.19146585670627
At round 27 global rounds: 35.05766400930545
At round 27 tau: 7.271821541986835
At round 27 accuracy: 0.872093023255814
At round 27 training accuracy: 0.8788598574821853
At round 27 training loss: 0.13893010125599464
At round 27 test loss: 0.44744982040927617
gradient difference: 0.029822036623954773
ground = 28 remain_eps = 0.46619491739523605	remain_tau = 5.955718822724951
update_location
xs = [-192.884445  312.884445 -297.884445 -239.811329  -89.811329   10.188671  289.811329  -92.884445  389.811329  337.884445]
ys = [-212.884445  267.884445 -312.884445  399.893767  329.893767  279.893767  115.106233 -112.884445   65.106233  297.884445]
dists_uav = [593.082734 158.227108 736.10784  485.588069 325.679669 222.745604 170.495681 454.525413 264.613718 187.291502]
uav_gains = [8.519902e-13 8.724479e-11 5.129957e-13 1.391207e-12 5.423604e-12 3.559979e-11 7.323190e-11 1.654635e-12 1.683948e-11 5.832384e-11]
dists_bs = [345.889796 829.182245 351.777449 931.299236 834.739325 779.960318 679.960502 398.102968 686.511418 866.478785]
bs_gains = [2.220819e-11 2.095512e-12 2.121883e-11 1.531454e-12 2.058058e-12 2.472005e-12 3.580462e-12 1.519349e-11 3.488961e-12 1.860795e-12]
At round 28 optimal eta: 0.4325253616958634
At round 28 optimal freqs: [4.095113e+07 7.962625e+07 5.715418e+07 1.840924e+08 8.428372e+07 1.009582e+08 1.248083e+08 4.500412e+07 6.560303e+07 8.082746e+07]
At round 28 optimal decs: [0 0 0 0 0 0 0 0 0 0]
At round 28 optimal powers: [7.428184e-05 7.721803e-04 1.520214e-04 3.266921e-03 8.020096e-04 9.696871e-04 1.069601e-03 8.813846e-05 3.971298e-04 8.318775e-04]
At round 28 t_co: [0.602691 0.612628 0.351923 0.256521 0.602408 0.443217 0.309861 0.720683 0.699699 0.636161]
At round 28 e_co: [4.476903e-05 4.730590e-04 5.349986e-05 8.380353e-04 4.831371e-04 4.297814e-04 3.314275e-04 6.351989e-05 2.778711e-04 5.292083e-04]
At round 28 t_cp: [0.545403 0.311236 0.685209 0.837636 0.4102   0.618229 0.823676 0.60506  0.373101 0.287684]
At round 28 e_cp: [3.745550e-06 1.571298e-05 1.279284e-05 5.225925e-04 2.455991e-05 6.361712e-05 1.601354e-04 5.515126e-06 1.053413e-05 1.519121e-05]
At round 28 average t_co: 0.720682994849226 average t_cp: 0.8376363544907808 t: 1.325743194328835
At round 28 average e_co: 0.0035243085703336153 average e_cp: 0.0008343967247253086 e: 0.0043587052950589235
At round 28 a_n: 19.894335203468554
At round 28 local rounds: 61.19146585670627
At round 28 global rounds: 35.05766400930545
At round 28 tau: 5.955718822724951
At round 28 accuracy: 0.872093023255814
At round 28 training accuracy: 0.8836104513064132
At round 28 training loss: 0.12678614785689757
At round 28 test loss: 0.4006985239010005
gradient difference: 0.036381665617227554
ground = 29 remain_eps = 0.5805953025802362	remain_tau = 4.629975628396116
update_location
xs = [-189.773175  309.773175 -294.773175 -235.87602   -85.87602    14.12398   285.87602   -89.773175  385.87602   334.773175]
ys = [-209.773175  264.773175 -309.773175  397.925688  327.925688  277.925688  117.074312 -109.773175   67.074312  294.773175]
dists_uav = [588.751314 155.096058 731.7514   481.2956   321.5168   218.872748 167.23752  450.243089 260.645661 183.724893]
uav_gains = [8.669996e-13 9.139295e-11 5.201308e-13 1.423299e-12 5.782630e-12 3.773574e-11 7.664425e-11 1.697580e-12 1.822406e-11 6.117150e-11]
dists_bs = [346.764283 825.128735 350.823987 928.390024 832.367488 778.053894 680.077794 400.420027 685.910765 862.402155]
bs_gains = [2.205730e-11 2.123423e-12 2.137490e-11 1.544446e-12 2.073931e-12 2.488393e-12 3.578795e-12 1.495727e-11 3.497216e-12 1.884640e-12]
At round 29 optimal eta: 0.4325253616958634
At round 29 optimal freqs: [4.095113e+07 7.962625e+07 5.715418e+07 1.840924e+08 8.428372e+07 1.009582e+08 1.248083e+08 4.500412e+07 6.560303e+07 8.082746e+07]
At round 29 optimal decs: [0 0 0 0 0 0 0 0 0 0]
At round 29 optimal powers: [7.428184e-05 7.721803e-04 1.520214e-04 3.266921e-03 8.020096e-04 9.696871e-04 1.069601e-03 8.813846e-05 3.971298e-04 8.318775e-04]
At round 29 t_co: [0.606178 0.6058   0.349983 0.255043 0.59851  0.440887 0.309966 0.730568 0.69827  0.629296]
At round 29 e_co: [4.502799e-05 4.677865e-04 5.320493e-05 8.332050e-04 4.800104e-04 4.275224e-04 3.315400e-04 6.439110e-05 2.773037e-04 5.234969e-04]
At round 29 t_cp: [0.545403 0.311236 0.685209 0.837636 0.4102   0.618229 0.823676 0.60506  0.373101 0.287684]
At round 29 e_cp: [3.745550e-06 1.571298e-05 1.279284e-05 5.225925e-04 2.455991e-05 6.361712e-05 1.601354e-04 5.515126e-06 1.053413e-05 1.519121e-05]
At round 29 average t_co: 0.7305675626242336 average t_cp: 0.8376363544907808 t: 1.3356277621038426
At round 29 average e_co: 0.003503488963556473 average e_cp: 0.0008343967247253086 e: 0.004337885688281781
At round 29 a_n: 19.894335203468554
At round 29 local rounds: 61.19146585670627
At round 29 global rounds: 35.05766400930545
At round 29 tau: 4.629975628396116
At round 29 accuracy: 0.872093023255814
At round 29 training accuracy: 0.8842042755344418
At round 29 training loss: 0.12919309149604655
At round 29 test loss: 0.40028003303712023
gradient difference: 0.032989297062158585
ground = 30 remain_eps = 0.7230685981341431	remain_tau = 3.2943478662922736
update_location
xs = [-186.661905  306.661905 -291.661905 -231.94071   -81.94071    18.05929   281.94071   -86.661905  381.94071   331.661905]
ys = [-206.661905  261.661905 -306.661905  395.957608  325.957608  275.957608  119.042392 -106.661905   69.042392  291.661905]
dists_uav = [584.420918 152.02788  727.395484 477.005091 317.360329 215.020175 164.032675 445.963057 256.691685 180.195133]
uav_gains = [8.824059e-13 9.572675e-11 5.274103e-13 1.456612e-12 6.179652e-12 3.992581e-11 8.020645e-11 1.742461e-12 1.969527e-11 6.414206e-11]
dists_bs = [347.692256 821.078791 349.923257 925.492587 830.012199 776.167731 680.223527 402.771825 685.337836 858.32872 ]
bs_gains = [2.189871e-11 2.151820e-12 2.152378e-11 1.557536e-12 2.089859e-12 2.504753e-12 3.576725e-12 1.472263e-11 3.505116e-12 1.908887e-12]
At round 30 optimal eta: 0.4325253616958634
At round 30 optimal freqs: [4.095113e+07 7.962625e+07 5.715418e+07 1.840924e+08 8.428372e+07 1.009582e+08 1.248083e+08 4.500412e+07 6.560303e+07 8.082746e+07]
At round 30 optimal decs: [0 0 0 0 0 0 0 0 0 0]
At round 30 optimal powers: [7.428184e-05 7.721803e-04 1.520214e-04 3.266921e-03 8.020096e-04 9.696871e-04 1.069601e-03 8.813846e-05 3.971298e-04 8.318775e-04]
At round 30 t_co: [0.609893 0.599033 0.348158 0.253577 0.594656 0.438591 0.310097 0.740698 0.696909 0.622489]
At round 30 e_co: [4.530398e-05 4.625612e-04 5.292747e-05 8.284168e-04 4.769201e-04 4.252962e-04 3.316797e-04 6.528402e-05 2.767633e-04 5.178346e-04]
At round 30 t_cp: [0.545403 0.311236 0.685209 0.837636 0.4102   0.618229 0.823676 0.60506  0.373101 0.287684]
At round 30 e_cp: [3.745550e-06 1.571298e-05 1.279284e-05 5.225925e-04 2.455991e-05 6.361712e-05 1.601354e-04 5.515126e-06 1.053413e-05 1.519121e-05]
At round 30 average t_co: 0.7406983787878363 average t_cp: 0.8376363544907808 t: 1.3457585782674453
At round 30 average e_co: 0.0034829873195528277 average e_cp: 0.0008343967247253086 e: 0.004317384044278136
At round 30 a_n: 19.894335203468554
At round 30 local rounds: 61.19146585670627
At round 30 global rounds: 35.05766400930545
At round 30 tau: 3.2943478662922736
At round 30 accuracy: 0.872093023255814
At round 30 training accuracy: 0.8818289786223278
At round 30 training loss: 0.13131368679539407
At round 30 test loss: 0.41146205661569313
gradient difference: 0.03319656476378441
ground = 31 remain_eps = 0.9005036645735212	remain_tau = 1.9485892880248283
update_location
xs = [-183.550635  303.550635 -288.550635 -228.0054    -78.0054     21.9946    278.0054    -83.550635  378.0054    328.550635]
ys = [-203.550635  258.550635 -303.550635  393.989528  323.989528  273.989528  121.010472 -103.550635   71.010472  288.550635]
dists_uav = [580.09157  149.026459 723.040103 472.716594 313.210512 211.188995 160.884335 441.685381 252.752452 176.704429]
uav_gains = [8.982239e-13 1.002482e-10 5.348380e-13 1.491220e-12 6.619031e-12 4.217313e-11 8.392384e-11 1.789420e-12 2.124965e-11 6.724573e-11]
dists_bs = [348.673288 817.032468 349.075668 922.607034 827.673598 774.301977 680.397684 405.157756 684.7927   854.258523]
bs_gains = [2.173275e-11 2.180715e-12 2.166517e-11 1.570724e-12 2.105841e-12 2.521083e-12 3.574254e-12 1.448971e-11 3.512654e-12 1.933543e-12]
At round 31 optimal eta: 0.4325253616958634
At round 31 optimal freqs: [4.095113e+07 7.962625e+07 5.715418e+07 1.840924e+08 8.428372e+07 1.009582e+08 1.248083e+08 4.500412e+07 6.560303e+07 8.082746e+07]
At round 31 optimal decs: [0 0 0 0 0 0 0 0 0 0]
At round 31 optimal powers: [7.428184e-05 7.721803e-04 1.520214e-04 3.266921e-03 8.020096e-04 9.696871e-04 1.069601e-03 8.813846e-05 3.971298e-04 8.318775e-04]
At round 31 t_co: [0.613839 0.592327 0.346447 0.252124 0.590848 0.436329 0.310253 0.751078 0.695616 0.615741]
At round 31 e_co: [4.559708e-05 4.573830e-04 5.266741e-05 8.236704e-04 4.738659e-04 4.231027e-04 3.318468e-04 6.619883e-05 2.762498e-04 5.122212e-04]
At round 31 t_cp: [0.545403 0.311236 0.685209 0.837636 0.4102   0.618229 0.823676 0.60506  0.373101 0.287684]
At round 31 e_cp: [3.745550e-06 1.571298e-05 1.279284e-05 5.225925e-04 2.455991e-05 6.361712e-05 1.601354e-04 5.515126e-06 1.053413e-05 1.519121e-05]
At round 31 average t_co: 0.7510776211545718 average t_cp: 0.8376363544907808 t: 1.3561378206341808
At round 31 average e_co: 0.0034628029648953867 average e_cp: 0.0008343967247253086 e: 0.004297199689620695
At round 31 a_n: 19.894335203468554
At round 31 local rounds: 61.19146585670627
At round 31 global rounds: 35.05766400930545
At round 31 tau: 1.9485892880248283
At round 31 accuracy: 0.8744186046511628
At round 31 training accuracy: 0.8883610451306413
At round 31 training loss: 0.11413872237969853
At round 31 test loss: 0.41678089851065886
gradient difference: 0.024175357073545456
ground = 32 remain_eps = 1.1214798319313846	remain_tau = 0.5924514673906476
update_location
xs = [-180.439365  300.439365 -285.439365 -224.070091  -74.070091   25.929909  274.070091  -80.439365  374.070091  325.439365]
ys = [-200.439365  255.439365 -300.439365  392.021449  322.021449  272.021449  122.978551 -100.439365   72.978551  285.439365]
dists_uav = [575.763294 146.095909 718.685265 468.430166 309.067615 207.380393 157.79588  437.410133 248.828662 173.255144]
uav_gains = [9.144693e-13 1.049571e-10 5.424179e-13 1.527203e-12 7.105485e-12 4.448250e-11 8.780055e-11 1.838611e-12 2.288271e-11 7.049259e-11]
dists_bs = [349.706932 812.98982  348.281608 919.733478 825.351828 772.45678  680.600243 407.577223 684.275422 850.191612]
bs_gains = [2.155974e-11 2.210117e-12 2.179880e-11 1.584009e-12 2.121873e-12 2.537376e-12 3.571383e-12 1.425865e-11 3.519829e-12 1.958618e-12]
Model saved in /home/hgiang/2022_coding/fedcom-torch/models/mnist/s1
