Arguments:
	      dataset : mnist
	learning_rate : 0.01
	        model : mclr
	 model_params : (784, 10)
	        optim : 1
	      sce_idx : 1
	          tau : 15.0
['f_00000', 'f_00001', 'f_00002', 'f_00003', 'f_00004', 'f_00005', 'f_00006', 'f_00007', 'f_00008', 'f_00009']
10
dict_keys(['x', 'y'])
id = f_00000, model = <class 'flearn.models.mnist.mclr.Model'>, device = cpu, num_samples = 73
id = f_00001, model = <class 'flearn.models.mnist.mclr.Model'>, device = cpu, num_samples = 81
id = f_00002, model = <class 'flearn.models.mnist.mclr.Model'>, device = cpu, num_samples = 128
id = f_00003, model = <class 'flearn.models.mnist.mclr.Model'>, device = cpu, num_samples = 504
id = f_00004, model = <class 'flearn.models.mnist.mclr.Model'>, device = cpu, num_samples = 113
id = f_00005, model = <class 'flearn.models.mnist.mclr.Model'>, device = cpu, num_samples = 204
id = f_00006, model = <class 'flearn.models.mnist.mclr.Model'>, device = cpu, num_samples = 336
id = f_00007, model = <class 'flearn.models.mnist.mclr.Model'>, device = cpu, num_samples = 89
id = f_00008, model = <class 'flearn.models.mnist.mclr.Model'>, device = cpu, num_samples = 80
id = f_00009, model = <class 'flearn.models.mnist.mclr.Model'>, device = cpu, num_samples = 76
BaseFederated generated!
num_samples = [ 73  81 128 504 113 204 336  89  80  76]
msize = 300240
xs = [-280.  400. -385. -350. -200. -100.  400. -180.  500.  425.]
ys = [-300.  355. -400.  455.  385.  335.   60. -200.   10.  385.]
dists_uav = [714.702735 261.199158 858.268606 606.403331 444.100214 336.489227 274.954542 575.152154 379.605058 296.395007]
uav_gains = [5.494875e-13 1.802536e-11 3.593089e-13 8.081917e-13 1.762643e-12 4.643011e-12 1.366745e-11 9.167988e-13 2.857829e-12 8.947599e-12]
dists_bs = [ 344.093011  943.941206  397.775062 1017.116021  907.317475  840.966706  688.186021  349.857114  714.212853  981.758626]
bs_gains = [3.619341e-11 2.495838e-12 2.464796e-11 2.047806e-12 2.771778e-12 3.389665e-12 5.766337e-12 3.463460e-11 5.226094e-12 2.249096e-12]
v = 9.009009009009008 a_0 = 21.586735246819178
SystemModel __init__!
solve_bound_eta tau = 15.0
af = [0.102407 0.11363  0.179564 0.707032 0.158521 0.28618  0.471355 0.124853 0.112227 0.106616]
bf = [0.659792 1.082669 0.699189 1.135888 1.056372 1.009231 0.902488 0.66408  0.920548 1.110054]
tmp = [-2.244323e-59 -8.482981e-52 -2.156711e-33 -6.465767e-08 -5.958625e-37 -3.073498e-20 -3.263215e-12 -1.632721e-48 -4.381994e-53 -3.700805e-55]
w0 = [-2.244323e-59+0.j -8.482981e-52+0.j -2.156711e-33+0.j -6.465768e-08+0.j -5.958625e-37+0.j -3.073498e-20+0.j -3.263215e-12+0.j -1.632721e-48+0.j -4.381994e-53+0.j -3.700805e-55+0.j]
w_1 = [-139.985657+0.j -122.403687+0.j  -79.593658+0.j  -19.525901+0.j  -87.886859+0.j  -48.816963+0.j  -29.844302+0.j -114.776826+0.j -125.390942+0.j -130.202722+0.j]
xs_min = [-140.030963 -122.47922   -79.641999  -19.608889  -87.960727  -48.888071  -29.908503 -114.822506 -125.454785 -130.280202]
xs_max = [-0.045306 -0.075532 -0.048341 -0.082988 -0.073868 -0.071108 -0.064201 -0.04568  -0.063843 -0.07748 ]
solve_bound_eta x_min = -19.60888858535652	x_max = -0.08298772649419917
solve_bound_eta eta_min = 3.0476696566598734e-09	eta_max = 0.9203624432245896
af = 1.8899077404697016	bf = 0.9240311585228363	zeta = 1.9088068178743987	eta = 0.9900990099009901
af = 1.8899077404697016	bf = 0.9240311585228363	zeta = 95.22647294806971	eta = 0.01984645321790227
af = 1.8899077404697016	bf = 0.9240311585228363	zeta = 8.500667258804274	eta = 0.22232463439999897
af = 1.8899077404697016	bf = 0.9240311585228363	zeta = 4.842287755419808	eta = 0.3902923237790633
af = 1.8899077404697016	bf = 0.9240311585228363	zeta = 4.431908085888008	eta = 0.42643207030567887
af = 1.8899077404697016	bf = 0.9240311585228363	zeta = 4.419360893363264	eta = 0.4276427714486621
af = 1.8899077404697016	bf = 0.9240311585228363	zeta = 4.419347635433099	eta = 0.4276440543660669
eta = 0.4276440543660669
opt_as = [0.208111 0.208111 0.208111 0.208111 0.208111 0.208111 0.208111 0.208111 0.208111 0.208111]
opt_bs = [9048.353179  623.959564 6161.990667  511.951403  692.944528  847.416125 1441.584338 8658.649719 1306.523561  562.274031]
opt_cs = [ 8059710.427002  8942966.364207 14132094.99529  55645124.043956 12475990.11303  22523026.398744 37096749.362638  9826222.301413  8832559.372057  8390931.403454]
opt_tau = [0.397714 0.397714 0.397714 0.397714 0.397714 0.397714 0.397714 0.397714 0.397714 0.397714]
iter = 15 converged! (z, t) = (1.312463037812582, 15.456671283410042)
iter = 10 converged! (z, t) = (1.5915193306913245, 7.436206814781542)
iter = 13 converged! (z, t) = (1.1111580148050868, 11.779568823048779)
iter = 9 converged! (z, t) = (0.8433474472028747, 3.993237199113966)
iter = 13 converged! (z, t) = (1.4767961001559855, 7.244062920881337)
iter = 12 converged! (z, t) = (1.2048882721228145, 6.525043810894654)
iter = 11 converged! (z, t) = (0.8727192619499705, 5.825081702918141)
iter = 14 converged! (z, t) = (1.2304008307184584, 14.415947257534338)
iter = 17 converged! (z, t) = (1.5217529007084587, 9.172978215955363)
iter = 12 converged! (z, t) = (1.617671289613738, 7.276814335678048)
opt_freqs = [6.469698e+07 1.344772e+08 8.489275e+07 2.504234e+08 1.380441e+08 1.532557e+08 1.716714e+08 6.936762e+07 1.090158e+08 1.374228e+08]
opt_powers = [0.000126 0.001401 0.000237 0.00444  0.001397 0.001526 0.001488 0.000145 0.000711 0.001522]
optimize_network iter = 0 obj = 0.1427697770738786
solve_bound_eta tau = 15.0
af = [3.165755 1.689954 4.230365 5.646693 2.296673 3.734669 5.491359 3.599745 2.058917 1.551649]
bf = [5.896144 7.149784 4.991796 3.788676 6.634398 5.412872 3.920627 5.527485 6.836363 7.267269]
tmp = [-0.267116 -0.085275 -0.332858 -0.36477  -0.171033 -0.308303 -0.363227 -0.299916 -0.138187 -0.066217]
w0 = [-0.397493+0.j -0.093646+0.j -0.616753+0.j -0.875311+0.j -0.211267+0.j -0.517044+0.j -0.848827+0.j -0.489133+0.j -0.162584+0.j -0.071096+0.j]
w_1 = [-2.026265+0.j -3.79576 +0.j -1.516337+0.j -1.136003+0.j -2.793023+0.j -1.717598+0.j -1.168137+0.j -1.781977+0.j -3.115551+0.j -4.134093+0.j]
xs_min = [-2.478237 -4.551577 -1.749048 -1.110156 -3.43122  -2.050018 -1.168774 -2.142307 -3.802431 -4.912462]
xs_max = [-0.849464 -0.849464 -0.849464 -0.849464 -0.849464 -0.849464 -0.849464 -0.849464 -0.849464 -0.849464]
solve_bound_eta x_min = -1.1101563969345432	x_max = -0.8494640780893696
solve_bound_eta eta_min = 0.3295074230942219	eta_max = 0.4276440543660665
af = 0.015139724529712387	bf = 0.06885447862490648	zeta = 0.015291121775009511	eta = 0.9900990099009901
af = 0.015139724529712387	bf = 0.06885447862490648	zeta = 6.969517513193292	eta = 0.002172277277595314
af = 0.015139724529712387	bf = 0.06885447862490648	zeta = 0.16204295714748918	eta = 0.09343031499932716
af = 0.015139724529712387	bf = 0.06885447862490648	zeta = 0.11553860015729626	eta = 0.13103607373726964
af = 0.015139724529712387	bf = 0.06885447862490648	zeta = 0.11464535485569557	eta = 0.13205702532622277
af = 0.015139724529712387	bf = 0.06885447862490648	zeta = 0.11464483085760764	eta = 0.1320576289088549
eta = 0.1320576289088549
opt_as = [0.208111 0.208111 0.208111 0.208111 0.208111 0.208111 0.208111 0.208111 0.208111 0.208111]
opt_bs = [9048.353179  623.959564 6161.990667  511.951403  692.944528  847.416125 1441.584338 8658.649719 1306.523561  562.274031]
opt_cs = [10533157.691731 11687476.342879 18469098.418377 72722075.022359 16304750.947473 29435125.604288 48481383.348239 12841794.994028 11543186.511486 10966027.185911]
opt_tau = [0.465906 0.465906 0.465906 0.465906 0.465906 0.465906 0.465906 0.465906 0.465906 0.465906]
iter = 16 converged! (z, t) = (1.408577422686499, 16.40212764819944)
iter = 15 converged! (z, t) = (1.781385047552233, 8.143846409008045)
iter = 14 converged! (z, t) = (1.1562835734342585, 12.19719519625503)
iter = 9 converged! (z, t) = (0.8433474525770641, 3.9932371837345166)
iter = 11 converged! (z, t) = (1.6250220451418187, 7.833409829687612)
iter = 9 converged! (z, t) = (1.2719513954600086, 6.835354190053388)
iter = 9 converged! (z, t) = (0.8763745839041821, 5.848083972636464)
iter = 18 converged! (z, t) = (1.3041337190207893, 15.146015761181859)
iter = 12 converged! (z, t) = (1.6858211643261978, 9.968552492673254)
iter = 7 converged! (z, t) = (1.81756312055011, 7.993047395862241)
opt_freqs = [6.096770e+07 1.227921e+08 8.198606e+07 2.504234e+08 1.276583e+08 1.462982e+08 1.709962e+08 6.602396e+07 1.003155e+08 1.251087e+08]
opt_powers = [0.000114 0.001207 0.000223 0.00444  0.001227 0.00141  0.001478 0.000133 0.00062  0.001305]
optimize_network iter = 1 obj = 0.12473946714924233
solve_bound_eta tau = 15.0
af = [3.359399 1.850773 4.380347 5.646693 2.483521 3.912278 5.513043 3.782047 2.237487 1.704372]
bf = [6.32793  8.002741 5.194519 3.788676 7.300292 5.714148 3.937048 5.858725 7.573428 8.165269]
tmp = [-0.337852 -0.184838 -0.365096 -0.36477  -0.272002 -0.357155 -0.365769 -0.353726 -0.242571 -0.159572]
w0 = [-0.642036+0.j -0.233438+0.j -0.881764+0.j -0.875311+0.j -0.409758+0.j -0.776062+0.j -0.89653 +0.j -0.745404+0.j -0.341213+0.j -0.193672+0.j]
w_1 = [-1.471279+0.j -2.670566+0.j -1.128361+0.j -1.136003+0.j -1.990163+0.j -1.263359+0.j -1.11114 +0.j -1.306861+0.j -2.209001+0.j -2.89996 +0.j]
xs_min = [-1.939399 -3.547284 -1.356753 -1.110156 -2.690561 -1.597454 -1.110156 -1.671614 -2.977944 -3.816444]
xs_max = [-1.110156 -1.110156 -1.110156 -0.849464 -1.110156 -1.110156 -0.895547 -1.110156 -1.110156 -1.110156]
solve_bound_eta x_min = -1.110156396934547	x_max = -1.1101563969345454
solve_bound_eta eta_min = 0.3295074230942206	eta_max = 0.3295074230942211
Done!
af = 0.014694681000265403	bf = 0.067323492657392	zeta = 0.014841627810268057	eta = 0.9900990099009901
af = 0.014694681000265403	bf = 0.067323492657392	zeta = 6.8144406691077615	eta = 0.0021564031024411913
af = 0.014694681000265403	bf = 0.067323492657392	zeta = 0.15787919987842547	eta = 0.09307547169976166
af = 0.014694681000265403	bf = 0.067323492657392	zeta = 0.11270367690084182	eta = 0.13038333268571156
af = 0.014694681000265403	bf = 0.067323492657392	zeta = 0.11184309583876419	eta = 0.1313865723231555
af = 0.014694681000265403	bf = 0.067323492657392	zeta = 0.11184260012739439	eta = 0.1313871546577728
eta = 0.1313871546577728
At round 0 optimal eta: 0.3295074230942206
At round 0 optimal freqs: [6.096770e+07 1.227921e+08 8.198606e+07 2.504234e+08 1.276583e+08 1.462982e+08 1.709962e+08 6.602396e+07 1.003155e+08 1.251087e+08]
At round 0 optimal decs: [0 0 0 0 0 0 0 0 0 0]
At round 0 optimal powers: [0.000114 0.001207 0.000223 0.00444  0.001227 0.00141  0.001478 0.000133 0.00062  0.001305]
At round 0 t_co: [0.29314  0.370725 0.240635 0.175509 0.338184 0.264706 0.182383 0.271404 0.350837 0.378254]
At round 0 e_co: [3.349404e-05 4.474279e-04 5.368114e-05 7.792893e-04 4.150055e-04 3.732887e-04 2.694905e-04 3.613589e-05 2.174370e-04 4.934936e-04]
At round 0 t_cp: [0.172766 0.095181 0.225271 0.290396 0.127722 0.2012   0.283523 0.194502 0.115069 0.087652]
At round 0 e_cp: [3.915238e-06 1.762226e-05 1.241440e-05 4.560538e-04 2.657128e-05 6.300048e-05 1.417581e-04 5.597949e-06 1.161613e-05 1.716424e-05]
At round 0 average t_co: 0.37825398705031316 average t_cp: 0.2903964940576168 t: 0.4659059620916347
At round 0 average e_co: 0.0031187436121130068 average e_cp: 0.0007557138180846953 e: 0.0038744574301977025
At round 0 a_n: 21.586735246819178
At round 0 local rounds: 14.42898313935703
At round 0 global rounds: 32.1953381593554
At round 0 tau: 15.0
At round 0 accuracy: 0.13488372093023257
At round 0 training accuracy: 0.14014251781472684
At round 0 training loss: 2.429518602938286
At round 0 test loss: 2.3380216376263965
gradient difference: 30.103124618530273
ground = 1 remain_eps = 0.0012731678749867204	remain_tau = 14.534094037908366
update_location
xs = [-276.88873  396.88873 -381.88873 -346.06469 -196.06469  -96.06469  396.06469 -176.88873  496.06469  421.88873]
ys = [-296.88873  351.88873 -396.88873  453.03192  383.03192  333.03192   61.96808 -196.88873   11.96808  381.88873]
dists_uav = [710.349787 257.215492 853.90058  602.071858 439.8257   332.310872 270.952857 570.825129 375.408552 292.30561 ]
uav_gains = [5.573691e-13 1.949518e-11 3.635755e-13 8.220571e-13 1.810530e-12 4.921303e-12 1.482062e-11 9.335520e-13 2.973071e-12 9.675801e-12]
dists_bs = [ 343.397083  939.80587   395.564073 1013.918444  904.536752  838.552685  687.513899  350.950231  712.875509  977.608221]
bs_gains = [3.638811e-11 2.525047e-12 2.501474e-11 2.064964e-12 2.794416e-12 3.415585e-12 5.781288e-12 3.434946e-11 5.252115e-12 2.274488e-12]
At round 1 optimal eta: 0.3295074230942206
At round 1 optimal freqs: [6.096770e+07 1.227921e+08 8.198606e+07 2.504234e+08 1.276583e+08 1.462982e+08 1.709962e+08 6.602396e+07 1.003155e+08 1.251087e+08]
At round 1 optimal decs: [0 0 0 0 0 0 0 0 0 0]
At round 1 optimal powers: [0.000114 0.001207 0.000223 0.00444  0.001227 0.00141  0.001478 0.000133 0.00062  0.001305]
At round 1 t_co: [0.292017 0.367443 0.238272 0.174655 0.336138 0.263315 0.182101 0.272977 0.349526 0.375005]
At round 1 e_co: [3.336569e-05 4.434664e-04 5.315398e-05 7.754946e-04 4.124943e-04 3.713265e-04 2.690748e-04 3.634532e-05 2.166243e-04 4.892554e-04]
At round 1 t_cp: [0.172766 0.095181 0.225271 0.290396 0.127722 0.2012   0.283523 0.194502 0.115069 0.087652]
At round 1 e_cp: [3.915238e-06 1.762226e-05 1.241440e-05 4.560538e-04 2.657128e-05 6.300048e-05 1.417581e-04 5.597949e-06 1.161613e-05 1.716424e-05]
At round 1 average t_co: 0.3750054641902418 average t_cp: 0.2903964940576168 t: 0.4674789183390109
At round 1 average e_co: 0.0031006013193555764 average e_cp: 0.0007557138180846953 e: 0.0038563151374402726
At round 1 a_n: 21.586735246819178
At round 1 local rounds: 14.42898313935703
At round 1 global rounds: 32.1953381593554
At round 1 tau: 14.534094037908366
At round 1 accuracy: 0.7604651162790698
At round 1 training accuracy: 0.7298099762470309
At round 1 training loss: 1.0024237697995662
At round 1 test loss: 1.0018960938377435
gradient difference: 0.897554874420166
ground = 2 remain_eps = 0.0016209564378982014	remain_tau = 14.066615119569356
update_location
xs = [-273.77746   393.77746  -378.77746  -342.129381 -192.129381  -92.129381  392.129381 -173.77746   492.129381  418.77746 ]
ys = [-293.77746   348.77746  -393.77746   451.063841  381.063841  331.063841   63.936159 -193.77746    13.936159  378.77746 ]
dists_uav = [705.997423 253.245609 849.532883 597.741385 435.553684 328.138312 266.963708 566.499229 371.216758 288.225362]
uav_gains = [5.654156e-13 2.105031e-11 3.679153e-13 8.362774e-13 1.860718e-12 5.227995e-12 1.606337e-11 9.507689e-13 3.097138e-12 1.047733e-11]
dists_bs = [ 342.756231  935.672948  393.389873 1010.729906  901.768923  836.154848  686.869306  352.094944  711.56286   973.460007]
bs_gains = [3.656868e-11 2.554711e-12 2.538278e-11 2.082272e-12 2.817203e-12 3.441603e-12 5.795677e-12 3.405431e-11 5.277830e-12 2.300263e-12]
At round 2 optimal eta: 0.3295074230942206
At round 2 optimal freqs: [6.096770e+07 1.227921e+08 8.198606e+07 2.504234e+08 1.276583e+08 1.462982e+08 1.709962e+08 6.602396e+07 1.003155e+08 1.251087e+08]
At round 2 optimal decs: [0 0 0 0 0 0 0 0 0 0]
At round 2 optimal powers: [0.000114 0.001207 0.000223 0.00444  0.001227 0.00141  0.001478 0.000133 0.00062  0.001305]
At round 2 t_co: [0.290985 0.364184 0.235966 0.173806 0.33411  0.261939 0.181832 0.274632 0.348242 0.37178 ]
At round 2 e_co: [3.324785e-05 4.395341e-04 5.263968e-05 7.717259e-04 4.100064e-04 3.693856e-04 2.686766e-04 3.656567e-05 2.158289e-04 4.850471e-04]
At round 2 t_cp: [0.172766 0.095181 0.225271 0.290396 0.127722 0.2012   0.283523 0.194502 0.115069 0.087652]
At round 2 e_cp: [3.915238e-06 1.762226e-05 1.241440e-05 4.560538e-04 2.657128e-05 6.300048e-05 1.417581e-04 5.597949e-06 1.161613e-05 1.716424e-05]
At round 2 average t_co: 0.3717798942051549 average t_cp: 0.2903964940576168 t: 0.46913386731313444
At round 2 average e_co: 0.0030826578405949347 average e_cp: 0.0007557138180846953 e: 0.003838371658679631
At round 2 a_n: 21.586735246819178
At round 2 local rounds: 14.42898313935703
At round 2 global rounds: 32.1953381593554
At round 2 tau: 14.066615119569356
At round 2 accuracy: 0.7883720930232558
At round 2 training accuracy: 0.7701900237529691
At round 2 training loss: 0.6866852142370984
At round 2 test loss: 0.7261106282992419
gradient difference: 0.9324491620063782
ground = 3 remain_eps = 0.002063749663484897	remain_tau = 13.597481252256221
update_location
xs = [-270.66619   390.66619  -375.66619  -338.194071 -188.194071  -88.194071  388.194071 -170.66619   488.194071  415.66619 ]
ys = [-290.66619   345.66619  -390.66619   449.095761  379.095761  329.095761   65.904239 -190.66619    15.904239  375.66619 ]
dists_uav = [701.645652 249.290168 845.165522 593.411936 431.284243 323.97177  262.987665 562.174479 367.029838 284.154656]
uav_gains = [5.736313e-13 2.268636e-11 3.723298e-13 8.508654e-13 1.913387e-12 5.566505e-12 1.739564e-11 9.684679e-13 3.231013e-12 1.135723e-11]
dists_bs = [ 342.170762  931.542473  391.253075 1007.550491  899.014107  833.773335  686.252319  353.29075   710.275042  969.314015]
bs_gains = [3.673473e-11 2.584839e-12 2.575179e-11 2.099730e-12 2.840137e-12 3.467715e-12 5.809495e-12 3.374971e-11 5.303226e-12 2.326428e-12]
At round 3 optimal eta: 0.3295074230942206
At round 3 optimal freqs: [6.096770e+07 1.227921e+08 8.198606e+07 2.504234e+08 1.276583e+08 1.462982e+08 1.709962e+08 6.602396e+07 1.003155e+08 1.251087e+08]
At round 3 optimal decs: [0 0 0 0 0 0 0 0 0 0]
At round 3 optimal powers: [0.000114 0.001207 0.000223 0.00444  0.001227 0.00141  0.001478 0.000133 0.00062  0.001305]
At round 3 t_co: [0.290045 0.36095  0.233718 0.172963 0.332102 0.260577 0.181574 0.276369 0.346987 0.368577]
At round 3 e_co: [3.314048e-05 4.356307e-04 5.213816e-05 7.679833e-04 4.075417e-04 3.674659e-04 2.682960e-04 3.679698e-05 2.150508e-04 4.808687e-04]
At round 3 t_cp: [0.172766 0.095181 0.225271 0.290396 0.127722 0.2012   0.283523 0.194502 0.115069 0.087652]
At round 3 e_cp: [3.915238e-06 1.762226e-05 1.241440e-05 4.560538e-04 2.657128e-05 6.300048e-05 1.417581e-04 5.597949e-06 1.161613e-05 1.716424e-05]
At round 3 average t_co: 0.368577194472249 average t_cp: 0.2903964940576168 t: 0.47087117374795423
At round 3 average e_co: 0.003064912604187293 average e_cp: 0.0007557138180846953 e: 0.003820626422271988
At round 3 a_n: 21.586735246819178
At round 3 local rounds: 14.42898313935703
At round 3 global rounds: 32.1953381593554
At round 3 tau: 13.597481252256221
At round 3 accuracy: 0.8
At round 3 training accuracy: 0.7856294536817102
At round 3 training loss: 0.5772342709787573
At round 3 test loss: 0.6541742617798636
gradient difference: 0.7789796590805054
ground = 4 remain_eps = 0.0026274997735636256	remain_tau = 13.126610078508268
update_location
xs = [-267.554921  387.554921 -372.554921 -334.258761 -184.258761  -84.258761  384.258761 -167.554921  484.258761  412.554921]
ys = [-287.554921  342.554921 -387.554921  447.127681  377.127681  327.127681   67.872319 -187.554921   17.872319  372.554921]
dists_uav = [697.294487 245.349866 840.798501 589.083532 427.017451 319.811481 259.025332 557.850906 362.847961 280.093909]
uav_gains = [5.820212e-13 2.439814e-11 3.768209e-13 8.658344e-13 1.968736e-12 5.940609e-12 1.881600e-11 9.866684e-13 3.375805e-12 1.232003e-11]
dists_bs = [ 341.640963  927.414476  389.154294 1004.380288  896.272425  831.408287  685.663012  354.537134  709.012191  965.170271]
bs_gains = [3.688589e-11 2.615440e-12 2.612148e-11 2.117339e-12 2.863218e-12 3.493916e-12 5.822736e-12 3.343620e-11 5.328295e-12 2.352990e-12]
At round 4 optimal eta: 0.3295074230942206
At round 4 optimal freqs: [6.096770e+07 1.227921e+08 8.198606e+07 2.504234e+08 1.276583e+08 1.462982e+08 1.709962e+08 6.602396e+07 1.003155e+08 1.251087e+08]
At round 4 optimal decs: [0 0 0 0 0 0 0 0 0 0]
At round 4 optimal powers: [0.000114 0.001207 0.000223 0.00444  0.001227 0.00141  0.001478 0.000133 0.00062  0.001305]
At round 4 t_co: [0.289197 0.35774  0.231527 0.172126 0.330112 0.259231 0.181329 0.278189 0.345759 0.365397]
At round 4 e_co: [3.304355e-05 4.317561e-04 5.164933e-05 7.642667e-04 4.051001e-04 3.655674e-04 2.679328e-04 3.703931e-05 2.142898e-04 4.767199e-04]
At round 4 t_cp: [0.172766 0.095181 0.225271 0.290396 0.127722 0.2012   0.283523 0.194502 0.115069 0.087652]
At round 4 e_cp: [3.915238e-06 1.762226e-05 1.241440e-05 4.560538e-04 2.657128e-05 6.300048e-05 1.417581e-04 5.597949e-06 1.161613e-05 1.716424e-05]
At round 4 average t_co: 0.36539728220314494 average t_cp: 0.2903964940576168 t: 0.4726912190324288
At round 4 average e_co: 0.003047365047226008 average e_cp: 0.0007557138180846953 e: 0.003803078865310704
At round 4 a_n: 21.586735246819178
At round 4 local rounds: 14.42898313935703
At round 4 global rounds: 32.1953381593554
At round 4 tau: 13.126610078508268
At round 4 accuracy: 0.8116279069767441
At round 4 training accuracy: 0.7921615201900237
At round 4 training loss: 0.5077175869163264
At round 4 test loss: 0.6386392055295927
gradient difference: 0.8026288747787476
ground = 5 remain_eps = 0.00334524830323609	remain_tau = 12.653918859475839
update_location
xs = [-264.443651  384.443651 -369.443651 -330.323452 -180.323452  -80.323452  380.323452 -164.443651  480.323452  409.443651]
ys = [-284.443651  339.443651 -384.443651  445.159601  375.159601  325.159601   69.840399 -184.443651   19.840399  369.443651]
dists_uav = [692.943938 241.425446 836.431825 584.756197 422.753391 315.657693 255.077347 553.528537 358.671303 276.043561]
uav_gains = [5.905903e-13 2.618002e-11 3.813903e-13 8.811984e-13 2.026983e-12 6.354455e-12 2.032173e-11 1.005391e-12 3.532770e-12 1.336956e-11]
dists_bs = [ 341.167091  923.288992  387.09415  1001.219384  893.543997  829.059844  685.101458  355.833562  707.77444   961.028806]
bs_gains = [3.702181e-11 2.646523e-12 2.649150e-11 2.135099e-12 2.886445e-12 3.520205e-12 5.835393e-12 3.311435e-11 5.353023e-12 2.379957e-12]
At round 5 optimal eta: 0.3295074230942206
At round 5 optimal freqs: [6.096770e+07 1.227921e+08 8.198606e+07 2.504234e+08 1.276583e+08 1.462982e+08 1.709962e+08 6.602396e+07 1.003155e+08 1.251087e+08]
At round 5 optimal decs: [0 0 0 0 0 0 0 0 0 0]
At round 5 optimal powers: [0.000114 0.001207 0.000223 0.00444  0.001227 0.00141  0.001478 0.000133 0.00062  0.001305]
At round 5 t_co: [0.28844  0.354553 0.229392 0.171295 0.328142 0.2579   0.181095 0.280092 0.344559 0.36224 ]
At round 5 e_co: [3.295705e-05 4.279104e-04 5.117313e-05 7.605759e-04 4.026816e-04 3.636900e-04 2.675871e-04 3.729271e-05 2.135459e-04 4.726009e-04]
At round 5 t_cp: [0.172766 0.095181 0.225271 0.290396 0.127722 0.2012   0.283523 0.194502 0.115069 0.087652]
At round 5 e_cp: [3.915238e-06 1.762226e-05 1.241440e-05 4.560538e-04 2.657128e-05 6.300048e-05 1.417581e-04 5.597949e-06 1.161613e-05 1.716424e-05]
At round 5 average t_co: 0.36224007444435696 average t_cp: 0.2903964940576168 t: 0.4745944010639151
At round 5 average e_co: 0.003030014615586588 average e_cp: 0.0007557138180846953 e: 0.003785728433671284
At round 5 a_n: 21.586735246819178
At round 5 local rounds: 14.42898313935703
At round 5 global rounds: 32.1953381593554
At round 5 tau: 12.653918859475839
At round 5 accuracy: 0.8232558139534883
At round 5 training accuracy: 0.8052256532066508
At round 5 training loss: 0.45972874753076887
At round 5 test loss: 0.5662358222933587
gradient difference: 0.648701012134552
ground = 6 remain_eps = 0.0042590626735340255	remain_tau = 12.179324458411925
update_location
xs = [-261.332381  381.332381 -366.332381 -326.388142 -176.388142  -76.388142  376.388142 -161.332381  476.388142  406.332381]
ys = [-281.332381  336.332381 -381.332381  443.191522  373.191522  323.191522   71.808478 -181.332381   21.808478  366.332381]
dists_uav = [688.594018 237.517695 832.065501 580.429954 418.492145 311.510666 251.144388 549.207401 354.500048 272.004076]
uav_gains = [5.993435e-13 2.802638e-11 3.860397e-13 8.969722e-13 2.088374e-12 6.812551e-12 2.190890e-11 1.024657e-12 3.703324e-12 1.450869e-11]
dists_bs = [340.749381 919.166055 385.073262 998.067866 890.828945 826.728147 684.567724 357.179491 706.561922 956.889648]
bs_gains = [3.714220e-11 2.678098e-12 2.686152e-11 2.153011e-12 2.909816e-12 3.546576e-12 5.847457e-12 3.278470e-11 5.377401e-12 2.407336e-12]
At round 6 optimal eta: 0.3295074230942206
At round 6 optimal freqs: [6.096770e+07 1.227921e+08 8.198606e+07 2.504234e+08 1.276583e+08 1.462982e+08 1.709962e+08 6.602396e+07 1.003155e+08 1.251087e+08]
At round 6 optimal decs: [0 0 0 0 0 0 0 0 0 0]
At round 6 optimal powers: [0.000114 0.001207 0.000223 0.00444  0.001227 0.00141  0.001478 0.000133 0.00062  0.001305]
At round 6 t_co: [0.287774 0.351391 0.227314 0.170469 0.326189 0.256583 0.180872 0.282079 0.343386 0.359105]
At round 6 e_co: [3.288094e-05 4.240932e-04 5.070947e-05 7.569109e-04 4.002861e-04 3.618336e-04 2.672589e-04 3.755723e-05 2.128192e-04 4.685113e-04]
At round 6 t_cp: [0.172766 0.095181 0.225271 0.290396 0.127722 0.2012   0.283523 0.194502 0.115069 0.087652]
At round 6 e_cp: [3.915238e-06 1.762226e-05 1.241440e-05 4.560538e-04 2.657128e-05 6.300048e-05 1.417581e-04 5.597949e-06 1.161613e-05 1.716424e-05]
At round 6 average t_co: 0.35910548807781606 average t_cp: 0.2903964940576168 t: 0.4765811340914878
At round 6 average e_co: 0.0030128607639680546 average e_cp: 0.0007557138180846953 e: 0.0037685745820527504
At round 6 a_n: 21.586735246819178
At round 6 local rounds: 14.42898313935703
At round 6 global rounds: 32.1953381593554
At round 6 tau: 12.179324458411925
At round 6 accuracy: 0.8232558139534883
At round 6 training accuracy: 0.8129453681710214
At round 6 training loss: 0.4250901533531133
At round 6 test loss: 0.547122341645665
gradient difference: 0.7998544573783875
ground = 7 remain_eps = 0.005422501773498576	remain_tau = 11.702743324320437
update_location
xs = [-258.221111  378.221111 -363.221111 -322.452832 -172.452832  -72.452832  372.452832 -158.221111  472.452832  403.221111]
ys = [-278.221111  333.221111 -378.221111  441.223442  371.223442  321.223442   73.776558 -178.221111   23.776558  363.221111]
dists_uav = [684.244739 233.627448 827.699534 576.104828 414.233801 307.370674 247.227172 544.887528 350.33439  267.975944]
uav_gains = [6.082864e-13 2.993202e-11 3.907711e-13 9.131713e-13 2.153180e-12 7.319753e-12 2.357265e-11 1.044491e-12 3.889067e-12 1.573914e-11]
dists_bs = [340.38804  915.045698 383.092252 994.925825 888.127392 824.41334  684.061877 358.574362 705.374767 952.752828]
bs_gains = [3.724677e-11 2.710174e-12 2.723119e-11 2.171077e-12 2.933331e-12 3.573027e-12 5.858923e-12 3.244782e-11 5.401418e-12 2.435134e-12]
At round 7 optimal eta: 0.3295074230942206
At round 7 optimal freqs: [6.096770e+07 1.227921e+08 8.198606e+07 2.504234e+08 1.276583e+08 1.462982e+08 1.709962e+08 6.602396e+07 1.003155e+08 1.251087e+08]
At round 7 optimal decs: [0 0 0 0 0 0 0 0 0 0]
At round 7 optimal powers: [0.000114 0.001207 0.000223 0.00444  0.001227 0.00141  0.001478 0.000133 0.00062  0.001305]
At round 7 t_co: [0.287199 0.348251 0.225291 0.16965  0.324256 0.255282 0.180662 0.28415  0.342241 0.355993]
At round 7 e_co: [3.281522e-05 4.203046e-04 5.025827e-05 7.532716e-04 3.979134e-04 3.599982e-04 2.669481e-04 3.783293e-05 2.121095e-04 4.644511e-04]
At round 7 t_cp: [0.172766 0.095181 0.225271 0.290396 0.127722 0.2012   0.283523 0.194502 0.115069 0.087652]
At round 7 e_cp: [3.915238e-06 1.762226e-05 1.241440e-05 4.560538e-04 2.657128e-05 6.300048e-05 1.417581e-04 5.597949e-06 1.161613e-05 1.716424e-05]
At round 7 average t_co: 0.35599343982145204 average t_cp: 0.2903964940576168 t: 0.4786518485491077
At round 7 average e_co: 0.00299590295593066 average e_cp: 0.0007557138180846953 e: 0.0037516167740153554
At round 7 a_n: 21.586735246819178
At round 7 local rounds: 14.42898313935703
At round 7 global rounds: 32.1953381593554
At round 7 tau: 11.702743324320437
At round 7 accuracy: 0.8255813953488372
At round 7 training accuracy: 0.8218527315914489
At round 7 training loss: 0.39434129392237116
At round 7 test loss: 0.5180574378504078
gradient difference: 0.7040108442306519
ground = 8 remain_eps = 0.0069037550600769045	remain_tau = 11.22409147577133
update_location
xs = [-255.109841  375.109841 -360.109841 -318.517523 -168.517523  -68.517523  368.517523 -155.109841  468.517523  400.109841]
ys = [-275.109841  330.109841 -375.109841  439.255362  369.255362  319.255362   75.744638 -175.109841   25.744638  360.109841]
dists_uav = [679.896112 229.755596 823.333928 571.780845 409.978448 303.238004 243.326458 540.568947 346.174531 263.959687]
uav_gains = [6.174244e-13 3.189260e-11 3.955862e-13 9.298121e-13 2.221705e-12 7.881217e-12 2.530755e-11 1.064915e-12 4.091804e-12 1.706130e-11]
dists_bs = [340.083247 910.927956 381.151741 991.793349 885.439462 822.115563 683.583976 360.017608 704.213102 948.618376]
bs_gains = [3.733530e-11 2.742760e-12 2.760013e-11 2.189295e-12 2.956988e-12 3.599552e-12 5.869783e-12 3.210426e-11 5.425062e-12 2.463361e-12]
At round 8 optimal eta: 0.3295074230942206
At round 8 optimal freqs: [6.096770e+07 1.227921e+08 8.198606e+07 2.504234e+08 1.276583e+08 1.462982e+08 1.709962e+08 6.602396e+07 1.003155e+08 1.251087e+08]
At round 8 optimal decs: [0 0 0 0 0 0 0 0 0 0]
At round 8 optimal powers: [0.000114 0.001207 0.000223 0.00444  0.001227 0.00141  0.001478 0.000133 0.00062  0.001305]
At round 8 t_co: [0.286714 0.345136 0.223324 0.168836 0.322341 0.253995 0.180464 0.286305 0.341123 0.352904]
At round 8 e_co: [3.275986e-05 4.165445e-04 4.981948e-05 7.496580e-04 3.955635e-04 3.581836e-04 2.666548e-04 3.811988e-05 2.114168e-04 4.604202e-04]
At round 8 t_cp: [0.172766 0.095181 0.225271 0.290396 0.127722 0.2012   0.283523 0.194502 0.115069 0.087652]
At round 8 e_cp: [3.915238e-06 1.762226e-05 1.241440e-05 4.560538e-04 2.657128e-05 6.300048e-05 1.417581e-04 5.597949e-06 1.161613e-05 1.716424e-05]
At round 8 average t_co: 0.35290384622983617 average t_cp: 0.2903964940576168 t: 0.4808069908786051
At round 8 average e_co: 0.0029791406639298823 average e_cp: 0.0007557138180846953 e: 0.0037348544820145777
At round 8 a_n: 21.586735246819178
At round 8 local rounds: 14.42898313935703
At round 8 global rounds: 32.1953381593554
At round 8 tau: 11.22409147577133
At round 8 accuracy: 0.8302325581395349
At round 8 training accuracy: 0.8236342042755345
At round 8 training loss: 0.37037786201515654
At round 8 test loss: 0.6329099924902813
gradient difference: 0.6547529697418213
ground = 9 remain_eps = 0.008789639159266931	remain_tau = 10.743284484892724
update_location
xs = [-251.998571  371.998571 -356.998571 -314.582213 -164.582213  -64.582213  364.582213 -151.998571  464.582213  396.998571]
ys = [-271.998571  326.998571 -371.998571  437.287282  367.287282  317.287282   77.712718 -171.998571   27.712718  356.998571]
dists_uav = [675.54815  225.903083 818.968691 567.458031 405.726181 299.11296  239.443053 536.251689 342.020681 259.955853]
uav_gains = [6.267633e-13 3.390495e-11 4.004872e-13 9.469116e-13 2.294290e-12 8.502336e-12 2.710795e-11 1.085957e-12 4.313569e-12 1.847419e-11]
dists_bs = [339.835153 906.812866 379.252351 988.670531 882.765277 819.834962 683.134082 361.508648 703.077055 944.486325]
bs_gains = [3.740757e-11 2.775867e-12 2.796795e-11 2.207668e-12 2.980785e-12 3.626148e-12 5.880033e-12 3.175455e-11 5.448322e-12 2.492023e-12]
At round 9 optimal eta: 0.3295074230942206
At round 9 optimal freqs: [6.096770e+07 1.227921e+08 8.198606e+07 2.504234e+08 1.276583e+08 1.462982e+08 1.709962e+08 6.602396e+07 1.003155e+08 1.251087e+08]
At round 9 optimal decs: [0 0 0 0 0 0 0 0 0 0]
At round 9 optimal powers: [0.000114 0.001207 0.000223 0.00444  0.001227 0.00141  0.001478 0.000133 0.00062  0.001305]
At round 9 t_co: [0.28632  0.342044 0.221412 0.168028 0.320445 0.252723 0.180277 0.288545 0.340033 0.349837]
At round 9 e_co: [3.271486e-05 4.128126e-04 4.939301e-05 7.460699e-04 3.932364e-04 3.563899e-04 2.663790e-04 3.841813e-05 2.107410e-04 4.564185e-04]
At round 9 t_cp: [0.172766 0.095181 0.225271 0.290396 0.127722 0.2012   0.283523 0.194502 0.115069 0.087652]
At round 9 e_cp: [3.915238e-06 1.762226e-05 1.241440e-05 4.560538e-04 2.657128e-05 6.300048e-05 1.417581e-04 5.597949e-06 1.161613e-05 1.716424e-05]
At round 9 average t_co: 0.34983662369488305 average t_cp: 0.2903964940576168 t: 0.48304702334249655
At round 9 average e_co: 0.0029625733693466974 average e_cp: 0.0007557138180846953 e: 0.0037182871874313923
At round 9 a_n: 21.586735246819178
At round 9 local rounds: 14.42898313935703
At round 9 global rounds: 32.1953381593554
At round 9 tau: 10.743284484892724
At round 9 accuracy: 0.8348837209302326
At round 9 training accuracy: 0.8307600950118765
At round 9 training loss: 0.3382810239784083
At round 9 test loss: 0.5119130625353419
gradient difference: 0.5525601506233215
ground = 10 remain_eps = 0.011190686210303943	remain_tau = 10.260237461550227
update_location
xs = [-248.887302  368.887302 -353.887302 -310.646903 -160.646903  -60.646903  360.646903 -148.887302  460.646903  393.887302]
ys = [-268.887302  323.887302 -368.887302  435.319203  365.319203  315.319203   79.680797 -168.887302   29.680797  353.887302]
dists_uav = [671.200867 222.070917 814.603828 563.136412 401.477097 294.995862 235.577813 531.935788 337.873064 255.965027]
uav_gains = [6.363090e-13 3.596731e-11 4.054759e-13 9.644881e-13 2.371314e-12 9.188644e-12 2.896842e-11 1.107644e-12 4.556644e-12 1.997543e-11]
dists_bs = [339.643884 902.700464 377.394703 985.557461 880.104965 817.571678 682.71225  363.046895 701.966749 940.356704]
bs_gains = [3.746342e-11 2.809505e-12 2.833425e-11 2.226196e-12 3.004721e-12 3.652810e-12 5.889666e-12 3.139925e-11 5.471189e-12 2.521129e-12]
At round 10 optimal eta: 0.3295074230942206
At round 10 optimal freqs: [6.096770e+07 1.227921e+08 8.198606e+07 2.504234e+08 1.276583e+08 1.462982e+08 1.709962e+08 6.602396e+07 1.003155e+08 1.251087e+08]
At round 10 optimal decs: [0 0 0 0 0 0 0 0 0 0]
At round 10 optimal powers: [0.000114 0.001207 0.000223 0.00444  0.001227 0.00141  0.001478 0.000133 0.00062  0.001305]
At round 10 t_co: [0.286017 0.338975 0.219556 0.167226 0.318567 0.251466 0.180102 0.29087  0.33897  0.346792]
At round 10 e_co: [3.268020e-05 4.091090e-04 4.897879e-05 7.425074e-04 3.909319e-04 3.546169e-04 2.661205e-04 3.872774e-05 2.100822e-04 4.524459e-04]
At round 10 t_cp: [0.172766 0.095181 0.225271 0.290396 0.127722 0.2012   0.283523 0.194502 0.115069 0.087652]
At round 10 e_cp: [3.915238e-06 1.762226e-05 1.241440e-05 4.560538e-04 2.657128e-05 6.300048e-05 1.417581e-04 5.597949e-06 1.161613e-05 1.716424e-05]
At round 10 average t_co: 0.34679168844661823 average t_cp: 0.2903964940576168 t: 0.4853724238267067
At round 10 average e_co: 0.0029462005625140943 average e_cp: 0.0007557138180846953 e: 0.0037019143805987896
At round 10 a_n: 21.586735246819178
At round 10 local rounds: 14.42898313935703
At round 10 global rounds: 32.1953381593554
At round 10 tau: 10.260237461550227
At round 10 accuracy: 0.8302325581395349
At round 10 training accuracy: 0.830166270783848
At round 10 training loss: 0.32799054160035745
At round 10 test loss: 0.49127007048836974
gradient difference: 0.6666550040245056
ground = 11 remain_eps = 0.014247622182015866	remain_tau = 9.77486503772352
update_location
xs = [-245.776032  365.776032 -350.776032 -306.711594 -156.711594  -56.711594  356.711594 -145.776032  456.711594  390.776032]
ys = [-265.776032  320.776032 -365.776032  433.351123  363.351123  313.351123   81.648877 -165.776032   31.648877  350.776032]
dists_uav = [666.854275 218.260169 810.239345 558.816017 397.2313   290.887048 231.731648 527.621276 333.73191  251.987827]
uav_gains = [6.460678e-13 3.807952e-11 4.105546e-13 9.825607e-13 2.453205e-12 9.945680e-12 3.088417e-11 1.130005e-12 4.823588e-12 2.156136e-11]
dists_bs = [339.509536 898.590786 375.579417 982.454233 877.458651 815.325858 682.318531 364.631749 700.882307 936.229546]
bs_gains = [3.750272e-11 2.843684e-12 2.869861e-11 2.244879e-12 3.028795e-12 3.679534e-12 5.898676e-12 3.103889e-11 5.493651e-12 2.550688e-12]
At round 11 optimal eta: 0.3295074230942206
At round 11 optimal freqs: [6.096770e+07 1.227921e+08 8.198606e+07 2.504234e+08 1.276583e+08 1.462982e+08 1.709962e+08 6.602396e+07 1.003155e+08 1.251087e+08]
At round 11 optimal decs: [0 0 0 0 0 0 0 0 0 0]
At round 11 optimal powers: [0.000114 0.001207 0.000223 0.00444  0.001227 0.00141  0.001478 0.000133 0.00062  0.001305]
At round 11 t_co: [0.285804 0.33593  0.217754 0.166429 0.316707 0.250223 0.179939 0.293282 0.337934 0.343769]
At round 11 e_co: [3.265586e-05 4.054334e-04 4.857677e-05 7.389703e-04 3.886500e-04 3.528646e-04 2.658795e-04 3.904878e-05 2.094403e-04 4.485023e-04]
At round 11 t_cp: [0.172766 0.095181 0.225271 0.290396 0.127722 0.2012   0.283523 0.194502 0.115069 0.087652]
At round 11 e_cp: [3.915238e-06 1.762226e-05 1.241440e-05 4.560538e-04 2.657128e-05 6.300048e-05 1.417581e-04 5.597949e-06 1.161613e-05 1.716424e-05]
At round 11 average t_co: 0.3437689565540091 average t_cp: 0.2903964940576168 t: 0.48778368563331664
At round 11 average e_co: 0.002930021742739846 average e_cp: 0.0007557138180846953 e: 0.003685735560824541
At round 11 a_n: 21.586735246819178
At round 11 local rounds: 14.42898313935703
At round 11 global rounds: 32.1953381593554
At round 11 tau: 9.77486503772352
At round 11 accuracy: 0.8325581395348837
At round 11 training accuracy: 0.828978622327791
At round 11 training loss: 0.3175590545127813
At round 11 test loss: 0.5474209727632792
gradient difference: 0.5059851408004761
ground = 12 remain_eps = 0.0181396148570908	remain_tau = 9.287081352090205
update_location
xs = [-242.664762  362.664762 -347.664762 -302.776284 -152.776284  -52.776284  352.776284 -142.664762  452.776284  387.664762]
ys = [-262.664762  317.664762 -362.664762  431.383043  361.383043  311.383043   83.616957 -162.664762   33.616957  347.664762]
dists_uav = [662.508388 214.471981 805.875249 554.496873 392.988895 286.786873 227.905523 523.308188 329.597464 248.024907]
uav_gains = [6.560460e-13 4.024299e-11 4.157252e-13 1.001150e-12 2.540443e-12 1.077883e-11 3.285137e-11 1.153071e-12 5.117258e-12 2.322731e-11]
dists_bs = [339.432176 894.483869 373.807108 979.36094  874.826463 813.097644 681.952974 366.262607 699.823849 932.104885]
bs_gains = [3.752538e-11 2.878415e-12 2.906060e-11 2.263717e-12 3.053005e-12 3.706315e-12 5.907059e-12 3.067398e-11 5.515697e-12 2.580708e-12]
At round 12 optimal eta: 0.3295074230942206
At round 12 optimal freqs: [6.096770e+07 1.227921e+08 8.198606e+07 2.504234e+08 1.276583e+08 1.462982e+08 1.709962e+08 6.602396e+07 1.003155e+08 1.251087e+08]
At round 12 optimal decs: [0 0 0 0 0 0 0 0 0 0]
At round 12 optimal powers: [0.000114 0.001207 0.000223 0.00444  0.001227 0.00141  0.001478 0.000133 0.00062  0.001305]
At round 12 t_co: [0.285682 0.332907 0.216006 0.165638 0.314866 0.248995 0.179788 0.295779 0.336926 0.340768]
At round 12 e_co: [3.264186e-05 4.017858e-04 4.818687e-05 7.354586e-04 3.863905e-04 3.511330e-04 2.656558e-04 3.938133e-05 2.088152e-04 4.445875e-04]
At round 12 t_cp: [0.172766 0.095181 0.225271 0.290396 0.127722 0.2012   0.283523 0.194502 0.115069 0.087652]
At round 12 e_cp: [3.915238e-06 1.762226e-05 1.241440e-05 4.560538e-04 2.657128e-05 6.300048e-05 1.417581e-04 5.597949e-06 1.161613e-05 1.716424e-05]
At round 12 average t_co: 0.3407683439258648 average t_cp: 0.2903964940576168 t: 0.49028131726351093
At round 12 average e_co: 0.002914036418325513 average e_cp: 0.0007557138180846953 e: 0.0036697502364102085
At round 12 a_n: 21.586735246819178
At round 12 local rounds: 14.42898313935703
At round 12 global rounds: 32.1953381593554
At round 12 tau: 9.287081352090205
At round 12 accuracy: 0.8302325581395349
At round 12 training accuracy: 0.8355106888361045
At round 12 training loss: 0.2966818584236873
At round 12 test loss: 0.4688166107801909
gradient difference: 0.5262398719787598
ground = 13 remain_eps = 0.023094774900679835	remain_tau = 8.796800034826694
update_location
xs = [-239.553492  359.553492 -344.553492 -298.840974 -148.840974  -48.840974  348.840974 -139.553492  448.840974  384.553492]
ys = [-259.553492  314.553492 -359.553492  429.414963  359.414963  309.414963   85.585037 -159.553492   35.585037  344.553492]
dists_uav = [658.16322  210.707569 801.511545 550.179011 388.749993 282.695713 224.100464 518.996558 325.469982 244.076963]
uav_gains = [6.662505e-13 4.246075e-11 4.209901e-13 1.020276e-12 2.633567e-12 1.169311e-11 3.486749e-11 1.176877e-12 5.440831e-12 2.496790e-11]
dists_bs = [339.411842 890.379753 372.078393 976.277677 872.208527 810.887183 681.615625 367.938856 698.791494 927.982753]
bs_gains = [3.753134e-11 2.913708e-12 2.941977e-11 2.282712e-12 3.077348e-12 3.733150e-12 5.914810e-12 3.030505e-11 5.537317e-12 2.611198e-12]
At round 13 optimal eta: 0.3295074230942206
At round 13 optimal freqs: [6.096770e+07 1.227921e+08 8.198606e+07 2.504234e+08 1.276583e+08 1.462982e+08 1.709962e+08 6.602396e+07 1.003155e+08 1.251087e+08]
At round 13 optimal decs: [0 0 0 0 0 0 0 0 0 0]
At round 13 optimal powers: [0.000114 0.001207 0.000223 0.00444  0.001227 0.00141  0.001478 0.000133 0.00062  0.001305]
At round 13 t_co: [0.285649 0.329908 0.214312 0.164853 0.313043 0.247782 0.179648 0.298364 0.335944 0.33779 ]
At round 13 e_co: [3.263818e-05 3.981661e-04 4.780902e-05 7.319722e-04 3.841534e-04 3.494218e-04 2.654496e-04 3.972545e-05 2.082069e-04 4.407015e-04]
At round 13 t_cp: [0.172766 0.095181 0.225271 0.290396 0.127722 0.2012   0.283523 0.194502 0.115069 0.087652]
At round 13 e_cp: [3.915238e-06 1.762226e-05 1.241440e-05 4.560538e-04 2.657128e-05 6.300048e-05 1.417581e-04 5.597949e-06 1.161613e-05 1.716424e-05]
At round 13 average t_co: 0.3377897663118046 average t_cp: 0.2903964940576168 t: 0.49286584219094476
At round 13 average e_co: 0.0028982441065817143 average e_cp: 0.0007557138180846953 e: 0.00365395792466641
At round 13 a_n: 21.586735246819178
At round 13 local rounds: 14.42898313935703
At round 13 global rounds: 32.1953381593554
At round 13 tau: 8.796800034826694
At round 13 accuracy: 0.8325581395348837
At round 13 training accuracy: 0.8378859857482185
At round 13 training loss: 0.27267532259084265
At round 13 test loss: 0.4675328323191623
gradient difference: 0.7426067590713501
ground = 14 remain_eps = 0.02940352548359519	remain_tau = 8.303934192635749
update_location
xs = [-236.442222  356.442222 -341.442222 -294.905665 -144.905665  -44.905665  344.905665 -136.442222  444.905665  381.442222]
ys = [-256.442222  311.442222 -356.442222  427.446884  357.446884  307.446884   87.553116 -156.442222   37.553116  341.442222]
dists_uav = [653.818786 206.968232 797.148239 545.862461 384.514712 278.613966 220.317563 514.686425 321.349732 240.144734]
uav_gains = [6.766881e-13 4.473726e-11 4.263515e-13 1.039963e-12 2.733186e-12 1.269297e-11 3.693140e-11 1.201456e-12 5.797816e-12 2.677742e-11]
dists_bs = [339.448546 886.278477 370.39388  973.204538 869.604974 808.69462  681.306526 369.65988  697.785356 923.863184]
bs_gains = [3.752058e-11 2.949575e-12 2.977566e-11 2.301864e-12 3.101824e-12 3.760031e-12 5.921923e-12 2.993260e-11 5.558500e-12 2.642167e-12]
At round 14 optimal eta: 0.3295074230942206
At round 14 optimal freqs: [6.096770e+07 1.227921e+08 8.198606e+07 2.504234e+08 1.276583e+08 1.462982e+08 1.709962e+08 6.602396e+07 1.003155e+08 1.251087e+08]
At round 14 optimal decs: [0 0 0 0 0 0 0 0 0 0]
At round 14 optimal powers: [0.000114 0.001207 0.000223 0.00444  0.001227 0.00141  0.001478 0.000133 0.00062  0.001305]
At round 14 t_co: [0.285707 0.326932 0.212672 0.164073 0.311238 0.246583 0.17952  0.301036 0.33499  0.334833]
At round 14 e_co: [3.264482e-05 3.945742e-04 4.744318e-05 7.285110e-04 3.819386e-04 3.477312e-04 2.652607e-04 4.008120e-05 2.076153e-04 4.368441e-04]
At round 14 t_cp: [0.172766 0.095181 0.225271 0.290396 0.127722 0.2012   0.283523 0.194502 0.115069 0.087652]
At round 14 e_cp: [3.915238e-06 1.762226e-05 1.241440e-05 4.560538e-04 2.657128e-05 6.300048e-05 1.417581e-04 5.597949e-06 1.161613e-05 1.716424e-05]
At round 14 average t_co: 0.3349897686990899 average t_cp: 0.2903964940576168 t: 0.49553779862580327
At round 14 average e_co: 0.0028826443338396787 average e_cp: 0.0007557138180846953 e: 0.0036383581519243745
At round 14 a_n: 21.586735246819178
At round 14 local rounds: 14.42898313935703
At round 14 global rounds: 32.1953381593554
At round 14 tau: 8.303934192635749
At round 14 accuracy: 0.8325581395348837
At round 14 training accuracy: 0.838479809976247
At round 14 training loss: 0.27586190046201314
At round 14 test loss: 0.45150177080270854
gradient difference: 0.608770489692688
ground = 15 remain_eps = 0.03743562405706677	remain_tau = 7.808396394009946
update_location
xs = [-233.330952  353.330952 -338.330952 -290.970355 -140.970355  -40.970355  340.970355 -133.330952  440.970355  378.330952]
ys = [-253.330952  308.330952 -353.330952  425.478804  355.478804  305.478804   89.521196 -153.330952   39.521196  338.330952]
dists_uav = [649.4751   203.255352 792.78534  541.547254 380.28317  274.542051 216.557981 510.377825 317.236995 236.229005]
uav_gains = [6.873662e-13 4.707832e-11 4.318116e-13 1.060235e-12 2.839986e-12 1.378204e-11 3.904353e-11 1.226848e-12 6.192067e-12 2.865035e-11]
dists_bs = [339.542269 882.180078 368.754177 970.141621 867.015931 806.520101 681.025714 371.425055 696.80555  919.746212]
bs_gains = [3.749314e-11 2.986028e-12 3.012781e-11 2.321173e-12 3.126431e-12 3.786956e-12 5.928396e-12 2.955710e-11 5.579237e-12 2.673624e-12]
At round 15 optimal eta: 0.3295074230942206
At round 15 optimal freqs: [6.096770e+07 1.227921e+08 8.198606e+07 2.504234e+08 1.276583e+08 1.462982e+08 1.709962e+08 6.602396e+07 1.003155e+08 1.251087e+08]
At round 15 optimal decs: [0 0 0 0 0 0 0 0 0 0]
At round 15 optimal powers: [0.000114 0.001207 0.000223 0.00444  0.001227 0.00141  0.001478 0.000133 0.00062  0.001305]
At round 15 t_co: [0.285856 0.323979 0.211086 0.163299 0.309452 0.245399 0.179404 0.303796 0.334062 0.331898]
At round 15 e_co: [3.266179e-05 3.910099e-04 4.708927e-05 7.250749e-04 3.797461e-04 3.460610e-04 2.650893e-04 4.044867e-05 2.070405e-04 4.330152e-04]
At round 15 t_cp: [0.172766 0.095181 0.225271 0.290396 0.127722 0.2012   0.283523 0.194502 0.115069 0.087652]
At round 15 e_cp: [3.915238e-06 1.762226e-05 1.241440e-05 4.560538e-04 2.657128e-05 6.300048e-05 1.417581e-04 5.597949e-06 1.161613e-05 1.716424e-05]
At round 15 average t_co: 0.3340623177298814 average t_cp: 0.2903964940576168 t: 0.49829773926986143
At round 15 average e_co: 0.002867236635459105 average e_cp: 0.0007557138180846953 e: 0.0036229504535438004
At round 15 a_n: 21.586735246819178
At round 15 local rounds: 14.42898313935703
At round 15 global rounds: 32.1953381593554
At round 15 tau: 7.808396394009946
At round 15 accuracy: 0.8348837209302326
At round 15 training accuracy: 0.8402612826603325
At round 15 training loss: 0.2726341747243019
At round 15 test loss: 0.44687808692078973
gradient difference: 0.7171831727027893
ground = 16 remain_eps = 0.04766183392953745	remain_tau = 7.310098654740084
update_location
xs = [-230.219683  350.219683 -335.219683 -287.035045 -137.035045  -37.035045  337.035045 -130.219683  437.035045  375.219683]
ys = [-250.219683  305.219683 -350.219683  423.510724  353.510724  303.510724   91.489276 -150.219683   41.489276  335.219683]
dists_uav = [645.132177 199.570407 788.422853 537.233423 376.055495 270.480413 212.822954 506.070798 313.132067 232.33061 ]
uav_gains = [6.982923e-13 4.949082e-11 4.373731e-13 1.081116e-12 2.954744e-12 1.496291e-11 4.120582e-11 1.253094e-12 6.627782e-12 3.058171e-11]
dists_bs = [339.692963 878.084599 367.159882 967.089021 864.441531 804.363773 680.773226 373.233755 695.852187 915.631874]
bs_gains = [3.744908e-11 3.023077e-12 3.047574e-11 2.340639e-12 3.151165e-12 3.813919e-12 5.934225e-12 2.917905e-11 5.599516e-12 2.705579e-12]
At round 16 optimal eta: 0.3295074230942206
At round 16 optimal freqs: [6.096770e+07 1.227921e+08 8.198606e+07 2.504234e+08 1.276583e+08 1.462982e+08 1.709962e+08 6.602396e+07 1.003155e+08 1.251087e+08]
At round 16 optimal decs: [0 0 0 0 0 0 0 0 0 0]
At round 16 optimal powers: [0.000114 0.001207 0.000223 0.00444  0.001227 0.00141  0.001478 0.000133 0.00062  0.001305]
At round 16 t_co: [0.286095 0.321048 0.209552 0.162531 0.307683 0.244229 0.1793   0.306644 0.333162 0.328985]
At round 16 e_co: [3.268909e-05 3.874731e-04 4.674724e-05 7.216640e-04 3.775757e-04 3.444111e-04 2.649352e-04 4.082793e-05 2.064824e-04 4.292147e-04]
At round 16 t_cp: [0.172766 0.095181 0.225271 0.290396 0.127722 0.2012   0.283523 0.194502 0.115069 0.087652]
At round 16 e_cp: [3.915238e-06 1.762226e-05 1.241440e-05 4.560538e-04 2.657128e-05 6.300048e-05 1.417581e-04 5.597949e-06 1.161613e-05 1.716424e-05]
At round 16 average t_co: 0.3331618014749921 average t_cp: 0.2903964940576168 t: 0.5011462310629087
At round 16 average e_co: 0.002852020555832382 average e_cp: 0.0007557138180846953 e: 0.0036077343739170775
At round 16 a_n: 21.586735246819178
At round 16 local rounds: 14.42898313935703
At round 16 global rounds: 32.1953381593554
At round 16 tau: 7.310098654740084
At round 16 accuracy: 0.8395348837209302
At round 16 training accuracy: 0.8473871733966746
At round 16 training loss: 0.25922362885407674
At round 16 test loss: 0.454139646941204
gradient difference: 0.5970065593719482
ground = 17 remain_eps = 0.060681515822039164	remain_tau = 6.808952423677176
update_location
xs = [-227.108413  347.108413 -332.108413 -283.099736 -133.099736  -33.099736  333.099736 -127.108413  433.099736  372.108413]
ys = [-247.108413  302.108413 -347.108413  421.542645  351.542645  301.542645   93.457355 -147.108413   43.457355  332.108413]
dists_uav = [640.790032 195.914973 784.060785 532.921    371.831818 266.429521 209.113798 501.765384 309.03526  228.450437]
uav_gains = [7.094743e-13 5.198259e-11 4.430382e-13 1.102635e-12 3.078335e-12 1.623692e-11 4.342164e-11 1.280237e-12 7.109486e-12 3.256752e-11]
dists_bs = [339.900553 873.99208  365.611591 964.046838 861.881903 802.225781 680.549092 375.085352 694.925376 911.520204]
bs_gains = [3.738850e-11 3.060735e-12 3.081894e-11 2.360263e-12 3.176025e-12 3.840913e-12 5.939405e-12 2.879889e-11 5.619328e-12 2.738040e-12]
At round 17 optimal eta: 0.3295074230942206
At round 17 optimal freqs: [6.096770e+07 1.227921e+08 8.198606e+07 2.504234e+08 1.276583e+08 1.462982e+08 1.709962e+08 6.602396e+07 1.003155e+08 1.251087e+08]
At round 17 optimal decs: [0 0 0 0 0 0 0 0 0 0]
At round 17 optimal powers: [0.000114 0.001207 0.000223 0.00444  0.001227 0.00141  0.001478 0.000133 0.00062  0.001305]
At round 17 t_co: [0.286424 0.318141 0.208072 0.161769 0.305932 0.243073 0.179207 0.309582 0.332288 0.326094]
At round 17 e_co: [3.272672e-05 3.839638e-04 4.641703e-05 7.182781e-04 3.754274e-04 3.427815e-04 2.647984e-04 4.121906e-05 2.059410e-04 4.254426e-04]
At round 17 t_cp: [0.172766 0.095181 0.225271 0.290396 0.127722 0.2012   0.283523 0.194502 0.115069 0.087652]
At round 17 e_cp: [3.915238e-06 1.762226e-05 1.241440e-05 4.560538e-04 2.657128e-05 6.300048e-05 1.417581e-04 5.597949e-06 1.161613e-05 1.716424e-05]
At round 17 average t_co: 0.3322881641075244 average t_cp: 0.2903964940576168 t: 0.5040838549209271
At round 17 average e_co: 0.0028369956483852068 average e_cp: 0.0007557138180846953 e: 0.003592709466469902
At round 17 a_n: 21.586735246819178
At round 17 local rounds: 14.42898313935703
At round 17 global rounds: 32.1953381593554
At round 17 tau: 6.808952423677176
At round 17 accuracy: 0.8441860465116279
At round 17 training accuracy: 0.8497624703087886
At round 17 training loss: 0.24968815547423712
At round 17 test loss: 0.4444774598720693
gradient difference: 0.6162378191947937
ground = 18 remain_eps = 0.07725775655011866	remain_tau = 6.304868568756248
update_location
xs = [-223.997143  343.997143 -328.997143 -279.164426 -129.164426  -29.164426  329.164426 -123.997143  429.164426  368.997143]
ys = [-243.997143  298.997143 -343.997143  419.574565  349.574565  299.574565   95.425435 -143.997143   45.425435  328.997143]
dists_uav = [636.448683 192.290732 779.699144 528.610021 367.612278 262.389873 205.431914 497.461625 304.946902 224.589429]
uav_gains = [7.209203e-13 5.456217e-11 4.488097e-13 1.124819e-12 3.211753e-12 1.760402e-11 4.569568e-11 1.308324e-12 7.642000e-12 3.460508e-11]
dists_bs = [340.164935 869.902563 364.109889 961.01517  859.337181 800.106273 680.353341 376.979211 694.025223 907.411238]
bs_gains = [3.731155e-11 3.099013e-12 3.115692e-11 2.380046e-12 3.201010e-12 3.867935e-12 5.943935e-12 2.841708e-11 5.638663e-12 2.771019e-12]
At round 18 optimal eta: 0.3295074230942206
At round 18 optimal freqs: [6.096770e+07 1.227921e+08 8.198606e+07 2.504234e+08 1.276583e+08 1.462982e+08 1.709962e+08 6.602396e+07 1.003155e+08 1.251087e+08]
At round 18 optimal decs: [0 0 0 0 0 0 0 0 0 0]
At round 18 optimal powers: [0.000114 0.001207 0.000223 0.00444  0.001227 0.00141  0.001478 0.000133 0.00062  0.001305]
At round 18 t_co: [0.286844 0.315255 0.206645 0.161012 0.3042   0.241932 0.179127 0.312609 0.331441 0.323224]
At round 18 e_co: [3.277469e-05 3.804817e-04 4.609859e-05 7.149172e-04 3.733011e-04 3.411722e-04 2.646791e-04 4.162213e-05 2.054162e-04 4.216986e-04]
At round 18 t_cp: [0.172766 0.095181 0.225271 0.290396 0.127722 0.2012   0.283523 0.194502 0.115069 0.087652]
At round 18 e_cp: [3.915238e-06 1.762226e-05 1.241440e-05 4.560538e-04 2.657128e-05 6.300048e-05 1.417581e-04 5.597949e-06 1.161613e-05 1.716424e-05]
At round 18 average t_co: 0.3314413513469173 average t_cp: 0.2903964940576168 t: 0.5071112054664604
At round 18 average e_co: 0.002822161475573675 average e_cp: 0.0007557138180846953 e: 0.003577875293658371
At round 18 a_n: 21.586735246819178
At round 18 local rounds: 14.42898313935703
At round 18 global rounds: 32.1953381593554
At round 18 tau: 6.304868568756248
At round 18 accuracy: 0.8441860465116279
At round 18 training accuracy: 0.8521377672209026
At round 18 training loss: 0.2449428580350354
At round 18 test loss: 0.44964126113932146
gradient difference: 0.6534744501113892
ground = 19 remain_eps = 0.09836209373315595	remain_tau = 5.797757363289788
update_location
xs = [-220.885873  340.885873 -325.885873 -275.229116 -125.229116  -25.229116  325.229116 -120.885873  425.229116  365.885873]
ys = [-240.885873  295.885873 -340.885873  417.606485  347.606485  297.606485   97.393515 -140.885873   47.393515  325.885873]
dists_uav = [632.108144 188.699483 775.337935 524.300521 363.397019 258.361997 201.778794 493.159565 300.867335 220.748592]
uav_gains = [7.326390e-13 5.723867e-11 4.546901e-13 1.147700e-12 3.356119e-12 1.906274e-11 4.803377e-11 1.337406e-12 8.230387e-12 3.669319e-11]
dists_bs = [340.485976 865.81609  362.655357 957.994117 856.807496 798.005397 680.185996 378.914701 693.151832 903.305014]
bs_gains = [3.721839e-11 3.137925e-12 3.148917e-11 2.399988e-12 3.226115e-12 3.894979e-12 5.947811e-12 2.803404e-11 5.657510e-12 2.804525e-12]
At round 19 optimal eta: 0.3295074230942206
At round 19 optimal freqs: [6.096770e+07 1.227921e+08 8.198606e+07 2.504234e+08 1.276583e+08 1.462982e+08 1.709962e+08 6.602396e+07 1.003155e+08 1.251087e+08]
At round 19 optimal decs: [0 0 0 0 0 0 0 0 0 0]
At round 19 optimal powers: [0.000114 0.001207 0.000223 0.00444  0.001227 0.00141  0.001478 0.000133 0.00062  0.001305]
At round 19 t_co: [0.287355 0.312393 0.20527  0.16026  0.302485 0.240805 0.179057 0.315727 0.330621 0.320376]
At round 19 e_co: [3.283302e-05 3.770269e-04 4.579187e-05 7.115811e-04 3.711967e-04 3.395830e-04 2.645771e-04 4.203724e-05 2.049079e-04 4.179828e-04]
At round 19 t_cp: [0.172766 0.095181 0.225271 0.290396 0.127722 0.2012   0.283523 0.194502 0.115069 0.087652]
At round 19 e_cp: [3.915238e-06 1.762226e-05 1.241440e-05 4.560538e-04 2.657128e-05 6.300048e-05 1.417581e-04 5.597949e-06 1.161613e-05 1.716424e-05]
At round 19 average t_co: 0.33062131046630044 average t_cp: 0.2903964940576168 t: 0.5102288907516339
At round 19 average e_co: 0.002807517608877912 average e_cp: 0.0007557138180846953 e: 0.0035632314269626064
At round 19 a_n: 21.586735246819178
At round 19 local rounds: 14.42898313935703
At round 19 global rounds: 32.1953381593554
At round 19 tau: 5.797757363289788
At round 19 accuracy: 0.8441860465116279
At round 19 training accuracy: 0.8580760095011877
At round 19 training loss: 0.22857255711178173
At round 19 test loss: 0.42531618959486833
gradient difference: 0.4299565255641937
ground = 20 remain_eps = 0.12523145785748677	remain_tau = 5.287528472538154
update_location
xs = [-217.774603  337.774603 -322.774603 -271.293807 -121.293807  -21.293807  321.293807 -117.774603  421.293807  362.774603]
ys = [-237.774603  292.774603 -337.774603  415.638405  345.638405  295.638405   99.361595 -137.774603   49.361595  322.774603]
dists_uav = [627.768434 185.143145 770.977168 519.992536 359.18619  254.346451 198.15603  488.859249 296.796924 216.928999]
uav_gains = [7.446392e-13 6.002154e-11 4.606821e-13 1.171309e-12 3.512704e-12 2.061020e-11 5.044265e-11 1.367538e-12 8.879867e-12 3.883230e-11]
dists_bs = [340.863516 861.732705 361.248562 954.983779 854.292983 795.923299 680.04708  380.891186 692.305303 899.201568]
bs_gains = [3.710925e-11 3.177483e-12 3.181517e-11 2.420088e-12 3.251340e-12 3.922038e-12 5.951031e-12 2.765019e-11 5.675861e-12 2.838568e-12]
At round 20 optimal eta: 0.3295074230942206
At round 20 optimal freqs: [6.096770e+07 1.227921e+08 8.198606e+07 2.504234e+08 1.276583e+08 1.462982e+08 1.709962e+08 6.602396e+07 1.003155e+08 1.251087e+08]
At round 20 optimal decs: [0 0 0 0 0 0 0 0 0 0]
At round 20 optimal powers: [0.000114 0.001207 0.000223 0.00444  0.001227 0.00141  0.001478 0.000133 0.00062  0.001305]
At round 20 t_co: [0.287956 0.309553 0.203947 0.159515 0.300788 0.239692 0.179    0.318936 0.329828 0.31755 ]
At round 20 e_co: [3.290172e-05 3.735991e-04 4.549681e-05 7.082699e-04 3.691141e-04 3.380139e-04 2.644924e-04 4.246445e-05 2.044162e-04 4.142949e-04]
At round 20 t_cp: [0.172766 0.095181 0.225271 0.290396 0.127722 0.2012   0.283523 0.194502 0.115069 0.087652]
At round 20 e_cp: [3.915238e-06 1.762226e-05 1.241440e-05 4.560538e-04 2.657128e-05 6.300048e-05 1.417581e-04 5.597949e-06 1.161613e-05 1.716424e-05]
At round 20 average t_co: 0.3298279902996172 average t_cp: 0.2903964940576168 t: 0.513437531974321
At round 20 average e_co: 0.0027930636287923044 average e_cp: 0.0007557138180846953 e: 0.003548777446877
At round 20 a_n: 21.586735246819178
At round 20 local rounds: 14.42898313935703
At round 20 global rounds: 32.1953381593554
At round 20 tau: 5.287528472538154
At round 20 accuracy: 0.8488372093023255
At round 20 training accuracy: 0.8586698337292161
At round 20 training loss: 0.23011876245251228
At round 20 test loss: 0.4293671548110731
gradient difference: 0.5193690061569214
ground = 21 remain_eps = 0.15944066908190546	remain_tau = 4.774090940563833
update_location
xs = [-214.663333  334.663333 -319.663333 -267.358497 -117.358497  -17.358497  317.358497 -114.663333  417.358497  359.663333]
ys = [-234.663333  289.663333 -334.663333  413.670326  343.670326  293.670326  101.329674 -134.663333   51.329674  319.663333]
dists_uav = [623.429568 181.623769 766.616849 515.686106 354.97995  250.34383  194.565318 484.560722 292.73605  213.13179 ]
uav_gains = [7.569304e-13 6.292042e-11 4.667887e-13 1.195684e-12 3.682948e-12 2.224232e-11 5.292983e-11 1.398779e-12 9.595711e-12 4.102448e-11]
dists_bs = [341.297368 857.652451 359.890067 951.984259 851.793775 793.860128 679.93661  382.908031 691.485737 895.10094 ]
bs_gains = [3.698437e-11 3.217700e-12 3.213442e-11 2.440347e-12 3.276681e-12 3.949108e-12 5.953594e-12 2.726592e-11 5.693705e-12 2.873159e-12]
At round 21 optimal eta: 0.3295074230942206
At round 21 optimal freqs: [6.096770e+07 1.227921e+08 8.198606e+07 2.504234e+08 1.276583e+08 1.462982e+08 1.709962e+08 6.602396e+07 1.003155e+08 1.251087e+08]
At round 21 optimal decs: [0 0 0 0 0 0 0 0 0 0]
At round 21 optimal powers: [0.000114 0.001207 0.000223 0.00444  0.001227 0.00141  0.001478 0.000133 0.00062  0.001305]
At round 21 t_co: [0.288648 0.306735 0.202677 0.158775 0.299108 0.238594 0.178955 0.322236 0.329061 0.314744]
At round 21 e_co: [3.298081e-05 3.701984e-04 4.521337e-05 7.049834e-04 3.670533e-04 3.364649e-04 2.644251e-04 4.290386e-05 2.039411e-04 4.106348e-04]
At round 21 t_cp: [0.172766 0.095181 0.225271 0.290396 0.127722 0.2012   0.283523 0.194502 0.115069 0.087652]
At round 21 e_cp: [3.915238e-06 1.762226e-05 1.241440e-05 4.560538e-04 2.657128e-05 6.300048e-05 1.417581e-04 5.597949e-06 1.161613e-05 1.716424e-05]
At round 21 average t_co: 0.3290613412485196 average t_cp: 0.2903964940576168 t: 0.5167377631879738
At round 21 average e_co: 0.0027787991248124653 average e_cp: 0.0007557138180846953 e: 0.0035345129428971606
At round 21 a_n: 21.586735246819178
At round 21 local rounds: 14.42898313935703
At round 21 global rounds: 32.1953381593554
At round 21 tau: 4.774090940563833
At round 21 accuracy: 0.8488372093023255
At round 21 training accuracy: 0.8610451306413301
At round 21 training loss: 0.21626232144963337
At round 21 test loss: 0.4148251685938767
gradient difference: 0.41137176752090454
ground = 22 remain_eps = 0.20299473784147049	remain_tau = 4.257353177375859
update_location
xs = [-211.552064  331.552064 -316.552064 -263.423187 -113.423187  -13.423187  313.423187 -111.552064  413.423187  356.552064]
ys = [-231.552064  286.552064 -331.552064  411.702246  341.702246  291.702246  103.297754 -131.552064   53.297754  316.552064]
dists_uav = [619.091566 178.143545 762.256986 511.381268 350.778464 246.354762 191.008465 480.264033 288.685115 209.358185]
uav_gains = [7.695221e-13 6.594504e-11 4.730126e-13 1.220859e-12 3.868478e-12 2.395405e-11 5.550334e-11 1.431193e-12 1.038309e-11 4.327341e-11]
dists_bs = [341.787317 853.575374 358.580418 948.995659 849.310008 791.816032 679.854598 384.964602 690.693229 891.003169]
bs_gains = [3.684404e-11 3.258589e-12 3.244637e-11 2.460766e-12 3.302136e-12 3.976181e-12 5.955497e-12 2.688162e-11 5.711034e-12 2.908309e-12]
At round 22 optimal eta: 0.3295074230942206
At round 22 optimal freqs: [6.096770e+07 1.227921e+08 8.198606e+07 2.504234e+08 1.276583e+08 1.462982e+08 1.709962e+08 6.602396e+07 1.003155e+08 1.251087e+08]
At round 22 optimal decs: [0 0 0 0 0 0 0 0 0 0]
At round 22 optimal powers: [0.000114 0.001207 0.000223 0.00444  0.001227 0.00141  0.001478 0.000133 0.00062  0.001305]
At round 22 t_co: [0.289431 0.303939 0.201458 0.15804  0.297447 0.23751  0.178921 0.325628 0.328321 0.31196 ]
At round 22 e_co: [3.307031e-05 3.668244e-04 4.494149e-05 7.017217e-04 3.650142e-04 3.349359e-04 2.643751e-04 4.335554e-05 2.034825e-04 4.070026e-04]
At round 22 t_cp: [0.172766 0.095181 0.225271 0.290396 0.127722 0.2012   0.283523 0.194502 0.115069 0.087652]
At round 22 e_cp: [3.915238e-06 1.762226e-05 1.241440e-05 4.560538e-04 2.657128e-05 6.300048e-05 1.417581e-04 5.597949e-06 1.161613e-05 1.716424e-05]
At round 22 average t_co: 0.3283213152890301 average t_cp: 0.2903964940576168 t: 0.5201302310056548
At round 22 average e_co: 0.0027647236954189774 average e_cp: 0.0007557138180846953 e: 0.0035204375135036727
At round 22 a_n: 21.586735246819178
At round 22 local rounds: 14.42898313935703
At round 22 global rounds: 32.1953381593554
At round 22 tau: 4.257353177375859
At round 22 accuracy: 0.8511627906976744
At round 22 training accuracy: 0.8610451306413301
At round 22 training loss: 0.21768559688143282
At round 22 test loss: 0.41531098647830034
gradient difference: 0.5396932363510132
ground = 23 remain_eps = 0.2584463790111114	remain_tau = 3.7372229463702045
update_location
xs = [-208.440794  328.440794 -313.440794 -259.487878 -109.487878   -9.487878  309.487878 -108.440794  409.487878  353.440794]
ys = [-228.440794  283.440794 -328.440794  409.734166  339.734166  289.734166  105.265834 -128.440794   55.265834  313.440794]
dists_uav = [614.754445 174.704813 757.897587 507.078065 346.581905 242.379918 187.487398 475.969232 284.644544 205.609482]
uav_gains = [7.824247e-13 6.910499e-11 4.793568e-13 1.246876e-12 4.071131e-12 2.573981e-11 5.817159e-11 1.464849e-12 1.124691e-11 4.558418e-11]
dists_bs = [342.333123 849.50152  357.320154 946.018082 846.841818 789.791158 679.801056 387.060266 689.927872 886.908293]
bs_gains = [3.668858e-11 3.300164e-12 3.275051e-11 2.481344e-12 3.327702e-12 4.003253e-12 5.956740e-12 2.649764e-11 5.727838e-12 2.944028e-12]
At round 23 optimal eta: 0.3295074230942206
At round 23 optimal freqs: [6.096770e+07 1.227921e+08 8.198606e+07 2.504234e+08 1.276583e+08 1.462982e+08 1.709962e+08 6.602396e+07 1.003155e+08 1.251087e+08]
At round 23 optimal decs: [0 0 0 0 0 0 0 0 0 0]
At round 23 optimal powers: [0.000114 0.001207 0.000223 0.00444  0.001227 0.00141  0.001478 0.000133 0.00062  0.001305]
At round 23 t_co: [0.290306 0.301166 0.200291 0.157311 0.295803 0.23644  0.178899 0.329114 0.327608 0.309197]
At round 23 e_co: [3.317023e-05 3.634773e-04 4.468115e-05 6.984846e-04 3.629967e-04 3.334267e-04 2.643425e-04 4.381960e-05 2.030403e-04 4.033979e-04]
At round 23 t_cp: [0.172766 0.095181 0.225271 0.290396 0.127722 0.2012   0.283523 0.194502 0.115069 0.087652]
At round 23 e_cp: [3.915238e-06 1.762226e-05 1.241440e-05 4.560538e-04 2.657128e-05 6.300048e-05 1.417581e-04 5.597949e-06 1.161613e-05 1.716424e-05]
At round 23 average t_co: 0.32911356491741656 average t_cp: 0.2903964940576168 t: 0.5236155942988272
At round 23 average e_co: 0.002750836948058071 average e_cp: 0.0007557138180846953 e: 0.0035065507661427658
At round 23 a_n: 21.586735246819178
At round 23 local rounds: 14.42898313935703
At round 23 global rounds: 32.1953381593554
At round 23 tau: 3.7372229463702045
At round 23 accuracy: 0.8558139534883721
At round 23 training accuracy: 0.8652019002375297
At round 23 training loss: 0.20788548818493732
At round 23 test loss: 0.4234581974692383
gradient difference: 0.5087482929229736
ground = 24 remain_eps = 0.32904562716358926	remain_tau = 3.213607352071377
update_location
xs = [-205.329524  325.329524 -310.329524 -255.552568 -105.552568   -5.552568  305.552568 -105.329524  405.552568  350.329524]
ys = [-225.329524  280.329524 -325.329524  407.766086  337.766086  287.766086  107.233914 -125.329524   57.233914  310.329524]
dists_uav = [610.418224 171.310073 753.53866  502.776536 342.390454 238.420009 184.004171 471.67637  280.614784 201.887069]
uav_gains = [7.956487e-13 7.240964e-11 4.858246e-13 1.273778e-12 4.292985e-12 2.759388e-11 6.094315e-11 1.499822e-12 1.219161e-11 4.796321e-11]
dists_bs = [342.934518 845.430934 356.109799 943.051633 844.389342 787.785655 679.775991 389.194391 689.189756 882.816353]
bs_gains = [3.651833e-11 3.342439e-12 3.304632e-11 2.502082e-12 3.353376e-12 4.030317e-12 5.957323e-12 2.611434e-11 5.744109e-12 2.980328e-12]
At round 24 optimal eta: 0.3295074230942206
At round 24 optimal freqs: [6.096770e+07 1.227921e+08 8.198606e+07 2.504234e+08 1.276583e+08 1.462982e+08 1.709962e+08 6.602396e+07 1.003155e+08 1.251087e+08]
At round 24 optimal decs: [0 0 0 0 0 0 0 0 0 0]
At round 24 optimal powers: [0.000114 0.001207 0.000223 0.00444  0.001227 0.00141  0.001478 0.000133 0.00062  0.001305]
At round 24 t_co: [0.291272 0.298415 0.199175 0.156587 0.294176 0.235383 0.178888 0.332692 0.326921 0.306455]
At round 24 e_co: [3.328060e-05 3.601567e-04 4.443228e-05 6.952720e-04 3.610007e-04 3.319375e-04 2.643273e-04 4.429611e-05 2.026146e-04 3.998208e-04]
At round 24 t_cp: [0.172766 0.095181 0.225271 0.290396 0.127722 0.2012   0.283523 0.194502 0.115069 0.087652]
At round 24 e_cp: [3.915238e-06 1.762226e-05 1.241440e-05 4.560538e-04 2.657128e-05 6.300048e-05 1.417581e-04 5.597949e-06 1.161613e-05 1.716424e-05]
At round 24 average t_co: 0.3326924945100628 average t_cp: 0.2903964940576168 t: 0.5271945238914735
At round 24 average e_co: 0.0027371384991193267 average e_cp: 0.0007557138180846953 e: 0.003492852317204021
At round 24 a_n: 21.586735246819178
At round 24 local rounds: 14.42898313935703
At round 24 global rounds: 32.1953381593554
At round 24 tau: 3.213607352071377
At round 24 accuracy: 0.8558139534883721
At round 24 training accuracy: 0.8669833729216152
At round 24 training loss: 0.19250534816614853
At round 24 test loss: 0.47465409079364457
gradient difference: 0.47903889417648315
ground = 25 remain_eps = 0.4189303219095396	remain_tau = 2.6864128281799036
update_location
xs = [-202.218254  322.218254 -307.218254 -251.617258 -101.617258   -1.617258  301.617258 -102.218254  401.617258  347.218254]
ys = [-222.218254  277.218254 -322.218254  405.798007  335.798007  285.798007  109.201993 -122.218254   59.201993  307.218254]
dists_uav = [606.082922 167.96199  749.180214 498.476727 338.204301 234.475791 180.560974 467.385501 276.596308 198.192427]
uav_gains = [8.092053e-13 7.586796e-11 4.924190e-13 1.301611e-12 4.536376e-12 2.951088e-11 6.382664e-11 1.536193e-12 1.322094e-11 5.041797e-11]
dists_bs = [343.591212 841.363666 354.949862 940.096417 841.952716 785.799671 679.779405 391.366349 688.47897  878.72739 ]
bs_gains = [3.633366e-11 3.385428e-12 3.333327e-11 2.522979e-12 3.379155e-12 4.057366e-12 5.957243e-12 2.573205e-11 5.759838e-12 3.017220e-12]
At round 25 optimal eta: 0.3295074230942206
At round 25 optimal freqs: [6.096770e+07 1.227921e+08 8.198606e+07 2.504234e+08 1.276583e+08 1.462982e+08 1.709962e+08 6.602396e+07 1.003155e+08 1.251087e+08]
At round 25 optimal decs: [0 0 0 0 0 0 0 0 0 0]
At round 25 optimal powers: [0.000114 0.001207 0.000223 0.00444  0.001227 0.00141  0.001478 0.000133 0.00062  0.001305]
At round 25 t_co: [0.29233  0.295685 0.198111 0.155869 0.292567 0.234341 0.17889  0.336366 0.326261 0.303735]
At round 25 e_co: [3.340146e-05 3.568627e-04 4.419486e-05 6.920839e-04 3.590262e-04 3.304680e-04 2.643293e-04 4.478518e-05 2.022052e-04 3.962711e-04]
At round 25 t_cp: [0.172766 0.095181 0.225271 0.290396 0.127722 0.2012   0.283523 0.194502 0.115069 0.087652]
At round 25 e_cp: [3.915238e-06 1.762226e-05 1.241440e-05 4.560538e-04 2.657128e-05 6.300048e-05 1.417581e-04 5.597949e-06 1.161613e-05 1.716424e-05]
At round 25 average t_co: 0.33636567286870594 average t_cp: 0.2903964940576168 t: 0.5308677022501167
At round 25 average e_co: 0.002723627973910535 average e_cp: 0.0007557138180846953 e: 0.0034793417919952293
At round 25 a_n: 21.586735246819178
At round 25 local rounds: 14.42898313935703
At round 25 global rounds: 32.1953381593554
At round 25 tau: 2.6864128281799036
At round 25 accuracy: 0.858139534883721
At round 25 training accuracy: 0.8628266033254157
At round 25 training loss: 0.20094761578963444
At round 25 test loss: 0.40196369163031637
gradient difference: 0.5524284243583679
ground = 26 remain_eps = 0.5333686277130713	remain_tau = 2.1555451259297866
update_location
xs = [-199.106984  319.106984 -304.106984 -247.681949  -97.681949    2.318051  297.681949  -99.106984  397.681949  344.106984]
ys = [-219.106984  274.106984 -319.106984  403.829927  333.829927  283.829927  111.170073 -119.106984   61.170073  304.106984]
dists_uav = [601.748559 164.663413 744.822255 494.178681 334.023644 230.54807  177.160143 463.09668  272.589616 194.527139]
uav_gains = [8.231062e-13 7.948833e-11 4.991433e-13 1.330423e-12 4.803928e-12 3.148623e-11 6.683054e-11 1.574053e-12 1.433774e-11 5.295685e-11]
dists_bs = [344.302886 837.299761 353.840841 937.152541 839.532078 783.833355 679.811298 393.575512 687.795597 874.641446]
bs_gains = [3.613498e-11 3.429146e-12 3.361085e-11 2.544036e-12 3.405036e-12 4.084394e-12 5.956503e-12 2.535106e-11 5.775015e-12 3.054716e-12]
At round 26 optimal eta: 0.3295074230942206
At round 26 optimal freqs: [6.096770e+07 1.227921e+08 8.198606e+07 2.504234e+08 1.276583e+08 1.462982e+08 1.709962e+08 6.602396e+07 1.003155e+08 1.251087e+08]
At round 26 optimal decs: [0 0 0 0 0 0 0 0 0 0]
At round 26 optimal powers: [0.000114 0.001207 0.000223 0.00444  0.001227 0.00141  0.001478 0.000133 0.00062  0.001305]
At round 26 t_co: [0.293479 0.292978 0.197098 0.155157 0.290975 0.233313 0.178903 0.340134 0.325627 0.301035]
At round 26 e_co: [3.353282e-05 3.535951e-04 4.396883e-05 6.889203e-04 3.570730e-04 3.290183e-04 2.643488e-04 4.528688e-05 2.018123e-04 3.927487e-04]
At round 26 t_cp: [0.172766 0.095181 0.225271 0.290396 0.127722 0.2012   0.283523 0.194502 0.115069 0.087652]
At round 26 e_cp: [3.915238e-06 1.762226e-05 1.241440e-05 4.560538e-04 2.657128e-05 6.300048e-05 1.417581e-04 5.597949e-06 1.161613e-05 1.716424e-05]
At round 26 average t_co: 0.34013379378892483 average t_cp: 0.2903964940576168 t: 0.5346358231703355
At round 26 average e_co: 0.0027103050066298604 average e_cp: 0.0007557138180846953 e: 0.0034660188247145557
At round 26 a_n: 21.586735246819178
At round 26 local rounds: 14.42898313935703
At round 26 global rounds: 32.1953381593554
At round 26 tau: 2.1555451259297866
At round 26 accuracy: 0.8604651162790697
At round 26 training accuracy: 0.8669833729216152
At round 26 training loss: 0.19113746876839433
At round 26 test loss: 0.40419393905200235
gradient difference: 0.5183124542236328
ground = 27 remain_eps = 0.6790678023300342	remain_tau = 1.620909302759451
update_location
xs = [-195.995714  315.995714 -300.995714 -243.746639  -93.746639    6.253361  293.746639  -95.995714  393.746639  340.995714]
ys = [-215.995714  270.995714 -315.995714  401.861847  331.861847  281.861847  113.138153 -115.995714   63.138153  300.995714]
dists_uav = [597.415156 161.417374 740.464794 489.882446 329.848694 226.637703 173.804162 458.809964 268.595233 190.892895]
uav_gains = [8.373636e-13 8.327839e-11 5.060010e-13 1.360270e-12 5.098579e-12 3.351652e-11 6.996304e-11 1.613498e-12 1.554376e-11 5.558894e-11]
dists_bs = [345.069202 833.239271 352.783216 934.220111 837.127568 781.886854 679.871666 395.821258 687.13972  870.558563]
bs_gains = [3.592271e-11 3.473608e-12 3.387853e-11 2.565253e-12 3.431016e-12 4.111395e-12 5.955101e-12 2.497169e-11 5.789635e-12 3.092829e-12]
At round 27 optimal eta: 0.3295074230942206
At round 27 optimal freqs: [6.096770e+07 1.227921e+08 8.198606e+07 2.504234e+08 1.276583e+08 1.462982e+08 1.709962e+08 6.602396e+07 1.003155e+08 1.251087e+08]
At round 27 optimal decs: [0 0 0 0 0 0 0 0 0 0]
At round 27 optimal powers: [0.000114 0.001207 0.000223 0.00444  0.001227 0.00141  0.001478 0.000133 0.00062  0.001305]
At round 27 t_co: [0.294721 0.290292 0.196135 0.15445  0.289401 0.232299 0.178928 0.343998 0.325019 0.298356]
At round 27 e_co: [3.367472e-05 3.503537e-04 4.375418e-05 6.857811e-04 3.551411e-04 3.275883e-04 2.643855e-04 4.580132e-05 2.014358e-04 3.892535e-04]
At round 27 t_cp: [0.172766 0.095181 0.225271 0.290396 0.127722 0.2012   0.283523 0.194502 0.115069 0.087652]
At round 27 e_cp: [3.915238e-06 1.762226e-05 1.241440e-05 4.560538e-04 2.657128e-05 6.300048e-05 1.417581e-04 5.597949e-06 1.161613e-05 1.716424e-05]
At round 27 average t_co: 0.34399756207894117 average t_cp: 0.2903964940576168 t: 0.5384995914603519
At round 27 average e_co: 0.0026971692403354314 average e_cp: 0.0007557138180846953 e: 0.0034528830584201263
At round 27 a_n: 21.586735246819178
At round 27 local rounds: 14.42898313935703
At round 27 global rounds: 32.1953381593554
At round 27 tau: 1.620909302759451
At round 27 accuracy: 0.8604651162790697
At round 27 training accuracy: 0.8652019002375297
At round 27 training loss: 0.18850366619584444
At round 27 test loss: 0.39715220932271184
gradient difference: 0.5827654600143433
ground = 28 remain_eps = 0.864567310864432	remain_tau = 1.0824097112990991
update_location
xs = [-192.884445  312.884445 -297.884445 -239.811329  -89.811329   10.188671  289.811329  -92.884445  389.811329  337.884445]
ys = [-212.884445  267.884445 -312.884445  399.893767  329.893767  279.893767  115.106233 -112.884445   65.106233  297.884445]
dists_uav = [593.082734 158.227108 736.10784  485.588069 325.679669 222.745604 170.495681 454.525413 264.613718 187.291502]
uav_gains = [8.519902e-13 8.724479e-11 5.129957e-13 1.391207e-12 5.423604e-12 3.559979e-11 7.323190e-11 1.654635e-12 1.683948e-11 5.832384e-11]
dists_bs = [345.889796 829.182245 351.777449 931.299236 834.739325 779.960318 679.960502 398.102968 686.511418 866.478785]
bs_gains = [3.569731e-11 3.518828e-12 3.413582e-11 2.586628e-12 3.457090e-12 4.138361e-12 5.953040e-12 2.459420e-11 5.803687e-12 3.131569e-12]
At round 28 optimal eta: 0.3295074230942206
At round 28 optimal freqs: [6.096770e+07 1.227921e+08 8.198606e+07 2.504234e+08 1.276583e+08 1.462982e+08 1.709962e+08 6.602396e+07 1.003155e+08 1.251087e+08]
At round 28 optimal decs: [0 0 0 0 0 0 0 0 0 0]
At round 28 optimal powers: [0.000114 0.001207 0.000223 0.00444  0.001227 0.00141  0.001478 0.000133 0.00062  0.001305]
At round 28 t_co: [0.296056 0.287628 0.195224 0.153748 0.287844 0.231299 0.178964 0.347958 0.324438 0.295698]
At round 28 e_co: [3.382719e-05 3.471386e-04 4.355085e-05 6.826662e-04 3.532305e-04 3.261779e-04 2.644396e-04 4.632859e-05 2.010756e-04 3.857853e-04]
At round 28 t_cp: [0.172766 0.095181 0.225271 0.290396 0.127722 0.2012   0.283523 0.194502 0.115069 0.087652]
At round 28 e_cp: [3.915238e-06 1.762226e-05 1.241440e-05 4.560538e-04 2.657128e-05 6.300048e-05 1.417581e-04 5.597949e-06 1.161613e-05 1.716424e-05]
At round 28 average t_co: 0.3479576932408703 average t_cp: 0.2903964940576168 t: 0.5424597226222809
At round 28 average e_co: 0.002684220326912531 average e_cp: 0.0007557138180846953 e: 0.0034399341449972264
At round 28 a_n: 21.586735246819178
At round 28 local rounds: 14.42898313935703
At round 28 global rounds: 32.1953381593554
At round 28 tau: 1.0824097112990991
At round 28 accuracy: 0.8604651162790697
At round 28 training accuracy: 0.8693586698337292
At round 28 training loss: 0.17896452065046967
At round 28 test loss: 0.4088512923597365
gradient difference: 0.46824759244918823
ground = 29 remain_eps = 1.1007393259562521	remain_tau = 0.5399499886768182
update_location
xs = [-189.773175  309.773175 -294.773175 -235.87602   -85.87602    14.12398   285.87602   -89.773175  385.87602   334.773175]
ys = [-209.773175  264.773175 -309.773175  397.925688  327.925688  277.925688  117.074312 -109.773175   67.074312  294.773175]
dists_uav = [588.751314 155.096058 731.7514   481.2956   321.5168   218.872748 167.23752  450.243089 260.645661 183.724893]
uav_gains = [8.669996e-13 9.139295e-11 5.201308e-13 1.423299e-12 5.782630e-12 3.773574e-11 7.664425e-11 1.697580e-12 1.822406e-11 6.117150e-11]
dists_bs = [346.764283 825.128735 350.823987 928.390024 832.367488 778.053894 680.077794 400.420027 685.910765 862.402155]
bs_gains = [3.545925e-11 3.564823e-12 3.438222e-11 2.608163e-12 3.483257e-12 4.165287e-12 5.950319e-12 2.421886e-11 5.817165e-12 3.170951e-12]
Model saved in /Volumes/Research/code/fedcom-torch/models/mnist/s1
